[2017-01-21 14:37:18.572] [TRACE] UC头条 - DealWith instantiation ...
[2017-01-21 14:37:18.572] [TRACE] UC头条 - spiderCore instantiation ...
[2017-01-21 14:37:18.572] [TRACE] UC头条 - 启动函数
[2017-01-21 14:37:18.603] [DEBUG] UC头条 - 任务信息数据库连接建立...成功
[2017-01-21 14:37:18.603] [DEBUG] UC头条 - 缓存队列数据库连接建立...成功
[2017-01-21 14:37:18.603] [DEBUG] UC头条 - 创建数据库连接完毕
[2017-01-21 14:37:19.035] [DEBUG] UC头条 - { bid: '41ad6b83918746c2ad1a4afbab13e1cd',
  author: '陈翔六点半',
  platform: 26,
  aid: '1419391116865884065',
  title: '【陈翔六点半】春节无对象, 套路正能量!',
  play_num: 4751,
  comment_num: 17,
  support: 46,
  v_img: 'http://image.uc.cn/s/wemedia/s/upload/2017/1701201917c5e083b6c3f29c3377e2a842d8247533x1500x1000x120.jpeg',
  class: '搞笑',
  v_url: 'http://v.ums.uc.cn/video/v_1b38b6d2f217d029.html',
  a_create_time: 1484911081,
  tag: '陈翔六点半,正能量',
  desc: '母子心连心，套路大比拼！',
  long_t: 274 }
[2017-01-21 14:37:19.119] [DEBUG] UC头条 - uc头条 1419391116865884065 加入缓存队列
[2017-01-21 14:37:19.288] [DEBUG] UC头条 - { bid: '41ad6b83918746c2ad1a4afbab13e1cd',
  author: '陈翔六点半',
  platform: 26,
  aid: '9652464886781933831',
  title: '【陈翔六点半】草原衰男寻妻记!',
  play_num: 83933,
  comment_num: 12,
  support: 84,
  v_img: 'http://image.uc.cn/s/wemedia/s/upload/2017/1701191834f65c55da3768b68bf9412effb5f65c4dx1500x1000x105.jpeg',
  class: '搞笑',
  v_url: 'http://v.ums.uc.cn/video/v_656299abefbbe6de.html',
  a_create_time: 1484822088,
  tag: '陈翔六点半',
  desc: '众里寻妻千百度，真相却在保密处！',
  long_t: 92 }
[2017-01-21 14:37:19.303] [DEBUG] UC头条 - uc头条 9652464886781933831 加入缓存队列
[2017-01-21 14:37:19.563] [DEBUG] UC头条 - { bid: '41ad6b83918746c2ad1a4afbab13e1cd',
  author: '陈翔六点半',
  platform: 26,
  aid: '4506281830868166131',
  title: '【陈翔六点半】朋友再见, 友谊的小船我一个人也能划!',
  play_num: 230975,
  comment_num: 29,
  support: 81,
  v_img: 'http://image.uc.cn/s/wemedia/s/upload/2017/1701181825e0afbdb9097519b07a816182c564750ex1500x1000x102.jpeg',
  class: '搞笑',
  v_url: 'http://v.ums.uc.cn/video/v_47507a404ccf3ef2.html',
  a_create_time: 1484735410,
  tag: '陈翔六点半',
  desc: '没有对比的错，就没有棍棒的痛！',
  long_t: 74 }
[2017-01-21 14:37:19.578] [DEBUG] UC头条 - uc头条 4506281830868166131 加入缓存队列
[2017-01-21 14:37:19.803] [DEBUG] UC头条 - { bid: '41ad6b83918746c2ad1a4afbab13e1cd',
  author: '陈翔六点半',
  platform: 26,
  aid: '14283054777881469188',
  title: '【陈翔六点半】被玷污的婚姻幸福论!',
  play_num: 36432,
  comment_num: 32,
  support: 73,
  v_img: 'http://image.uc.cn/s/wemedia/s/upload/2017/170117182823f03c5cf1d75a747052938d3852ec07x720x405x26.jpeg',
  class: '搞笑',
  v_url: 'http://v.ums.uc.cn/video/v_4a68c3c521dadadd.html',
  a_create_time: 1484649010,
  tag: '',
  desc: '同床异梦各不知，绝情总在富贵时！',
  long_t: 250 }
[2017-01-21 14:37:19.818] [DEBUG] UC头条 - uc头条 14283054777881469188 加入缓存队列
[2017-01-21 14:37:20.072] [DEBUG] UC头条 - { bid: '41ad6b83918746c2ad1a4afbab13e1cd',
  author: '陈翔六点半',
  platform: 26,
  aid: '18041675624387050011',
  title: '【陈翔六点半】吃货有欲望, 怂货爱遭殃!',
  play_num: 339913,
  comment_num: 32,
  support: 53,
  v_img: 'http://image.uc.cn/s/wemedia/s/upload/2017/170116190439249a744498c844dd024027a980bc1ax720x405x66.jpeg',
  class: '搞笑',
  v_url: 'http://v.ums.uc.cn/video/v_bf756ec6bff212cd.html',
  a_create_time: 1484564681,
  tag: '陈翔六点半,吃货',
  desc: '爱上一个吃货，可我兜里没有零钱！',
  long_t: 64 }
[2017-01-21 14:37:20.072] [DEBUG] UC头条 - uc头条 18041675624387050011 加入缓存队列
[2017-01-21 14:37:20.387] [DEBUG] UC头条 - { bid: '41ad6b83918746c2ad1a4afbab13e1cd',
  author: '陈翔六点半',
  platform: 26,
  aid: '14927292853365495058',
  title: '【陈翔六点半】辣条与汽水最配的青春!',
  play_num: 219337,
  comment_num: 32,
  support: 85,
  v_img: 'http://image.uc.cn/s/wemedia/s/upload/2017/170115182657179fbbb69f2c022e28f8a0c5f26aecx720x405x85.jpeg',
  class: '搞笑',
  v_url: 'http://v.ums.uc.cn/video/v_8f709b951fe75d8f.html',
  a_create_time: 1484476900,
  tag: '陈翔六点半',
  desc: '来呀，挥霍呀！反正有大把智商！',
  long_t: 114 }
[2017-01-21 14:37:20.387] [DEBUG] UC头条 - uc头条 14927292853365495058 加入缓存队列
