[2016-11-29 18:07:37.952] [TRACE] 微视 - DealWith instantiation ...
[2016-11-29 18:07:37.967] [TRACE] 微视 - spiderCore instantiation ...
[2016-11-29 18:07:37.967] [TRACE] 微视 - 启动函数
[2016-11-29 18:07:37.998] [DEBUG] 微视 - 任务信息数据库连接建立...成功
[2016-11-29 18:07:37.998] [DEBUG] 微视 - 缓存队列数据库连接建立...成功
[2016-11-29 18:07:37.998] [DEBUG] 微视 - 创建数据库连接完毕
[2016-11-29 18:07:37.998] [INFO] 微视 - { p: '16', id: '4020933', name: '飞碟说', type: '0' }
[2016-11-29 18:07:38.264] [ERROR] 微视 - occur error :  { Error: getaddrinfo ENOTFOUND staging.caihongip.com staging.caihongip.com:80
    at errnoException (dns.js:28:10)
    at GetAddrInfoReqWrap.onlookup [as oncomplete] (dns.js:79:26)
  code: 'ENOTFOUND',
  errno: 'ENOTFOUND',
  syscall: 'getaddrinfo',
  hostname: 'staging.caihongip.com',
  host: 'staging.caihongip.com',
  port: 80 }
[2016-11-29 18:07:59.296] [ERROR] 微视 - occur error :  { Error: connect ETIMEDOUT 100.98.39.12:80
    at Object.exports._errnoException (util.js:1007:11)
    at exports._exceptionWithHostPort (util.js:1030:20)
    at TCPConnectWrap.afterConnect [as oncomplete] (net.js:1080:14)
  code: 'ETIMEDOUT',
  errno: 'ETIMEDOUT',
  syscall: 'connect',
  address: '100.98.39.12',
  port: 80 }
[2016-11-29 18:07:59.296] [INFO] 微视 - 返回微视用户 4020933 连接服务器失败
[2016-11-29 18:07:59.311] [DEBUG] 微视 - 开始获取第1页视频列表
[2016-11-29 18:07:59.811] [DEBUG] 微视 - http://wsm.qq.com/weishi/t/other.php?v=p&reqnum=20&pageflag=2&uid=4020933&_=1480414079311
[2016-11-29 18:07:59.826] [DEBUG] 微视 - 开始获取第2页视频列表
[2016-11-29 18:07:59.842] [DEBUG] 微视 - 微视 2000566106377690 加入缓存队列
[2016-11-29 18:07:59.842] [DEBUG] 微视 - 微视 2002566105585830 加入缓存队列
[2016-11-29 18:07:59.842] [DEBUG] 微视 - 微视 2002066105090331 加入缓存队列
[2016-11-29 18:07:59.857] [DEBUG] 微视 - 微视 2001066104988521 加入缓存队列
[2016-11-29 18:08:00.294] [DEBUG] 微视 - http://wsm.qq.com/weishi/t/other.php?v=p&reqnum=20&pageflag=2&uid=4020933&lastid=2001066104988521&pagetime=1443450957&_=1480414079826
[2016-11-29 18:08:00.310] [DEBUG] 微视 - 开始获取第3页视频列表
[2016-11-29 18:08:00.310] [DEBUG] 微视 - 微视 2001566104052321 加入缓存队列
[2016-11-29 18:08:00.310] [DEBUG] 微视 - 微视 2000066099651194 加入缓存队列
[2016-11-29 18:08:00.325] [DEBUG] 微视 - 微视 2001066099785221 加入缓存队列
[2016-11-29 18:08:00.325] [DEBUG] 微视 - 微视 2001066098920352 加入缓存队列
[2016-11-29 18:08:00.325] [DEBUG] 微视 - 微视 2003066098807320 加入缓存队列
[2016-11-29 18:08:00.341] [DEBUG] 微视 - 微视 2002066097692545 加入缓存队列
[2016-11-29 18:08:00.341] [DEBUG] 微视 - 微视 2000066096948306 加入缓存队列
[2016-11-29 18:08:00.341] [DEBUG] 微视 - 微视 2003066097294263 加入缓存队列
[2016-11-29 18:08:00.341] [DEBUG] 微视 - 微视 2002566095833657 加入缓存队列
[2016-11-29 18:08:00.341] [DEBUG] 微视 - 微视 2001066096006441 加入缓存队列
[2016-11-29 18:08:00.341] [DEBUG] 微视 - 微视 2001066095999186 加入缓存队列
[2016-11-29 18:08:00.357] [DEBUG] 微视 - 微视 2003566093766656 加入缓存队列
[2016-11-29 18:08:00.357] [DEBUG] 微视 - 微视 2003066094162954 加入缓存队列
[2016-11-29 18:08:00.357] [DEBUG] 微视 - 微视 2002066093391208 加入缓存队列
[2016-11-29 18:08:00.357] [DEBUG] 微视 - 微视 2001566093854670 加入缓存队列
[2016-11-29 18:08:00.357] [DEBUG] 微视 - 微视 2003066089726354 加入缓存队列
[2016-11-29 18:08:00.357] [DEBUG] 微视 - 微视 2002066088906435 加入缓存队列
[2016-11-29 18:08:00.372] [DEBUG] 微视 - 微视 2000566089008836 加入缓存队列
[2016-11-29 18:08:00.372] [DEBUG] 微视 - 微视 2002066087730556 加入缓存队列
[2016-11-29 18:08:00.372] [DEBUG] 微视 - 微视 2003566087659687 加入缓存队列
