[2016-11-28 16:37:37.097] [TRACE] 秒拍 - DealWith instantiation ...
[2016-11-28 16:37:37.103] [TRACE] 秒拍 - spiderCore instantiation ...
[2016-11-28 16:37:37.105] [TRACE] 秒拍 - 启动函数
[2016-11-28 16:37:37.131] [DEBUG] 秒拍 - 任务信息数据库连接建立...成功
[2016-11-28 16:37:37.133] [DEBUG] 秒拍 - 缓存队列数据库连接建立...成功
[2016-11-28 16:37:37.135] [DEBUG] 秒拍 - 创建数据库连接完毕
[2016-11-28 16:37:37.137] [INFO] 秒拍 - { p: '7', id: '6FwITG9yw7HPkPSw', name: '糗事百科', type: '0' }
[2016-11-28 16:37:37.848] [ERROR] 秒拍 - occur error :  { Error: getaddrinfo ENOTFOUND staging.caihongip.com staging.caihongip.com:80
    at errnoException (dns.js:28:10)
    at GetAddrInfoReqWrap.onlookup [as oncomplete] (dns.js:79:26)
  code: 'ENOTFOUND',
  errno: 'ENOTFOUND',
  syscall: 'getaddrinfo',
  hostname: 'staging.caihongip.com',
  host: 'staging.caihongip.com',
  port: 80 }
[2016-11-28 16:37:58.851] [ERROR] 秒拍 - occur error :  { Error: connect ETIMEDOUT 100.98.39.12:80
    at Object.exports._errnoException (util.js:1007:11)
    at exports._exceptionWithHostPort (util.js:1030:20)
    at TCPConnectWrap.afterConnect [as oncomplete] (net.js:1080:14)
  code: 'ETIMEDOUT',
  errno: 'ETIMEDOUT',
  syscall: 'connect',
  address: '100.98.39.12',
  port: 80 }
[2016-11-28 16:37:58.857] [INFO] 秒拍 - 返回秒拍用户 6FwITG9yw7HPkPSw 连接服务器失败
[2016-11-28 17:48:51.090] [TRACE] 秒拍 - DealWith instantiation ...
[2016-11-28 17:48:51.097] [TRACE] 秒拍 - spiderCore instantiation ...
[2016-11-28 17:48:51.099] [TRACE] 秒拍 - 启动函数
[2016-11-28 17:48:51.127] [DEBUG] 秒拍 - 任务信息数据库连接建立...成功
[2016-11-28 17:48:51.129] [DEBUG] 秒拍 - 缓存队列数据库连接建立...成功
[2016-11-28 17:48:51.131] [DEBUG] 秒拍 - 创建数据库连接完毕
[2016-11-28 17:48:51.133] [INFO] 秒拍 - { p: '7', id: '6FwITG9yw7HPkPSw', name: '糗事百科', type: '0' }
[2016-11-28 17:49:11.948] [ERROR] 秒拍 - occur error :  { Error: getaddrinfo ENOTFOUND staging.caihongip.com staging.caihongip.com:80
    at errnoException (dns.js:28:10)
    at GetAddrInfoReqWrap.onlookup [as oncomplete] (dns.js:79:26)
  code: 'ENOTFOUND',
  errno: 'ENOTFOUND',
  syscall: 'getaddrinfo',
  hostname: 'staging.caihongip.com',
  host: 'staging.caihongip.com',
  port: 80 }
[2016-11-28 17:49:32.959] [ERROR] 秒拍 - occur error :  { Error: connect ETIMEDOUT 100.98.39.12:80
    at Object.exports._errnoException (util.js:1007:11)
    at exports._exceptionWithHostPort (util.js:1030:20)
    at TCPConnectWrap.afterConnect [as oncomplete] (net.js:1080:14)
  code: 'ETIMEDOUT',
  errno: 'ETIMEDOUT',
  syscall: 'connect',
  address: '100.98.39.12',
  port: 80 }
[2016-11-28 17:49:32.966] [INFO] 秒拍 - 返回秒拍用户 6FwITG9yw7HPkPSw 连接服务器失败
[2016-11-28 17:49:33.333] [DEBUG] 秒拍 - 222222222
[2016-11-28 17:49:33.621] [DEBUG] 秒拍 - 1111111111
[2016-11-28 17:49:33.625] [DEBUG] 秒拍 - --=======--
[2016-11-28 17:49:33.628] [DEBUG] 秒拍 - -------
[2016-11-28 17:49:33.636] [DEBUG] 秒拍 - -------
[2016-11-28 17:49:33.640] [DEBUG] 秒拍 - -------
[2016-11-28 17:49:33.644] [DEBUG] 秒拍 - -------
[2016-11-28 17:49:33.650] [DEBUG] 秒拍 - -------
[2016-11-28 17:49:33.653] [DEBUG] 秒拍 - -------
[2016-11-28 17:49:33.657] [DEBUG] 秒拍 - -------
[2016-11-28 17:49:33.661] [DEBUG] 秒拍 - -------
[2016-11-28 17:49:33.663] [DEBUG] 秒拍 - -------
[2016-11-28 17:49:33.665] [DEBUG] 秒拍 - -------
[2016-11-28 17:49:33.667] [DEBUG] 秒拍 - -------
[2016-11-28 17:49:33.669] [DEBUG] 秒拍 - -------
[2016-11-28 17:49:33.671] [DEBUG] 秒拍 - -------
[2016-11-28 17:49:33.673] [DEBUG] 秒拍 - -------
[2016-11-28 17:49:33.676] [DEBUG] 秒拍 - -------
[2016-11-28 17:49:33.678] [DEBUG] 秒拍 - -------
[2016-11-28 17:49:33.680] [DEBUG] 秒拍 - -------
[2016-11-28 17:49:33.682] [DEBUG] 秒拍 - -------
[2016-11-28 17:49:33.684] [DEBUG] 秒拍 - -------
[2016-11-28 17:49:33.686] [DEBUG] 秒拍 - -------
[2016-11-28 17:49:33.692] [DEBUG] 秒拍 - 秒拍 -0rOMwAb37JPbOtbwGuWlw__ 加入缓存队列
[2016-11-28 17:49:33.696] [DEBUG] 秒拍 - 秒拍 mH2YjOSNsFJ1hanIAcn6zw__ 加入缓存队列
[2016-11-28 17:49:33.699] [DEBUG] 秒拍 - 秒拍 sJ7Q5uv7QDVwAQswJSyedA__ 加入缓存队列
[2016-11-28 17:49:33.702] [DEBUG] 秒拍 - 秒拍 MBNhDjrTC5-nKB5nQInjDQ__ 加入缓存队列
[2016-11-28 17:49:33.705] [DEBUG] 秒拍 - 秒拍 6Gc2xbgn~GAwJclNL~WAQg__ 加入缓存队列
[2016-11-28 17:49:33.708] [DEBUG] 秒拍 - 秒拍 fWBGTxlQujcCPMD1aLK6WQ__ 加入缓存队列
[2016-11-28 17:49:33.711] [DEBUG] 秒拍 - 秒拍 m45aZISqGN50d23G-ewV0w__ 加入缓存队列
[2016-11-28 17:49:33.715] [DEBUG] 秒拍 - 秒拍 ~rlZ0r9cTogxBmUc1DxQDg__ 加入缓存队列
[2016-11-28 17:49:33.718] [DEBUG] 秒拍 - 秒拍 x5ELUvPHuPBMieAJNvrJjA__ 加入缓存队列
[2016-11-28 17:49:33.721] [DEBUG] 秒拍 - 秒拍 RRHQsOXovx3Nd9ORh1Jslg__ 加入缓存队列
[2016-11-28 17:49:33.723] [DEBUG] 秒拍 - 秒拍 eJdVFZElPpMgqrfmTmLyVA__ 加入缓存队列
[2016-11-28 17:49:33.727] [DEBUG] 秒拍 - 秒拍 hUuj7RjkyVC8ooIB6TPsBA__ 加入缓存队列
[2016-11-28 17:49:33.729] [DEBUG] 秒拍 - 秒拍 QWB1ddrwAO9Ut~0tayfTDA__ 加入缓存队列
[2016-11-28 17:49:33.731] [DEBUG] 秒拍 - 秒拍 rK23FvMBzNVHb7GvgE9CJw__ 加入缓存队列
[2016-11-28 17:49:33.733] [DEBUG] 秒拍 - 秒拍 Ogmdx4EOMxE9jmW-OmXirw__ 加入缓存队列
[2016-11-28 17:49:33.735] [DEBUG] 秒拍 - 秒拍 jWzK~Ha5IcALM2B5R6itnA__ 加入缓存队列
[2016-11-28 17:49:33.737] [DEBUG] 秒拍 - 秒拍 ~TH86fvQQ8-DOCBNiyZ1IA__ 加入缓存队列
[2016-11-28 17:49:33.740] [DEBUG] 秒拍 - 秒拍 G0QH-iGGQxNTUXJ8be1W4w__ 加入缓存队列
[2016-11-28 17:49:33.742] [DEBUG] 秒拍 - 秒拍 SB76xN~LD51ZJD-sSYKThQ__ 加入缓存队列
[2016-11-28 17:49:33.743] [DEBUG] 秒拍 - 秒拍 ySR1LU~TBEz13SsRkGyzHg__ 加入缓存队列
[2016-11-28 17:55:42.530] [TRACE] 秒拍 - DealWith instantiation ...
[2016-11-28 17:55:42.537] [TRACE] 秒拍 - spiderCore instantiation ...
[2016-11-28 17:55:42.539] [TRACE] 秒拍 - 启动函数
[2016-11-28 17:55:42.566] [DEBUG] 秒拍 - 任务信息数据库连接建立...成功
[2016-11-28 17:55:42.568] [DEBUG] 秒拍 - 缓存队列数据库连接建立...成功
[2016-11-28 17:55:42.570] [DEBUG] 秒拍 - 创建数据库连接完毕
[2016-11-28 17:55:42.572] [INFO] 秒拍 - { p: '7', id: '6FwITG9yw7HPkPSw', name: '糗事百科', type: '0' }
[2016-11-28 17:55:43.098] [ERROR] 秒拍 - occur error :  { Error: getaddrinfo ENOTFOUND staging.caihongip.com staging.caihongip.com:80
    at errnoException (dns.js:28:10)
    at GetAddrInfoReqWrap.onlookup [as oncomplete] (dns.js:79:26)
  code: 'ENOTFOUND',
  errno: 'ENOTFOUND',
  syscall: 'getaddrinfo',
  hostname: 'staging.caihongip.com',
  host: 'staging.caihongip.com',
  port: 80 }
[2016-11-28 17:56:04.119] [ERROR] 秒拍 - occur error :  { Error: connect ETIMEDOUT 100.98.39.12:80
    at Object.exports._errnoException (util.js:1007:11)
    at exports._exceptionWithHostPort (util.js:1030:20)
    at TCPConnectWrap.afterConnect [as oncomplete] (net.js:1080:14)
  code: 'ETIMEDOUT',
  errno: 'ETIMEDOUT',
  syscall: 'connect',
  address: '100.98.39.12',
  port: 80 }
[2016-11-28 17:56:04.124] [INFO] 秒拍 - 返回秒拍用户 6FwITG9yw7HPkPSw 连接服务器失败
