[2016-11-28 17:37:02.377] [TRACE] 秒拍 - DealWith instantiation ...
[2016-11-28 17:37:02.384] [TRACE] 秒拍 - spiderCore instantiation ...
[2016-11-28 17:37:02.386] [TRACE] 秒拍 - 启动函数
[2016-11-28 17:37:02.413] [DEBUG] 秒拍 - 任务信息数据库连接建立...成功
[2016-11-28 17:37:02.415] [DEBUG] 秒拍 - 缓存队列数据库连接建立...成功
[2016-11-28 17:37:02.417] [DEBUG] 秒拍 - 创建数据库连接完毕
[2016-11-28 17:37:02.419] [INFO] 秒拍 - { p: '7', id: '6FwITG9yw7HPkPSw', name: '糗事百科', type: '0' }
[2016-11-28 17:37:09.860] [ERROR] 秒拍 - occur error :  { Error: getaddrinfo ENOTFOUND staging.caihongip.com staging.caihongip.com:80
    at errnoException (dns.js:28:10)
    at GetAddrInfoReqWrap.onlookup [as oncomplete] (dns.js:79:26)
  code: 'ENOTFOUND',
  errno: 'ENOTFOUND',
  syscall: 'getaddrinfo',
  hostname: 'staging.caihongip.com',
  host: 'staging.caihongip.com',
  port: 80 }
[2016-11-28 17:37:29.637] [ERROR] 秒拍 - occur error :  { Error: connect ETIMEDOUT 100.98.39.12:80
    at Object.exports._errnoException (util.js:1007:11)
    at exports._exceptionWithHostPort (util.js:1030:20)
    at TCPConnectWrap.afterConnect [as oncomplete] (net.js:1080:14)
  code: 'ETIMEDOUT',
  errno: 'ETIMEDOUT',
  syscall: 'connect',
  address: '100.98.39.12',
  port: 80 }
[2016-11-28 17:37:29.643] [INFO] 秒拍 - 返回秒拍用户 6FwITG9yw7HPkPSw 连接服务器失败
