[2016-11-28 15:46:27.983] [TRACE] 秒拍 - DealWith instantiation ...
[2016-11-28 15:46:27.989] [TRACE] 秒拍 - spiderCore instantiation ...
[2016-11-28 15:46:27.992] [TRACE] 秒拍 - 启动函数
[2016-11-28 15:46:28.019] [DEBUG] 秒拍 - 任务信息数据库连接建立...成功
[2016-11-28 15:46:28.021] [DEBUG] 秒拍 - 缓存队列数据库连接建立...成功
[2016-11-28 15:46:28.023] [DEBUG] 秒拍 - 创建数据库连接完毕
[2016-11-28 15:46:28.029] [TRACE] 秒拍 - Queue get ready
[2016-11-28 15:46:28.069] [TRACE] 秒拍 - Get miaopai task!
[2016-11-28 15:46:28.070] [INFO] 秒拍 - { id: 'CWn7smWfF9xJYfRS', p: '7', name: '谷阿莫', type: '0' }
[2016-11-28 15:46:28.108] [TRACE] 秒拍 - Get miaopai task!
[2016-11-28 15:46:28.109] [INFO] 秒拍 - { id: 'EaBxX85eHa1hYqrC', p: '7', name: '迷迭香', type: '0' }
[2016-11-28 15:46:28.114] [TRACE] 秒拍 - Get miaopai task!
[2016-11-28 15:46:28.116] [INFO] 秒拍 - { id: 'oEyVfeHcbfGU7~jn',
  p: '7',
  name: '美食台foodvideo',
  type: '0' }
[2016-11-28 15:46:28.121] [TRACE] 秒拍 - Get miaopai task!
[2016-11-28 15:46:28.123] [INFO] 秒拍 - { id: 'dpAUU3J6vwLcd7d2', p: '7', name: '军武次位面', type: '0' }
[2016-11-28 15:46:28.127] [TRACE] 秒拍 - Get miaopai task!
[2016-11-28 15:46:28.128] [INFO] 秒拍 - { id: 'QSWg7sey280GYL6wEXEI0g__',
  p: '7',
  name: '一色神技能',
  type: '0' }
[2016-11-28 15:46:28.130] [TRACE] 秒拍 - Get miaopai task!
[2016-11-28 15:46:28.132] [INFO] 秒拍 - { id: 'fTaNLMZnCj7B7gcu', p: '7', name: '郑云影视工作室', type: '0' }
[2016-11-28 15:46:28.604] [ERROR] 秒拍 - occur error :  { Error: getaddrinfo ENOTFOUND staging.caihongip.com staging.caihongip.com:80
    at errnoException (dns.js:28:10)
    at GetAddrInfoReqWrap.onlookup [as oncomplete] (dns.js:79:26)
  code: 'ENOTFOUND',
  errno: 'ENOTFOUND',
  syscall: 'getaddrinfo',
  hostname: 'staging.caihongip.com',
  host: 'staging.caihongip.com',
  port: 80 }
[2016-11-28 15:46:28.647] [ERROR] 秒拍 - occur error :  { Error: getaddrinfo ENOTFOUND staging.caihongip.com staging.caihongip.com:80
    at errnoException (dns.js:28:10)
    at GetAddrInfoReqWrap.onlookup [as oncomplete] (dns.js:79:26)
  code: 'ENOTFOUND',
  errno: 'ENOTFOUND',
  syscall: 'getaddrinfo',
  hostname: 'staging.caihongip.com',
  host: 'staging.caihongip.com',
  port: 80 }
[2016-11-28 15:46:28.654] [ERROR] 秒拍 - occur error :  { Error: getaddrinfo ENOTFOUND staging.caihongip.com staging.caihongip.com:80
    at errnoException (dns.js:28:10)
    at GetAddrInfoReqWrap.onlookup [as oncomplete] (dns.js:79:26)
  code: 'ENOTFOUND',
  errno: 'ENOTFOUND',
  syscall: 'getaddrinfo',
  hostname: 'staging.caihongip.com',
  host: 'staging.caihongip.com',
  port: 80 }
[2016-11-28 15:46:28.659] [ERROR] 秒拍 - occur error :  { Error: getaddrinfo ENOTFOUND staging.caihongip.com staging.caihongip.com:80
    at errnoException (dns.js:28:10)
    at GetAddrInfoReqWrap.onlookup [as oncomplete] (dns.js:79:26)
  code: 'ENOTFOUND',
  errno: 'ENOTFOUND',
  syscall: 'getaddrinfo',
  hostname: 'staging.caihongip.com',
  host: 'staging.caihongip.com',
  port: 80 }
[2016-11-28 15:46:28.663] [ERROR] 秒拍 - occur error :  { Error: getaddrinfo ENOTFOUND staging.caihongip.com staging.caihongip.com:80
    at errnoException (dns.js:28:10)
    at GetAddrInfoReqWrap.onlookup [as oncomplete] (dns.js:79:26)
  code: 'ENOTFOUND',
  errno: 'ENOTFOUND',
  syscall: 'getaddrinfo',
  hostname: 'staging.caihongip.com',
  host: 'staging.caihongip.com',
  port: 80 }
[2016-11-28 15:46:29.213] [ERROR] 秒拍 - occur error :  { Error: getaddrinfo ENOTFOUND staging.caihongip.com staging.caihongip.com:80
    at errnoException (dns.js:28:10)
    at GetAddrInfoReqWrap.onlookup [as oncomplete] (dns.js:79:26)
  code: 'ENOTFOUND',
  errno: 'ENOTFOUND',
  syscall: 'getaddrinfo',
  hostname: 'staging.caihongip.com',
  host: 'staging.caihongip.com',
  port: 80 }
[2016-11-28 15:46:49.547] [ERROR] 秒拍 - occur error :  { Error: connect ETIMEDOUT 100.98.39.12:80
    at Object.exports._errnoException (util.js:1007:11)
    at exports._exceptionWithHostPort (util.js:1030:20)
    at TCPConnectWrap.afterConnect [as oncomplete] (net.js:1080:14)
  code: 'ETIMEDOUT',
  errno: 'ETIMEDOUT',
  syscall: 'connect',
  address: '100.98.39.12',
  port: 80 }
[2016-11-28 15:46:49.547] [INFO] 秒拍 - 返回秒拍用户 oEyVfeHcbfGU7~jn 连接服务器失败
[2016-11-28 15:46:49.547] [DEBUG] 秒拍 - http://api.miaopai.com/m/shot_channel.json?version=6.3.7&os=ios&page=1&per=20&suid=oEyVfeHcbfGU7~jn
[2016-11-28 15:46:49.625] [ERROR] 秒拍 - occur error :  { Error: connect ETIMEDOUT 100.98.39.12:80
    at Object.exports._errnoException (util.js:1007:11)
    at exports._exceptionWithHostPort (util.js:1030:20)
    at TCPConnectWrap.afterConnect [as oncomplete] (net.js:1080:14)
  code: 'ETIMEDOUT',
  errno: 'ETIMEDOUT',
  syscall: 'connect',
  address: '100.98.39.12',
  port: 80 }
[2016-11-28 15:46:49.633] [INFO] 秒拍 - 返回秒拍用户 QSWg7sey280GYL6wEXEI0g__ 连接服务器失败
[2016-11-28 15:46:49.638] [DEBUG] 秒拍 - http://api.miaopai.com/m/shot_channel.json?version=6.3.7&os=ios&page=1&per=20&suid=QSWg7sey280GYL6wEXEI0g__
[2016-11-28 15:46:49.644] [ERROR] 秒拍 - occur error :  { Error: connect ETIMEDOUT 100.98.39.12:80
    at Object.exports._errnoException (util.js:1007:11)
    at exports._exceptionWithHostPort (util.js:1030:20)
    at TCPConnectWrap.afterConnect [as oncomplete] (net.js:1080:14)
  code: 'ETIMEDOUT',
  errno: 'ETIMEDOUT',
  syscall: 'connect',
  address: '100.98.39.12',
  port: 80 }
[2016-11-28 15:46:49.644] [INFO] 秒拍 - 返回秒拍用户 EaBxX85eHa1hYqrC 连接服务器失败
[2016-11-28 15:46:49.644] [DEBUG] 秒拍 - http://api.miaopai.com/m/shot_channel.json?version=6.3.7&os=ios&page=1&per=20&suid=EaBxX85eHa1hYqrC
[2016-11-28 15:46:49.659] [ERROR] 秒拍 - occur error :  { Error: connect ETIMEDOUT 100.98.39.12:80
    at Object.exports._errnoException (util.js:1007:11)
    at exports._exceptionWithHostPort (util.js:1030:20)
    at TCPConnectWrap.afterConnect [as oncomplete] (net.js:1080:14)
  code: 'ETIMEDOUT',
  errno: 'ETIMEDOUT',
  syscall: 'connect',
  address: '100.98.39.12',
  port: 80 }
[2016-11-28 15:46:49.659] [INFO] 秒拍 - 返回秒拍用户 dpAUU3J6vwLcd7d2 连接服务器失败
[2016-11-28 15:46:49.675] [DEBUG] 秒拍 - http://api.miaopai.com/m/shot_channel.json?version=6.3.7&os=ios&page=1&per=20&suid=dpAUU3J6vwLcd7d2
[2016-11-28 15:46:49.675] [ERROR] 秒拍 - occur error :  { Error: connect ETIMEDOUT 100.98.39.12:80
    at Object.exports._errnoException (util.js:1007:11)
    at exports._exceptionWithHostPort (util.js:1030:20)
    at TCPConnectWrap.afterConnect [as oncomplete] (net.js:1080:14)
  code: 'ETIMEDOUT',
  errno: 'ETIMEDOUT',
  syscall: 'connect',
  address: '100.98.39.12',
  port: 80 }
[2016-11-28 15:46:49.675] [INFO] 秒拍 - 返回秒拍用户 CWn7smWfF9xJYfRS 连接服务器失败
[2016-11-28 15:46:49.691] [DEBUG] 秒拍 - http://api.miaopai.com/m/shot_channel.json?version=6.3.7&os=ios&page=1&per=20&suid=CWn7smWfF9xJYfRS
[2016-11-28 15:46:50.205] [ERROR] 秒拍 - occur error :  { Error: connect ETIMEDOUT 100.98.39.12:80
    at Object.exports._errnoException (util.js:1007:11)
    at exports._exceptionWithHostPort (util.js:1030:20)
    at TCPConnectWrap.afterConnect [as oncomplete] (net.js:1080:14)
  code: 'ETIMEDOUT',
  errno: 'ETIMEDOUT',
  syscall: 'connect',
  address: '100.98.39.12',
  port: 80 }
[2016-11-28 15:46:50.205] [INFO] 秒拍 - 返回秒拍用户 fTaNLMZnCj7B7gcu 连接服务器失败
[2016-11-28 15:46:50.205] [DEBUG] 秒拍 - http://api.miaopai.com/m/shot_channel.json?version=6.3.7&os=ios&page=1&per=20&suid=fTaNLMZnCj7B7gcu
[2016-11-28 15:46:50.315] [DEBUG] 秒拍 - 秒拍 TtQ5pE04G1nJnlyZkp707w__ 加入缓存队列
[2016-11-28 15:46:50.330] [DEBUG] 秒拍 - 秒拍 AikRnDUKgrrfYSHpzaBPMA__ 加入缓存队列
[2016-11-28 15:46:50.330] [DEBUG] 秒拍 - 秒拍 arw997GMSMplOf8J0ljQjQ__ 加入缓存队列
[2016-11-28 15:46:50.330] [DEBUG] 秒拍 - 秒拍 ~rsJ0~VqQIRg63EmZlVswQ__ 加入缓存队列
[2016-11-28 15:46:50.330] [DEBUG] 秒拍 - 秒拍 upLqbLgcZOuh24VlPVgbAA__ 加入缓存队列
[2016-11-28 15:46:50.349] [DEBUG] 秒拍 - 秒拍 KPNU43sbY4c~EQuo4Ewjuw__ 加入缓存队列
[2016-11-28 15:46:50.351] [DEBUG] 秒拍 - 秒拍 A8aHjePZb0pyGj-gUUIdag__ 加入缓存队列
[2016-11-28 15:46:50.353] [DEBUG] 秒拍 - 秒拍 AMUWAkoeyPkH23Tl~ZInfA__ 加入缓存队列
[2016-11-28 15:46:50.356] [DEBUG] 秒拍 - 秒拍 TgNoFr0sJdEWp0PapZqCNg__ 加入缓存队列
[2016-11-28 15:46:50.358] [DEBUG] 秒拍 - 秒拍 Ta-ZyOy5jWy~EPjdWLsXzA__ 加入缓存队列
[2016-11-28 15:46:50.361] [DEBUG] 秒拍 - 秒拍 4QD-e46NRMUXeMZfuioaLg__ 加入缓存队列
[2016-11-28 15:46:50.363] [DEBUG] 秒拍 - 秒拍 jL~-4AQVUT9X1v4sXUAreg__ 加入缓存队列
[2016-11-28 15:46:50.365] [DEBUG] 秒拍 - 秒拍 erRXkcKEwnzAOmRy6JdmvQ__ 加入缓存队列
[2016-11-28 15:46:50.367] [DEBUG] 秒拍 - 秒拍 Q1MDD0t~puC1jg2ybEi8Cg__ 加入缓存队列
[2016-11-28 15:46:50.369] [DEBUG] 秒拍 - 秒拍 Pzb4WIp9iawvvs1Cnd465w__ 加入缓存队列
[2016-11-28 15:46:50.370] [DEBUG] 秒拍 - 秒拍 f8rFC-RNvx7Z9non~pOhig__ 加入缓存队列
[2016-11-28 15:46:50.372] [DEBUG] 秒拍 - 秒拍 3jLxFKq3qwzaTXNsWZn08A__ 加入缓存队列
[2016-11-28 15:46:50.374] [DEBUG] 秒拍 - 秒拍 IDPD4X7-jrej2LmLCIpZug__ 加入缓存队列
[2016-11-28 15:46:50.375] [DEBUG] 秒拍 - 秒拍 x3frgDrEBP~zvCivLnzb5Q__ 加入缓存队列
[2016-11-28 15:46:50.375] [DEBUG] 秒拍 - 秒拍 S3KKOpSzvmKJ1hoPpX8Tlw__ 加入缓存队列
