[2016-11-28 17:42:47.849] [TRACE] 秒拍 - DealWith instantiation ...
[2016-11-28 17:42:47.856] [TRACE] 秒拍 - spiderCore instantiation ...
[2016-11-28 17:42:47.857] [TRACE] 秒拍 - 启动函数
[2016-11-28 17:42:47.885] [DEBUG] 秒拍 - 任务信息数据库连接建立...成功
[2016-11-28 17:42:47.887] [DEBUG] 秒拍 - 缓存队列数据库连接建立...成功
[2016-11-28 17:42:47.889] [DEBUG] 秒拍 - 创建数据库连接完毕
[2016-11-28 17:42:47.891] [INFO] 秒拍 - { p: '7', id: '6FwITG9yw7HPkPSw', name: '糗事百科', type: '0' }
[2016-11-28 17:43:08.977] [ERROR] 秒拍 - occur error :  { Error: connect ETIMEDOUT 60.205.8.232:80
    at Object.exports._errnoException (util.js:1007:11)
    at exports._exceptionWithHostPort (util.js:1030:20)
    at TCPConnectWrap.afterConnect [as oncomplete] (net.js:1080:14)
  code: 'ETIMEDOUT',
  errno: 'ETIMEDOUT',
  syscall: 'connect',
  address: '60.205.8.232',
  port: 80 }
[2016-11-28 17:43:14.981] [DEBUG] 秒拍 - 222222222
[2016-11-28 17:43:30.997] [DEBUG] 秒拍 - 1111111111
[2016-11-28 17:43:31.002] [DEBUG] 秒拍 - --=======--
[2016-11-28 17:43:31.006] [DEBUG] 秒拍 - -------
[2016-11-28 17:43:31.011] [DEBUG] 秒拍 - undefined
[2016-11-28 17:43:31.017] [DEBUG] 秒拍 - -------
[2016-11-28 17:43:31.021] [DEBUG] 秒拍 - undefined
[2016-11-28 17:43:31.027] [DEBUG] 秒拍 - -------
[2016-11-28 17:43:31.032] [DEBUG] 秒拍 - undefined
[2016-11-28 17:43:31.037] [DEBUG] 秒拍 - -------
[2016-11-28 17:43:31.042] [DEBUG] 秒拍 - undefined
[2016-11-28 17:43:31.046] [DEBUG] 秒拍 - -------
[2016-11-28 17:43:31.050] [DEBUG] 秒拍 - undefined
[2016-11-28 17:43:31.052] [DEBUG] 秒拍 - -------
[2016-11-28 17:43:31.056] [DEBUG] 秒拍 - undefined
[2016-11-28 17:43:31.057] [DEBUG] 秒拍 - -------
[2016-11-28 17:43:31.059] [DEBUG] 秒拍 - undefined
[2016-11-28 17:43:31.061] [DEBUG] 秒拍 - -------
[2016-11-28 17:43:31.063] [DEBUG] 秒拍 - undefined
[2016-11-28 17:43:31.065] [DEBUG] 秒拍 - -------
[2016-11-28 17:43:31.066] [DEBUG] 秒拍 - undefined
[2016-11-28 17:43:31.069] [DEBUG] 秒拍 - -------
[2016-11-28 17:43:31.072] [DEBUG] 秒拍 - undefined
[2016-11-28 17:43:31.074] [DEBUG] 秒拍 - -------
[2016-11-28 17:43:31.079] [DEBUG] 秒拍 - undefined
[2016-11-28 17:43:31.082] [DEBUG] 秒拍 - -------
[2016-11-28 17:43:31.087] [DEBUG] 秒拍 - undefined
[2016-11-28 17:43:31.091] [DEBUG] 秒拍 - -------
[2016-11-28 17:43:31.093] [DEBUG] 秒拍 - undefined
[2016-11-28 17:43:31.095] [DEBUG] 秒拍 - -------
[2016-11-28 17:43:31.099] [DEBUG] 秒拍 - undefined
[2016-11-28 17:43:31.100] [DEBUG] 秒拍 - -------
[2016-11-28 17:43:31.102] [DEBUG] 秒拍 - undefined
[2016-11-28 17:43:31.103] [DEBUG] 秒拍 - -------
[2016-11-28 17:43:31.106] [DEBUG] 秒拍 - undefined
[2016-11-28 17:43:31.109] [DEBUG] 秒拍 - -------
[2016-11-28 17:43:31.111] [DEBUG] 秒拍 - undefined
[2016-11-28 17:43:31.114] [DEBUG] 秒拍 - -------
[2016-11-28 17:43:31.116] [DEBUG] 秒拍 - undefined
[2016-11-28 17:43:31.119] [DEBUG] 秒拍 - -------
[2016-11-28 17:43:31.121] [DEBUG] 秒拍 - undefined
[2016-11-28 17:43:31.122] [DEBUG] 秒拍 - -------
[2016-11-28 17:43:31.124] [DEBUG] 秒拍 - undefined
[2016-11-28 17:43:31.150] [DEBUG] 秒拍 - 秒拍 -0rOMwAb37JPbOtbwGuWlw__ 加入缓存队列
[2016-11-28 17:43:31.153] [DEBUG] 秒拍 - 秒拍 mH2YjOSNsFJ1hanIAcn6zw__ 加入缓存队列
[2016-11-28 17:43:31.156] [DEBUG] 秒拍 - 秒拍 sJ7Q5uv7QDVwAQswJSyedA__ 加入缓存队列
[2016-11-28 17:43:31.159] [DEBUG] 秒拍 - 秒拍 MBNhDjrTC5-nKB5nQInjDQ__ 加入缓存队列
[2016-11-28 17:43:31.164] [DEBUG] 秒拍 - 秒拍 6Gc2xbgn~GAwJclNL~WAQg__ 加入缓存队列
[2016-11-28 17:43:31.167] [DEBUG] 秒拍 - 秒拍 fWBGTxlQujcCPMD1aLK6WQ__ 加入缓存队列
[2016-11-28 17:43:31.169] [DEBUG] 秒拍 - 秒拍 m45aZISqGN50d23G-ewV0w__ 加入缓存队列
[2016-11-28 17:43:31.172] [DEBUG] 秒拍 - 秒拍 ~rlZ0r9cTogxBmUc1DxQDg__ 加入缓存队列
[2016-11-28 17:43:31.174] [DEBUG] 秒拍 - 秒拍 x5ELUvPHuPBMieAJNvrJjA__ 加入缓存队列
[2016-11-28 17:43:31.176] [DEBUG] 秒拍 - 秒拍 RRHQsOXovx3Nd9ORh1Jslg__ 加入缓存队列
[2016-11-28 17:43:31.178] [DEBUG] 秒拍 - 秒拍 eJdVFZElPpMgqrfmTmLyVA__ 加入缓存队列
[2016-11-28 17:43:31.180] [DEBUG] 秒拍 - 秒拍 hUuj7RjkyVC8ooIB6TPsBA__ 加入缓存队列
[2016-11-28 17:43:31.181] [DEBUG] 秒拍 - 秒拍 QWB1ddrwAO9Ut~0tayfTDA__ 加入缓存队列
[2016-11-28 17:43:31.185] [DEBUG] 秒拍 - 秒拍 rK23FvMBzNVHb7GvgE9CJw__ 加入缓存队列
[2016-11-28 17:43:31.199] [DEBUG] 秒拍 - 秒拍 Ogmdx4EOMxE9jmW-OmXirw__ 加入缓存队列
[2016-11-28 17:43:31.205] [DEBUG] 秒拍 - 秒拍 jWzK~Ha5IcALM2B5R6itnA__ 加入缓存队列
[2016-11-28 17:43:31.207] [DEBUG] 秒拍 - 秒拍 ~TH86fvQQ8-DOCBNiyZ1IA__ 加入缓存队列
[2016-11-28 17:43:31.209] [DEBUG] 秒拍 - 秒拍 G0QH-iGGQxNTUXJ8be1W4w__ 加入缓存队列
[2016-11-28 17:43:31.213] [DEBUG] 秒拍 - 秒拍 SB76xN~LD51ZJD-sSYKThQ__ 加入缓存队列
[2016-11-28 17:43:31.215] [DEBUG] 秒拍 - 秒拍 ySR1LU~TBEz13SsRkGyzHg__ 加入缓存队列
[2016-11-28 17:43:37.597] [DEBUG] 秒拍 - 1111111111
[2016-11-28 17:43:37.601] [DEBUG] 秒拍 - --=======--
[2016-11-28 17:43:37.605] [DEBUG] 秒拍 - -------
[2016-11-28 17:43:37.611] [DEBUG] 秒拍 - undefined
[2016-11-28 17:43:37.614] [DEBUG] 秒拍 - -------
[2016-11-28 17:43:37.619] [DEBUG] 秒拍 - undefined
[2016-11-28 17:43:37.626] [DEBUG] 秒拍 - -------
[2016-11-28 17:43:37.631] [DEBUG] 秒拍 - undefined
[2016-11-28 17:43:37.635] [DEBUG] 秒拍 - -------
[2016-11-28 17:43:37.639] [DEBUG] 秒拍 - undefined
[2016-11-28 17:43:37.643] [DEBUG] 秒拍 - -------
[2016-11-28 17:43:37.648] [DEBUG] 秒拍 - undefined
[2016-11-28 17:43:37.650] [DEBUG] 秒拍 - -------
[2016-11-28 17:43:37.653] [DEBUG] 秒拍 - undefined
[2016-11-28 17:43:37.656] [DEBUG] 秒拍 - -------
[2016-11-28 17:43:37.658] [DEBUG] 秒拍 - undefined
[2016-11-28 17:43:37.660] [DEBUG] 秒拍 - -------
[2016-11-28 17:43:37.662] [DEBUG] 秒拍 - undefined
[2016-11-28 17:43:37.664] [DEBUG] 秒拍 - -------
[2016-11-28 17:43:37.666] [DEBUG] 秒拍 - undefined
[2016-11-28 17:43:37.668] [DEBUG] 秒拍 - -------
[2016-11-28 17:43:37.670] [DEBUG] 秒拍 - undefined
[2016-11-28 17:43:37.674] [DEBUG] 秒拍 - -------
[2016-11-28 17:43:37.676] [DEBUG] 秒拍 - undefined
[2016-11-28 17:43:37.680] [DEBUG] 秒拍 - -------
[2016-11-28 17:43:37.682] [DEBUG] 秒拍 - undefined
[2016-11-28 17:43:37.685] [DEBUG] 秒拍 - -------
[2016-11-28 17:43:37.687] [DEBUG] 秒拍 - undefined
[2016-11-28 17:43:37.689] [DEBUG] 秒拍 - -------
[2016-11-28 17:43:37.691] [DEBUG] 秒拍 - undefined
[2016-11-28 17:43:37.694] [DEBUG] 秒拍 - -------
[2016-11-28 17:43:37.696] [DEBUG] 秒拍 - undefined
[2016-11-28 17:43:37.699] [DEBUG] 秒拍 - -------
[2016-11-28 17:43:37.701] [DEBUG] 秒拍 - undefined
[2016-11-28 17:43:37.704] [DEBUG] 秒拍 - -------
[2016-11-28 17:43:37.706] [DEBUG] 秒拍 - undefined
[2016-11-28 17:43:37.708] [DEBUG] 秒拍 - -------
[2016-11-28 17:43:37.710] [DEBUG] 秒拍 - undefined
[2016-11-28 17:43:37.712] [DEBUG] 秒拍 - -------
[2016-11-28 17:43:37.714] [DEBUG] 秒拍 - undefined
[2016-11-28 17:43:37.716] [DEBUG] 秒拍 - -------
[2016-11-28 17:43:37.718] [DEBUG] 秒拍 - undefined
[2016-11-28 17:43:37.741] [DEBUG] 秒拍 - 秒拍 SgqrtPMNr6Do7Na403g3BA__ 加入缓存队列
[2016-11-28 17:43:37.744] [DEBUG] 秒拍 - 秒拍 PIySZ2oxD1soiq4uBmmqxA__ 加入缓存队列
[2016-11-28 17:43:37.746] [DEBUG] 秒拍 - 秒拍 qSgBgbd57SYoB7DLRua97Q__ 加入缓存队列
[2016-11-28 17:43:37.749] [DEBUG] 秒拍 - 秒拍 YlzlZM09yAEn-PqQl9WXPA__ 加入缓存队列
[2016-11-28 17:43:37.751] [DEBUG] 秒拍 - 秒拍 B1w3BixpYAZr0mE9f8uQrA__ 加入缓存队列
[2016-11-28 17:43:37.753] [DEBUG] 秒拍 - 秒拍 aopmK~bXRzcD7VF0JTg64w__ 加入缓存队列
[2016-11-28 17:43:37.755] [DEBUG] 秒拍 - 秒拍 Ou7m1womP9rsgzTo-PYdkg__ 加入缓存队列
[2016-11-28 17:43:37.758] [DEBUG] 秒拍 - 秒拍 uJ8yWMN1rDBY7DjcwVKdHA__ 加入缓存队列
[2016-11-28 17:43:37.760] [DEBUG] 秒拍 - 秒拍 sONARPeateeLkRnA0sqhqA__ 加入缓存队列
[2016-11-28 17:43:37.762] [DEBUG] 秒拍 - 秒拍 Dj32E8l1mW6LGawlIGReuQ__ 加入缓存队列
[2016-11-28 17:43:37.763] [DEBUG] 秒拍 - 秒拍 VB71Wi2BeJEtRiCCGDlyFw__ 加入缓存队列
[2016-11-28 17:43:37.765] [DEBUG] 秒拍 - 秒拍 9DSOHMP4DTusmWjRtHctEQ__ 加入缓存队列
[2016-11-28 17:43:37.768] [DEBUG] 秒拍 - 秒拍 oBZuXSFuKBoRPmXw~8mKSg__ 加入缓存队列
[2016-11-28 17:43:37.770] [DEBUG] 秒拍 - 秒拍 sLWfzo5EnKTd6b3N5ykymw__ 加入缓存队列
[2016-11-28 17:43:37.772] [DEBUG] 秒拍 - 秒拍 F4GjI1KE~MNeReEpAO6CiA__ 加入缓存队列
[2016-11-28 17:43:37.773] [DEBUG] 秒拍 - 秒拍 X2pwEr0cELuDCDxOoFrV-g__ 加入缓存队列
[2016-11-28 17:43:37.776] [DEBUG] 秒拍 - 秒拍 1zXxxZrKt395PH6s62ACjg__ 加入缓存队列
[2016-11-28 17:43:37.779] [DEBUG] 秒拍 - 秒拍 8hwPccJJrhfadKSeLzmFag__ 加入缓存队列
[2016-11-28 17:43:37.781] [DEBUG] 秒拍 - 秒拍 khD1tcyELE6HMf3MNGf4tw__ 加入缓存队列
[2016-11-28 17:43:37.793] [DEBUG] 秒拍 - 秒拍 itZrV4pfUcmBe8lwfXdSOQ__ 加入缓存队列
