[2016-11-28 17:57:06.707] [TRACE] 秒拍 - DealWith instantiation ...
[2016-11-28 17:57:06.714] [TRACE] 秒拍 - spiderCore instantiation ...
[2016-11-28 17:57:06.716] [TRACE] 秒拍 - 启动函数
[2016-11-28 17:57:06.746] [DEBUG] 秒拍 - 任务信息数据库连接建立...成功
[2016-11-28 17:57:06.747] [DEBUG] 秒拍 - 缓存队列数据库连接建立...成功
[2016-11-28 17:57:06.749] [DEBUG] 秒拍 - 创建数据库连接完毕
[2016-11-28 17:57:06.751] [INFO] 秒拍 - { p: '7', id: '6FwITG9yw7HPkPSw', name: '糗事百科', type: '0' }
[2016-11-28 17:57:11.252] [ERROR] 秒拍 - occur error :  { Error: getaddrinfo ENOTFOUND staging.caihongip.com staging.caihongip.com:80
    at errnoException (dns.js:28:10)
    at GetAddrInfoReqWrap.onlookup [as oncomplete] (dns.js:79:26)
  code: 'ENOTFOUND',
  errno: 'ENOTFOUND',
  syscall: 'getaddrinfo',
  hostname: 'staging.caihongip.com',
  host: 'staging.caihongip.com',
  port: 80 }
[2016-11-28 17:57:32.286] [ERROR] 秒拍 - occur error :  { Error: connect ETIMEDOUT 100.98.39.12:80
    at Object.exports._errnoException (util.js:1007:11)
    at exports._exceptionWithHostPort (util.js:1030:20)
    at TCPConnectWrap.afterConnect [as oncomplete] (net.js:1080:14)
  code: 'ETIMEDOUT',
  errno: 'ETIMEDOUT',
  syscall: 'connect',
  address: '100.98.39.12',
  port: 80 }
[2016-11-28 17:57:32.290] [INFO] 秒拍 - 返回秒拍用户 6FwITG9yw7HPkPSw 连接服务器失败
[2016-11-28 17:57:36.431] [DEBUG] 秒拍 - {}
[2016-11-28 17:57:36.438] [DEBUG] 秒拍 - {}
[2016-11-28 17:57:36.443] [DEBUG] 秒拍 - {}
[2016-11-28 17:57:36.450] [DEBUG] 秒拍 - {}
[2016-11-28 17:57:36.455] [DEBUG] 秒拍 - {}
[2016-11-28 17:57:36.460] [DEBUG] 秒拍 - {}
[2016-11-28 17:57:36.465] [DEBUG] 秒拍 - {}
[2016-11-28 17:57:36.469] [DEBUG] 秒拍 - {}
[2016-11-28 17:57:36.478] [DEBUG] 秒拍 - {}
[2016-11-28 17:57:36.482] [DEBUG] 秒拍 - {}
[2016-11-28 17:57:36.484] [DEBUG] 秒拍 - {}
[2016-11-28 17:57:36.486] [DEBUG] 秒拍 - {}
[2016-11-28 17:57:36.488] [DEBUG] 秒拍 - {}
[2016-11-28 17:57:36.492] [DEBUG] 秒拍 - {}
[2016-11-28 17:57:36.496] [DEBUG] 秒拍 - {}
[2016-11-28 17:57:36.500] [DEBUG] 秒拍 - {}
[2016-11-28 17:57:36.503] [DEBUG] 秒拍 - {}
[2016-11-28 17:57:36.506] [DEBUG] 秒拍 - {}
[2016-11-28 17:57:36.509] [DEBUG] 秒拍 - {}
[2016-11-28 17:57:36.511] [DEBUG] 秒拍 - {}
[2016-11-28 17:57:36.535] [DEBUG] 秒拍 - 秒拍 -0rOMwAb37JPbOtbwGuWlw__ 加入缓存队列
[2016-11-28 17:57:36.538] [DEBUG] 秒拍 - 秒拍 mH2YjOSNsFJ1hanIAcn6zw__ 加入缓存队列
[2016-11-28 17:57:36.540] [DEBUG] 秒拍 - 秒拍 sJ7Q5uv7QDVwAQswJSyedA__ 加入缓存队列
[2016-11-28 17:57:36.543] [DEBUG] 秒拍 - 秒拍 MBNhDjrTC5-nKB5nQInjDQ__ 加入缓存队列
[2016-11-28 17:57:36.547] [DEBUG] 秒拍 - 秒拍 6Gc2xbgn~GAwJclNL~WAQg__ 加入缓存队列
[2016-11-28 17:57:36.550] [DEBUG] 秒拍 - 秒拍 fWBGTxlQujcCPMD1aLK6WQ__ 加入缓存队列
[2016-11-28 17:57:36.553] [DEBUG] 秒拍 - 秒拍 m45aZISqGN50d23G-ewV0w__ 加入缓存队列
[2016-11-28 17:57:36.555] [DEBUG] 秒拍 - 秒拍 ~rlZ0r9cTogxBmUc1DxQDg__ 加入缓存队列
[2016-11-28 17:57:36.557] [DEBUG] 秒拍 - 秒拍 x5ELUvPHuPBMieAJNvrJjA__ 加入缓存队列
[2016-11-28 17:57:36.560] [DEBUG] 秒拍 - 秒拍 RRHQsOXovx3Nd9ORh1Jslg__ 加入缓存队列
[2016-11-28 17:57:36.563] [DEBUG] 秒拍 - 秒拍 eJdVFZElPpMgqrfmTmLyVA__ 加入缓存队列
[2016-11-28 17:57:36.565] [DEBUG] 秒拍 - 秒拍 hUuj7RjkyVC8ooIB6TPsBA__ 加入缓存队列
[2016-11-28 17:57:36.568] [DEBUG] 秒拍 - 秒拍 QWB1ddrwAO9Ut~0tayfTDA__ 加入缓存队列
[2016-11-28 17:57:36.571] [DEBUG] 秒拍 - 秒拍 rK23FvMBzNVHb7GvgE9CJw__ 加入缓存队列
[2016-11-28 17:57:36.573] [DEBUG] 秒拍 - 秒拍 Ogmdx4EOMxE9jmW-OmXirw__ 加入缓存队列
[2016-11-28 17:57:36.576] [DEBUG] 秒拍 - 秒拍 jWzK~Ha5IcALM2B5R6itnA__ 加入缓存队列
[2016-11-28 17:57:36.578] [DEBUG] 秒拍 - 秒拍 ~TH86fvQQ8-DOCBNiyZ1IA__ 加入缓存队列
[2016-11-28 17:57:36.581] [DEBUG] 秒拍 - 秒拍 G0QH-iGGQxNTUXJ8be1W4w__ 加入缓存队列
[2016-11-28 17:57:36.583] [DEBUG] 秒拍 - 秒拍 SB76xN~LD51ZJD-sSYKThQ__ 加入缓存队列
[2016-11-28 17:57:36.584] [DEBUG] 秒拍 - 秒拍 ySR1LU~TBEz13SsRkGyzHg__ 加入缓存队列
[2016-11-28 17:57:40.642] [DEBUG] 秒拍 - {}
[2016-11-28 17:57:40.646] [DEBUG] 秒拍 - {}
[2016-11-28 17:57:40.651] [DEBUG] 秒拍 - {}
[2016-11-28 17:57:40.655] [DEBUG] 秒拍 - {}
[2016-11-28 17:57:40.658] [DEBUG] 秒拍 - {}
[2016-11-28 17:57:40.662] [DEBUG] 秒拍 - {}
[2016-11-28 17:57:40.668] [DEBUG] 秒拍 - {}
[2016-11-28 17:57:40.672] [DEBUG] 秒拍 - {}
[2016-11-28 17:57:40.676] [DEBUG] 秒拍 - {}
[2016-11-28 17:57:40.679] [DEBUG] 秒拍 - {}
[2016-11-28 17:57:40.682] [DEBUG] 秒拍 - {}
[2016-11-28 17:57:40.685] [DEBUG] 秒拍 - {}
[2016-11-28 17:57:40.689] [DEBUG] 秒拍 - {}
[2016-11-28 17:57:40.691] [DEBUG] 秒拍 - {}
[2016-11-28 17:57:40.694] [DEBUG] 秒拍 - {}
[2016-11-28 17:57:40.697] [DEBUG] 秒拍 - {}
[2016-11-28 17:57:40.703] [DEBUG] 秒拍 - {}
[2016-11-28 17:57:40.706] [DEBUG] 秒拍 - {}
[2016-11-28 17:57:40.710] [DEBUG] 秒拍 - {}
[2016-11-28 17:57:40.713] [DEBUG] 秒拍 - {}
[2016-11-28 17:57:40.731] [DEBUG] 秒拍 - 秒拍 SgqrtPMNr6Do7Na403g3BA__ 加入缓存队列
[2016-11-28 17:57:40.734] [DEBUG] 秒拍 - 秒拍 PIySZ2oxD1soiq4uBmmqxA__ 加入缓存队列
[2016-11-28 17:57:40.737] [DEBUG] 秒拍 - 秒拍 qSgBgbd57SYoB7DLRua97Q__ 加入缓存队列
[2016-11-28 17:57:40.740] [DEBUG] 秒拍 - 秒拍 YlzlZM09yAEn-PqQl9WXPA__ 加入缓存队列
[2016-11-28 17:57:40.742] [DEBUG] 秒拍 - 秒拍 B1w3BixpYAZr0mE9f8uQrA__ 加入缓存队列
[2016-11-28 17:57:40.745] [DEBUG] 秒拍 - 秒拍 aopmK~bXRzcD7VF0JTg64w__ 加入缓存队列
[2016-11-28 17:57:40.747] [DEBUG] 秒拍 - 秒拍 Ou7m1womP9rsgzTo-PYdkg__ 加入缓存队列
[2016-11-28 17:57:40.750] [DEBUG] 秒拍 - 秒拍 uJ8yWMN1rDBY7DjcwVKdHA__ 加入缓存队列
[2016-11-28 17:57:40.754] [DEBUG] 秒拍 - 秒拍 sONARPeateeLkRnA0sqhqA__ 加入缓存队列
[2016-11-28 17:57:40.756] [DEBUG] 秒拍 - 秒拍 Dj32E8l1mW6LGawlIGReuQ__ 加入缓存队列
[2016-11-28 17:57:40.758] [DEBUG] 秒拍 - 秒拍 VB71Wi2BeJEtRiCCGDlyFw__ 加入缓存队列
[2016-11-28 17:57:40.760] [DEBUG] 秒拍 - 秒拍 9DSOHMP4DTusmWjRtHctEQ__ 加入缓存队列
[2016-11-28 17:57:40.762] [DEBUG] 秒拍 - 秒拍 oBZuXSFuKBoRPmXw~8mKSg__ 加入缓存队列
[2016-11-28 17:57:40.763] [DEBUG] 秒拍 - 秒拍 sLWfzo5EnKTd6b3N5ykymw__ 加入缓存队列
[2016-11-28 17:57:40.766] [DEBUG] 秒拍 - 秒拍 F4GjI1KE~MNeReEpAO6CiA__ 加入缓存队列
[2016-11-28 17:57:40.768] [DEBUG] 秒拍 - 秒拍 X2pwEr0cELuDCDxOoFrV-g__ 加入缓存队列
[2016-11-28 17:57:40.771] [DEBUG] 秒拍 - 秒拍 1zXxxZrKt395PH6s62ACjg__ 加入缓存队列
[2016-11-28 17:57:40.773] [DEBUG] 秒拍 - 秒拍 8hwPccJJrhfadKSeLzmFag__ 加入缓存队列
[2016-11-28 17:57:40.774] [DEBUG] 秒拍 - 秒拍 khD1tcyELE6HMf3MNGf4tw__ 加入缓存队列
[2016-11-28 17:57:40.776] [DEBUG] 秒拍 - 秒拍 itZrV4pfUcmBe8lwfXdSOQ__ 加入缓存队列
[2016-11-28 17:57:41.055] [DEBUG] 秒拍 - {}
[2016-11-28 17:57:41.059] [DEBUG] 秒拍 - {}
[2016-11-28 17:57:41.064] [DEBUG] 秒拍 - {}
[2016-11-28 17:57:41.069] [DEBUG] 秒拍 - {}
[2016-11-28 17:57:41.073] [DEBUG] 秒拍 - {}
[2016-11-28 17:57:41.078] [DEBUG] 秒拍 - {}
[2016-11-28 17:57:41.083] [DEBUG] 秒拍 - {}
[2016-11-28 17:57:41.088] [DEBUG] 秒拍 - {}
[2016-11-28 17:57:41.092] [DEBUG] 秒拍 - {}
[2016-11-28 17:57:41.096] [DEBUG] 秒拍 - {}
[2016-11-28 17:57:41.101] [DEBUG] 秒拍 - {}
[2016-11-28 17:57:41.104] [DEBUG] 秒拍 - {}
[2016-11-28 17:57:41.106] [DEBUG] 秒拍 - {}
[2016-11-28 17:57:41.109] [DEBUG] 秒拍 - {}
[2016-11-28 17:57:41.112] [DEBUG] 秒拍 - {}
[2016-11-28 17:57:41.116] [DEBUG] 秒拍 - {}
[2016-11-28 17:57:41.119] [DEBUG] 秒拍 - {}
[2016-11-28 17:57:41.122] [DEBUG] 秒拍 - {}
[2016-11-28 17:57:41.124] [DEBUG] 秒拍 - {}
[2016-11-28 17:57:41.128] [DEBUG] 秒拍 - {}
[2016-11-28 17:57:41.147] [DEBUG] 秒拍 - 秒拍 1q23IY5PgluVR13xSzTyZg__ 加入缓存队列
[2016-11-28 17:57:41.149] [DEBUG] 秒拍 - 秒拍 eUACA8WTJ2bzhpJo~V43Cg__ 加入缓存队列
[2016-11-28 17:57:41.152] [DEBUG] 秒拍 - 秒拍 UtjGnYyCAotFtZJLeTqWrw__ 加入缓存队列
[2016-11-28 17:57:41.156] [DEBUG] 秒拍 - 秒拍 c~n9NO9TN9sq5uqgmwtgNg__ 加入缓存队列
[2016-11-28 17:57:41.158] [DEBUG] 秒拍 - 秒拍 41OJhbvp1JKs5V3ndBQ3qQ__ 加入缓存队列
[2016-11-28 17:57:41.161] [DEBUG] 秒拍 - 秒拍 3sgrRoRlHHn9pj1TmXycdg__ 加入缓存队列
[2016-11-28 17:57:41.163] [DEBUG] 秒拍 - 秒拍 dS7pFwpN18Q9C8473EpxOA__ 加入缓存队列
[2016-11-28 17:57:41.166] [DEBUG] 秒拍 - 秒拍 uT7sK5HzOjHqJgsiVnnXuA__ 加入缓存队列
[2016-11-28 17:57:41.168] [DEBUG] 秒拍 - 秒拍 h-BRf9vrfX-sPmujKW3~yQ__ 加入缓存队列
[2016-11-28 17:57:41.170] [DEBUG] 秒拍 - 秒拍 -NFCfvVGGvs4ROH2I6tHAA__ 加入缓存队列
[2016-11-28 17:57:41.172] [DEBUG] 秒拍 - 秒拍 0iOJiOhz~teGh0LLypQvsg__ 加入缓存队列
[2016-11-28 17:57:41.174] [DEBUG] 秒拍 - 秒拍 U1tmXWjT0hjsjNlIKpdZew__ 加入缓存队列
[2016-11-28 17:57:41.176] [DEBUG] 秒拍 - 秒拍 S5ylgVUBIwv4d~VsnagowQ__ 加入缓存队列
[2016-11-28 17:57:41.178] [DEBUG] 秒拍 - 秒拍 6bLP9q8uR8clMLJYQp3O9g__ 加入缓存队列
[2016-11-28 17:57:41.180] [DEBUG] 秒拍 - 秒拍 wyuM4-80hFTWnR4vNxw6OQ__ 加入缓存队列
[2016-11-28 17:57:41.182] [DEBUG] 秒拍 - 秒拍 rS-5iK23hN5KmCr7h1vkJQ__ 加入缓存队列
[2016-11-28 17:57:41.184] [DEBUG] 秒拍 - 秒拍 b03QH-v7c5hXw~3sxnT4MA__ 加入缓存队列
[2016-11-28 17:57:41.186] [DEBUG] 秒拍 - 秒拍 aVXJGIQgSw103QDlcb8q2Q__ 加入缓存队列
[2016-11-28 17:57:41.188] [DEBUG] 秒拍 - 秒拍 EXk9WyazLGJPzTJru8Hytw__ 加入缓存队列
[2016-11-28 17:57:41.190] [DEBUG] 秒拍 - 秒拍 9MypjaBoYKxrUIQ8aFk7VQ__ 加入缓存队列
[2016-11-28 17:57:41.475] [DEBUG] 秒拍 - {}
[2016-11-28 17:57:41.481] [DEBUG] 秒拍 - {}
[2016-11-28 17:57:41.506] [DEBUG] 秒拍 - {}
[2016-11-28 17:57:41.515] [DEBUG] 秒拍 - {}
[2016-11-28 17:57:41.519] [DEBUG] 秒拍 - {}
[2016-11-28 17:57:41.522] [DEBUG] 秒拍 - {}
[2016-11-28 17:57:41.525] [DEBUG] 秒拍 - {}
[2016-11-28 17:57:41.527] [DEBUG] 秒拍 - {}
[2016-11-28 17:57:41.530] [DEBUG] 秒拍 - {}
[2016-11-28 17:57:41.532] [DEBUG] 秒拍 - {}
[2016-11-28 17:57:41.537] [DEBUG] 秒拍 - {}
[2016-11-28 17:57:41.540] [DEBUG] 秒拍 - {}
[2016-11-28 17:57:41.542] [DEBUG] 秒拍 - {}
[2016-11-28 17:57:41.545] [DEBUG] 秒拍 - {}
[2016-11-28 17:57:41.547] [DEBUG] 秒拍 - {}
[2016-11-28 17:57:41.550] [DEBUG] 秒拍 - {}
[2016-11-28 17:57:41.552] [DEBUG] 秒拍 - {}
[2016-11-28 17:57:41.555] [DEBUG] 秒拍 - {}
[2016-11-28 17:57:41.558] [DEBUG] 秒拍 - {}
[2016-11-28 17:57:41.560] [DEBUG] 秒拍 - {}
[2016-11-28 17:57:41.584] [DEBUG] 秒拍 - 秒拍 emd65bLlUlYRtLpNf6bxdw__ 加入缓存队列
[2016-11-28 17:57:41.587] [DEBUG] 秒拍 - 秒拍 NH8m6KrT9HZsyIvlBUWbEA__ 加入缓存队列
[2016-11-28 17:57:41.589] [DEBUG] 秒拍 - 秒拍 943okoPiBm~ud88PNx96gg__ 加入缓存队列
[2016-11-28 17:57:41.591] [DEBUG] 秒拍 - 秒拍 K3IUIoDjf~MW41OKBVc8ew__ 加入缓存队列
[2016-11-28 17:57:41.593] [DEBUG] 秒拍 - 秒拍 o-4ZpMZb~lRXUrSbmoBIqw__ 加入缓存队列
[2016-11-28 17:57:41.595] [DEBUG] 秒拍 - 秒拍 Opd1KYJqAXkJ~PE9S6e~8Q__ 加入缓存队列
[2016-11-28 17:57:41.597] [DEBUG] 秒拍 - 秒拍 A-yTm70o7QCVicqO~5ot0g__ 加入缓存队列
[2016-11-28 17:57:41.599] [DEBUG] 秒拍 - 秒拍 wFpvderVDbpSXcqcR7KF3g__ 加入缓存队列
[2016-11-28 17:57:41.601] [DEBUG] 秒拍 - 秒拍 cRfBODx1xH~0SdGcEZl-Bw__ 加入缓存队列
[2016-11-28 17:57:41.603] [DEBUG] 秒拍 - 秒拍 REvveZwrNsIYFwrdNxm0eQ__ 加入缓存队列
[2016-11-28 17:57:41.605] [DEBUG] 秒拍 - 秒拍 Xm2-gVZ6HdXqbflXPvskNg__ 加入缓存队列
[2016-11-28 17:57:41.607] [DEBUG] 秒拍 - 秒拍 4u6CXi7~r1xjn9geRX9dsQ__ 加入缓存队列
[2016-11-28 17:57:41.608] [DEBUG] 秒拍 - 秒拍 doFKTNPpuS3H1sWUoZcu0w__ 加入缓存队列
[2016-11-28 17:57:41.610] [DEBUG] 秒拍 - 秒拍 juafa0~PgjK7zsVp-QLPtA__ 加入缓存队列
[2016-11-28 17:57:41.612] [DEBUG] 秒拍 - 秒拍 N3E6sbvSVHe~6uGYivb43A__ 加入缓存队列
[2016-11-28 17:57:41.614] [DEBUG] 秒拍 - 秒拍 tOqfTr~HmVuzWaBmVtlDlA__ 加入缓存队列
[2016-11-28 17:57:41.616] [DEBUG] 秒拍 - 秒拍 Svt-4n-vIH0HVR0iRLrRvQ__ 加入缓存队列
[2016-11-28 17:57:41.618] [DEBUG] 秒拍 - 秒拍 LOSOnNxFsOkiIvxAlghfXQ__ 加入缓存队列
[2016-11-28 17:57:41.619] [DEBUG] 秒拍 - 秒拍 ibWJYqw10bvDerVaegNehQ__ 加入缓存队列
[2016-11-28 17:57:41.621] [DEBUG] 秒拍 - 秒拍 TgcctIEJm7gg0cxUWfywyw__ 加入缓存队列
