[2016-11-28 17:51:15.696] [TRACE] 秒拍 - DealWith instantiation ...
[2016-11-28 17:51:15.703] [TRACE] 秒拍 - spiderCore instantiation ...
[2016-11-28 17:51:15.705] [TRACE] 秒拍 - 启动函数
[2016-11-28 17:51:15.732] [DEBUG] 秒拍 - 任务信息数据库连接建立...成功
[2016-11-28 17:51:15.735] [DEBUG] 秒拍 - 缓存队列数据库连接建立...成功
[2016-11-28 17:51:15.736] [DEBUG] 秒拍 - 创建数据库连接完毕
[2016-11-28 17:51:15.739] [INFO] 秒拍 - { p: '7', id: '6FwITG9yw7HPkPSw', name: '糗事百科', type: '0' }
[2016-11-28 17:51:16.569] [ERROR] 秒拍 - occur error :  { Error: getaddrinfo ENOTFOUND staging.caihongip.com staging.caihongip.com:80
    at errnoException (dns.js:28:10)
    at GetAddrInfoReqWrap.onlookup [as oncomplete] (dns.js:79:26)
  code: 'ENOTFOUND',
  errno: 'ENOTFOUND',
  syscall: 'getaddrinfo',
  hostname: 'staging.caihongip.com',
  host: 'staging.caihongip.com',
  port: 80 }
[2016-11-28 17:51:37.596] [ERROR] 秒拍 - occur error :  { Error: connect ETIMEDOUT 100.98.39.12:80
    at Object.exports._errnoException (util.js:1007:11)
    at exports._exceptionWithHostPort (util.js:1030:20)
    at TCPConnectWrap.afterConnect [as oncomplete] (net.js:1080:14)
  code: 'ETIMEDOUT',
  errno: 'ETIMEDOUT',
  syscall: 'connect',
  address: '100.98.39.12',
  port: 80 }
[2016-11-28 17:51:37.600] [INFO] 秒拍 - 返回秒拍用户 6FwITG9yw7HPkPSw 连接服务器失败
[2016-11-28 17:51:38.533] [DEBUG] 秒拍 - 秒拍 -0rOMwAb37JPbOtbwGuWlw__ 加入缓存队列
[2016-11-28 17:51:38.539] [DEBUG] 秒拍 - 秒拍 mH2YjOSNsFJ1hanIAcn6zw__ 加入缓存队列
[2016-11-28 17:51:38.543] [DEBUG] 秒拍 - 秒拍 sJ7Q5uv7QDVwAQswJSyedA__ 加入缓存队列
[2016-11-28 17:51:38.549] [DEBUG] 秒拍 - 秒拍 MBNhDjrTC5-nKB5nQInjDQ__ 加入缓存队列
[2016-11-28 17:51:38.553] [DEBUG] 秒拍 - 秒拍 6Gc2xbgn~GAwJclNL~WAQg__ 加入缓存队列
[2016-11-28 17:51:38.556] [DEBUG] 秒拍 - 秒拍 fWBGTxlQujcCPMD1aLK6WQ__ 加入缓存队列
[2016-11-28 17:51:38.561] [DEBUG] 秒拍 - 秒拍 m45aZISqGN50d23G-ewV0w__ 加入缓存队列
[2016-11-28 17:51:38.564] [DEBUG] 秒拍 - 秒拍 ~rlZ0r9cTogxBmUc1DxQDg__ 加入缓存队列
[2016-11-28 17:51:38.568] [DEBUG] 秒拍 - 秒拍 x5ELUvPHuPBMieAJNvrJjA__ 加入缓存队列
[2016-11-28 17:51:38.572] [DEBUG] 秒拍 - 秒拍 RRHQsOXovx3Nd9ORh1Jslg__ 加入缓存队列
[2016-11-28 17:51:38.577] [DEBUG] 秒拍 - 秒拍 eJdVFZElPpMgqrfmTmLyVA__ 加入缓存队列
[2016-11-28 17:51:38.580] [DEBUG] 秒拍 - 秒拍 hUuj7RjkyVC8ooIB6TPsBA__ 加入缓存队列
[2016-11-28 17:51:38.584] [DEBUG] 秒拍 - 秒拍 QWB1ddrwAO9Ut~0tayfTDA__ 加入缓存队列
[2016-11-28 17:51:38.586] [DEBUG] 秒拍 - 秒拍 rK23FvMBzNVHb7GvgE9CJw__ 加入缓存队列
[2016-11-28 17:51:38.589] [DEBUG] 秒拍 - 秒拍 Ogmdx4EOMxE9jmW-OmXirw__ 加入缓存队列
[2016-11-28 17:51:38.591] [DEBUG] 秒拍 - 秒拍 jWzK~Ha5IcALM2B5R6itnA__ 加入缓存队列
[2016-11-28 17:51:38.593] [DEBUG] 秒拍 - 秒拍 ~TH86fvQQ8-DOCBNiyZ1IA__ 加入缓存队列
[2016-11-28 17:51:38.595] [DEBUG] 秒拍 - 秒拍 G0QH-iGGQxNTUXJ8be1W4w__ 加入缓存队列
[2016-11-28 17:51:38.597] [DEBUG] 秒拍 - 秒拍 SB76xN~LD51ZJD-sSYKThQ__ 加入缓存队列
[2016-11-28 17:51:38.599] [DEBUG] 秒拍 - 秒拍 ySR1LU~TBEz13SsRkGyzHg__ 加入缓存队列
[2016-11-28 17:51:39.711] [DEBUG] 秒拍 - 秒拍 SgqrtPMNr6Do7Na403g3BA__ 加入缓存队列
[2016-11-28 17:51:39.715] [DEBUG] 秒拍 - 秒拍 PIySZ2oxD1soiq4uBmmqxA__ 加入缓存队列
[2016-11-28 17:51:39.722] [DEBUG] 秒拍 - 秒拍 qSgBgbd57SYoB7DLRua97Q__ 加入缓存队列
[2016-11-28 17:51:39.726] [DEBUG] 秒拍 - 秒拍 YlzlZM09yAEn-PqQl9WXPA__ 加入缓存队列
[2016-11-28 17:51:39.731] [DEBUG] 秒拍 - 秒拍 B1w3BixpYAZr0mE9f8uQrA__ 加入缓存队列
[2016-11-28 17:51:39.736] [DEBUG] 秒拍 - 秒拍 aopmK~bXRzcD7VF0JTg64w__ 加入缓存队列
[2016-11-28 17:51:39.741] [DEBUG] 秒拍 - 秒拍 Ou7m1womP9rsgzTo-PYdkg__ 加入缓存队列
[2016-11-28 17:51:39.747] [DEBUG] 秒拍 - 秒拍 uJ8yWMN1rDBY7DjcwVKdHA__ 加入缓存队列
[2016-11-28 17:51:39.750] [DEBUG] 秒拍 - 秒拍 sONARPeateeLkRnA0sqhqA__ 加入缓存队列
[2016-11-28 17:51:39.753] [DEBUG] 秒拍 - 秒拍 Dj32E8l1mW6LGawlIGReuQ__ 加入缓存队列
[2016-11-28 17:51:39.756] [DEBUG] 秒拍 - 秒拍 VB71Wi2BeJEtRiCCGDlyFw__ 加入缓存队列
[2016-11-28 17:51:39.760] [DEBUG] 秒拍 - 秒拍 9DSOHMP4DTusmWjRtHctEQ__ 加入缓存队列
[2016-11-28 17:51:39.763] [DEBUG] 秒拍 - 秒拍 oBZuXSFuKBoRPmXw~8mKSg__ 加入缓存队列
[2016-11-28 17:51:39.766] [DEBUG] 秒拍 - 秒拍 sLWfzo5EnKTd6b3N5ykymw__ 加入缓存队列
[2016-11-28 17:51:39.771] [DEBUG] 秒拍 - 秒拍 F4GjI1KE~MNeReEpAO6CiA__ 加入缓存队列
[2016-11-28 17:51:39.775] [DEBUG] 秒拍 - 秒拍 X2pwEr0cELuDCDxOoFrV-g__ 加入缓存队列
[2016-11-28 17:51:39.778] [DEBUG] 秒拍 - 秒拍 1zXxxZrKt395PH6s62ACjg__ 加入缓存队列
[2016-11-28 17:51:39.781] [DEBUG] 秒拍 - 秒拍 8hwPccJJrhfadKSeLzmFag__ 加入缓存队列
[2016-11-28 17:51:39.782] [DEBUG] 秒拍 - 秒拍 khD1tcyELE6HMf3MNGf4tw__ 加入缓存队列
[2016-11-28 17:51:39.785] [DEBUG] 秒拍 - 秒拍 itZrV4pfUcmBe8lwfXdSOQ__ 加入缓存队列
