[2016-11-28 18:38:42.135] [TRACE] 秒拍 - DealWith instantiation ...
[2016-11-28 18:38:42.141] [TRACE] 秒拍 - spiderCore instantiation ...
[2016-11-28 18:38:42.143] [TRACE] 秒拍 - 启动函数
[2016-11-28 18:38:42.171] [DEBUG] 秒拍 - 任务信息数据库连接建立...成功
[2016-11-28 18:38:42.173] [DEBUG] 秒拍 - 缓存队列数据库连接建立...成功
[2016-11-28 18:38:42.174] [DEBUG] 秒拍 - 创建数据库连接完毕
[2016-11-28 18:38:42.176] [INFO] 秒拍 - { p: '7', id: '6FwITG9yw7HPkPSw', name: '糗事百科', type: '0' }
[2016-11-28 18:38:47.762] [ERROR] 秒拍 - occur error :  { Error: getaddrinfo ENOTFOUND staging.caihongip.com staging.caihongip.com:80
    at errnoException (dns.js:28:10)
    at GetAddrInfoReqWrap.onlookup [as oncomplete] (dns.js:79:26)
  code: 'ENOTFOUND',
  errno: 'ENOTFOUND',
  syscall: 'getaddrinfo',
  hostname: 'staging.caihongip.com',
  host: 'staging.caihongip.com',
  port: 80 }
[2016-11-28 18:39:07.465] [ERROR] 秒拍 - occur error :  { Error: connect ETIMEDOUT 100.98.39.12:80
    at Object.exports._errnoException (util.js:1007:11)
    at exports._exceptionWithHostPort (util.js:1030:20)
    at TCPConnectWrap.afterConnect [as oncomplete] (net.js:1080:14)
  code: 'ETIMEDOUT',
  errno: 'ETIMEDOUT',
  syscall: 'connect',
  address: '100.98.39.12',
  port: 80 }
[2016-11-28 18:39:07.472] [INFO] 秒拍 - 返回秒拍用户 6FwITG9yw7HPkPSw 连接服务器失败
[2016-11-28 18:39:14.838] [DEBUG] 秒拍 - 124
[2016-11-28 18:39:14.849] [DEBUG] 秒拍 - 秒拍 -0rOMwAb37JPbOtbwGuWlw__ 加入缓存队列
[2016-11-28 18:39:15.505] [DEBUG] 秒拍 - 143
[2016-11-28 18:39:15.513] [DEBUG] 秒拍 - 秒拍 mH2YjOSNsFJ1hanIAcn6zw__ 加入缓存队列
[2016-11-28 18:39:16.161] [DEBUG] 秒拍 - 75
[2016-11-28 18:39:16.168] [DEBUG] 秒拍 - 秒拍 sJ7Q5uv7QDVwAQswJSyedA__ 加入缓存队列
[2016-11-28 18:39:16.641] [DEBUG] 秒拍 - 100
[2016-11-28 18:39:16.655] [DEBUG] 秒拍 - 秒拍 MBNhDjrTC5-nKB5nQInjDQ__ 加入缓存队列
[2016-11-28 18:39:16.799] [DEBUG] 秒拍 - 91
[2016-11-28 18:39:16.808] [DEBUG] 秒拍 - 秒拍 6Gc2xbgn~GAwJclNL~WAQg__ 加入缓存队列
[2016-11-28 18:39:16.928] [DEBUG] 秒拍 - 182
[2016-11-28 18:39:16.938] [DEBUG] 秒拍 - 秒拍 fWBGTxlQujcCPMD1aLK6WQ__ 加入缓存队列
[2016-11-28 18:39:17.034] [DEBUG] 秒拍 - 109
[2016-11-28 18:39:17.043] [DEBUG] 秒拍 - 秒拍 m45aZISqGN50d23G-ewV0w__ 加入缓存队列
[2016-11-28 18:39:17.156] [DEBUG] 秒拍 - 127
[2016-11-28 18:39:17.169] [DEBUG] 秒拍 - 秒拍 ~rlZ0r9cTogxBmUc1DxQDg__ 加入缓存队列
[2016-11-28 18:39:17.285] [DEBUG] 秒拍 - 91
[2016-11-28 18:39:17.291] [DEBUG] 秒拍 - 秒拍 x5ELUvPHuPBMieAJNvrJjA__ 加入缓存队列
[2016-11-28 18:39:17.407] [DEBUG] 秒拍 - 118
[2016-11-28 18:39:17.414] [DEBUG] 秒拍 - 秒拍 RRHQsOXovx3Nd9ORh1Jslg__ 加入缓存队列
[2016-11-28 18:39:17.509] [DEBUG] 秒拍 - 142
[2016-11-28 18:39:17.516] [DEBUG] 秒拍 - 秒拍 eJdVFZElPpMgqrfmTmLyVA__ 加入缓存队列
[2016-11-28 18:39:17.669] [DEBUG] 秒拍 - 47
[2016-11-28 18:39:17.680] [DEBUG] 秒拍 - 秒拍 hUuj7RjkyVC8ooIB6TPsBA__ 加入缓存队列
