[2016-12-02 17:05:36.357] [TRACE] 小影 - DealWith instantiation ...
[2016-12-02 17:05:36.364] [TRACE] 小影 - spiderCore instantiation ...
[2016-12-02 17:05:36.366] [TRACE] 小影 - 启动函数
[2016-12-02 17:05:36.557] [DEBUG] 小影 - 缓存队列数据库连接建立...成功
[2016-12-02 17:05:36.559] [DEBUG] 小影 - 任务信息数据库连接建立...成功
[2016-12-02 17:05:36.561] [DEBUG] 小影 - 创建数据库连接完毕
[2016-12-02 17:05:36.568] [TRACE] 小影 - Queue get ready
[2016-12-02 17:05:36.794] [TRACE] 小影 - Get xiaoying task!
[2016-12-02 17:05:36.796] [INFO] 小影 - { id: 'a7aI9', p: '17', name: '真是奇怪Le公共账号', type: '0' }
[2016-12-02 17:05:36.824] [DEBUG] 小影 - 开始获取视频总数
[2016-12-02 17:05:36.929] [TRACE] 小影 - Get xiaoying task!
[2016-12-02 17:05:36.931] [INFO] 小影 - { id: 'bfoX9', p: '17', name: '女神TV', type: '0' }
[2016-12-02 17:05:36.942] [DEBUG] 小影 - 开始获取视频总数
[2016-12-02 17:05:36.945] [TRACE] 小影 - Get xiaoying task!
[2016-12-02 17:05:36.947] [INFO] 小影 - { id: 'bTbd1', p: '17', name: '槑文化', type: '0' }
[2016-12-02 17:05:36.958] [DEBUG] 小影 - 开始获取视频总数
[2016-12-02 17:05:36.962] [TRACE] 小影 - Get xiaoying task!
[2016-12-02 17:05:36.964] [INFO] 小影 - { id: 'lakwy', p: '17', name: '二更视频', type: '0' }
[2016-12-02 17:05:36.966] [DEBUG] 小影 - 开始获取视频总数
[2016-12-02 17:05:36.970] [TRACE] 小影 - Get xiaoying task!
[2016-12-02 17:05:36.972] [INFO] 小影 - { id: 'z2ses', p: '17', name: '陈翔六点半', type: '0' }
[2016-12-02 17:05:36.976] [DEBUG] 小影 - 开始获取视频总数
[2016-12-02 17:05:36.981] [TRACE] 小影 - Get xiaoying task!
[2016-12-02 17:05:36.989] [INFO] 小影 - { id: '9bTy1', p: '17', name: '软软其实不太硬', type: '0' }
[2016-12-02 17:05:36.994] [DEBUG] 小影 - 开始获取视频总数
[2016-12-02 17:05:36.997] [TRACE] 小影 - Get xiaoying task!
[2016-12-02 17:05:36.999] [INFO] 小影 - { id: '7yh3X', p: '17', name: '一风之音&apos;', type: '0' }
[2016-12-02 17:05:37.002] [DEBUG] 小影 - 开始获取视频总数
[2016-12-02 17:05:37.004] [TRACE] 小影 - Get xiaoying task!
[2016-12-02 17:05:37.005] [INFO] 小影 - { id: 'C7k9d', p: '17', name: 'Maxonor 创意公元', type: '0' }
[2016-12-02 17:05:37.008] [DEBUG] 小影 - 开始获取视频总数
[2016-12-02 17:05:37.011] [TRACE] 小影 - Get xiaoying task!
[2016-12-02 17:05:37.013] [INFO] 小影 - { id: 'qbs5k', p: '17', name: '《飞碟说》小万WGX', type: '0' }
[2016-12-02 17:05:37.019] [DEBUG] 小影 - 开始获取视频总数
[2016-12-02 17:05:38.111] [DEBUG] 小影 - 用户: a7aI9 back_end
[2016-12-02 17:05:38.116] [DEBUG] 小影 - 用户: bfoX9 back_end
[2016-12-02 17:05:38.120] [DEBUG] 小影 - 用户: qbs5k back_end
[2016-12-02 17:05:38.130] [DEBUG] 小影 - 用户: 7yh3X back_end
[2016-12-02 17:05:38.499] [DEBUG] 小影 - 用户: C7k9d back_end
[2016-12-02 17:05:38.668] [DEBUG] 小影 - 用户: 9bTy1 back_end
[2016-12-02 17:05:38.733] [DEBUG] 小影 - 用户: z2ses back_end
[2016-12-02 17:05:38.916] [DEBUG] 小影 - 用户: lakwy back_end
[2016-12-02 17:05:38.948] [DEBUG] 小影 - 用户: bTbd1 back_end
[2016-12-02 17:05:58.818] [ERROR] 小影 - occur error :  { Error: connect ETIMEDOUT 100.98.39.12:80
    at Object.exports._errnoException (util.js:1007:11)
    at exports._exceptionWithHostPort (util.js:1030:20)
    at TCPConnectWrap.afterConnect [as oncomplete] (net.js:1080:14)
  code: 'ETIMEDOUT',
  errno: 'ETIMEDOUT',
  syscall: 'connect',
  address: '100.98.39.12',
  port: 80 }
[2016-12-02 17:05:58.827] [INFO] 小影 - 返回小影用户 a7aI9 连接服务器失败
[2016-12-02 17:05:58.831] [DEBUG] 小影 - 开始获取第1页视频列表
[2016-12-02 17:05:58.836] [ERROR] 小影 - occur error :  { Error: connect ETIMEDOUT 100.98.39.12:80
    at Object.exports._errnoException (util.js:1007:11)
    at exports._exceptionWithHostPort (util.js:1030:20)
    at TCPConnectWrap.afterConnect [as oncomplete] (net.js:1080:14)
  code: 'ETIMEDOUT',
  errno: 'ETIMEDOUT',
  syscall: 'connect',
  address: '100.98.39.12',
  port: 80 }
[2016-12-02 17:05:58.840] [INFO] 小影 - 返回小影用户 bfoX9 连接服务器失败
[2016-12-02 17:05:58.843] [DEBUG] 小影 - 开始获取第1页视频列表
[2016-12-02 17:05:58.848] [ERROR] 小影 - occur error :  { Error: connect ETIMEDOUT 100.98.39.12:80
    at Object.exports._errnoException (util.js:1007:11)
    at exports._exceptionWithHostPort (util.js:1030:20)
    at TCPConnectWrap.afterConnect [as oncomplete] (net.js:1080:14)
  code: 'ETIMEDOUT',
  errno: 'ETIMEDOUT',
  syscall: 'connect',
  address: '100.98.39.12',
  port: 80 }
[2016-12-02 17:05:58.850] [INFO] 小影 - 返回小影用户 qbs5k 连接服务器失败
[2016-12-02 17:05:58.853] [DEBUG] 小影 - 开始获取第1页视频列表
[2016-12-02 17:05:58.858] [ERROR] 小影 - occur error :  { Error: connect ETIMEDOUT 100.98.39.12:80
    at Object.exports._errnoException (util.js:1007:11)
    at exports._exceptionWithHostPort (util.js:1030:20)
    at TCPConnectWrap.afterConnect [as oncomplete] (net.js:1080:14)
  code: 'ETIMEDOUT',
  errno: 'ETIMEDOUT',
  syscall: 'connect',
  address: '100.98.39.12',
  port: 80 }
[2016-12-02 17:05:58.861] [INFO] 小影 - 返回小影用户 7yh3X 连接服务器失败
[2016-12-02 17:05:58.863] [DEBUG] 小影 - 开始获取第1页视频列表
[2016-12-02 17:05:59.167] [DEBUG] 小影 - 20161201145834+++++
[2016-12-02 17:05:59.168] [DEBUG] 小影 - 1480575514------
[2016-12-02 17:05:59.175] [DEBUG] 小影 - 20160830003841+++++
[2016-12-02 17:05:59.176] [DEBUG] 小影 - 1472488721------
[2016-12-02 17:05:59.180] [DEBUG] 小影 - 20160611135836+++++
[2016-12-02 17:05:59.182] [DEBUG] 小影 - 1465624716------
[2016-12-02 17:05:59.183] [DEBUG] 小影 - result :  { user: '用户信息已返回', media: '视频信息已返回' }
[2016-12-02 17:05:59.196] [DEBUG] 小影 - 20160302062720+++++
[2016-12-02 17:05:59.198] [DEBUG] 小影 - 1456871240------
[2016-12-02 17:05:59.201] [DEBUG] 小影 - 小影 rdPrb 加入缓存队列
[2016-12-02 17:05:59.203] [DEBUG] 小影 - 小影 2f5wg 加入缓存队列
[2016-12-02 17:05:59.207] [DEBUG] 小影 - 小影 I8qwn 加入缓存队列
[2016-12-02 17:05:59.209] [DEBUG] 小影 - 小影 blarf 加入缓存队列
[2016-12-02 17:05:59.339] [DEBUG] 小影 - 20160302061929+++++
[2016-12-02 17:05:59.342] [DEBUG] 小影 - 1456870769------
[2016-12-02 17:05:59.349] [DEBUG] 小影 - 20160829203742+++++
[2016-12-02 17:05:59.351] [DEBUG] 小影 - 1472474262------
[2016-12-02 17:05:59.354] [DEBUG] 小影 - 20161130145650+++++
[2016-12-02 17:05:59.356] [DEBUG] 小影 - 1480489010------
[2016-12-02 17:05:59.362] [DEBUG] 小影 - 小影 blaPh 加入缓存队列
[2016-12-02 17:05:59.363] [DEBUG] 小影 - 小影 24s23 加入缓存队列
[2016-12-02 17:05:59.365] [DEBUG] 小影 - 小影 rCCwq 加入缓存队列
[2016-12-02 17:05:59.455] [ERROR] 小影 - occur error :  { Error: connect ETIMEDOUT 100.98.39.12:80
    at Object.exports._errnoException (util.js:1007:11)
    at exports._exceptionWithHostPort (util.js:1030:20)
    at TCPConnectWrap.afterConnect [as oncomplete] (net.js:1080:14)
  code: 'ETIMEDOUT',
  errno: 'ETIMEDOUT',
  syscall: 'connect',
  address: '100.98.39.12',
  port: 80 }
[2016-12-02 17:05:59.457] [INFO] 小影 - 返回小影用户 C7k9d 连接服务器失败
[2016-12-02 17:05:59.459] [DEBUG] 小影 - 开始获取第1页视频列表
[2016-12-02 17:05:59.517] [DEBUG] 小影 - 20161128174104+++++
[2016-12-02 17:05:59.519] [DEBUG] 小影 - 1480326064------
[2016-12-02 17:05:59.524] [DEBUG] 小影 - 小影 raqzd 加入缓存队列
[2016-12-02 17:05:59.528] [DEBUG] 小影 - 20160229192850+++++
[2016-12-02 17:05:59.530] [DEBUG] 小影 - 1456745330------
[2016-12-02 17:05:59.536] [DEBUG] 小影 - 20160828015348+++++
[2016-12-02 17:05:59.538] [DEBUG] 小影 - 1472320428------
[2016-12-02 17:05:59.541] [DEBUG] 小影 - result :  { user: '用户信息已返回', media: '视频信息已返回' }
[2016-12-02 17:05:59.546] [DEBUG] 小影 - 小影 bo1bb 加入缓存队列
[2016-12-02 17:05:59.548] [DEBUG] 小影 - 小影 2hCTa 加入缓存队列
[2016-12-02 17:05:59.616] [ERROR] 小影 - occur error :  { Error: connect ETIMEDOUT 100.98.39.12:80
    at Object.exports._errnoException (util.js:1007:11)
    at exports._exceptionWithHostPort (util.js:1030:20)
    at TCPConnectWrap.afterConnect [as oncomplete] (net.js:1080:14)
  code: 'ETIMEDOUT',
  errno: 'ETIMEDOUT',
  syscall: 'connect',
  address: '100.98.39.12',
  port: 80 }
[2016-12-02 17:05:59.623] [INFO] 小影 - 返回小影用户 9bTy1 连接服务器失败
[2016-12-02 17:05:59.629] [DEBUG] 小影 - 开始获取第1页视频列表
[2016-12-02 17:05:59.704] [DEBUG] 小影 - 20161013195242+++++
[2016-12-02 17:05:59.705] [DEBUG] 小影 - 1476359562------
[2016-12-02 17:05:59.709] [DEBUG] 小影 - 小影 n3dja 加入缓存队列
[2016-12-02 17:05:59.717] [DEBUG] 小影 - 20160229061515+++++
[2016-12-02 17:05:59.719] [DEBUG] 小影 - 1456697715------
[2016-12-02 17:05:59.725] [DEBUG] 小影 - 20161128115002+++++
[2016-12-02 17:05:59.726] [DEBUG] 小影 - 1480305002------
[2016-12-02 17:05:59.729] [DEBUG] 小影 - 小影 boo5y 加入缓存队列
[2016-12-02 17:05:59.730] [DEBUG] 小影 - 小影 r96hj 加入缓存队列
[2016-12-02 17:05:59.755] [ERROR] 小影 - occur error :  { Error: connect ETIMEDOUT 100.98.39.12:80
    at Object.exports._errnoException (util.js:1007:11)
    at exports._exceptionWithHostPort (util.js:1030:20)
    at TCPConnectWrap.afterConnect [as oncomplete] (net.js:1080:14)
  code: 'ETIMEDOUT',
  errno: 'ETIMEDOUT',
  syscall: 'connect',
  address: '100.98.39.12',
  port: 80 }
[2016-12-02 17:05:59.758] [INFO] 小影 - 返回小影用户 z2ses 连接服务器失败
[2016-12-02 17:05:59.760] [DEBUG] 小影 - 开始获取第1页视频列表
[2016-12-02 17:05:59.858] [DEBUG] 小影 - 20161128111647+++++
[2016-12-02 17:05:59.859] [DEBUG] 小影 - 1480303007------
[2016-12-02 17:05:59.865] [DEBUG] 小影 - 20161013193348+++++
[2016-12-02 17:05:59.867] [DEBUG] 小影 - 1476358428------
[2016-12-02 17:05:59.869] [DEBUG] 小影 - 小影 r9sz2 加入缓存队列
[2016-12-02 17:05:59.872] [DEBUG] 小影 - 小影 n3Ce4 加入缓存队列
[2016-12-02 17:05:59.903] [ERROR] 小影 - occur error :  { Error: connect ETIMEDOUT 100.98.39.12:80
    at Object.exports._errnoException (util.js:1007:11)
    at exports._exceptionWithHostPort (util.js:1030:20)
    at TCPConnectWrap.afterConnect [as oncomplete] (net.js:1080:14)
  code: 'ETIMEDOUT',
  errno: 'ETIMEDOUT',
  syscall: 'connect',
  address: '100.98.39.12',
  port: 80 }
[2016-12-02 17:05:59.907] [INFO] 小影 - 返回小影用户 bTbd1 连接服务器失败
[2016-12-02 17:05:59.909] [DEBUG] 小影 - 开始获取第1页视频列表
[2016-12-02 17:05:59.913] [DEBUG] 小影 - 20160526141704+++++
[2016-12-02 17:05:59.914] [DEBUG] 小影 - 1464243424------
[2016-12-02 17:05:59.924] [DEBUG] 小影 - 小影 eIClT 加入缓存队列
[2016-12-02 17:05:59.965] [ERROR] 小影 - occur error :  { Error: connect ETIMEDOUT 100.98.39.12:80
    at Object.exports._errnoException (util.js:1007:11)
    at exports._exceptionWithHostPort (util.js:1030:20)
    at TCPConnectWrap.afterConnect [as oncomplete] (net.js:1080:14)
  code: 'ETIMEDOUT',
  errno: 'ETIMEDOUT',
  syscall: 'connect',
  address: '100.98.39.12',
  port: 80 }
[2016-12-02 17:05:59.968] [INFO] 小影 - 返回小影用户 lakwy 连接服务器失败
[2016-12-02 17:05:59.970] [DEBUG] 小影 - 开始获取第1页视频列表
[2016-12-02 17:06:00.026] [DEBUG] 小影 - 20161127130604+++++
[2016-12-02 17:06:00.028] [DEBUG] 小影 - 1480223164------
[2016-12-02 17:06:00.036] [DEBUG] 小影 - 20161013191717+++++
[2016-12-02 17:06:00.037] [DEBUG] 小影 - 1476357437------
[2016-12-02 17:06:00.042] [DEBUG] 小影 - 小影 rlgPv 加入缓存队列
[2016-12-02 17:06:00.047] [DEBUG] 小影 - 小影 n3b6m 加入缓存队列
[2016-12-02 17:06:00.053] [DEBUG] 小影 - 20160520164518+++++
[2016-12-02 17:06:00.055] [DEBUG] 小影 - 1463733918------
[2016-12-02 17:06:00.060] [DEBUG] 小影 - 小影 egdfw 加入缓存队列
[2016-12-02 17:06:00.070] [DEBUG] 小影 - 20161201184012+++++
[2016-12-02 17:06:00.072] [DEBUG] 小影 - 1480588812------
[2016-12-02 17:06:00.079] [DEBUG] 小影 - 小影 rd0Cq 加入缓存队列
[2016-12-02 17:06:00.156] [DEBUG] 小影 - 20161130171029+++++
[2016-12-02 17:06:00.157] [DEBUG] 小影 - 1480497029------
[2016-12-02 17:06:00.162] [DEBUG] 小影 - 小影 rCkjd 加入缓存队列
[2016-12-02 17:06:00.180] [DEBUG] 小影 - 20161125085835+++++
[2016-12-02 17:06:00.182] [DEBUG] 小影 - 1480035515------
[2016-12-02 17:06:00.192] [DEBUG] 小影 - 20160520120043+++++
[2016-12-02 17:06:00.194] [DEBUG] 小影 - 1463716843------
[2016-12-02 17:06:00.196] [DEBUG] 小影 - result :  { user: '用户信息已返回', media: '视频信息已返回' }
[2016-12-02 17:06:00.200] [DEBUG] 小影 - 20161013191241+++++
[2016-12-02 17:06:00.202] [DEBUG] 小影 - 1476357161------
[2016-12-02 17:06:00.204] [DEBUG] 小影 - 小影 rfhdb 加入缓存队列
[2016-12-02 17:06:00.206] [DEBUG] 小影 - 小影 egq7U 加入缓存队列
[2016-12-02 17:06:00.208] [DEBUG] 小影 - 小影 n3bkC 加入缓存队列
[2016-12-02 17:06:00.239] [DEBUG] 小影 - 20161130183703+++++
[2016-12-02 17:06:00.240] [DEBUG] 小影 - 1480502223------
[2016-12-02 17:06:00.244] [DEBUG] 小影 - 小影 rCrvC 加入缓存队列
[2016-12-02 17:06:00.286] [DEBUG] 小影 - 20161201150530+++++
[2016-12-02 17:06:00.289] [DEBUG] 小影 - 1480575930------
[2016-12-02 17:06:00.293] [DEBUG] 小影 - 小影 rdrv2 加入缓存队列
[2016-12-02 17:06:00.306] [DEBUG] 小影 - 20161126215254+++++
[2016-12-02 17:06:00.307] [DEBUG] 小影 - 1480168374------
[2016-12-02 17:06:00.314] [DEBUG] 小影 - 小影 rgPmg 加入缓存队列
[2016-12-02 17:06:00.331] [DEBUG] 小影 - 20161123160350+++++
[2016-12-02 17:06:00.332] [DEBUG] 小影 - 1479888230------
[2016-12-02 17:06:00.337] [DEBUG] 小影 - 小影 rhr2y 加入缓存队列
[2016-12-02 17:06:00.356] [DEBUG] 小影 - 20161009121825+++++
[2016-12-02 17:06:00.358] [DEBUG] 小影 - 1475986705------
[2016-12-02 17:06:00.360] [DEBUG] 小影 - result :  { user: '用户信息已返回', media: '视频信息已返回' }
[2016-12-02 17:06:00.366] [DEBUG] 小影 - 小影 nkn54 加入缓存队列
[2016-12-02 17:06:00.377] [DEBUG] 小影 - 20161129190806+++++
[2016-12-02 17:06:00.379] [DEBUG] 小影 - 1480417686------
[2016-12-02 17:06:00.384] [DEBUG] 小影 - 小影 rbej8 加入缓存队列
[2016-12-02 17:06:00.453] [DEBUG] 小影 - 20161201132747+++++
[2016-12-02 17:06:00.457] [DEBUG] 小影 - 1480570067------
[2016-12-02 17:06:00.467] [DEBUG] 小影 - 20161124120129+++++
[2016-12-02 17:06:00.470] [DEBUG] 小影 - 1479960089------
[2016-12-02 17:06:00.483] [DEBUG] 小影 - 小影 rd2Iy 加入缓存队列
[2016-12-02 17:06:00.485] [DEBUG] 小影 - 小影 r86kX 加入缓存队列
[2016-12-02 17:06:00.493] [DEBUG] 小影 - 20161123155713+++++
[2016-12-02 17:06:00.495] [DEBUG] 小影 - 1479887833------
[2016-12-02 17:06:00.501] [DEBUG] 小影 - 小影 rhre7 加入缓存队列
