[2016-11-25 10:27:48.468] [TRACE] 搜狐视频 - DealWith instantiation ...
[2016-11-25 10:27:48.468] [TRACE] 搜狐视频 - spiderCore instantiation ...
[2016-11-25 10:27:48.468] [TRACE] 搜狐视频 - 启动函数
[2016-11-25 10:27:48.502] [DEBUG] 搜狐视频 - 任务信息数据库连接建立...成功
[2016-11-25 10:27:48.502] [DEBUG] 搜狐视频 - 缓存队列数据库连接建立...成功
[2016-11-25 10:27:48.502] [DEBUG] 搜狐视频 - 创建数据库连接完毕
[2016-11-25 10:27:48.502] [TRACE] 搜狐视频 - Queue get ready
[2016-11-25 10:27:48.560] [TRACE] 搜狐视频 - Get souhu task!
[2016-11-25 10:27:48.562] [INFO] 搜狐视频 - { id: '256573332', p: '9', name: 'DayDayCook', type: '0' }
[2016-11-25 10:27:48.598] [TRACE] 搜狐视频 - Get souhu task!
[2016-11-25 10:27:48.600] [INFO] 搜狐视频 - { id: '202088812', p: '9', name: '畅所欲言秀', type: '0' }
[2016-11-25 10:27:48.603] [TRACE] 搜狐视频 - Get souhu task!
[2016-11-25 10:27:48.603] [INFO] 搜狐视频 - { id: '289466293', p: '9', name: '张逗张花', type: '0' }
[2016-11-25 10:27:48.603] [TRACE] 搜狐视频 - Get souhu task!
[2016-11-25 10:27:48.603] [INFO] 搜狐视频 - { id: '266868864', p: '9', name: '星座不求人', type: '0' }
[2016-11-25 10:27:48.603] [TRACE] 搜狐视频 - Get souhu task!
[2016-11-25 10:27:48.603] [INFO] 搜狐视频 - { id: '142228397', p: '9', name: '暴走漫画官方', type: '0' }
[2016-11-25 10:27:48.618] [TRACE] 搜狐视频 - Get souhu task!
[2016-11-25 10:27:48.618] [INFO] 搜狐视频 - { id: '289336614', p: '9', name: '野心TV', type: '0' }
[2016-11-25 10:27:48.618] [TRACE] 搜狐视频 - Get souhu task!
[2016-11-25 10:27:48.618] [INFO] 搜狐视频 - { id: '283278645', p: '9', name: '微在不懂爱', type: '0' }
[2016-11-25 10:27:48.618] [TRACE] 搜狐视频 - Get souhu task!
[2016-11-25 10:27:48.618] [INFO] 搜狐视频 - { id: '247466018', p: '9', name: '糗事百科', type: '0' }
[2016-11-25 10:27:48.634] [TRACE] 搜狐视频 - Get souhu task!
[2016-11-25 10:27:48.634] [INFO] 搜狐视频 - { id: '243644413', p: '9', name: '陈翔六点半', type: '0' }
[2016-11-25 10:27:48.802] [DEBUG] 搜狐视频 - 用户: 202088812 back_end
[2016-11-25 10:27:48.802] [DEBUG] 搜狐视频 - 用户: 256573332 back_end
[2016-11-25 10:27:48.802] [DEBUG] 搜狐视频 - 用户: 289466293 back_end
[2016-11-25 10:28:09.749] [ERROR] 搜狐视频 - occur error :  { Error: connect ETIMEDOUT 100.98.39.12:80
    at Object.exports._errnoException (util.js:1007:11)
    at exports._exceptionWithHostPort (util.js:1030:20)
    at TCPConnectWrap.afterConnect [as oncomplete] (net.js:1080:14)
  code: 'ETIMEDOUT',
  errno: 'ETIMEDOUT',
  syscall: 'connect',
  address: '100.98.39.12',
  port: 80 }
[2016-11-25 10:28:09.760] [INFO] 搜狐视频 - 返回搜狐视频用户 289336614 连接服务器失败
[2016-11-25 10:28:09.771] [ERROR] 搜狐视频 - occur error :  { Error: connect ETIMEDOUT 100.98.39.12:80
    at Object.exports._errnoException (util.js:1007:11)
    at exports._exceptionWithHostPort (util.js:1030:20)
    at TCPConnectWrap.afterConnect [as oncomplete] (net.js:1080:14)
  code: 'ETIMEDOUT',
  errno: 'ETIMEDOUT',
  syscall: 'connect',
  address: '100.98.39.12',
  port: 80 }
[2016-11-25 10:28:09.779] [INFO] 搜狐视频 - 返回搜狐视频用户 202088812 连接服务器失败
[2016-11-25 10:28:09.782] [ERROR] 搜狐视频 - occur error :  { Error: connect ETIMEDOUT 100.98.39.12:80
    at Object.exports._errnoException (util.js:1007:11)
    at exports._exceptionWithHostPort (util.js:1030:20)
    at TCPConnectWrap.afterConnect [as oncomplete] (net.js:1080:14)
  code: 'ETIMEDOUT',
  errno: 'ETIMEDOUT',
  syscall: 'connect',
  address: '100.98.39.12',
  port: 80 }
[2016-11-25 10:28:09.785] [INFO] 搜狐视频 - 返回搜狐视频用户 289466293 连接服务器失败
[2016-11-25 10:28:09.791] [ERROR] 搜狐视频 - occur error :  { Error: connect ETIMEDOUT 100.98.39.12:80
    at Object.exports._errnoException (util.js:1007:11)
    at exports._exceptionWithHostPort (util.js:1030:20)
    at TCPConnectWrap.afterConnect [as oncomplete] (net.js:1080:14)
  code: 'ETIMEDOUT',
  errno: 'ETIMEDOUT',
  syscall: 'connect',
  address: '100.98.39.12',
  port: 80 }
[2016-11-25 10:28:09.796] [INFO] 搜狐视频 - 返回搜狐视频用户 266868864 连接服务器失败
[2016-11-25 10:28:09.968] [ERROR] 搜狐视频 - occur error :  { Error: connect ETIMEDOUT 100.98.39.12:80
    at Object.exports._errnoException (util.js:1007:11)
    at exports._exceptionWithHostPort (util.js:1030:20)
    at TCPConnectWrap.afterConnect [as oncomplete] (net.js:1080:14)
  code: 'ETIMEDOUT',
  errno: 'ETIMEDOUT',
  syscall: 'connect',
  address: '100.98.39.12',
  port: 80 }
[2016-11-25 10:28:09.972] [INFO] 搜狐视频 - 返回搜狐视频用户 243644413 连接服务器失败
[2016-11-25 10:28:09.978] [ERROR] 搜狐视频 - occur error :  { Error: connect ETIMEDOUT 100.98.39.12:80
    at Object.exports._errnoException (util.js:1007:11)
    at exports._exceptionWithHostPort (util.js:1030:20)
    at TCPConnectWrap.afterConnect [as oncomplete] (net.js:1080:14)
  code: 'ETIMEDOUT',
  errno: 'ETIMEDOUT',
  syscall: 'connect',
  address: '100.98.39.12',
  port: 80 }
[2016-11-25 10:28:09.981] [INFO] 搜狐视频 - 返回搜狐视频用户 142228397 连接服务器失败
[2016-11-25 10:28:09.984] [ERROR] 搜狐视频 - occur error :  { Error: connect ETIMEDOUT 100.98.39.12:80
    at Object.exports._errnoException (util.js:1007:11)
    at exports._exceptionWithHostPort (util.js:1030:20)
    at TCPConnectWrap.afterConnect [as oncomplete] (net.js:1080:14)
  code: 'ETIMEDOUT',
  errno: 'ETIMEDOUT',
  syscall: 'connect',
  address: '100.98.39.12',
  port: 80 }
[2016-11-25 10:28:09.988] [INFO] 搜狐视频 - 返回搜狐视频用户 256573332 连接服务器失败
[2016-11-25 10:28:10.042] [ERROR] 搜狐视频 - occur error :  { Error: connect ETIMEDOUT 100.98.39.12:80
    at Object.exports._errnoException (util.js:1007:11)
    at exports._exceptionWithHostPort (util.js:1030:20)
    at TCPConnectWrap.afterConnect [as oncomplete] (net.js:1080:14)
  code: 'ETIMEDOUT',
  errno: 'ETIMEDOUT',
  syscall: 'connect',
  address: '100.98.39.12',
  port: 80 }
[2016-11-25 10:28:10.046] [INFO] 搜狐视频 - 返回搜狐视频用户 283278645 连接服务器失败
[2016-11-25 10:28:10.050] [ERROR] 搜狐视频 - occur error :  { Error: connect ETIMEDOUT 100.98.39.12:80
    at Object.exports._errnoException (util.js:1007:11)
    at exports._exceptionWithHostPort (util.js:1030:20)
    at TCPConnectWrap.afterConnect [as oncomplete] (net.js:1080:14)
  code: 'ETIMEDOUT',
  errno: 'ETIMEDOUT',
  syscall: 'connect',
  address: '100.98.39.12',
  port: 80 }
[2016-11-25 10:28:10.054] [INFO] 搜狐视频 - 返回搜狐视频用户 247466018 连接服务器失败
[2016-11-25 10:28:10.141] [DEBUG] 搜狐视频 - 搜狐视频 86109607 加入缓存队列
[2016-11-25 10:28:10.144] [DEBUG] 搜狐视频 - 搜狐视频 86111699 加入缓存队列
[2016-11-25 10:28:10.212] [DEBUG] 搜狐视频 - 搜狐视频 86043675 加入缓存队列
[2016-11-25 10:28:10.212] [DEBUG] 搜狐视频 - 搜狐视频 86047671 加入缓存队列
[2016-11-25 10:28:10.228] [DEBUG] 搜狐视频 - 搜狐视频 86108170 加入缓存队列
[2016-11-25 10:28:10.292] [DEBUG] 搜狐视频 - 搜狐视频 85906476 加入缓存队列
[2016-11-25 10:28:10.313] [DEBUG] 搜狐视频 - 搜狐视频 85958133 加入缓存队列
[2016-11-25 10:28:10.392] [DEBUG] 搜狐视频 - 搜狐视频 86109361 加入缓存队列
[2016-11-25 10:28:10.413] [DEBUG] 搜狐视频 - 搜狐视频 85839830 加入缓存队列
[2016-11-25 10:28:10.424] [DEBUG] 搜狐视频 - 搜狐视频 86114234 加入缓存队列
[2016-11-25 10:28:10.464] [DEBUG] 搜狐视频 - 搜狐视频 86087406 加入缓存队列
[2016-11-25 10:28:10.464] [DEBUG] 搜狐视频 - 搜狐视频 86074726 加入缓存队列
[2016-11-25 10:28:10.479] [DEBUG] 搜狐视频 - 搜狐视频 86106666 加入缓存队列
[2016-11-25 10:28:10.562] [DEBUG] 搜狐视频 - 搜狐视频 86102723 加入缓存队列
[2016-11-25 10:28:10.578] [DEBUG] 搜狐视频 - 搜狐视频 86090820 加入缓存队列
[2016-11-25 10:28:10.578] [DEBUG] 搜狐视频 - 搜狐视频 86025852 加入缓存队列
[2016-11-25 10:28:10.597] [DEBUG] 搜狐视频 - 搜狐视频 86003619 加入缓存队列
[2016-11-25 10:28:10.629] [DEBUG] 搜狐视频 - 搜狐视频 86078611 加入缓存队列
[2016-11-25 10:28:10.662] [DEBUG] 搜狐视频 - 搜狐视频 86066471 加入缓存队列
[2016-11-25 10:28:10.677] [DEBUG] 搜狐视频 - 搜狐视频 85942122 加入缓存队列
[2016-11-25 10:28:10.733] [DEBUG] 搜狐视频 - 搜狐视频 85872158 加入缓存队列
[2016-11-25 10:28:10.736] [DEBUG] 搜狐视频 - 搜狐视频 85739791 加入缓存队列
[2016-11-25 10:28:10.747] [DEBUG] 搜狐视频 - 搜狐视频 86061412 加入缓存队列
[2016-11-25 10:28:10.818] [DEBUG] 搜狐视频 - 搜狐视频 86057274 加入缓存队列
[2016-11-25 10:28:10.819] [DEBUG] 搜狐视频 - 搜狐视频 85887628 加入缓存队列
[2016-11-25 10:28:10.882] [DEBUG] 搜狐视频 - 搜狐视频 86038417 加入缓存队列
[2016-11-25 10:28:10.908] [DEBUG] 搜狐视频 - 搜狐视频 85813124 加入缓存队列
[2016-11-25 10:28:10.943] [DEBUG] 搜狐视频 - 搜狐视频 85988828 加入缓存队列
[2016-11-25 10:28:10.974] [DEBUG] 搜狐视频 - 搜狐视频 85784550 加入缓存队列
[2016-11-25 10:28:11.013] [DEBUG] 搜狐视频 - 搜狐视频 85988691 加入缓存队列
[2016-11-25 10:28:11.034] [DEBUG] 搜狐视频 - 搜狐视频 85976998 加入缓存队列
[2016-11-25 10:28:11.084] [DEBUG] 搜狐视频 - 搜狐视频 85768931 加入缓存队列
[2016-11-25 10:28:11.092] [DEBUG] 搜狐视频 - 搜狐视频 85749338 加入缓存队列
[2016-11-25 10:28:11.120] [DEBUG] 搜狐视频 - 搜狐视频 85926541 加入缓存队列
[2016-11-25 10:28:11.122] [DEBUG] 搜狐视频 - 搜狐视频 85633383 加入缓存队列
[2016-11-25 10:28:11.128] [DEBUG] 搜狐视频 - 搜狐视频 85966694 加入缓存队列
[2016-11-25 10:28:11.197] [DEBUG] 搜狐视频 - 搜狐视频 85960374 加入缓存队列
[2016-11-25 10:28:11.218] [DEBUG] 搜狐视频 - 搜狐视频 85865826 加入缓存队列
[2016-11-25 10:28:11.235] [DEBUG] 搜狐视频 - 搜狐视频 86062897 加入缓存队列
[2016-11-25 10:28:11.260] [DEBUG] 搜狐视频 - 搜狐视频 85954250 加入缓存队列
[2016-11-25 10:28:11.287] [DEBUG] 搜狐视频 - 搜狐视频 85822102 加入缓存队列
[2016-11-25 10:28:11.296] [DEBUG] 搜狐视频 - 搜狐视频 85946694 加入缓存队列
[2016-11-25 10:28:11.364] [DEBUG] 搜狐视频 - 搜狐视频 85811192 加入缓存队列
[2016-11-25 10:28:11.529] [DEBUG] 搜狐视频 - 搜狐视频 85946546 加入缓存队列
[2016-11-25 10:28:11.573] [DEBUG] 搜狐视频 - 搜狐视频 85927677 加入缓存队列
[2016-11-25 10:28:11.643] [DEBUG] 搜狐视频 - 搜狐视频 85939152 加入缓存队列
[2016-11-25 10:28:11.678] [DEBUG] 搜狐视频 - 搜狐视频 85977783 加入缓存队列
[2016-11-25 10:28:11.746] [DEBUG] 搜狐视频 - 搜狐视频 85926515 加入缓存队列
[2016-11-25 10:28:11.746] [DEBUG] 搜狐视频 - 搜狐视频 85906723 加入缓存队列
[2016-11-25 10:28:11.793] [DEBUG] 搜狐视频 - 搜狐视频 86071421 加入缓存队列
[2016-11-25 10:28:11.812] [DEBUG] 搜狐视频 - 搜狐视频 85795550 加入缓存队列
[2016-11-25 10:28:11.835] [DEBUG] 搜狐视频 - 搜狐视频 85925234 加入缓存队列
[2016-11-25 10:28:11.851] [DEBUG] 搜狐视频 - 搜狐视频 85844549 加入缓存队列
[2016-11-25 10:28:11.856] [DEBUG] 搜狐视频 - 搜狐视频 86040016 加入缓存队列
[2016-11-25 10:28:11.897] [DEBUG] 搜狐视频 - 搜狐视频 85916316 加入缓存队列
[2016-11-25 10:28:11.921] [DEBUG] 搜狐视频 - 搜狐视频 86026073 加入缓存队列
[2016-11-25 10:28:11.940] [DEBUG] 搜狐视频 - 搜狐视频 85808045 加入缓存队列
[2016-11-25 10:28:11.964] [DEBUG] 搜狐视频 - 搜狐视频 85907021 加入缓存队列
[2016-11-25 10:28:12.002] [DEBUG] 搜狐视频 - 搜狐视频 85999583 加入缓存队列
[2016-11-25 10:28:12.037] [DEBUG] 搜狐视频 - 搜狐视频 85755700 加入缓存队列
[2016-11-25 10:28:12.064] [DEBUG] 搜狐视频 - 搜狐视频 85984820 加入缓存队列
[2016-11-25 10:28:12.125] [DEBUG] 搜狐视频 - 搜狐视频 85969205 加入缓存队列
[2016-11-25 10:28:12.126] [DEBUG] 搜狐视频 - 搜狐视频 85700147 加入缓存队列
[2016-11-25 10:28:12.189] [DEBUG] 搜狐视频 - 搜狐视频 85963322 加入缓存队列
[2016-11-25 10:28:12.206] [DEBUG] 搜狐视频 - 搜狐视频 85649664 加入缓存队列
[2016-11-25 10:28:12.279] [DEBUG] 搜狐视频 - 搜狐视频 85903504 加入缓存队列
[2016-11-25 10:28:12.282] [DEBUG] 搜狐视频 - 搜狐视频 85619887 加入缓存队列
[2016-11-25 10:28:12.340] [DEBUG] 搜狐视频 - 搜狐视频 85894107 加入缓存队列
[2016-11-25 10:28:12.355] [DEBUG] 搜狐视频 - 搜狐视频 85570518 加入缓存队列
[2016-11-25 10:28:12.382] [DEBUG] 搜狐视频 - 搜狐视频 85942483 加入缓存队列
[2016-11-25 10:28:12.463] [DEBUG] 搜狐视频 - 搜狐视频 85671691 加入缓存队列
[2016-11-25 10:28:12.478] [DEBUG] 搜狐视频 - 搜狐视频 85559179 加入缓存队列
[2016-11-25 10:28:12.578] [DEBUG] 搜狐视频 - 搜狐视频 85924708 加入缓存队列
[2016-11-25 10:28:12.615] [DEBUG] 搜狐视频 - 搜狐视频 85858237 加入缓存队列
[2016-11-25 10:28:12.615] [DEBUG] 搜狐视频 - 搜狐视频 85520343 加入缓存队列
[2016-11-25 10:28:12.631] [DEBUG] 搜狐视频 - 搜狐视频 85903151 加入缓存队列
[2016-11-25 10:28:12.664] [DEBUG] 搜狐视频 - 搜狐视频 85719594 加入缓存队列
[2016-11-25 10:28:12.679] [DEBUG] 搜狐视频 - 搜狐视频 85901148 加入缓存队列
[2016-11-25 10:28:12.697] [DEBUG] 搜狐视频 - 搜狐视频 85855996 加入缓存队列
[2016-11-25 10:28:12.697] [DEBUG] 搜狐视频 - 搜狐视频 85499843 加入缓存队列
[2016-11-25 10:28:12.747] [DEBUG] 搜狐视频 - 搜狐视频 85687223 加入缓存队列
[2016-11-25 10:28:12.762] [DEBUG] 搜狐视频 - 搜狐视频 85840544 加入缓存队列
[2016-11-25 10:28:12.778] [DEBUG] 搜狐视频 - 搜狐视频 85545180 加入缓存队列
[2016-11-25 10:28:12.778] [DEBUG] 搜狐视频 - 搜狐视频 85494113 加入缓存队列
