[2016-12-02 16:32:56.685] [TRACE] 微博 - DealWith instantiation ...
[2016-12-02 16:32:56.691] [TRACE] 微博 - spiderCore instantiation ...
[2016-12-02 16:32:56.693] [TRACE] 微博 - 启动函数
[2016-12-02 16:32:56.726] [DEBUG] 微博 - 任务信息数据库连接建立...成功
[2016-12-02 16:32:56.728] [DEBUG] 微博 - 缓存队列数据库连接建立...成功
[2016-12-02 16:32:56.735] [DEBUG] 微博 - 创建数据库连接完毕
[2016-12-02 16:32:56.737] [INFO] 微博 - { id: '5305147245', name: '365美食家常菜谱', p: '26' }
[2016-12-02 16:32:59.728] [DEBUG] 微博 - 第1页
[2016-12-02 16:32:59.729] [DEBUG] 微博 - 17-----35410
[2016-12-02 16:32:59.827] [DEBUG] 微博 - 今日头条 2140227493 加入缓存队列
[2016-12-02 16:32:59.980] [DEBUG] 微博 - 第3页
[2016-12-02 16:32:59.982] [DEBUG] 微博 - 32-----35410
[2016-12-02 16:33:00.341] [DEBUG] 微博 - 第4页
[2016-12-02 16:33:00.344] [DEBUG] 微博 - 47-----35410
[2016-12-02 16:33:00.782] [DEBUG] 微博 - 第4页
[2016-12-02 16:33:00.783] [DEBUG] 微博 - 65-----35410
[2016-12-02 16:33:01.153] [DEBUG] 微博 - 今日头条 3779904962 加入缓存队列
[2016-12-02 16:33:01.352] [DEBUG] 微博 - 第6页
[2016-12-02 16:33:01.355] [DEBUG] 微博 - 75-----35410
[2016-12-02 16:33:01.534] [DEBUG] 微博 - 第7页
[2016-12-02 16:33:01.536] [DEBUG] 微博 - 85-----35410
[2016-12-02 16:33:02.456] [DEBUG] 微博 - 第7页
[2016-12-02 16:33:02.459] [DEBUG] 微博 - 97-----35410
[2016-12-02 16:33:02.800] [DEBUG] 微博 - 今日头条 1268518877 加入缓存队列
[2016-12-02 16:33:02.993] [DEBUG] 微博 - 第8页
[2016-12-02 16:33:02.996] [DEBUG] 微博 - 113-----35410
[2016-12-02 16:33:03.284] [DEBUG] 微博 - 今日头条 3463207204 加入缓存队列
[2016-12-02 16:33:03.485] [DEBUG] 微博 - 第9页
[2016-12-02 16:33:03.489] [DEBUG] 微博 - 124-----35410
[2016-12-02 16:33:03.576] [DEBUG] 微博 - 今日头条 3779904962 加入缓存队列
[2016-12-02 16:33:04.656] [DEBUG] 微博 - 第11页
[2016-12-02 16:33:04.658] [DEBUG] 微博 - 134-----35410
[2016-12-02 16:33:05.124] [DEBUG] 微博 - 第12页
[2016-12-02 16:33:05.126] [DEBUG] 微博 - 144-----35410
[2016-12-02 16:33:05.306] [DEBUG] 微博 - 第12页
[2016-12-02 16:33:05.309] [DEBUG] 微博 - 154-----35410
[2016-12-02 16:33:05.408] [DEBUG] 微博 - 今日头条 5101863971 加入缓存队列
[2016-12-02 16:33:05.583] [DEBUG] 微博 - 第14页
[2016-12-02 16:33:05.586] [DEBUG] 微博 - 164-----35410
[2016-12-02 16:33:05.766] [DEBUG] 微博 - 第15页
[2016-12-02 16:33:05.770] [DEBUG] 微博 - 174-----35410
[2016-12-02 16:33:07.412] [DEBUG] 微博 - 第16页
[2016-12-02 16:33:07.415] [DEBUG] 微博 - 184-----35410
[2016-12-02 16:33:07.671] [DEBUG] 微博 - 第17页
[2016-12-02 16:33:07.675] [DEBUG] 微博 - 194-----35410
[2016-12-02 16:33:08.013] [DEBUG] 微博 - 第17页
[2016-12-02 16:33:08.018] [DEBUG] 微博 - 204-----35410
[2016-12-02 16:33:08.372] [DEBUG] 微博 - 今日头条 3099016097 加入缓存队列
[2016-12-02 16:33:08.543] [DEBUG] 微博 - 第18页
[2016-12-02 16:33:08.546] [DEBUG] 微博 - 214-----35410
[2016-12-02 16:33:08.712] [DEBUG] 微博 - 今日头条 3266142652 加入缓存队列
[2016-12-02 16:33:10.535] [DEBUG] 微博 - 第20页
[2016-12-02 16:33:10.536] [DEBUG] 微博 - 224-----35410
[2016-12-02 16:33:10.809] [DEBUG] 微博 - 第21页
[2016-12-02 16:33:10.812] [DEBUG] 微博 - 234-----35410
[2016-12-02 16:33:11.493] [DEBUG] 微博 - 第22页
[2016-12-02 16:33:11.496] [DEBUG] 微博 - 244-----35410
[2016-12-02 16:33:11.946] [DEBUG] 微博 - 第22页
[2016-12-02 16:33:11.949] [DEBUG] 微博 - 254-----35410
[2016-12-02 16:33:12.377] [DEBUG] 微博 - 今日头条 3463207204 加入缓存队列
[2016-12-02 16:33:12.996] [DEBUG] 微博 - 第23页
[2016-12-02 16:33:12.999] [DEBUG] 微博 - 264-----35410
[2016-12-02 16:33:13.300] [DEBUG] 微博 - 今日头条 2670125917 加入缓存队列
[2016-12-02 16:33:14.283] [DEBUG] 微博 - 第25页
[2016-12-02 16:33:14.286] [DEBUG] 微博 - 274-----35410
[2016-12-02 16:33:14.652] [DEBUG] 微博 - 第26页
[2016-12-02 16:33:14.657] [DEBUG] 微博 - 284-----35410
[2016-12-02 16:33:14.836] [DEBUG] 微博 - 第27页
[2016-12-02 16:33:14.837] [DEBUG] 微博 - 294-----35410
[2016-12-02 16:33:15.141] [DEBUG] 微博 - 第28页
[2016-12-02 16:33:15.144] [DEBUG] 微博 - 304-----35410
[2016-12-02 16:33:15.308] [DEBUG] 微博 - 第28页
[2016-12-02 16:33:15.313] [DEBUG] 微博 - 314-----35410
[2016-12-02 16:33:15.456] [DEBUG] 微博 - 今日头条 5101863971 加入缓存队列
[2016-12-02 16:33:15.637] [DEBUG] 微博 - 第29页
[2016-12-02 16:33:15.638] [DEBUG] 微博 - 324-----35410
[2016-12-02 16:33:15.707] [DEBUG] 微博 - 今日头条 1008169975 加入缓存队列
[2016-12-02 16:33:15.946] [DEBUG] 微博 - 第31页
[2016-12-02 16:33:15.948] [DEBUG] 微博 - 334-----35410
[2016-12-02 16:33:16.133] [DEBUG] 微博 - 第31页
[2016-12-02 16:33:16.137] [DEBUG] 微博 - 344-----35410
[2016-12-02 16:33:16.234] [DEBUG] 微博 - 今日头条 2697416452 加入缓存队列
[2016-12-02 16:33:16.423] [DEBUG] 微博 - 第32页
[2016-12-02 16:33:16.425] [DEBUG] 微博 - 353-----35410
[2016-12-02 16:33:16.594] [DEBUG] 微博 - 今日头条 undefined 加入缓存队列
[2016-12-02 16:33:16.786] [DEBUG] 微博 - 第34页
[2016-12-02 16:33:16.789] [DEBUG] 微博 - 363-----35410
[2016-12-02 16:33:17.163] [DEBUG] 微博 - 第34页
[2016-12-02 16:33:17.166] [DEBUG] 微博 - 373-----35410
[2016-12-02 16:33:17.425] [DEBUG] 微博 - 今日头条 2140227493 加入缓存队列
