[2016-12-02 16:26:01.023] [TRACE] 微博 - DealWith instantiation ...
[2016-12-02 16:26:01.031] [TRACE] 微博 - spiderCore instantiation ...
[2016-12-02 16:26:01.033] [TRACE] 微博 - 启动函数
[2016-12-02 16:26:01.087] [DEBUG] 微博 - 任务信息数据库连接建立...成功
[2016-12-02 16:26:01.091] [DEBUG] 微博 - 缓存队列数据库连接建立...成功
[2016-12-02 16:26:01.093] [DEBUG] 微博 - 创建数据库连接完毕
[2016-12-02 16:26:01.095] [INFO] 微博 - { id: '5305147245', name: '365美食家常菜谱', p: '26' }
[2016-12-02 16:26:01.497] [DEBUG] 微博 - 1
[2016-12-02 16:26:01.718] [DEBUG] 微博 - 今日头条 2140227493 加入缓存队列
[2016-12-02 16:26:02.545] [DEBUG] 微博 - 4
[2016-12-02 16:26:02.709] [DEBUG] 微博 - 今日头条 3779904962 加入缓存队列
[2016-12-02 16:26:03.956] [DEBUG] 微博 - 7
[2016-12-02 16:26:04.064] [DEBUG] 微博 - 今日头条 1268518877 加入缓存队列
[2016-12-02 16:26:04.224] [DEBUG] 微博 - 8
[2016-12-02 16:26:04.346] [DEBUG] 微博 - 今日头条 3463207204 加入缓存队列
[2016-12-02 16:26:04.550] [DEBUG] 微博 - 9
[2016-12-02 16:26:04.733] [DEBUG] 微博 - 今日头条 3779904962 加入缓存队列
[2016-12-02 16:26:05.776] [DEBUG] 微博 - 11
[2016-12-02 16:26:05.855] [DEBUG] 微博 - 今日头条 5101863971 加入缓存队列
[2016-12-02 16:26:07.224] [DEBUG] 微博 - 17
[2016-12-02 16:26:08.550] [DEBUG] 微博 - 今日头条 3099016097 加入缓存队列
[2016-12-02 16:26:08.988] [DEBUG] 微博 - 18
[2016-12-02 16:26:09.262] [DEBUG] 微博 - 今日头条 3266142652 加入缓存队列
[2016-12-02 16:26:10.237] [DEBUG] 微博 - 22
[2016-12-02 16:26:10.324] [DEBUG] 微博 - 今日头条 3463207204 加入缓存队列
[2016-12-02 16:26:10.491] [DEBUG] 微博 - 23
[2016-12-02 16:26:10.694] [DEBUG] 微博 - 今日头条 2670125917 加入缓存队列
[2016-12-02 16:26:11.379] [DEBUG] 微博 - 27
[2016-12-02 16:26:11.448] [DEBUG] 微博 - 今日头条 5101863971 加入缓存队列
[2016-12-02 16:26:11.651] [DEBUG] 微博 - 28
[2016-12-02 16:26:11.921] [DEBUG] 微博 - 今日头条 1008169975 加入缓存队列
[2016-12-02 16:26:12.439] [DEBUG] 微博 - 30
[2016-12-02 16:26:12.548] [DEBUG] 微博 - 今日头条 2697416452 加入缓存队列
