[2016-12-02 16:51:59.664] [TRACE] 微博 - DealWith instantiation ...
[2016-12-02 16:51:59.672] [TRACE] 微博 - spiderCore instantiation ...
[2016-12-02 16:51:59.674] [TRACE] 微博 - 启动函数
[2016-12-02 16:51:59.704] [DEBUG] 微博 - 任务信息数据库连接建立...成功
[2016-12-02 16:51:59.706] [DEBUG] 微博 - 缓存队列数据库连接建立...成功
[2016-12-02 16:51:59.707] [DEBUG] 微博 - 创建数据库连接完毕
[2016-12-02 16:51:59.709] [INFO] 微博 - { id: '5305147245', name: '365美食家常菜谱', p: '26' }
[2016-12-02 16:52:00.343] [DEBUG] 微博 - 第1页
[2016-12-02 16:52:00.876] [DEBUG] 微博 - 第2页
[2016-12-02 16:52:01.303] [DEBUG] 微博 - 第3页
[2016-12-02 16:52:01.934] [DEBUG] 微博 - 第4页
[2016-12-02 16:52:02.384] [DEBUG] 微博 - 第5页
[2016-12-02 16:52:04.351] [DEBUG] 微博 - 第6页
[2016-12-02 16:52:04.541] [DEBUG] 微博 - 第7页
[2016-12-02 16:52:04.833] [DEBUG] 微博 - 第8页
[2016-12-02 16:52:05.389] [DEBUG] 微博 - 第9页
[2016-12-02 16:52:06.822] [DEBUG] 微博 - 第10页
[2016-12-02 16:52:07.220] [DEBUG] 微博 - 第11页
[2016-12-02 16:52:07.459] [DEBUG] 微博 - 第12页
[2016-12-02 16:52:07.632] [DEBUG] 微博 - 第13页
[2016-12-02 16:52:07.929] [DEBUG] 微博 - 第14页
[2016-12-02 16:52:08.365] [DEBUG] 微博 - 第15页
[2016-12-02 16:52:08.995] [DEBUG] 微博 - 第16页
[2016-12-02 16:52:09.477] [DEBUG] 微博 - 第17页
[2016-12-02 16:52:09.885] [DEBUG] 微博 - 第18页
[2016-12-02 16:52:10.267] [DEBUG] 微博 - 第19页
[2016-12-02 16:52:10.922] [DEBUG] 微博 - 第20页
[2016-12-02 16:52:11.427] [DEBUG] 微博 - 第21页
[2016-12-02 16:52:11.836] [DEBUG] 微博 - 第22页
[2016-12-02 16:52:12.241] [DEBUG] 微博 - 第23页
[2016-12-02 16:52:13.058] [DEBUG] 微博 - 第24页
[2016-12-02 16:52:13.227] [DEBUG] 微博 - 第25页
[2016-12-02 16:52:13.470] [DEBUG] 微博 - 第26页
