[2016-12-02 16:33:27.219] [TRACE] 微博 - DealWith instantiation ...
[2016-12-02 16:33:27.227] [TRACE] 微博 - spiderCore instantiation ...
[2016-12-02 16:33:27.229] [TRACE] 微博 - 启动函数
[2016-12-02 16:33:27.261] [DEBUG] 微博 - 任务信息数据库连接建立...成功
[2016-12-02 16:33:27.263] [DEBUG] 微博 - 缓存队列数据库连接建立...成功
[2016-12-02 16:33:27.265] [DEBUG] 微博 - 创建数据库连接完毕
[2016-12-02 16:33:27.266] [INFO] 微博 - { id: '5305147245', name: '365美食家常菜谱', p: '26' }
[2016-12-02 16:33:27.674] [DEBUG] 微博 - 第1页
[2016-12-02 16:33:27.972] [DEBUG] 微博 - 今日头条 2140227493 加入缓存队列
[2016-12-02 16:33:28.172] [DEBUG] 微博 - 第3页
[2016-12-02 16:33:28.523] [DEBUG] 微博 - 第4页
[2016-12-02 16:33:28.701] [DEBUG] 微博 - 第4页
[2016-12-02 16:33:29.035] [DEBUG] 微博 - 今日头条 3779904962 加入缓存队列
[2016-12-02 16:33:29.259] [DEBUG] 微博 - 第6页
[2016-12-02 16:33:29.455] [DEBUG] 微博 - 第7页
[2016-12-02 16:33:29.662] [DEBUG] 微博 - 第7页
[2016-12-02 16:33:29.730] [DEBUG] 微博 - 今日头条 1268518877 加入缓存队列
[2016-12-02 16:33:29.958] [DEBUG] 微博 - 第8页
[2016-12-02 16:33:30.501] [DEBUG] 微博 - 今日头条 3463207204 加入缓存队列
[2016-12-02 16:33:30.653] [DEBUG] 微博 - 第9页
[2016-12-02 16:33:30.771] [DEBUG] 微博 - 今日头条 3779904962 加入缓存队列
[2016-12-02 16:33:30.924] [DEBUG] 微博 - 第11页
[2016-12-02 16:33:31.152] [DEBUG] 微博 - 第12页
[2016-12-02 16:33:31.280] [DEBUG] 微博 - 第12页
[2016-12-02 16:33:31.359] [DEBUG] 微博 - 今日头条 5101863971 加入缓存队列
[2016-12-02 16:33:31.614] [DEBUG] 微博 - 第14页
[2016-12-02 16:33:31.787] [DEBUG] 微博 - 第15页
[2016-12-02 16:33:31.978] [DEBUG] 微博 - 第16页
[2016-12-02 16:33:32.186] [DEBUG] 微博 - 第17页
[2016-12-02 16:33:32.424] [DEBUG] 微博 - 第17页
[2016-12-02 16:33:32.829] [DEBUG] 微博 - 今日头条 3099016097 加入缓存队列
[2016-12-02 16:33:33.020] [DEBUG] 微博 - 第18页
[2016-12-02 16:33:33.107] [DEBUG] 微博 - 今日头条 3266142652 加入缓存队列
[2016-12-02 16:33:33.295] [DEBUG] 微博 - 第20页
[2016-12-02 16:33:33.557] [DEBUG] 微博 - 第21页
[2016-12-02 16:33:33.721] [DEBUG] 微博 - 第22页
[2016-12-02 16:33:34.315] [DEBUG] 微博 - 第22页
[2016-12-02 16:33:34.442] [DEBUG] 微博 - 今日头条 3463207204 加入缓存队列
[2016-12-02 16:33:34.797] [DEBUG] 微博 - 第23页
[2016-12-02 16:33:35.232] [DEBUG] 微博 - 今日头条 2670125917 加入缓存队列
[2016-12-02 16:33:35.648] [DEBUG] 微博 - 第25页
[2016-12-02 16:33:35.811] [DEBUG] 微博 - 第26页
[2016-12-02 16:33:35.989] [DEBUG] 微博 - 第27页
[2016-12-02 16:33:36.576] [DEBUG] 微博 - 第28页
[2016-12-02 16:33:36.736] [DEBUG] 微博 - 第28页
[2016-12-02 16:33:37.012] [DEBUG] 微博 - 今日头条 5101863971 加入缓存队列
[2016-12-02 16:33:37.244] [DEBUG] 微博 - 第29页
[2016-12-02 16:33:37.475] [DEBUG] 微博 - 今日头条 1008169975 加入缓存队列
[2016-12-02 16:33:37.680] [DEBUG] 微博 - 第31页
[2016-12-02 16:33:37.925] [DEBUG] 微博 - 第31页
[2016-12-02 16:33:38.017] [DEBUG] 微博 - 今日头条 2697416452 加入缓存队列
[2016-12-02 16:33:38.315] [DEBUG] 微博 - 第32页
[2016-12-02 16:33:38.382] [DEBUG] 微博 - 今日头条 undefined 加入缓存队列
[2016-12-02 16:33:38.576] [DEBUG] 微博 - 第34页
[2016-12-02 16:33:38.780] [DEBUG] 微博 - 第34页
[2016-12-02 16:33:38.851] [DEBUG] 微博 - 今日头条 2140227493 加入缓存队列
[2016-12-02 16:33:39.085] [DEBUG] 微博 - 第35页
[2016-12-02 16:33:39.194] [DEBUG] 微博 - 今日头条 1231317854 加入缓存队列
[2016-12-02 16:33:39.321] [DEBUG] 微博 - 今日头条 5541345550 加入缓存队列
[2016-12-02 16:33:39.471] [DEBUG] 微博 - 第37页
[2016-12-02 16:33:39.623] [DEBUG] 微博 - 第37页
[2016-12-02 16:33:39.686] [DEBUG] 微博 - 今日头条 1644395354 加入缓存队列
[2016-12-02 16:33:39.880] [DEBUG] 微博 - 今日头条 5729126469 加入缓存队列
[2016-12-02 16:33:40.110] [DEBUG] 微博 - 今日头条 2140227493 加入缓存队列
