[2017-01-21 14:56:22.289] [TRACE] QQ空间 - DealWith instantiation ...
[2017-01-21 14:56:22.295] [TRACE] QQ空间 - spiderCore instantiation ...
[2017-01-21 14:56:22.295] [TRACE] QQ空间 - 启动函数
[2017-01-21 14:56:22.326] [DEBUG] QQ空间 - 任务信息数据库连接建立...成功
[2017-01-21 14:56:22.326] [DEBUG] QQ空间 - 缓存队列数据库连接建立...成功
[2017-01-21 14:56:22.326] [DEBUG] QQ空间 - 创建数据库连接完毕
[2017-01-21 14:56:22.627] [DEBUG] QQ空间 - 用户粉丝数请求完成
[2017-01-21 14:56:22.725] [DEBUG] QQ空间 - 用户: 623315 back_end
[2017-01-21 14:56:23.284] [DEBUG] QQ空间 - 言语的秘密生活-快看电影
[2017-01-21 14:56:23.298] [DEBUG] QQ空间 - qzone x0364iukx6n 加入缓存队列
[2017-01-21 14:56:23.766] [DEBUG] QQ空间 - 钢铁侠3-快看电影
[2017-01-21 14:56:23.782] [DEBUG] QQ空间 - qzone w0364z7245g 加入缓存队列
[2017-01-21 14:56:24.257] [DEBUG] QQ空间 - 钢铁侠2-快看电影
[2017-01-21 14:56:24.275] [DEBUG] QQ空间 - qzone u03644yrq6m 加入缓存队列
[2017-01-21 14:56:24.794] [DEBUG] QQ空间 - 钢的琴-快看电影
[2017-01-21 14:56:24.810] [DEBUG] QQ空间 - qzone n03647dndrl 加入缓存队列
[2017-01-21 14:56:25.279] [DEBUG] QQ空间 - 钢琴家-快看电影
[2017-01-21 14:56:25.294] [DEBUG] QQ空间 - qzone q03644nl0yn 加入缓存队列
[2017-01-21 14:56:25.681] [DEBUG] QQ空间 - 分歧者2-快看电影
[2017-01-21 14:56:25.681] [DEBUG] QQ空间 - qzone s0364xbxonf 加入缓存队列
[2017-01-21 14:56:26.180] [DEBUG] QQ空间 - 分手大师-快看电影
[2017-01-21 14:56:26.195] [DEBUG] QQ空间 - qzone n0364vhjyjc 加入缓存队列
[2017-01-21 14:56:26.743] [DEBUG] QQ空间 - 富贵兵团-快看电影
[2017-01-21 14:56:26.761] [DEBUG] QQ空间 - qzone b0364n5v72s 加入缓存队列
[2017-01-21 14:56:27.195] [DEBUG] QQ空间 - 费城故事-快看电影
[2017-01-21 14:56:27.211] [DEBUG] QQ空间 - qzone i0364h97ej2 加入缓存队列
[2017-01-21 14:56:27.676] [DEBUG] QQ空间 - 分歧者1-快看电影
[2017-01-21 14:56:27.681] [DEBUG] QQ空间 - qzone d0364dtwrnz 加入缓存队列
[2017-01-21 14:56:28.074] [DEBUG] QQ空间 - 非常主播-快看电影
[2017-01-21 14:56:28.083] [DEBUG] QQ空间 - qzone y0364a0rtba 加入缓存队列
[2017-01-21 14:56:28.696] [DEBUG] QQ空间 - 非我-快看电影
[2017-01-21 14:56:28.713] [DEBUG] QQ空间 - qzone d0364j3tbyl 加入缓存队列
[2017-01-21 14:56:29.129] [DEBUG] QQ空间 - 法外之徒-快看电影
[2017-01-21 14:56:29.144] [DEBUG] QQ空间 - qzone f0364rkbfym 加入缓存队列
[2017-01-21 14:56:29.775] [DEBUG] QQ空间 - 翻滚吧！阿信-快看电影
[2017-01-21 14:56:33.914] [DEBUG] QQ空间 - qzone d0364kp46qu 加入缓存队列
[2017-01-21 14:56:34.714] [DEBUG] QQ空间 - 高海拔之恋2-快看电影
[2017-01-21 14:56:34.729] [DEBUG] QQ空间 - qzone k0364mxyw3r 加入缓存队列
[2017-01-21 14:56:35.164] [DEBUG] QQ空间 - 飞天巨桃历险记-快看电影
[2017-01-21 14:56:35.168] [DEBUG] QQ空间 - qzone s0364oqyt4m 加入缓存队列
[2017-01-21 14:56:35.616] [DEBUG] QQ空间 - 非诚勿扰1-快看电影
[2017-01-21 14:56:35.631] [DEBUG] QQ空间 - qzone b0364atf740 加入缓存队列
[2017-01-21 14:56:36.064] [DEBUG] QQ空间 - 分歧者3-快看电影
[2017-01-21 14:56:36.082] [DEBUG] QQ空间 - qzone l0364y2uf1z 加入缓存队列
[2017-01-21 14:56:36.709] [DEBUG] QQ空间 - 风暴-快看电影
[2017-01-21 14:56:36.720] [DEBUG] QQ空间 - qzone u0364z38hpg 加入缓存队列
[2017-01-21 14:56:37.100] [DEBUG] QQ空间 - 疯狂麦克斯4-快看电影
[2017-01-21 14:56:37.100] [DEBUG] QQ空间 - qzone c0364la3uni 加入缓存队列
[2017-01-21 14:56:37.847] [DEBUG] QQ空间 - 超人总动员—快看电影
[2017-01-21 14:56:37.866] [DEBUG] QQ空间 - qzone d03657zvwz1 加入缓存队列
[2017-01-21 14:56:38.312] [DEBUG] QQ空间 - 《变脸》—快看电影
[2017-01-21 14:56:38.320] [DEBUG] QQ空间 - qzone b0365bhiild 加入缓存队列
[2017-01-21 14:56:39.043] [DEBUG] QQ空间 - 鬼子来了-快看电影
[2017-01-21 14:56:39.086] [DEBUG] QQ空间 - qzone t0365o2ws07 加入缓存队列
[2017-01-21 14:56:39.501] [DEBUG] QQ空间 - 孤儿-快看电影
[2017-01-21 14:56:39.517] [DEBUG] QQ空间 - qzone g0365t7urkl 加入缓存队列
[2017-01-21 14:56:39.901] [DEBUG] QQ空间 - 四分钟看完电影《恐怖游泳馆》
[2017-01-21 14:56:39.932] [DEBUG] QQ空间 - qzone g0364vto16i 加入缓存队列
[2017-01-21 14:56:40.754] [DEBUG] QQ空间 - 三分钟看完电影《搞定岳父大人》
[2017-01-21 14:56:40.803] [DEBUG] QQ空间 - qzone c0364i3rdvg 加入缓存队列
[2017-01-21 14:56:41.388] [DEBUG] QQ空间 - 四分钟看完电影《哥斯拉 》
[2017-01-21 14:56:41.392] [DEBUG] QQ空间 - qzone h03643hj3rz 加入缓存队列
[2017-01-21 14:56:41.774] [DEBUG] QQ空间 - 《割喉岛》影评
[2017-01-21 14:56:41.785] [DEBUG] QQ空间 - qzone p03645jn6hl 加入缓存队列
[2017-01-21 14:56:42.703] [DEBUG] QQ空间 - 《再次出发之纽约遇见你》影评
[2017-01-21 14:56:42.734] [DEBUG] QQ空间 - qzone b03643h7hkx 加入缓存队列
[2017-01-21 14:56:43.171] [DEBUG] QQ空间 - 两分钟看完《歌舞大王齐格飞》
[2017-01-21 14:56:43.187] [DEBUG] QQ空间 - qzone b0364osubq7 加入缓存队列
[2017-01-21 14:56:43.688] [DEBUG] QQ空间 - 《阁楼》影评
[2017-01-21 14:56:43.703] [DEBUG] QQ空间 - qzone n0364mi4ds7 加入缓存队列
[2017-01-21 14:56:44.104] [DEBUG] QQ空间 - 《格林兄弟》影评
[2017-01-21 14:56:44.135] [DEBUG] QQ空间 - qzone g0364isdrxt 加入缓存队列
[2017-01-21 14:56:45.005] [DEBUG] QQ空间 - 《隔壁的男孩》影评
[2017-01-21 14:56:45.021] [DEBUG] QQ空间 - qzone y0364zsu95c 加入缓存队列
[2017-01-21 14:56:45.435] [DEBUG] QQ空间 - 三分钟看完电影《跟踪》
[2017-01-21 14:56:45.451] [DEBUG] QQ空间 - qzone t0364wetagl 加入缓存队列
[2017-01-21 14:56:45.878] [DEBUG] QQ空间 - 三分钟看完电影《弓》
[2017-01-21 14:56:45.891] [DEBUG] QQ空间 - qzone i0364yv0xca 加入缓存队列
[2017-01-21 14:56:46.670] [DEBUG] QQ空间 - 三分钟看完电影《公路美人》
[2017-01-21 14:56:46.674] [DEBUG] QQ空间 - qzone z0364uqsdom 加入缓存队列
[2017-01-21 14:56:47.037] [DEBUG] QQ空间 - 三分钟看完电影《公民凯恩》
[2017-01-21 14:56:47.052] [DEBUG] QQ空间 - qzone r03643573l7 加入缓存队列
[2017-01-21 14:56:47.475] [DEBUG] QQ空间 - 《公众之敌》影评
[2017-01-21 14:56:47.477] [DEBUG] QQ空间 - qzone a0364j2bxsm 加入缓存队列
[2017-01-21 14:56:47.904] [DEBUG] QQ空间 - 《功夫皇帝方世玉》快看电影
[2017-01-21 14:56:47.906] [DEBUG] QQ空间 - qzone m0364r26ydt 加入缓存队列
[2017-01-21 14:56:48.723] [DEBUG] QQ空间 - 三分钟看完电影《功夫》
[2017-01-21 14:56:48.738] [DEBUG] QQ空间 - qzone v0364apgu4j 加入缓存队列
[2017-01-21 14:56:49.483] [DEBUG] QQ空间 - 《功夫小蝇》影评
[2017-01-21 14:56:49.495] [DEBUG] QQ空间 - qzone n0364jc9126 加入缓存队列
[2017-01-21 14:56:49.890] [DEBUG] QQ空间 - 《功夫熊猫3》影评
[2017-01-21 14:56:49.894] [DEBUG] QQ空间 - qzone i0364t01rg1 加入缓存队列
[2017-01-21 14:56:50.290] [DEBUG] QQ空间 - 《功夫熊猫2》影评
[2017-01-21 14:56:50.292] [DEBUG] QQ空间 - qzone p03647lmjgb 加入缓存队列
[2017-01-21 14:56:50.738] [DEBUG] QQ空间 - 三分钟看完电影《功夫之王》
[2017-01-21 14:56:50.754] [DEBUG] QQ空间 - qzone v0364nidp4d 加入缓存队列
[2017-01-21 14:56:51.176] [DEBUG] QQ空间 - 狗咬狗-快看电影
[2017-01-21 14:56:51.176] [DEBUG] QQ空间 - qzone v0364j7vtnd 加入缓存队列
[2017-01-21 14:56:51.654] [DEBUG] QQ空间 - 四分钟看完电影《孤岛惊魂》
[2017-01-21 14:56:51.654] [DEBUG] QQ空间 - qzone g0364m55w1c 加入缓存队列
[2017-01-21 14:56:52.054] [DEBUG] QQ空间 - 两分钟看完电影《古惑仔5》
[2017-01-21 14:56:52.069] [DEBUG] QQ空间 - qzone j03640t8m7e 加入缓存队列
[2017-01-21 14:56:52.760] [DEBUG] QQ空间 - 《刮痧》快看电影
[2017-01-21 14:56:52.768] [DEBUG] QQ空间 - qzone o03647az58t 加入缓存队列
[2017-01-21 14:56:53.170] [DEBUG] QQ空间 - 怪兽大学-快看电影
[2017-01-21 14:56:53.182] [DEBUG] QQ空间 - qzone g0364frbz6c 加入缓存队列
[2017-01-21 14:56:53.622] [DEBUG] QQ空间 - 怪兽屋-快看电影
[2017-01-21 14:56:53.635] [DEBUG] QQ空间 - qzone x03642y1t4g 加入缓存队列
[2017-01-21 14:56:54.078] [DEBUG] QQ空间 - 《怪兽电力公司》快看电影
[2017-01-21 14:56:54.092] [DEBUG] QQ空间 - qzone w0364ltib2d 加入缓存队列
[2017-01-21 14:56:54.484] [DEBUG] QQ空间 - 怪物史瑞克3-快看电影
[2017-01-21 14:56:54.499] [DEBUG] QQ空间 - qzone q0364l2tbwa 加入缓存队列
[2017-01-21 14:56:54.908] [DEBUG] QQ空间 - 四分钟看完电影《怪谈》
[2017-01-21 14:56:54.920] [DEBUG] QQ空间 - qzone j0364v49yer 加入缓存队列
[2017-01-21 14:56:55.306] [DEBUG] QQ空间 - 怪物之子-快看电影
[2017-01-21 14:56:55.320] [DEBUG] QQ空间 - qzone f0364cw2ia7 加入缓存队列
[2017-01-21 14:56:55.698] [DEBUG] QQ空间 - 怪医杜立德-快看电影
[2017-01-21 14:56:55.712] [DEBUG] QQ空间 - qzone t0364hgi9k5 加入缓存队列
[2017-01-21 14:56:56.086] [DEBUG] QQ空间 - 三分钟看完电影《关于史蒂夫的一切》
[2017-01-21 14:56:56.094] [DEBUG] QQ空间 - qzone g0364mw6a6k 加入缓存队列
[2017-01-21 14:56:56.754] [DEBUG] QQ空间 - 关于我母亲的一切-快看电影
[2017-01-21 14:56:56.763] [DEBUG] QQ空间 - qzone x03641uoqex 加入缓存队列
[2017-01-21 14:56:57.195] [DEBUG] QQ空间 - 《观音山》快看电影
[2017-01-21 14:56:57.195] [DEBUG] QQ空间 - qzone f03646yyik4 加入缓存队列
[2017-01-21 14:56:57.627] [DEBUG] QQ空间 - 三分钟看完电影《光荣之路》
[2017-01-21 14:56:57.642] [DEBUG] QQ空间 - qzone o03640apgh9 加入缓存队列
[2017-01-21 14:56:58.096] [DEBUG] QQ空间 - 光之翼-快看电影
[2017-01-21 14:56:58.096] [DEBUG] QQ空间 - qzone w03646si5qe 加入缓存队列
[2017-01-21 14:56:58.766] [DEBUG] QQ空间 - 闺蜜爱人-快看电影
[2017-01-21 14:56:58.781] [DEBUG] QQ空间 - qzone u036405dcdx 加入缓存队列
[2017-01-21 14:56:59.211] [DEBUG] QQ空间 - 《归来》快看电影
[2017-01-21 14:56:59.242] [DEBUG] QQ空间 - qzone s0364dbihnb 加入缓存队列
[2017-01-21 14:56:59.658] [DEBUG] QQ空间 - 闺蜜-快看电影
[2017-01-21 14:56:59.682] [DEBUG] QQ空间 - qzone w03646f74l0 加入缓存队列
[2017-01-21 14:57:00.110] [DEBUG] QQ空间 - 硅谷传奇-快看电影
[2017-01-21 14:57:00.126] [DEBUG] QQ空间 - qzone p036462glxx 加入缓存队列
[2017-01-21 14:57:00.781] [DEBUG] QQ空间 - 诡打墙-快看电影
[2017-01-21 14:57:00.812] [DEBUG] QQ空间 - qzone u0364mwhxa3 加入缓存队列
[2017-01-21 14:57:01.189] [DEBUG] QQ空间 - 鬼打墙-快看电影
[2017-01-21 14:57:01.199] [DEBUG] QQ空间 - qzone x0364lm9lsb 加入缓存队列
[2017-01-21 14:57:01.577] [DEBUG] QQ空间 - 鬼妈妈-快看电影
[2017-01-21 14:57:01.585] [DEBUG] QQ空间 - qzone c03644ruasc 加入缓存队列
[2017-01-21 14:57:01.998] [DEBUG] QQ空间 - 贵族大盗-快看电影
[2017-01-21 14:57:02.014] [DEBUG] QQ空间 - qzone f0364f8mhqx 加入缓存队列
[2017-01-21 14:57:02.746] [DEBUG] QQ空间 - 卡特教练-快看电影
[2017-01-21 14:57:02.764] [DEBUG] QQ空间 - qzone j0364cp86x2 加入缓存队列
[2017-01-21 14:57:03.144] [DEBUG] QQ空间 - 开心见性-快看电影
[2017-01-21 14:57:03.144] [DEBUG] QQ空间 - qzone h0364p3tuyf 加入缓存队列
[2017-01-21 14:57:03.587] [DEBUG] QQ空间 - 开心魔法-快看电影
[2017-01-21 14:57:03.590] [DEBUG] QQ空间 - qzone e03641s0hrd 加入缓存队列
[2017-01-21 14:57:04.012] [DEBUG] QQ空间 - 看见恶魔-快看电影
[2017-01-21 14:57:04.012] [DEBUG] QQ空间 - qzone d03646qyr4a 加入缓存队列
[2017-01-21 14:57:04.747] [DEBUG] QQ空间 - 科洛弗档案-快看电影
[2017-01-21 14:57:04.770] [DEBUG] QQ空间 - qzone f0364cpgifs 加入缓存队列
[2017-01-21 14:57:05.206] [DEBUG] QQ空间 - 科学怪狗-快看电影
[2017-01-21 14:57:05.219] [DEBUG] QQ空间 - qzone o0364f9g8ze 加入缓存队列
[2017-01-21 14:57:05.630] [DEBUG] QQ空间 - 科学怪人的新娘-快看电影
[2017-01-21 14:57:05.646] [DEBUG] QQ空间 - qzone h0364on2jxi 加入缓存队列
[2017-01-21 14:57:06.045] [DEBUG] QQ空间 - 可爱的你-快看电影
[2017-01-21 14:57:06.071] [DEBUG] QQ空间 - qzone c0364rbxfwb 加入缓存队列
[2017-01-21 14:57:06.746] [DEBUG] QQ空间 - 可可西里-快看电影
[2017-01-21 14:57:06.763] [DEBUG] QQ空间 - qzone x0364kh6k8p 加入缓存队列
[2017-01-21 14:57:07.184] [DEBUG] QQ空间 - 可口可乐小子-快看电影
[2017-01-21 14:57:07.184] [DEBUG] QQ空间 - qzone x0364w6b953 加入缓存队列
[2017-01-21 14:57:07.599] [DEBUG] QQ空间 - 克莱默夫妇-快看电影
[2017-01-21 14:57:07.615] [DEBUG] QQ空间 - qzone u0364hyu0xb 加入缓存队列
