[2017-01-20 16:48:54.538] [TRACE] 56视频 - DealWith instantiation ...
[2017-01-20 16:48:54.554] [TRACE] 56视频 - spiderCore instantiation ...
[2017-01-20 16:48:54.557] [TRACE] 56视频 - 启动函数
[2017-01-20 16:48:54.602] [DEBUG] 56视频 - 任务信息数据库连接建立...成功
[2017-01-20 16:48:54.606] [DEBUG] 56视频 - 缓存队列数据库连接建立...成功
[2017-01-20 16:48:54.608] [DEBUG] 56视频 - 创建数据库连接完毕
[2017-01-20 16:48:55.288] [DEBUG] 56视频 - 用户: 196915464 back_end
[2017-01-20 16:48:55.715] [DEBUG] 56视频 - { author: '飞碟说',
  platform: 21,
  bid: 196915464,
  aid: 87130785,
  title: '2016十大金曲|飞碟说',
  desc: '在我们瞎J8的投票中，在大家焦急的等待中，飞碟说一年一度的金曲评选结果出来啦~这里面有没有你喜爱的歌？是否还能回忆起当时那期《飞碟说》？',
  play_num: 75535,
  long_t: 642,
  v_url: 'http://www.56.com/u74/v_MTQzOTU1MTc0.html',
  v_img: 'http://001.img.pu.sohu.com.cn/group3/M02/CD/96/MTAuMTAuODguODM=/MTAwMTE0XzE0ODQ4NzI1Mzc4MDE=/cut@m=force,w=170,h=110.jpg',
  class: '搞笑',
  tag: '飞碟说 金曲 片尾曲 翻唱',
  comment_num: 0,
  a_create_time: '1484870416' }
[2017-01-20 16:48:55.757] [DEBUG] 56视频 - 56视频 87130785 加入缓存队列
[2017-01-20 16:48:56.089] [DEBUG] 56视频 - { author: '飞碟说',
  platform: 21,
  bid: 196915464,
  aid: 87127559,
  title: '一分钟告诉你私处美白产品真的有用吗？|飞碟一分钟',
  desc: '随着时间的推移，女性私处的颜色会因为性激素的作用而越来越深，市面上流传的那些美白产品到底有没有用呢？',
  play_num: 13426,
  long_t: 81,
  v_url: 'http://www.56.com/u74/v_MTQzOTU0OTM0.html',
  v_img: 'http://001.img.pu.sohu.com.cn/group3/M08/CB/A2/MTAuMTAuODguODQ=/MTAwMTE0XzE0ODQ4MzQwMjUxMDY=/cut@m=force,w=170,h=110.jpg',
  class: '搞笑',
  tag: '飞碟一分钟 私处 美白 作用',
  comment_num: 0,
  a_create_time: '1484833664' }
[2017-01-20 16:48:56.096] [DEBUG] 56视频 - 56视频 87127559 加入缓存队列
[2017-01-20 16:48:56.428] [DEBUG] 56视频 - { author: '飞碟说',
  platform: 21,
  bid: 196915464,
  aid: 87120097,
  title: '有一种酸爽叫回家过年|飞碟头条',
  desc: '元旦都过了，春节还会远吗？很多人早就灵魂出窍，先走一步。只不过，过年的重重关卡，你，真的准备好了吗？',
  play_num: 39940,
  long_t: 206,
  v_url: 'http://www.56.com/u74/v_MTQzOTQ5MzE5.html',
  v_img: 'http://001.img.pu.sohu.com.cn/group3/M04/CA/83/MTAuMTAuODguODM=/MTAwMTE0XzE0ODQ4MTAxMjg5NDM=/cut@m=force,w=170,h=110.jpg',
  class: '电视剧',
  tag: '飞碟头条 回家 过年 春节',
  comment_num: 2,
  a_create_time: '1484807842' }
[2017-01-20 16:48:56.440] [DEBUG] 56视频 - 56视频 87120097 加入缓存队列
[2017-01-20 16:48:56.775] [DEBUG] 56视频 - { author: '飞碟说',
  platform: 21,
  bid: 196915464,
  aid: 87110344,
  title: '2016十大蓝瘦香菇|飞碟说',
  desc: '2016年，世界依旧疯狂，天灾人祸行路难。历史，总是相似的。那些全民热议的爱恨情仇，其实都是历史的重演。所以不妨听听那句古话：假如生活欺骗了你，不要悲伤不要哭泣，此情可待成追忆，唯有一声妈卖批！骚年，',
  play_num: 159311,
  long_t: 386,
  v_url: 'http://www.56.com/u74/v_MTQzOTQ1MzUw.html',
  v_img: 'http://001.img.pu.sohu.com.cn/group2/M09/C7/6F/MTAuMTAuODguODI=/MTAwMTE0XzE0ODQ3NTQ5NDk2MjY=/cut@m=force,w=170,h=110.jpg',
  class: '搞笑',
  tag: '飞碟说 妈卖批 热点 蓝瘦香菇 事件',
  comment_num: 2,
  a_create_time: '1484752896' }
[2017-01-20 16:48:56.791] [DEBUG] 56视频 - 56视频 87110344 加入缓存队列
[2017-01-20 16:48:57.134] [DEBUG] 56视频 - { author: '飞碟说',
  platform: 21,
  bid: 196915464,
  aid: 87109894,
  title: '一分钟告诉你裸睡的那些好处|飞碟一分钟',
  desc: '很多人不喜欢裸睡，很多人又对裸睡跃跃欲，但是你们真的了解裸睡么？裸睡有什么好处呢？',
  play_num: 41138,
  long_t: 79,
  v_url: 'http://www.56.com/u74/v_MTQzOTQ1MzUz.html',
  v_img: 'http://001.img.pu.sohu.com.cn/group2/M02/C7/48/MTAuMTAuODguODE=/MTAwMTE0XzE0ODQ3NTAyMTkwNzg=/cut@m=force,w=170,h=110.jpg',
  class: '搞笑',
  tag: '飞碟一分钟 裸睡 好处 睡觉',
  comment_num: 0,
  a_create_time: '1484749216' }
[2017-01-20 16:48:57.145] [DEBUG] 56视频 - 56视频 87109894 加入缓存队列
[2017-01-20 16:48:57.478] [DEBUG] 56视频 - { author: '飞碟说',
  platform: 21,
  bid: 196915464,
  aid: 87107018,
  title: '春节放炮，招谁惹谁了？|飞碟头条',
  desc: '最近，河南“最严禁放令”大闹乌龙，刚紧急通知春节期间全省全地域全面“禁炮”，三天后又收回成命自扇耳光。朝令夕改让人一脸懵逼，也让人纠结，为啥千年的春节习俗，就那么不招人待见。',
  play_num: 103470,
  long_t: 158,
  v_url: 'http://www.56.com/u74/v_MTQzOTQyMTIw.html',
  v_img: 'http://001.img.pu.sohu.com.cn/group3/M05/C6/44/MTAuMTAuODguODQ=/MTAwMTE0XzE0ODQ3MzM0NTkxNDk=/cut@m=force,w=170,h=110.jpg',
  class: '电视剧',
  tag: '飞碟头条 春节 放炮 爆竹 禁令',
  comment_num: 1,
  a_create_time: '1484733123' }
[2017-01-20 16:48:57.490] [DEBUG] 56视频 - 56视频 87107018 加入缓存队列
[2017-01-20 16:48:57.762] [DEBUG] 56视频 - { author: '飞碟说',
  platform: 21,
  bid: 196915464,
  aid: 87099315,
  title: '一分钟告诉你亚健康就是瞎扯淡|飞碟一分钟',
  desc: '“亚健康”是一个大家都不陌生的字眼，那亚健康究竟是什么呢？它真是一个受到医学界认可的概念吗？',
  play_num: 105917,
  long_t: 67,
  v_url: 'http://www.56.com/u74/v_MTQzOTM4NzYz.html',
  v_img: 'http://001.img.pu.sohu.com.cn/group2/M11/C4/02/MTAuMTAuODguODE=/MTAwMTE0XzE0ODQ3MDY3NjQ0NzA=/cut@m=force,w=170,h=110.jpg',
  class: '搞笑',
  tag: '飞碟一分钟 亚健康 健康 谣言',
  comment_num: 0,
  a_create_time: '1484706019' }
[2017-01-20 16:48:57.769] [DEBUG] 56视频 - 56视频 87099315 加入缓存队列
[2017-01-20 16:48:58.027] [DEBUG] 56视频 - { author: '飞碟说',
  platform: 21,
  bid: 196915464,
  aid: 87091298,
  title: '“我可能XX了假XX”到底是什么梗？|飞碟头条',
  desc: '最近，一句“我可能XX了假XX”打响了2017年头炮网络流行语，面对科学无法解释的人生难题，它毫无破绽地取代了《十万个为什么》，成为解决所有困难的终极答案。',
  play_num: 60878,
  long_t: 145,
  v_url: 'http://www.56.com/u74/v_MTQzOTM0NzE1.html',
  v_img: 'http://001.img.pu.sohu.com.cn/group3/M10/BC/BF/MTAuMTAuODguODQ=/MTAwMTE0XzE0ODQ2NDcyNDc4NDM=/cut@m=force,w=170,h=110.jpg',
  class: '电视剧',
  tag: '飞碟头条 梗 流行语 假书',
  comment_num: 0,
  a_create_time: '1484646349' }
[2017-01-20 16:48:58.038] [DEBUG] 56视频 - 56视频 87091298 加入缓存队列
[2017-01-20 16:48:58.341] [DEBUG] 56视频 - { author: '飞碟说',
  platform: 21,
  bid: 196915464,
  aid: 87078200,
  title: '一分钟告诉你为什么有人爱看恐怖片|飞碟一分钟',
  desc: '为什么有些人会被恐怖片的刺激吸引，而其他人想回避它？为什么一部恐怖电影，对一个人是娱乐，对另一个人是折磨？他们之间有什么不同吗？',
  play_num: 135465,
  long_t: 74,
  v_url: 'http://www.56.com/u74/v_MTQzOTI5NDE2.html',
  v_img: 'http://001.img.pu.sohu.com.cn/group2/M12/B2/5D/MTAuMTAuODguODE=/MTAwMTE0XzE0ODQ1NzM1Mzc1MTc=/cut@m=force,w=170,h=110.jpg',
  class: '搞笑',
  tag: '飞碟一分钟 恐怖片 惊悚 电影',
  comment_num: 1,
  a_create_time: '1484572577' }
[2017-01-20 16:48:58.349] [DEBUG] 56视频 - 56视频 87078200 加入缓存队列
[2017-01-20 16:48:59.776] [DEBUG] 56视频 - { author: '飞碟说',
  platform: 21,
  bid: 196915464,
  aid: 87074808,
  title: '“洋垃圾”泛滥，我可能穿了假外贸尾单|飞碟头条',
  desc: '最近，“洋垃圾”服装产业再次遭到媒体曝光。大量来自废品站甚至停尸房的旧衣服，漂洋过海，私入我国。在被分拣、翻新、重新挂上吊牌后，化身为“外贸尾单”，成为不少人淘到的得意之物。',
  play_num: 128878,
  long_t: 148,
  v_url: 'http://www.56.com/u74/v_MTQzOTI2NzYw.html',
  v_img: 'http://001.img.pu.sohu.com.cn/group2/M01/B0/E2/MTAuMTAuODguODI=/MTAwMTE0XzE0ODQ1NjA2OTQwNDQ=/cut@m=force,w=170,h=110.jpg',
  class: '电视剧',
  tag: '飞碟头条 洋垃圾 外贸尾单 衣服',
  comment_num: 2,
  a_create_time: '1484560287' }
[2017-01-20 16:48:59.784] [DEBUG] 56视频 - 56视频 87074808 加入缓存队列
[2017-01-20 16:49:00.049] [DEBUG] 56视频 - { author: '飞碟说',
  platform: 21,
  bid: 196915464,
  aid: 87036460,
  title: '一分钟问你霾这么多，口罩选对了吗？|飞碟一分钟',
  desc: '雾霾严重的天，不戴口罩不敢出门，就因为这霾，最近除了香港脚，又多了个新词儿，北京肺，远离呼吸道疾病从挑对口罩开始。',
  play_num: 206497,
  long_t: 89,
  v_url: 'http://www.56.com/u74/v_MTQzOTIxNjA2.html',
  v_img: 'http://001.img.pu.sohu.com.cn/group2/M08/98/9F/MTAuMTAuODguODE=/MTAwMTE0XzE0ODQzMDg0Nzc2OTM=/cut@m=force,w=170,h=110.jpg',
  class: '搞笑',
  tag: '飞碟一分钟 口罩 雾霾 挑选 种类',
  comment_num: 0,
  a_create_time: '1484307991' }
[2017-01-20 16:49:00.058] [DEBUG] 56视频 - 56视频 87036460 加入缓存队列
[2017-01-20 16:49:00.304] [DEBUG] 56视频 - { author: '飞碟说',
  platform: 21,
  bid: 196915464,
  aid: 87035307,
  title: '这么多“张伟”，你知道我叫的是哪一个吗？|飞碟头条',
  desc: '近日，网上热传的一份中国姓名报告显示，“张伟”稳居重名率第一，带着偶像包袱的“浩然”“梓萱”也成为2016男女宝宝热名榜的TOP1。也许若干年后，抖勺的食堂大妈再也不叫张彩霞，终于可以凭借一个重名大翻',
  play_num: 227886,
  long_t: 155,
  v_url: 'http://www.56.com/u74/v_MTQzOTA0ODUw.html',
  v_img: 'http://001.img.pu.sohu.com.cn/group2/M05/98/4D/MTAuMTAuODguODE=/MTAwMTE0XzE0ODQzMDMzNDg0ODk=/cut@m=force,w=170,h=110.jpg',
  class: '电视剧',
  tag: '飞碟头条 张伟 姓名 重名',
  comment_num: 1,
  a_create_time: '1484302262' }
[2017-01-20 16:49:00.317] [DEBUG] 56视频 - 56视频 87035307 加入缓存队列
