[2017-01-20 17:08:16.156] [TRACE] 56视频 - DealWith instantiation ...
[2017-01-20 17:08:16.167] [TRACE] 56视频 - spiderCore instantiation ...
[2017-01-20 17:08:16.169] [TRACE] 56视频 - 启动函数
[2017-01-20 17:08:16.202] [DEBUG] 56视频 - 任务信息数据库连接建立...成功
[2017-01-20 17:08:16.205] [DEBUG] 56视频 - 缓存队列数据库连接建立...成功
[2017-01-20 17:08:16.207] [DEBUG] 56视频 - 创建数据库连接完毕
[2017-01-20 17:08:16.278] [DEBUG] 56视频 - { platform: 21, bid: 196915464, fans_num: 85898 }
[2017-01-20 17:08:16.429] [DEBUG] 56视频 - 用户: 196915464 back_end
[2017-01-20 17:08:16.642] [DEBUG] 56视频 - 56视频 87130785 加入缓存队列
[2017-01-20 17:08:16.946] [DEBUG] 56视频 - 56视频 87127559 加入缓存队列
[2017-01-20 17:08:16.990] [DEBUG] 56视频 - 56视频 87120097 加入缓存队列
[2017-01-20 17:08:17.034] [DEBUG] 56视频 - 56视频 87110344 加入缓存队列
[2017-01-20 17:08:17.076] [DEBUG] 56视频 - 56视频 87109894 加入缓存队列
[2017-01-20 17:08:17.111] [DEBUG] 56视频 - 56视频 87107018 加入缓存队列
[2017-01-20 17:08:17.362] [DEBUG] 56视频 - 56视频 87099315 加入缓存队列
[2017-01-20 17:08:18.635] [DEBUG] 56视频 - 56视频 87091298 加入缓存队列
[2017-01-20 17:08:18.692] [DEBUG] 56视频 - 56视频 87078200 加入缓存队列
[2017-01-20 17:08:18.946] [DEBUG] 56视频 - 56视频 87074808 加入缓存队列
[2017-01-20 17:08:18.988] [DEBUG] 56视频 - 56视频 87036460 加入缓存队列
[2017-01-20 17:08:19.031] [DEBUG] 56视频 - 56视频 87035307 加入缓存队列
[2017-01-20 17:08:19.074] [DEBUG] 56视频 - 56视频 87021671 加入缓存队列
[2017-01-20 17:08:19.114] [DEBUG] 56视频 - 56视频 87016963 加入缓存队列
[2017-01-20 17:08:19.172] [DEBUG] 56视频 - 56视频 87002725 加入缓存队列
[2017-01-20 17:08:19.211] [DEBUG] 56视频 - 56视频 87002717 加入缓存队列
[2017-01-20 17:08:19.246] [DEBUG] 56视频 - 56视频 86999441 加入缓存队列
[2017-01-20 17:08:19.288] [DEBUG] 56视频 - 56视频 86985594 加入缓存队列
[2017-01-20 17:08:19.328] [DEBUG] 56视频 - 56视频 86971724 加入缓存队列
[2017-01-20 17:08:19.356] [DEBUG] 56视频 - 56视频 86966978 加入缓存队列
