[2017-01-20 15:41:18.649] [TRACE] CCTV - DealWith instantiation ...
[2017-01-20 15:41:18.659] [TRACE] CCTV - spiderCore instantiation ...
[2017-01-20 15:41:18.663] [TRACE] CCTV - 启动函数
[2017-01-20 15:41:18.705] [DEBUG] CCTV - 任务信息数据库连接建立...成功
[2017-01-20 15:41:18.708] [DEBUG] CCTV - 缓存队列数据库连接建立...成功
[2017-01-20 15:41:18.711] [DEBUG] CCTV - 创建数据库连接完毕
[2017-01-20 15:41:18.802] [DEBUG] CCTV - { platform: 30, bid: 11809638, fans_num: '42' }
[2017-01-20 15:41:18.914] [DEBUG] CCTV - 用户: 11809638 back_end
[2017-01-20 15:41:19.951] [DEBUG] CCTV - CCTV de03c68e-e28b-11e0-b140-a4badb469111 加入缓存队列
[2017-01-20 15:41:20.036] [DEBUG] CCTV - CCTV ed0bf6e6-e8b8-11e0-b474-a4badb4689bc 加入缓存队列
[2017-01-20 15:41:20.099] [DEBUG] CCTV - CCTV ed289c48-91b4-11e0-8788-001e0bbafb46 加入缓存队列
[2017-01-20 15:41:20.186] [DEBUG] CCTV - CCTV f40d2ca2-02a0-11e0-8de9-001e0bbafb46 加入缓存队列
[2017-01-20 15:41:20.255] [DEBUG] CCTV - CCTV b2af5198-f892-11e0-89a1-001e0bd5b3ca 加入缓存队列
[2017-01-20 15:41:20.334] [DEBUG] CCTV - CCTV 99757cc4-fde3-11e0-b474-a4badb4689bc 加入缓存队列
[2017-01-20 15:41:20.407] [DEBUG] CCTV - CCTV 767f5094-081c-11e1-b474-a4badb4689bc 加入缓存队列
[2017-01-20 15:41:20.503] [DEBUG] CCTV - CCTV eff9e682-5921-11e0-89a1-001e0bd5b3ca 加入缓存队列
[2017-01-20 15:41:21.011] [DEBUG] CCTV - CCTV fb532756-c910-11df-8de9-001e0bbafb46 加入缓存队列
[2017-01-20 15:41:21.080] [DEBUG] CCTV - CCTV bc51eca2-0453-11e1-b091-a4badb4696b6 加入缓存队列
[2017-01-20 15:41:21.151] [DEBUG] CCTV - CCTV 7a294c26-b278-11e0-89a1-001e0bd5b3ca 加入缓存队列
[2017-01-20 15:41:21.221] [DEBUG] CCTV - CCTV 22f5cfb2-175b-11e2-89a1-001e0bd5b3ca 加入缓存队列
[2017-01-20 15:41:21.287] [DEBUG] CCTV - CCTV d1fd52f8-31cb-11e1-89a1-001e0bd5b3ca 加入缓存队列
[2017-01-20 15:41:21.353] [DEBUG] CCTV - CCTV 97c15e0e-0ed7-11df-be82-001e0bbb2454 加入缓存队列
[2017-01-20 15:41:21.419] [DEBUG] CCTV - CCTV ed3be8c6-f9ff-11e0-b091-a4badb4696b6 加入缓存队列
[2017-01-20 15:41:21.500] [DEBUG] CCTV - CCTV d807b328-0043-11e1-b091-a4badb4696b6 加入缓存队列
[2017-01-20 15:41:22.113] [DEBUG] CCTV - CCTV 659cc052-8bff-11e0-b474-a4badb4689bc 加入缓存队列
[2017-01-20 15:41:22.203] [DEBUG] CCTV - CCTV a3ac97a4-0450-11e1-b091-a4badb4696b6 加入缓存队列
[2017-01-20 15:41:22.426] [DEBUG] CCTV - CCTV 9850acf8-01a2-11e0-8901-001e0bbb2430 加入缓存队列
[2017-01-20 15:41:22.491] [DEBUG] CCTV - CCTV 6feabf36-fc62-11e0-b140-a4badb469111 加入缓存队列
[2017-01-20 15:41:22.602] [DEBUG] CCTV - CCTV 111a45b0-663c-11e0-8788-001e0bbafb46 加入缓存队列
[2017-01-20 15:41:22.691] [DEBUG] CCTV - CCTV 8dcd4058-ac5a-11e0-b091-a4badb4696b6 加入缓存队列
[2017-01-20 15:41:22.852] [DEBUG] CCTV - CCTV a2863aa6-2d74-11df-be82-001e0bbb2454 加入缓存队列
[2017-01-20 15:41:22.964] [DEBUG] CCTV - CCTV 4335dc70-837f-11e0-b140-a4badb469111 加入缓存队列
[2017-01-20 15:41:23.127] [DEBUG] CCTV - CCTV c6da6244-201b-11df-be82-001e0bbb2454 加入缓存队列
[2017-01-20 15:41:23.360] [DEBUG] CCTV - CCTV 712f12b6-dc24-11df-8de9-001e0bbafb46 加入缓存队列
