[2017-01-20 16:05:27.090] [TRACE] pptv - DealWith instantiation ...
[2017-01-20 16:05:27.099] [TRACE] pptv - spiderCore instantiation ...
[2017-01-20 16:05:27.101] [TRACE] pptv - 启动函数
[2017-01-20 16:05:27.140] [DEBUG] pptv - 任务信息数据库连接建立...成功
[2017-01-20 16:05:27.142] [DEBUG] pptv - 缓存队列数据库连接建立...成功
[2017-01-20 16:05:27.144] [DEBUG] pptv - 创建数据库连接完毕
[2017-01-20 16:05:30.397] [DEBUG] pptv - { author: '飞碟说',
  platform: 31,
  bid: 8063943,
  aid: '17012382',
  title: '飞碟说制作 当手机完败了你的性高潮',
  comment_num: 0,
  class: '原创精选短片',
  tag: '大陆,精选短片,',
  desc: '各种坑爹搞笑视频\n        \n    ',
  long_t: 209,
  v_img: 'http://v.img.pplive.cn/cs128x72/a0/29/a029c79cbdbd7f0aee9a97d8282374fc/3.jpg',
  v_url: 'http://v.pptv.com/show/nkaoJ0iapQoDjYck.html?rcc_src=B3',
  play_num: '90000' }
[2017-01-20 16:05:30.425] [DEBUG] pptv - PPTV 17012382 加入缓存队列
[2017-01-20 16:05:30.733] [DEBUG] pptv - { author: '飞碟说',
  platform: 31,
  bid: 8063943,
  aid: '16995346',
  title: '飞碟说：中国女人罩杯报告 妹子你的胸达标了么',
  comment_num: 1,
  class: '原创精选短片',
  tag: '大陆,精选短片,',
  desc: '视频简介：爱原创、爱新颖!\n        \n    ',
  long_t: 361,
  v_img: 'http://v.img.pplive.cn/cs128x72/10/48/1048a5e24882116e965601e34c2c4888/3.jpg',
  v_url: 'http://v.pptv.com/show/EoTqaRaDaKYJhib8.html?rcc_src=B3',
  play_num: '80000' }
[2017-01-20 16:05:30.739] [DEBUG] pptv - PPTV 16995346 加入缓存队列
[2017-01-20 16:05:30.862] [DEBUG] pptv - { author: '飞碟说',
  platform: 31,
  bid: 8063943,
  aid: '16977796',
  title: '飞碟说 中国电视机进化史',
  comment_num: 2,
  class: '原创精选短片',
  tag: '大陆,精选短片,',
  desc: '各种坑爹搞笑视频\n        \n    ',
  long_t: 252,
  v_img: 'http://v.img.pplive.cn/cs128x72/20/40/2040b459bf94a49d5bd41bc50db01d04/3.jpg',
  v_url: 'http://v.pptv.com/show/hMktqtVErib1QzjY.html?rcc_src=B3',
  play_num: '40000' }
[2017-01-20 16:05:30.867] [DEBUG] pptv - PPTV 16977796 加入缓存队列
[2017-01-20 16:05:30.963] [DEBUG] pptv - { author: '飞碟说',
  platform: 31,
  bid: 8063943,
  aid: '16965524',
  title: '飞碟说 你打算何时买房？',
  comment_num: 0,
  class: '原创精选短片',
  tag: '大陆,精选短片,',
  desc: '各种坑爹搞笑视频\n        \n    ',
  long_t: 245,
  v_img: 'http://v.img.pplive.cn/cs128x72/5c/83/5c8385b2860ae8a975d28abab5b9ce04/3.jpg',
  v_url: 'http://v.pptv.com/show/lInubRJicdLIVkics.html?rcc_src=B3',
  play_num: '30000' }
[2017-01-20 16:05:30.971] [DEBUG] pptv - PPTV 16965524 加入缓存队列
[2017-01-20 16:05:34.085] [DEBUG] pptv - { author: '飞碟说',
  platform: 31,
  bid: 8063943,
  aid: '16962063',
  title: '飞碟说：你打算何时买房 中国人民的信仰',
  comment_num: 1,
  class: '原创精选短片',
  tag: '大陆,精选短片,',
  desc: '视频简介：爱原创、爱新颖!\n        \n    ',
  long_t: 267,
  v_img: 'http://v.img.pplive.cn/cs128x72/e0/0e/e00eec4f33ffa01581376097448fbab9/3.jpg',
  v_url: 'http://v.pptv.com/show/Dxt8ib6QV3hxicicWU.html?rcc_src=B3',
  play_num: '20000' }
[2017-01-20 16:05:34.092] [DEBUG] pptv - PPTV 16962063 加入缓存队列
[2017-01-20 16:05:34.382] [DEBUG] pptv - { author: '飞碟说',
  platform: 31,
  bid: 8063943,
  aid: '16924656',
  title: '飞碟说 如何成为超级英雄',
  comment_num: 0,
  class: '原创精选短片',
  tag: '大陆,精选短片,',
  desc: '各种坑爹搞笑视频\n        \n    ',
  long_t: 279,
  v_img: 'http://v.img.pplive.cn/cs128x72/3c/92/3c9265412d05d8c942ab93925072a2d2/3.jpg',
  v_url: 'http://v.pptv.com/show/8A1y8Z778C6RD3c.html?rcc_src=B3',
  play_num: '30000' }
[2017-01-20 16:05:34.390] [DEBUG] pptv - PPTV 16924656 加入缓存队列
[2017-01-20 16:05:34.479] [DEBUG] pptv - { author: '飞碟说',
  platform: 31,
  bid: 8063943,
  aid: '16923943',
  title: '飞碟说：如何成为超级英雄 你还在做英雄梦么',
  comment_num: 0,
  class: '原创精选短片',
  tag: '大陆,精选短片,',
  desc: '视频简介：爱原创、爱新颖!\n        \n    ',
  long_t: 279,
  v_img: 'http://v.img.pplive.cn/cs128x72/3b/6e/3b6e306d5d3367c661a70e9de72783f8/3.jpg',
  v_url: 'http://v.pptv.com/show/J1ia9OmXUH13APqY.html?rcc_src=B3',
  play_num: '30000' }
[2017-01-20 16:05:34.488] [DEBUG] pptv - PPTV 16923943 加入缓存队列
[2017-01-20 16:05:34.585] [DEBUG] pptv - { author: '飞碟说',
  platform: 31,
  bid: 8063943,
  aid: '16897153',
  title: '飞碟说：最热点',
  comment_num: 2,
  class: '原创精选短片',
  tag: '大陆,精选短片,',
  desc: '各种坑爹搞笑视频\n        \n    ',
  long_t: 172,
  v_img: 'http://v.img.pplive.cn/cs128x72/07/dc/07dc6566792a2a4d7bfd7730b6867de0/3.jpg',
  v_url: 'http://v.pptv.com/show/gZP1ch18d7UYlv4.html?rcc_src=B3',
  play_num: '30000' }
[2017-01-20 16:05:34.591] [DEBUG] pptv - PPTV 16897153 加入缓存队列
[2017-01-20 16:05:34.689] [DEBUG] pptv - { author: '飞碟说',
  platform: 31,
  bid: 8063943,
  aid: '16908894',
  title: '飞碟说：没有娘炮就没有女汉子 都是生活逼的',
  comment_num: 0,
  class: '原创精选短片',
  tag: '大陆,精选短片,',
  desc: '各种坑爹搞笑视频\n        \n    ',
  long_t: 275,
  v_img: 'http://v.img.pplive.cn/cs128x72/f0/bd/f0bd291d5b97ea77f4399cb8654bd9b3/3.jpg',
  v_url: 'http://v.pptv.com/show/Xpr7eCeSWZf6eOA.html?rcc_src=B3',
  play_num: '20000' }
[2017-01-20 16:05:34.695] [DEBUG] pptv - PPTV 16908894 加入缓存队列
[2017-01-20 16:05:34.775] [DEBUG] pptv - { author: '飞碟说',
  platform: 31,
  bid: 8063943,
  aid: '16907506',
  title: '飞碟说 没有娘炮就没有女汉子',
  comment_num: 3,
  class: '原创精选短片',
  tag: '大陆,精选短片,',
  desc: '各种坑爹搞笑视频\n        \n    ',
  long_t: 275,
  v_img: 'http://v.img.pplive.cn/cs128x72/55/51/5551075563a2f59da5428ca7f1169c57/3.jpg',
  v_url: 'http://v.pptv.com/show/8kywL1DBKmjLSbE.html?rcc_src=B3',
  play_num: '40000' }
[2017-01-20 16:05:34.781] [DEBUG] pptv - PPTV 16907506 加入缓存队列
[2017-01-20 16:05:34.892] [DEBUG] pptv - { author: '飞碟说',
  platform: 31,
  bid: 8063943,
  aid: '16902505',
  title: '飞碟说：大话品牌 遇到捷达男你就嫁了吧',
  comment_num: 0,
  class: '原创精选短片',
  tag: '大陆,精选短片,',
  desc: '视频简介：爱原创、爱新颖!\n        \n    ',
  long_t: 148,
  v_img: 'http://v.img.pplive.cn/cs128x72/d3/41/d341ed6ee8f1a31b4eac59b5ca8048bf/3.jpg',
  v_url: 'http://v.pptv.com/show/ab4iaoc4rwP5h30c.html?rcc_src=B3',
  play_num: '30000' }
[2017-01-20 16:05:34.900] [DEBUG] pptv - PPTV 16902505 加入缓存队列
[2017-01-20 16:05:34.994] [DEBUG] pptv - { author: '飞碟说',
  platform: 31,
  bid: 8063943,
  aid: '16883207',
  title: '飞碟说：国人阅读习惯报告 今天你读书了吗',
  comment_num: 0,
  class: '原创精选短片',
  tag: '大陆,精选短片,',
  desc: '各种坑爹搞笑视频\n        \n    ',
  long_t: 279,
  v_img: 'http://v.img.pplive.cn/cs128x72/58/fa/58fafcbda843520b054bce9b4c8b080a/3.jpg',
  v_url: 'http://v.pptv.com/show/B9c5ttk4sicFU0jo.html?rcc_src=B3',
  play_num: '20000' }
[2017-01-20 16:05:34.999] [DEBUG] pptv - PPTV 16883207 加入缓存队列
[2017-01-20 16:05:41.071] [DEBUG] pptv - { author: '飞碟说',
  platform: 31,
  bid: 8063943,
  aid: '16888995',
  title: '飞碟说：别让大学上了你 细数大学那点事儿',
  comment_num: 0,
  class: '原创精选短片',
  tag: '大陆,精选短片,',
  desc: '视频简介：爱原创、爱新颖!\n        \n    ',
  long_t: 322,
  v_img: 'http://v.img.pplive.cn/cs128x72/d3/04/d304621d46df812da3d5ca224b04ad54/3.jpg',
  v_url: 'http://v.pptv.com/show/o1W3NFu2PXveXMQ.html?rcc_src=B3',
  play_num: '60000' }
[2017-01-20 16:05:41.078] [DEBUG] pptv - PPTV 16888995 加入缓存队列
[2017-01-20 16:05:41.390] [DEBUG] pptv - { author: '飞碟说',
  platform: 31,
  bid: 8063943,
  aid: '16855338',
  title: '飞碟说 中国舞蹈进化史',
  comment_num: 0,
  class: '原创精选短片',
  tag: '大陆,精选短片,',
  desc: '各种坑爹搞笑视频\n        \n    ',
  long_t: 379,
  v_img: 'http://v.img.pplive.cn/cs128x72/fe/d2/fed2a6dc1935b73a4dcaa83040f0e7ec/3.jpg',
  v_url: 'http://v.pptv.com/show/Klm7OGfSGVe6OKA.html?rcc_src=B3',
  play_num: '30000' }
[2017-01-20 16:05:41.398] [DEBUG] pptv - PPTV 16855338 加入缓存队列
[2017-01-20 16:05:41.483] [DEBUG] pptv - { author: '飞碟说',
  platform: 31,
  bid: 8063943,
  aid: '16866456',
  title: '飞碟说第32集：别让大学上了你',
  comment_num: 1,
  class: '原创精选短片',
  tag: '精选短片,',
  desc: '\n        \n    ',
  long_t: 322,
  v_img: 'http://v.img.pplive.cn/cs128x72/9e/20/9e20ca814374409de00d7f4bcb39c36b/3.jpg',
  v_url: 'http://v.pptv.com/show/mAJm5YrnDEqtK5M.html?rcc_src=B3',
  play_num: '20000' }
[2017-01-20 16:05:41.493] [DEBUG] pptv - PPTV 16866456 加入缓存队列
[2017-01-20 16:05:41.621] [DEBUG] pptv - { author: '飞碟说',
  platform: 31,
  bid: 8063943,
  aid: '16838822',
  title: '飞碟说 当姨妈来敲门',
  comment_num: 0,
  class: '原创精选短片',
  tag: '精选短片,',
  desc: '\n        \n    ',
  long_t: 191,
  v_img: 'http://v.img.pplive.cn/cs128x72/e1/75/e1757718bd2e90029d1f2310d236498b/3.jpg',
  v_url: 'http://v.pptv.com/show/ppT3dBt2fbsenAQ.html?rcc_src=B3',
  play_num: '20000' }
[2017-01-20 16:05:41.632] [DEBUG] pptv - PPTV 16838822 加入缓存队列
[2017-01-20 16:05:41.719] [DEBUG] pptv - { author: '飞碟说',
  platform: 31,
  bid: 8063943,
  aid: '16825381',
  title: '飞碟说：一口气毁掉小清新 口臭让你远离女神',
  comment_num: 2,
  class: '热点爱原创',
  tag: '大陆,爱原创,',
  desc: '视频简介：爱原创、爱新颖!\n        \n    ',
  long_t: 308,
  v_img: 'http://v.img.pplive.cn/cs128x72/d6/f3/d6f3c28c2d54fe72707a502b866529a4/3.jpg',
  v_url: 'http://v.pptv.com/show/Jdc6ueZTmNY5tx8.html?rcc_src=B3',
  play_num: '40000' }
[2017-01-20 16:05:41.726] [DEBUG] pptv - PPTV 16825381 加入缓存队列
[2017-01-20 16:05:41.828] [DEBUG] pptv - { author: '飞碟说',
  platform: 31,
  bid: 8063943,
  aid: '16824869',
  title: '飞碟说：中国表情报告 国人表情越来越没创意',
  comment_num: 0,
  class: '原创精选短片',
  tag: '大陆,精选短片,',
  desc: '视频简介：爱原创、爱新颖!\n        \n    ',
  long_t: 288,
  v_img: 'http://v.img.pplive.cn/cs128x72/1b/d9/1bd9a66c3bdffaedc619ae195f64f299/3.jpg',
  v_url: 'http://v.pptv.com/show/Jd1AvibBRmtg7uSE.html?rcc_src=B3',
  play_num: '40000' }
[2017-01-20 16:05:41.856] [DEBUG] pptv - PPTV 16824869 加入缓存队列
[2017-01-20 16:05:43.410] [DEBUG] pptv - { author: '飞碟说',
  platform: 31,
  bid: 8063943,
  aid: '16816388',
  title: '飞碟说戏说王老吉 凉茶在国外曾是高富帅',
  comment_num: 2,
  class: '原创精选短片',
  tag: '大陆,精选短片,',
  desc: '各种坑爹搞笑视频\n        \n    ',
  long_t: 232,
  v_img: 'http://v.img.pplive.cn/cs128x72/d8/05/d805b7b48888c858d82b69693651b98e/3.jpg',
  v_url: 'http://v.pptv.com/show/BNsibveJPpOJFwys.html?rcc_src=B3',
  play_num: '20000' }
[2017-01-20 16:05:43.419] [DEBUG] pptv - PPTV 16816388 加入缓存队列
[2017-01-20 16:05:43.509] [DEBUG] pptv - { author: '飞碟说',
  platform: 31,
  bid: 8063943,
  aid: '16799714',
  title: '飞碟说大话品牌 百变MINI坏坏惹人爱',
  comment_num: 0,
  class: '原创精选短片',
  tag: '大陆,精选短片,',
  desc: '视频简介：爱原创、爱新颖!\n        \n    ',
  long_t: 196,
  v_img: 'http://v.img.pplive.cn/cs128x72/90/76/9076a9ae0748568c40d5f8df6c83b61d/3.jpg',
  v_url: 'http://v.pptv.com/show/4vNW1XrXHFq9O6M.html?rcc_src=B3',
  play_num: '9,711' }
[2017-01-20 16:05:43.520] [DEBUG] pptv - PPTV 16799714 加入缓存队列
[2017-01-20 16:05:43.639] [DEBUG] pptv - { author: '飞碟说',
  platform: 31,
  bid: 8063943,
  aid: '16793590',
  title: '飞碟说 一口气毁灭小清新',
  comment_num: 1,
  class: '原创精选短片',
  tag: '大陆,精选短片,',
  desc: '各种坑爹搞笑视频\n        \n    ',
  long_t: 308,
  v_img: 'http://v.img.pplive.cn/cs128x72/8f/43/8f43f733df5241c9e832eb3d244eda71/3.jpg',
  v_url: 'http://v.pptv.com/show/9gdq6ZYD6CaJB28.html?rcc_src=B3',
  play_num: '10000' }
[2017-01-20 16:05:43.645] [DEBUG] pptv - PPTV 16793590 加入缓存队列
[2017-01-20 16:05:43.950] [DEBUG] pptv - { author: '飞碟说',
  platform: 31,
  bid: 8063943,
  aid: '16788809',
  title: '飞碟说 中国表情报告',
  comment_num: 1,
  class: '原创精选短片',
  tag: '大陆,精选短片,',
  desc: '各种坑爹搞笑视频\n        \n    ',
  long_t: 144,
  v_img: 'http://v.img.pplive.cn/cs128x72/82/a6/82a6cd7d070a0c787e06a821004dd573/3.jpg',
  v_url: 'http://v.pptv.com/show/SaIFgq0M5yWIBm4.html?rcc_src=B3',
  play_num: '30000' }
[2017-01-20 16:05:43.956] [DEBUG] pptv - PPTV 16788809 加入缓存队列
[2017-01-20 16:05:47.238] [DEBUG] pptv - { author: '飞碟说',
  platform: 31,
  bid: 8063943,
  aid: '16776155',
  title: '飞碟说 国人阅读习惯报告',
  comment_num: 1,
  class: '原创精选短片',
  tag: '大陆,精选短片,',
  desc: '各种坑爹搞笑视频\n        \n    ',
  long_t: 285,
  v_img: 'http://v.img.pplive.cn/cs128x72/5c/89/5c8949459b9f32087fcf19cebcf939b6/3.jpg',
  v_url: 'http://v.pptv.com/show/214Egq0M5yWIBm4.html?rcc_src=B3',
  play_num: '10000' }
[2017-01-20 16:05:47.245] [DEBUG] pptv - PPTV 16776155 加入缓存队列
[2017-01-20 16:05:47.335] [DEBUG] pptv - { author: '飞碟说',
  platform: 31,
  bid: 8063943,
  aid: '16761977',
  title: '飞碟说：武林高手的自我修养 你值得拥有',
  comment_num: 0,
  class: '原创精选短片',
  tag: '大陆,精选短片,',
  desc: '各种坑爹搞笑视频\n        \n    ',
  long_t: 265,
  v_img: 'http://v.img.pplive.cn/cs128x72/0e/06/0e06f145698ea38bbd19d0570f7d2d2e/3.jpg',
  v_url: 'http://v.pptv.com/show/eftn5YrnDEqtK5M.html?rcc_src=B3',
  play_num: '30000' }
[2017-01-20 16:05:47.341] [DEBUG] pptv - PPTV 16761977 加入缓存队列
[2017-01-20 16:05:48.976] [DEBUG] pptv - { author: '飞碟说',
  platform: 31,
  bid: 8063943,
  aid: '16737017',
  title: '飞碟说：硬盘里的女神 @笑味集',
  comment_num: 0,
  class: '原创精选短片',
  tag: '精选短片,',
  desc: '\n        \n    ',
  long_t: 218,
  v_img: 'http://v.img.pplive.cn/cs128x72/d1/58/d1585c0ed0d2929e940a5e7cf9e6cf8d/3.jpg',
  v_url: 'http://v.pptv.com/show/ibdmJByiaJYqADgek.html?rcc_src=B3',
  play_num: '20000' }
[2017-01-20 16:05:48.986] [DEBUG] pptv - PPTV 16737017 加入缓存队列
[2017-01-20 16:05:49.120] [DEBUG] pptv - { author: '飞碟说',
  platform: 31,
  bid: 8063943,
  aid: '16731129',
  title: '飞碟说第14集：再不相亲就软了',
  comment_num: 0,
  class: '原创精选短片',
  tag: '精选短片,',
  desc: '\n        \n    ',
  long_t: 300,
  v_img: 'http://v.img.pplive.cn/cs128x72/6a/92/6a9297cc4a5237bd2e84eca0feb24520/3.jpg',
  v_url: 'http://v.pptv.com/show/ibfBy8Jic68SibSEHg.html?rcc_src=B3',
  play_num: '20000' }
[2017-01-20 16:05:49.129] [DEBUG] pptv - PPTV 16731129 加入缓存队列
[2017-01-20 16:05:49.248] [DEBUG] pptv - { author: '飞碟说',
  platform: 31,
  bid: 8063943,
  aid: '16668007',
  title: '飞碟说：4B青年欢乐多 MLGB思维广',
  comment_num: 0,
  class: '原创精选短片',
  tag: '大陆,精选短片,',
  desc: '各种坑爹搞笑视频\n        \n    ',
  long_t: 302,
  v_img: 'http://v.img.pplive.cn/cs128x72/af/00/af0005f30bc3798e08494352df3ac7b1/3.jpg',
  v_url: 'http://v.pptv.com/show/Z3DxbxCBaqgLiafE.html?rcc_src=B3',
  play_num: '8,753' }
[2017-01-20 16:05:49.255] [DEBUG] pptv - PPTV 16668007 加入缓存队列
[2017-01-20 16:05:49.365] [DEBUG] pptv - { author: '飞碟说',
  platform: 31,
  bid: 8063943,
  aid: '16666754',
  title: '飞碟说第25集：4B青年欢乐多',
  comment_num: 0,
  class: '原创精选短片',
  tag: '大陆,精选短片,',
  desc: '\n        \n    ',
  long_t: 302,
  v_img: 'http://v.img.pplive.cn/cs128x72/1f/10/1f10b3736bba25a006749dbf0bba68b5/3.jpg',
  v_url: 'http://v.pptv.com/show/ghBRz3DhCkiarKZE.html?rcc_src=B3',
  play_num: '6,799' }
[2017-01-20 16:05:49.369] [DEBUG] pptv - PPTV 16666754 加入缓存队列
[2017-01-20 16:05:52.452] [DEBUG] pptv - { author: '飞碟说',
  platform: 31,
  bid: 8063943,
  aid: '16646536',
  title: '飞碟说查水表的节奏 中国特色的竞技体育',
  comment_num: 1,
  class: '原创精选短片',
  tag: '大陆,精选短片,',
  desc: '各种坑爹搞笑视频\n        \n    ',
  long_t: 291,
  v_img: 'http://v.img.pplive.cn/cs128x72/8f/4b/8f4b530d07ec5107b0783ec4cfef5d65/3.jpg',
  v_url: 'http://v.pptv.com/show/iaMecGkW0P33gXsY.html?rcc_src=B3',
  play_num: '10000' }
[2017-01-20 16:05:52.458] [DEBUG] pptv - PPTV 16646536 加入缓存队列
[2017-01-20 16:05:52.766] [DEBUG] pptv - { author: '飞碟说',
  platform: 31,
  bid: 8063943,
  aid: '16638975',
  title: '飞碟说第8集：神曲贱舞贺新春',
  comment_num: 0,
  class: '原创精选短片',
  tag: '精选短片,',
  desc: '\n        \n    ',
  long_t: 242,
  v_img: 'http://v.img.pplive.cn/cs128x72/9f/e6/9fe6a1dae022508a8aa3853079a43f78/3.jpg',
  v_url: 'http://v.pptv.com/show/ic1oKiaLciayQdq6FA.html?rcc_src=B3',
  play_num: '10000' }
[2017-01-20 16:05:52.771] [DEBUG] pptv - PPTV 16638975 加入缓存队列
[2017-01-20 16:05:53.108] [DEBUG] pptv - { author: '飞碟说',
  platform: 31,
  bid: 8063943,
  aid: '16638992',
  title: '飞碟说第26集：中国特色的竞技体育',
  comment_num: 2,
  class: '原创精选短片',
  tag: '大陆,精选短片,',
  desc: '各种坑爹搞笑视频\n        \n    ',
  long_t: 291,
  v_img: 'http://v.img.pplive.cn/cs128x72/20/a5/20a5f7924211ef78a3aefcedacc884b1/3.jpg',
  v_url: 'http://v.pptv.com/show/EDIysN86se9S0Dg.html?rcc_src=B3',
  play_num: '10000' }
[2017-01-20 16:05:53.114] [DEBUG] pptv - PPTV 16638992 加入缓存队列
[2017-01-20 16:05:56.224] [DEBUG] pptv - { author: '飞碟说',
  platform: 31,
  bid: 8063943,
  aid: '16625614',
  title: '飞碟说 4B青年欢乐多',
  comment_num: 0,
  class: '原创精选短片',
  tag: '精选短片,',
  desc: '\n        \n    ',
  long_t: 164,
  v_img: 'http://v.img.pplive.cn/cs128x72/9e/a6/9ea6d50aaee8e7e33f0788c24ce5226a/3.jpg',
  v_url: 'http://v.pptv.com/show/zpicFQibxNpuRHxS0.html?rcc_src=B3',
  play_num: '10000' }
[2017-01-20 16:05:56.230] [DEBUG] pptv - PPTV 16625614 加入缓存队列
[2017-01-20 16:05:56.524] [DEBUG] pptv - { author: '飞碟说',
  platform: 31,
  bid: 8063943,
  aid: '16624627',
  title: '飞碟说第25集：4B青年欢乐多',
  comment_num: 2,
  class: '原创精选短片',
  tag: '大陆,精选短片,',
  desc: '各种坑爹搞笑视频\n        \n    ',
  long_t: 302,
  v_img: 'http://v.img.pplive.cn/cs128x72/1f/10/1f10b3736bba25a006749dbf0bba68b5/3.jpg',
  v_url: 'http://v.pptv.com/show/85bOTPNeldM2tBw.html?rcc_src=B3',
  play_num: '40000' }
[2017-01-20 16:05:56.529] [DEBUG] pptv - PPTV 16624627 加入缓存队列
[2017-01-20 16:05:56.625] [DEBUG] pptv - { author: '飞碟说',
  platform: 31,
  bid: 8063943,
  aid: '16624176',
  title: '飞碟说第5集：钓鱼岛的前世今生',
  comment_num: 0,
  class: '原创精选短片',
  tag: '精选短片,',
  desc: '\n        \n    ',
  long_t: 215,
  v_img: 'http://v.img.pplive.cn/cs128x72/22/51/2251dd9820cca7b177f21c26e93c01a8/3.jpg',
  v_url: 'http://v.pptv.com/show/MNiaIBiamIY6EEguo.html?rcc_src=B3',
  play_num: '20000' }
[2017-01-20 16:05:56.630] [DEBUG] pptv - PPTV 16624176 加入缓存队列
[2017-01-20 16:05:59.796] [DEBUG] pptv - { author: '飞碟说',
  platform: 31,
  bid: 8063943,
  aid: '17332992',
  title: '一分钟教你为男友选购合适安全套',
  comment_num: 7,
  class: '原创精选短片',
  tag: '精选短片,',
  desc: '\n        \n    ',
  long_t: 60,
  v_img: 'http://v.img.pplive.cn/cs128x72/e7/85/e78551dc45eb310a574259622758f931/3.jpg',
  v_url: 'http://v.pptv.com/show/ALkUk7wd1hR39V0.html?rcc_src=B3',
  play_num: '1340000' }
[2017-01-20 16:05:59.807] [DEBUG] pptv - PPTV 17332992 加入缓存队列
[2017-01-20 16:06:00.104] [DEBUG] pptv - { author: '飞碟说',
  platform: 31,
  bid: 8063943,
  aid: '17333018',
  title: '一分钟教你了解五谷',
  comment_num: 5,
  class: '原创精选短片',
  tag: '精选短片,',
  desc: '\n        \n    ',
  long_t: 60,
  v_img: 'http://v.img.pplive.cn/cs128x72/ff/31/ff3143deff09458e64f00ad988c694c7/3.jpg',
  v_url: 'http://v.pptv.com/show/Gpic6eSaTWJb5d98.html?rcc_src=B3',
  play_num: '220000' }
[2017-01-20 16:06:00.110] [DEBUG] pptv - PPTV 17333018 加入缓存队列
[2017-01-20 16:06:00.201] [DEBUG] pptv - { author: '飞碟说',
  platform: 31,
  bid: 8063943,
  aid: '17333019',
  title: '一分钟教你了解强迫症',
  comment_num: 9,
  class: '原创精选短片',
  tag: '精选短片,',
  desc: '\n        \n    ',
  long_t: 60,
  v_img: 'http://v.img.pplive.cn/cs128x72/fa/0b/fa0bbb02721a3f13a0dc3fe021e8c972/3.jpg',
  v_url: 'http://v.pptv.com/show/G575dhl4c7EUkvo.html?rcc_src=B3',
  play_num: '420000' }
[2017-01-20 16:06:00.206] [DEBUG] pptv - PPTV 17333019 加入缓存队列
[2017-01-20 16:06:03.302] [DEBUG] pptv - { author: '飞碟说',
  platform: 31,
  bid: 8063943,
  aid: '17333017',
  title: '一分钟教你了解蛀牙',
  comment_num: 4,
  class: '原创精选短片',
  tag: '精选短片,',
  desc: '\n        \n    ',
  long_t: 60,
  v_img: 'http://v.img.pplive.cn/cs128x72/b2/68/b268c97fccb0a4e2bc34dbb7cfaf590b/3.jpg',
  v_url: 'http://v.pptv.com/show/GaALiaLciayQdq6FA.html?rcc_src=B3',
  play_num: '120000' }
[2017-01-20 16:06:03.308] [DEBUG] pptv - PPTV 17333017 加入缓存队列
[2017-01-20 16:06:06.488] [DEBUG] pptv - { author: '飞碟说',
  platform: 31,
  bid: 8063943,
  aid: '17332986',
  title: '一分钟教你伪装成高端影迷',
  comment_num: 1,
  class: '搞笑爆笑秀场相声小品',
  tag: '爆笑秀场,相声小品,',
  desc: '\n        \n    ',
  long_t: 60,
  v_img: 'http://v.img.pplive.cn/cs128x72/e4/62/e4623f6d7385687ab6a6a24e6e33598d/3.jpg',
  v_url: 'http://v.pptv.com/show/ibr4ZlrkY0xF08lo.html?rcc_src=B3',
  play_num: '140000' }
[2017-01-20 16:06:06.494] [DEBUG] pptv - PPTV 17332986 加入缓存队列
[2017-01-20 16:06:06.587] [DEBUG] pptv - { author: '飞碟说',
  platform: 31,
  bid: 8063943,
  aid: '17332991',
  title: '一分钟教你伪装波霸',
  comment_num: 4,
  class: '原创精选短片',
  tag: '精选短片,',
  desc: '\n        \n    ',
  long_t: 60,
  v_img: 'http://v.img.pplive.cn/cs128x72/83/fd/83fdf0ed2ccccb91726371eba865c93c/3.jpg',
  v_url: 'http://v.pptv.com/show/ic8MurdIictPJV0zs.html?rcc_src=B3',
  play_num: '270000' }
[2017-01-20 16:06:06.596] [DEBUG] pptv - PPTV 17332991 加入缓存队列
[2017-01-20 16:06:06.900] [DEBUG] pptv - { author: '飞碟说',
  platform: 31,
  bid: 8063943,
  aid: '17333004',
  title: '一分钟教你如何通马桶',
  comment_num: 3,
  class: '原创精选短片',
  tag: '精选短片,',
  desc: '\n        \n    ',
  long_t: 60,
  v_img: 'http://v.img.pplive.cn/cs128x72/92/8e/928eeaf95b5fd769debf4ba8226c2d39/3.jpg',
  v_url: 'http://v.pptv.com/show/DLUgn8Axuvhb2UE.html?rcc_src=B3',
  play_num: '120000' }
[2017-01-20 16:06:06.905] [DEBUG] pptv - PPTV 17333004 加入缓存队列
[2017-01-20 16:06:07.029] [DEBUG] pptv - { author: '飞碟说',
  platform: 31,
  bid: 8063943,
  aid: '17333008',
  title: '一分钟教你巧用安全套',
  comment_num: 7,
  class: '原创精选短片',
  tag: '精选短片,',
  desc: '\n        \n    ',
  long_t: 60,
  v_img: 'http://v.img.pplive.cn/cs128x72/c8/37/c837514a744908681ea8ecc38f9eb829/3.jpg',
  v_url: 'http://v.pptv.com/show/EKkEg6wN5iaSHBW0.html?rcc_src=B3',
  play_num: '1010000' }
[2017-01-20 16:06:07.036] [DEBUG] pptv - PPTV 17333008 加入缓存队列
[2017-01-20 16:06:07.149] [DEBUG] pptv - { author: '飞碟说',
  platform: 31,
  bid: 8063943,
  aid: '17332966',
  title: '一分钟教你应对半秃尴尬',
  comment_num: 2,
  class: '原创精选短片',
  tag: '精选短片,',
  desc: '\n        \n    ',
  long_t: 60,
  v_img: 'http://v.img.pplive.cn/cs128x72/80/83/8083d7247052e7828d22740b755d76db/3.jpg',
  v_url: 'http://v.pptv.com/show/5to1st08ticVY1j4.html?rcc_src=B3',
  play_num: '130000' }
[2017-01-20 16:06:07.152] [DEBUG] pptv - PPTV 17332966 加入缓存队列
[2017-01-20 16:06:07.438] [DEBUG] pptv - { author: '飞碟说',
  platform: 31,
  bid: 8063943,
  aid: '17332964',
  title: '一分钟教你应对女友家暴',
  comment_num: 1,
  class: '原创精选短片',
  tag: '精选短片,',
  desc: '\n        \n    ',
  long_t: 60,
  v_img: 'http://v.img.pplive.cn/cs128x72/ad/af/adafe288e0c36a97fdc6792a5c8cc578/3.jpg',
  v_url: 'http://v.pptv.com/show/5Nw3tNs2vfte3EQ.html?rcc_src=B3',
  play_num: '160000' }
[2017-01-20 16:06:07.443] [DEBUG] pptv - PPTV 17332964 加入缓存队列
[2017-01-20 16:06:07.536] [DEBUG] pptv - { author: '飞碟说',
  platform: 31,
  bid: 8063943,
  aid: '17332963',
  title: '一分钟教你应对女友犀利问题',
  comment_num: 4,
  class: '原创精选短片',
  tag: '精选短片,',
  desc: '\n        \n    ',
  long_t: 60,
  v_img: 'http://v.img.pplive.cn/cs128x72/9e/36/9e36ad6c6042f327a77c1957cd5b1a4c/3.jpg',
  v_url: 'http://v.pptv.com/show/49dCwW7LIF7BP6c.html?rcc_src=B3',
  play_num: '480000' }
[2017-01-20 16:06:07.540] [DEBUG] pptv - PPTV 17332963 加入缓存队列
[2017-01-20 16:06:11.708] [DEBUG] pptv - { author: '飞碟说',
  platform: 31,
  bid: 8063943,
  aid: '17332965',
  title: '一分钟教你应对家里逼婚',
  comment_num: 4,
  class: '原创精选短片',
  tag: '精选短片,',
  desc: '\n        \n    ',
  long_t: 60,
  v_img: 'http://v.img.pplive.cn/cs128x72/9d/63/9d63ebbcf7024e453012e15a8ff658da/3.jpg',
  v_url: 'http://v.pptv.com/show/5d04t9g5svBT0Tk.html?rcc_src=B3',
  play_num: '190000' }
[2017-01-20 16:06:11.714] [DEBUG] pptv - PPTV 17332965 加入缓存队列
[2017-01-20 16:06:11.809] [DEBUG] pptv - { author: '飞碟说',
  platform: 31,
  bid: 8063943,
  aid: '17332961',
  title: '一分钟教你应对身份证丢失',
  comment_num: 1,
  class: '原创精选短片',
  tag: '精选短片,',
  desc: '\n        \n    ',
  long_t: 60,
  v_img: 'http://v.img.pplive.cn/cs128x72/21/78/2178908748e6843311c8c7614ad6d5b7/3.jpg',
  v_url: 'http://v.pptv.com/show/4dk0s9w9tvRX1T0.html?rcc_src=B3',
  play_num: '250000' }
[2017-01-20 16:06:11.814] [DEBUG] pptv - PPTV 17332961 加入缓存队列
[2017-01-20 16:06:12.101] [DEBUG] pptv - { author: '飞碟说',
  platform: 31,
  bid: 8063943,
  aid: '17333024',
  title: '一分钟教你快速解酒',
  comment_num: 5,
  class: '原创精选短片',
  tag: '精选短片,',
  desc: '\n        \n    ',
  long_t: 60,
  v_img: 'http://v.img.pplive.cn/cs128x72/d3/9d/d39d0900eea7bc5ba34086d31d3005f6/3.jpg',
  v_url: 'http://v.pptv.com/show/IJn0cxx9drQXlf0.html?rcc_src=B3',
  play_num: '310000' }
[2017-01-20 16:06:12.108] [DEBUG] pptv - PPTV 17333024 加入缓存队列
[2017-01-20 16:06:15.648] [DEBUG] pptv - { author: '飞碟说',
  platform: 31,
  bid: 8063943,
  aid: '17332967',
  title: '一分钟教你掩饰口臭',
  comment_num: 2,
  class: '原创精选短片',
  tag: '精选短片,',
  desc: '\n        \n    ',
  long_t: 60,
  v_img: 'http://v.img.pplive.cn/cs128x72/84/14/8414dade57a77d78f1a4e7b2b3130450/3.jpg',
  v_url: 'http://v.pptv.com/show/59s2tdo3vPpd20M.html?rcc_src=B3',
  play_num: '230000' }
[2017-01-20 16:06:15.653] [DEBUG] pptv - PPTV 17332967 加入缓存队列
[2017-01-20 16:06:16.348] [DEBUG] pptv - { author: '飞碟说',
  platform: 31,
  bid: 8063943,
  aid: '17332980',
  title: '一分钟教你消除便秘',
  comment_num: 2,
  class: '原创精选短片',
  tag: '精选短片,',
  desc: '\n        \n    ',
  long_t: 60,
  v_img: 'http://v.img.pplive.cn/cs128x72/3c/2f/3c2f6defa8a863ac6ba7cbad21e6ae68/3.jpg',
  v_url: 'http://v.pptv.com/show/9MwnpMsmzQtu7FQ.html?rcc_src=B3',
  play_num: '190000' }
[2017-01-20 16:06:16.352] [DEBUG] pptv - PPTV 17332980 加入缓存队列
[2017-01-20 16:06:16.633] [DEBUG] pptv - { author: '飞碟说',
  platform: 31,
  bid: 8063943,
  aid: '17332997',
  title: '一分钟教你甩掉麻烦女友',
  comment_num: 4,
  class: '原创精选短片',
  tag: '精选短片,',
  desc: '\n        \n    ',
  long_t: 60,
  v_img: 'http://v.img.pplive.cn/cs128x72/35/40/3540bbc9ccfeaf1f102f19624c289304/3.jpg',
  v_url: 'http://v.pptv.com/show/BbwXlLsW3RtibicGQ.html?rcc_src=B3',
  play_num: '900000' }
[2017-01-20 16:06:16.637] [DEBUG] pptv - PPTV 17332997 加入缓存队列
[2017-01-20 16:06:16.955] [DEBUG] pptv - { author: '飞碟说',
  platform: 31,
  bid: 8063943,
  aid: '17333025',
  title: '一分钟教你看穿人造美女',
  comment_num: 8,
  class: '原创精选短片',
  tag: '精选短片,',
  desc: '\n        \n    ',
  long_t: 60,
  v_img: 'http://v.img.pplive.cn/cs128x72/58/a7/58a77aa31399b6646a4b5561300ac46b/3.jpg',
  v_url: 'http://v.pptv.com/show/IZjzcB96ca8SkPg.html?rcc_src=B3',
  play_num: '1280000' }
[2017-01-20 16:06:16.962] [DEBUG] pptv - PPTV 17333025 加入缓存队列
[2017-01-20 16:06:17.062] [DEBUG] pptv - { author: '飞碟说',
  platform: 31,
  bid: 8063943,
  aid: '17333016',
  title: '一分钟教你练出八块腹肌',
  comment_num: 3,
  class: '原创精选短片',
  tag: '精选短片,',
  desc: '\n        \n    ',
  long_t: 60,
  v_img: 'http://v.img.pplive.cn/cs128x72/ec/f3/ecf3d8b4d3226f0319b3cb282e1bd7ee/3.jpg',
  v_url: 'http://v.pptv.com/show/GKEMia7Qlzgxv7VU.html?rcc_src=B3',
  play_num: '260000' }
[2017-01-20 16:06:17.068] [DEBUG] pptv - PPTV 17333016 加入缓存队列
[2017-01-20 16:06:17.343] [DEBUG] pptv - { author: '飞碟说',
  platform: 31,
  bid: 8063943,
  aid: '17333015',
  title: '一分钟教你练出性感翘臀',
  comment_num: 4,
  class: '原创精选短片',
  tag: '精选短片,',
  desc: '\n        \n    ',
  long_t: 60,
  v_img: 'http://v.img.pplive.cn/cs128x72/1e/a8/1ea86c3e0bc1dbcabb1a88378cf7f675/3.jpg',
  v_url: 'http://v.pptv.com/show/F6oFgq0M5yWIBm4.html?rcc_src=B3',
  play_num: '390000' }
[2017-01-20 16:06:17.352] [DEBUG] pptv - PPTV 17333015 加入缓存队列
[2017-01-20 16:06:17.437] [DEBUG] pptv - { author: '飞碟说',
  platform: 31,
  bid: 8063943,
  aid: '17333032',
  title: '一分钟教你缓解眼疲劳',
  comment_num: 3,
  class: '原创精选短片',
  tag: '精选短片,',
  desc: '\n        \n    ',
  long_t: 60,
  v_img: 'http://v.img.pplive.cn/cs128x72/f4/02/f4028275eb0371baf7bec006b68ee0fa/3.jpg',
  v_url: 'http://v.pptv.com/show/KJH8eySVXpzicfeU.html?rcc_src=B3',
  play_num: '290000' }
[2017-01-20 16:06:17.443] [DEBUG] pptv - PPTV 17333032 加入缓存队列
[2017-01-20 16:06:17.534] [DEBUG] pptv - { author: '飞碟说',
  platform: 31,
  bid: 8063943,
  aid: '17333014',
  title: '一分钟教你聊一本没看过的书',
  comment_num: 3,
  class: '原创精选短片',
  tag: '精选短片,',
  desc: '\n        \n    ',
  long_t: 60,
  v_img: 'http://v.img.pplive.cn/cs128x72/67/f4/67f4d5579f1e7f2064a377bb8c0732a8/3.jpg',
  v_url: 'http://v.pptv.com/show/FqsGhaoH7CqNC3M.html?rcc_src=B3',
  play_num: '150000' }
[2017-01-20 16:06:17.539] [DEBUG] pptv - PPTV 17333014 加入缓存队列
[2017-01-20 16:06:17.641] [DEBUG] pptv - { author: '飞碟说',
  platform: 31,
  bid: 8063943,
  aid: '17333001',
  title: '一分钟教你识别坑爹招聘',
  comment_num: 2,
  class: '原创精选短片',
  tag: '精选短片,',
  desc: '\n        \n    ',
  long_t: 60,
  v_img: 'http://v.img.pplive.cn/cs128x72/d1/c1/d1c155d5c67c2af0014760ee961928f1/3.jpg',
  v_url: 'http://v.pptv.com/show/CbAbmMcyufda2EA.html?rcc_src=B3',
  play_num: '220000' }
[2017-01-20 16:06:17.646] [DEBUG] pptv - PPTV 17333001 加入缓存队列
[2017-01-20 16:06:20.771] [DEBUG] pptv - { author: '飞碟说',
  platform: 31,
  bid: 8063943,
  aid: '17333002',
  title: '一分钟教你识别程序猿',
  comment_num: 1,
  class: '原创精选短片',
  tag: '精选短片,',
  desc: '\n        \n    ',
  long_t: 60,
  v_img: 'http://v.img.pplive.cn/cs128x72/ff/a8/ffa8d7e3879afd3b9751f93656cb21d7/3.jpg',
  v_url: 'http://v.pptv.com/show/Cq8KiabYjyAZp508.html?rcc_src=B3',
  play_num: '100000' }
[2017-01-20 16:06:20.781] [DEBUG] pptv - PPTV 17333002 加入缓存队列
[2017-01-20 16:06:20.866] [DEBUG] pptv - { author: '飞碟说',
  platform: 31,
  bid: 8063943,
  aid: '17333000',
  title: '一分钟教你识别隆胸假奶',
  comment_num: 5,
  class: '原创精选短片',
  tag: '精选短片,',
  desc: '\n        \n    ',
  long_t: 60,
  v_img: 'http://v.img.pplive.cn/cs128x72/be/01/be01257ac8286edf5a592c567a53b00d/3.jpg',
  v_url: 'http://v.pptv.com/show/CLEcm8Q1vvxf3UU.html?rcc_src=B3',
  play_num: '1080000' }
[2017-01-20 16:06:20.873] [DEBUG] pptv - PPTV 17333000 加入缓存队列
[2017-01-20 16:06:20.951] [DEBUG] pptv - { author: '飞碟说',
  platform: 31,
  bid: 8063943,
  aid: '17332998',
  title: '一分钟教你识破传销',
  comment_num: 0,
  class: '原创精选短片',
  tag: '精选短片,',
  desc: '\n        \n    ',
  long_t: 60,
  v_img: 'http://v.img.pplive.cn/cs128x72/37/7e/377e57f54aeae31b2011d2d1406ecffa/3.jpg',
  v_url: 'http://v.pptv.com/show/BrsWlboX3Bp9ib2M.html?rcc_src=B3',
  play_num: '150000' }
[2017-01-20 16:06:20.957] [DEBUG] pptv - PPTV 17332998 加入缓存队列
[2017-01-20 16:06:21.105] [DEBUG] pptv - { author: '飞碟说',
  platform: 31,
  bid: 8063943,
  aid: '17332996',
  title: '一分钟教你说谎不被识破',
  comment_num: 2,
  class: '原创精选短片',
  tag: '精选短片,',
  desc: '\n        \n    ',
  long_t: 60,
  v_img: 'http://v.img.pplive.cn/cs128x72/b4/f2/b4f2595304f3a7b3f88f55e36d917029/3.jpg',
  v_url: 'http://v.pptv.com/show/BL0Yl7gZ0hBz8Vk.html?rcc_src=B3',
  play_num: '290000' }
[2017-01-20 16:06:21.110] [DEBUG] pptv - PPTV 17332996 加入缓存队列
[2017-01-20 16:06:24.193] [DEBUG] pptv - { author: '飞碟说',
  platform: 31,
  bid: 8063943,
  aid: '17332917',
  title: '一分钟让女友主动跟你AA制',
  comment_num: 5,
  class: '原创精选短片',
  tag: '精选短片,',
  desc: '\n        \n    ',
  long_t: 60,
  v_img: 'http://v.img.pplive.cn/cs128x72/5e/6f/5e6f19db86984ea085ed83c08acf904c/3.jpg',
  v_url: 'http://v.pptv.com/show/tQ1o54jpAkCjIYk.html?rcc_src=B3',
  play_num: '190000' }
[2017-01-20 16:06:24.199] [DEBUG] pptv - PPTV 17332917 加入缓存队列
[2017-01-20 16:06:24.284] [DEBUG] pptv - { author: '飞碟说',
  platform: 31,
  bid: 8063943,
  aid: '17332909',
  title: '一分钟教你快速入眠',
  comment_num: 3,
  class: '原创精选短片',
  tag: '精选短片,',
  desc: '\n        \n    ',
  long_t: 60,
  v_img: 'http://v.img.pplive.cn/cs128x72/f7/a3/f7a3a49ec5fca1a448492ce6396c4a7d/3.jpg',
  v_url: 'http://v.pptv.com/show/rRWAic6AR2hh7ibWE.html?rcc_src=B3',
  play_num: '340000' }
