[2016-11-29 15:47:37.697] [TRACE] 爆米花 - DealWith instantiation ...
[2016-11-29 15:47:37.705] [TRACE] 爆米花 - spiderCore instantiation ...
[2016-11-29 15:47:37.706] [TRACE] 爆米花 - 启动函数
[2016-11-29 15:47:37.735] [DEBUG] 爆米花 - 任务信息数据库连接建立...成功
[2016-11-29 15:47:37.738] [DEBUG] 爆米花 - 缓存队列数据库连接建立...成功
[2016-11-29 15:47:37.741] [DEBUG] 爆米花 - 创建数据库连接完毕
[2016-11-29 15:47:37.742] [INFO] 爆米花 - { id: '27703', p: '13', name: '一色神技能', type: '0' }
[2016-11-29 15:47:38.393] [ERROR] 爆米花 - occur error :  { Error: getaddrinfo ENOTFOUND staging.caihongip.com staging.caihongip.com:80
    at errnoException (dns.js:28:10)
    at GetAddrInfoReqWrap.onlookup [as oncomplete] (dns.js:79:26)
  code: 'ENOTFOUND',
  errno: 'ENOTFOUND',
  syscall: 'getaddrinfo',
  hostname: 'staging.caihongip.com',
  host: 'staging.caihongip.com',
  port: 80 }
[2016-11-29 15:47:59.402] [ERROR] 爆米花 - occur error :  { Error: connect ETIMEDOUT 100.98.39.12:80
    at Object.exports._errnoException (util.js:1007:11)
    at exports._exceptionWithHostPort (util.js:1030:20)
    at TCPConnectWrap.afterConnect [as oncomplete] (net.js:1080:14)
  code: 'ETIMEDOUT',
  errno: 'ETIMEDOUT',
  syscall: 'connect',
  address: '100.98.39.12',
  port: 80 }
[2016-11-29 15:47:59.411] [INFO] 爆米花 - 返回爆米花用户 27703 连接服务器失败
[2016-11-29 15:48:06.097] [DEBUG] 爆米花 - 爆米花视频 36628778 加入缓存队列
[2016-11-29 15:48:07.133] [DEBUG] 爆米花 - 爆米花视频 36626579 加入缓存队列
[2016-11-29 15:48:10.766] [DEBUG] 爆米花 - 爆米花视频 36626581 加入缓存队列
