[2016-11-28 11:18:38.420] [TRACE] 今日头条 - DealWith instantiation ...
[2016-11-28 11:18:38.427] [TRACE] 今日头条 - spiderCore instantiation ...
[2016-11-28 11:18:38.428] [TRACE] 今日头条 - 启动函数
[2016-11-28 11:18:38.457] [DEBUG] 今日头条 - 任务信息数据库连接建立...成功
[2016-11-28 11:18:38.461] [DEBUG] 今日头条 - 缓存队列数据库连接建立...成功
[2016-11-28 11:18:38.462] [DEBUG] 今日头条 - 创建数据库连接完毕
[2016-11-28 11:18:38.464] [INFO] 今日头条 - { p: '6', id: '6621038696', name: '聊斋那些事儿' }
[2016-11-28 11:18:38.490] [DEBUG] 今日头条 - undefined
[2016-11-28 11:18:39.440] [DEBUG] 今日头条 - 1480136374-=-=-=-=-=-=-=
[2016-11-28 11:18:41.847] [DEBUG] 今日头条 - 1480136374
[2016-11-28 11:18:44.887] [DEBUG] 今日头条 - 
[2016-11-28 11:18:48.951] [DEBUG] 今日头条 - 
[2016-11-28 11:18:56.949] [ERROR] 今日头条 - 返回JSON格式不正确
[2016-11-28 11:18:56.952] [INFO] 今日头条 - info: { statusCode: 503,
  headers: '{"server":"Tengine","content-type":"text/html; charset=utf-8","transfer-encoding":"chunked","connection":"close","date":"Mon, 28 Nov 2016 03:18:14 GMT","x_tt_logid":"20161128111810010004035013524FD2","x-tt-logid":"20161128111810010004035013524FD2","via":"cache2.l2cm12[4257,0], cache8.cn287[4259,0]","timing-allow-origin":"*","eagleid":"b4959b0814803030905127228e"}',
  body: '' }
[2016-11-28 11:18:59.254] [DEBUG] 今日头条 - 
[2016-11-28 11:19:03.525] [DEBUG] 今日头条 - 
[2016-11-28 11:19:08.557] [DEBUG] 今日头条 - 
[2016-11-28 11:19:14.946] [DEBUG] 今日头条 - 
