[2016-11-27 00:58:00.469] [TRACE] 今日头条 - DealWith instantiation ...
[2016-11-27 00:58:00.481] [TRACE] 今日头条 - spiderCore instantiation ...
[2016-11-27 00:58:00.481] [TRACE] 今日头条 - 启动函数
[2016-11-27 00:58:00.511] [DEBUG] 今日头条 - 任务信息数据库连接建立...成功
[2016-11-27 00:58:00.511] [DEBUG] 今日头条 - 缓存队列数据库连接建立...成功
[2016-11-27 00:58:00.511] [DEBUG] 今日头条 - 创建数据库连接完毕
[2016-11-27 00:58:00.511] [INFO] 今日头条 - { p: '6', id: '6518345701', name: '共赏雅俗' }
[2016-11-27 00:58:00.665] [DEBUG] 今日头条 - 真人真事：新婚19天，新娘竟遭如此厄运
[2016-11-27 00:58:00.665] [DEBUG] 今日头条 - 周总理知道有人要暗杀自己时，顿时拍桌子说了这番话
[2016-11-27 00:58:00.675] [DEBUG] 今日头条 - 《功夫》的这些片段都没在电影院看到，可惜了
[2016-11-27 00:58:00.675] [DEBUG] 今日头条 - 周总理向主席报告林彪出逃，主席说的最后一句话最霸气
[2016-11-27 00:58:00.675] [DEBUG] 今日头条 - 小夫妻忙造人，可把门外的丈母娘急坏了
[2016-11-27 00:58:00.675] [DEBUG] 今日头条 - 两个孩子同时出生，但一生下来就明显有了差距
[2016-11-27 00:58:00.685] [DEBUG] 今日头条 - 女子空姐面试，当考官的老公吓得坐到了地上
[2016-11-27 00:58:00.695] [DEBUG] 今日头条 - 农村人是这么纪念毛主席逝世的
[2016-11-27 00:58:00.695] [DEBUG] 今日头条 - 姑娘深夜独自在家，发生的这些事让人害怕
[2016-11-27 00:58:00.695] [DEBUG] 今日头条 - 农村小伙深夜被女老板教如何服务客人
[2016-11-27 00:58:00.855] [DEBUG] 今日头条 - 真人真事：新婚19天，新娘竟遭如此厄运
[2016-11-27 00:58:00.859] [DEBUG] 今日头条 - 周总理知道有人要暗杀自己时，顿时拍桌子说了这番话
[2016-11-27 00:58:00.863] [DEBUG] 今日头条 - 《功夫》的这些片段都没在电影院看到，可惜了
[2016-11-27 00:58:00.866] [DEBUG] 今日头条 - 周总理向主席报告林彪出逃，主席说的最后一句话最霸气
[2016-11-27 00:58:00.870] [DEBUG] 今日头条 - 小夫妻忙造人，可把门外的丈母娘急坏了
[2016-11-27 00:58:00.876] [DEBUG] 今日头条 - 两个孩子同时出生，但一生下来就明显有了差距
[2016-11-27 00:58:00.882] [DEBUG] 今日头条 - 女子空姐面试，当考官的老公吓得坐到了地上
[2016-11-27 00:58:00.888] [DEBUG] 今日头条 - 农村人是这么纪念毛主席逝世的
[2016-11-27 00:58:00.889] [DEBUG] 今日头条 - 姑娘深夜独自在家，发生的这些事让人害怕
[2016-11-27 00:58:00.894] [DEBUG] 今日头条 - 农村小伙深夜被女老板教如何服务客人
[2016-11-27 00:58:00.897] [DEBUG] 今日头条 - 真人真事：新婚19天，新娘竟遭如此厄运
[2016-11-27 00:58:00.899] [DEBUG] 今日头条 - 周总理知道有人要暗杀自己时，顿时拍桌子说了这番话
[2016-11-27 00:58:00.901] [DEBUG] 今日头条 - 《功夫》的这些片段都没在电影院看到，可惜了
[2016-11-27 00:58:00.904] [DEBUG] 今日头条 - 周总理向主席报告林彪出逃，主席说的最后一句话最霸气
[2016-11-27 00:58:00.906] [DEBUG] 今日头条 - 小夫妻忙造人，可把门外的丈母娘急坏了
[2016-11-27 00:58:00.910] [DEBUG] 今日头条 - 两个孩子同时出生，但一生下来就明显有了差距
[2016-11-27 00:58:00.914] [DEBUG] 今日头条 - 女子空姐面试，当考官的老公吓得坐到了地上
[2016-11-27 00:58:00.917] [DEBUG] 今日头条 - 农村人是这么纪念毛主席逝世的
[2016-11-27 00:58:00.920] [DEBUG] 今日头条 - 姑娘深夜独自在家，发生的这些事让人害怕
[2016-11-27 00:58:00.920] [DEBUG] 今日头条 - 农村小伙深夜被女老板教如何服务客人
[2016-11-27 00:58:00.992] [DEBUG] 今日头条 - 真人真事：新婚19天，新娘竟遭如此厄运
[2016-11-27 00:58:01.002] [DEBUG] 今日头条 - 周总理知道有人要暗杀自己时，顿时拍桌子说了这番话
[2016-11-27 00:58:01.002] [DEBUG] 今日头条 - 《功夫》的这些片段都没在电影院看到，可惜了
[2016-11-27 00:58:01.002] [DEBUG] 今日头条 - 周总理向主席报告林彪出逃，主席说的最后一句话最霸气
[2016-11-27 00:58:01.002] [DEBUG] 今日头条 - 小夫妻忙造人，可把门外的丈母娘急坏了
[2016-11-27 00:58:01.002] [DEBUG] 今日头条 - 两个孩子同时出生，但一生下来就明显有了差距
[2016-11-27 00:58:01.012] [DEBUG] 今日头条 - 女子空姐面试，当考官的老公吓得坐到了地上
[2016-11-27 00:58:01.012] [DEBUG] 今日头条 - 农村人是这么纪念毛主席逝世的
[2016-11-27 00:58:01.012] [DEBUG] 今日头条 - 姑娘深夜独自在家，发生的这些事让人害怕
[2016-11-27 00:58:01.012] [DEBUG] 今日头条 - 农村小伙深夜被女老板教如何服务客人
[2016-11-27 00:58:01.022] [DEBUG] 今日头条 - 真人真事：新婚19天，新娘竟遭如此厄运
[2016-11-27 00:58:01.022] [DEBUG] 今日头条 - 周总理知道有人要暗杀自己时，顿时拍桌子说了这番话
[2016-11-27 00:58:01.022] [DEBUG] 今日头条 - 《功夫》的这些片段都没在电影院看到，可惜了
[2016-11-27 00:58:01.022] [DEBUG] 今日头条 - 周总理向主席报告林彪出逃，主席说的最后一句话最霸气
[2016-11-27 00:58:01.032] [DEBUG] 今日头条 - 小夫妻忙造人，可把门外的丈母娘急坏了
[2016-11-27 00:58:01.032] [DEBUG] 今日头条 - 两个孩子同时出生，但一生下来就明显有了差距
[2016-11-27 00:58:01.032] [DEBUG] 今日头条 - 女子空姐面试，当考官的老公吓得坐到了地上
[2016-11-27 00:58:01.032] [DEBUG] 今日头条 - 农村人是这么纪念毛主席逝世的
[2016-11-27 00:58:01.032] [DEBUG] 今日头条 - 姑娘深夜独自在家，发生的这些事让人害怕
[2016-11-27 00:58:01.042] [DEBUG] 今日头条 - 农村小伙深夜被女老板教如何服务客人
[2016-11-27 00:58:01.042] [DEBUG] 今日头条 - 真人真事：新婚19天，新娘竟遭如此厄运
[2016-11-27 00:58:01.042] [DEBUG] 今日头条 - 周总理知道有人要暗杀自己时，顿时拍桌子说了这番话
[2016-11-27 00:58:01.042] [DEBUG] 今日头条 - 《功夫》的这些片段都没在电影院看到，可惜了
[2016-11-27 00:58:01.052] [DEBUG] 今日头条 - 周总理向主席报告林彪出逃，主席说的最后一句话最霸气
[2016-11-27 00:58:01.052] [DEBUG] 今日头条 - 小夫妻忙造人，可把门外的丈母娘急坏了
[2016-11-27 00:58:01.052] [DEBUG] 今日头条 - 两个孩子同时出生，但一生下来就明显有了差距
[2016-11-27 00:58:01.052] [DEBUG] 今日头条 - 女子空姐面试，当考官的老公吓得坐到了地上
[2016-11-27 00:58:01.062] [DEBUG] 今日头条 - 农村人是这么纪念毛主席逝世的
[2016-11-27 00:58:01.062] [DEBUG] 今日头条 - 姑娘深夜独自在家，发生的这些事让人害怕
[2016-11-27 00:58:01.062] [DEBUG] 今日头条 - 农村小伙深夜被女老板教如何服务客人
[2016-11-27 00:58:01.165] [DEBUG] 今日头条 - 真人真事：新婚19天，新娘竟遭如此厄运
[2016-11-27 00:58:01.165] [DEBUG] 今日头条 - 周总理知道有人要暗杀自己时，顿时拍桌子说了这番话
[2016-11-27 00:58:01.175] [DEBUG] 今日头条 - 《功夫》的这些片段都没在电影院看到，可惜了
[2016-11-27 00:58:01.175] [DEBUG] 今日头条 - 周总理向主席报告林彪出逃，主席说的最后一句话最霸气
[2016-11-27 00:58:01.185] [DEBUG] 今日头条 - 小夫妻忙造人，可把门外的丈母娘急坏了
[2016-11-27 00:58:01.185] [DEBUG] 今日头条 - 两个孩子同时出生，但一生下来就明显有了差距
[2016-11-27 00:58:01.195] [DEBUG] 今日头条 - 女子空姐面试，当考官的老公吓得坐到了地上
[2016-11-27 00:58:01.195] [DEBUG] 今日头条 - 农村人是这么纪念毛主席逝世的
[2016-11-27 00:58:01.195] [DEBUG] 今日头条 - 姑娘深夜独自在家，发生的这些事让人害怕
[2016-11-27 00:58:01.205] [DEBUG] 今日头条 - 农村小伙深夜被女老板教如何服务客人
[2016-11-27 00:58:01.205] [DEBUG] 今日头条 - 真人真事：新婚19天，新娘竟遭如此厄运
[2016-11-27 00:58:01.205] [DEBUG] 今日头条 - 周总理知道有人要暗杀自己时，顿时拍桌子说了这番话
[2016-11-27 00:58:01.205] [DEBUG] 今日头条 - 《功夫》的这些片段都没在电影院看到，可惜了
[2016-11-27 00:58:01.215] [DEBUG] 今日头条 - 周总理向主席报告林彪出逃，主席说的最后一句话最霸气
[2016-11-27 00:58:01.215] [DEBUG] 今日头条 - 小夫妻忙造人，可把门外的丈母娘急坏了
[2016-11-27 00:58:01.215] [DEBUG] 今日头条 - 两个孩子同时出生，但一生下来就明显有了差距
[2016-11-27 00:58:01.215] [DEBUG] 今日头条 - 女子空姐面试，当考官的老公吓得坐到了地上
[2016-11-27 00:58:01.225] [DEBUG] 今日头条 - 农村人是这么纪念毛主席逝世的
[2016-11-27 00:58:01.225] [DEBUG] 今日头条 - 姑娘深夜独自在家，发生的这些事让人害怕
[2016-11-27 00:58:01.225] [DEBUG] 今日头条 - 农村小伙深夜被女老板教如何服务客人
[2016-11-27 00:58:01.225] [DEBUG] 今日头条 - 真人真事：新婚19天，新娘竟遭如此厄运
[2016-11-27 00:58:01.225] [DEBUG] 今日头条 - 周总理知道有人要暗杀自己时，顿时拍桌子说了这番话
[2016-11-27 00:58:01.236] [DEBUG] 今日头条 - 《功夫》的这些片段都没在电影院看到，可惜了
[2016-11-27 00:58:01.238] [DEBUG] 今日头条 - 周总理向主席报告林彪出逃，主席说的最后一句话最霸气
[2016-11-27 00:58:01.240] [DEBUG] 今日头条 - 小夫妻忙造人，可把门外的丈母娘急坏了
[2016-11-27 00:58:01.242] [DEBUG] 今日头条 - 两个孩子同时出生，但一生下来就明显有了差距
[2016-11-27 00:58:01.244] [DEBUG] 今日头条 - 女子空姐面试，当考官的老公吓得坐到了地上
[2016-11-27 00:58:01.247] [DEBUG] 今日头条 - 农村人是这么纪念毛主席逝世的
[2016-11-27 00:58:01.249] [DEBUG] 今日头条 - 姑娘深夜独自在家，发生的这些事让人害怕
[2016-11-27 00:58:01.251] [DEBUG] 今日头条 - 农村小伙深夜被女老板教如何服务客人
[2016-11-27 00:58:01.253] [DEBUG] 今日头条 - 真人真事：新婚19天，新娘竟遭如此厄运
[2016-11-27 00:58:01.255] [DEBUG] 今日头条 - 周总理知道有人要暗杀自己时，顿时拍桌子说了这番话
[2016-11-27 00:58:01.257] [DEBUG] 今日头条 - 《功夫》的这些片段都没在电影院看到，可惜了
[2016-11-27 00:58:01.261] [DEBUG] 今日头条 - 周总理向主席报告林彪出逃，主席说的最后一句话最霸气
[2016-11-27 00:58:01.263] [DEBUG] 今日头条 - 小夫妻忙造人，可把门外的丈母娘急坏了
[2016-11-27 00:58:01.265] [DEBUG] 今日头条 - 两个孩子同时出生，但一生下来就明显有了差距
[2016-11-27 00:58:01.268] [DEBUG] 今日头条 - 女子空姐面试，当考官的老公吓得坐到了地上
[2016-11-27 00:58:01.269] [DEBUG] 今日头条 - 农村人是这么纪念毛主席逝世的
[2016-11-27 00:58:01.270] [DEBUG] 今日头条 - 姑娘深夜独自在家，发生的这些事让人害怕
[2016-11-27 00:58:01.272] [DEBUG] 今日头条 - 农村小伙深夜被女老板教如何服务客人
[2016-11-27 00:58:01.408] [DEBUG] 今日头条 - 真人真事：新婚19天，新娘竟遭如此厄运
[2016-11-27 00:58:01.408] [DEBUG] 今日头条 - 周总理知道有人要暗杀自己时，顿时拍桌子说了这番话
[2016-11-27 00:58:01.418] [DEBUG] 今日头条 - 《功夫》的这些片段都没在电影院看到，可惜了
[2016-11-27 00:58:01.418] [DEBUG] 今日头条 - 周总理向主席报告林彪出逃，主席说的最后一句话最霸气
[2016-11-27 00:58:01.428] [DEBUG] 今日头条 - 小夫妻忙造人，可把门外的丈母娘急坏了
[2016-11-27 00:58:01.428] [DEBUG] 今日头条 - 两个孩子同时出生，但一生下来就明显有了差距
[2016-11-27 00:58:01.428] [DEBUG] 今日头条 - 女子空姐面试，当考官的老公吓得坐到了地上
[2016-11-27 00:58:01.428] [DEBUG] 今日头条 - 农村人是这么纪念毛主席逝世的
[2016-11-27 00:58:01.428] [DEBUG] 今日头条 - 姑娘深夜独自在家，发生的这些事让人害怕
[2016-11-27 00:58:01.428] [DEBUG] 今日头条 - 农村小伙深夜被女老板教如何服务客人
[2016-11-27 00:58:01.428] [DEBUG] 今日头条 - 真人真事：新婚19天，新娘竟遭如此厄运
[2016-11-27 00:58:01.438] [DEBUG] 今日头条 - 周总理知道有人要暗杀自己时，顿时拍桌子说了这番话
[2016-11-27 00:58:01.438] [DEBUG] 今日头条 - 《功夫》的这些片段都没在电影院看到，可惜了
[2016-11-27 00:58:01.438] [DEBUG] 今日头条 - 周总理向主席报告林彪出逃，主席说的最后一句话最霸气
[2016-11-27 00:58:01.438] [DEBUG] 今日头条 - 小夫妻忙造人，可把门外的丈母娘急坏了
[2016-11-27 00:58:01.438] [DEBUG] 今日头条 - 两个孩子同时出生，但一生下来就明显有了差距
[2016-11-27 00:58:01.438] [DEBUG] 今日头条 - 女子空姐面试，当考官的老公吓得坐到了地上
[2016-11-27 00:58:01.448] [DEBUG] 今日头条 - 农村人是这么纪念毛主席逝世的
[2016-11-27 00:58:01.448] [DEBUG] 今日头条 - 姑娘深夜独自在家，发生的这些事让人害怕
[2016-11-27 00:58:01.448] [DEBUG] 今日头条 - 农村小伙深夜被女老板教如何服务客人
[2016-11-27 00:58:01.448] [DEBUG] 今日头条 - 真人真事：新婚19天，新娘竟遭如此厄运
[2016-11-27 00:58:01.448] [DEBUG] 今日头条 - 周总理知道有人要暗杀自己时，顿时拍桌子说了这番话
[2016-11-27 00:58:01.448] [DEBUG] 今日头条 - 《功夫》的这些片段都没在电影院看到，可惜了
[2016-11-27 00:58:01.448] [DEBUG] 今日头条 - 周总理向主席报告林彪出逃，主席说的最后一句话最霸气
[2016-11-27 00:58:01.458] [DEBUG] 今日头条 - 小夫妻忙造人，可把门外的丈母娘急坏了
[2016-11-27 00:58:01.458] [DEBUG] 今日头条 - 两个孩子同时出生，但一生下来就明显有了差距
[2016-11-27 00:58:01.458] [DEBUG] 今日头条 - 女子空姐面试，当考官的老公吓得坐到了地上
[2016-11-27 00:58:01.458] [DEBUG] 今日头条 - 农村人是这么纪念毛主席逝世的
[2016-11-27 00:58:01.468] [DEBUG] 今日头条 - 姑娘深夜独自在家，发生的这些事让人害怕
[2016-11-27 00:58:01.468] [DEBUG] 今日头条 - 农村小伙深夜被女老板教如何服务客人
[2016-11-27 00:58:01.468] [DEBUG] 今日头条 - 真人真事：新婚19天，新娘竟遭如此厄运
[2016-11-27 00:58:01.468] [DEBUG] 今日头条 - 周总理知道有人要暗杀自己时，顿时拍桌子说了这番话
[2016-11-27 00:58:01.478] [DEBUG] 今日头条 - 《功夫》的这些片段都没在电影院看到，可惜了
[2016-11-27 00:58:01.481] [DEBUG] 今日头条 - 周总理向主席报告林彪出逃，主席说的最后一句话最霸气
[2016-11-27 00:58:01.481] [DEBUG] 今日头条 - 小夫妻忙造人，可把门外的丈母娘急坏了
[2016-11-27 00:58:01.481] [DEBUG] 今日头条 - 两个孩子同时出生，但一生下来就明显有了差距
[2016-11-27 00:58:01.481] [DEBUG] 今日头条 - 女子空姐面试，当考官的老公吓得坐到了地上
[2016-11-27 00:58:01.481] [DEBUG] 今日头条 - 农村人是这么纪念毛主席逝世的
[2016-11-27 00:58:01.491] [DEBUG] 今日头条 - 姑娘深夜独自在家，发生的这些事让人害怕
[2016-11-27 00:58:01.491] [DEBUG] 今日头条 - 农村小伙深夜被女老板教如何服务客人
[2016-11-27 00:58:01.491] [DEBUG] 今日头条 - 真人真事：新婚19天，新娘竟遭如此厄运
[2016-11-27 00:58:01.491] [DEBUG] 今日头条 - 周总理知道有人要暗杀自己时，顿时拍桌子说了这番话
[2016-11-27 00:58:01.501] [DEBUG] 今日头条 - 《功夫》的这些片段都没在电影院看到，可惜了
[2016-11-27 00:58:01.501] [DEBUG] 今日头条 - 周总理向主席报告林彪出逃，主席说的最后一句话最霸气
[2016-11-27 00:58:01.501] [DEBUG] 今日头条 - 小夫妻忙造人，可把门外的丈母娘急坏了
[2016-11-27 00:58:01.501] [DEBUG] 今日头条 - 两个孩子同时出生，但一生下来就明显有了差距
[2016-11-27 00:58:01.511] [DEBUG] 今日头条 - 女子空姐面试，当考官的老公吓得坐到了地上
[2016-11-27 00:58:01.511] [DEBUG] 今日头条 - 农村人是这么纪念毛主席逝世的
[2016-11-27 00:58:01.511] [DEBUG] 今日头条 - 姑娘深夜独自在家，发生的这些事让人害怕
[2016-11-27 00:58:01.511] [DEBUG] 今日头条 - 农村小伙深夜被女老板教如何服务客人
[2016-11-27 00:58:01.591] [DEBUG] 今日头条 - 真人真事：新婚19天，新娘竟遭如此厄运
[2016-11-27 00:58:01.591] [DEBUG] 今日头条 - 周总理知道有人要暗杀自己时，顿时拍桌子说了这番话
[2016-11-27 00:58:01.602] [DEBUG] 今日头条 - 《功夫》的这些片段都没在电影院看到，可惜了
[2016-11-27 00:58:01.604] [DEBUG] 今日头条 - 周总理向主席报告林彪出逃，主席说的最后一句话最霸气
[2016-11-27 00:58:01.607] [DEBUG] 今日头条 - 小夫妻忙造人，可把门外的丈母娘急坏了
[2016-11-27 00:58:01.610] [DEBUG] 今日头条 - 两个孩子同时出生，但一生下来就明显有了差距
[2016-11-27 00:58:01.613] [DEBUG] 今日头条 - 女子空姐面试，当考官的老公吓得坐到了地上
[2016-11-27 00:58:01.615] [DEBUG] 今日头条 - 农村人是这么纪念毛主席逝世的
[2016-11-27 00:58:01.617] [DEBUG] 今日头条 - 姑娘深夜独自在家，发生的这些事让人害怕
[2016-11-27 00:58:01.620] [DEBUG] 今日头条 - 农村小伙深夜被女老板教如何服务客人
[2016-11-27 00:58:01.622] [DEBUG] 今日头条 - 真人真事：新婚19天，新娘竟遭如此厄运
[2016-11-27 00:58:01.625] [DEBUG] 今日头条 - 周总理知道有人要暗杀自己时，顿时拍桌子说了这番话
[2016-11-27 00:58:01.625] [DEBUG] 今日头条 - 《功夫》的这些片段都没在电影院看到，可惜了
[2016-11-27 00:58:01.625] [DEBUG] 今日头条 - 周总理向主席报告林彪出逃，主席说的最后一句话最霸气
[2016-11-27 00:58:01.625] [DEBUG] 今日头条 - 小夫妻忙造人，可把门外的丈母娘急坏了
[2016-11-27 00:58:01.635] [DEBUG] 今日头条 - 两个孩子同时出生，但一生下来就明显有了差距
[2016-11-27 00:58:01.635] [DEBUG] 今日头条 - 女子空姐面试，当考官的老公吓得坐到了地上
[2016-11-27 00:58:01.635] [DEBUG] 今日头条 - 农村人是这么纪念毛主席逝世的
[2016-11-27 00:58:01.635] [DEBUG] 今日头条 - 姑娘深夜独自在家，发生的这些事让人害怕
[2016-11-27 00:58:01.645] [DEBUG] 今日头条 - 农村小伙深夜被女老板教如何服务客人
[2016-11-27 00:58:01.645] [DEBUG] 今日头条 - 真人真事：新婚19天，新娘竟遭如此厄运
[2016-11-27 00:58:01.645] [DEBUG] 今日头条 - 周总理知道有人要暗杀自己时，顿时拍桌子说了这番话
[2016-11-27 00:58:01.645] [DEBUG] 今日头条 - 《功夫》的这些片段都没在电影院看到，可惜了
[2016-11-27 00:58:01.655] [DEBUG] 今日头条 - 周总理向主席报告林彪出逃，主席说的最后一句话最霸气
[2016-11-27 00:58:01.655] [DEBUG] 今日头条 - 小夫妻忙造人，可把门外的丈母娘急坏了
[2016-11-27 00:58:01.655] [DEBUG] 今日头条 - 两个孩子同时出生，但一生下来就明显有了差距
[2016-11-27 00:58:01.665] [DEBUG] 今日头条 - 女子空姐面试，当考官的老公吓得坐到了地上
[2016-11-27 00:58:01.665] [DEBUG] 今日头条 - 农村人是这么纪念毛主席逝世的
[2016-11-27 00:58:01.665] [DEBUG] 今日头条 - 姑娘深夜独自在家，发生的这些事让人害怕
[2016-11-27 00:58:01.675] [DEBUG] 今日头条 - 农村小伙深夜被女老板教如何服务客人
[2016-11-27 00:58:01.675] [DEBUG] 今日头条 - 真人真事：新婚19天，新娘竟遭如此厄运
[2016-11-27 00:58:01.675] [DEBUG] 今日头条 - 周总理知道有人要暗杀自己时，顿时拍桌子说了这番话
[2016-11-27 00:58:01.685] [DEBUG] 今日头条 - 《功夫》的这些片段都没在电影院看到，可惜了
[2016-11-27 00:58:01.685] [DEBUG] 今日头条 - 周总理向主席报告林彪出逃，主席说的最后一句话最霸气
[2016-11-27 00:58:01.685] [DEBUG] 今日头条 - 小夫妻忙造人，可把门外的丈母娘急坏了
[2016-11-27 00:58:01.695] [DEBUG] 今日头条 - 两个孩子同时出生，但一生下来就明显有了差距
[2016-11-27 00:58:01.695] [DEBUG] 今日头条 - 女子空姐面试，当考官的老公吓得坐到了地上
[2016-11-27 00:58:01.695] [DEBUG] 今日头条 - 农村人是这么纪念毛主席逝世的
[2016-11-27 00:58:01.705] [DEBUG] 今日头条 - 姑娘深夜独自在家，发生的这些事让人害怕
[2016-11-27 00:58:01.705] [DEBUG] 今日头条 - 农村小伙深夜被女老板教如何服务客人
[2016-11-27 00:58:01.705] [DEBUG] 今日头条 - 真人真事：新婚19天，新娘竟遭如此厄运
[2016-11-27 00:58:01.715] [DEBUG] 今日头条 - 周总理知道有人要暗杀自己时，顿时拍桌子说了这番话
[2016-11-27 00:58:01.715] [DEBUG] 今日头条 - 《功夫》的这些片段都没在电影院看到，可惜了
[2016-11-27 00:58:01.715] [DEBUG] 今日头条 - 周总理向主席报告林彪出逃，主席说的最后一句话最霸气
[2016-11-27 00:58:01.725] [DEBUG] 今日头条 - 小夫妻忙造人，可把门外的丈母娘急坏了
[2016-11-27 00:58:01.725] [DEBUG] 今日头条 - 两个孩子同时出生，但一生下来就明显有了差距
[2016-11-27 00:58:01.725] [DEBUG] 今日头条 - 女子空姐面试，当考官的老公吓得坐到了地上
[2016-11-27 00:58:01.738] [DEBUG] 今日头条 - 农村人是这么纪念毛主席逝世的
[2016-11-27 00:58:01.740] [DEBUG] 今日头条 - 姑娘深夜独自在家，发生的这些事让人害怕
[2016-11-27 00:58:01.743] [DEBUG] 今日头条 - 农村小伙深夜被女老板教如何服务客人
[2016-11-27 00:58:01.745] [DEBUG] 今日头条 - 真人真事：新婚19天，新娘竟遭如此厄运
[2016-11-27 00:58:01.747] [DEBUG] 今日头条 - 周总理知道有人要暗杀自己时，顿时拍桌子说了这番话
[2016-11-27 00:58:01.750] [DEBUG] 今日头条 - 《功夫》的这些片段都没在电影院看到，可惜了
[2016-11-27 00:58:01.753] [DEBUG] 今日头条 - 周总理向主席报告林彪出逃，主席说的最后一句话最霸气
[2016-11-27 00:58:01.757] [DEBUG] 今日头条 - 小夫妻忙造人，可把门外的丈母娘急坏了
[2016-11-27 00:58:01.761] [DEBUG] 今日头条 - 两个孩子同时出生，但一生下来就明显有了差距
[2016-11-27 00:58:01.764] [DEBUG] 今日头条 - 女子空姐面试，当考官的老公吓得坐到了地上
[2016-11-27 00:58:01.767] [DEBUG] 今日头条 - 农村人是这么纪念毛主席逝世的
[2016-11-27 00:58:01.770] [DEBUG] 今日头条 - 姑娘深夜独自在家，发生的这些事让人害怕
[2016-11-27 00:58:01.773] [DEBUG] 今日头条 - 农村小伙深夜被女老板教如何服务客人
[2016-11-27 00:58:01.938] [DEBUG] 今日头条 - 真人真事：新婚19天，新娘竟遭如此厄运
[2016-11-27 00:58:01.948] [DEBUG] 今日头条 - 周总理知道有人要暗杀自己时，顿时拍桌子说了这番话
[2016-11-27 00:58:01.958] [DEBUG] 今日头条 - 《功夫》的这些片段都没在电影院看到，可惜了
[2016-11-27 00:58:01.958] [DEBUG] 今日头条 - 周总理向主席报告林彪出逃，主席说的最后一句话最霸气
[2016-11-27 00:58:01.968] [DEBUG] 今日头条 - 小夫妻忙造人，可把门外的丈母娘急坏了
[2016-11-27 00:58:01.968] [DEBUG] 今日头条 - 两个孩子同时出生，但一生下来就明显有了差距
[2016-11-27 00:58:01.981] [DEBUG] 今日头条 - 女子空姐面试，当考官的老公吓得坐到了地上
[2016-11-27 00:58:01.981] [DEBUG] 今日头条 - 农村人是这么纪念毛主席逝世的
[2016-11-27 00:58:01.981] [DEBUG] 今日头条 - 姑娘深夜独自在家，发生的这些事让人害怕
[2016-11-27 00:58:01.981] [DEBUG] 今日头条 - 农村小伙深夜被女老板教如何服务客人
[2016-11-27 00:58:01.991] [DEBUG] 今日头条 - 真人真事：新婚19天，新娘竟遭如此厄运
[2016-11-27 00:58:01.991] [DEBUG] 今日头条 - 周总理知道有人要暗杀自己时，顿时拍桌子说了这番话
[2016-11-27 00:58:02.001] [DEBUG] 今日头条 - 《功夫》的这些片段都没在电影院看到，可惜了
[2016-11-27 00:58:02.001] [DEBUG] 今日头条 - 周总理向主席报告林彪出逃，主席说的最后一句话最霸气
[2016-11-27 00:58:02.001] [DEBUG] 今日头条 - 小夫妻忙造人，可把门外的丈母娘急坏了
[2016-11-27 00:58:02.001] [DEBUG] 今日头条 - 两个孩子同时出生，但一生下来就明显有了差距
[2016-11-27 00:58:02.011] [DEBUG] 今日头条 - 女子空姐面试，当考官的老公吓得坐到了地上
[2016-11-27 00:58:02.011] [DEBUG] 今日头条 - 农村人是这么纪念毛主席逝世的
[2016-11-27 00:58:02.011] [DEBUG] 今日头条 - 姑娘深夜独自在家，发生的这些事让人害怕
[2016-11-27 00:58:02.021] [DEBUG] 今日头条 - 农村小伙深夜被女老板教如何服务客人
[2016-11-27 00:58:02.021] [DEBUG] 今日头条 - 真人真事：新婚19天，新娘竟遭如此厄运
[2016-11-27 00:58:02.021] [DEBUG] 今日头条 - 周总理知道有人要暗杀自己时，顿时拍桌子说了这番话
[2016-11-27 00:58:02.031] [DEBUG] 今日头条 - 《功夫》的这些片段都没在电影院看到，可惜了
[2016-11-27 00:58:02.031] [DEBUG] 今日头条 - 周总理向主席报告林彪出逃，主席说的最后一句话最霸气
[2016-11-27 00:58:02.031] [DEBUG] 今日头条 - 小夫妻忙造人，可把门外的丈母娘急坏了
[2016-11-27 00:58:02.041] [DEBUG] 今日头条 - 两个孩子同时出生，但一生下来就明显有了差距
[2016-11-27 00:58:02.041] [DEBUG] 今日头条 - 女子空姐面试，当考官的老公吓得坐到了地上
[2016-11-27 00:58:02.041] [DEBUG] 今日头条 - 农村人是这么纪念毛主席逝世的
[2016-11-27 00:58:02.051] [DEBUG] 今日头条 - 姑娘深夜独自在家，发生的这些事让人害怕
[2016-11-27 00:58:02.051] [DEBUG] 今日头条 - 农村小伙深夜被女老板教如何服务客人
[2016-11-27 00:58:02.051] [DEBUG] 今日头条 - 真人真事：新婚19天，新娘竟遭如此厄运
[2016-11-27 00:58:02.051] [DEBUG] 今日头条 - 周总理知道有人要暗杀自己时，顿时拍桌子说了这番话
[2016-11-27 00:58:02.061] [DEBUG] 今日头条 - 《功夫》的这些片段都没在电影院看到，可惜了
[2016-11-27 00:58:02.061] [DEBUG] 今日头条 - 周总理向主席报告林彪出逃，主席说的最后一句话最霸气
[2016-11-27 00:58:02.061] [DEBUG] 今日头条 - 小夫妻忙造人，可把门外的丈母娘急坏了
[2016-11-27 00:58:02.061] [DEBUG] 今日头条 - 两个孩子同时出生，但一生下来就明显有了差距
[2016-11-27 00:58:02.071] [DEBUG] 今日头条 - 女子空姐面试，当考官的老公吓得坐到了地上
[2016-11-27 00:58:02.071] [DEBUG] 今日头条 - 农村人是这么纪念毛主席逝世的
[2016-11-27 00:58:02.071] [DEBUG] 今日头条 - 姑娘深夜独自在家，发生的这些事让人害怕
[2016-11-27 00:58:02.081] [DEBUG] 今日头条 - 农村小伙深夜被女老板教如何服务客人
[2016-11-27 00:58:02.081] [DEBUG] 今日头条 - 真人真事：新婚19天，新娘竟遭如此厄运
[2016-11-27 00:58:02.081] [DEBUG] 今日头条 - 周总理知道有人要暗杀自己时，顿时拍桌子说了这番话
[2016-11-27 00:58:02.091] [DEBUG] 今日头条 - 《功夫》的这些片段都没在电影院看到，可惜了
[2016-11-27 00:58:02.091] [DEBUG] 今日头条 - 周总理向主席报告林彪出逃，主席说的最后一句话最霸气
[2016-11-27 00:58:02.091] [DEBUG] 今日头条 - 小夫妻忙造人，可把门外的丈母娘急坏了
[2016-11-27 00:58:02.101] [DEBUG] 今日头条 - 两个孩子同时出生，但一生下来就明显有了差距
[2016-11-27 00:58:02.115] [DEBUG] 今日头条 - 女子空姐面试，当考官的老公吓得坐到了地上
[2016-11-27 00:58:02.119] [DEBUG] 今日头条 - 农村人是这么纪念毛主席逝世的
[2016-11-27 00:58:02.121] [DEBUG] 今日头条 - 姑娘深夜独自在家，发生的这些事让人害怕
[2016-11-27 00:58:02.124] [DEBUG] 今日头条 - 农村小伙深夜被女老板教如何服务客人
[2016-11-27 00:58:02.125] [DEBUG] 今日头条 - 真人真事：新婚19天，新娘竟遭如此厄运
[2016-11-27 00:58:02.125] [DEBUG] 今日头条 - 周总理知道有人要暗杀自己时，顿时拍桌子说了这番话
[2016-11-27 00:58:02.125] [DEBUG] 今日头条 - 《功夫》的这些片段都没在电影院看到，可惜了
[2016-11-27 00:58:02.135] [DEBUG] 今日头条 - 周总理向主席报告林彪出逃，主席说的最后一句话最霸气
[2016-11-27 00:58:02.135] [DEBUG] 今日头条 - 小夫妻忙造人，可把门外的丈母娘急坏了
[2016-11-27 00:58:02.145] [DEBUG] 今日头条 - 两个孩子同时出生，但一生下来就明显有了差距
[2016-11-27 00:58:02.145] [DEBUG] 今日头条 - 女子空姐面试，当考官的老公吓得坐到了地上
[2016-11-27 00:58:02.145] [DEBUG] 今日头条 - 农村人是这么纪念毛主席逝世的
[2016-11-27 00:58:02.145] [DEBUG] 今日头条 - 姑娘深夜独自在家，发生的这些事让人害怕
[2016-11-27 00:58:02.155] [DEBUG] 今日头条 - 农村小伙深夜被女老板教如何服务客人
[2016-11-27 00:58:02.155] [DEBUG] 今日头条 - 真人真事：新婚19天，新娘竟遭如此厄运
[2016-11-27 00:58:02.155] [DEBUG] 今日头条 - 周总理知道有人要暗杀自己时，顿时拍桌子说了这番话
[2016-11-27 00:58:02.165] [DEBUG] 今日头条 - 《功夫》的这些片段都没在电影院看到，可惜了
[2016-11-27 00:58:02.165] [DEBUG] 今日头条 - 周总理向主席报告林彪出逃，主席说的最后一句话最霸气
[2016-11-27 00:58:02.165] [DEBUG] 今日头条 - 小夫妻忙造人，可把门外的丈母娘急坏了
[2016-11-27 00:58:02.175] [DEBUG] 今日头条 - 两个孩子同时出生，但一生下来就明显有了差距
[2016-11-27 00:58:02.175] [DEBUG] 今日头条 - 女子空姐面试，当考官的老公吓得坐到了地上
[2016-11-27 00:58:02.175] [DEBUG] 今日头条 - 农村人是这么纪念毛主席逝世的
[2016-11-27 00:58:02.186] [DEBUG] 今日头条 - 姑娘深夜独自在家，发生的这些事让人害怕
[2016-11-27 00:58:02.186] [DEBUG] 今日头条 - 农村小伙深夜被女老板教如何服务客人
[2016-11-27 00:58:02.273] [DEBUG] 今日头条 - 真人真事：新婚19天，新娘竟遭如此厄运
[2016-11-27 00:58:02.279] [DEBUG] 今日头条 - 周总理知道有人要暗杀自己时，顿时拍桌子说了这番话
[2016-11-27 00:58:02.285] [DEBUG] 今日头条 - 《功夫》的这些片段都没在电影院看到，可惜了
[2016-11-27 00:58:02.290] [DEBUG] 今日头条 - 周总理向主席报告林彪出逃，主席说的最后一句话最霸气
[2016-11-27 00:58:02.296] [DEBUG] 今日头条 - 小夫妻忙造人，可把门外的丈母娘急坏了
[2016-11-27 00:58:02.301] [DEBUG] 今日头条 - 两个孩子同时出生，但一生下来就明显有了差距
[2016-11-27 00:58:02.307] [DEBUG] 今日头条 - 女子空姐面试，当考官的老公吓得坐到了地上
[2016-11-27 00:58:02.312] [DEBUG] 今日头条 - 农村人是这么纪念毛主席逝世的
[2016-11-27 00:58:02.316] [DEBUG] 今日头条 - 姑娘深夜独自在家，发生的这些事让人害怕
[2016-11-27 00:58:02.322] [DEBUG] 今日头条 - 农村小伙深夜被女老板教如何服务客人
[2016-11-27 00:58:02.326] [DEBUG] 今日头条 - 真人真事：新婚19天，新娘竟遭如此厄运
[2016-11-27 00:58:02.331] [DEBUG] 今日头条 - 周总理知道有人要暗杀自己时，顿时拍桌子说了这番话
[2016-11-27 00:58:02.337] [DEBUG] 今日头条 - 《功夫》的这些片段都没在电影院看到，可惜了
[2016-11-27 00:58:02.343] [DEBUG] 今日头条 - 周总理向主席报告林彪出逃，主席说的最后一句话最霸气
[2016-11-27 00:58:02.349] [DEBUG] 今日头条 - 小夫妻忙造人，可把门外的丈母娘急坏了
[2016-11-27 00:58:02.354] [DEBUG] 今日头条 - 两个孩子同时出生，但一生下来就明显有了差距
[2016-11-27 00:58:02.361] [DEBUG] 今日头条 - 女子空姐面试，当考官的老公吓得坐到了地上
[2016-11-27 00:58:02.366] [DEBUG] 今日头条 - 农村人是这么纪念毛主席逝世的
[2016-11-27 00:58:02.369] [DEBUG] 今日头条 - 姑娘深夜独自在家，发生的这些事让人害怕
[2016-11-27 00:58:02.374] [DEBUG] 今日头条 - 农村小伙深夜被女老板教如何服务客人
[2016-11-27 00:58:02.377] [DEBUG] 今日头条 - 真人真事：新婚19天，新娘竟遭如此厄运
[2016-11-27 00:58:02.383] [DEBUG] 今日头条 - 周总理知道有人要暗杀自己时，顿时拍桌子说了这番话
[2016-11-27 00:58:02.388] [DEBUG] 今日头条 - 《功夫》的这些片段都没在电影院看到，可惜了
[2016-11-27 00:58:02.388] [DEBUG] 今日头条 - 周总理向主席报告林彪出逃，主席说的最后一句话最霸气
[2016-11-27 00:58:02.388] [DEBUG] 今日头条 - 小夫妻忙造人，可把门外的丈母娘急坏了
[2016-11-27 00:58:02.398] [DEBUG] 今日头条 - 两个孩子同时出生，但一生下来就明显有了差距
[2016-11-27 00:58:02.398] [DEBUG] 今日头条 - 女子空姐面试，当考官的老公吓得坐到了地上
[2016-11-27 00:58:02.398] [DEBUG] 今日头条 - 农村人是这么纪念毛主席逝世的
[2016-11-27 00:58:02.398] [DEBUG] 今日头条 - 姑娘深夜独自在家，发生的这些事让人害怕
[2016-11-27 00:58:02.408] [DEBUG] 今日头条 - 农村小伙深夜被女老板教如何服务客人
[2016-11-27 00:58:02.408] [DEBUG] 今日头条 - 真人真事：新婚19天，新娘竟遭如此厄运
[2016-11-27 00:58:02.408] [DEBUG] 今日头条 - 周总理知道有人要暗杀自己时，顿时拍桌子说了这番话
[2016-11-27 00:58:02.418] [DEBUG] 今日头条 - 《功夫》的这些片段都没在电影院看到，可惜了
[2016-11-27 00:58:02.418] [DEBUG] 今日头条 - 周总理向主席报告林彪出逃，主席说的最后一句话最霸气
[2016-11-27 00:58:02.418] [DEBUG] 今日头条 - 小夫妻忙造人，可把门外的丈母娘急坏了
[2016-11-27 00:58:02.428] [DEBUG] 今日头条 - 两个孩子同时出生，但一生下来就明显有了差距
[2016-11-27 00:58:02.428] [DEBUG] 今日头条 - 女子空姐面试，当考官的老公吓得坐到了地上
[2016-11-27 00:58:02.428] [DEBUG] 今日头条 - 农村人是这么纪念毛主席逝世的
[2016-11-27 00:58:02.428] [DEBUG] 今日头条 - 姑娘深夜独自在家，发生的这些事让人害怕
[2016-11-27 00:58:02.438] [DEBUG] 今日头条 - 农村小伙深夜被女老板教如何服务客人
[2016-11-27 00:58:02.438] [DEBUG] 今日头条 - 真人真事：新婚19天，新娘竟遭如此厄运
[2016-11-27 00:58:02.438] [DEBUG] 今日头条 - 周总理知道有人要暗杀自己时，顿时拍桌子说了这番话
[2016-11-27 00:58:02.448] [DEBUG] 今日头条 - 《功夫》的这些片段都没在电影院看到，可惜了
[2016-11-27 00:58:02.448] [DEBUG] 今日头条 - 周总理向主席报告林彪出逃，主席说的最后一句话最霸气
[2016-11-27 00:58:02.448] [DEBUG] 今日头条 - 小夫妻忙造人，可把门外的丈母娘急坏了
[2016-11-27 00:58:02.448] [DEBUG] 今日头条 - 两个孩子同时出生，但一生下来就明显有了差距
[2016-11-27 00:58:02.458] [DEBUG] 今日头条 - 女子空姐面试，当考官的老公吓得坐到了地上
[2016-11-27 00:58:02.458] [DEBUG] 今日头条 - 农村人是这么纪念毛主席逝世的
[2016-11-27 00:58:02.458] [DEBUG] 今日头条 - 姑娘深夜独自在家，发生的这些事让人害怕
[2016-11-27 00:58:02.468] [DEBUG] 今日头条 - 农村小伙深夜被女老板教如何服务客人
[2016-11-27 00:58:02.468] [DEBUG] 今日头条 - 真人真事：新婚19天，新娘竟遭如此厄运
[2016-11-27 00:58:02.468] [DEBUG] 今日头条 - 周总理知道有人要暗杀自己时，顿时拍桌子说了这番话
[2016-11-27 00:58:02.468] [DEBUG] 今日头条 - 《功夫》的这些片段都没在电影院看到，可惜了
[2016-11-27 00:58:02.468] [DEBUG] 今日头条 - 周总理向主席报告林彪出逃，主席说的最后一句话最霸气
[2016-11-27 00:58:02.480] [DEBUG] 今日头条 - 小夫妻忙造人，可把门外的丈母娘急坏了
[2016-11-27 00:58:02.481] [DEBUG] 今日头条 - 两个孩子同时出生，但一生下来就明显有了差距
[2016-11-27 00:58:02.481] [DEBUG] 今日头条 - 女子空姐面试，当考官的老公吓得坐到了地上
[2016-11-27 00:58:02.481] [DEBUG] 今日头条 - 农村人是这么纪念毛主席逝世的
[2016-11-27 00:58:02.481] [DEBUG] 今日头条 - 姑娘深夜独自在家，发生的这些事让人害怕
[2016-11-27 00:58:02.491] [DEBUG] 今日头条 - 农村小伙深夜被女老板教如何服务客人
[2016-11-27 00:58:02.491] [DEBUG] 今日头条 - 真人真事：新婚19天，新娘竟遭如此厄运
[2016-11-27 00:58:02.491] [DEBUG] 今日头条 - 周总理知道有人要暗杀自己时，顿时拍桌子说了这番话
[2016-11-27 00:58:02.501] [DEBUG] 今日头条 - 《功夫》的这些片段都没在电影院看到，可惜了
[2016-11-27 00:58:02.501] [DEBUG] 今日头条 - 周总理向主席报告林彪出逃，主席说的最后一句话最霸气
[2016-11-27 00:58:02.501] [DEBUG] 今日头条 - 小夫妻忙造人，可把门外的丈母娘急坏了
[2016-11-27 00:58:02.501] [DEBUG] 今日头条 - 两个孩子同时出生，但一生下来就明显有了差距
[2016-11-27 00:58:02.511] [DEBUG] 今日头条 - 女子空姐面试，当考官的老公吓得坐到了地上
[2016-11-27 00:58:02.511] [DEBUG] 今日头条 - 农村人是这么纪念毛主席逝世的
[2016-11-27 00:58:02.511] [DEBUG] 今日头条 - 姑娘深夜独自在家，发生的这些事让人害怕
[2016-11-27 00:58:02.511] [DEBUG] 今日头条 - 农村小伙深夜被女老板教如何服务客人
[2016-11-27 00:58:02.521] [DEBUG] 今日头条 - 真人真事：新婚19天，新娘竟遭如此厄运
[2016-11-27 00:58:02.521] [DEBUG] 今日头条 - 周总理知道有人要暗杀自己时，顿时拍桌子说了这番话
[2016-11-27 00:58:02.521] [DEBUG] 今日头条 - 《功夫》的这些片段都没在电影院看到，可惜了
[2016-11-27 00:58:02.521] [DEBUG] 今日头条 - 周总理向主席报告林彪出逃，主席说的最后一句话最霸气
[2016-11-27 00:58:02.531] [DEBUG] 今日头条 - 小夫妻忙造人，可把门外的丈母娘急坏了
[2016-11-27 00:58:02.531] [DEBUG] 今日头条 - 两个孩子同时出生，但一生下来就明显有了差距
[2016-11-27 00:58:02.531] [DEBUG] 今日头条 - 女子空姐面试，当考官的老公吓得坐到了地上
[2016-11-27 00:58:02.531] [DEBUG] 今日头条 - 农村人是这么纪念毛主席逝世的
[2016-11-27 00:58:02.541] [DEBUG] 今日头条 - 姑娘深夜独自在家，发生的这些事让人害怕
[2016-11-27 00:58:02.541] [DEBUG] 今日头条 - 农村小伙深夜被女老板教如何服务客人
[2016-11-27 00:58:02.645] [DEBUG] 今日头条 - 真人真事：新婚19天，新娘竟遭如此厄运
[2016-11-27 00:58:02.645] [DEBUG] 今日头条 - 周总理知道有人要暗杀自己时，顿时拍桌子说了这番话
[2016-11-27 00:58:02.655] [DEBUG] 今日头条 - 《功夫》的这些片段都没在电影院看到，可惜了
[2016-11-27 00:58:02.655] [DEBUG] 今日头条 - 周总理向主席报告林彪出逃，主席说的最后一句话最霸气
[2016-11-27 00:58:02.665] [DEBUG] 今日头条 - 小夫妻忙造人，可把门外的丈母娘急坏了
[2016-11-27 00:58:02.665] [DEBUG] 今日头条 - 两个孩子同时出生，但一生下来就明显有了差距
[2016-11-27 00:58:02.675] [DEBUG] 今日头条 - 女子空姐面试，当考官的老公吓得坐到了地上
[2016-11-27 00:58:02.675] [DEBUG] 今日头条 - 农村人是这么纪念毛主席逝世的
[2016-11-27 00:58:02.675] [DEBUG] 今日头条 - 姑娘深夜独自在家，发生的这些事让人害怕
[2016-11-27 00:58:02.685] [DEBUG] 今日头条 - 农村小伙深夜被女老板教如何服务客人
[2016-11-27 00:58:02.685] [DEBUG] 今日头条 - 真人真事：新婚19天，新娘竟遭如此厄运
[2016-11-27 00:58:02.685] [DEBUG] 今日头条 - 周总理知道有人要暗杀自己时，顿时拍桌子说了这番话
[2016-11-27 00:58:02.695] [DEBUG] 今日头条 - 《功夫》的这些片段都没在电影院看到，可惜了
[2016-11-27 00:58:02.695] [DEBUG] 今日头条 - 周总理向主席报告林彪出逃，主席说的最后一句话最霸气
[2016-11-27 00:58:02.695] [DEBUG] 今日头条 - 小夫妻忙造人，可把门外的丈母娘急坏了
[2016-11-27 00:58:02.705] [DEBUG] 今日头条 - 两个孩子同时出生，但一生下来就明显有了差距
[2016-11-27 00:58:02.705] [DEBUG] 今日头条 - 女子空姐面试，当考官的老公吓得坐到了地上
[2016-11-27 00:58:02.705] [DEBUG] 今日头条 - 农村人是这么纪念毛主席逝世的
[2016-11-27 00:58:02.715] [DEBUG] 今日头条 - 姑娘深夜独自在家，发生的这些事让人害怕
[2016-11-27 00:58:02.715] [DEBUG] 今日头条 - 农村小伙深夜被女老板教如何服务客人
[2016-11-27 00:58:02.715] [DEBUG] 今日头条 - 真人真事：新婚19天，新娘竟遭如此厄运
[2016-11-27 00:58:02.715] [DEBUG] 今日头条 - 周总理知道有人要暗杀自己时，顿时拍桌子说了这番话
[2016-11-27 00:58:02.725] [DEBUG] 今日头条 - 《功夫》的这些片段都没在电影院看到，可惜了
[2016-11-27 00:58:02.725] [DEBUG] 今日头条 - 周总理向主席报告林彪出逃，主席说的最后一句话最霸气
[2016-11-27 00:58:02.725] [DEBUG] 今日头条 - 小夫妻忙造人，可把门外的丈母娘急坏了
[2016-11-27 00:58:02.738] [DEBUG] 今日头条 - 两个孩子同时出生，但一生下来就明显有了差距
[2016-11-27 00:58:02.741] [DEBUG] 今日头条 - 女子空姐面试，当考官的老公吓得坐到了地上
[2016-11-27 00:58:02.744] [DEBUG] 今日头条 - 农村人是这么纪念毛主席逝世的
[2016-11-27 00:58:02.747] [DEBUG] 今日头条 - 姑娘深夜独自在家，发生的这些事让人害怕
[2016-11-27 00:58:02.750] [DEBUG] 今日头条 - 农村小伙深夜被女老板教如何服务客人
[2016-11-27 00:58:02.752] [DEBUG] 今日头条 - 真人真事：新婚19天，新娘竟遭如此厄运
[2016-11-27 00:58:02.756] [DEBUG] 今日头条 - 周总理知道有人要暗杀自己时，顿时拍桌子说了这番话
[2016-11-27 00:58:02.760] [DEBUG] 今日头条 - 《功夫》的这些片段都没在电影院看到，可惜了
[2016-11-27 00:58:02.763] [DEBUG] 今日头条 - 周总理向主席报告林彪出逃，主席说的最后一句话最霸气
[2016-11-27 00:58:02.766] [DEBUG] 今日头条 - 小夫妻忙造人，可把门外的丈母娘急坏了
[2016-11-27 00:58:02.769] [DEBUG] 今日头条 - 两个孩子同时出生，但一生下来就明显有了差距
[2016-11-27 00:58:02.772] [DEBUG] 今日头条 - 女子空姐面试，当考官的老公吓得坐到了地上
[2016-11-27 00:58:02.776] [DEBUG] 今日头条 - 农村人是这么纪念毛主席逝世的
[2016-11-27 00:58:02.778] [DEBUG] 今日头条 - 姑娘深夜独自在家，发生的这些事让人害怕
[2016-11-27 00:58:02.782] [DEBUG] 今日头条 - 农村小伙深夜被女老板教如何服务客人
[2016-11-27 00:58:02.784] [DEBUG] 今日头条 - 真人真事：新婚19天，新娘竟遭如此厄运
[2016-11-27 00:58:02.787] [DEBUG] 今日头条 - 周总理知道有人要暗杀自己时，顿时拍桌子说了这番话
[2016-11-27 00:58:02.790] [DEBUG] 今日头条 - 《功夫》的这些片段都没在电影院看到，可惜了
[2016-11-27 00:58:02.794] [DEBUG] 今日头条 - 周总理向主席报告林彪出逃，主席说的最后一句话最霸气
[2016-11-27 00:58:02.798] [DEBUG] 今日头条 - 小夫妻忙造人，可把门外的丈母娘急坏了
[2016-11-27 00:58:02.801] [DEBUG] 今日头条 - 两个孩子同时出生，但一生下来就明显有了差距
[2016-11-27 00:58:02.804] [DEBUG] 今日头条 - 女子空姐面试，当考官的老公吓得坐到了地上
[2016-11-27 00:58:02.807] [DEBUG] 今日头条 - 农村人是这么纪念毛主席逝世的
[2016-11-27 00:58:02.810] [DEBUG] 今日头条 - 姑娘深夜独自在家，发生的这些事让人害怕
[2016-11-27 00:58:02.813] [DEBUG] 今日头条 - 农村小伙深夜被女老板教如何服务客人
[2016-11-27 00:58:02.815] [DEBUG] 今日头条 - 真人真事：新婚19天，新娘竟遭如此厄运
[2016-11-27 00:58:02.817] [DEBUG] 今日头条 - 周总理知道有人要暗杀自己时，顿时拍桌子说了这番话
[2016-11-27 00:58:02.820] [DEBUG] 今日头条 - 《功夫》的这些片段都没在电影院看到，可惜了
[2016-11-27 00:58:02.822] [DEBUG] 今日头条 - 周总理向主席报告林彪出逃，主席说的最后一句话最霸气
[2016-11-27 00:58:02.826] [DEBUG] 今日头条 - 小夫妻忙造人，可把门外的丈母娘急坏了
[2016-11-27 00:58:02.830] [DEBUG] 今日头条 - 两个孩子同时出生，但一生下来就明显有了差距
[2016-11-27 00:58:02.834] [DEBUG] 今日头条 - 女子空姐面试，当考官的老公吓得坐到了地上
[2016-11-27 00:58:02.837] [DEBUG] 今日头条 - 农村人是这么纪念毛主席逝世的
[2016-11-27 00:58:02.839] [DEBUG] 今日头条 - 姑娘深夜独自在家，发生的这些事让人害怕
[2016-11-27 00:58:02.843] [DEBUG] 今日头条 - 农村小伙深夜被女老板教如何服务客人
[2016-11-27 00:58:02.845] [DEBUG] 今日头条 - 真人真事：新婚19天，新娘竟遭如此厄运
[2016-11-27 00:58:02.849] [DEBUG] 今日头条 - 周总理知道有人要暗杀自己时，顿时拍桌子说了这番话
[2016-11-27 00:58:02.852] [DEBUG] 今日头条 - 《功夫》的这些片段都没在电影院看到，可惜了
[2016-11-27 00:58:02.855] [DEBUG] 今日头条 - 周总理向主席报告林彪出逃，主席说的最后一句话最霸气
[2016-11-27 00:58:02.858] [DEBUG] 今日头条 - 小夫妻忙造人，可把门外的丈母娘急坏了
[2016-11-27 00:58:02.862] [DEBUG] 今日头条 - 两个孩子同时出生，但一生下来就明显有了差距
[2016-11-27 00:58:02.865] [DEBUG] 今日头条 - 女子空姐面试，当考官的老公吓得坐到了地上
[2016-11-27 00:58:02.868] [DEBUG] 今日头条 - 农村人是这么纪念毛主席逝世的
[2016-11-27 00:58:02.870] [DEBUG] 今日头条 - 姑娘深夜独自在家，发生的这些事让人害怕
[2016-11-27 00:58:02.874] [DEBUG] 今日头条 - 农村小伙深夜被女老板教如何服务客人
[2016-11-27 00:58:02.876] [DEBUG] 今日头条 - 真人真事：新婚19天，新娘竟遭如此厄运
[2016-11-27 00:58:02.879] [DEBUG] 今日头条 - 周总理知道有人要暗杀自己时，顿时拍桌子说了这番话
[2016-11-27 00:58:02.883] [DEBUG] 今日头条 - 《功夫》的这些片段都没在电影院看到，可惜了
[2016-11-27 00:58:02.886] [DEBUG] 今日头条 - 周总理向主席报告林彪出逃，主席说的最后一句话最霸气
[2016-11-27 00:58:02.888] [DEBUG] 今日头条 - 小夫妻忙造人，可把门外的丈母娘急坏了
[2016-11-27 00:58:02.888] [DEBUG] 今日头条 - 两个孩子同时出生，但一生下来就明显有了差距
[2016-11-27 00:58:02.888] [DEBUG] 今日头条 - 女子空姐面试，当考官的老公吓得坐到了地上
[2016-11-27 00:58:02.898] [DEBUG] 今日头条 - 农村人是这么纪念毛主席逝世的
[2016-11-27 00:58:02.898] [DEBUG] 今日头条 - 姑娘深夜独自在家，发生的这些事让人害怕
[2016-11-27 00:58:02.898] [DEBUG] 今日头条 - 农村小伙深夜被女老板教如何服务客人
[2016-11-27 00:58:02.908] [DEBUG] 今日头条 - 真人真事：新婚19天，新娘竟遭如此厄运
[2016-11-27 00:58:02.908] [DEBUG] 今日头条 - 周总理知道有人要暗杀自己时，顿时拍桌子说了这番话
[2016-11-27 00:58:02.908] [DEBUG] 今日头条 - 《功夫》的这些片段都没在电影院看到，可惜了
[2016-11-27 00:58:02.908] [DEBUG] 今日头条 - 周总理向主席报告林彪出逃，主席说的最后一句话最霸气
[2016-11-27 00:58:02.918] [DEBUG] 今日头条 - 小夫妻忙造人，可把门外的丈母娘急坏了
[2016-11-27 00:58:02.918] [DEBUG] 今日头条 - 两个孩子同时出生，但一生下来就明显有了差距
[2016-11-27 00:58:02.918] [DEBUG] 今日头条 - 女子空姐面试，当考官的老公吓得坐到了地上
[2016-11-27 00:58:02.928] [DEBUG] 今日头条 - 农村人是这么纪念毛主席逝世的
[2016-11-27 00:58:02.928] [DEBUG] 今日头条 - 姑娘深夜独自在家，发生的这些事让人害怕
[2016-11-27 00:58:02.928] [DEBUG] 今日头条 - 农村小伙深夜被女老板教如何服务客人
[2016-11-27 00:58:03.003] [DEBUG] 今日头条 - 真人真事：新婚19天，新娘竟遭如此厄运
