[2016-11-27 16:54:10.713] [TRACE] 今日头条 - DealWith instantiation ...
[2016-11-27 16:54:10.719] [TRACE] 今日头条 - spiderCore instantiation ...
[2016-11-27 16:54:10.721] [TRACE] 今日头条 - 启动函数
[2016-11-27 16:54:10.749] [DEBUG] 今日头条 - 任务信息数据库连接建立...成功
[2016-11-27 16:54:10.752] [DEBUG] 今日头条 - 缓存队列数据库连接建立...成功
[2016-11-27 16:54:10.754] [DEBUG] 今日头条 - 创建数据库连接完毕
[2016-11-27 16:54:10.756] [INFO] 今日头条 - { p: '6', id: '50246551362', name: '视频不重要评论最搞笑' }
[2016-11-27 16:54:11.505] [DEBUG] 今日头条 - 王大锤当保安吐槽安保系统，柯达和小爱竟擦出爱情火花
[2016-11-27 16:54:11.508] [DEBUG] 今日头条 - 王大锤五指山镇压泼猴刘循子墨，教授易小星带其西天取经
[2016-11-27 16:54:11.510] [DEBUG] 今日头条 - 王大锤和子墨的爱情故事：我曾许下心愿知道我是变态的我就嫁给他
[2016-11-27 16:54:11.513] [DEBUG] 今日头条 - 王大锤最终还是击败了理发师青龙，竟是没有钱办会员卡
[2016-11-27 16:54:11.514] [DEBUG] 今日头条 - 王大锤参加日本“真人秀节目”荒野求生，吃“恶心”食物
[2016-11-27 16:54:11.516] [DEBUG] 今日头条 - 男子机场逃亡不忘耍帅，仗着腿长玩跨栏，结果摔了一个大马哈
[2016-11-27 16:54:11.517] [DEBUG] 今日头条 - 《昆虫总动员》瓢虫宝宝出生了，瓢虫爸妈教宝宝飞行
[2016-11-27 16:54:11.519] [DEBUG] 今日头条 - 张柏芝、郑秀文争做齐宣王的王后，郑秀文掉井里，齐宣王落井下石
[2016-11-27 16:54:11.521] [DEBUG] 今日头条 - 实习神仙齐桓公与张柏芝斗法反被困，大声呼喊：不要搞我的子孙
[2016-11-27 16:54:11.523] [DEBUG] 今日头条 - 齐宣王在夜叉山碰到寨主钟无艳，一个行为当即让他决意娶她做王后
[2016-11-27 16:54:11.525] [DEBUG] 今日头条 - 吴孟达整蛊金城武和小文，结果反而自己被整的很惨
[2016-11-27 16:54:11.527] [DEBUG] 今日头条 - 路边烧烤摊欠我一个像金城武这样的帅哥
[2016-11-27 16:54:11.529] [DEBUG] 今日头条 - 小文嫌苍蝇太瘦了没有肉不好吃，小龙马上抓了一只肥的给他
[2016-11-27 16:54:11.532] [DEBUG] 今日头条 - 小文一个招式就打败了黄飞鸿的师父
[2016-11-27 16:54:11.533] [DEBUG] 今日头条 - 一个人黑夜上厕所时，下水道冒出东西来怎么办？
[2016-11-27 16:54:11.536] [DEBUG] 今日头条 - 徐若瑄问释小龙是本人吗？小龙拍桌子说：不是本人，是中国人
[2016-11-27 16:54:11.540] [DEBUG] 今日头条 - 小文生病，小龙和师父们扮女装逗其开心，结果病的更严重了
[2016-11-27 16:54:11.545] [DEBUG] 今日头条 - 健身房帅哥对吴孟达说：你输了，我就玩你
[2016-11-27 16:54:11.549] [DEBUG] 今日头条 - 《无敌反斗星》说好动手的，怎么脱衣服了，罪过罪过
[2016-11-27 16:54:11.553] [DEBUG] 今日头条 - 夏目和娘口三三帮助三都寻找友人之旅
[2016-11-27 16:54:11.556] [DEBUG] 今日头条 - 憨豆迷路之后回目的地的方式真特别
[2016-11-27 16:54:11.559] [DEBUG] 今日头条 - 夏目和娘口三三的搞笑日常
[2016-11-27 16:54:11.562] [DEBUG] 今日头条 - 萌宠大集合：第一次见到如此欢脱的熊猫宝宝
[2016-11-27 16:54:11.565] [DEBUG] 今日头条 - 元华真是把又贱又娘发挥到了极致啊，果然人至贱无敌
[2016-11-27 16:54:11.567] [DEBUG] 今日头条 - 牌局上葛民辉对外国人说：虽然你们长，但不一定比我们强
[2016-11-27 16:54:11.570] [DEBUG] 今日头条 - 武林盟主大赛长安和万永比剑，万永使毒针，长安拔剑得胜
[2016-11-27 16:54:11.573] [DEBUG] 今日头条 - 丈夫带同事回家，喝酒壮胆想振夫纲，想不到却遭到妻子毒打一顿
[2016-11-27 16:54:11.576] [DEBUG] 今日头条 - 妻子看到丈夫与美女在酒吧的热舞视频，默不作声的准备着他的祭祀
[2016-11-27 16:54:11.579] [DEBUG] 今日头条 - 新婚妻子每天给丈夫布置外语任务，角色扮演通过之后才可上床
[2016-11-27 16:54:11.581] [DEBUG] 今日头条 - 一群掌门拿的这个咽炎洁是什么鬼？难道是用来洗手的？
[2016-11-27 16:54:11.584] [DEBUG] 今日头条 - 整个手机行业理论构造都是我提出来的，要你一台苹果咋了？
[2016-11-27 16:54:11.587] [DEBUG] 今日头条 - 新一代女赌神！周星驰周润发都得拜她为师！
[2016-11-27 16:54:11.589] [DEBUG] 今日头条 - 台球无敌了，堪比丁俊晖，这球技没谁了
[2016-11-27 16:54:11.593] [DEBUG] 今日头条 - 路过火车站一下就教了三个学妹，一天不教书我就浑身难受
[2016-11-27 16:54:11.595] [DEBUG] 今日头条 - 北京大妈广场舞无敌了，杰克逊都得服气！
[2016-11-27 16:54:11.597] [DEBUG] 今日头条 - 美女被杀马特强行接吻，却高喊着亲我要对我负责！
[2016-11-27 16:54:11.600] [DEBUG] 今日头条 - 蛇、蝎子、蜈蚣大战，谁能赢？
[2016-11-27 16:54:11.603] [DEBUG] 今日头条 - 老鼠、蝎子、蜈蚣大战，最后谁能赢？
[2016-11-27 16:54:11.605] [DEBUG] 今日头条 - 实拍河蟹大战蝎子，谁能赢？
[2016-11-27 16:54:11.613] [DEBUG] 今日头条 - 抢劫不成反倒把手机搭进去了
[2016-11-27 16:54:11.615] [DEBUG] 今日头条 - YY小白龙被打原因曝光
[2016-11-27 16:54:11.618] [DEBUG] 今日头条 - 广东小伙挑衅，来东北收购ktv，老板一下子叫出来8个保安
[2016-11-27 16:54:11.621] [DEBUG] 今日头条 - 只有迪拜土豪养老虎？南方小伙大街上溜虎
[2016-11-27 16:54:11.625] [DEBUG] 今日头条 - 南方小伙田间偶遇黑熊，居然讨要食物
[2016-11-27 16:54:11.627] [DEBUG] 今日头条 - 公园清晨偶遇美女，我要不要下手？
[2016-11-27 16:54:11.630] [DEBUG] 今日头条 - 东北小伙吃辣椒南方小伙不服气，又吃大葱又吃姜最后喝一瓶辣椒油
[2016-11-27 16:54:11.633] [DEBUG] 今日头条 - 美国黑社会暴打中情局警察就是这么随意
[2016-11-27 16:54:11.636] [DEBUG] 今日头条 - 广州酒吧冒死偷拍
[2016-11-27 16:54:11.639] [DEBUG] 今日头条 - 广州街头偶遇广场舞王，这舞姿没谁了
[2016-11-27 16:54:11.643] [DEBUG] 今日头条 - 杜海涛化身爱狗人士，放狗不看主人 反黑社会车主暴打
[2016-11-27 16:54:11.646] [DEBUG] 今日头条 - 香港片中的黑帮老大、黑社会大哥、五虎将 周润发竟只排第二
[2016-11-27 16:54:11.648] [DEBUG] 今日头条 - 黑社会交易不给钱，黑帮老大居然让一个女人摆平了
[2016-11-27 16:54:11.651] [DEBUG] 今日头条 - 拍摄真人秀整蛊路人 结果惹上黑帮 五个彪形大汉强行扒衣服裸奔
[2016-11-27 16:54:11.654] [DEBUG] 今日头条 - 武林英雄围攻弱女子，一曲天魔音走不出八步就倒地身亡！
[2016-11-27 16:54:11.657] [DEBUG] 今日头条 - 做你女朋友的原因是他们都打呼噜就你不打！
[2016-11-27 16:54:11.660] [DEBUG] 今日头条 - 东北人拿臭鸡蛋恶搞南方小伙，被抓到直接按倒不依不饶非要砸回来
[2016-11-27 16:54:11.663] [DEBUG] 今日头条 - 实拍乌克兰超市收银员美女，至今单身，好看到爆！
[2016-11-27 16:54:11.666] [DEBUG] 今日头条 - 只要你熟练运用这个机器泡到大部分女孩子是没问题的，单身狗进来
[2016-11-27 16:54:11.668] [DEBUG] 今日头条 - 非常珍贵的中南海保镖视频，一个打10个！
[2016-11-27 16:54:11.673] [DEBUG] 今日头条 - 20岁不到工地上的女生，真的很不错！你会娶她吗？
[2016-11-27 16:54:11.676] [DEBUG] 今日头条 - 天降内衣落在岳云鹏头上，无奈送上楼却洒上白色酸奶引误会被揍
[2016-11-27 16:54:11.679] [DEBUG] 今日头条 - 超大牛蛙吃鲤鱼跟玩似的，一口吞了慢慢吃掉
[2016-11-27 16:54:11.681] [DEBUG] 今日头条 - 新娘新郎结婚当日穿婚纱喝啤酒网吧打lol
[2016-11-27 16:54:11.683] [DEBUG] 今日头条 - 美女回家忘带钥匙爬二楼窗户，掉下来直接卡档上了
[2016-11-27 16:54:11.686] [DEBUG] 今日头条 - 这种人在东北要不要打死他
[2016-11-27 16:54:11.687] [DEBUG] 今日头条 - 美女上厕所没带纸遇见鬼，裤子没提就跑出去了
[2016-11-27 16:54:11.689] [DEBUG] 今日头条 - 俩泳装美女泳池打架，人妖中间调和一顿摸
[2016-11-27 16:54:11.691] [DEBUG] 今日头条 - 东北乱炖完爆日本犊子 东北人瞧瞧
[2016-11-27 16:54:11.693] [DEBUG] 今日头条 - 大公司高管鼓吹日本被实习生一顿喷，完胜！
[2016-11-27 16:54:11.695] [DEBUG] 今日头条 - 谁家的孩子？堪比papi酱！预测能成为2016最佳网红！
[2016-11-27 16:54:11.697] [DEBUG] 今日头条 - 美女地铁公开吃鼻屎~我只想问好吃吗？
[2016-11-27 16:54:11.699] [DEBUG] 今日头条 - 东北人给牛配音 我都乐蒙圈了
[2016-11-27 16:54:11.701] [DEBUG] 今日头条 - 搞笑巨星周星驰的武林高手，再次惊爆观众眼球。
[2016-11-27 16:54:11.703] [DEBUG] 今日头条 - 搞笑合集：都是高手，看完后可以乐上你1天
[2016-11-27 16:54:11.705] [DEBUG] 今日头条 - 星爷搞笑合集，让你一次笑个够
[2016-11-27 16:54:11.707] [DEBUG] 今日头条 - 搞笑失误，乐死我了！特别是倒数第3和第2个！
[2016-11-27 16:54:11.709] [DEBUG] 今日头条 - 你们尝过吗？萌翻了，柠檬的味道！
[2016-11-27 16:54:11.711] [DEBUG] 今日头条 - 女司机杀手，骑摩托车也一样
[2016-11-27 16:54:11.713] [DEBUG] 今日头条 - 准备好纸巾，笑出眼泪别怪我！精彩搞笑剪辑
[2016-11-27 16:54:18.395] [DEBUG] 今日头条 - 已经没有数据
