[2016-11-27 16:56:47.528] [TRACE] 今日头条 - DealWith instantiation ...
[2016-11-27 16:56:47.536] [TRACE] 今日头条 - spiderCore instantiation ...
[2016-11-27 16:56:47.538] [TRACE] 今日头条 - 启动函数
[2016-11-27 16:56:47.567] [DEBUG] 今日头条 - 任务信息数据库连接建立...成功
[2016-11-27 16:56:47.569] [DEBUG] 今日头条 - 缓存队列数据库连接建立...成功
[2016-11-27 16:56:47.571] [DEBUG] 今日头条 - 创建数据库连接完毕
[2016-11-27 16:56:47.573] [INFO] 今日头条 - { p: '6', id: '50246551362', name: '视频不重要评论最搞笑' }
[2016-11-27 16:56:47.839] [DEBUG] 今日头条 - undefined
[2016-11-27 16:56:47.955] [DEBUG] 今日头条 - undefined
[2016-11-27 16:56:48.026] [DEBUG] 今日头条 - undefined
[2016-11-27 16:56:48.119] [DEBUG] 今日头条 - undefined
[2016-11-27 16:56:48.223] [DEBUG] 今日头条 - undefined
[2016-11-27 16:56:48.329] [DEBUG] 今日头条 - undefined
[2016-11-27 16:56:48.425] [DEBUG] 今日头条 - 准备好纸巾，笑出眼泪别怪我！精彩搞笑剪辑
[2016-11-27 16:56:48.528] [DEBUG] 今日头条 - 准备好纸巾，笑出眼泪别怪我！精彩搞笑剪辑
[2016-11-27 16:56:48.641] [DEBUG] 今日头条 - 准备好纸巾，笑出眼泪别怪我！精彩搞笑剪辑
[2016-11-27 16:56:48.765] [DEBUG] 今日头条 - 准备好纸巾，笑出眼泪别怪我！精彩搞笑剪辑
[2016-11-27 16:56:48.953] [DEBUG] 今日头条 - 准备好纸巾，笑出眼泪别怪我！精彩搞笑剪辑
[2016-11-27 16:56:49.059] [DEBUG] 今日头条 - 准备好纸巾，笑出眼泪别怪我！精彩搞笑剪辑
[2016-11-27 16:56:49.155] [DEBUG] 今日头条 - 准备好纸巾，笑出眼泪别怪我！精彩搞笑剪辑
[2016-11-27 16:56:49.258] [DEBUG] 今日头条 - 准备好纸巾，笑出眼泪别怪我！精彩搞笑剪辑
[2016-11-27 16:56:49.357] [DEBUG] 今日头条 - 准备好纸巾，笑出眼泪别怪我！精彩搞笑剪辑
[2016-11-27 16:56:49.452] [DEBUG] 今日头条 - 准备好纸巾，笑出眼泪别怪我！精彩搞笑剪辑
[2016-11-27 16:56:49.551] [DEBUG] 今日头条 - 准备好纸巾，笑出眼泪别怪我！精彩搞笑剪辑
[2016-11-27 16:56:49.652] [DEBUG] 今日头条 - 准备好纸巾，笑出眼泪别怪我！精彩搞笑剪辑
[2016-11-27 16:56:49.760] [DEBUG] 今日头条 - 准备好纸巾，笑出眼泪别怪我！精彩搞笑剪辑
[2016-11-27 16:56:49.862] [DEBUG] 今日头条 - 准备好纸巾，笑出眼泪别怪我！精彩搞笑剪辑
[2016-11-27 16:56:50.056] [DEBUG] 今日头条 - 准备好纸巾，笑出眼泪别怪我！精彩搞笑剪辑
[2016-11-27 16:56:50.133] [DEBUG] 今日头条 - 准备好纸巾，笑出眼泪别怪我！精彩搞笑剪辑
[2016-11-27 16:56:50.226] [DEBUG] 今日头条 - 准备好纸巾，笑出眼泪别怪我！精彩搞笑剪辑
[2016-11-27 16:56:50.301] [DEBUG] 今日头条 - 准备好纸巾，笑出眼泪别怪我！精彩搞笑剪辑
[2016-11-27 16:56:50.369] [DEBUG] 今日头条 - 准备好纸巾，笑出眼泪别怪我！精彩搞笑剪辑
[2016-11-27 16:56:50.460] [DEBUG] 今日头条 - 准备好纸巾，笑出眼泪别怪我！精彩搞笑剪辑
