[2016-11-28 12:20:31.734] [TRACE] 今日头条 - DealWith instantiation ...
[2016-11-28 12:20:31.734] [TRACE] 今日头条 - spiderCore instantiation ...
[2016-11-28 12:20:31.734] [TRACE] 今日头条 - 启动函数
[2016-11-28 12:20:31.764] [DEBUG] 今日头条 - 任务信息数据库连接建立...成功
[2016-11-28 12:20:31.774] [DEBUG] 今日头条 - 缓存队列数据库连接建立...成功
[2016-11-28 12:20:31.774] [DEBUG] 今日头条 - 创建数据库连接完毕
[2016-11-28 12:20:31.774] [INFO] 今日头条 - { p: '6', id: '6621038696', name: '聊斋那些事儿' }
[2016-11-28 12:20:35.439] [DEBUG] 今日头条 - 217
[2016-11-28 12:20:35.487] [DEBUG] 今日头条 - undefined
[2016-11-28 12:20:35.517] [DEBUG] 今日头条 - 199
[2016-11-28 12:20:35.593] [DEBUG] 今日头条 - undefined
[2016-11-28 12:20:36.033] [DEBUG] 今日头条 - 365
[2016-11-28 12:20:36.067] [DEBUG] 今日头条 - undefined
[2016-11-28 12:20:36.097] [DEBUG] 今日头条 - 152
[2016-11-28 12:20:36.138] [DEBUG] 今日头条 - undefined
[2016-11-28 12:20:36.168] [DEBUG] 今日头条 - 236
[2016-11-28 12:20:36.239] [DEBUG] 今日头条 - undefined
[2016-11-28 12:20:36.709] [DEBUG] 今日头条 - 132
[2016-11-28 12:20:36.776] [DEBUG] 今日头条 - undefined
[2016-11-28 12:20:37.259] [DEBUG] 今日头条 - 362
[2016-11-28 12:20:37.306] [DEBUG] 今日头条 - undefined
