[2016-11-27 15:59:51.725] [TRACE] 今日头条 - DealWith instantiation ...
[2016-11-27 15:59:51.732] [TRACE] 今日头条 - spiderCore instantiation ...
[2016-11-27 15:59:51.734] [TRACE] 今日头条 - 启动函数
[2016-11-27 15:59:51.762] [DEBUG] 今日头条 - 任务信息数据库连接建立...成功
[2016-11-27 15:59:51.764] [DEBUG] 今日头条 - 缓存队列数据库连接建立...成功
[2016-11-27 15:59:51.764] [DEBUG] 今日头条 - 创建数据库连接完毕
[2016-11-27 15:59:51.764] [INFO] 今日头条 - { p: '6', id: '50020702926', name: '  全民乐翻天' }
[2016-11-27 15:59:52.189] [DEBUG] 今日头条 - 35岁还被逼演20岁女孩，二次婚姻很幸福，女儿奚望是中戏校花-----昔日风光无限今日穷困潦倒的明星
[2016-11-27 15:59:52.443] [DEBUG] 今日头条 - 国家一级演员劳动模范，因戏生情抛弃十七年发妻，送房车补偿前妻-----终于知道卓伟为何一直逼着杨幂刘恺威离婚了！
[2016-11-27 15:59:52.668] [DEBUG] 今日头条 - 星二代的正面榜样，因疲劳拍戏导致短暂失明，出道多年零绯闻-----侯耀文生前女友郭德纲“师娘”，退隐后如今相夫教子
[2016-11-27 15:59:52.923] [DEBUG] 今日头条 - “狄仁杰”梁冠华近照，和钱雁秋张子健闹掰后人气大不如前！-----阿娇挂“窗帘布”上街大展麒麟臂
[2016-11-27 15:59:53.153] [DEBUG] 今日头条 - 与那英齐名最悲剧女星，四任感情一个入狱、一个病死、一个破产！-----陶虹被曝移情导演杨磊 两人曾三亚密会 和徐峥感情现状不明
[2016-11-27 15:59:53.367] [DEBUG] 今日头条 - 分手多年还能复合结婚的明星莫文蔚夫妻，最后一位天王嫂太幸福-----工作几年后男生聚会！发现只有自己还没有变
[2016-11-27 15:59:53.585] [DEBUG] 今日头条 - 13岁出道走红，被称“最丑”童星长大嫁不出去，现24岁长这样-----工作几年后男生聚会！发现只有自己还没有变
[2016-11-27 15:59:53.781] [DEBUG] 今日头条 - 明星初恋大曝光！范爷最霸气分手还能再合作，钱枫初恋是娘娘-----工作几年后男生聚会！发现只有自己还没有变
[2016-11-27 15:59:53.994] [DEBUG] 今日头条 - 娱乐圈曾“兴风作浪”的五大女星，都变老实了，最后一位转变太快-----工作几年后男生聚会！发现只有自己还没有变
[2016-11-27 15:59:54.194] [DEBUG] 今日头条 - 李连杰近照曝光深山吃斋拜佛无人识 回应加入新加坡国籍令人心疼-----工作几年后男生聚会！发现只有自己还没有变
[2016-11-27 15:59:54.524] [DEBUG] 今日头条 - 李嘉欣三点式陪儿子洗澡，分享症徐濠萦禁止女儿开社交平台账号-----工作几年后男生聚会！发现只有自己还没有变
[2016-11-27 15:59:54.727] [DEBUG] 今日头条 - 出道十年不整容零绯闻，主持功底好，今超越谢娜成为综艺一姐！-----工作几年后男生聚会！发现只有自己还没有变
[2016-11-27 15:59:54.981] [DEBUG] 今日头条 - 姚笛发微博惨遭网友痛骂，只因为其中的两个字-----工作几年后男生聚会！发现只有自己还没有变
[2016-11-27 15:59:55.201] [DEBUG] 今日头条 - 李连杰近照眼凸脸变形好吓人 患病后吃斋念佛频进深山祈福-----工作几年后男生聚会！发现只有自己还没有变
[2016-11-27 15:59:55.414] [DEBUG] 今日头条 - 卓伟打脸王鸥经纪人：独处属实，有视频为证-----工作几年后男生聚会！发现只有自己还没有变
[2016-11-27 15:59:55.631] [DEBUG] 今日头条 - 卓伟再爆猛料 这是真要打脸杨幂 让刘恺威王鸥不得翻身的节奏？-----工作几年后男生聚会！发现只有自己还没有变
