[2016-11-27 00:13:17.117] [TRACE] 今日头条 - DealWith instantiation ...
[2016-11-27 00:13:17.124] [TRACE] 今日头条 - spiderCore instantiation ...
[2016-11-27 00:13:17.125] [TRACE] 今日头条 - 启动函数
[2016-11-27 00:13:17.149] [DEBUG] 今日头条 - 任务信息数据库连接建立...成功
[2016-11-27 00:13:17.149] [DEBUG] 今日头条 - 缓存队列数据库连接建立...成功
[2016-11-27 00:13:17.149] [DEBUG] 今日头条 - 创建数据库连接完毕
[2016-11-27 00:13:17.159] [INFO] 今日头条 - { p: '6', id: '6518345701', name: '共赏雅俗' }
[2016-11-27 00:13:17.490] [DEBUG] 今日头条 - 周总理知道有人要暗杀自己时，顿时拍桌子说了这番话
[2016-11-27 00:13:17.666] [DEBUG] 今日头条 - 《功夫》的这些片段都没在电影院看到，可惜了
[2016-11-27 00:13:17.821] [DEBUG] 今日头条 - 周总理向主席报告林彪出逃，主席说的最后一句话最霸气
[2016-11-27 00:13:17.984] [DEBUG] 今日头条 - 小夫妻忙造人，可把门外的丈母娘急坏了
[2016-11-27 00:13:18.150] [DEBUG] 今日头条 - 两个孩子同时出生，但一生下来就明显有了差距
[2016-11-27 00:13:18.324] [DEBUG] 今日头条 - 女子空姐面试，当考官的老公吓得坐到了地上
[2016-11-27 00:13:18.479] [DEBUG] 今日头条 - 农村人是这么纪念毛主席逝世的
[2016-11-27 00:13:18.547] [DEBUG] 今日头条 - 姑娘深夜独自在家，发生的这些事让人害怕
[2016-11-27 00:13:18.650] [DEBUG] 今日头条 - 农村小伙深夜被女老板教如何服务客人
[2016-11-27 00:13:18.735] [DEBUG] 今日头条 - 邓小平跟撒切尔谈香港问题真是太霸气了，看伟人风采
[2016-11-27 00:13:18.930] [DEBUG] 今日头条 - 白富美把小伙约到自己房间聊天，最后却不让人走
[2016-11-27 00:13:19.006] [DEBUG] 今日头条 - 《功夫》删减片段，原来还有这么精彩的一段
[2016-11-27 00:13:19.086] [DEBUG] 今日头条 - 畜生不如！儿子让九旬老母亲睡门外6天绝望而死
[2016-11-27 00:13:19.160] [DEBUG] 今日头条 - 婚礼上，伴娘可是受罪了
[2016-11-27 00:13:19.242] [DEBUG] 今日头条 - 天天吃的这种蔬菜，竟能成为致癌元凶
[2016-11-27 00:13:19.331] [DEBUG] 今日头条 - 农村女子在县长办公室用条件换父亲出狱
[2016-11-27 00:13:19.401] [DEBUG] 今日头条 - 农村八旬老人下葬前突然伸手要喝汤，真人真事
[2016-11-27 00:13:19.496] [DEBUG] 今日头条 - 晚上喝完酒带美女回家，刚有好感，却发生了尴尬的事
[2016-11-27 00:13:19.576] [DEBUG] 今日头条 - 车内向男友投怀送抱，只为证明自己是成熟女人
[2016-11-27 00:13:19.670] [DEBUG] 今日头条 - 出动几千人抓捕罪犯，场面震撼，为人民而战
[2016-11-27 00:13:19.840] [DEBUG] 今日头条 - 真惨！农村光棍将外地女囚禁10年，精神异常
[2016-11-27 00:13:19.920] [DEBUG] 今日头条 - 奇葩女现场说我不爱钱，我半个月才花你10万你就要分手
[2016-11-27 00:13:20.036] [DEBUG] 今日头条 - 妻子将丈夫的尸体放冰柜10年，10年后道出了真相
[2016-11-27 00:13:20.126] [DEBUG] 今日头条 - 工地上挖出一个棺材，打开后在场的人都很惊奇
[2016-11-27 00:13:20.210] [DEBUG] 今日头条 - 实拍：老虎狮子攻击人类的恐怖瞬间
[2016-11-27 00:13:20.315] [DEBUG] 今日头条 - 农村夫妻的真人真事
[2016-11-27 00:13:20.400] [DEBUG] 今日头条 - 小别胜新婚，老婆出差回来，老公要证明自己是小伙子
[2016-11-27 00:13:20.486] [DEBUG] 今日头条 - 悍匪周克华追捕全程记录，真的是惊心动魄
[2016-11-27 00:13:20.576] [DEBUG] 今日头条 - 据说：《功夫》这一段拍了很多次，但每次都忍不住笑场
[2016-11-27 00:13:20.660] [DEBUG] 今日头条 - 新婚夫妻回娘家，晚上睡觉媳妇不让碰
[2016-11-27 00:13:20.840] [DEBUG] 今日头条 - 钓鱼人海边拍摄到真正的美人鱼，长得真丑
[2016-11-27 00:13:20.913] [DEBUG] 今日头条 - 农村男人打工回来，真的是小别胜新婚
