[2016-11-26 23:08:50.761] [TRACE] 今日头条 - DealWith instantiation ...
[2016-11-26 23:08:50.769] [TRACE] 今日头条 - spiderCore instantiation ...
[2016-11-26 23:08:50.771] [TRACE] 今日头条 - 启动函数
[2016-11-26 23:08:50.791] [DEBUG] 今日头条 - 任务信息数据库连接建立...成功
[2016-11-26 23:08:50.801] [DEBUG] 今日头条 - 缓存队列数据库连接建立...成功
[2016-11-26 23:08:50.801] [DEBUG] 今日头条 - 创建数据库连接完毕
[2016-11-26 23:08:50.801] [INFO] 今日头条 - { p: '6', id: '6518345701', name: '共赏雅俗' }
[2016-11-26 23:08:51.146] [DEBUG] 今日头条 - { media_id: 6518345701,
  has_more: 1,
  next: { max_behot_time: 1479969028 },
  page_type: 1,
  message: 'success',
  data: 
   [ { item_status: 20,
       datetime: '2016-11-11 16:22',
       video_infos: [Object],
       has_m3u8_video: 0,
       keywords: '',
       article_live_type: 'none',
       has_mp4_video: 0,
       title: '真人真事：新婚19天，新娘竟遭如此厄运',
       source: '共赏雅俗',
       natant_level: 0,
       own_group: false,
       share_count: 2786,
       list_play_effective_count: 342108,
       verify_detail: [Object],
       is_top_article: true,
       categories: [Object],
       repin_count: 1045,
       display_status: 0,
       level: 0,
       digg_count: 757,
       comments_count: '431',
       cover_image_infos: [Object],
       group_id: 6351613761225736000,
       middle_image: 'http://p2.pstatp.com/list/11350003f163309dcb58',
       pgc_id: 6351623237092247000,
       ad_type: 3,
       live_status: '',
       create_time: 1478852580,
       book_info: '',
       article_sub_type: 0,
       label: [Object],
       pgc_ad: 3,
       group_source: 2,
       image_url: 'http://p2.pstatp.com/list/11350003f163309dcb58',
       is_key_item: 1,
       str_group_id: '6351613761225736450',
       source_url: 'http://ib.snssdk.com/item/6351623237092246018/',
       item_id: 6351623237092247000,
       good_voice: false,
       max_comments: 0,
       language: 'zh',
       display_url: 'http://toutiao.com/group/6351613761225736450/',
       region: 156,
       content_cards: '',
       has_gallery: false,
       modify_time: 1478852685,
       content_cntw: 17,
       detail_mode: 0,
       impression_count: 2528240,
       image_list: [Object],
       str_item_id: '6351623237092246018',
       group_status: 1,
       creator_uid: 6518071856,
       original_media_id: 0,
       city: '',
       bury_count: 294,
       web_article_type: 1,
       review_comment: false,
       comment_count: 431,
       media_id: 6518345701,
       go_detail_count: '20万',
       group_flags: 64,
       detail_play_effective_count: 154464,
       visibility: 3,
       pc_image_url: 'http://p2.pstatp.com/list/126x82/11350003f163309dcb58',
       was_recommended: 1,
       thumb_image: [],
       seo_url: 'http://ib.snssdk.com/item/6351623237092246018/',
       external_visit_count: 18960,
       image_detail: [],
       ban_action: false,
       review_comment_mode: 0,
       has_inner_video: true,
       has_image: false,
       play_effective_count: '49万',
       ban_comment: 0,
       show_play_effective_count: true,
       abstract: '真人真事：新婚19天，新娘竟遭如此厄运',
       middle_mode: true,
       is_original: false,
       ban_bury: false,
       article_type: 0,
       tag: 'video_emotion',
       image_infos: [],
       optional_data: [Object],
       app_url: 'sslocal://detail?item_id=6351623237092246018&flags=64&groupid=6351613761225736450&gd_label=click_pgc&aggr_type=2',
       has_video: true,
       article_url: 'http://toutiao.com/group/6351613761225736450/',
       video_duration_str: '03:08',
       display_mode: 'middle',
       composition: 264,
       publish_time: 1478852526,
       wap_open: 0,
       tag_id: 6351613761225736000,
       pgc_article_type: 1,
       display_type: 0,
       gallery: [],
       detail_source: '共赏雅俗',
       url: 'http://toutiao.com/group/6351613761225736450/',
       web_display_type: 4,
       behot_time: 1478852526,
       flags: 64 },
     { item_status: 20,
       datetime: '2016-11-26 16:08',
       video_infos: [Object],
       has_m3u8_video: 0,
       keywords: '周总理',
       article_live_type: 'none',
       has_mp4_video: 0,
       title: '周总理知道有人要暗杀自己时，顿时拍桌子说了这番话',
       source: '共赏雅俗',
       natant_level: 0,
       own_group: false,
       share_count: 2,
       list_play_effective_count: 348,
       verify_detail: [Object],
       categories: [Object],
       repin_count: 10,
       display_status: 0,
       level: 0,
       digg_count: 5,
       comments_count: '0',
       cover_image_infos: [Object],
       group_id: 6357181466938819000,
       middle_image: 'http://p2.pstatp.com/list/f90001255447635a417',
       pgc_id: 6357186028624676000,
       ad_type: 3,
       live_status: '',
       create_time: 1480147735,
       book_info: '',
       article_sub_type: 0,
       label: [Object],
       pgc_ad: 3,
       group_source: 2,
       image_url: 'http://p2.pstatp.com/list/f90001255447635a417',
       is_key_item: 1,
       str_group_id: '6357181466938818817',
       source_url: 'http://ib.snssdk.com/item/6357186028624675329/',
       item_id: 6357186028624676000,
       good_voice: false,
       max_comments: 0,
       language: 'zh',
       display_url: 'http://toutiao.com/group/6357181466938818817/',
       region: 156,
       content_cards: '',
       has_gallery: false,
       modify_time: 1480147788,
       content_cntw: 23,
       detail_mode: 0,
       impression_count: 11426,
       image_list: [Object],
       str_item_id: '6357186028624675329',
       group_status: 1,
       creator_uid: 6518071856,
       original_media_id: 0,
       city: '',
       bury_count: 1,
       web_article_type: 1,
       review_comment: true,
       comment_count: 0,
       media_id: 6518345701,
       go_detail_count: '1006',
       group_flags: 64,
       detail_play_effective_count: 660,
       visibility: 3,
       pc_image_url: 'http://p2.pstatp.com/list/126x82/f90001255447635a417',
       was_recommended: 1,
       thumb_image: [],
       seo_url: 'http://ib.snssdk.com/item/6357186028624675329/',
       external_visit_count: 72,
       image_detail: [],
       ban_action: false,
       review_comment_mode: 0,
       has_inner_video: true,
       has_image: false,
       play_effective_count: '1008',
       ban_comment: 0,
       show_play_effective_count: true,
       abstract: '周总理知道有人要暗杀自己时，顿时拍桌子说了这番话',
       middle_mode: true,
       is_original: false,
       ban_bury: false,
       article_type: 0,
       tag: 'news',
       image_infos: [],
       optional_data: [Object],
       app_url: 'sslocal://detail?item_id=6357186028624675329&flags=64&groupid=6357181466938818817&gd_label=click_pgc&aggr_type=2',
       has_video: true,
       article_url: 'http://toutiao.com/group/6357181466938818817/',
       video_duration_str: '02:12',
       display_mode: 'middle',
       composition: 264,
       publish_time: 1480147714,
       wap_open: 0,
       tag_id: 6357181466938819000,
       pgc_article_type: 1,
       display_type: 0,
       gallery: [],
       detail_source: '共赏雅俗',
       url: 'http://toutiao.com/group/6357181466938818817/',
       web_display_type: 4,
       behot_time: 1480147714,
       flags: 64 },
     { item_status: 20,
       datetime: '2016-11-26 16:05',
       video_infos: [Object],
       has_m3u8_video: 0,
       keywords: '',
       article_live_type: 'none',
       has_mp4_video: 0,
       title: '《功夫》的这些片段都没在电影院看到，可惜了',
       source: '共赏雅俗',
       natant_level: 0,
       own_group: false,
       share_count: 0,
       list_play_effective_count: 1,
       verify_detail: [Object],
       categories: [Object],
       repin_count: 1,
       display_status: 0,
       level: 0,
       digg_count: 1,
       comments_count: '0',
       cover_image_infos: [Object],
       group_id: 6357180899378299000,
       middle_image: 'http://p2.pstatp.com/list/f900012541b58dea2f6',
       pgc_id: 6357185255589283000,
       ad_type: 3,
       live_status: '',
       create_time: 1480147599,
       book_info: '',
       article_sub_type: 0,
       label: [Object],
       pgc_ad: 3,
       group_source: 2,
       image_url: 'http://p2.pstatp.com/list/f900012541b58dea2f6',
       is_key_item: 1,
       str_group_id: '6357180899378299138',
       source_url: 'http://ib.snssdk.com/item/6357185255589282306/',
       item_id: 6357185255589283000,
       good_voice: false,
       max_comments: 0,
       language: 'zh',
       display_url: 'http://toutiao.com/group/6357180899378299138/',
       region: 156,
       content_cards: '',
       has_gallery: false,
       modify_time: 1480147645,
       content_cntw: 20,
       detail_mode: 0,
       impression_count: 209,
       image_list: [Object],
       str_item_id: '6357185255589282306',
       group_status: 1,
       creator_uid: 6518071856,
       original_media_id: 0,
       city: '',
       bury_count: 0,
       web_article_type: 1,
       review_comment: false,
       comment_count: 0,
       media_id: 6518345701,
       go_detail_count: '148',
       group_flags: 64,
       detail_play_effective_count: 84,
       visibility: 3,
       pc_image_url: 'http://p2.pstatp.com/list/126x82/f900012541b58dea2f6',
       was_recommended: 1,
       thumb_image: [],
       seo_url: 'http://ib.snssdk.com/item/6357185255589282306/',
       external_visit_count: 7,
       image_detail: [],
       ban_action: false,
       review_comment_mode: 0,
       has_inner_video: true,
       has_image: false,
       play_effective_count: '85',
       ban_comment: 0,
       show_play_effective_count: true,
       abstract: '《功夫》的这些片段都没在电影院看到，可惜了',
       middle_mode: true,
       is_original: false,
       ban_bury: false,
       article_type: 0,
       tag: 'video_movie',
       image_infos: [],
       optional_data: [Object],
       app_url: 'sslocal://detail?item_id=6357185255589282306&flags=64&groupid=6357180899378299138&gd_label=click_pgc&aggr_type=2',
       has_video: true,
       article_url: 'http://toutiao.com/group/6357180899378299138/',
       video_duration_str: '03:18',
       display_mode: 'middle',
       composition: 264,
       publish_time: 1480147534,
       wap_open: 0,
       tag_id: 6357180899378299000,
       pgc_article_type: 1,
       display_type: 0,
       gallery: [],
       detail_source: '共赏雅俗',
       url: 'http://toutiao.com/group/6357180899378299138/',
       web_display_type: 4,
       behot_time: 1480147534,
       flags: 64 },
     { item_status: 20,
       datetime: '2016-11-25 15:12',
       video_infos: [Object],
       has_m3u8_video: 0,
       keywords: '周总理',
       article_live_type: 'none',
       has_mp4_video: 0,
       title: '周总理向主席报告林彪出逃，主席说的最后一句话最霸气',
       source: '共赏雅俗',
       natant_level: 0,
       own_group: false,
       share_count: 606,
       list_play_effective_count: 89434,
       verify_detail: [Object],
       categories: [Object],
       repin_count: 684,
       display_status: 35180,
       level: 0,
       digg_count: 192,
       comments_count: '47',
       cover_image_infos: [Object],
       group_id: 6356798259155632000,
       middle_image: 'http://p2.pstatp.com/list/12020000cc05f6369560',
       pgc_id: 6356800428897732000,
       ad_type: 3,
       live_status: '',
       create_time: 1480058026,
       book_info: '',
       article_sub_type: 0,
       label: [Object],
       pgc_ad: 3,
       group_source: 2,
       image_url: 'http://p2.pstatp.com/list/12020000cc05f6369560',
       is_key_item: 1,
       str_group_id: '6356798259155632386',
       source_url: 'http://ib.snssdk.com/item/6356800428897731073/',
       item_id: 6356800428897732000,
       good_voice: false,
       max_comments: 0,
       language: 'zh',
       display_url: 'http://toutiao.com/group/6356798259155632386/',
       region: 156,
       content_cards: '',
       has_gallery: false,
       modify_time: 1480096658,
       content_cntw: 24,
       detail_mode: 0,
       impression_count: 1606341,
       image_list: [Object],
       str_item_id: '6356800428897731073',
       group_status: 127,
       creator_uid: 6518071856,
       original_media_id: 0,
       city: '',
       bury_count: 79,
       web_article_type: 1,
       review_comment: true,
       comment_count: 47,
       media_id: 6518345701,
       go_detail_count: '12万',
       group_flags: 64,
       detail_play_effective_count: 101306,
       visibility: 3,
       pc_image_url: 'http://p2.pstatp.com/list/126x82/12020000cc05f6369560',
       was_recommended: 1,
       thumb_image: [],
       seo_url: 'http://ib.snssdk.com/item/6356800428897731073/',
       external_visit_count: 4709,
       image_detail: [],
       ban_action: false,
       review_comment_mode: 0,
       has_inner_video: true,
       has_image: false,
       play_effective_count: '19万',
       ban_comment: 0,
       show_play_effective_count: true,
       abstract: '周总理向主席报告林彪出逃，主席说的最后一句话最霸气',
       middle_mode: true,
       is_original: false,
       ban_bury: false,
       article_type: 0,
       tag: 'video_history',
       image_infos: [],
       optional_data: [Object],
       app_url: 'sslocal://detail?item_id=6356800428897731073&flags=64&groupid=6356798259155632386&gd_label=click_pgc&aggr_type=2',
       has_video: true,
       article_url: 'http://toutiao.com/group/6356798259155632386/',
       video_duration_str: '02:32',
       display_mode: 'middle',
       composition: 264,
       publish_time: 1480057935,
       wap_open: 0,
       tag_id: 6356798259155632000,
       pgc_article_type: 1,
       display_type: 0,
       gallery: [],
       detail_source: '共赏雅俗',
       url: 'http://toutiao.com/group/6356798259155632386/',
       web_display_type: 4,
       behot_time: 1480057935,
       flags: 64 },
     { item_status: 20,
       datetime: '2016-11-25 15:07',
       video_infos: [Object],
       has_m3u8_video: 0,
       keywords: '',
       article_live_type: 'none',
       has_mp4_video: 0,
       title: '小夫妻忙造人，可把门外的丈母娘急坏了',
       source: '共赏雅俗',
       natant_level: 0,
       own_group: false,
       share_count: 27674,
       list_play_effective_count: 1420090,
       verify_detail: [Object],
       categories: [Object],
       repin_count: 12437,
       display_status: 2052,
       level: 0,
       digg_count: 2066,
       comments_count: '210',
       cover_image_infos: [Object],
       group_id: 6356796986112475000,
       middle_image: 'http://p2.pstatp.com/list/f9000111cedb97339b0',
       pgc_id: 6356799117179487000,
       ad_type: 3,
       live_status: '',
       create_time: 1480057723,
       book_info: '',
       article_sub_type: 0,
       label: [Object],
       pgc_ad: 3,
       group_source: 2,
       image_url: 'http://p2.pstatp.com/list/f9000111cedb97339b0',
       is_key_item: 1,
       str_group_id: '6356796986112475393',
       source_url: 'http://ib.snssdk.com/item/6356799117179486721/',
       item_id: 6356799117179487000,
       good_voice: false,
       max_comments: 0,
       language: 'zh',
       display_url: 'http://toutiao.com/group/6356796986112475393/',
       region: 156,
       content_cards: '',
       has_gallery: false,
       modify_time: 1480166871,
       content_cntw: 17,
       detail_mode: 0,
       impression_count: 13297726,
       image_list: [Object],
       str_item_id: '6356799117179486721',
       group_status: 1,
       creator_uid: 6518071856,
       original_media_id: 0,
       city: '',
       bury_count: 1537,
       web_article_type: 1,
       review_comment: false,
       comment_count: 210,
       media_id: 6518345701,
       go_detail_count: '165万',
       group_flags: 64,
       detail_play_effective_count: 1278761,
       visibility: 3,
       pc_image_url: 'http://p2.pstatp.com/list/126x82/f9000111cedb97339b0',
       was_recommended: 1,
       thumb_image: [],
       seo_url: 'http://ib.snssdk.com/item/6356799117179486721/',
       external_visit_count: 125864,
       image_detail: [],
       ban_action: false,
       review_comment_mode: 0,
       has_inner_video: true,
       has_image: false,
       play_effective_count: '269万',
       ban_comment: 0,
       show_play_effective_count: true,
       abstract: '小夫妻忙造人，可把门外的丈母娘急坏了',
       middle_mode: true,
       is_original: false,
       ban_bury: false,
       article_type: 0,
       tag: 'video_emotion',
       image_infos: [],
       optional_data: [Object],
       app_url: 'sslocal://detail?item_id=6356799117179486721&flags=64&groupid=6356796986112475393&gd_label=click_pgc&aggr_type=2',
       has_video: true,
       article_url: 'http://toutiao.com/group/6356796986112475393/',
       video_duration_str: '04:25',
       display_mode: 'middle',
       composition: 264,
       publish_time: 1480057630,
       wap_open: 0,
       tag_id: 6356796986112475000,
       pgc_article_type: 1,
       display_type: 0,
       gallery: [],
       detail_source: '共赏雅俗',
       url: 'http://toutiao.com/group/6356796986112475393/',
       web_display_type: 4,
       behot_time: 1480057630,
       flags: 64 },
     { item_status: 20,
       datetime: '2016-11-25 14:57',
       video_infos: [Object],
       has_m3u8_video: 0,
       keywords: '',
       article_live_type: 'none',
       has_mp4_video: 0,
       title: '两个孩子同时出生，但一生下来就明显有了差距',
       source: '共赏雅俗',
       natant_level: 0,
       own_group: false,
       share_count: 0,
       list_play_effective_count: 13,
       verify_detail: [Object],
       categories: [Object],
       repin_count: 15,
       display_status: 0,
       level: 0,
       digg_count: 2,
       comments_count: '1',
       cover_image_infos: [Object],
       group_id: 6356794450065064000,
       middle_image: 'http://p2.pstatp.com/list/1139000c3435cf459721',
       pgc_id: 6356796511648482000,
       ad_type: 3,
       live_status: '',
       create_time: 1480057073,
       book_info: '',
       article_sub_type: 0,
       label: [Object],
       pgc_ad: 3,
       group_source: 2,
       image_url: 'http://p2.pstatp.com/list/1139000c3435cf459721',
       is_key_item: 1,
       str_group_id: '6356794450065064193',
       source_url: 'http://ib.snssdk.com/item/6356796511648481794/',
       item_id: 6356796511648482000,
       good_voice: false,
       max_comments: 0,
       language: 'zh',
       display_url: 'http://toutiao.com/group/6356794450065064193/',
       region: 156,
       content_cards: '',
       has_gallery: false,
       modify_time: 1480057242,
       content_cntw: 20,
       detail_mode: 0,
       impression_count: 808,
       image_list: [Object],
       str_item_id: '6356796511648481794',
       group_status: 1,
       creator_uid: 6518071856,
       original_media_id: 0,
       city: '',
       bury_count: 0,
       web_article_type: 1,
       review_comment: false,
       comment_count: 1,
       media_id: 6518345701,
       go_detail_count: '842',
       group_flags: 64,
       detail_play_effective_count: 485,
       visibility: 3,
       pc_image_url: 'http://p2.pstatp.com/list/126x82/1139000c3435cf459721',
       was_recommended: 1,
       thumb_image: [],
       seo_url: 'http://ib.snssdk.com/item/6356796511648481794/',
       external_visit_count: 43,
       image_detail: [],
       ban_action: false,
       review_comment_mode: 0,
       has_inner_video: true,
       has_image: false,
       play_effective_count: '498',
       ban_comment: 0,
       show_play_effective_count: true,
       abstract: '两个孩子同时出生，但一生下来就明显有了差距',
       middle_mode: true,
       is_original: false,
       ban_bury: false,
       article_type: 0,
       tag: 'news_baby',
       image_infos: [],
       optional_data: [Object],
       app_url: 'sslocal://detail?item_id=6356796511648481794&flags=64&groupid=6356794450065064193&gd_label=click_pgc&aggr_type=2',
       has_video: true,
       article_url: 'http://toutiao.com/group/6356794450065064193/',
       video_duration_str: '02:19',
       display_mode: 'middle',
       composition: 264,
       publish_time: 1480057023,
       wap_open: 0,
       tag_id: 6356794450065064000,
       pgc_article_type: 1,
       display_type: 0,
       gallery: [],
       detail_source: '共赏雅俗',
       url: 'http://toutiao.com/group/6356794450065064193/',
       web_display_type: 4,
       behot_time: 1480057023,
       flags: 64 },
     { item_status: 20,
       datetime: '2016-11-25 14:53',
       video_infos: [Object],
       has_m3u8_video: 0,
       keywords: '',
       article_live_type: 'none',
       has_mp4_video: 0,
       title: '女子空姐面试，当考官的老公吓得坐到了地上',
       source: '共赏雅俗',
       natant_level: 0,
       own_group: false,
       share_count: 4,
       list_play_effective_count: 0,
       verify_detail: [Object],
       categories: [Object],
       repin_count: 10,
       display_status: 0,
       level: 0,
       digg_count: 0,
       comments_count: '0',
       cover_image_infos: [Object],
       group_id: 6347543885123813000,
       middle_image: 'http://p2.pstatp.com/list/120900036b0c2f87f736',
       pgc_id: 6356795680157074000,
       ad_type: 3,
       live_status: '',
       create_time: 1480056902,
       book_info: '',
       article_sub_type: 0,
       label: [],
       pgc_ad: 3,
       group_source: 2,
       image_url: 'http://p2.pstatp.com/list/120900036b0c2f87f736',
       is_key_item: 0,
       str_group_id: '6347543885123813634',
       source_url: 'http://ib.snssdk.com/item/6356795680157073921/',
       item_id: 6356795680157074000,
       good_voice: false,
       max_comments: 0,
       language: 'zh',
       display_url: 'http://toutiao.com/group/6347543885123813634/',
       region: 156,
       content_cards: '',
       has_gallery: false,
       modify_time: 1480057279,
       content_cntw: 19,
       detail_mode: 0,
       impression_count: 0,
       image_list: [Object],
       str_item_id: '6356795680157073921',
       group_status: 1,
       creator_uid: 6803984883,
       original_media_id: 0,
       city: '',
       bury_count: 0,
       web_article_type: 1,
       review_comment: false,
       comment_count: 0,
       media_id: 6518345701,
       go_detail_count: '867',
       group_flags: 64,
       detail_play_effective_count: 549,
       visibility: 3,
       pc_image_url: 'http://p2.pstatp.com/list/126x82/120900036b0c2f87f736',
       was_recommended: 0,
       thumb_image: [],
       seo_url: 'http://ib.snssdk.com/item/6356795680157073921/',
       external_visit_count: 52,
       image_detail: [],
       ban_action: false,
       review_comment_mode: 0,
       has_inner_video: true,
       has_image: false,
       play_effective_count: '549',
       ban_comment: 0,
       show_play_effective_count: true,
       abstract: '女子空姐面试，当考官的老公吓得坐到了地上',
       middle_mode: true,
       is_original: false,
       ban_bury: false,
       article_type: 0,
       tag: 'video_funny',
       image_infos: [],
       optional_data: [Object],
       app_url: 'sslocal://detail?item_id=6356795680157073921&flags=64&groupid=6347543885123813634&gd_label=click_pgc&aggr_type=2',
       has_video: true,
       article_url: 'http://toutiao.com/group/6347543885123813634/',
       video_duration_str: '02:26',
       display_mode: 'middle',
       composition: 264,
       publish_time: 1480056829,
       wap_open: 0,
       tag_id: 6347543885123813000,
       pgc_article_type: 1,
       display_type: 0,
       gallery: [],
       detail_source: '共赏雅俗',
       url: 'http://toutiao.com/group/6347543885123813634/',
       web_display_type: 4,
       behot_time: 1480056829,
       flags: 64 },
     { item_status: 20,
       datetime: '2016-11-25 14:24',
       video_infos: [Object],
       has_m3u8_video: 0,
       keywords: '毛主席',
       article_live_type: 'none',
       has_mp4_video: 0,
       title: '农村人是这么纪念毛主席逝世的',
       source: '共赏雅俗',
       natant_level: 0,
       own_group: false,
       share_count: 307,
       list_play_effective_count: 8295,
       verify_detail: [Object],
       categories: [Object],
       repin_count: 537,
       display_status: 2052,
       level: 0,
       digg_count: 371,
       comments_count: '118',
       cover_image_infos: [Object],
       group_id: 6356785777225728000,
       middle_image: 'http://p2.pstatp.com/list/1139000c289248769c9c',
       pgc_id: 6356788124235859000,
       ad_type: 3,
       live_status: '',
       create_time: 1480055176,
       book_info: '',
       article_sub_type: 0,
       label: [Object],
       pgc_ad: 3,
       group_source: 2,
       image_url: 'http://p2.pstatp.com/list/1139000c289248769c9c',
       is_key_item: 1,
       str_group_id: '6356785777225728258',
       source_url: 'http://ib.snssdk.com/item/6356788124235858434/',
       item_id: 6356788124235859000,
       good_voice: false,
       max_comments: 0,
       language: 'zh',
       display_url: 'http://toutiao.com/group/6356785777225728258/',
       region: 156,
       content_cards: '',
       has_gallery: false,
       modify_time: 1480166032,
       content_cntw: 14,
       detail_mode: 0,
       impression_count: 424709,
       image_list: [Object],
       str_item_id: '6356788124235858434',
       group_status: 1,
       creator_uid: 6518071856,
       original_media_id: 0,
       city: '',
       bury_count: 62,
       web_article_type: 1,
       review_comment: true,
       comment_count: 118,
       media_id: 6518345701,
       go_detail_count: '6.6万',
       group_flags: 64,
       detail_play_effective_count: 50606,
       visibility: 3,
       pc_image_url: 'http://p2.pstatp.com/list/126x82/1139000c289248769c9c',
       was_recommended: 1,
       thumb_image: [],
       seo_url: 'http://ib.snssdk.com/item/6356788124235858434/',
       external_visit_count: 2046,
       image_detail: [],
       ban_action: false,
       review_comment_mode: 0,
       has_inner_video: true,
       has_image: false,
       play_effective_count: '5.9万',
       ban_comment: 0,
       show_play_effective_count: true,
       abstract: '农村人是这么纪念毛主席逝世的',
       middle_mode: true,
       is_original: false,
       ban_bury: false,
       article_type: 0,
       tag: 'news_agriculture',
       image_infos: [],
       optional_data: [Object],
       app_url: 'sslocal://detail?item_id=6356788124235858434&flags=64&groupid=6356785777225728258&gd_label=click_pgc&aggr_type=2',
       has_video: true,
       article_url: 'http://toutiao.com/group/6356785777225728258/',
       video_duration_str: '03:55',
       display_mode: 'middle',
       composition: 264,
       publish_time: 1480055070,
       wap_open: 0,
       tag_id: 6356785777225728000,
       pgc_article_type: 1,
       display_type: 0,
       gallery: [],
       detail_source: '共赏雅俗',
       url: 'http://toutiao.com/group/6356785777225728258/',
       web_display_type: 4,
       behot_time: 1480055070,
       flags: 64 },
     { item_status: 20,
       datetime: '2016-11-24 14:40',
       video_infos: [Object],
       has_m3u8_video: 0,
       keywords: '',
       article_live_type: 'none',
       has_mp4_video: 0,
       title: '姑娘深夜独自在家，发生的这些事让人害怕',
       source: '共赏雅俗',
       natant_level: 0,
       own_group: false,
       share_count: 2,
       list_play_effective_count: 3495,
       verify_detail: [Object],
       categories: [Object],
       repin_count: 7,
       display_status: 0,
       level: 0,
       digg_count: 0,
       comments_count: '0',
       cover_image_infos: [Object],
       group_id: 6356418893909852000,
       middle_image: 'http://p2.pstatp.com/list/11fd0000dfec2a0b4991',
       pgc_id: 6356421273806964000,
       ad_type: 3,
       live_status: '',
       create_time: 1479969685,
       book_info: '',
       article_sub_type: 0,
       label: [],
       pgc_ad: 3,
       group_source: 2,
       image_url: 'http://p2.pstatp.com/list/11fd0000dfec2a0b4991',
       is_key_item: 1,
       str_group_id: '6356418893909852418',
       source_url: 'http://ib.snssdk.com/item/6356421273806963202/',
       item_id: 6356421273806964000,
       good_voice: false,
       max_comments: 0,
       language: 'zh',
       display_url: 'http://toutiao.com/group/6356418893909852418/',
       region: 156,
       content_cards: '',
       has_gallery: false,
       modify_time: 1479983291,
       content_cntw: 18,
       detail_mode: 0,
       impression_count: 31063,
       image_list: [Object],
       str_item_id: '6356421273806963202',
       group_status: 1,
       creator_uid: 6518071856,
       original_media_id: 0,
       city: '',
       bury_count: 2,
       web_article_type: 1,
       review_comment: false,
       comment_count: 0,
       media_id: 6518345701,
       go_detail_count: '1052',
       group_flags: 64,
       detail_play_effective_count: 770,
       visibility: 3,
       pc_image_url: 'http://p2.pstatp.com/list/126x82/11fd0000dfec2a0b4991',
       was_recommended: 1,
       thumb_image: [],
       seo_url: 'http://ib.snssdk.com/item/6356421273806963202/',
       external_visit_count: 82,
       image_detail: [],
       ban_action: false,
       review_comment_mode: 0,
       has_inner_video: true,
       has_image: false,
       play_effective_count: '4265',
       ban_comment: 0,
       show_play_effective_count: true,
       abstract: '姑娘深夜独自在家，发生的这些事让人害怕',
       middle_mode: true,
       is_original: false,
       ban_bury: false,
       article_type: 0,
       tag: 'news',
       image_infos: [],
       optional_data: [Object],
       app_url: 'sslocal://detail?item_id=6356421273806963202&flags=64&groupid=6356418893909852418&gd_label=click_pgc&aggr_type=2',
       has_video: true,
       article_url: 'http://toutiao.com/group/6356418893909852418/',
       video_duration_str: '03:15',
       display_mode: 'middle',
       composition: 264,
       publish_time: 1479969656,
       wap_open: 0,
       tag_id: 6356418893909852000,
       pgc_article_type: 1,
       display_type: 0,
       gallery: [],
       detail_source: '共赏雅俗',
       url: 'http://toutiao.com/group/6356418893909852418/',
       web_display_type: 4,
       behot_time: 1479969656,
       flags: 64 },
     { item_status: 20,
       datetime: '2016-11-24 14:30',
       video_infos: [Object],
       has_m3u8_video: 0,
       keywords: '',
       article_live_type: 'none',
       has_mp4_video: 0,
       title: '农村小伙深夜被女老板教如何服务客人',
       source: '共赏雅俗',
       natant_level: 0,
       own_group: false,
       share_count: 14,
       list_play_effective_count: 1190,
       verify_detail: [Object],
       categories: [Object],
       repin_count: 182,
       display_status: 0,
       level: 0,
       digg_count: 21,
       comments_count: '1',
       cover_image_infos: [Object],
       group_id: 6356418430430921000,
       middle_image: 'http://p2.pstatp.com/list/113600082dbfa973c43c',
       pgc_id: 6356418578433967000,
       ad_type: 3,
       live_status: '',
       create_time: 1479969160,
       book_info: '',
       article_sub_type: 0,
       label: [Object],
       pgc_ad: 3,
       group_source: 2,
       image_url: 'http://p2.pstatp.com/list/113600082dbfa973c43c',
       is_key_item: 1,
       str_group_id: '6356418430430920962',
       source_url: 'http://ib.snssdk.com/item/6356418578433966593/',
       item_id: 6356418578433967000,
       good_voice: false,
       max_comments: 0,
       language: 'zh',
       display_url: 'http://toutiao.com/group/6356418430430920962/',
       region: 156,
       content_cards: '',
       has_gallery: false,
       modify_time: 1479992975,
       content_cntw: 17,
       detail_mode: 0,
       impression_count: 238981,
       image_list: [Object],
       str_item_id: '6356418578433966593',
       group_status: 1,
       creator_uid: 6518071856,
       original_media_id: 0,
       city: '',
       bury_count: 14,
       web_article_type: 1,
       review_comment: false,
       comment_count: 1,
       media_id: 6518345701,
       go_detail_count: '3.1万',
       group_flags: 64,
       detail_play_effective_count: 24851,
       visibility: 3,
       pc_image_url: 'http://p2.pstatp.com/list/126x82/113600082dbfa973c43c',
       was_recommended: 1,
       thumb_image: [],
       seo_url: 'http://ib.snssdk.com/item/6356418578433966593/',
       external_visit_count: 1131,
       image_detail: [],
       ban_action: false,
       review_comment_mode: 0,
       has_inner_video: true,
       has_image: false,
       play_effective_count: '2.6万',
       ban_comment: 0,
       show_play_effective_count: true,
       abstract: '农村小伙深夜被女老板教如何服务客人',
       middle_mode: true,
       is_original: false,
       ban_bury: false,
       article_type: 0,
       tag: 'video_emotion',
       image_infos: [],
       optional_data: [Object],
       app_url: 'sslocal://detail?item_id=6356418578433966593&flags=64&groupid=6356418430430920962&gd_label=click_pgc&aggr_type=2',
       has_video: true,
       article_url: 'http://toutiao.com/group/6356418430430920962/',
       video_duration_str: '02:37',
       display_mode: 'middle',
       composition: 264,
       publish_time: 1479969028,
       wap_open: 0,
       tag_id: 6356418430430921000,
       pgc_article_type: 1,
       display_type: 0,
       gallery: [],
       detail_source: '共赏雅俗',
       url: 'http://toutiao.com/group/6356418430430920962/',
       web_display_type: 4,
       behot_time: 1479969028,
       flags: 64 } ] }
