[2016-11-27 00:07:11.462] [TRACE] 今日头条 - DealWith instantiation ...
[2016-11-27 00:07:11.469] [TRACE] 今日头条 - spiderCore instantiation ...
[2016-11-27 00:07:11.471] [TRACE] 今日头条 - 启动函数
[2016-11-27 00:07:11.495] [DEBUG] 今日头条 - 任务信息数据库连接建立...成功
[2016-11-27 00:07:11.495] [DEBUG] 今日头条 - 缓存队列数据库连接建立...成功
[2016-11-27 00:07:11.495] [DEBUG] 今日头条 - 创建数据库连接完毕
[2016-11-27 00:07:11.495] [INFO] 今日头条 - { p: '6', id: '6518345701', name: '共赏雅俗' }
[2016-11-27 00:07:11.647] [DEBUG] 今日头条 - [ { picurl: 'http://p2.pstatp.com/list/11350003f163309dcb58',
    tag: [ '婚姻', '19天' ],
    seconds: '03:08' },
  { picurl: 'http://p2.pstatp.com/list/f90001255447635a417',
    tag: [ '周恩来', '暗杀' ],
    seconds: '02:12' },
  { picurl: 'http://p2.pstatp.com/list/f900012541b58dea2f6',
    tag: [ '功夫' ],
    seconds: '03:18' },
  { picurl: 'http://p2.pstatp.com/list/12020000cc05f6369560',
    tag: [ '林彪', '周恩来', '中国历史' ],
    seconds: '02:32' },
  { picurl: 'http://p2.pstatp.com/list/f9000111cedb97339b0',
    tag: [ '备孕' ],
    seconds: '04:25' },
  { picurl: 'http://p2.pstatp.com/list/1139000c3435cf459721',
    tag: [ '育儿' ],
    seconds: '02:19' },
  { picurl: 'http://p2.pstatp.com/list/120900036b0c2f87f736',
    tag: [],
    seconds: '02:26' },
  { picurl: 'http://p2.pstatp.com/list/1139000c289248769c9c',
    tag: [ '农业', '农民', '农村', '三农' ],
    seconds: '03:55' },
  { picurl: 'http://p2.pstatp.com/list/11fd0000dfec2a0b4991',
    tag: [],
    seconds: '03:15' },
  { picurl: 'http://p2.pstatp.com/list/113600082dbfa973c43c',
    tag: [ '农村', '农业', '农民' ],
    seconds: '02:37' } ]
[2016-11-27 16:56:05.136] [TRACE] 今日头条 - DealWith instantiation ...
[2016-11-27 16:56:05.143] [TRACE] 今日头条 - spiderCore instantiation ...
[2016-11-27 16:56:05.145] [TRACE] 今日头条 - 启动函数
[2016-11-27 16:56:05.172] [DEBUG] 今日头条 - 任务信息数据库连接建立...成功
[2016-11-27 16:56:05.174] [DEBUG] 今日头条 - 缓存队列数据库连接建立...成功
[2016-11-27 16:56:05.176] [DEBUG] 今日头条 - 创建数据库连接完毕
[2016-11-27 16:56:05.179] [INFO] 今日头条 - { p: '6', id: '50246551362', name: '视频不重要评论最搞笑' }
[2016-11-27 16:56:06.105] [DEBUG] 今日头条 - 准备好纸巾，笑出眼泪别怪我！精彩搞笑剪辑
[2016-11-27 16:56:06.186] [DEBUG] 今日头条 - 准备好纸巾，笑出眼泪别怪我！精彩搞笑剪辑
[2016-11-27 16:56:06.265] [DEBUG] 今日头条 - 准备好纸巾，笑出眼泪别怪我！精彩搞笑剪辑
[2016-11-27 16:56:06.351] [DEBUG] 今日头条 - 准备好纸巾，笑出眼泪别怪我！精彩搞笑剪辑
[2016-11-27 16:56:06.429] [DEBUG] 今日头条 - 准备好纸巾，笑出眼泪别怪我！精彩搞笑剪辑
[2016-11-27 16:56:06.499] [DEBUG] 今日头条 - 准备好纸巾，笑出眼泪别怪我！精彩搞笑剪辑
[2016-11-27 16:56:06.592] [DEBUG] 今日头条 - 准备好纸巾，笑出眼泪别怪我！精彩搞笑剪辑
[2016-11-27 16:56:06.680] [DEBUG] 今日头条 - 准备好纸巾，笑出眼泪别怪我！精彩搞笑剪辑
[2016-11-27 16:56:06.754] [DEBUG] 今日头条 - 准备好纸巾，笑出眼泪别怪我！精彩搞笑剪辑
[2016-11-27 16:56:06.857] [DEBUG] 今日头条 - 准备好纸巾，笑出眼泪别怪我！精彩搞笑剪辑
[2016-11-27 16:56:07.053] [DEBUG] 今日头条 - 准备好纸巾，笑出眼泪别怪我！精彩搞笑剪辑
[2016-11-27 16:56:07.120] [DEBUG] 今日头条 - 准备好纸巾，笑出眼泪别怪我！精彩搞笑剪辑
[2016-11-27 16:56:07.195] [DEBUG] 今日头条 - 准备好纸巾，笑出眼泪别怪我！精彩搞笑剪辑
[2016-11-27 16:56:07.271] [DEBUG] 今日头条 - 准备好纸巾，笑出眼泪别怪我！精彩搞笑剪辑
[2016-11-27 16:56:07.344] [DEBUG] 今日头条 - 准备好纸巾，笑出眼泪别怪我！精彩搞笑剪辑
[2016-11-27 16:56:07.436] [DEBUG] 今日头条 - 准备好纸巾，笑出眼泪别怪我！精彩搞笑剪辑
[2016-11-27 16:56:07.530] [DEBUG] 今日头条 - 准备好纸巾，笑出眼泪别怪我！精彩搞笑剪辑
[2016-11-27 16:56:07.643] [DEBUG] 今日头条 - 准备好纸巾，笑出眼泪别怪我！精彩搞笑剪辑
[2016-11-27 16:56:07.738] [DEBUG] 今日头条 - 准备好纸巾，笑出眼泪别怪我！精彩搞笑剪辑
[2016-11-27 16:56:07.827] [DEBUG] 今日头条 - 准备好纸巾，笑出眼泪别怪我！精彩搞笑剪辑
[2016-11-27 16:56:08.001] [DEBUG] 今日头条 - 准备好纸巾，笑出眼泪别怪我！精彩搞笑剪辑
[2016-11-27 16:56:08.084] [DEBUG] 今日头条 - 准备好纸巾，笑出眼泪别怪我！精彩搞笑剪辑
[2016-11-27 16:56:08.154] [DEBUG] 今日头条 - 准备好纸巾，笑出眼泪别怪我！精彩搞笑剪辑
[2016-11-27 16:56:08.238] [DEBUG] 今日头条 - 准备好纸巾，笑出眼泪别怪我！精彩搞笑剪辑
[2016-11-27 16:56:08.322] [DEBUG] 今日头条 - 准备好纸巾，笑出眼泪别怪我！精彩搞笑剪辑
[2016-11-27 16:56:08.422] [DEBUG] 今日头条 - 准备好纸巾，笑出眼泪别怪我！精彩搞笑剪辑
[2016-11-27 16:56:08.511] [DEBUG] 今日头条 - 准备好纸巾，笑出眼泪别怪我！精彩搞笑剪辑
[2016-11-27 16:56:08.604] [DEBUG] 今日头条 - 准备好纸巾，笑出眼泪别怪我！精彩搞笑剪辑
[2016-11-27 16:56:08.682] [DEBUG] 今日头条 - 准备好纸巾，笑出眼泪别怪我！精彩搞笑剪辑
[2016-11-27 16:56:08.776] [DEBUG] 今日头条 - 准备好纸巾，笑出眼泪别怪我！精彩搞笑剪辑
[2016-11-27 16:56:08.941] [DEBUG] 今日头条 - 准备好纸巾，笑出眼泪别怪我！精彩搞笑剪辑
[2016-11-27 16:56:09.033] [DEBUG] 今日头条 - 准备好纸巾，笑出眼泪别怪我！精彩搞笑剪辑
[2016-11-27 16:56:09.134] [DEBUG] 今日头条 - 准备好纸巾，笑出眼泪别怪我！精彩搞笑剪辑
[2016-11-27 16:56:09.227] [DEBUG] 今日头条 - 准备好纸巾，笑出眼泪别怪我！精彩搞笑剪辑
