[2016-11-27 19:34:56.481] [TRACE] 今日头条 - DealWith instantiation ...
[2016-11-27 19:34:56.489] [TRACE] 今日头条 - spiderCore instantiation ...
[2016-11-27 19:34:56.491] [TRACE] 今日头条 - 启动函数
[2016-11-27 19:34:56.520] [DEBUG] 今日头条 - 任务信息数据库连接建立...成功
[2016-11-27 19:34:56.522] [DEBUG] 今日头条 - 缓存队列数据库连接建立...成功
[2016-11-27 19:34:56.524] [DEBUG] 今日头条 - 创建数据库连接完毕
[2016-11-27 19:34:56.525] [INFO] 今日头条 - { p: '6', id: '50246551362', name: '视频不重要评论最搞笑' }
[2016-11-27 19:34:57.863] [DEBUG] 今日头条 - { media_name: '视频不重要评论最搞笑',
  ban_comment: 0,
  abstract: '王大锤五指山压泼猴刘循子墨，教授易小星带其西天取经',
  video_detail_info: 
   { show_pgc_subscribe: 1,
     group_flags: 32832,
     direct_play: 1,
     detail_video_large_image: 
      { url: 'http://p3.pstatp.com/video1609/1137000ce87cbbe2dd16',
        width: 580,
        url_list: [Object],
        uri: 'video1609/1137000ce87cbbe2dd16',
        height: 327 },
     video_id: '1cad0a0ba214451fa5e11a3c0ceb8a75',
     video_watch_count: 6513 },
  image_list: [],
  article_type: 0,
  tag: 'news',
  has_m3u8_video: 0,
  is_wenda: 0,
  has_mp4_video: 0,
  display_url: 'http://toutiao.com/group/6357526017678786817/',
  article_sub_type: 0,
  bury_count: 1,
  title: '王大锤五指山镇压泼猴刘循子墨，教授易小星带其西天取经',
  has_video: true,
  share_url: 'http://toutiao.com/group/6357526017678786817/?iid=0&app=news_article',
  thumb_image: [],
  content: '<div><p>\n<p>\n<div class="custom-video" data-sp="0" data-vid="1cad0a0ba214451fa5e11a3c0ceb8a75" data-width="640" data-height="348" data-poster="http://p3.pstatp.com/large/1137000ce87cbbe2dd16" data-duration="352" data-video-size="{&#34;high&#34;: {&#34;h&#34;: 464, &#34;subjective_score&#34;: 2, &#34;w&#34;: 854, &#34;file_size&#34;: 31770040}, &#34;ultra&#34;: {&#34;h&#34;: 516, &#34;subjective_score&#34;: 3, &#34;w&#34;: 948, &#34;file_size&#34;: 54355035}, &#34;normal&#34;: {&#34;h&#34;: 348, &#34;subjective_score&#34;: 3, &#34;w&#34;: 640, &#34;file_size&#34;: 21414786}}">\n</div>\n</p></p><p>王大锤五指山压泼猴刘循子墨，教授易小星带其西天取经</p></div>',
  source: '视频不重要评论最搞笑',
  comment_count: 7,
  article_url: 'http://toutiao.com/group/6357526017678786817/',
  aggr_type: 2,
  publish_time: 1480227748,
  group_flags: 32832,
  display_title: ' ',
  tag_id: 6357526017678787000,
  item_id: 6357529770036561000,
  repin_count: 52,
  url: 'http://toutiao.com/group/6357526017678786817/',
  digg_count: 25,
  behot_time: 0,
  image_detail: [],
  h5_extra: 
   { publish_time: '11-27 14:22',
     is_original: false,
     str_item_id: '6357529770036560386',
     title: '王大锤五指山镇压泼猴刘循子墨，教授易小星带其西天取经',
     media: 
      { praise_data: {},
        name: '视频不重要评论最搞笑',
        authors: [],
        can_be_praised: false,
        pgc_custom_menu: '',
        creator_id: 50243814077,
        avatar_url: 'http://p1.pstatp.com/large/97e001e8f6ba2cc0471',
        v: false,
        id: 50246551362,
        auth_info: '',
        show_pgc_component: true,
        user_verified: false,
        description: '搞笑视频精彩推荐，还有搞笑评论！' },
     src_link: '',
     source: '视频不重要评论最搞笑',
     str_group_id: '6357526017678786817' },
  preload_web: 0,
  has_image: false,
  group_id: 6357526017678787000,
  middle_image: 
   { url: 'http://p3.pstatp.com/list/1137000ce87cbbe2dd16',
     width: 640,
     url_list: [ [Object], [Object], [Object] ],
     uri: 'list/1137000ce87cbbe2dd16',
     height: 348 } }
[2016-11-27 19:34:58.117] [DEBUG] 今日头条 - { media_name: '视频不重要评论最搞笑',
  ban_comment: 0,
  abstract: '王大锤和子墨的爱情故事：我曾许下心愿知道我是变态的我就嫁给他',
  video_detail_info: 
   { show_pgc_subscribe: 1,
     group_flags: 32832,
     direct_play: 1,
     detail_video_large_image: 
      { url: 'http://p3.pstatp.com/video1609/120500058ec7d650a689',
        width: 580,
        url_list: [Object],
        uri: 'video1609/120500058ec7d650a689',
        height: 327 },
     video_id: '6ba3076ce61e45968b640b8cfe059bda',
     video_watch_count: 22 },
  image_list: [],
  article_type: 0,
  tag: 'video_emotion',
  has_m3u8_video: 0,
  is_wenda: 0,
  has_mp4_video: 0,
  display_url: 'http://toutiao.com/group/6357518369486831873/',
  article_sub_type: 0,
  bury_count: 0,
  title: '王大锤和子墨的爱情故事：我曾许下心愿知道我是变态的我就嫁给他',
  has_video: true,
  share_url: 'http://toutiao.com/group/6357518369486831873/?iid=0&app=news_article',
  thumb_image: [],
  content: '<div><p>\n<p>\n<div class="custom-video" data-sp="0" data-vid="6ba3076ce61e45968b640b8cfe059bda" data-width="640" data-height="348" data-poster="http://p3.pstatp.com/large/120500058ec7d650a689" data-duration="210" data-video-size="{&#34;high&#34;: {&#34;h&#34;: 464, &#34;subjective_score&#34;: 2, &#34;w&#34;: 854, &#34;file_size&#34;: 12497455}, &#34;ultra&#34;: {&#34;h&#34;: 516, &#34;subjective_score&#34;: 1, &#34;w&#34;: 948, &#34;file_size&#34;: 16334558}, &#34;normal&#34;: {&#34;h&#34;: 348, &#34;subjective_score&#34;: 2, &#34;w&#34;: 640, &#34;file_size&#34;: 9158647}}">\n</div>\n</p></p><p>王大锤和子墨的爱情故事：我曾许下心愿知道我是变态的我就嫁给他</p></div>',
  source: '视频不重要评论最搞笑',
  comment_count: 0,
  article_url: 'http://toutiao.com/group/6357518369486831873/',
  aggr_type: 2,
  publish_time: 1480226028,
  group_flags: 32832,
  display_title: ' ',
  tag_id: 6357518369486832000,
  item_id: 6357522384768992000,
  repin_count: 0,
  url: 'http://toutiao.com/group/6357518369486831873/',
  digg_count: 2,
  behot_time: 0,
  image_detail: [],
  h5_extra: 
   { publish_time: '11-27 13:53',
     is_original: false,
     str_item_id: '6357522384768991746',
     title: '王大锤和子墨的爱情故事：我曾许下心愿知道我是变态的我就嫁给他',
     media: 
      { praise_data: {},
        name: '视频不重要评论最搞笑',
        authors: [],
        can_be_praised: false,
        pgc_custom_menu: '',
        creator_id: 50243814077,
        avatar_url: 'http://p1.pstatp.com/large/97e001e8f6ba2cc0471',
        v: false,
        id: 50246551362,
        auth_info: '',
        show_pgc_component: true,
        user_verified: false,
        description: '搞笑视频精彩推荐，还有搞笑评论！' },
     src_link: '',
     source: '视频不重要评论最搞笑',
     str_group_id: '6357518369486831873' },
  preload_web: 0,
  has_image: false,
  group_id: 6357518369486832000,
  middle_image: 
   { url: 'http://p3.pstatp.com/list/120500058ec7d650a689',
     width: 640,
     url_list: [ [Object], [Object], [Object] ],
     uri: 'list/120500058ec7d650a689',
     height: 348 } }
[2016-11-27 19:34:58.379] [DEBUG] 今日头条 - { media_name: '视频不重要评论最搞笑',
  ban_comment: 0,
  abstract: '王大锤最终还是击败了理发师青龙，竟是没有钱办会员卡',
  video_detail_info: 
   { show_pgc_subscribe: 1,
     group_flags: 32832,
     direct_play: 1,
     detail_video_large_image: 
      { url: 'http://p1.pstatp.com/video1609/12020002da636d0353aa',
        width: 580,
        url_list: [Object],
        uri: 'video1609/12020002da636d0353aa',
        height: 327 },
     video_id: 'd124a8a572f74682895b20c8b76e1b02',
     video_watch_count: 11051 },
  image_list: [],
  article_type: 0,
  tag: 'news',
  has_m3u8_video: 0,
  is_wenda: 0,
  has_mp4_video: 0,
  display_url: 'http://toutiao.com/group/6357513878423437570/',
  article_sub_type: 0,
  bury_count: 9,
  title: '王大锤最终还是击败了理发师青龙，竟是没有钱办会员卡',
  has_video: true,
  share_url: 'http://toutiao.com/group/6357513878423437570/?iid=0&app=news_article',
  thumb_image: [],
  content: '<div><p>\n<p>\n<div class="custom-video" data-sp="0" data-vid="d124a8a572f74682895b20c8b76e1b02" data-width="640" data-height="348" data-poster="http://p1.pstatp.com/large/12020002da636d0353aa" data-duration="269" data-video-size="{&#34;high&#34;: {&#34;h&#34;: 464, &#34;subjective_score&#34;: 2, &#34;w&#34;: 854, &#34;file_size&#34;: 11653991}, &#34;ultra&#34;: {&#34;h&#34;: 516, &#34;subjective_score&#34;: 2, &#34;w&#34;: 948, &#34;file_size&#34;: 14920553}, &#34;normal&#34;: {&#34;h&#34;: 348, &#34;subjective_score&#34;: 2, &#34;w&#34;: 640, &#34;file_size&#34;: 8720196}}">\n</div>\n</p></p><p>王大锤最终还是击败了理发师青龙，竟是没有钱办会员卡</p></div>',
  source: '视频不重要评论最搞笑',
  comment_count: 27,
  article_url: 'http://toutiao.com/group/6357513878423437570/',
  aggr_type: 2,
  publish_time: 1480224925,
  group_flags: 32832,
  display_title: ' ',
  tag_id: 6357513878423437000,
  item_id: 6357517646107248000,
  repin_count: 113,
  url: 'http://toutiao.com/group/6357513878423437570/',
  digg_count: 48,
  behot_time: 0,
  image_detail: [],
  h5_extra: 
   { publish_time: '11-27 13:35',
     is_original: false,
     str_item_id: '6357517646107247105',
     title: '王大锤最终还是击败了理发师青龙，竟是没有钱办会员卡',
     media: 
      { praise_data: {},
        name: '视频不重要评论最搞笑',
        authors: [],
        can_be_praised: false,
        pgc_custom_menu: '',
        creator_id: 50243814077,
        avatar_url: 'http://p1.pstatp.com/large/97e001e8f6ba2cc0471',
        v: false,
        id: 50246551362,
        auth_info: '',
        show_pgc_component: true,
        user_verified: false,
        description: '搞笑视频精彩推荐，还有搞笑评论！' },
     src_link: '',
     source: '视频不重要评论最搞笑',
     str_group_id: '6357513878423437570' },
  preload_web: 0,
  has_image: false,
  group_id: 6357513878423437000,
  middle_image: 
   { url: 'http://p1.pstatp.com/list/12020002da636d0353aa',
     width: 640,
     url_list: [ [Object], [Object], [Object] ],
     uri: 'list/12020002da636d0353aa',
     height: 348 } }
[2016-11-27 19:34:58.593] [DEBUG] 今日头条 - { media_name: '视频不重要评论最搞笑',
  ban_comment: 0,
  abstract: '百家：小樱看娱乐 申请专用 王大锤参加荒野求生节目，活着一只野生巧克力',
  video_detail_info: 
   { show_pgc_subscribe: 1,
     group_flags: 32832,
     direct_play: 1,
     detail_video_large_image: 
      { url: 'http://p3.pstatp.com/video1609/12050005827ef2ebc3a3',
        width: 580,
        url_list: [Object],
        uri: 'video1609/12050005827ef2ebc3a3',
        height: 327 },
     video_id: '182f574bb9af426cb9e833637599944c',
     video_watch_count: 20263 },
  image_list: [],
  article_type: 0,
  tag: 'news',
  has_m3u8_video: 0,
  is_wenda: 0,
  has_mp4_video: 0,
  display_url: 'http://toutiao.com/group/6357506214548553986/',
  article_sub_type: 0,
  bury_count: 25,
  title: '王大锤参加荒野求生节目，活着一只野生巧克力',
  has_video: true,
  share_url: 'http://toutiao.com/group/6357506214548553986/?iid=0&app=news_article',
  thumb_image: [],
  content: '<div><p>\n<p>\n<div class="custom-video" data-sp="0" data-vid="182f574bb9af426cb9e833637599944c" data-width="640" data-height="348" data-poster="http://p3.pstatp.com/large/12050005827ef2ebc3a3" data-duration="274" data-video-size="{&#34;high&#34;: {&#34;h&#34;: 464, &#34;subjective_score&#34;: 3, &#34;w&#34;: 854, &#34;file_size&#34;: 23860190}, &#34;ultra&#34;: {&#34;h&#34;: 516, &#34;subjective_score&#34;: 3, &#34;w&#34;: 948, &#34;file_size&#34;: 40115583}, &#34;normal&#34;: {&#34;h&#34;: 348, &#34;subjective_score&#34;: 3, &#34;w&#34;: 640, &#34;file_size&#34;: 16334581}}">\n</div>\n</p></p><p>百家：小樱看娱乐 申请专用 王大锤参加荒野求生节目，活着一只野生巧克力</p></div>',
  source: '视频不重要评论最搞笑',
  comment_count: 17,
  article_url: 'http://toutiao.com/group/6357506214548553986/',
  aggr_type: 2,
  publish_time: 1480223274,
  group_flags: 32832,
  display_title: ' ',
  tag_id: 6357506214548554000,
  item_id: 6357510556437448000,
  repin_count: 111,
  url: 'http://toutiao.com/group/6357506214548553986/',
  digg_count: 45,
  behot_time: 0,
  image_detail: [],
  h5_extra: 
   { publish_time: '11-27 13:07',
     is_original: false,
     str_item_id: '6357510556437447169',
     title: '王大锤参加荒野求生节目，活着一只野生巧克力',
     media: 
      { praise_data: {},
        name: '视频不重要评论最搞笑',
        authors: [],
        can_be_praised: false,
        pgc_custom_menu: '',
        creator_id: 50243814077,
        avatar_url: 'http://p1.pstatp.com/large/97e001e8f6ba2cc0471',
        v: false,
        id: 50246551362,
        auth_info: '',
        show_pgc_component: true,
        user_verified: false,
        description: '搞笑视频精彩推荐，还有搞笑评论！' },
     src_link: '',
     source: '视频不重要评论最搞笑',
     str_group_id: '6357506214548553986' },
  preload_web: 0,
  has_image: false,
  group_id: 6357506214548554000,
  middle_image: 
   { url: 'http://p3.pstatp.com/list/12050005827ef2ebc3a3',
     width: 640,
     url_list: [ [Object], [Object], [Object] ],
     uri: 'list/12050005827ef2ebc3a3',
     height: 348 } }
