[2016-11-26 21:33:40.446] [TRACE] 今日头条 - DealWith instantiation ...
[2016-11-26 21:33:40.456] [TRACE] 今日头条 - spiderCore instantiation ...
[2016-11-26 21:33:40.456] [TRACE] 今日头条 - 启动函数
[2016-11-26 21:33:40.486] [DEBUG] 今日头条 - 任务信息数据库连接建立...成功
[2016-11-26 21:33:40.486] [DEBUG] 今日头条 - 缓存队列数据库连接建立...成功
[2016-11-26 21:33:40.486] [DEBUG] 今日头条 - 创建数据库连接完毕
[2016-11-26 21:33:40.496] [INFO] 今日头条 - { p: '6', id: '6518345701', name: '共赏雅俗' }
[2016-11-26 21:33:40.721] [DEBUG] 今日头条 - { ids: 
   [ '6357186028624675329',
     '6357185255589282306',
     '6356800428897731073',
     '6356799117179486721',
     '6356796511648481794',
     '6356795680157073921',
     '6356788124235858434',
     '6356421273806963202',
     '6356418578433966593',
     '6356416872082047490' ],
  group_ids: 
   [ '6357181466938818817',
     '6357180899378299138',
     '6356798259155632386',
     '6356796986112475393',
     '6356794450065064193',
     '6347543885123813634',
     '6356785777225728258',
     '6356418893909852418',
     '6356418430430920962',
     '6356416379633615106' ],
  hot_time: 1479968631 }
[2016-11-26 21:33:43.701] [DEBUG] 今日头条 - { ids: 
   [ '6356414304945701377',
     '6356065214353375745',
     '6356064618648961537',
     '6356063747194225153',
     '6356062401699250690',
     '6356061149183607297',
     '6355680389993857538',
     '6355678053598757378',
     '6355676918771106305',
     '6355674035543605762' ],
  group_ids: 
   [ '6348305001793978625',
     '6356062971274363138',
     '6356062971274494210',
     '6356061370174603522',
     '6356062401699250690',
     '6356061149183607297',
     '6355678529757937922',
     '6350096989989339393',
     '6355675137417347330',
     '6355671937502658818' ],
  hot_time: 1479795676 }
