[2016-11-27 00:31:21.007] [TRACE] 今日头条 - DealWith instantiation ...
[2016-11-27 00:31:21.014] [TRACE] 今日头条 - spiderCore instantiation ...
[2016-11-27 00:31:21.015] [TRACE] 今日头条 - 启动函数
[2016-11-27 00:31:21.035] [DEBUG] 今日头条 - 任务信息数据库连接建立...成功
[2016-11-27 00:31:21.045] [DEBUG] 今日头条 - 缓存队列数据库连接建立...成功
[2016-11-27 00:31:21.045] [DEBUG] 今日头条 - 创建数据库连接完毕
[2016-11-27 00:31:21.045] [INFO] 今日头条 - { p: '6', id: '6518345701', name: '共赏雅俗' }
[2016-11-27 00:31:21.223] [DEBUG] 今日头条 - undefined
[2016-11-27 00:31:21.314] [DEBUG] 今日头条 - 周总理知道有人要暗杀自己时，顿时拍桌子说了这番话-----共赏雅俗
[2016-11-27 00:31:21.411] [DEBUG] 今日头条 - 《功夫》的这些片段都没在电影院看到，可惜了-----共赏雅俗
[2016-11-27 00:31:21.495] [DEBUG] 今日头条 - 周总理向主席报告林彪出逃，主席说的最后一句话最霸气-----共赏雅俗
[2016-11-27 00:31:21.565] [DEBUG] 今日头条 - 小夫妻忙造人，可把门外的丈母娘急坏了-----共赏雅俗
[2016-11-27 00:31:21.629] [DEBUG] 今日头条 - 两个孩子同时出生，但一生下来就明显有了差距-----共赏雅俗
[2016-11-27 00:31:21.709] [DEBUG] 今日头条 - 女子空姐面试，当考官的老公吓得坐到了地上-----共赏雅俗
[2016-11-27 00:31:21.798] [DEBUG] 今日头条 - 农村人是这么纪念毛主席逝世的-----共赏雅俗
[2016-11-27 00:31:21.901] [DEBUG] 今日头条 - 姑娘深夜独自在家，发生的这些事让人害怕-----共赏雅俗
[2016-11-27 00:31:21.975] [DEBUG] 今日头条 - 农村小伙深夜被女老板教如何服务客人-----共赏雅俗
[2016-11-27 00:31:22.055] [DEBUG] 今日头条 - 邓小平跟撒切尔谈香港问题真是太霸气了，看伟人风采-----共赏雅俗
[2016-11-27 00:31:22.236] [DEBUG] 今日头条 - 白富美把小伙约到自己房间聊天，最后却不让人走-----共赏雅俗
[2016-11-27 00:31:22.312] [DEBUG] 今日头条 - 《功夫》删减片段，原来还有这么精彩的一段-----共赏雅俗
[2016-11-27 00:31:22.401] [DEBUG] 今日头条 - 畜生不如！儿子让九旬老母亲睡门外6天绝望而死-----共赏雅俗
[2016-11-27 00:31:22.495] [DEBUG] 今日头条 - 婚礼上，伴娘可是受罪了-----共赏雅俗
[2016-11-27 00:31:22.565] [DEBUG] 今日头条 - 天天吃的这种蔬菜，竟能成为致癌元凶-----共赏雅俗
[2016-11-27 00:31:22.659] [DEBUG] 今日头条 - 农村女子在县长办公室用条件换父亲出狱-----共赏雅俗
[2016-11-27 00:31:22.751] [DEBUG] 今日头条 - 农村八旬老人下葬前突然伸手要喝汤，真人真事-----共赏雅俗
[2016-11-27 00:31:22.820] [DEBUG] 今日头条 - 晚上喝完酒带美女回家，刚有好感，却发生了尴尬的事-----共赏雅俗
[2016-11-27 00:31:22.891] [DEBUG] 今日头条 - 车内向男友投怀送抱，只为证明自己是成熟女人-----共赏雅俗
[2016-11-27 00:31:22.975] [DEBUG] 今日头条 - 出动几千人抓捕罪犯，场面震撼，为人民而战-----共赏雅俗
[2016-11-27 00:31:23.286] [DEBUG] 今日头条 - 真惨！农村光棍将外地女囚禁10年，精神异常-----共赏雅俗
[2016-11-27 00:31:23.495] [DEBUG] 今日头条 - 奇葩女现场说我不爱钱，我半个月才花你10万你就要分手-----共赏雅俗
[2016-11-27 00:31:23.649] [DEBUG] 今日头条 - 妻子将丈夫的尸体放冰柜10年，10年后道出了真相-----共赏雅俗
[2016-11-27 00:31:23.841] [DEBUG] 今日头条 - 工地上挖出一个棺材，打开后在场的人都很惊奇-----共赏雅俗
[2016-11-27 00:31:24.020] [DEBUG] 今日头条 - 实拍：老虎狮子攻击人类的恐怖瞬间-----共赏雅俗
[2016-11-27 00:31:24.179] [DEBUG] 今日头条 - 农村夫妻的真人真事-----共赏雅俗
