[2016-11-27 19:36:54.554] [TRACE] 今日头条 - DealWith instantiation ...
[2016-11-27 19:36:54.562] [TRACE] 今日头条 - spiderCore instantiation ...
[2016-11-27 19:36:54.564] [TRACE] 今日头条 - 启动函数
[2016-11-27 19:36:54.590] [DEBUG] 今日头条 - 任务信息数据库连接建立...成功
[2016-11-27 19:36:54.592] [DEBUG] 今日头条 - 缓存队列数据库连接建立...成功
[2016-11-27 19:36:54.594] [DEBUG] 今日头条 - 创建数据库连接完毕
[2016-11-27 19:36:54.595] [INFO] 今日头条 - { p: '6', id: '50246551362', name: '视频不重要评论最搞笑' }
[2016-11-27 19:36:55.560] [DEBUG] 今日头条 - 王大锤当保安吐槽安保系统，柯达和小爱竟擦出爱情火花
[2016-11-27 19:36:55.562] [DEBUG] 今日头条 - 王大锤五指山压泼猴刘循子墨，教授易小星带其西天取经
[2016-11-27 19:36:55.654] [DEBUG] 今日头条 - 王大锤五指山镇压泼猴刘循子墨，教授易小星带其西天取经
[2016-11-27 19:36:55.656] [DEBUG] 今日头条 - 王大锤和子墨的爱情故事：我曾许下心愿知道我是变态的我就嫁给他
[2016-11-27 19:36:55.738] [DEBUG] 今日头条 - 王大锤和子墨的爱情故事：我曾许下心愿知道我是变态的我就嫁给他
[2016-11-27 19:36:55.741] [DEBUG] 今日头条 - 王大锤最终还是击败了理发师青龙，竟是没有钱办会员卡
[2016-11-27 19:36:55.823] [DEBUG] 今日头条 - 王大锤最终还是击败了理发师青龙，竟是没有钱办会员卡
[2016-11-27 19:36:55.827] [DEBUG] 今日头条 - 百家：小樱看娱乐 申请专用 王大锤参加荒野求生节目，活着一只野生巧克力
[2016-11-27 19:36:55.926] [DEBUG] 今日头条 - 王大锤参加荒野求生节目，活着一只野生巧克力
[2016-11-27 19:36:55.930] [DEBUG] 今日头条 - 王大锤当保安吐槽安保系统，柯达和小爱竟擦出爱情火花
[2016-11-27 19:36:56.037] [DEBUG] 今日头条 - 男子机场逃亡不忘耍帅，仗着腿长玩跨栏，结果摔了一个大马哈
[2016-11-27 19:36:56.042] [DEBUG] 今日头条 - 男子机场逃亡不忘耍帅，仗着腿长玩跨栏，结果摔了一个大马哈。
[2016-11-27 19:36:56.133] [DEBUG] 今日头条 - 《昆虫总动员》瓢虫宝宝出生了，瓢虫爸妈教宝宝飞行
[2016-11-27 19:36:56.137] [DEBUG] 今日头条 - 《昆虫总动员》瓢虫宝宝出生了，瓢虫爸妈教宝宝飞行。
[2016-11-27 19:36:56.243] [DEBUG] 今日头条 - 张柏芝、郑秀文争做齐宣王的王后，郑秀文掉井里，齐宣王落井下石
[2016-11-27 19:36:56.248] [DEBUG] 今日头条 - 张柏芝、郑秀文争做齐宣王的王后，郑秀文掉井里，齐宣王落井下石。
[2016-11-27 19:36:56.349] [DEBUG] 今日头条 - 实习神仙齐桓公与张柏芝斗法反被困，大声呼喊：不要搞我的子孙
[2016-11-27 19:36:56.353] [DEBUG] 今日头条 - 实习神仙齐桓公与张柏芝斗法反被困，大声呼喊：不要搞我的子孙。
[2016-11-27 19:36:56.436] [DEBUG] 今日头条 - 齐宣王在夜叉山碰到寨主钟无艳，一个行为当即让他决意娶她做王后
[2016-11-27 19:36:56.440] [DEBUG] 今日头条 - 齐宣王在夜叉山碰到寨主钟无艳，一个行为当即让他决意娶她做王后。
[2016-11-27 19:36:56.681] [DEBUG] 今日头条 - 吴孟达整蛊金城武和小文，结果反而自己被整的很惨
[2016-11-27 19:36:56.683] [DEBUG] 今日头条 - 吴孟达整蛊金城武和小文，结果反而自己被整的很惨。
[2016-11-27 19:36:56.756] [DEBUG] 今日头条 - 路边烧烤摊欠我一个像金城武这样的帅哥
[2016-11-27 19:36:56.759] [DEBUG] 今日头条 - 小文嫌苍蝇太瘦了没有肉不好吃，小龙马上抓了一只肥的给他。
[2016-11-27 19:36:56.853] [DEBUG] 今日头条 - 小文嫌苍蝇太瘦了没有肉不好吃，小龙马上抓了一只肥的给他
[2016-11-27 19:36:56.856] [DEBUG] 今日头条 - 小文一个招式就打败了黄飞鸿的师父。
[2016-11-27 19:36:56.953] [DEBUG] 今日头条 - 小文一个招式就打败了黄飞鸿的师父
[2016-11-27 19:36:56.956] [DEBUG] 今日头条 - 一个人黑夜上厕所时，下水道冒出东西来怎么办？
[2016-11-27 19:36:57.041] [DEBUG] 今日头条 - 一个人黑夜上厕所时，下水道冒出东西来怎么办？
[2016-11-27 19:36:57.049] [DEBUG] 今日头条 - 徐若瑄问释小龙是本人吗？小龙拍桌子说：不是本人，是中国人。
[2016-11-27 19:36:57.170] [DEBUG] 今日头条 - 徐若瑄问释小龙是本人吗？小龙拍桌子说：不是本人，是中国人
[2016-11-27 19:36:57.175] [DEBUG] 今日头条 - 小文生病，小龙和师父们扮女装逗其开心，结果病的更严重了。
[2016-11-27 19:36:57.257] [DEBUG] 今日头条 - 小文生病，小龙和师父们扮女装逗其开心，结果病的更严重了
[2016-11-27 19:36:57.263] [DEBUG] 今日头条 - 健身房帅哥对吴孟达说：你输了，我就玩你。
[2016-11-27 19:36:57.370] [DEBUG] 今日头条 - 健身房帅哥对吴孟达说：你输了，我就玩你
[2016-11-27 19:36:57.375] [DEBUG] 今日头条 - 夏目和娘口三三帮助三都寻找友人之旅。
[2016-11-27 19:36:57.462] [DEBUG] 今日头条 - 《无敌反斗星》说好动手的，怎么脱衣服了，罪过罪过
[2016-11-27 19:36:57.465] [DEBUG] 今日头条 - 憨豆迷路之后回目的地的方式真特别。
[2016-11-27 19:36:57.644] [DEBUG] 今日头条 - 夏目和娘口三三帮助三都寻找友人之旅
[2016-11-27 19:36:57.648] [DEBUG] 今日头条 - 夏目和娘口三三的搞笑日常。
[2016-11-27 19:36:57.968] [DEBUG] 今日头条 - 憨豆迷路之后回目的地的方式真特别
[2016-11-27 19:36:57.971] [DEBUG] 今日头条 - 萌宠大集合：第一次见到如此欢脱的熊猫宝宝
[2016-11-27 19:36:58.130] [DEBUG] 今日头条 - 夏目和娘口三三的搞笑日常
[2016-11-27 19:36:58.134] [DEBUG] 今日头条 - 元华真是把又贱又娘发挥到了极致啊，果然人至贱无敌。
[2016-11-27 19:36:58.292] [DEBUG] 今日头条 - 萌宠大集合：第一次见到如此欢脱的熊猫宝宝
[2016-11-27 19:36:58.296] [DEBUG] 今日头条 - 牌局上葛民辉对外国人说：虽然你们长，但不一定比我们强。
[2016-11-27 19:36:58.461] [DEBUG] 今日头条 - 元华真是把又贱又娘发挥到了极致啊，果然人至贱无敌
[2016-11-27 19:36:58.465] [DEBUG] 今日头条 - 武林盟主大赛长安和万永比剑，万永使毒针，长安拔剑得胜。
[2016-11-27 19:36:58.632] [DEBUG] 今日头条 - 牌局上葛民辉对外国人说：虽然你们长，但不一定比我们强
[2016-11-27 19:36:58.636] [DEBUG] 今日头条 - 丈夫带同事回家，喝酒壮胆想振夫纲，想不到却遭到妻子毒打一顿。
[2016-11-27 19:36:58.805] [DEBUG] 今日头条 - 武林盟主大赛长安和万永比剑，万永使毒针，长安拔剑得胜
[2016-11-27 19:36:58.809] [DEBUG] 今日头条 - 妻子看到丈夫与美女在酒吧的热舞视频，默不作声的准备着他的祭祀。
[2016-11-27 19:36:58.991] [DEBUG] 今日头条 - 丈夫带同事回家，喝酒壮胆想振夫纲，想不到却遭到妻子毒打一顿
[2016-11-27 19:36:58.995] [DEBUG] 今日头条 - 新婚妻子每天给丈夫布置外语任务，角色扮演通过之后才可上床。
[2016-11-27 19:36:59.164] [DEBUG] 今日头条 - 妻子看到丈夫与美女在酒吧的热舞视频，默不作声的准备着他的祭祀
[2016-11-27 19:36:59.169] [DEBUG] 今日头条 - 搞笑广告：一群掌门拿的这个咽炎洁是什么鬼？
[2016-11-27 19:36:59.345] [DEBUG] 今日头条 - 新婚妻子每天给丈夫布置外语任务，角色扮演通过之后才可上床
[2016-11-27 19:36:59.348] [DEBUG] 今日头条 - 整个手机行业、航空航天理论都是我提出来的，要你一台苹果咋了？
[2016-11-27 19:36:59.536] [DEBUG] 今日头条 - 一群掌门拿的这个咽炎洁是什么鬼？难道是用来洗手的？
[2016-11-27 19:36:59.540] [DEBUG] 今日头条 - 新一代女赌神！周星驰周润发都得拜她为师！
[2016-11-27 19:36:59.827] [DEBUG] 今日头条 - 整个手机行业理论构造都是我提出来的，要你一台苹果咋了？
[2016-11-27 19:36:59.830] [DEBUG] 今日头条 - 台球无敌了，堪比丁俊晖，这球技没谁了
[2016-11-27 19:37:00.002] [DEBUG] 今日头条 - 新一代女赌神！周星驰周润发都得拜她为师！
[2016-11-27 19:37:00.006] [DEBUG] 今日头条 - 路过火车站一下就教了三个学妹，一天不教书我就浑身难受
[2016-11-27 19:37:00.175] [DEBUG] 今日头条 - 台球无敌了，堪比丁俊晖，这球技没谁了
[2016-11-27 19:37:00.179] [DEBUG] 今日头条 - 北京大妈广场舞无敌了，杰克逊都得服气！
[2016-11-27 19:37:00.349] [DEBUG] 今日头条 - 路过火车站一下就教了三个学妹，一天不教书我就浑身难受
[2016-11-27 19:37:00.353] [DEBUG] 今日头条 - 美女被杀马特强行接吻，却高喊着亲我要对我负责！
[2016-11-27 19:37:00.510] [DEBUG] 今日头条 - 北京大妈广场舞无敌了，杰克逊都得服气！
[2016-11-27 19:37:00.515] [DEBUG] 今日头条 - 蛇、蝎子、蜈蚣大战，谁能赢？
[2016-11-27 19:37:00.709] [DEBUG] 今日头条 - 美女被杀马特强行接吻，却高喊着亲我要对我负责！
[2016-11-27 19:37:00.713] [DEBUG] 今日头条 - 老鼠、蝎子、蜈蚣大战，最后谁能赢？
[2016-11-27 19:37:00.889] [DEBUG] 今日头条 - 蛇、蝎子、蜈蚣大战，谁能赢？
[2016-11-27 19:37:00.893] [DEBUG] 今日头条 - 实拍河蟹大战蝎子，谁能赢？
[2016-11-27 19:37:01.067] [DEBUG] 今日头条 - 老鼠、蝎子、蜈蚣大战，最后谁能赢？
[2016-11-27 19:37:01.070] [DEBUG] 今日头条 - 
[2016-11-27 19:37:01.248] [DEBUG] 今日头条 - 实拍河蟹大战蝎子，谁能赢？
[2016-11-27 19:37:01.252] [DEBUG] 今日头条 - YY小白龙被打原因曝光
[2016-11-27 19:37:01.434] [DEBUG] 今日头条 - 抢劫不成反倒把手机搭进去了
[2016-11-27 19:37:01.437] [DEBUG] 今日头条 - 广东小伙说粤语挑衅来东北收购ktv，老板一下子叫出来8个保安
[2016-11-27 19:37:01.701] [DEBUG] 今日头条 - YY小白龙被打原因曝光
[2016-11-27 19:37:01.704] [DEBUG] 今日头条 - 只有迪拜土豪养老虎？
[2016-11-27 19:37:01.885] [DEBUG] 今日头条 - 广东小伙挑衅，来东北收购ktv，老板一下子叫出来8个保安
[2016-11-27 19:37:01.891] [DEBUG] 今日头条 - 南方小伙田间偶遇黑熊，居然讨要食物
[2016-11-27 19:37:02.087] [DEBUG] 今日头条 - 只有迪拜土豪养老虎？南方小伙大街上溜虎
[2016-11-27 19:37:02.091] [DEBUG] 今日头条 - 公园清晨偶遇美女，我要不要下手？
[2016-11-27 19:37:02.353] [DEBUG] 今日头条 - 南方小伙田间偶遇黑熊，居然讨要食物
[2016-11-27 19:37:02.357] [DEBUG] 今日头条 - 东北小伙吃辣椒南方小伙不服气，又吃大葱又吃姜最后喝一瓶辣椒油
[2016-11-27 19:37:02.550] [DEBUG] 今日头条 - 公园清晨偶遇美女，我要不要下手？
[2016-11-27 19:37:02.554] [DEBUG] 今日头条 - 美国黑社会暴打中情局警察就是这么随意
[2016-11-27 19:37:02.730] [DEBUG] 今日头条 - 东北小伙吃辣椒南方小伙不服气，又吃大葱又吃姜最后喝一瓶辣椒油
[2016-11-27 19:37:02.734] [DEBUG] 今日头条 - 广州酒吧冒死偷拍
[2016-11-27 19:37:02.925] [DEBUG] 今日头条 - 美国黑社会暴打中情局警察就是这么随意
[2016-11-27 19:37:02.928] [DEBUG] 今日头条 - 广州街头偶遇广场舞王，这舞姿没谁了
[2016-11-27 19:37:03.149] [DEBUG] 今日头条 - 广州酒吧冒死偷拍
[2016-11-27 19:37:03.152] [DEBUG] 今日头条 - 杜海涛化身爱狗人士，放狗不看主人 反黑社会车主暴打
[2016-11-27 19:37:03.324] [DEBUG] 今日头条 - 广州街头偶遇广场舞王，这舞姿没谁了
[2016-11-27 19:37:03.327] [DEBUG] 今日头条 - 港片中的黑帮老大五虎将 周润发竟只排第二
[2016-11-27 19:37:03.481] [DEBUG] 今日头条 - 杜海涛化身爱狗人士，放狗不看主人 反黑社会车主暴打
[2016-11-27 19:37:03.485] [DEBUG] 今日头条 - 黑社会交易不给钱，黑帮老大居然让一个女人摆平了
[2016-11-27 19:37:03.753] [DEBUG] 今日头条 - 香港片中的黑帮老大、黑社会大哥、五虎将 周润发竟只排第二
[2016-11-27 19:37:03.757] [DEBUG] 今日头条 - 拍摄真人秀整蛊路人 结果惹上黑帮 五个彪形大汉强行扒衣服裸奔
[2016-11-27 19:37:03.934] [DEBUG] 今日头条 - 黑社会交易不给钱，黑帮老大居然让一个女人摆平了
[2016-11-27 19:37:03.938] [DEBUG] 今日头条 - 武林英雄围攻弱女子，一曲天魔音走不出八步就倒地身亡！
