[2016-11-26 21:39:05.754] [TRACE] 今日头条 - DealWith instantiation ...
[2016-11-26 21:39:05.754] [TRACE] 今日头条 - spiderCore instantiation ...
[2016-11-26 21:39:05.764] [TRACE] 今日头条 - 启动函数
[2016-11-26 21:39:05.794] [DEBUG] 今日头条 - 任务信息数据库连接建立...成功
[2016-11-26 21:39:05.794] [DEBUG] 今日头条 - 缓存队列数据库连接建立...成功
[2016-11-26 21:39:05.794] [DEBUG] 今日头条 - 创建数据库连接完毕
[2016-11-26 21:39:05.794] [INFO] 今日头条 - { p: '6', id: '6518345701', name: '共赏雅俗' }
[2016-11-26 21:39:06.168] [DEBUG] 今日头条 - ------[object Object]------
[2016-11-26 21:39:06.329] [DEBUG] 今日头条 - ------[object Object]------
[2016-11-26 21:39:06.500] [DEBUG] 今日头条 - ------[object Object]------
[2016-11-26 21:39:06.650] [DEBUG] 今日头条 - ------[object Object]------
[2016-11-26 21:39:06.821] [DEBUG] 今日头条 - ------[object Object]------
[2016-11-26 21:39:06.980] [DEBUG] 今日头条 - ------[object Object]------
[2016-11-26 21:39:07.150] [DEBUG] 今日头条 - ------[object Object]------
[2016-11-26 21:39:07.316] [DEBUG] 今日头条 - ------[object Object]------
[2016-11-26 21:39:07.480] [DEBUG] 今日头条 - ------[object Object]------
[2016-11-26 21:39:07.620] [DEBUG] 今日头条 - ------[object Object]------
[2016-11-26 21:39:07.887] [DEBUG] 今日头条 - ------[object Object]------
[2016-11-26 21:39:08.030] [DEBUG] 今日头条 - ------[object Object]------
[2016-11-26 21:39:08.184] [DEBUG] 今日头条 - ------[object Object]------
[2016-11-26 21:39:08.342] [DEBUG] 今日头条 - ------[object Object]------
[2016-11-26 21:39:08.509] [DEBUG] 今日头条 - ------[object Object]------
[2016-11-26 21:39:08.670] [DEBUG] 今日头条 - ------[object Object]------
[2016-11-26 21:39:08.861] [DEBUG] 今日头条 - ------[object Object]------
[2016-11-26 21:39:09.050] [DEBUG] 今日头条 - ------[object Object]------
