[2016-11-26 23:16:02.052] [TRACE] 今日头条 - DealWith instantiation ...
[2016-11-26 23:16:02.052] [TRACE] 今日头条 - spiderCore instantiation ...
[2016-11-26 23:16:02.052] [TRACE] 今日头条 - 启动函数
[2016-11-26 23:16:02.084] [DEBUG] 今日头条 - 任务信息数据库连接建立...成功
[2016-11-26 23:16:02.084] [DEBUG] 今日头条 - 缓存队列数据库连接建立...成功
[2016-11-26 23:16:02.084] [DEBUG] 今日头条 - 创建数据库连接完毕
[2016-11-26 23:16:02.094] [INFO] 今日头条 - { p: '6', id: '6518345701', name: '共赏雅俗' }
[2016-11-26 23:16:02.408] [DEBUG] 今日头条 - 真人真事：新婚19天，新娘竟遭如此厄运
[2016-11-26 23:16:02.825] [DEBUG] 今日头条 - 真人真事：新婚19天，新娘竟遭如此厄运
[2016-11-26 23:16:03.139] [DEBUG] 今日头条 - 真人真事：新婚19天，新娘竟遭如此厄运
[2016-11-26 23:16:03.502] [DEBUG] 今日头条 - 真人真事：新婚19天，新娘竟遭如此厄运
[2016-11-26 23:16:03.795] [DEBUG] 今日头条 - 真人真事：新婚19天，新娘竟遭如此厄运
[2016-11-26 23:16:04.112] [DEBUG] 今日头条 - 真人真事：新婚19天，新娘竟遭如此厄运
[2016-11-26 23:16:04.815] [DEBUG] 今日头条 - 真人真事：新婚19天，新娘竟遭如此厄运
[2016-11-26 23:16:05.083] [DEBUG] 今日头条 - 真人真事：新婚19天，新娘竟遭如此厄运
[2016-11-26 23:16:05.395] [DEBUG] 今日头条 - 真人真事：新婚19天，新娘竟遭如此厄运
[2016-11-26 23:16:05.645] [DEBUG] 今日头条 - 真人真事：新婚19天，新娘竟遭如此厄运
[2016-11-26 23:16:06.029] [DEBUG] 今日头条 - 真人真事：新婚19天，新娘竟遭如此厄运
[2016-11-26 23:16:06.471] [DEBUG] 今日头条 - 真人真事：新婚19天，新娘竟遭如此厄运
[2016-11-26 23:16:06.827] [DEBUG] 今日头条 - 真人真事：新婚19天，新娘竟遭如此厄运
[2016-11-26 23:16:07.272] [DEBUG] 今日头条 - 真人真事：新婚19天，新娘竟遭如此厄运
[2016-11-26 23:16:07.740] [DEBUG] 今日头条 - 真人真事：新婚19天，新娘竟遭如此厄运
[2016-11-26 23:16:08.022] [DEBUG] 今日头条 - 真人真事：新婚19天，新娘竟遭如此厄运
[2016-11-26 23:16:08.395] [DEBUG] 今日头条 - 真人真事：新婚19天，新娘竟遭如此厄运
[2016-11-26 23:16:08.772] [DEBUG] 今日头条 - 真人真事：新婚19天，新娘竟遭如此厄运
[2016-11-26 23:16:09.149] [DEBUG] 今日头条 - 真人真事：新婚19天，新娘竟遭如此厄运
