[2016-11-26 23:23:03.890] [TRACE] 今日头条 - DealWith instantiation ...
[2016-11-26 23:23:03.900] [TRACE] 今日头条 - spiderCore instantiation ...
[2016-11-26 23:23:03.900] [TRACE] 今日头条 - 启动函数
[2016-11-26 23:23:03.931] [DEBUG] 今日头条 - 任务信息数据库连接建立...成功
[2016-11-26 23:23:03.934] [DEBUG] 今日头条 - 缓存队列数据库连接建立...成功
[2016-11-26 23:23:03.936] [DEBUG] 今日头条 - 创建数据库连接完毕
[2016-11-26 23:23:03.937] [INFO] 今日头条 - { p: '6', id: '6518345701', name: '共赏雅俗' }
[2016-11-26 23:23:04.254] [DEBUG] 今日头条 - 真人真事：新婚19天，新娘竟遭如此厄运
[2016-11-26 23:23:04.259] [DEBUG] 今日头条 - 周总理知道有人要暗杀自己时，顿时拍桌子说了这番话
[2016-11-26 23:23:04.262] [DEBUG] 今日头条 - 《功夫》的这些片段都没在电影院看到，可惜了
[2016-11-26 23:23:04.267] [DEBUG] 今日头条 - 周总理向主席报告林彪出逃，主席说的最后一句话最霸气
[2016-11-26 23:23:04.271] [DEBUG] 今日头条 - 小夫妻忙造人，可把门外的丈母娘急坏了
[2016-11-26 23:23:04.274] [DEBUG] 今日头条 - 两个孩子同时出生，但一生下来就明显有了差距
[2016-11-26 23:23:04.277] [DEBUG] 今日头条 - 女子空姐面试，当考官的老公吓得坐到了地上
[2016-11-26 23:23:04.280] [DEBUG] 今日头条 - 农村人是这么纪念毛主席逝世的
[2016-11-26 23:23:04.281] [DEBUG] 今日头条 - 姑娘深夜独自在家，发生的这些事让人害怕
[2016-11-26 23:23:04.283] [DEBUG] 今日头条 - 农村小伙深夜被女老板教如何服务客人
[2016-11-26 23:23:04.376] [DEBUG] 今日头条 - 真人真事：新婚19天，新娘竟遭如此厄运
[2016-11-26 23:23:04.376] [DEBUG] 今日头条 - 周总理知道有人要暗杀自己时，顿时拍桌子说了这番话
[2016-11-26 23:23:04.376] [DEBUG] 今日头条 - 《功夫》的这些片段都没在电影院看到，可惜了
[2016-11-26 23:23:04.376] [DEBUG] 今日头条 - 周总理向主席报告林彪出逃，主席说的最后一句话最霸气
[2016-11-26 23:23:04.376] [DEBUG] 今日头条 - 小夫妻忙造人，可把门外的丈母娘急坏了
[2016-11-26 23:23:04.376] [DEBUG] 今日头条 - 两个孩子同时出生，但一生下来就明显有了差距
[2016-11-26 23:23:04.386] [DEBUG] 今日头条 - 女子空姐面试，当考官的老公吓得坐到了地上
[2016-11-26 23:23:04.386] [DEBUG] 今日头条 - 农村人是这么纪念毛主席逝世的
[2016-11-26 23:23:04.398] [DEBUG] 今日头条 - 姑娘深夜独自在家，发生的这些事让人害怕
[2016-11-26 23:23:04.399] [DEBUG] 今日头条 - 农村小伙深夜被女老板教如何服务客人
[2016-11-26 23:23:04.486] [DEBUG] 今日头条 - 真人真事：新婚19天，新娘竟遭如此厄运
[2016-11-26 23:23:04.486] [DEBUG] 今日头条 - 周总理知道有人要暗杀自己时，顿时拍桌子说了这番话
[2016-11-26 23:23:04.496] [DEBUG] 今日头条 - 《功夫》的这些片段都没在电影院看到，可惜了
[2016-11-26 23:23:04.496] [DEBUG] 今日头条 - 周总理向主席报告林彪出逃，主席说的最后一句话最霸气
[2016-11-26 23:23:04.496] [DEBUG] 今日头条 - 小夫妻忙造人，可把门外的丈母娘急坏了
[2016-11-26 23:23:04.496] [DEBUG] 今日头条 - 两个孩子同时出生，但一生下来就明显有了差距
[2016-11-26 23:23:04.506] [DEBUG] 今日头条 - 女子空姐面试，当考官的老公吓得坐到了地上
[2016-11-26 23:23:04.506] [DEBUG] 今日头条 - 农村人是这么纪念毛主席逝世的
[2016-11-26 23:23:04.506] [DEBUG] 今日头条 - 姑娘深夜独自在家，发生的这些事让人害怕
[2016-11-26 23:23:04.506] [DEBUG] 今日头条 - 农村小伙深夜被女老板教如何服务客人
[2016-11-26 23:23:04.546] [DEBUG] 今日头条 - 真人真事：新婚19天，新娘竟遭如此厄运
[2016-11-26 23:23:04.556] [DEBUG] 今日头条 - 周总理知道有人要暗杀自己时，顿时拍桌子说了这番话
[2016-11-26 23:23:04.556] [DEBUG] 今日头条 - 《功夫》的这些片段都没在电影院看到，可惜了
[2016-11-26 23:23:04.566] [DEBUG] 今日头条 - 周总理向主席报告林彪出逃，主席说的最后一句话最霸气
[2016-11-26 23:23:04.566] [DEBUG] 今日头条 - 小夫妻忙造人，可把门外的丈母娘急坏了
[2016-11-26 23:23:04.577] [DEBUG] 今日头条 - 两个孩子同时出生，但一生下来就明显有了差距
[2016-11-26 23:23:04.577] [DEBUG] 今日头条 - 女子空姐面试，当考官的老公吓得坐到了地上
[2016-11-26 23:23:04.577] [DEBUG] 今日头条 - 农村人是这么纪念毛主席逝世的
[2016-11-26 23:23:04.587] [DEBUG] 今日头条 - 姑娘深夜独自在家，发生的这些事让人害怕
[2016-11-26 23:23:04.587] [DEBUG] 今日头条 - 农村小伙深夜被女老板教如何服务客人
[2016-11-26 23:23:04.687] [DEBUG] 今日头条 - 真人真事：新婚19天，新娘竟遭如此厄运
[2016-11-26 23:23:04.687] [DEBUG] 今日头条 - 周总理知道有人要暗杀自己时，顿时拍桌子说了这番话
[2016-11-26 23:23:04.697] [DEBUG] 今日头条 - 《功夫》的这些片段都没在电影院看到，可惜了
[2016-11-26 23:23:04.697] [DEBUG] 今日头条 - 周总理向主席报告林彪出逃，主席说的最后一句话最霸气
[2016-11-26 23:23:04.697] [DEBUG] 今日头条 - 小夫妻忙造人，可把门外的丈母娘急坏了
[2016-11-26 23:23:04.707] [DEBUG] 今日头条 - 两个孩子同时出生，但一生下来就明显有了差距
[2016-11-26 23:23:04.707] [DEBUG] 今日头条 - 女子空姐面试，当考官的老公吓得坐到了地上
[2016-11-26 23:23:04.707] [DEBUG] 今日头条 - 农村人是这么纪念毛主席逝世的
[2016-11-26 23:23:04.717] [DEBUG] 今日头条 - 姑娘深夜独自在家，发生的这些事让人害怕
[2016-11-26 23:23:04.717] [DEBUG] 今日头条 - 农村小伙深夜被女老板教如何服务客人
[2016-11-26 23:23:04.800] [DEBUG] 今日头条 - 真人真事：新婚19天，新娘竟遭如此厄运
[2016-11-26 23:23:04.810] [DEBUG] 今日头条 - 周总理知道有人要暗杀自己时，顿时拍桌子说了这番话
[2016-11-26 23:23:04.810] [DEBUG] 今日头条 - 《功夫》的这些片段都没在电影院看到，可惜了
[2016-11-26 23:23:04.820] [DEBUG] 今日头条 - 周总理向主席报告林彪出逃，主席说的最后一句话最霸气
[2016-11-26 23:23:04.820] [DEBUG] 今日头条 - 小夫妻忙造人，可把门外的丈母娘急坏了
[2016-11-26 23:23:04.820] [DEBUG] 今日头条 - 两个孩子同时出生，但一生下来就明显有了差距
[2016-11-26 23:23:04.830] [DEBUG] 今日头条 - 女子空姐面试，当考官的老公吓得坐到了地上
[2016-11-26 23:23:04.830] [DEBUG] 今日头条 - 农村人是这么纪念毛主席逝世的
[2016-11-26 23:23:04.830] [DEBUG] 今日头条 - 姑娘深夜独自在家，发生的这些事让人害怕
[2016-11-26 23:23:04.840] [DEBUG] 今日头条 - 农村小伙深夜被女老板教如何服务客人
[2016-11-26 23:23:04.933] [DEBUG] 今日头条 - 真人真事：新婚19天，新娘竟遭如此厄运
[2016-11-26 23:23:04.937] [DEBUG] 今日头条 - 周总理知道有人要暗杀自己时，顿时拍桌子说了这番话
[2016-11-26 23:23:04.941] [DEBUG] 今日头条 - 《功夫》的这些片段都没在电影院看到，可惜了
[2016-11-26 23:23:04.944] [DEBUG] 今日头条 - 周总理向主席报告林彪出逃，主席说的最后一句话最霸气
[2016-11-26 23:23:04.948] [DEBUG] 今日头条 - 小夫妻忙造人，可把门外的丈母娘急坏了
[2016-11-26 23:23:04.951] [DEBUG] 今日头条 - 两个孩子同时出生，但一生下来就明显有了差距
[2016-11-26 23:23:04.955] [DEBUG] 今日头条 - 女子空姐面试，当考官的老公吓得坐到了地上
[2016-11-26 23:23:04.958] [DEBUG] 今日头条 - 农村人是这么纪念毛主席逝世的
[2016-11-26 23:23:04.958] [DEBUG] 今日头条 - 姑娘深夜独自在家，发生的这些事让人害怕
[2016-11-26 23:23:04.958] [DEBUG] 今日头条 - 农村小伙深夜被女老板教如何服务客人
[2016-11-26 23:23:05.140] [DEBUG] 今日头条 - 真人真事：新婚19天，新娘竟遭如此厄运
[2016-11-26 23:23:05.150] [DEBUG] 今日头条 - 周总理知道有人要暗杀自己时，顿时拍桌子说了这番话
[2016-11-26 23:23:05.150] [DEBUG] 今日头条 - 《功夫》的这些片段都没在电影院看到，可惜了
[2016-11-26 23:23:05.160] [DEBUG] 今日头条 - 周总理向主席报告林彪出逃，主席说的最后一句话最霸气
[2016-11-26 23:23:05.160] [DEBUG] 今日头条 - 小夫妻忙造人，可把门外的丈母娘急坏了
[2016-11-26 23:23:05.170] [DEBUG] 今日头条 - 两个孩子同时出生，但一生下来就明显有了差距
[2016-11-26 23:23:05.170] [DEBUG] 今日头条 - 女子空姐面试，当考官的老公吓得坐到了地上
[2016-11-26 23:23:05.180] [DEBUG] 今日头条 - 农村人是这么纪念毛主席逝世的
[2016-11-26 23:23:05.180] [DEBUG] 今日头条 - 姑娘深夜独自在家，发生的这些事让人害怕
[2016-11-26 23:23:05.180] [DEBUG] 今日头条 - 农村小伙深夜被女老板教如何服务客人
[2016-11-26 23:23:05.274] [DEBUG] 今日头条 - 真人真事：新婚19天，新娘竟遭如此厄运
[2016-11-26 23:23:05.278] [DEBUG] 今日头条 - 周总理知道有人要暗杀自己时，顿时拍桌子说了这番话
[2016-11-26 23:23:05.281] [DEBUG] 今日头条 - 《功夫》的这些片段都没在电影院看到，可惜了
[2016-11-26 23:23:05.284] [DEBUG] 今日头条 - 周总理向主席报告林彪出逃，主席说的最后一句话最霸气
[2016-11-26 23:23:05.288] [DEBUG] 今日头条 - 小夫妻忙造人，可把门外的丈母娘急坏了
[2016-11-26 23:23:05.292] [DEBUG] 今日头条 - 两个孩子同时出生，但一生下来就明显有了差距
[2016-11-26 23:23:05.296] [DEBUG] 今日头条 - 女子空姐面试，当考官的老公吓得坐到了地上
[2016-11-26 23:23:05.299] [DEBUG] 今日头条 - 农村人是这么纪念毛主席逝世的
[2016-11-26 23:23:05.300] [DEBUG] 今日头条 - 姑娘深夜独自在家，发生的这些事让人害怕
[2016-11-26 23:23:05.300] [DEBUG] 今日头条 - 农村小伙深夜被女老板教如何服务客人
[2016-11-26 23:23:05.330] [DEBUG] 今日头条 - 真人真事：新婚19天，新娘竟遭如此厄运
[2016-11-26 23:23:05.330] [DEBUG] 今日头条 - 周总理知道有人要暗杀自己时，顿时拍桌子说了这番话
[2016-11-26 23:23:05.330] [DEBUG] 今日头条 - 《功夫》的这些片段都没在电影院看到，可惜了
[2016-11-26 23:23:05.340] [DEBUG] 今日头条 - 周总理向主席报告林彪出逃，主席说的最后一句话最霸气
[2016-11-26 23:23:05.340] [DEBUG] 今日头条 - 小夫妻忙造人，可把门外的丈母娘急坏了
[2016-11-26 23:23:05.340] [DEBUG] 今日头条 - 两个孩子同时出生，但一生下来就明显有了差距
[2016-11-26 23:23:05.340] [DEBUG] 今日头条 - 女子空姐面试，当考官的老公吓得坐到了地上
[2016-11-26 23:23:05.350] [DEBUG] 今日头条 - 农村人是这么纪念毛主席逝世的
[2016-11-26 23:23:05.350] [DEBUG] 今日头条 - 姑娘深夜独自在家，发生的这些事让人害怕
[2016-11-26 23:23:05.350] [DEBUG] 今日头条 - 农村小伙深夜被女老板教如何服务客人
[2016-11-26 23:23:05.585] [DEBUG] 今日头条 - 真人真事：新婚19天，新娘竟遭如此厄运
[2016-11-26 23:23:05.595] [DEBUG] 今日头条 - 周总理知道有人要暗杀自己时，顿时拍桌子说了这番话
[2016-11-26 23:23:05.595] [DEBUG] 今日头条 - 《功夫》的这些片段都没在电影院看到，可惜了
[2016-11-26 23:23:05.595] [DEBUG] 今日头条 - 周总理向主席报告林彪出逃，主席说的最后一句话最霸气
[2016-11-26 23:23:05.605] [DEBUG] 今日头条 - 小夫妻忙造人，可把门外的丈母娘急坏了
[2016-11-26 23:23:05.605] [DEBUG] 今日头条 - 两个孩子同时出生，但一生下来就明显有了差距
[2016-11-26 23:23:05.605] [DEBUG] 今日头条 - 女子空姐面试，当考官的老公吓得坐到了地上
[2016-11-26 23:23:05.615] [DEBUG] 今日头条 - 农村人是这么纪念毛主席逝世的
[2016-11-26 23:23:05.615] [DEBUG] 今日头条 - 姑娘深夜独自在家，发生的这些事让人害怕
[2016-11-26 23:23:05.615] [DEBUG] 今日头条 - 农村小伙深夜被女老板教如何服务客人
[2016-11-26 23:23:05.655] [DEBUG] 今日头条 - 真人真事：新婚19天，新娘竟遭如此厄运
[2016-11-26 23:23:05.655] [DEBUG] 今日头条 - 周总理知道有人要暗杀自己时，顿时拍桌子说了这番话
[2016-11-26 23:23:05.655] [DEBUG] 今日头条 - 《功夫》的这些片段都没在电影院看到，可惜了
[2016-11-26 23:23:05.665] [DEBUG] 今日头条 - 周总理向主席报告林彪出逃，主席说的最后一句话最霸气
[2016-11-26 23:23:05.665] [DEBUG] 今日头条 - 小夫妻忙造人，可把门外的丈母娘急坏了
[2016-11-26 23:23:05.665] [DEBUG] 今日头条 - 两个孩子同时出生，但一生下来就明显有了差距
[2016-11-26 23:23:05.665] [DEBUG] 今日头条 - 女子空姐面试，当考官的老公吓得坐到了地上
[2016-11-26 23:23:05.665] [DEBUG] 今日头条 - 农村人是这么纪念毛主席逝世的
[2016-11-26 23:23:05.675] [DEBUG] 今日头条 - 姑娘深夜独自在家，发生的这些事让人害怕
[2016-11-26 23:23:05.675] [DEBUG] 今日头条 - 农村小伙深夜被女老板教如何服务客人
[2016-11-26 23:23:05.772] [DEBUG] 今日头条 - 真人真事：新婚19天，新娘竟遭如此厄运
[2016-11-26 23:23:05.778] [DEBUG] 今日头条 - 周总理知道有人要暗杀自己时，顿时拍桌子说了这番话
[2016-11-26 23:23:05.781] [DEBUG] 今日头条 - 《功夫》的这些片段都没在电影院看到，可惜了
[2016-11-26 23:23:05.783] [DEBUG] 今日头条 - 周总理向主席报告林彪出逃，主席说的最后一句话最霸气
[2016-11-26 23:23:05.787] [DEBUG] 今日头条 - 小夫妻忙造人，可把门外的丈母娘急坏了
[2016-11-26 23:23:05.800] [DEBUG] 今日头条 - 两个孩子同时出生，但一生下来就明显有了差距
[2016-11-26 23:23:05.800] [DEBUG] 今日头条 - 女子空姐面试，当考官的老公吓得坐到了地上
[2016-11-26 23:23:05.800] [DEBUG] 今日头条 - 农村人是这么纪念毛主席逝世的
[2016-11-26 23:23:05.800] [DEBUG] 今日头条 - 姑娘深夜独自在家，发生的这些事让人害怕
[2016-11-26 23:23:05.800] [DEBUG] 今日头条 - 农村小伙深夜被女老板教如何服务客人
[2016-11-26 23:23:05.910] [DEBUG] 今日头条 - 真人真事：新婚19天，新娘竟遭如此厄运
[2016-11-26 23:23:05.910] [DEBUG] 今日头条 - 周总理知道有人要暗杀自己时，顿时拍桌子说了这番话
[2016-11-26 23:23:05.910] [DEBUG] 今日头条 - 《功夫》的这些片段都没在电影院看到，可惜了
[2016-11-26 23:23:05.920] [DEBUG] 今日头条 - 周总理向主席报告林彪出逃，主席说的最后一句话最霸气
[2016-11-26 23:23:05.924] [DEBUG] 今日头条 - 小夫妻忙造人，可把门外的丈母娘急坏了
[2016-11-26 23:23:05.927] [DEBUG] 今日头条 - 两个孩子同时出生，但一生下来就明显有了差距
[2016-11-26 23:23:05.930] [DEBUG] 今日头条 - 女子空姐面试，当考官的老公吓得坐到了地上
[2016-11-26 23:23:05.932] [DEBUG] 今日头条 - 农村人是这么纪念毛主席逝世的
[2016-11-26 23:23:05.934] [DEBUG] 今日头条 - 姑娘深夜独自在家，发生的这些事让人害怕
[2016-11-26 23:23:05.936] [DEBUG] 今日头条 - 农村小伙深夜被女老板教如何服务客人
[2016-11-26 23:23:05.976] [DEBUG] 今日头条 - 真人真事：新婚19天，新娘竟遭如此厄运
[2016-11-26 23:23:05.978] [DEBUG] 今日头条 - 周总理知道有人要暗杀自己时，顿时拍桌子说了这番话
[2016-11-26 23:23:05.980] [DEBUG] 今日头条 - 《功夫》的这些片段都没在电影院看到，可惜了
[2016-11-26 23:23:05.983] [DEBUG] 今日头条 - 周总理向主席报告林彪出逃，主席说的最后一句话最霸气
[2016-11-26 23:23:05.983] [DEBUG] 今日头条 - 小夫妻忙造人，可把门外的丈母娘急坏了
[2016-11-26 23:23:05.983] [DEBUG] 今日头条 - 两个孩子同时出生，但一生下来就明显有了差距
[2016-11-26 23:23:05.983] [DEBUG] 今日头条 - 女子空姐面试，当考官的老公吓得坐到了地上
[2016-11-26 23:23:05.983] [DEBUG] 今日头条 - 农村人是这么纪念毛主席逝世的
[2016-11-26 23:23:05.983] [DEBUG] 今日头条 - 姑娘深夜独自在家，发生的这些事让人害怕
[2016-11-26 23:23:05.993] [DEBUG] 今日头条 - 农村小伙深夜被女老板教如何服务客人
[2016-11-26 23:23:06.084] [DEBUG] 今日头条 - 真人真事：新婚19天，新娘竟遭如此厄运
[2016-11-26 23:23:06.084] [DEBUG] 今日头条 - 周总理知道有人要暗杀自己时，顿时拍桌子说了这番话
[2016-11-26 23:23:06.094] [DEBUG] 今日头条 - 《功夫》的这些片段都没在电影院看到，可惜了
[2016-11-26 23:23:06.094] [DEBUG] 今日头条 - 周总理向主席报告林彪出逃，主席说的最后一句话最霸气
[2016-11-26 23:23:06.094] [DEBUG] 今日头条 - 小夫妻忙造人，可把门外的丈母娘急坏了
[2016-11-26 23:23:06.094] [DEBUG] 今日头条 - 两个孩子同时出生，但一生下来就明显有了差距
[2016-11-26 23:23:06.104] [DEBUG] 今日头条 - 女子空姐面试，当考官的老公吓得坐到了地上
[2016-11-26 23:23:06.104] [DEBUG] 今日头条 - 农村人是这么纪念毛主席逝世的
[2016-11-26 23:23:06.104] [DEBUG] 今日头条 - 姑娘深夜独自在家，发生的这些事让人害怕
[2016-11-26 23:23:06.114] [DEBUG] 今日头条 - 农村小伙深夜被女老板教如何服务客人
[2016-11-26 23:23:06.184] [DEBUG] 今日头条 - 真人真事：新婚19天，新娘竟遭如此厄运
[2016-11-26 23:23:06.194] [DEBUG] 今日头条 - 周总理知道有人要暗杀自己时，顿时拍桌子说了这番话
[2016-11-26 23:23:06.194] [DEBUG] 今日头条 - 《功夫》的这些片段都没在电影院看到，可惜了
[2016-11-26 23:23:06.204] [DEBUG] 今日头条 - 周总理向主席报告林彪出逃，主席说的最后一句话最霸气
[2016-11-26 23:23:06.214] [DEBUG] 今日头条 - 小夫妻忙造人，可把门外的丈母娘急坏了
[2016-11-26 23:23:06.214] [DEBUG] 今日头条 - 两个孩子同时出生，但一生下来就明显有了差距
[2016-11-26 23:23:06.224] [DEBUG] 今日头条 - 女子空姐面试，当考官的老公吓得坐到了地上
[2016-11-26 23:23:06.224] [DEBUG] 今日头条 - 农村人是这么纪念毛主席逝世的
[2016-11-26 23:23:06.236] [DEBUG] 今日头条 - 姑娘深夜独自在家，发生的这些事让人害怕
[2016-11-26 23:23:06.239] [DEBUG] 今日头条 - 农村小伙深夜被女老板教如何服务客人
