[2016-11-26 23:22:10.049] [TRACE] 今日头条 - DealWith instantiation ...
[2016-11-26 23:22:10.059] [TRACE] 今日头条 - spiderCore instantiation ...
[2016-11-26 23:22:10.059] [TRACE] 今日头条 - 启动函数
[2016-11-26 23:22:10.092] [DEBUG] 今日头条 - 任务信息数据库连接建立...成功
[2016-11-26 23:22:10.092] [DEBUG] 今日头条 - 缓存队列数据库连接建立...成功
[2016-11-26 23:22:10.092] [DEBUG] 今日头条 - 创建数据库连接完毕
[2016-11-26 23:22:10.092] [INFO] 今日头条 - { p: '6', id: '6518345701', name: '共赏雅俗' }
[2016-11-26 23:22:10.399] [DEBUG] 今日头条 - 真人真事：新婚19天，新娘竟遭如此厄运
[2016-11-26 23:22:10.530] [DEBUG] 今日头条 - 真人真事：新婚19天，新娘竟遭如此厄运
[2016-11-26 23:22:10.590] [DEBUG] 今日头条 - 真人真事：新婚19天，新娘竟遭如此厄运
[2016-11-26 23:22:10.710] [DEBUG] 今日头条 - 真人真事：新婚19天，新娘竟遭如此厄运
[2016-11-26 23:22:10.783] [DEBUG] 今日头条 - 真人真事：新婚19天，新娘竟遭如此厄运
[2016-11-26 23:22:10.879] [DEBUG] 今日头条 - 真人真事：新婚19天，新娘竟遭如此厄运
[2016-11-26 23:22:11.026] [DEBUG] 今日头条 - 真人真事：新婚19天，新娘竟遭如此厄运
[2016-11-26 23:22:11.118] [DEBUG] 今日头条 - 真人真事：新婚19天，新娘竟遭如此厄运
[2016-11-26 23:22:11.235] [DEBUG] 今日头条 - 真人真事：新婚19天，新娘竟遭如此厄运
[2016-11-26 23:22:11.359] [DEBUG] 今日头条 - 真人真事：新婚19天，新娘竟遭如此厄运
[2016-11-26 23:22:11.536] [DEBUG] 今日头条 - 真人真事：新婚19天，新娘竟遭如此厄运
[2016-11-26 23:22:11.627] [DEBUG] 今日头条 - 真人真事：新婚19天，新娘竟遭如此厄运
[2016-11-26 23:22:11.677] [DEBUG] 今日头条 - 真人真事：新婚19天，新娘竟遭如此厄运
[2016-11-26 23:22:11.787] [DEBUG] 今日头条 - 真人真事：新婚19天，新娘竟遭如此厄运
[2016-11-26 23:22:11.879] [DEBUG] 今日头条 - 真人真事：新婚19天，新娘竟遭如此厄运
[2016-11-26 23:22:11.960] [DEBUG] 今日头条 - 真人真事：新婚19天，新娘竟遭如此厄运
[2016-11-26 23:22:12.022] [DEBUG] 今日头条 - 真人真事：新婚19天，新娘竟遭如此厄运
[2016-11-26 23:22:12.133] [DEBUG] 今日头条 - 真人真事：新婚19天，新娘竟遭如此厄运
[2016-11-26 23:22:12.213] [DEBUG] 今日头条 - 真人真事：新婚19天，新娘竟遭如此厄运
[2016-11-26 23:22:12.359] [DEBUG] 今日头条 - 真人真事：新婚19天，新娘竟遭如此厄运
[2016-11-26 23:22:12.606] [DEBUG] 今日头条 - 真人真事：新婚19天，新娘竟遭如此厄运
[2016-11-26 23:22:12.777] [DEBUG] 今日头条 - 真人真事：新婚19天，新娘竟遭如此厄运
[2016-11-26 23:22:12.953] [DEBUG] 今日头条 - 真人真事：新婚19天，新娘竟遭如此厄运
[2016-11-26 23:22:13.087] [DEBUG] 今日头条 - 真人真事：新婚19天，新娘竟遭如此厄运
[2016-11-26 23:22:13.273] [DEBUG] 今日头条 - 真人真事：新婚19天，新娘竟遭如此厄运
[2016-11-26 23:22:13.456] [DEBUG] 今日头条 - 真人真事：新婚19天，新娘竟遭如此厄运
[2016-11-26 23:22:13.647] [DEBUG] 今日头条 - 真人真事：新婚19天，新娘竟遭如此厄运
[2016-11-26 23:22:13.899] [DEBUG] 今日头条 - 真人真事：新婚19天，新娘竟遭如此厄运
[2016-11-26 23:22:14.127] [DEBUG] 今日头条 - 真人真事：新婚19天，新娘竟遭如此厄运
[2016-11-26 23:22:14.283] [DEBUG] 今日头条 - 真人真事：新婚19天，新娘竟遭如此厄运
[2016-11-26 23:22:14.569] [DEBUG] 今日头条 - 真人真事：新婚19天，新娘竟遭如此厄运
[2016-11-26 23:22:14.777] [DEBUG] 今日头条 - 真人真事：新婚19天，新娘竟遭如此厄运
[2016-11-26 23:22:14.909] [DEBUG] 今日头条 - 真人真事：新婚19天，新娘竟遭如此厄运
[2016-11-26 23:22:15.052] [DEBUG] 今日头条 - 真人真事：新婚19天，新娘竟遭如此厄运
[2016-11-26 23:22:15.268] [DEBUG] 今日头条 - 真人真事：新婚19天，新娘竟遭如此厄运
[2016-11-26 23:22:15.636] [DEBUG] 今日头条 - 真人真事：新婚19天，新娘竟遭如此厄运
[2016-11-26 23:22:15.676] [DEBUG] 今日头条 - 真人真事：新婚19天，新娘竟遭如此厄运
[2016-11-26 23:22:15.886] [DEBUG] 今日头条 - 真人真事：新婚19天，新娘竟遭如此厄运
[2016-11-26 23:22:16.066] [DEBUG] 今日头条 - 真人真事：新婚19天，新娘竟遭如此厄运
[2016-11-26 23:22:16.233] [DEBUG] 今日头条 - 真人真事：新婚19天，新娘竟遭如此厄运
[2016-11-26 23:22:16.486] [DEBUG] 今日头条 - 真人真事：新婚19天，新娘竟遭如此厄运
[2016-11-26 23:22:16.677] [DEBUG] 今日头条 - 真人真事：新婚19天，新娘竟遭如此厄运
[2016-11-26 23:22:16.888] [DEBUG] 今日头条 - 真人真事：新婚19天，新娘竟遭如此厄运
