[2016-11-27 16:55:32.154] [TRACE] 今日头条 - DealWith instantiation ...
[2016-11-27 16:55:32.161] [TRACE] 今日头条 - spiderCore instantiation ...
[2016-11-27 16:55:32.163] [TRACE] 今日头条 - 启动函数
[2016-11-27 16:55:32.191] [DEBUG] 今日头条 - 任务信息数据库连接建立...成功
[2016-11-27 16:55:32.193] [DEBUG] 今日头条 - 缓存队列数据库连接建立...成功
[2016-11-27 16:55:32.195] [DEBUG] 今日头条 - 创建数据库连接完毕
[2016-11-27 16:55:32.197] [INFO] 今日头条 - { p: '6', id: '50246551362', name: '视频不重要评论最搞笑' }
[2016-11-27 16:55:33.065] [DEBUG] 今日头条 - 已经没有数据
[2016-11-27 16:55:33.076] [DEBUG] 今日头条 - 已经没有数据
[2016-11-27 16:55:33.079] [DEBUG] 今日头条 - 已经没有数据
[2016-11-27 16:55:33.082] [DEBUG] 今日头条 - 已经没有数据
[2016-11-27 16:55:33.085] [DEBUG] 今日头条 - 已经没有数据
[2016-11-27 16:55:33.087] [DEBUG] 今日头条 - 已经没有数据
[2016-11-27 16:55:33.090] [DEBUG] 今日头条 - 已经没有数据
[2016-11-27 16:55:33.093] [DEBUG] 今日头条 - 已经没有数据
[2016-11-27 16:55:33.096] [DEBUG] 今日头条 - 已经没有数据
[2016-11-27 16:55:33.099] [DEBUG] 今日头条 - 已经没有数据
[2016-11-27 16:55:33.102] [DEBUG] 今日头条 - 已经没有数据
[2016-11-27 16:55:33.104] [DEBUG] 今日头条 - 已经没有数据
[2016-11-27 16:55:33.107] [DEBUG] 今日头条 - 已经没有数据
[2016-11-27 16:55:33.109] [DEBUG] 今日头条 - 已经没有数据
[2016-11-27 16:55:33.113] [DEBUG] 今日头条 - 已经没有数据
[2016-11-27 16:55:33.116] [DEBUG] 今日头条 - 已经没有数据
[2016-11-27 16:55:33.118] [DEBUG] 今日头条 - 已经没有数据
[2016-11-27 16:55:33.121] [DEBUG] 今日头条 - 已经没有数据
[2016-11-27 16:55:33.125] [DEBUG] 今日头条 - 已经没有数据
[2016-11-27 16:55:33.128] [DEBUG] 今日头条 - 已经没有数据
[2016-11-27 16:55:33.134] [DEBUG] 今日头条 - 已经没有数据
[2016-11-27 16:55:33.137] [DEBUG] 今日头条 - 已经没有数据
[2016-11-27 16:55:33.141] [DEBUG] 今日头条 - 已经没有数据
[2016-11-27 16:55:33.143] [DEBUG] 今日头条 - 已经没有数据
[2016-11-27 16:55:33.145] [DEBUG] 今日头条 - 已经没有数据
[2016-11-27 16:55:33.146] [DEBUG] 今日头条 - 已经没有数据
[2016-11-27 16:55:33.292] [DEBUG] 今日头条 - 已经没有数据
[2016-11-27 16:55:33.383] [DEBUG] 今日头条 - 准备好纸巾，笑出眼泪别怪我！精彩搞笑剪辑
[2016-11-27 16:55:33.387] [DEBUG] 今日头条 - 准备好纸巾，笑出眼泪别怪我！精彩搞笑剪辑
[2016-11-27 16:55:33.391] [DEBUG] 今日头条 - 准备好纸巾，笑出眼泪别怪我！精彩搞笑剪辑
[2016-11-27 16:55:33.397] [DEBUG] 今日头条 - 准备好纸巾，笑出眼泪别怪我！精彩搞笑剪辑
[2016-11-27 16:55:33.402] [DEBUG] 今日头条 - 准备好纸巾，笑出眼泪别怪我！精彩搞笑剪辑
[2016-11-27 16:55:33.406] [DEBUG] 今日头条 - 准备好纸巾，笑出眼泪别怪我！精彩搞笑剪辑
[2016-11-27 16:55:33.411] [DEBUG] 今日头条 - 准备好纸巾，笑出眼泪别怪我！精彩搞笑剪辑
[2016-11-27 16:55:33.415] [DEBUG] 今日头条 - 准备好纸巾，笑出眼泪别怪我！精彩搞笑剪辑
[2016-11-27 16:55:33.418] [DEBUG] 今日头条 - 准备好纸巾，笑出眼泪别怪我！精彩搞笑剪辑
[2016-11-27 16:55:33.426] [DEBUG] 今日头条 - 准备好纸巾，笑出眼泪别怪我！精彩搞笑剪辑
[2016-11-27 16:55:33.429] [DEBUG] 今日头条 - 准备好纸巾，笑出眼泪别怪我！精彩搞笑剪辑
[2016-11-27 16:55:33.433] [DEBUG] 今日头条 - 准备好纸巾，笑出眼泪别怪我！精彩搞笑剪辑
[2016-11-27 16:55:33.440] [DEBUG] 今日头条 - 准备好纸巾，笑出眼泪别怪我！精彩搞笑剪辑
[2016-11-27 16:55:33.444] [DEBUG] 今日头条 - 准备好纸巾，笑出眼泪别怪我！精彩搞笑剪辑
[2016-11-27 16:55:33.450] [DEBUG] 今日头条 - 准备好纸巾，笑出眼泪别怪我！精彩搞笑剪辑
[2016-11-27 16:55:33.468] [DEBUG] 今日头条 - 准备好纸巾，笑出眼泪别怪我！精彩搞笑剪辑
[2016-11-27 16:55:33.488] [DEBUG] 今日头条 - 准备好纸巾，笑出眼泪别怪我！精彩搞笑剪辑
[2016-11-27 16:55:33.493] [DEBUG] 今日头条 - 准备好纸巾，笑出眼泪别怪我！精彩搞笑剪辑
[2016-11-27 16:55:33.572] [DEBUG] 今日头条 - 准备好纸巾，笑出眼泪别怪我！精彩搞笑剪辑
[2016-11-27 16:55:33.579] [DEBUG] 今日头条 - 准备好纸巾，笑出眼泪别怪我！精彩搞笑剪辑
[2016-11-27 16:55:33.590] [DEBUG] 今日头条 - 准备好纸巾，笑出眼泪别怪我！精彩搞笑剪辑
[2016-11-27 16:55:33.620] [DEBUG] 今日头条 - 准备好纸巾，笑出眼泪别怪我！精彩搞笑剪辑
[2016-11-27 16:55:33.624] [DEBUG] 今日头条 - 准备好纸巾，笑出眼泪别怪我！精彩搞笑剪辑
[2016-11-27 16:55:33.628] [DEBUG] 今日头条 - 准备好纸巾，笑出眼泪别怪我！精彩搞笑剪辑
[2016-11-27 16:55:33.638] [DEBUG] 今日头条 - 准备好纸巾，笑出眼泪别怪我！精彩搞笑剪辑
[2016-11-27 16:55:33.641] [DEBUG] 今日头条 - 准备好纸巾，笑出眼泪别怪我！精彩搞笑剪辑
[2016-11-27 16:55:33.645] [DEBUG] 今日头条 - 准备好纸巾，笑出眼泪别怪我！精彩搞笑剪辑
[2016-11-27 16:55:33.651] [DEBUG] 今日头条 - 准备好纸巾，笑出眼泪别怪我！精彩搞笑剪辑
[2016-11-27 16:55:33.666] [DEBUG] 今日头条 - 准备好纸巾，笑出眼泪别怪我！精彩搞笑剪辑
[2016-11-27 16:55:33.670] [DEBUG] 今日头条 - 准备好纸巾，笑出眼泪别怪我！精彩搞笑剪辑
[2016-11-27 16:55:33.674] [DEBUG] 今日头条 - 准备好纸巾，笑出眼泪别怪我！精彩搞笑剪辑
[2016-11-27 16:55:33.679] [DEBUG] 今日头条 - 准备好纸巾，笑出眼泪别怪我！精彩搞笑剪辑
[2016-11-27 16:55:33.687] [DEBUG] 今日头条 - 准备好纸巾，笑出眼泪别怪我！精彩搞笑剪辑
[2016-11-27 16:55:33.691] [DEBUG] 今日头条 - 准备好纸巾，笑出眼泪别怪我！精彩搞笑剪辑
[2016-11-27 16:55:33.694] [DEBUG] 今日头条 - 准备好纸巾，笑出眼泪别怪我！精彩搞笑剪辑
[2016-11-27 16:55:33.698] [DEBUG] 今日头条 - 准备好纸巾，笑出眼泪别怪我！精彩搞笑剪辑
[2016-11-27 16:55:33.702] [DEBUG] 今日头条 - 准备好纸巾，笑出眼泪别怪我！精彩搞笑剪辑
[2016-11-27 16:55:33.709] [DEBUG] 今日头条 - 准备好纸巾，笑出眼泪别怪我！精彩搞笑剪辑
[2016-11-27 16:55:33.713] [DEBUG] 今日头条 - 准备好纸巾，笑出眼泪别怪我！精彩搞笑剪辑
[2016-11-27 16:55:33.717] [DEBUG] 今日头条 - 准备好纸巾，笑出眼泪别怪我！精彩搞笑剪辑
[2016-11-27 16:55:33.720] [DEBUG] 今日头条 - 准备好纸巾，笑出眼泪别怪我！精彩搞笑剪辑
[2016-11-27 16:55:33.724] [DEBUG] 今日头条 - 准备好纸巾，笑出眼泪别怪我！精彩搞笑剪辑
[2016-11-27 16:55:33.728] [DEBUG] 今日头条 - 准备好纸巾，笑出眼泪别怪我！精彩搞笑剪辑
[2016-11-27 16:55:33.734] [DEBUG] 今日头条 - 准备好纸巾，笑出眼泪别怪我！精彩搞笑剪辑
[2016-11-27 16:55:33.748] [DEBUG] 今日头条 - 准备好纸巾，笑出眼泪别怪我！精彩搞笑剪辑
[2016-11-27 16:55:33.766] [DEBUG] 今日头条 - 准备好纸巾，笑出眼泪别怪我！精彩搞笑剪辑
[2016-11-27 16:55:33.776] [DEBUG] 今日头条 - 准备好纸巾，笑出眼泪别怪我！精彩搞笑剪辑
[2016-11-27 16:55:33.783] [DEBUG] 今日头条 - 准备好纸巾，笑出眼泪别怪我！精彩搞笑剪辑
[2016-11-27 16:55:33.801] [DEBUG] 今日头条 - 准备好纸巾，笑出眼泪别怪我！精彩搞笑剪辑
[2016-11-27 16:55:33.817] [DEBUG] 今日头条 - 准备好纸巾，笑出眼泪别怪我！精彩搞笑剪辑
[2016-11-27 16:55:33.829] [DEBUG] 今日头条 - 准备好纸巾，笑出眼泪别怪我！精彩搞笑剪辑
[2016-11-27 16:55:33.834] [DEBUG] 今日头条 - 准备好纸巾，笑出眼泪别怪我！精彩搞笑剪辑
[2016-11-27 16:55:33.837] [DEBUG] 今日头条 - 准备好纸巾，笑出眼泪别怪我！精彩搞笑剪辑
[2016-11-27 16:55:33.840] [DEBUG] 今日头条 - 准备好纸巾，笑出眼泪别怪我！精彩搞笑剪辑
[2016-11-27 16:55:33.847] [DEBUG] 今日头条 - 准备好纸巾，笑出眼泪别怪我！精彩搞笑剪辑
[2016-11-27 16:55:33.850] [DEBUG] 今日头条 - 准备好纸巾，笑出眼泪别怪我！精彩搞笑剪辑
[2016-11-27 16:55:33.853] [DEBUG] 今日头条 - 准备好纸巾，笑出眼泪别怪我！精彩搞笑剪辑
[2016-11-27 16:55:33.863] [DEBUG] 今日头条 - 准备好纸巾，笑出眼泪别怪我！精彩搞笑剪辑
[2016-11-27 16:55:33.866] [DEBUG] 今日头条 - 准备好纸巾，笑出眼泪别怪我！精彩搞笑剪辑
[2016-11-27 16:55:33.868] [DEBUG] 今日头条 - 准备好纸巾，笑出眼泪别怪我！精彩搞笑剪辑
[2016-11-27 16:55:33.872] [DEBUG] 今日头条 - 准备好纸巾，笑出眼泪别怪我！精彩搞笑剪辑
[2016-11-27 16:55:33.875] [DEBUG] 今日头条 - 准备好纸巾，笑出眼泪别怪我！精彩搞笑剪辑
[2016-11-27 16:55:33.878] [DEBUG] 今日头条 - 准备好纸巾，笑出眼泪别怪我！精彩搞笑剪辑
[2016-11-27 16:55:33.881] [DEBUG] 今日头条 - 准备好纸巾，笑出眼泪别怪我！精彩搞笑剪辑
[2016-11-27 16:55:33.895] [DEBUG] 今日头条 - 准备好纸巾，笑出眼泪别怪我！精彩搞笑剪辑
[2016-11-27 16:55:33.901] [DEBUG] 今日头条 - 准备好纸巾，笑出眼泪别怪我！精彩搞笑剪辑
[2016-11-27 16:55:33.904] [DEBUG] 今日头条 - 准备好纸巾，笑出眼泪别怪我！精彩搞笑剪辑
[2016-11-27 16:55:33.906] [DEBUG] 今日头条 - 准备好纸巾，笑出眼泪别怪我！精彩搞笑剪辑
[2016-11-27 16:55:33.909] [DEBUG] 今日头条 - 准备好纸巾，笑出眼泪别怪我！精彩搞笑剪辑
[2016-11-27 16:55:33.928] [DEBUG] 今日头条 - 准备好纸巾，笑出眼泪别怪我！精彩搞笑剪辑
[2016-11-27 16:55:33.928] [DEBUG] 今日头条 - 准备好纸巾，笑出眼泪别怪我！精彩搞笑剪辑
[2016-11-27 16:55:33.928] [DEBUG] 今日头条 - 准备好纸巾，笑出眼泪别怪我！精彩搞笑剪辑
[2016-11-27 16:55:33.943] [DEBUG] 今日头条 - 准备好纸巾，笑出眼泪别怪我！精彩搞笑剪辑
[2016-11-27 16:55:33.943] [DEBUG] 今日头条 - 准备好纸巾，笑出眼泪别怪我！精彩搞笑剪辑
[2016-11-27 16:55:33.943] [DEBUG] 今日头条 - 准备好纸巾，笑出眼泪别怪我！精彩搞笑剪辑
[2016-11-27 16:55:33.943] [DEBUG] 今日头条 - 准备好纸巾，笑出眼泪别怪我！精彩搞笑剪辑
[2016-11-27 16:55:33.943] [DEBUG] 今日头条 - 准备好纸巾，笑出眼泪别怪我！精彩搞笑剪辑
[2016-11-27 16:55:33.959] [DEBUG] 今日头条 - 准备好纸巾，笑出眼泪别怪我！精彩搞笑剪辑
[2016-11-27 16:55:33.975] [DEBUG] 今日头条 - 准备好纸巾，笑出眼泪别怪我！精彩搞笑剪辑
[2016-11-27 16:55:33.990] [DEBUG] 今日头条 - 准备好纸巾，笑出眼泪别怪我！精彩搞笑剪辑
[2016-11-27 16:55:33.990] [DEBUG] 今日头条 - 准备好纸巾，笑出眼泪别怪我！精彩搞笑剪辑
[2016-11-27 16:55:33.990] [DEBUG] 今日头条 - 准备好纸巾，笑出眼泪别怪我！精彩搞笑剪辑
[2016-11-27 16:55:34.006] [DEBUG] 今日头条 - 准备好纸巾，笑出眼泪别怪我！精彩搞笑剪辑
[2016-11-27 16:55:34.021] [DEBUG] 今日头条 - 准备好纸巾，笑出眼泪别怪我！精彩搞笑剪辑
[2016-11-27 16:55:34.037] [DEBUG] 今日头条 - 准备好纸巾，笑出眼泪别怪我！精彩搞笑剪辑
[2016-11-27 16:55:34.037] [DEBUG] 今日头条 - 准备好纸巾，笑出眼泪别怪我！精彩搞笑剪辑
[2016-11-27 16:55:34.037] [DEBUG] 今日头条 - 准备好纸巾，笑出眼泪别怪我！精彩搞笑剪辑
[2016-11-27 16:55:34.053] [DEBUG] 今日头条 - 准备好纸巾，笑出眼泪别怪我！精彩搞笑剪辑
[2016-11-27 16:55:34.068] [DEBUG] 今日头条 - 准备好纸巾，笑出眼泪别怪我！精彩搞笑剪辑
[2016-11-27 16:55:34.068] [DEBUG] 今日头条 - 准备好纸巾，笑出眼泪别怪我！精彩搞笑剪辑
[2016-11-27 16:55:34.068] [DEBUG] 今日头条 - 准备好纸巾，笑出眼泪别怪我！精彩搞笑剪辑
[2016-11-27 16:55:34.084] [DEBUG] 今日头条 - 准备好纸巾，笑出眼泪别怪我！精彩搞笑剪辑
[2016-11-27 16:55:34.084] [DEBUG] 今日头条 - 准备好纸巾，笑出眼泪别怪我！精彩搞笑剪辑
[2016-11-27 16:55:34.084] [DEBUG] 今日头条 - 准备好纸巾，笑出眼泪别怪我！精彩搞笑剪辑
[2016-11-27 16:55:34.129] [DEBUG] 今日头条 - 准备好纸巾，笑出眼泪别怪我！精彩搞笑剪辑
[2016-11-27 16:55:34.133] [DEBUG] 今日头条 - 准备好纸巾，笑出眼泪别怪我！精彩搞笑剪辑
[2016-11-27 16:55:34.151] [DEBUG] 今日头条 - 准备好纸巾，笑出眼泪别怪我！精彩搞笑剪辑
[2016-11-27 16:55:34.173] [DEBUG] 今日头条 - 准备好纸巾，笑出眼泪别怪我！精彩搞笑剪辑
[2016-11-27 16:55:34.191] [DEBUG] 今日头条 - 准备好纸巾，笑出眼泪别怪我！精彩搞笑剪辑
[2016-11-27 16:55:34.194] [DEBUG] 今日头条 - 准备好纸巾，笑出眼泪别怪我！精彩搞笑剪辑
[2016-11-27 16:55:34.196] [DEBUG] 今日头条 - 准备好纸巾，笑出眼泪别怪我！精彩搞笑剪辑
[2016-11-27 16:55:34.200] [DEBUG] 今日头条 - 准备好纸巾，笑出眼泪别怪我！精彩搞笑剪辑
[2016-11-27 16:55:34.203] [DEBUG] 今日头条 - 准备好纸巾，笑出眼泪别怪我！精彩搞笑剪辑
[2016-11-27 16:55:34.205] [DEBUG] 今日头条 - 准备好纸巾，笑出眼泪别怪我！精彩搞笑剪辑
[2016-11-27 16:55:34.226] [DEBUG] 今日头条 - 准备好纸巾，笑出眼泪别怪我！精彩搞笑剪辑
[2016-11-27 16:55:34.244] [DEBUG] 今日头条 - 准备好纸巾，笑出眼泪别怪我！精彩搞笑剪辑
[2016-11-27 16:55:34.247] [DEBUG] 今日头条 - 准备好纸巾，笑出眼泪别怪我！精彩搞笑剪辑
[2016-11-27 16:55:34.277] [DEBUG] 今日头条 - 准备好纸巾，笑出眼泪别怪我！精彩搞笑剪辑
[2016-11-27 16:55:34.285] [DEBUG] 今日头条 - 准备好纸巾，笑出眼泪别怪我！精彩搞笑剪辑
[2016-11-27 16:55:34.293] [DEBUG] 今日头条 - 准备好纸巾，笑出眼泪别怪我！精彩搞笑剪辑
[2016-11-27 16:55:34.296] [DEBUG] 今日头条 - 准备好纸巾，笑出眼泪别怪我！精彩搞笑剪辑
[2016-11-27 16:55:34.302] [DEBUG] 今日头条 - 准备好纸巾，笑出眼泪别怪我！精彩搞笑剪辑
[2016-11-27 16:55:34.305] [DEBUG] 今日头条 - 准备好纸巾，笑出眼泪别怪我！精彩搞笑剪辑
[2016-11-27 16:55:34.315] [DEBUG] 今日头条 - 准备好纸巾，笑出眼泪别怪我！精彩搞笑剪辑
[2016-11-27 16:55:34.325] [DEBUG] 今日头条 - 准备好纸巾，笑出眼泪别怪我！精彩搞笑剪辑
[2016-11-27 16:55:34.329] [DEBUG] 今日头条 - 准备好纸巾，笑出眼泪别怪我！精彩搞笑剪辑
[2016-11-27 16:55:34.334] [DEBUG] 今日头条 - 准备好纸巾，笑出眼泪别怪我！精彩搞笑剪辑
[2016-11-27 16:55:34.338] [DEBUG] 今日头条 - 准备好纸巾，笑出眼泪别怪我！精彩搞笑剪辑
[2016-11-27 16:55:34.344] [DEBUG] 今日头条 - 准备好纸巾，笑出眼泪别怪我！精彩搞笑剪辑
[2016-11-27 16:55:34.355] [DEBUG] 今日头条 - 准备好纸巾，笑出眼泪别怪我！精彩搞笑剪辑
[2016-11-27 16:55:34.366] [DEBUG] 今日头条 - 准备好纸巾，笑出眼泪别怪我！精彩搞笑剪辑
[2016-11-27 16:55:34.378] [DEBUG] 今日头条 - 准备好纸巾，笑出眼泪别怪我！精彩搞笑剪辑
[2016-11-27 16:55:34.383] [DEBUG] 今日头条 - 准备好纸巾，笑出眼泪别怪我！精彩搞笑剪辑
[2016-11-27 16:55:34.392] [DEBUG] 今日头条 - 准备好纸巾，笑出眼泪别怪我！精彩搞笑剪辑
[2016-11-27 16:55:34.418] [DEBUG] 今日头条 - 准备好纸巾，笑出眼泪别怪我！精彩搞笑剪辑
[2016-11-27 16:55:34.422] [DEBUG] 今日头条 - 准备好纸巾，笑出眼泪别怪我！精彩搞笑剪辑
[2016-11-27 16:55:34.428] [DEBUG] 今日头条 - 准备好纸巾，笑出眼泪别怪我！精彩搞笑剪辑
[2016-11-27 16:55:34.433] [DEBUG] 今日头条 - 准备好纸巾，笑出眼泪别怪我！精彩搞笑剪辑
[2016-11-27 16:55:34.441] [DEBUG] 今日头条 - 准备好纸巾，笑出眼泪别怪我！精彩搞笑剪辑
[2016-11-27 16:55:34.445] [DEBUG] 今日头条 - 准备好纸巾，笑出眼泪别怪我！精彩搞笑剪辑
[2016-11-27 16:55:34.452] [DEBUG] 今日头条 - 准备好纸巾，笑出眼泪别怪我！精彩搞笑剪辑
[2016-11-27 16:55:34.466] [DEBUG] 今日头条 - 准备好纸巾，笑出眼泪别怪我！精彩搞笑剪辑
[2016-11-27 16:55:34.471] [DEBUG] 今日头条 - 准备好纸巾，笑出眼泪别怪我！精彩搞笑剪辑
[2016-11-27 16:55:34.475] [DEBUG] 今日头条 - 准备好纸巾，笑出眼泪别怪我！精彩搞笑剪辑
[2016-11-27 16:55:34.484] [DEBUG] 今日头条 - 准备好纸巾，笑出眼泪别怪我！精彩搞笑剪辑
[2016-11-27 16:55:34.491] [DEBUG] 今日头条 - 准备好纸巾，笑出眼泪别怪我！精彩搞笑剪辑
[2016-11-27 16:55:34.497] [DEBUG] 今日头条 - 准备好纸巾，笑出眼泪别怪我！精彩搞笑剪辑
[2016-11-27 16:55:34.519] [DEBUG] 今日头条 - 准备好纸巾，笑出眼泪别怪我！精彩搞笑剪辑
[2016-11-27 16:55:34.523] [DEBUG] 今日头条 - 准备好纸巾，笑出眼泪别怪我！精彩搞笑剪辑
[2016-11-27 16:55:34.527] [DEBUG] 今日头条 - 准备好纸巾，笑出眼泪别怪我！精彩搞笑剪辑
[2016-11-27 16:55:34.533] [DEBUG] 今日头条 - 准备好纸巾，笑出眼泪别怪我！精彩搞笑剪辑
[2016-11-27 16:55:34.542] [DEBUG] 今日头条 - 准备好纸巾，笑出眼泪别怪我！精彩搞笑剪辑
[2016-11-27 16:55:34.547] [DEBUG] 今日头条 - 准备好纸巾，笑出眼泪别怪我！精彩搞笑剪辑
[2016-11-27 16:55:34.552] [DEBUG] 今日头条 - 准备好纸巾，笑出眼泪别怪我！精彩搞笑剪辑
[2016-11-27 16:55:34.574] [DEBUG] 今日头条 - 准备好纸巾，笑出眼泪别怪我！精彩搞笑剪辑
[2016-11-27 16:55:34.582] [DEBUG] 今日头条 - 准备好纸巾，笑出眼泪别怪我！精彩搞笑剪辑
[2016-11-27 16:55:34.593] [DEBUG] 今日头条 - 准备好纸巾，笑出眼泪别怪我！精彩搞笑剪辑
[2016-11-27 16:55:34.601] [DEBUG] 今日头条 - 准备好纸巾，笑出眼泪别怪我！精彩搞笑剪辑
[2016-11-27 16:55:34.616] [DEBUG] 今日头条 - 准备好纸巾，笑出眼泪别怪我！精彩搞笑剪辑
[2016-11-27 16:55:34.620] [DEBUG] 今日头条 - 准备好纸巾，笑出眼泪别怪我！精彩搞笑剪辑
[2016-11-27 16:55:34.624] [DEBUG] 今日头条 - 准备好纸巾，笑出眼泪别怪我！精彩搞笑剪辑
[2016-11-27 16:55:34.628] [DEBUG] 今日头条 - 准备好纸巾，笑出眼泪别怪我！精彩搞笑剪辑
[2016-11-27 16:55:34.631] [DEBUG] 今日头条 - 准备好纸巾，笑出眼泪别怪我！精彩搞笑剪辑
[2016-11-27 16:55:34.652] [DEBUG] 今日头条 - 准备好纸巾，笑出眼泪别怪我！精彩搞笑剪辑
[2016-11-27 16:55:34.660] [DEBUG] 今日头条 - 准备好纸巾，笑出眼泪别怪我！精彩搞笑剪辑
[2016-11-27 16:55:34.665] [DEBUG] 今日头条 - 准备好纸巾，笑出眼泪别怪我！精彩搞笑剪辑
[2016-11-27 16:55:34.668] [DEBUG] 今日头条 - 准备好纸巾，笑出眼泪别怪我！精彩搞笑剪辑
[2016-11-27 16:55:34.675] [DEBUG] 今日头条 - 准备好纸巾，笑出眼泪别怪我！精彩搞笑剪辑
[2016-11-27 16:55:34.679] [DEBUG] 今日头条 - 准备好纸巾，笑出眼泪别怪我！精彩搞笑剪辑
[2016-11-27 16:55:34.685] [DEBUG] 今日头条 - 准备好纸巾，笑出眼泪别怪我！精彩搞笑剪辑
[2016-11-27 16:55:34.690] [DEBUG] 今日头条 - 准备好纸巾，笑出眼泪别怪我！精彩搞笑剪辑
[2016-11-27 16:55:34.715] [DEBUG] 今日头条 - 准备好纸巾，笑出眼泪别怪我！精彩搞笑剪辑
[2016-11-27 16:55:34.720] [DEBUG] 今日头条 - 准备好纸巾，笑出眼泪别怪我！精彩搞笑剪辑
[2016-11-27 16:55:34.726] [DEBUG] 今日头条 - 准备好纸巾，笑出眼泪别怪我！精彩搞笑剪辑
[2016-11-27 16:55:34.730] [DEBUG] 今日头条 - 准备好纸巾，笑出眼泪别怪我！精彩搞笑剪辑
[2016-11-27 16:55:34.734] [DEBUG] 今日头条 - 准备好纸巾，笑出眼泪别怪我！精彩搞笑剪辑
[2016-11-27 16:55:34.740] [DEBUG] 今日头条 - 准备好纸巾，笑出眼泪别怪我！精彩搞笑剪辑
[2016-11-27 16:55:34.745] [DEBUG] 今日头条 - 准备好纸巾，笑出眼泪别怪我！精彩搞笑剪辑
[2016-11-27 16:55:34.748] [DEBUG] 今日头条 - 准备好纸巾，笑出眼泪别怪我！精彩搞笑剪辑
[2016-11-27 16:55:34.755] [DEBUG] 今日头条 - 已经没有数据
[2016-11-27 16:55:34.783] [DEBUG] 今日头条 - 准备好纸巾，笑出眼泪别怪我！精彩搞笑剪辑
[2016-11-27 16:55:34.787] [DEBUG] 今日头条 - 已经没有数据
[2016-11-27 16:55:34.803] [DEBUG] 今日头条 - 准备好纸巾，笑出眼泪别怪我！精彩搞笑剪辑
[2016-11-27 16:55:34.807] [DEBUG] 今日头条 - 准备好纸巾，笑出眼泪别怪我！精彩搞笑剪辑
[2016-11-27 16:55:34.810] [DEBUG] 今日头条 - 准备好纸巾，笑出眼泪别怪我！精彩搞笑剪辑
[2016-11-27 16:55:34.813] [DEBUG] 今日头条 - 准备好纸巾，笑出眼泪别怪我！精彩搞笑剪辑
[2016-11-27 16:55:34.818] [DEBUG] 今日头条 - 准备好纸巾，笑出眼泪别怪我！精彩搞笑剪辑
[2016-11-27 16:55:34.822] [DEBUG] 今日头条 - 准备好纸巾，笑出眼泪别怪我！精彩搞笑剪辑
[2016-11-27 16:55:34.832] [DEBUG] 今日头条 - 准备好纸巾，笑出眼泪别怪我！精彩搞笑剪辑
[2016-11-27 16:55:34.838] [DEBUG] 今日头条 - 准备好纸巾，笑出眼泪别怪我！精彩搞笑剪辑
[2016-11-27 16:55:34.841] [DEBUG] 今日头条 - 准备好纸巾，笑出眼泪别怪我！精彩搞笑剪辑
[2016-11-27 16:55:34.844] [DEBUG] 今日头条 - 准备好纸巾，笑出眼泪别怪我！精彩搞笑剪辑
[2016-11-27 16:55:34.851] [DEBUG] 今日头条 - 已经没有数据
[2016-11-27 16:55:34.855] [DEBUG] 今日头条 - 准备好纸巾，笑出眼泪别怪我！精彩搞笑剪辑
[2016-11-27 16:55:34.858] [DEBUG] 今日头条 - 准备好纸巾，笑出眼泪别怪我！精彩搞笑剪辑
[2016-11-27 16:55:34.862] [DEBUG] 今日头条 - 已经没有数据
[2016-11-27 16:55:34.869] [DEBUG] 今日头条 - 已经没有数据
[2016-11-27 16:55:34.874] [DEBUG] 今日头条 - 准备好纸巾，笑出眼泪别怪我！精彩搞笑剪辑
[2016-11-27 16:55:34.878] [DEBUG] 今日头条 - 已经没有数据
[2016-11-27 16:55:34.894] [DEBUG] 今日头条 - 已经没有数据
[2016-11-27 16:55:34.901] [DEBUG] 今日头条 - 准备好纸巾，笑出眼泪别怪我！精彩搞笑剪辑
[2016-11-27 16:55:34.910] [DEBUG] 今日头条 - 准备好纸巾，笑出眼泪别怪我！精彩搞笑剪辑
[2016-11-27 16:55:34.917] [DEBUG] 今日头条 - 准备好纸巾，笑出眼泪别怪我！精彩搞笑剪辑
[2016-11-27 16:55:34.921] [DEBUG] 今日头条 - 准备好纸巾，笑出眼泪别怪我！精彩搞笑剪辑
[2016-11-27 16:55:34.924] [DEBUG] 今日头条 - 已经没有数据
[2016-11-27 16:55:34.932] [DEBUG] 今日头条 - 准备好纸巾，笑出眼泪别怪我！精彩搞笑剪辑
[2016-11-27 16:55:34.939] [DEBUG] 今日头条 - 准备好纸巾，笑出眼泪别怪我！精彩搞笑剪辑
[2016-11-27 16:55:34.943] [DEBUG] 今日头条 - 准备好纸巾，笑出眼泪别怪我！精彩搞笑剪辑
[2016-11-27 16:55:34.948] [DEBUG] 今日头条 - 准备好纸巾，笑出眼泪别怪我！精彩搞笑剪辑
[2016-11-27 16:55:34.952] [DEBUG] 今日头条 - 已经没有数据
[2016-11-27 16:55:34.955] [DEBUG] 今日头条 - 准备好纸巾，笑出眼泪别怪我！精彩搞笑剪辑
[2016-11-27 16:55:34.964] [DEBUG] 今日头条 - 准备好纸巾，笑出眼泪别怪我！精彩搞笑剪辑
[2016-11-27 16:55:34.968] [DEBUG] 今日头条 - 准备好纸巾，笑出眼泪别怪我！精彩搞笑剪辑
[2016-11-27 16:55:35.006] [DEBUG] 今日头条 - 准备好纸巾，笑出眼泪别怪我！精彩搞笑剪辑
[2016-11-27 16:55:35.010] [DEBUG] 今日头条 - 准备好纸巾，笑出眼泪别怪我！精彩搞笑剪辑
[2016-11-27 16:55:35.015] [DEBUG] 今日头条 - 已经没有数据
[2016-11-27 16:55:35.018] [DEBUG] 今日头条 - 准备好纸巾，笑出眼泪别怪我！精彩搞笑剪辑
[2016-11-27 16:55:35.022] [DEBUG] 今日头条 - 已经没有数据
[2016-11-27 16:55:35.033] [DEBUG] 今日头条 - 准备好纸巾，笑出眼泪别怪我！精彩搞笑剪辑
[2016-11-27 16:55:35.040] [DEBUG] 今日头条 - 准备好纸巾，笑出眼泪别怪我！精彩搞笑剪辑
[2016-11-27 16:55:35.044] [DEBUG] 今日头条 - 准备好纸巾，笑出眼泪别怪我！精彩搞笑剪辑
[2016-11-27 16:55:35.049] [DEBUG] 今日头条 - 准备好纸巾，笑出眼泪别怪我！精彩搞笑剪辑
[2016-11-27 16:55:35.059] [DEBUG] 今日头条 - 准备好纸巾，笑出眼泪别怪我！精彩搞笑剪辑
[2016-11-27 16:55:35.062] [DEBUG] 今日头条 - 准备好纸巾，笑出眼泪别怪我！精彩搞笑剪辑
[2016-11-27 16:55:35.086] [DEBUG] 今日头条 - 准备好纸巾，笑出眼泪别怪我！精彩搞笑剪辑
[2016-11-27 16:55:35.104] [DEBUG] 今日头条 - 准备好纸巾，笑出眼泪别怪我！精彩搞笑剪辑
[2016-11-27 16:55:35.107] [DEBUG] 今日头条 - 准备好纸巾，笑出眼泪别怪我！精彩搞笑剪辑
[2016-11-27 16:55:35.123] [DEBUG] 今日头条 - 准备好纸巾，笑出眼泪别怪我！精彩搞笑剪辑
[2016-11-27 16:55:35.134] [DEBUG] 今日头条 - 准备好纸巾，笑出眼泪别怪我！精彩搞笑剪辑
[2016-11-27 16:55:35.138] [DEBUG] 今日头条 - 准备好纸巾，笑出眼泪别怪我！精彩搞笑剪辑
[2016-11-27 16:55:35.141] [DEBUG] 今日头条 - 准备好纸巾，笑出眼泪别怪我！精彩搞笑剪辑
[2016-11-27 16:55:35.144] [DEBUG] 今日头条 - 准备好纸巾，笑出眼泪别怪我！精彩搞笑剪辑
[2016-11-27 16:55:35.154] [DEBUG] 今日头条 - 准备好纸巾，笑出眼泪别怪我！精彩搞笑剪辑
[2016-11-27 16:55:35.182] [DEBUG] 今日头条 - 准备好纸巾，笑出眼泪别怪我！精彩搞笑剪辑
[2016-11-27 16:55:35.187] [DEBUG] 今日头条 - 已经没有数据
[2016-11-27 16:55:35.206] [DEBUG] 今日头条 - 准备好纸巾，笑出眼泪别怪我！精彩搞笑剪辑
[2016-11-27 16:55:35.215] [DEBUG] 今日头条 - 准备好纸巾，笑出眼泪别怪我！精彩搞笑剪辑
[2016-11-27 16:55:35.219] [DEBUG] 今日头条 - 准备好纸巾，笑出眼泪别怪我！精彩搞笑剪辑
[2016-11-27 16:55:35.224] [DEBUG] 今日头条 - 准备好纸巾，笑出眼泪别怪我！精彩搞笑剪辑
[2016-11-27 16:55:35.244] [DEBUG] 今日头条 - 已经没有数据
[2016-11-27 16:55:35.259] [DEBUG] 今日头条 - 准备好纸巾，笑出眼泪别怪我！精彩搞笑剪辑
[2016-11-27 16:55:35.263] [DEBUG] 今日头条 - 已经没有数据
[2016-11-27 16:55:35.266] [DEBUG] 今日头条 - 已经没有数据
[2016-11-27 16:55:35.293] [DEBUG] 今日头条 - 准备好纸巾，笑出眼泪别怪我！精彩搞笑剪辑
[2016-11-27 16:55:35.302] [DEBUG] 今日头条 - 准备好纸巾，笑出眼泪别怪我！精彩搞笑剪辑
[2016-11-27 16:55:35.307] [DEBUG] 今日头条 - 已经没有数据
[2016-11-27 16:55:35.315] [DEBUG] 今日头条 - 准备好纸巾，笑出眼泪别怪我！精彩搞笑剪辑
[2016-11-27 16:55:35.355] [DEBUG] 今日头条 - 已经没有数据
[2016-11-27 16:55:35.364] [DEBUG] 今日头条 - 准备好纸巾，笑出眼泪别怪我！精彩搞笑剪辑
[2016-11-27 16:55:35.375] [DEBUG] 今日头条 - 准备好纸巾，笑出眼泪别怪我！精彩搞笑剪辑
[2016-11-27 16:55:35.387] [DEBUG] 今日头条 - 准备好纸巾，笑出眼泪别怪我！精彩搞笑剪辑
[2016-11-27 16:55:35.469] [DEBUG] 今日头条 - 准备好纸巾，笑出眼泪别怪我！精彩搞笑剪辑
[2016-11-27 16:55:35.519] [DEBUG] 今日头条 - 已经没有数据
[2016-11-27 16:55:35.565] [DEBUG] 今日头条 - 已经没有数据
[2016-11-27 16:55:35.569] [DEBUG] 今日头条 - 准备好纸巾，笑出眼泪别怪我！精彩搞笑剪辑
[2016-11-27 16:55:35.614] [DEBUG] 今日头条 - 准备好纸巾，笑出眼泪别怪我！精彩搞笑剪辑
[2016-11-27 16:55:35.647] [DEBUG] 今日头条 - 准备好纸巾，笑出眼泪别怪我！精彩搞笑剪辑
[2016-11-27 16:55:35.696] [DEBUG] 今日头条 - 准备好纸巾，笑出眼泪别怪我！精彩搞笑剪辑
[2016-11-27 16:55:35.746] [DEBUG] 今日头条 - 准备好纸巾，笑出眼泪别怪我！精彩搞笑剪辑
[2016-11-27 16:55:35.768] [DEBUG] 今日头条 - 准备好纸巾，笑出眼泪别怪我！精彩搞笑剪辑
[2016-11-27 16:55:35.819] [DEBUG] 今日头条 - 准备好纸巾，笑出眼泪别怪我！精彩搞笑剪辑
[2016-11-27 16:55:35.856] [DEBUG] 今日头条 - 准备好纸巾，笑出眼泪别怪我！精彩搞笑剪辑
[2016-11-27 16:55:35.890] [DEBUG] 今日头条 - 准备好纸巾，笑出眼泪别怪我！精彩搞笑剪辑
[2016-11-27 16:55:35.956] [DEBUG] 今日头条 - 准备好纸巾，笑出眼泪别怪我！精彩搞笑剪辑
[2016-11-27 16:55:36.002] [DEBUG] 今日头条 - 准备好纸巾，笑出眼泪别怪我！精彩搞笑剪辑
[2016-11-27 16:55:36.068] [DEBUG] 今日头条 - 已经没有数据
[2016-11-27 16:55:36.077] [DEBUG] 今日头条 - 准备好纸巾，笑出眼泪别怪我！精彩搞笑剪辑
[2016-11-27 16:55:36.117] [DEBUG] 今日头条 - 已经没有数据
[2016-11-27 16:55:36.124] [DEBUG] 今日头条 - 已经没有数据
[2016-11-27 16:55:36.128] [DEBUG] 今日头条 - 已经没有数据
[2016-11-27 16:55:36.163] [DEBUG] 今日头条 - 准备好纸巾，笑出眼泪别怪我！精彩搞笑剪辑
[2016-11-27 16:55:36.173] [DEBUG] 今日头条 - 准备好纸巾，笑出眼泪别怪我！精彩搞笑剪辑
[2016-11-27 16:55:36.205] [DEBUG] 今日头条 - 准备好纸巾，笑出眼泪别怪我！精彩搞笑剪辑
[2016-11-27 16:55:36.244] [DEBUG] 今日头条 - 准备好纸巾，笑出眼泪别怪我！精彩搞笑剪辑
[2016-11-27 16:55:36.294] [DEBUG] 今日头条 - 准备好纸巾，笑出眼泪别怪我！精彩搞笑剪辑
[2016-11-27 16:55:36.314] [DEBUG] 今日头条 - 准备好纸巾，笑出眼泪别怪我！精彩搞笑剪辑
[2016-11-27 16:55:36.471] [DEBUG] 今日头条 - 准备好纸巾，笑出眼泪别怪我！精彩搞笑剪辑
[2016-11-27 16:55:36.474] [DEBUG] 今日头条 - 准备好纸巾，笑出眼泪别怪我！精彩搞笑剪辑
[2016-11-27 16:55:36.477] [DEBUG] 今日头条 - 准备好纸巾，笑出眼泪别怪我！精彩搞笑剪辑
[2016-11-27 16:55:36.480] [DEBUG] 今日头条 - 准备好纸巾，笑出眼泪别怪我！精彩搞笑剪辑
[2016-11-27 16:55:36.484] [DEBUG] 今日头条 - 准备好纸巾，笑出眼泪别怪我！精彩搞笑剪辑
[2016-11-27 16:55:36.500] [DEBUG] 今日头条 - 准备好纸巾，笑出眼泪别怪我！精彩搞笑剪辑
[2016-11-27 16:55:36.503] [DEBUG] 今日头条 - 准备好纸巾，笑出眼泪别怪我！精彩搞笑剪辑
[2016-11-27 16:55:36.507] [DEBUG] 今日头条 - 准备好纸巾，笑出眼泪别怪我！精彩搞笑剪辑
[2016-11-27 16:55:36.511] [DEBUG] 今日头条 - 准备好纸巾，笑出眼泪别怪我！精彩搞笑剪辑
[2016-11-27 16:55:36.514] [DEBUG] 今日头条 - 准备好纸巾，笑出眼泪别怪我！精彩搞笑剪辑
[2016-11-27 16:55:36.517] [DEBUG] 今日头条 - 准备好纸巾，笑出眼泪别怪我！精彩搞笑剪辑
[2016-11-27 16:55:36.520] [DEBUG] 今日头条 - 准备好纸巾，笑出眼泪别怪我！精彩搞笑剪辑
[2016-11-27 16:55:36.522] [DEBUG] 今日头条 - 准备好纸巾，笑出眼泪别怪我！精彩搞笑剪辑
[2016-11-27 16:55:36.525] [DEBUG] 今日头条 - 准备好纸巾，笑出眼泪别怪我！精彩搞笑剪辑
[2016-11-27 16:55:36.529] [DEBUG] 今日头条 - 准备好纸巾，笑出眼泪别怪我！精彩搞笑剪辑
[2016-11-27 16:55:36.532] [DEBUG] 今日头条 - 准备好纸巾，笑出眼泪别怪我！精彩搞笑剪辑
[2016-11-27 16:55:36.535] [DEBUG] 今日头条 - 准备好纸巾，笑出眼泪别怪我！精彩搞笑剪辑
[2016-11-27 16:55:36.544] [DEBUG] 今日头条 - 准备好纸巾，笑出眼泪别怪我！精彩搞笑剪辑
[2016-11-27 16:55:36.546] [DEBUG] 今日头条 - 准备好纸巾，笑出眼泪别怪我！精彩搞笑剪辑
[2016-11-27 16:55:36.550] [DEBUG] 今日头条 - 准备好纸巾，笑出眼泪别怪我！精彩搞笑剪辑
[2016-11-27 16:55:36.558] [DEBUG] 今日头条 - 准备好纸巾，笑出眼泪别怪我！精彩搞笑剪辑
[2016-11-27 16:55:36.580] [DEBUG] 今日头条 - 准备好纸巾，笑出眼泪别怪我！精彩搞笑剪辑
[2016-11-27 16:55:36.607] [DEBUG] 今日头条 - 准备好纸巾，笑出眼泪别怪我！精彩搞笑剪辑
[2016-11-27 16:55:36.611] [DEBUG] 今日头条 - 准备好纸巾，笑出眼泪别怪我！精彩搞笑剪辑
[2016-11-27 16:55:36.617] [DEBUG] 今日头条 - 准备好纸巾，笑出眼泪别怪我！精彩搞笑剪辑
[2016-11-27 16:55:36.625] [DEBUG] 今日头条 - 准备好纸巾，笑出眼泪别怪我！精彩搞笑剪辑
[2016-11-27 16:55:36.628] [DEBUG] 今日头条 - 准备好纸巾，笑出眼泪别怪我！精彩搞笑剪辑
[2016-11-27 16:55:36.634] [DEBUG] 今日头条 - 准备好纸巾，笑出眼泪别怪我！精彩搞笑剪辑
[2016-11-27 16:55:36.642] [DEBUG] 今日头条 - 准备好纸巾，笑出眼泪别怪我！精彩搞笑剪辑
[2016-11-27 16:55:36.645] [DEBUG] 今日头条 - 准备好纸巾，笑出眼泪别怪我！精彩搞笑剪辑
[2016-11-27 16:55:36.652] [DEBUG] 今日头条 - 准备好纸巾，笑出眼泪别怪我！精彩搞笑剪辑
[2016-11-27 16:55:36.656] [DEBUG] 今日头条 - 准备好纸巾，笑出眼泪别怪我！精彩搞笑剪辑
[2016-11-27 16:55:36.658] [DEBUG] 今日头条 - 准备好纸巾，笑出眼泪别怪我！精彩搞笑剪辑
[2016-11-27 16:55:36.662] [DEBUG] 今日头条 - 准备好纸巾，笑出眼泪别怪我！精彩搞笑剪辑
[2016-11-27 16:55:36.665] [DEBUG] 今日头条 - 准备好纸巾，笑出眼泪别怪我！精彩搞笑剪辑
[2016-11-27 16:55:36.670] [DEBUG] 今日头条 - 准备好纸巾，笑出眼泪别怪我！精彩搞笑剪辑
[2016-11-27 16:55:36.673] [DEBUG] 今日头条 - 准备好纸巾，笑出眼泪别怪我！精彩搞笑剪辑
[2016-11-27 16:55:36.678] [DEBUG] 今日头条 - 准备好纸巾，笑出眼泪别怪我！精彩搞笑剪辑
[2016-11-27 16:55:36.681] [DEBUG] 今日头条 - 准备好纸巾，笑出眼泪别怪我！精彩搞笑剪辑
[2016-11-27 16:55:36.686] [DEBUG] 今日头条 - 准备好纸巾，笑出眼泪别怪我！精彩搞笑剪辑
[2016-11-27 16:55:36.688] [DEBUG] 今日头条 - 准备好纸巾，笑出眼泪别怪我！精彩搞笑剪辑
[2016-11-27 16:55:36.693] [DEBUG] 今日头条 - 准备好纸巾，笑出眼泪别怪我！精彩搞笑剪辑
[2016-11-27 16:55:36.719] [DEBUG] 今日头条 - 准备好纸巾，笑出眼泪别怪我！精彩搞笑剪辑
[2016-11-27 16:55:36.723] [DEBUG] 今日头条 - 准备好纸巾，笑出眼泪别怪我！精彩搞笑剪辑
[2016-11-27 16:55:36.726] [DEBUG] 今日头条 - 准备好纸巾，笑出眼泪别怪我！精彩搞笑剪辑
[2016-11-27 16:55:36.738] [DEBUG] 今日头条 - 准备好纸巾，笑出眼泪别怪我！精彩搞笑剪辑
[2016-11-27 16:55:36.751] [DEBUG] 今日头条 - 准备好纸巾，笑出眼泪别怪我！精彩搞笑剪辑
[2016-11-27 16:55:36.759] [DEBUG] 今日头条 - 准备好纸巾，笑出眼泪别怪我！精彩搞笑剪辑
[2016-11-27 16:55:36.761] [DEBUG] 今日头条 - 准备好纸巾，笑出眼泪别怪我！精彩搞笑剪辑
[2016-11-27 16:55:36.766] [DEBUG] 今日头条 - 准备好纸巾，笑出眼泪别怪我！精彩搞笑剪辑
[2016-11-27 16:55:36.769] [DEBUG] 今日头条 - 准备好纸巾，笑出眼泪别怪我！精彩搞笑剪辑
[2016-11-27 16:55:36.773] [DEBUG] 今日头条 - 准备好纸巾，笑出眼泪别怪我！精彩搞笑剪辑
[2016-11-27 16:55:36.776] [DEBUG] 今日头条 - 准备好纸巾，笑出眼泪别怪我！精彩搞笑剪辑
[2016-11-27 16:55:36.782] [DEBUG] 今日头条 - 准备好纸巾，笑出眼泪别怪我！精彩搞笑剪辑
[2016-11-27 16:55:36.787] [DEBUG] 今日头条 - 准备好纸巾，笑出眼泪别怪我！精彩搞笑剪辑
[2016-11-27 16:55:36.790] [DEBUG] 今日头条 - 准备好纸巾，笑出眼泪别怪我！精彩搞笑剪辑
[2016-11-27 16:55:36.793] [DEBUG] 今日头条 - 准备好纸巾，笑出眼泪别怪我！精彩搞笑剪辑
[2016-11-27 16:55:36.797] [DEBUG] 今日头条 - 准备好纸巾，笑出眼泪别怪我！精彩搞笑剪辑
[2016-11-27 16:55:36.803] [DEBUG] 今日头条 - 已经没有数据
[2016-11-27 16:55:36.809] [DEBUG] 今日头条 - 准备好纸巾，笑出眼泪别怪我！精彩搞笑剪辑
[2016-11-27 16:55:36.817] [DEBUG] 今日头条 - 准备好纸巾，笑出眼泪别怪我！精彩搞笑剪辑
[2016-11-27 16:55:36.820] [DEBUG] 今日头条 - 准备好纸巾，笑出眼泪别怪我！精彩搞笑剪辑
[2016-11-27 16:55:36.840] [DEBUG] 今日头条 - 准备好纸巾，笑出眼泪别怪我！精彩搞笑剪辑
[2016-11-27 16:55:36.845] [DEBUG] 今日头条 - 准备好纸巾，笑出眼泪别怪我！精彩搞笑剪辑
[2016-11-27 16:55:36.850] [DEBUG] 今日头条 - 准备好纸巾，笑出眼泪别怪我！精彩搞笑剪辑
[2016-11-27 16:55:36.866] [DEBUG] 今日头条 - 准备好纸巾，笑出眼泪别怪我！精彩搞笑剪辑
[2016-11-27 16:55:36.871] [DEBUG] 今日头条 - 准备好纸巾，笑出眼泪别怪我！精彩搞笑剪辑
[2016-11-27 16:55:36.881] [DEBUG] 今日头条 - 准备好纸巾，笑出眼泪别怪我！精彩搞笑剪辑
[2016-11-27 16:55:36.891] [DEBUG] 今日头条 - 准备好纸巾，笑出眼泪别怪我！精彩搞笑剪辑
[2016-11-27 16:55:36.900] [DEBUG] 今日头条 - 准备好纸巾，笑出眼泪别怪我！精彩搞笑剪辑
[2016-11-27 16:55:36.905] [DEBUG] 今日头条 - 准备好纸巾，笑出眼泪别怪我！精彩搞笑剪辑
[2016-11-27 16:55:36.923] [DEBUG] 今日头条 - 准备好纸巾，笑出眼泪别怪我！精彩搞笑剪辑
[2016-11-27 16:55:36.927] [DEBUG] 今日头条 - 准备好纸巾，笑出眼泪别怪我！精彩搞笑剪辑
[2016-11-27 16:55:36.931] [DEBUG] 今日头条 - 准备好纸巾，笑出眼泪别怪我！精彩搞笑剪辑
[2016-11-27 16:55:36.937] [DEBUG] 今日头条 - 准备好纸巾，笑出眼泪别怪我！精彩搞笑剪辑
[2016-11-27 16:55:36.942] [DEBUG] 今日头条 - 准备好纸巾，笑出眼泪别怪我！精彩搞笑剪辑
[2016-11-27 16:55:36.952] [DEBUG] 今日头条 - 准备好纸巾，笑出眼泪别怪我！精彩搞笑剪辑
[2016-11-27 16:55:36.959] [DEBUG] 今日头条 - 准备好纸巾，笑出眼泪别怪我！精彩搞笑剪辑
[2016-11-27 16:55:36.963] [DEBUG] 今日头条 - 准备好纸巾，笑出眼泪别怪我！精彩搞笑剪辑
[2016-11-27 16:55:36.971] [DEBUG] 今日头条 - 准备好纸巾，笑出眼泪别怪我！精彩搞笑剪辑
[2016-11-27 16:55:36.979] [DEBUG] 今日头条 - 准备好纸巾，笑出眼泪别怪我！精彩搞笑剪辑
[2016-11-27 16:55:37.005] [DEBUG] 今日头条 - 准备好纸巾，笑出眼泪别怪我！精彩搞笑剪辑
[2016-11-27 16:55:37.008] [DEBUG] 今日头条 - 准备好纸巾，笑出眼泪别怪我！精彩搞笑剪辑
[2016-11-27 16:55:37.024] [DEBUG] 今日头条 - 准备好纸巾，笑出眼泪别怪我！精彩搞笑剪辑
[2016-11-27 16:55:37.029] [DEBUG] 今日头条 - 准备好纸巾，笑出眼泪别怪我！精彩搞笑剪辑
[2016-11-27 16:55:37.034] [DEBUG] 今日头条 - 准备好纸巾，笑出眼泪别怪我！精彩搞笑剪辑
[2016-11-27 16:55:37.039] [DEBUG] 今日头条 - 准备好纸巾，笑出眼泪别怪我！精彩搞笑剪辑
[2016-11-27 16:55:37.049] [DEBUG] 今日头条 - 准备好纸巾，笑出眼泪别怪我！精彩搞笑剪辑
[2016-11-27 16:55:37.062] [DEBUG] 今日头条 - 准备好纸巾，笑出眼泪别怪我！精彩搞笑剪辑
[2016-11-27 16:55:37.065] [DEBUG] 今日头条 - 准备好纸巾，笑出眼泪别怪我！精彩搞笑剪辑
[2016-11-27 16:55:37.074] [DEBUG] 今日头条 - 准备好纸巾，笑出眼泪别怪我！精彩搞笑剪辑
[2016-11-27 16:55:37.081] [DEBUG] 今日头条 - 准备好纸巾，笑出眼泪别怪我！精彩搞笑剪辑
[2016-11-27 16:55:37.088] [DEBUG] 今日头条 - 准备好纸巾，笑出眼泪别怪我！精彩搞笑剪辑
[2016-11-27 16:55:37.098] [DEBUG] 今日头条 - 准备好纸巾，笑出眼泪别怪我！精彩搞笑剪辑
[2016-11-27 16:55:37.110] [DEBUG] 今日头条 - 准备好纸巾，笑出眼泪别怪我！精彩搞笑剪辑
[2016-11-27 16:55:37.118] [DEBUG] 今日头条 - 准备好纸巾，笑出眼泪别怪我！精彩搞笑剪辑
[2016-11-27 16:55:37.127] [DEBUG] 今日头条 - 准备好纸巾，笑出眼泪别怪我！精彩搞笑剪辑
[2016-11-27 16:55:37.127] [DEBUG] 今日头条 - 准备好纸巾，笑出眼泪别怪我！精彩搞笑剪辑
[2016-11-27 16:55:37.143] [DEBUG] 今日头条 - 准备好纸巾，笑出眼泪别怪我！精彩搞笑剪辑
[2016-11-27 16:55:37.143] [DEBUG] 今日头条 - 准备好纸巾，笑出眼泪别怪我！精彩搞笑剪辑
[2016-11-27 16:55:37.158] [DEBUG] 今日头条 - 准备好纸巾，笑出眼泪别怪我！精彩搞笑剪辑
[2016-11-27 16:55:37.158] [DEBUG] 今日头条 - 准备好纸巾，笑出眼泪别怪我！精彩搞笑剪辑
[2016-11-27 16:55:37.174] [DEBUG] 今日头条 - 准备好纸巾，笑出眼泪别怪我！精彩搞笑剪辑
[2016-11-27 16:55:37.174] [DEBUG] 今日头条 - 准备好纸巾，笑出眼泪别怪我！精彩搞笑剪辑
[2016-11-27 16:55:37.190] [DEBUG] 今日头条 - 准备好纸巾，笑出眼泪别怪我！精彩搞笑剪辑
[2016-11-27 16:55:37.190] [DEBUG] 今日头条 - 准备好纸巾，笑出眼泪别怪我！精彩搞笑剪辑
[2016-11-27 16:55:37.190] [DEBUG] 今日头条 - 准备好纸巾，笑出眼泪别怪我！精彩搞笑剪辑
[2016-11-27 16:55:37.205] [DEBUG] 今日头条 - 准备好纸巾，笑出眼泪别怪我！精彩搞笑剪辑
[2016-11-27 16:55:37.221] [DEBUG] 今日头条 - 准备好纸巾，笑出眼泪别怪我！精彩搞笑剪辑
[2016-11-27 16:55:37.221] [DEBUG] 今日头条 - 准备好纸巾，笑出眼泪别怪我！精彩搞笑剪辑
[2016-11-27 16:55:37.236] [DEBUG] 今日头条 - 准备好纸巾，笑出眼泪别怪我！精彩搞笑剪辑
[2016-11-27 16:55:37.252] [DEBUG] 今日头条 - 准备好纸巾，笑出眼泪别怪我！精彩搞笑剪辑
[2016-11-27 16:55:37.268] [DEBUG] 今日头条 - 准备好纸巾，笑出眼泪别怪我！精彩搞笑剪辑
[2016-11-27 16:55:37.268] [DEBUG] 今日头条 - 准备好纸巾，笑出眼泪别怪我！精彩搞笑剪辑
[2016-11-27 16:55:37.283] [DEBUG] 今日头条 - 准备好纸巾，笑出眼泪别怪我！精彩搞笑剪辑
[2016-11-27 16:55:37.283] [DEBUG] 今日头条 - 准备好纸巾，笑出眼泪别怪我！精彩搞笑剪辑
[2016-11-27 16:55:37.283] [DEBUG] 今日头条 - 准备好纸巾，笑出眼泪别怪我！精彩搞笑剪辑
[2016-11-27 16:55:37.299] [DEBUG] 今日头条 - 准备好纸巾，笑出眼泪别怪我！精彩搞笑剪辑
[2016-11-27 16:55:37.299] [DEBUG] 今日头条 - 准备好纸巾，笑出眼泪别怪我！精彩搞笑剪辑
[2016-11-27 16:55:37.316] [DEBUG] 今日头条 - 准备好纸巾，笑出眼泪别怪我！精彩搞笑剪辑
[2016-11-27 16:55:37.325] [DEBUG] 今日头条 - 准备好纸巾，笑出眼泪别怪我！精彩搞笑剪辑
[2016-11-27 16:55:37.335] [DEBUG] 今日头条 - 准备好纸巾，笑出眼泪别怪我！精彩搞笑剪辑
[2016-11-27 16:55:37.339] [DEBUG] 今日头条 - 准备好纸巾，笑出眼泪别怪我！精彩搞笑剪辑
[2016-11-27 16:55:37.352] [DEBUG] 今日头条 - 准备好纸巾，笑出眼泪别怪我！精彩搞笑剪辑
[2016-11-27 16:55:37.358] [DEBUG] 今日头条 - 准备好纸巾，笑出眼泪别怪我！精彩搞笑剪辑
[2016-11-27 16:55:37.371] [DEBUG] 今日头条 - 准备好纸巾，笑出眼泪别怪我！精彩搞笑剪辑
[2016-11-27 16:55:37.386] [DEBUG] 今日头条 - 准备好纸巾，笑出眼泪别怪我！精彩搞笑剪辑
[2016-11-27 16:55:37.389] [DEBUG] 今日头条 - 准备好纸巾，笑出眼泪别怪我！精彩搞笑剪辑
[2016-11-27 16:55:37.395] [DEBUG] 今日头条 - 准备好纸巾，笑出眼泪别怪我！精彩搞笑剪辑
[2016-11-27 16:55:37.404] [DEBUG] 今日头条 - 准备好纸巾，笑出眼泪别怪我！精彩搞笑剪辑
[2016-11-27 16:55:37.419] [DEBUG] 今日头条 - 准备好纸巾，笑出眼泪别怪我！精彩搞笑剪辑
[2016-11-27 16:55:37.424] [DEBUG] 今日头条 - 准备好纸巾，笑出眼泪别怪我！精彩搞笑剪辑
[2016-11-27 16:55:37.434] [DEBUG] 今日头条 - 准备好纸巾，笑出眼泪别怪我！精彩搞笑剪辑
[2016-11-27 16:55:37.437] [DEBUG] 今日头条 - 准备好纸巾，笑出眼泪别怪我！精彩搞笑剪辑
[2016-11-27 16:55:37.455] [DEBUG] 今日头条 - 准备好纸巾，笑出眼泪别怪我！精彩搞笑剪辑
[2016-11-27 16:55:37.460] [DEBUG] 今日头条 - 准备好纸巾，笑出眼泪别怪我！精彩搞笑剪辑
[2016-11-27 16:55:37.463] [DEBUG] 今日头条 - 准备好纸巾，笑出眼泪别怪我！精彩搞笑剪辑
[2016-11-27 16:55:37.472] [DEBUG] 今日头条 - 准备好纸巾，笑出眼泪别怪我！精彩搞笑剪辑
[2016-11-27 16:55:37.480] [DEBUG] 今日头条 - 准备好纸巾，笑出眼泪别怪我！精彩搞笑剪辑
[2016-11-27 16:55:37.493] [DEBUG] 今日头条 - 准备好纸巾，笑出眼泪别怪我！精彩搞笑剪辑
[2016-11-27 16:55:37.496] [DEBUG] 今日头条 - 准备好纸巾，笑出眼泪别怪我！精彩搞笑剪辑
[2016-11-27 16:55:37.505] [DEBUG] 今日头条 - 准备好纸巾，笑出眼泪别怪我！精彩搞笑剪辑
[2016-11-27 16:55:37.509] [DEBUG] 今日头条 - 准备好纸巾，笑出眼泪别怪我！精彩搞笑剪辑
[2016-11-27 16:55:37.514] [DEBUG] 今日头条 - 准备好纸巾，笑出眼泪别怪我！精彩搞笑剪辑
[2016-11-27 16:55:37.520] [DEBUG] 今日头条 - 准备好纸巾，笑出眼泪别怪我！精彩搞笑剪辑
[2016-11-27 16:55:37.543] [DEBUG] 今日头条 - 准备好纸巾，笑出眼泪别怪我！精彩搞笑剪辑
[2016-11-27 16:55:37.552] [DEBUG] 今日头条 - 准备好纸巾，笑出眼泪别怪我！精彩搞笑剪辑
[2016-11-27 16:55:37.557] [DEBUG] 今日头条 - 准备好纸巾，笑出眼泪别怪我！精彩搞笑剪辑
[2016-11-27 16:55:37.583] [DEBUG] 今日头条 - 准备好纸巾，笑出眼泪别怪我！精彩搞笑剪辑
[2016-11-27 16:55:37.586] [DEBUG] 今日头条 - 准备好纸巾，笑出眼泪别怪我！精彩搞笑剪辑
[2016-11-27 16:55:37.589] [DEBUG] 今日头条 - 准备好纸巾，笑出眼泪别怪我！精彩搞笑剪辑
[2016-11-27 16:55:37.594] [DEBUG] 今日头条 - 准备好纸巾，笑出眼泪别怪我！精彩搞笑剪辑
[2016-11-27 16:55:37.612] [DEBUG] 今日头条 - 准备好纸巾，笑出眼泪别怪我！精彩搞笑剪辑
[2016-11-27 16:55:37.617] [DEBUG] 今日头条 - 准备好纸巾，笑出眼泪别怪我！精彩搞笑剪辑
[2016-11-27 16:55:37.620] [DEBUG] 今日头条 - 准备好纸巾，笑出眼泪别怪我！精彩搞笑剪辑
[2016-11-27 16:55:37.624] [DEBUG] 今日头条 - 准备好纸巾，笑出眼泪别怪我！精彩搞笑剪辑
[2016-11-27 16:55:37.630] [DEBUG] 今日头条 - 准备好纸巾，笑出眼泪别怪我！精彩搞笑剪辑
[2016-11-27 16:55:37.654] [DEBUG] 今日头条 - 准备好纸巾，笑出眼泪别怪我！精彩搞笑剪辑
[2016-11-27 16:55:37.687] [DEBUG] 今日头条 - 已经没有数据
[2016-11-27 16:55:37.692] [DEBUG] 今日头条 - 已经没有数据
[2016-11-27 16:55:37.711] [DEBUG] 今日头条 - 准备好纸巾，笑出眼泪别怪我！精彩搞笑剪辑
[2016-11-27 16:55:37.716] [DEBUG] 今日头条 - 准备好纸巾，笑出眼泪别怪我！精彩搞笑剪辑
[2016-11-27 16:55:37.726] [DEBUG] 今日头条 - 已经没有数据
[2016-11-27 16:55:37.728] [DEBUG] 今日头条 - 准备好纸巾，笑出眼泪别怪我！精彩搞笑剪辑
[2016-11-27 16:55:37.731] [DEBUG] 今日头条 - 已经没有数据
[2016-11-27 16:55:37.734] [DEBUG] 今日头条 - 已经没有数据
[2016-11-27 16:55:37.736] [DEBUG] 今日头条 - 已经没有数据
[2016-11-27 16:55:37.740] [DEBUG] 今日头条 - 已经没有数据
[2016-11-27 16:55:37.755] [DEBUG] 今日头条 - 准备好纸巾，笑出眼泪别怪我！精彩搞笑剪辑
[2016-11-27 16:55:37.795] [DEBUG] 今日头条 - 准备好纸巾，笑出眼泪别怪我！精彩搞笑剪辑
[2016-11-27 16:55:37.800] [DEBUG] 今日头条 - 准备好纸巾，笑出眼泪别怪我！精彩搞笑剪辑
[2016-11-27 16:55:37.839] [DEBUG] 今日头条 - 准备好纸巾，笑出眼泪别怪我！精彩搞笑剪辑
[2016-11-27 16:55:37.865] [DEBUG] 今日头条 - 准备好纸巾，笑出眼泪别怪我！精彩搞笑剪辑
[2016-11-27 16:55:37.901] [DEBUG] 今日头条 - 已经没有数据
[2016-11-27 16:55:37.926] [DEBUG] 今日头条 - 准备好纸巾，笑出眼泪别怪我！精彩搞笑剪辑
[2016-11-27 16:55:37.974] [DEBUG] 今日头条 - 已经没有数据
[2016-11-27 16:55:38.003] [DEBUG] 今日头条 - 准备好纸巾，笑出眼泪别怪我！精彩搞笑剪辑
[2016-11-27 16:55:38.048] [DEBUG] 今日头条 - 准备好纸巾，笑出眼泪别怪我！精彩搞笑剪辑
[2016-11-27 16:55:38.082] [DEBUG] 今日头条 - 准备好纸巾，笑出眼泪别怪我！精彩搞笑剪辑
[2016-11-27 16:55:38.124] [DEBUG] 今日头条 - 准备好纸巾，笑出眼泪别怪我！精彩搞笑剪辑
[2016-11-27 16:55:38.173] [DEBUG] 今日头条 - 已经没有数据
[2016-11-27 16:55:38.197] [DEBUG] 今日头条 - 准备好纸巾，笑出眼泪别怪我！精彩搞笑剪辑
[2016-11-27 16:55:38.291] [DEBUG] 今日头条 - 已经没有数据
[2016-11-27 16:55:38.357] [DEBUG] 今日头条 - 准备好纸巾，笑出眼泪别怪我！精彩搞笑剪辑
[2016-11-27 16:55:38.452] [DEBUG] 今日头条 - 已经没有数据
[2016-11-27 16:55:38.616] [DEBUG] 今日头条 - 准备好纸巾，笑出眼泪别怪我！精彩搞笑剪辑
[2016-11-27 16:55:38.625] [DEBUG] 今日头条 - 准备好纸巾，笑出眼泪别怪我！精彩搞笑剪辑
[2016-11-27 16:55:38.708] [DEBUG] 今日头条 - 准备好纸巾，笑出眼泪别怪我！精彩搞笑剪辑
[2016-11-27 16:55:38.714] [DEBUG] 今日头条 - 准备好纸巾，笑出眼泪别怪我！精彩搞笑剪辑
[2016-11-27 16:55:38.783] [DEBUG] 今日头条 - 准备好纸巾，笑出眼泪别怪我！精彩搞笑剪辑
[2016-11-27 16:55:38.789] [DEBUG] 今日头条 - 准备好纸巾，笑出眼泪别怪我！精彩搞笑剪辑
