[2016-11-26 23:13:29.854] [TRACE] 今日头条 - DealWith instantiation ...
[2016-11-26 23:13:29.864] [TRACE] 今日头条 - spiderCore instantiation ...
[2016-11-26 23:13:29.864] [TRACE] 今日头条 - 启动函数
[2016-11-26 23:13:29.894] [DEBUG] 今日头条 - 任务信息数据库连接建立...成功
[2016-11-26 23:13:29.899] [DEBUG] 今日头条 - 缓存队列数据库连接建立...成功
[2016-11-26 23:13:29.901] [DEBUG] 今日头条 - 创建数据库连接完毕
[2016-11-26 23:13:29.903] [INFO] 今日头条 - { p: '6', id: '6518345701', name: '共赏雅俗' }
[2016-11-26 23:13:30.324] [DEBUG] 今日头条 - undefined
[2016-11-26 23:13:31.676] [DEBUG] 今日头条 - undefined
[2016-11-26 23:13:31.951] [DEBUG] 今日头条 - undefined
[2016-11-26 23:13:32.240] [DEBUG] 今日头条 - undefined
[2016-11-26 23:13:32.510] [DEBUG] 今日头条 - undefined
[2016-11-26 23:13:32.790] [DEBUG] 今日头条 - undefined
[2016-11-26 23:13:33.082] [DEBUG] 今日头条 - undefined
[2016-11-26 23:13:33.353] [DEBUG] 今日头条 - undefined
[2016-11-26 23:13:33.754] [DEBUG] 今日头条 - undefined
[2016-11-26 23:34:25.105] [TRACE] 今日头条 - DealWith instantiation ...
[2016-11-26 23:34:25.115] [TRACE] 今日头条 - spiderCore instantiation ...
[2016-11-26 23:34:25.115] [TRACE] 今日头条 - 启动函数
[2016-11-26 23:34:25.145] [DEBUG] 今日头条 - 任务信息数据库连接建立...成功
[2016-11-26 23:34:25.155] [DEBUG] 今日头条 - 缓存队列数据库连接建立...成功
[2016-11-26 23:34:25.155] [DEBUG] 今日头条 - 创建数据库连接完毕
[2016-11-26 23:34:25.155] [INFO] 今日头条 - { p: '6', id: '6518345701', name: '共赏雅俗' }
[2016-11-26 23:34:25.429] [DEBUG] 今日头条 - []
[2016-11-26 23:34:25.431] [DEBUG] 今日头条 -     
[2016-11-26 23:34:25.806] [DEBUG] 今日头条 - []
[2016-11-26 23:34:25.806] [DEBUG] 今日头条 -     
[2016-11-26 23:34:26.174] [DEBUG] 今日头条 - []
[2016-11-26 23:34:26.174] [DEBUG] 今日头条 -     
[2016-11-26 23:34:26.563] [DEBUG] 今日头条 - []
[2016-11-26 23:34:26.563] [DEBUG] 今日头条 -     
[2016-11-26 23:34:26.963] [DEBUG] 今日头条 - []
[2016-11-26 23:34:26.966] [DEBUG] 今日头条 -     
[2016-11-26 23:34:27.326] [DEBUG] 今日头条 - []
[2016-11-26 23:34:27.326] [DEBUG] 今日头条 -     
[2016-11-26 23:34:27.720] [DEBUG] 今日头条 - []
[2016-11-26 23:34:27.720] [DEBUG] 今日头条 -     
