[2016-11-27 19:26:07.401] [TRACE] 今日头条 - DealWith instantiation ...
[2016-11-27 19:26:07.408] [TRACE] 今日头条 - spiderCore instantiation ...
[2016-11-27 19:26:07.410] [TRACE] 今日头条 - 启动函数
[2016-11-27 19:26:07.438] [DEBUG] 今日头条 - 任务信息数据库连接建立...成功
[2016-11-27 19:26:07.440] [DEBUG] 今日头条 - 缓存队列数据库连接建立...成功
[2016-11-27 19:26:07.442] [DEBUG] 今日头条 - 创建数据库连接完毕
[2016-11-27 19:26:07.444] [INFO] 今日头条 - { p: '6', id: '50246551362', name: '视频不重要评论最搞笑' }
[2016-11-27 19:26:08.623] [DEBUG] 今日头条 - 王大锤当保安吐槽安保系统，柯达和小爱竟擦出爱情火花
[2016-11-27 19:26:08.626] [DEBUG] 今日头条 - 王大锤五指山镇压泼猴刘循子墨，教授易小星带其西天取经
[2016-11-27 19:26:08.941] [DEBUG] 今日头条 - 王大锤五指山镇压泼猴刘循子墨，教授易小星带其西天取经
[2016-11-27 19:26:08.946] [DEBUG] 今日头条 - 王大锤和子墨的爱情故事：我曾许下心愿知道我是变态的我就嫁给他
[2016-11-27 19:26:09.228] [DEBUG] 今日头条 - 王大锤和子墨的爱情故事：我曾许下心愿知道我是变态的我就嫁给他
[2016-11-27 19:26:09.233] [DEBUG] 今日头条 - 王大锤最终还是击败了理发师青龙，竟是没有钱办会员卡
[2016-11-27 19:26:09.522] [DEBUG] 今日头条 - 王大锤最终还是击败了理发师青龙，竟是没有钱办会员卡
[2016-11-27 19:26:09.527] [DEBUG] 今日头条 - 王大锤参加荒野求生节目，活着一只野生巧克力
[2016-11-27 19:26:09.821] [DEBUG] 今日头条 - 王大锤参加荒野求生节目，活着一只野生巧克力
[2016-11-27 19:26:09.823] [DEBUG] 今日头条 - 王大锤当保安吐槽安保系统，柯达和小爱竟擦出爱情火花
[2016-11-27 19:26:10.097] [DEBUG] 今日头条 - 男子机场逃亡不忘耍帅，仗着腿长玩跨栏，结果摔了一个大马哈
[2016-11-27 19:26:10.100] [DEBUG] 今日头条 - 男子机场逃亡不忘耍帅，仗着腿长玩跨栏，结果摔了一个大马哈
[2016-11-27 19:26:10.387] [DEBUG] 今日头条 - 《昆虫总动员》瓢虫宝宝出生了，瓢虫爸妈教宝宝飞行
[2016-11-27 19:26:10.391] [DEBUG] 今日头条 - 《昆虫总动员》瓢虫宝宝出生了，瓢虫爸妈教宝宝飞行
[2016-11-27 19:26:10.683] [DEBUG] 今日头条 - 张柏芝、郑秀文争做齐宣王的王后，郑秀文掉井里，齐宣王落井下石
[2016-11-27 19:26:10.687] [DEBUG] 今日头条 - 张柏芝、郑秀文争做齐宣王的王后，郑秀文掉井里，齐宣王落井下石
[2016-11-27 19:26:10.970] [DEBUG] 今日头条 - 实习神仙齐桓公与张柏芝斗法反被困，大声呼喊：不要搞我的子孙
[2016-11-27 19:26:10.972] [DEBUG] 今日头条 - 实习神仙齐桓公与张柏芝斗法反被困，大声呼喊：不要搞我的子孙
[2016-11-27 19:26:11.256] [DEBUG] 今日头条 - 齐宣王在夜叉山碰到寨主钟无艳，一个行为当即让他决意娶她做王后
[2016-11-27 19:26:11.259] [DEBUG] 今日头条 - 齐宣王在夜叉山碰到寨主钟无艳，一个行为当即让他决意娶她做王后
[2016-11-27 19:26:11.664] [DEBUG] 今日头条 - 吴孟达整蛊金城武和小文，结果反而自己被整的很惨
[2016-11-27 19:26:11.668] [DEBUG] 今日头条 - 吴孟达整蛊金城武和小文，结果反而自己被整的很惨
[2016-11-27 19:26:11.965] [DEBUG] 今日头条 - 路边烧烤摊欠我一个像金城武这样的帅哥
[2016-11-27 19:26:11.967] [DEBUG] 今日头条 - 小文嫌苍蝇太瘦了没有肉不好吃，小龙马上抓了一只肥的给他
[2016-11-27 19:26:12.275] [DEBUG] 今日头条 - 小文嫌苍蝇太瘦了没有肉不好吃，小龙马上抓了一只肥的给他
[2016-11-27 19:26:12.279] [DEBUG] 今日头条 - 小文一个招式就打败了黄飞鸿的师父
[2016-11-27 19:26:12.577] [DEBUG] 今日头条 - 小文一个招式就打败了黄飞鸿的师父
[2016-11-27 19:26:12.582] [DEBUG] 今日头条 - 一个人黑夜上厕所时，下水道冒出东西来怎么办？
[2016-11-27 19:26:12.876] [DEBUG] 今日头条 - 一个人黑夜上厕所时，下水道冒出东西来怎么办？
[2016-11-27 19:26:12.882] [DEBUG] 今日头条 - 徐若瑄问释小龙是本人吗？小龙拍桌子说：不是本人，是中国人
[2016-11-27 19:26:13.173] [DEBUG] 今日头条 - 徐若瑄问释小龙是本人吗？小龙拍桌子说：不是本人，是中国人
[2016-11-27 19:26:13.177] [DEBUG] 今日头条 - 小文生病，小龙和师父们扮女装逗其开心，结果病的更严重了
[2016-11-27 19:26:13.458] [DEBUG] 今日头条 - 小文生病，小龙和师父们扮女装逗其开心，结果病的更严重了
[2016-11-27 19:26:13.462] [DEBUG] 今日头条 - 健身房帅哥对吴孟达说：你输了，我就玩你
[2016-11-27 19:26:13.755] [DEBUG] 今日头条 - 健身房帅哥对吴孟达说：你输了，我就玩你
[2016-11-27 19:26:13.758] [DEBUG] 今日头条 - 夏目和娘口三三帮助三都寻找友人之旅
[2016-11-27 19:26:14.039] [DEBUG] 今日头条 - 《无敌反斗星》说好动手的，怎么脱衣服了，罪过罪过
[2016-11-27 19:26:14.042] [DEBUG] 今日头条 - 憨豆迷路之后回目的地的方式真特别
[2016-11-27 19:26:14.326] [DEBUG] 今日头条 - 夏目和娘口三三帮助三都寻找友人之旅
[2016-11-27 19:26:14.331] [DEBUG] 今日头条 - 夏目和娘口三三的搞笑日常
[2016-11-27 19:26:14.726] [DEBUG] 今日头条 - 憨豆迷路之后回目的地的方式真特别
[2016-11-27 19:26:14.729] [DEBUG] 今日头条 - 萌宠大集合：第一次见到如此欢脱的熊猫宝宝
[2016-11-27 19:26:15.012] [DEBUG] 今日头条 - 夏目和娘口三三的搞笑日常
[2016-11-27 19:26:15.016] [DEBUG] 今日头条 - 元华真是把又贱又娘发挥到了极致啊，果然人至贱无敌
[2016-11-27 19:26:15.308] [DEBUG] 今日头条 - 萌宠大集合：第一次见到如此欢脱的熊猫宝宝
[2016-11-27 19:26:15.310] [DEBUG] 今日头条 - 牌局上葛民辉对外国人说：虽然你们长，但不一定比我们强
[2016-11-27 19:26:15.598] [DEBUG] 今日头条 - 元华真是把又贱又娘发挥到了极致啊，果然人至贱无敌
[2016-11-27 19:26:15.602] [DEBUG] 今日头条 - 武林盟主大赛长安和万永比剑，万永使毒针，长安拔剑得胜
[2016-11-27 19:26:15.897] [DEBUG] 今日头条 - 牌局上葛民辉对外国人说：虽然你们长，但不一定比我们强
[2016-11-27 19:26:15.899] [DEBUG] 今日头条 - 丈夫带同事回家，喝酒壮胆想振夫纲，想不到却遭到妻子毒打一顿
[2016-11-27 19:26:16.177] [DEBUG] 今日头条 - 武林盟主大赛长安和万永比剑，万永使毒针，长安拔剑得胜
[2016-11-27 19:26:16.181] [DEBUG] 今日头条 - 妻子看到丈夫与美女在酒吧的热舞视频，默不作声的准备着他的祭祀
[2016-11-27 19:26:16.477] [DEBUG] 今日头条 - 丈夫带同事回家，喝酒壮胆想振夫纲，想不到却遭到妻子毒打一顿
[2016-11-27 19:26:16.481] [DEBUG] 今日头条 - 新婚妻子每天给丈夫布置外语任务，角色扮演通过之后才可上床
[2016-11-27 19:26:16.768] [DEBUG] 今日头条 - 妻子看到丈夫与美女在酒吧的热舞视频，默不作声的准备着他的祭祀
[2016-11-27 19:26:16.772] [DEBUG] 今日头条 - 一群掌门拿的这个咽炎洁是什么鬼？难道是用来洗手的？
[2016-11-27 19:26:17.062] [DEBUG] 今日头条 - 新婚妻子每天给丈夫布置外语任务，角色扮演通过之后才可上床
[2016-11-27 19:26:17.065] [DEBUG] 今日头条 - 整个手机行业理论构造都是我提出来的，要你一台苹果咋了？
[2016-11-27 19:26:17.341] [DEBUG] 今日头条 - 一群掌门拿的这个咽炎洁是什么鬼？难道是用来洗手的？
[2016-11-27 19:26:17.348] [DEBUG] 今日头条 - 新一代女赌神！周星驰周润发都得拜她为师！
[2016-11-27 19:26:17.737] [DEBUG] 今日头条 - 整个手机行业理论构造都是我提出来的，要你一台苹果咋了？
[2016-11-27 19:26:17.740] [DEBUG] 今日头条 - 台球无敌了，堪比丁俊晖，这球技没谁了
[2016-11-27 19:26:18.026] [DEBUG] 今日头条 - 新一代女赌神！周星驰周润发都得拜她为师！
[2016-11-27 19:26:18.028] [DEBUG] 今日头条 - 路过火车站一下就教了三个学妹，一天不教书我就浑身难受
[2016-11-27 19:26:18.325] [DEBUG] 今日头条 - 台球无敌了，堪比丁俊晖，这球技没谁了
[2016-11-27 19:26:18.327] [DEBUG] 今日头条 - 北京大妈广场舞无敌了，杰克逊都得服气！
[2016-11-27 19:26:18.605] [DEBUG] 今日头条 - 路过火车站一下就教了三个学妹，一天不教书我就浑身难受
[2016-11-27 19:26:18.606] [DEBUG] 今日头条 - 美女被杀马特强行接吻，却高喊着亲我要对我负责！
[2016-11-27 19:26:18.913] [DEBUG] 今日头条 - 北京大妈广场舞无敌了，杰克逊都得服气！
[2016-11-27 19:26:18.917] [DEBUG] 今日头条 - 蛇、蝎子、蜈蚣大战，谁能赢？
[2016-11-27 19:26:19.198] [DEBUG] 今日头条 - 美女被杀马特强行接吻，却高喊着亲我要对我负责！
[2016-11-27 19:26:19.202] [DEBUG] 今日头条 - 老鼠、蝎子、蜈蚣大战，最后谁能赢？
[2016-11-27 19:26:19.833] [DEBUG] 今日头条 - 蛇、蝎子、蜈蚣大战，谁能赢？
[2016-11-27 19:26:19.836] [DEBUG] 今日头条 - 实拍河蟹大战蝎子，谁能赢？
[2016-11-27 19:26:20.122] [DEBUG] 今日头条 - 老鼠、蝎子、蜈蚣大战，最后谁能赢？
[2016-11-27 19:26:20.125] [DEBUG] 今日头条 - 抢劫不成反倒把手机搭进去了
[2016-11-27 19:26:20.424] [DEBUG] 今日头条 - 实拍河蟹大战蝎子，谁能赢？
[2016-11-27 19:26:20.427] [DEBUG] 今日头条 - YY小白龙被打原因曝光
[2016-11-27 19:26:20.700] [DEBUG] 今日头条 - 抢劫不成反倒把手机搭进去了
[2016-11-27 19:26:20.704] [DEBUG] 今日头条 - 广东小伙挑衅，来东北收购ktv，老板一下子叫出来8个保安
[2016-11-27 19:26:21.106] [DEBUG] 今日头条 - YY小白龙被打原因曝光
[2016-11-27 19:26:21.110] [DEBUG] 今日头条 - 只有迪拜土豪养老虎？南方小伙大街上溜虎
[2016-11-27 19:26:21.456] [DEBUG] 今日头条 - 广东小伙挑衅，来东北收购ktv，老板一下子叫出来8个保安
[2016-11-27 19:26:21.460] [DEBUG] 今日头条 - 南方小伙田间偶遇黑熊，居然讨要食物
[2016-11-27 19:26:21.743] [DEBUG] 今日头条 - 只有迪拜土豪养老虎？南方小伙大街上溜虎
[2016-11-27 19:26:21.745] [DEBUG] 今日头条 - 公园清晨偶遇美女，我要不要下手？
[2016-11-27 19:26:22.047] [DEBUG] 今日头条 - 南方小伙田间偶遇黑熊，居然讨要食物
[2016-11-27 19:26:22.049] [DEBUG] 今日头条 - 东北小伙吃辣椒南方小伙不服气，又吃大葱又吃姜最后喝一瓶辣椒油
[2016-11-27 19:26:22.340] [DEBUG] 今日头条 - 公园清晨偶遇美女，我要不要下手？
[2016-11-27 19:26:22.344] [DEBUG] 今日头条 - 美国黑社会暴打中情局警察就是这么随意
[2016-11-27 19:26:22.647] [DEBUG] 今日头条 - 东北小伙吃辣椒南方小伙不服气，又吃大葱又吃姜最后喝一瓶辣椒油
[2016-11-27 19:26:22.649] [DEBUG] 今日头条 - 广州酒吧冒死偷拍
