[2016-11-27 00:06:10.420] [TRACE] 今日头条 - DealWith instantiation ...
[2016-11-27 00:06:10.420] [TRACE] 今日头条 - spiderCore instantiation ...
[2016-11-27 00:06:10.420] [TRACE] 今日头条 - 启动函数
[2016-11-27 00:06:10.454] [DEBUG] 今日头条 - 任务信息数据库连接建立...成功
[2016-11-27 00:06:10.457] [DEBUG] 今日头条 - 缓存队列数据库连接建立...成功
[2016-11-27 00:06:10.458] [DEBUG] 今日头条 - 创建数据库连接完毕
[2016-11-27 00:06:10.460] [INFO] 今日头条 - { p: '6', id: '6518345701', name: '共赏雅俗' }
[2016-11-27 00:06:10.838] [DEBUG] 今日头条 - [ { picurl: 'http://p2.pstatp.com/list/11350003f163309dcb58',
    tag: [ '婚姻', '19天' ],
    seconds: '03:08' },
  { picurl: 'http://p2.pstatp.com/list/f90001255447635a417',
    tag: [ '周恩来', '暗杀' ],
    seconds: '02:12' },
  { picurl: 'http://p2.pstatp.com/list/f900012541b58dea2f6',
    tag: [ '功夫' ],
    seconds: '03:18' },
  { picurl: 'http://p2.pstatp.com/list/12020000cc05f6369560',
    tag: [ '林彪', '周恩来', '中国历史' ],
    seconds: '02:32' },
  { picurl: 'http://p2.pstatp.com/list/f9000111cedb97339b0',
    tag: [ '备孕' ],
    seconds: '04:25' },
  { picurl: 'http://p2.pstatp.com/list/1139000c3435cf459721',
    tag: [ '育儿' ],
    seconds: '02:19' },
  { picurl: 'http://p2.pstatp.com/list/120900036b0c2f87f736',
    tag: [],
    seconds: '02:26' },
  { picurl: 'http://p2.pstatp.com/list/1139000c289248769c9c',
    tag: [ '农业', '农民', '农村', '三农' ],
    seconds: '03:55' },
  { picurl: 'http://p2.pstatp.com/list/11fd0000dfec2a0b4991',
    tag: [],
    seconds: '03:15' },
  { picurl: 'http://p2.pstatp.com/list/113600082dbfa973c43c',
    tag: [ '农村', '农业', '农民' ],
    seconds: '02:37' } ]
[2016-11-27 00:06:10.952] [DEBUG] 今日头条 - [ { picurl: 'http://p2.pstatp.com/list/11350003f163309dcb58',
    tag: [ '婚姻', '19天' ],
    seconds: '03:08' },
  { picurl: 'http://p2.pstatp.com/list/f90001255447635a417',
    tag: [ '周恩来', '暗杀' ],
    seconds: '02:12' },
  { picurl: 'http://p2.pstatp.com/list/f900012541b58dea2f6',
    tag: [ '功夫' ],
    seconds: '03:18' },
  { picurl: 'http://p2.pstatp.com/list/12020000cc05f6369560',
    tag: [ '林彪', '周恩来', '中国历史' ],
    seconds: '02:32' },
  { picurl: 'http://p2.pstatp.com/list/f9000111cedb97339b0',
    tag: [ '备孕' ],
    seconds: '04:25' },
  { picurl: 'http://p2.pstatp.com/list/1139000c3435cf459721',
    tag: [ '育儿' ],
    seconds: '02:19' },
  { picurl: 'http://p2.pstatp.com/list/120900036b0c2f87f736',
    tag: [],
    seconds: '02:26' },
  { picurl: 'http://p2.pstatp.com/list/1139000c289248769c9c',
    tag: [ '农业', '农民', '农村', '三农' ],
    seconds: '03:55' },
  { picurl: 'http://p2.pstatp.com/list/11fd0000dfec2a0b4991',
    tag: [],
    seconds: '03:15' },
  { picurl: 'http://p2.pstatp.com/list/113600082dbfa973c43c',
    tag: [ '农村', '农业', '农民' ],
    seconds: '02:37' } ]
[2016-11-27 00:06:11.072] [DEBUG] 今日头条 - [ { picurl: 'http://p2.pstatp.com/list/11350003f163309dcb58',
    tag: [ '婚姻', '19天' ],
    seconds: '03:08' },
  { picurl: 'http://p2.pstatp.com/list/f90001255447635a417',
    tag: [ '周恩来', '暗杀' ],
    seconds: '02:12' },
  { picurl: 'http://p2.pstatp.com/list/f900012541b58dea2f6',
    tag: [ '功夫' ],
    seconds: '03:18' },
  { picurl: 'http://p2.pstatp.com/list/12020000cc05f6369560',
    tag: [ '林彪', '周恩来', '中国历史' ],
    seconds: '02:32' },
  { picurl: 'http://p2.pstatp.com/list/f9000111cedb97339b0',
    tag: [ '备孕' ],
    seconds: '04:25' },
  { picurl: 'http://p2.pstatp.com/list/1139000c3435cf459721',
    tag: [ '育儿' ],
    seconds: '02:19' },
  { picurl: 'http://p2.pstatp.com/list/120900036b0c2f87f736',
    tag: [],
    seconds: '02:26' },
  { picurl: 'http://p2.pstatp.com/list/1139000c289248769c9c',
    tag: [ '农业', '农民', '农村', '三农' ],
    seconds: '03:55' },
  { picurl: 'http://p2.pstatp.com/list/11fd0000dfec2a0b4991',
    tag: [],
    seconds: '03:15' },
  { picurl: 'http://p2.pstatp.com/list/113600082dbfa973c43c',
    tag: [ '农村', '农业', '农民' ],
    seconds: '02:37' } ]
[2016-11-27 00:06:11.176] [DEBUG] 今日头条 - [ { picurl: 'http://p2.pstatp.com/list/11350003f163309dcb58',
    tag: [ '婚姻', '19天' ],
    seconds: '03:08' },
  { picurl: 'http://p2.pstatp.com/list/f90001255447635a417',
    tag: [ '周恩来', '暗杀' ],
    seconds: '02:12' },
  { picurl: 'http://p2.pstatp.com/list/f900012541b58dea2f6',
    tag: [ '功夫' ],
    seconds: '03:18' },
  { picurl: 'http://p2.pstatp.com/list/12020000cc05f6369560',
    tag: [ '林彪', '周恩来', '中国历史' ],
    seconds: '02:32' },
  { picurl: 'http://p2.pstatp.com/list/f9000111cedb97339b0',
    tag: [ '备孕' ],
    seconds: '04:25' },
  { picurl: 'http://p2.pstatp.com/list/1139000c3435cf459721',
    tag: [ '育儿' ],
    seconds: '02:19' },
  { picurl: 'http://p2.pstatp.com/list/120900036b0c2f87f736',
    tag: [],
    seconds: '02:26' },
  { picurl: 'http://p2.pstatp.com/list/1139000c289248769c9c',
    tag: [ '农业', '农民', '农村', '三农' ],
    seconds: '03:55' },
  { picurl: 'http://p2.pstatp.com/list/11fd0000dfec2a0b4991',
    tag: [],
    seconds: '03:15' },
  { picurl: 'http://p2.pstatp.com/list/113600082dbfa973c43c',
    tag: [ '农村', '农业', '农民' ],
    seconds: '02:37' } ]
[2016-11-27 00:06:11.288] [DEBUG] 今日头条 - [ { picurl: 'http://p2.pstatp.com/list/11350003f163309dcb58',
    tag: [ '婚姻', '19天' ],
    seconds: '03:08' },
  { picurl: 'http://p2.pstatp.com/list/f90001255447635a417',
    tag: [ '周恩来', '暗杀' ],
    seconds: '02:12' },
  { picurl: 'http://p2.pstatp.com/list/f900012541b58dea2f6',
    tag: [ '功夫' ],
    seconds: '03:18' },
  { picurl: 'http://p2.pstatp.com/list/12020000cc05f6369560',
    tag: [ '林彪', '周恩来', '中国历史' ],
    seconds: '02:32' },
  { picurl: 'http://p2.pstatp.com/list/f9000111cedb97339b0',
    tag: [ '备孕' ],
    seconds: '04:25' },
  { picurl: 'http://p2.pstatp.com/list/1139000c3435cf459721',
    tag: [ '育儿' ],
    seconds: '02:19' },
  { picurl: 'http://p2.pstatp.com/list/120900036b0c2f87f736',
    tag: [],
    seconds: '02:26' },
  { picurl: 'http://p2.pstatp.com/list/1139000c289248769c9c',
    tag: [ '农业', '农民', '农村', '三农' ],
    seconds: '03:55' },
  { picurl: 'http://p2.pstatp.com/list/11fd0000dfec2a0b4991',
    tag: [],
    seconds: '03:15' },
  { picurl: 'http://p2.pstatp.com/list/113600082dbfa973c43c',
    tag: [ '农村', '农业', '农民' ],
    seconds: '02:37' } ]
[2016-11-27 00:06:11.417] [DEBUG] 今日头条 - [ { picurl: 'http://p2.pstatp.com/list/11350003f163309dcb58',
    tag: [ '婚姻', '19天' ],
    seconds: '03:08' },
  { picurl: 'http://p2.pstatp.com/list/f90001255447635a417',
    tag: [ '周恩来', '暗杀' ],
    seconds: '02:12' },
  { picurl: 'http://p2.pstatp.com/list/f900012541b58dea2f6',
    tag: [ '功夫' ],
    seconds: '03:18' },
  { picurl: 'http://p2.pstatp.com/list/12020000cc05f6369560',
    tag: [ '林彪', '周恩来', '中国历史' ],
    seconds: '02:32' },
  { picurl: 'http://p2.pstatp.com/list/f9000111cedb97339b0',
    tag: [ '备孕' ],
    seconds: '04:25' },
  { picurl: 'http://p2.pstatp.com/list/1139000c3435cf459721',
    tag: [ '育儿' ],
    seconds: '02:19' },
  { picurl: 'http://p2.pstatp.com/list/120900036b0c2f87f736',
    tag: [],
    seconds: '02:26' },
  { picurl: 'http://p2.pstatp.com/list/1139000c289248769c9c',
    tag: [ '农业', '农民', '农村', '三农' ],
    seconds: '03:55' },
  { picurl: 'http://p2.pstatp.com/list/11fd0000dfec2a0b4991',
    tag: [],
    seconds: '03:15' },
  { picurl: 'http://p2.pstatp.com/list/113600082dbfa973c43c',
    tag: [ '农村', '农业', '农民' ],
    seconds: '02:37' } ]
[2016-11-27 00:06:11.532] [DEBUG] 今日头条 - [ { picurl: 'http://p2.pstatp.com/list/11350003f163309dcb58',
    tag: [ '婚姻', '19天' ],
    seconds: '03:08' },
  { picurl: 'http://p2.pstatp.com/list/f90001255447635a417',
    tag: [ '周恩来', '暗杀' ],
    seconds: '02:12' },
  { picurl: 'http://p2.pstatp.com/list/f900012541b58dea2f6',
    tag: [ '功夫' ],
    seconds: '03:18' },
  { picurl: 'http://p2.pstatp.com/list/12020000cc05f6369560',
    tag: [ '林彪', '周恩来', '中国历史' ],
    seconds: '02:32' },
  { picurl: 'http://p2.pstatp.com/list/f9000111cedb97339b0',
    tag: [ '备孕' ],
    seconds: '04:25' },
  { picurl: 'http://p2.pstatp.com/list/1139000c3435cf459721',
    tag: [ '育儿' ],
    seconds: '02:19' },
  { picurl: 'http://p2.pstatp.com/list/120900036b0c2f87f736',
    tag: [],
    seconds: '02:26' },
  { picurl: 'http://p2.pstatp.com/list/1139000c289248769c9c',
    tag: [ '农业', '农民', '农村', '三农' ],
    seconds: '03:55' },
  { picurl: 'http://p2.pstatp.com/list/11fd0000dfec2a0b4991',
    tag: [],
    seconds: '03:15' },
  { picurl: 'http://p2.pstatp.com/list/113600082dbfa973c43c',
    tag: [ '农村', '农业', '农民' ],
    seconds: '02:37' } ]
[2016-11-27 00:06:11.686] [DEBUG] 今日头条 - [ { picurl: 'http://p2.pstatp.com/list/11350003f163309dcb58',
    tag: [ '婚姻', '19天' ],
    seconds: '03:08' },
  { picurl: 'http://p2.pstatp.com/list/f90001255447635a417',
    tag: [ '周恩来', '暗杀' ],
    seconds: '02:12' },
  { picurl: 'http://p2.pstatp.com/list/f900012541b58dea2f6',
    tag: [ '功夫' ],
    seconds: '03:18' },
  { picurl: 'http://p2.pstatp.com/list/12020000cc05f6369560',
    tag: [ '林彪', '周恩来', '中国历史' ],
    seconds: '02:32' },
  { picurl: 'http://p2.pstatp.com/list/f9000111cedb97339b0',
    tag: [ '备孕' ],
    seconds: '04:25' },
  { picurl: 'http://p2.pstatp.com/list/1139000c3435cf459721',
    tag: [ '育儿' ],
    seconds: '02:19' },
  { picurl: 'http://p2.pstatp.com/list/120900036b0c2f87f736',
    tag: [],
    seconds: '02:26' },
  { picurl: 'http://p2.pstatp.com/list/1139000c289248769c9c',
    tag: [ '农业', '农民', '农村', '三农' ],
    seconds: '03:55' },
  { picurl: 'http://p2.pstatp.com/list/11fd0000dfec2a0b4991',
    tag: [],
    seconds: '03:15' },
  { picurl: 'http://p2.pstatp.com/list/113600082dbfa973c43c',
    tag: [ '农村', '农业', '农民' ],
    seconds: '02:37' } ]
[2016-11-27 00:06:11.779] [DEBUG] 今日头条 - [ { picurl: 'http://p2.pstatp.com/list/11350003f163309dcb58',
    tag: [ '婚姻', '19天' ],
    seconds: '03:08' },
  { picurl: 'http://p2.pstatp.com/list/f90001255447635a417',
    tag: [ '周恩来', '暗杀' ],
    seconds: '02:12' },
  { picurl: 'http://p2.pstatp.com/list/f900012541b58dea2f6',
    tag: [ '功夫' ],
    seconds: '03:18' },
  { picurl: 'http://p2.pstatp.com/list/12020000cc05f6369560',
    tag: [ '林彪', '周恩来', '中国历史' ],
    seconds: '02:32' },
  { picurl: 'http://p2.pstatp.com/list/f9000111cedb97339b0',
    tag: [ '备孕' ],
    seconds: '04:25' },
  { picurl: 'http://p2.pstatp.com/list/1139000c3435cf459721',
    tag: [ '育儿' ],
    seconds: '02:19' },
  { picurl: 'http://p2.pstatp.com/list/120900036b0c2f87f736',
    tag: [],
    seconds: '02:26' },
  { picurl: 'http://p2.pstatp.com/list/1139000c289248769c9c',
    tag: [ '农业', '农民', '农村', '三农' ],
    seconds: '03:55' },
  { picurl: 'http://p2.pstatp.com/list/11fd0000dfec2a0b4991',
    tag: [],
    seconds: '03:15' },
  { picurl: 'http://p2.pstatp.com/list/113600082dbfa973c43c',
    tag: [ '农村', '农业', '农民' ],
    seconds: '02:37' } ]
