[2016-11-27 00:04:09.416] [TRACE] 今日头条 - DealWith instantiation ...
[2016-11-27 00:04:09.426] [TRACE] 今日头条 - spiderCore instantiation ...
[2016-11-27 00:04:09.426] [TRACE] 今日头条 - 启动函数
[2016-11-27 00:04:09.463] [DEBUG] 今日头条 - 任务信息数据库连接建立...成功
[2016-11-27 00:04:09.465] [DEBUG] 今日头条 - 缓存队列数据库连接建立...成功
[2016-11-27 00:04:09.467] [DEBUG] 今日头条 - 创建数据库连接完毕
[2016-11-27 00:04:09.468] [INFO] 今日头条 - { p: '6', id: '6518345701', name: '共赏雅俗' }
[2016-11-27 00:04:09.775] [DEBUG] 今日头条 - 共赏雅俗
[2016-11-27 00:04:09.781] [DEBUG] 今日头条 - 共赏雅俗
[2016-11-27 00:04:09.784] [DEBUG] 今日头条 - 共赏雅俗
[2016-11-27 00:04:09.787] [DEBUG] 今日头条 - 共赏雅俗
[2016-11-27 00:04:09.790] [DEBUG] 今日头条 - 共赏雅俗
[2016-11-27 00:04:09.793] [DEBUG] 今日头条 - 共赏雅俗
[2016-11-27 00:04:09.796] [DEBUG] 今日头条 - 共赏雅俗
[2016-11-27 00:04:09.799] [DEBUG] 今日头条 - 共赏雅俗
[2016-11-27 00:04:09.801] [DEBUG] 今日头条 - 共赏雅俗
[2016-11-27 00:04:09.802] [DEBUG] 今日头条 - 共赏雅俗
[2016-11-27 00:04:09.803] [DEBUG] 今日头条 - [ { picurl: 'http://p2.pstatp.com/list/11350003f163309dcb58',
    tag: [ '婚姻', '19天' ],
    seconds: '03:08' },
  { picurl: 'http://p2.pstatp.com/list/f90001255447635a417',
    tag: [ '周恩来', '暗杀' ],
    seconds: '02:12' },
  { picurl: 'http://p2.pstatp.com/list/f900012541b58dea2f6',
    tag: [ '功夫' ],
    seconds: '03:18' },
  { picurl: 'http://p2.pstatp.com/list/12020000cc05f6369560',
    tag: [ '林彪', '周恩来', '中国历史' ],
    seconds: '02:32' },
  { picurl: 'http://p2.pstatp.com/list/f9000111cedb97339b0',
    tag: [ '备孕' ],
    seconds: '04:25' },
  { picurl: 'http://p2.pstatp.com/list/1139000c3435cf459721',
    tag: [ '育儿' ],
    seconds: '02:19' },
  { picurl: 'http://p2.pstatp.com/list/120900036b0c2f87f736',
    tag: [],
    seconds: '02:26' },
  { picurl: 'http://p2.pstatp.com/list/1139000c289248769c9c',
    tag: [ '农业', '农民', '农村', '三农' ],
    seconds: '03:55' },
  { picurl: 'http://p2.pstatp.com/list/11fd0000dfec2a0b4991',
    tag: [],
    seconds: '03:15' },
  { picurl: 'http://p2.pstatp.com/list/113600082dbfa973c43c',
    tag: [ '农村', '农业', '农民' ],
    seconds: '02:37' } ]
[2016-11-27 00:04:09.981] [DEBUG] 今日头条 - 共赏雅俗
[2016-11-27 00:04:09.981] [DEBUG] 今日头条 - 共赏雅俗
[2016-11-27 00:04:09.991] [DEBUG] 今日头条 - 共赏雅俗
[2016-11-27 00:04:09.991] [DEBUG] 今日头条 - 共赏雅俗
[2016-11-27 00:04:10.001] [DEBUG] 今日头条 - 共赏雅俗
[2016-11-27 00:04:10.001] [DEBUG] 今日头条 - 共赏雅俗
[2016-11-27 00:04:10.011] [DEBUG] 今日头条 - 共赏雅俗
[2016-11-27 00:04:10.011] [DEBUG] 今日头条 - 共赏雅俗
[2016-11-27 00:04:10.011] [DEBUG] 今日头条 - 共赏雅俗
[2016-11-27 00:04:10.011] [DEBUG] 今日头条 - 共赏雅俗
[2016-11-27 00:04:10.021] [DEBUG] 今日头条 - [ { picurl: 'http://p2.pstatp.com/list/11350003f163309dcb58',
    tag: [ '婚姻', '19天' ],
    seconds: '03:08' },
  { picurl: 'http://p2.pstatp.com/list/f90001255447635a417',
    tag: [ '周恩来', '暗杀' ],
    seconds: '02:12' },
  { picurl: 'http://p2.pstatp.com/list/f900012541b58dea2f6',
    tag: [ '功夫' ],
    seconds: '03:18' },
  { picurl: 'http://p2.pstatp.com/list/12020000cc05f6369560',
    tag: [ '林彪', '周恩来', '中国历史' ],
    seconds: '02:32' },
  { picurl: 'http://p2.pstatp.com/list/f9000111cedb97339b0',
    tag: [ '备孕' ],
    seconds: '04:25' },
  { picurl: 'http://p2.pstatp.com/list/1139000c3435cf459721',
    tag: [ '育儿' ],
    seconds: '02:19' },
  { picurl: 'http://p2.pstatp.com/list/120900036b0c2f87f736',
    tag: [],
    seconds: '02:26' },
  { picurl: 'http://p2.pstatp.com/list/1139000c289248769c9c',
    tag: [ '农业', '农民', '农村', '三农' ],
    seconds: '03:55' },
  { picurl: 'http://p2.pstatp.com/list/11fd0000dfec2a0b4991',
    tag: [],
    seconds: '03:15' },
  { picurl: 'http://p2.pstatp.com/list/113600082dbfa973c43c',
    tag: [ '农村', '农业', '农民' ],
    seconds: '02:37' } ]
[2016-11-27 00:04:10.165] [DEBUG] 今日头条 - 共赏雅俗
[2016-11-27 00:04:10.175] [DEBUG] 今日头条 - 共赏雅俗
[2016-11-27 00:04:10.175] [DEBUG] 今日头条 - 共赏雅俗
[2016-11-27 00:04:10.185] [DEBUG] 今日头条 - 共赏雅俗
[2016-11-27 00:04:10.185] [DEBUG] 今日头条 - 共赏雅俗
[2016-11-27 00:04:10.195] [DEBUG] 今日头条 - 共赏雅俗
[2016-11-27 00:04:10.195] [DEBUG] 今日头条 - 共赏雅俗
[2016-11-27 00:04:10.195] [DEBUG] 今日头条 - 共赏雅俗
[2016-11-27 00:04:10.195] [DEBUG] 今日头条 - 共赏雅俗
[2016-11-27 00:04:10.205] [DEBUG] 今日头条 - 共赏雅俗
[2016-11-27 00:04:10.207] [DEBUG] 今日头条 - [ { picurl: 'http://p2.pstatp.com/list/11350003f163309dcb58',
    tag: [ '婚姻', '19天' ],
    seconds: '03:08' },
  { picurl: 'http://p2.pstatp.com/list/f90001255447635a417',
    tag: [ '周恩来', '暗杀' ],
    seconds: '02:12' },
  { picurl: 'http://p2.pstatp.com/list/f900012541b58dea2f6',
    tag: [ '功夫' ],
    seconds: '03:18' },
  { picurl: 'http://p2.pstatp.com/list/12020000cc05f6369560',
    tag: [ '林彪', '周恩来', '中国历史' ],
    seconds: '02:32' },
  { picurl: 'http://p2.pstatp.com/list/f9000111cedb97339b0',
    tag: [ '备孕' ],
    seconds: '04:25' },
  { picurl: 'http://p2.pstatp.com/list/1139000c3435cf459721',
    tag: [ '育儿' ],
    seconds: '02:19' },
  { picurl: 'http://p2.pstatp.com/list/120900036b0c2f87f736',
    tag: [],
    seconds: '02:26' },
  { picurl: 'http://p2.pstatp.com/list/1139000c289248769c9c',
    tag: [ '农业', '农民', '农村', '三农' ],
    seconds: '03:55' },
  { picurl: 'http://p2.pstatp.com/list/11fd0000dfec2a0b4991',
    tag: [],
    seconds: '03:15' },
  { picurl: 'http://p2.pstatp.com/list/113600082dbfa973c43c',
    tag: [ '农村', '农业', '农民' ],
    seconds: '02:37' } ]
[2016-11-27 00:04:10.248] [DEBUG] 今日头条 - 共赏雅俗
[2016-11-27 00:04:10.250] [DEBUG] 今日头条 - 共赏雅俗
[2016-11-27 00:04:10.252] [DEBUG] 今日头条 - 共赏雅俗
[2016-11-27 00:04:10.253] [DEBUG] 今日头条 - 共赏雅俗
[2016-11-27 00:04:10.255] [DEBUG] 今日头条 - 共赏雅俗
[2016-11-27 00:04:10.258] [DEBUG] 今日头条 - 共赏雅俗
[2016-11-27 00:04:10.261] [DEBUG] 今日头条 - 共赏雅俗
[2016-11-27 00:04:10.264] [DEBUG] 今日头条 - 共赏雅俗
[2016-11-27 00:04:10.266] [DEBUG] 今日头条 - 共赏雅俗
[2016-11-27 00:04:10.269] [DEBUG] 今日头条 - 共赏雅俗
[2016-11-27 00:04:10.271] [DEBUG] 今日头条 - [ { picurl: 'http://p2.pstatp.com/list/11350003f163309dcb58',
    tag: [ '婚姻', '19天' ],
    seconds: '03:08' },
  { picurl: 'http://p2.pstatp.com/list/f90001255447635a417',
    tag: [ '周恩来', '暗杀' ],
    seconds: '02:12' },
  { picurl: 'http://p2.pstatp.com/list/f900012541b58dea2f6',
    tag: [ '功夫' ],
    seconds: '03:18' },
  { picurl: 'http://p2.pstatp.com/list/12020000cc05f6369560',
    tag: [ '林彪', '周恩来', '中国历史' ],
    seconds: '02:32' },
  { picurl: 'http://p2.pstatp.com/list/f9000111cedb97339b0',
    tag: [ '备孕' ],
    seconds: '04:25' },
  { picurl: 'http://p2.pstatp.com/list/1139000c3435cf459721',
    tag: [ '育儿' ],
    seconds: '02:19' },
  { picurl: 'http://p2.pstatp.com/list/120900036b0c2f87f736',
    tag: [],
    seconds: '02:26' },
  { picurl: 'http://p2.pstatp.com/list/1139000c289248769c9c',
    tag: [ '农业', '农民', '农村', '三农' ],
    seconds: '03:55' },
  { picurl: 'http://p2.pstatp.com/list/11fd0000dfec2a0b4991',
    tag: [],
    seconds: '03:15' },
  { picurl: 'http://p2.pstatp.com/list/113600082dbfa973c43c',
    tag: [ '农村', '农业', '农民' ],
    seconds: '02:37' } ]
[2016-11-27 00:04:10.415] [DEBUG] 今日头条 - 共赏雅俗
[2016-11-27 00:04:10.415] [DEBUG] 今日头条 - 共赏雅俗
[2016-11-27 00:04:10.425] [DEBUG] 今日头条 - 共赏雅俗
[2016-11-27 00:04:10.425] [DEBUG] 今日头条 - 共赏雅俗
[2016-11-27 00:04:10.425] [DEBUG] 今日头条 - 共赏雅俗
[2016-11-27 00:04:10.435] [DEBUG] 今日头条 - 共赏雅俗
[2016-11-27 00:04:10.435] [DEBUG] 今日头条 - 共赏雅俗
[2016-11-27 00:04:10.435] [DEBUG] 今日头条 - 共赏雅俗
[2016-11-27 00:04:10.435] [DEBUG] 今日头条 - 共赏雅俗
[2016-11-27 00:04:10.446] [DEBUG] 今日头条 - 共赏雅俗
[2016-11-27 00:04:10.448] [DEBUG] 今日头条 - [ { picurl: 'http://p2.pstatp.com/list/11350003f163309dcb58',
    tag: [ '婚姻', '19天' ],
    seconds: '03:08' },
  { picurl: 'http://p2.pstatp.com/list/f90001255447635a417',
    tag: [ '周恩来', '暗杀' ],
    seconds: '02:12' },
  { picurl: 'http://p2.pstatp.com/list/f900012541b58dea2f6',
    tag: [ '功夫' ],
    seconds: '03:18' },
  { picurl: 'http://p2.pstatp.com/list/12020000cc05f6369560',
    tag: [ '林彪', '周恩来', '中国历史' ],
    seconds: '02:32' },
  { picurl: 'http://p2.pstatp.com/list/f9000111cedb97339b0',
    tag: [ '备孕' ],
    seconds: '04:25' },
  { picurl: 'http://p2.pstatp.com/list/1139000c3435cf459721',
    tag: [ '育儿' ],
    seconds: '02:19' },
  { picurl: 'http://p2.pstatp.com/list/120900036b0c2f87f736',
    tag: [],
    seconds: '02:26' },
  { picurl: 'http://p2.pstatp.com/list/1139000c289248769c9c',
    tag: [ '农业', '农民', '农村', '三农' ],
    seconds: '03:55' },
  { picurl: 'http://p2.pstatp.com/list/11fd0000dfec2a0b4991',
    tag: [],
    seconds: '03:15' },
  { picurl: 'http://p2.pstatp.com/list/113600082dbfa973c43c',
    tag: [ '农村', '农业', '农民' ],
    seconds: '02:37' } ]
[2016-11-27 00:04:10.551] [DEBUG] 今日头条 - 共赏雅俗
[2016-11-27 00:04:10.561] [DEBUG] 今日头条 - 共赏雅俗
[2016-11-27 00:04:10.561] [DEBUG] 今日头条 - 共赏雅俗
[2016-11-27 00:04:10.561] [DEBUG] 今日头条 - 共赏雅俗
[2016-11-27 00:04:10.571] [DEBUG] 今日头条 - 共赏雅俗
[2016-11-27 00:04:10.571] [DEBUG] 今日头条 - 共赏雅俗
[2016-11-27 00:04:10.581] [DEBUG] 今日头条 - 共赏雅俗
[2016-11-27 00:04:10.581] [DEBUG] 今日头条 - 共赏雅俗
[2016-11-27 00:04:10.581] [DEBUG] 今日头条 - 共赏雅俗
[2016-11-27 00:04:10.581] [DEBUG] 今日头条 - 共赏雅俗
[2016-11-27 00:04:10.581] [DEBUG] 今日头条 - [ { picurl: 'http://p2.pstatp.com/list/11350003f163309dcb58',
    tag: [ '婚姻', '19天' ],
    seconds: '03:08' },
  { picurl: 'http://p2.pstatp.com/list/f90001255447635a417',
    tag: [ '周恩来', '暗杀' ],
    seconds: '02:12' },
  { picurl: 'http://p2.pstatp.com/list/f900012541b58dea2f6',
    tag: [ '功夫' ],
    seconds: '03:18' },
  { picurl: 'http://p2.pstatp.com/list/12020000cc05f6369560',
    tag: [ '林彪', '周恩来', '中国历史' ],
    seconds: '02:32' },
  { picurl: 'http://p2.pstatp.com/list/f9000111cedb97339b0',
    tag: [ '备孕' ],
    seconds: '04:25' },
  { picurl: 'http://p2.pstatp.com/list/1139000c3435cf459721',
    tag: [ '育儿' ],
    seconds: '02:19' },
  { picurl: 'http://p2.pstatp.com/list/120900036b0c2f87f736',
    tag: [],
    seconds: '02:26' },
  { picurl: 'http://p2.pstatp.com/list/1139000c289248769c9c',
    tag: [ '农业', '农民', '农村', '三农' ],
    seconds: '03:55' },
  { picurl: 'http://p2.pstatp.com/list/11fd0000dfec2a0b4991',
    tag: [],
    seconds: '03:15' },
  { picurl: 'http://p2.pstatp.com/list/113600082dbfa973c43c',
    tag: [ '农村', '农业', '农民' ],
    seconds: '02:37' } ]
[2016-11-27 00:04:10.695] [DEBUG] 今日头条 - 共赏雅俗
[2016-11-27 00:04:10.706] [DEBUG] 今日头条 - 共赏雅俗
[2016-11-27 00:04:10.708] [DEBUG] 今日头条 - 共赏雅俗
[2016-11-27 00:04:10.710] [DEBUG] 今日头条 - 共赏雅俗
[2016-11-27 00:04:10.713] [DEBUG] 今日头条 - 共赏雅俗
[2016-11-27 00:04:10.715] [DEBUG] 今日头条 - 共赏雅俗
[2016-11-27 00:04:10.717] [DEBUG] 今日头条 - 共赏雅俗
[2016-11-27 00:04:10.719] [DEBUG] 今日头条 - 共赏雅俗
[2016-11-27 00:04:10.721] [DEBUG] 今日头条 - 共赏雅俗
[2016-11-27 00:04:10.724] [DEBUG] 今日头条 - 共赏雅俗
[2016-11-27 00:04:10.726] [DEBUG] 今日头条 - [ { picurl: 'http://p2.pstatp.com/list/11350003f163309dcb58',
    tag: [ '婚姻', '19天' ],
    seconds: '03:08' },
  { picurl: 'http://p2.pstatp.com/list/f90001255447635a417',
    tag: [ '周恩来', '暗杀' ],
    seconds: '02:12' },
  { picurl: 'http://p2.pstatp.com/list/f900012541b58dea2f6',
    tag: [ '功夫' ],
    seconds: '03:18' },
  { picurl: 'http://p2.pstatp.com/list/12020000cc05f6369560',
    tag: [ '林彪', '周恩来', '中国历史' ],
    seconds: '02:32' },
  { picurl: 'http://p2.pstatp.com/list/f9000111cedb97339b0',
    tag: [ '备孕' ],
    seconds: '04:25' },
  { picurl: 'http://p2.pstatp.com/list/1139000c3435cf459721',
    tag: [ '育儿' ],
    seconds: '02:19' },
  { picurl: 'http://p2.pstatp.com/list/120900036b0c2f87f736',
    tag: [],
    seconds: '02:26' },
  { picurl: 'http://p2.pstatp.com/list/1139000c289248769c9c',
    tag: [ '农业', '农民', '农村', '三农' ],
    seconds: '03:55' },
  { picurl: 'http://p2.pstatp.com/list/11fd0000dfec2a0b4991',
    tag: [],
    seconds: '03:15' },
  { picurl: 'http://p2.pstatp.com/list/113600082dbfa973c43c',
    tag: [ '农村', '农业', '农民' ],
    seconds: '02:37' } ]
[2016-11-27 00:04:10.819] [DEBUG] 今日头条 - 共赏雅俗
[2016-11-27 00:04:10.820] [DEBUG] 今日头条 - 共赏雅俗
[2016-11-27 00:04:10.822] [DEBUG] 今日头条 - 共赏雅俗
[2016-11-27 00:04:10.824] [DEBUG] 今日头条 - 共赏雅俗
[2016-11-27 00:04:10.825] [DEBUG] 今日头条 - 共赏雅俗
[2016-11-27 00:04:10.825] [DEBUG] 今日头条 - 共赏雅俗
[2016-11-27 00:04:10.825] [DEBUG] 今日头条 - 共赏雅俗
[2016-11-27 00:04:10.825] [DEBUG] 今日头条 - 共赏雅俗
[2016-11-27 00:04:10.825] [DEBUG] 今日头条 - 共赏雅俗
[2016-11-27 00:04:10.835] [DEBUG] 今日头条 - 共赏雅俗
[2016-11-27 00:04:10.835] [DEBUG] 今日头条 - [ { picurl: 'http://p2.pstatp.com/list/11350003f163309dcb58',
    tag: [ '婚姻', '19天' ],
    seconds: '03:08' },
  { picurl: 'http://p2.pstatp.com/list/f90001255447635a417',
    tag: [ '周恩来', '暗杀' ],
    seconds: '02:12' },
  { picurl: 'http://p2.pstatp.com/list/f900012541b58dea2f6',
    tag: [ '功夫' ],
    seconds: '03:18' },
  { picurl: 'http://p2.pstatp.com/list/12020000cc05f6369560',
    tag: [ '林彪', '周恩来', '中国历史' ],
    seconds: '02:32' },
  { picurl: 'http://p2.pstatp.com/list/f9000111cedb97339b0',
    tag: [ '备孕' ],
    seconds: '04:25' },
  { picurl: 'http://p2.pstatp.com/list/1139000c3435cf459721',
    tag: [ '育儿' ],
    seconds: '02:19' },
  { picurl: 'http://p2.pstatp.com/list/120900036b0c2f87f736',
    tag: [],
    seconds: '02:26' },
  { picurl: 'http://p2.pstatp.com/list/1139000c289248769c9c',
    tag: [ '农业', '农民', '农村', '三农' ],
    seconds: '03:55' },
  { picurl: 'http://p2.pstatp.com/list/11fd0000dfec2a0b4991',
    tag: [],
    seconds: '03:15' },
  { picurl: 'http://p2.pstatp.com/list/113600082dbfa973c43c',
    tag: [ '农村', '农业', '农民' ],
    seconds: '02:37' } ]
[2016-11-27 00:04:11.021] [DEBUG] 今日头条 - 共赏雅俗
[2016-11-27 00:04:11.021] [DEBUG] 今日头条 - 共赏雅俗
[2016-11-27 00:04:11.031] [DEBUG] 今日头条 - 共赏雅俗
[2016-11-27 00:04:11.031] [DEBUG] 今日头条 - 共赏雅俗
[2016-11-27 00:04:11.031] [DEBUG] 今日头条 - 共赏雅俗
[2016-11-27 00:04:11.041] [DEBUG] 今日头条 - 共赏雅俗
[2016-11-27 00:04:11.041] [DEBUG] 今日头条 - 共赏雅俗
[2016-11-27 00:04:11.051] [DEBUG] 今日头条 - 共赏雅俗
[2016-11-27 00:04:11.051] [DEBUG] 今日头条 - 共赏雅俗
[2016-11-27 00:04:11.061] [DEBUG] 今日头条 - 共赏雅俗
[2016-11-27 00:04:11.061] [DEBUG] 今日头条 - [ { picurl: 'http://p2.pstatp.com/list/11350003f163309dcb58',
    tag: [ '婚姻', '19天' ],
    seconds: '03:08' },
  { picurl: 'http://p2.pstatp.com/list/f90001255447635a417',
    tag: [ '周恩来', '暗杀' ],
    seconds: '02:12' },
  { picurl: 'http://p2.pstatp.com/list/f900012541b58dea2f6',
    tag: [ '功夫' ],
    seconds: '03:18' },
  { picurl: 'http://p2.pstatp.com/list/12020000cc05f6369560',
    tag: [ '林彪', '周恩来', '中国历史' ],
    seconds: '02:32' },
  { picurl: 'http://p2.pstatp.com/list/f9000111cedb97339b0',
    tag: [ '备孕' ],
    seconds: '04:25' },
  { picurl: 'http://p2.pstatp.com/list/1139000c3435cf459721',
    tag: [ '育儿' ],
    seconds: '02:19' },
  { picurl: 'http://p2.pstatp.com/list/120900036b0c2f87f736',
    tag: [],
    seconds: '02:26' },
  { picurl: 'http://p2.pstatp.com/list/1139000c289248769c9c',
    tag: [ '农业', '农民', '农村', '三农' ],
    seconds: '03:55' },
  { picurl: 'http://p2.pstatp.com/list/11fd0000dfec2a0b4991',
    tag: [],
    seconds: '03:15' },
  { picurl: 'http://p2.pstatp.com/list/113600082dbfa973c43c',
    tag: [ '农村', '农业', '农民' ],
    seconds: '02:37' } ]
[2016-11-27 00:04:11.230] [DEBUG] 今日头条 - 共赏雅俗
[2016-11-27 00:04:11.234] [DEBUG] 今日头条 - 共赏雅俗
[2016-11-27 00:04:11.238] [DEBUG] 今日头条 - 共赏雅俗
[2016-11-27 00:04:11.242] [DEBUG] 今日头条 - 共赏雅俗
[2016-11-27 00:04:11.245] [DEBUG] 今日头条 - 共赏雅俗
[2016-11-27 00:04:11.248] [DEBUG] 今日头条 - 共赏雅俗
[2016-11-27 00:04:11.251] [DEBUG] 今日头条 - 共赏雅俗
[2016-11-27 00:04:11.255] [DEBUG] 今日头条 - 共赏雅俗
[2016-11-27 00:04:11.258] [DEBUG] 今日头条 - 共赏雅俗
[2016-11-27 00:04:11.261] [DEBUG] 今日头条 - 共赏雅俗
[2016-11-27 00:04:11.264] [DEBUG] 今日头条 - [ { picurl: 'http://p2.pstatp.com/list/11350003f163309dcb58',
    tag: [ '婚姻', '19天' ],
    seconds: '03:08' },
  { picurl: 'http://p2.pstatp.com/list/f90001255447635a417',
    tag: [ '周恩来', '暗杀' ],
    seconds: '02:12' },
  { picurl: 'http://p2.pstatp.com/list/f900012541b58dea2f6',
    tag: [ '功夫' ],
    seconds: '03:18' },
  { picurl: 'http://p2.pstatp.com/list/12020000cc05f6369560',
    tag: [ '林彪', '周恩来', '中国历史' ],
    seconds: '02:32' },
  { picurl: 'http://p2.pstatp.com/list/f9000111cedb97339b0',
    tag: [ '备孕' ],
    seconds: '04:25' },
  { picurl: 'http://p2.pstatp.com/list/1139000c3435cf459721',
    tag: [ '育儿' ],
    seconds: '02:19' },
  { picurl: 'http://p2.pstatp.com/list/120900036b0c2f87f736',
    tag: [],
    seconds: '02:26' },
  { picurl: 'http://p2.pstatp.com/list/1139000c289248769c9c',
    tag: [ '农业', '农民', '农村', '三农' ],
    seconds: '03:55' },
  { picurl: 'http://p2.pstatp.com/list/11fd0000dfec2a0b4991',
    tag: [],
    seconds: '03:15' },
  { picurl: 'http://p2.pstatp.com/list/113600082dbfa973c43c',
    tag: [ '农村', '农业', '农民' ],
    seconds: '02:37' } ]
