[2016-11-26 21:38:43.370] [TRACE] 今日头条 - DealWith instantiation ...
[2016-11-26 21:38:43.377] [TRACE] 今日头条 - spiderCore instantiation ...
[2016-11-26 21:38:43.379] [TRACE] 今日头条 - 启动函数
[2016-11-26 21:38:43.406] [DEBUG] 今日头条 - 任务信息数据库连接建立...成功
[2016-11-26 21:38:43.408] [DEBUG] 今日头条 - 缓存队列数据库连接建立...成功
[2016-11-26 21:38:43.410] [DEBUG] 今日头条 - 创建数据库连接完毕
[2016-11-26 21:38:43.411] [INFO] 今日头条 - { p: '6', id: '6518345701', name: '共赏雅俗' }
[2016-11-26 21:38:43.750] [DEBUG] 今日头条 - medis info:  { author: '共赏雅俗',
  platform: 6,
  bid: '6518345701',
  aid: '6357186028624675329',
  title: '周总理知道有人要暗杀自己时，顿时拍桌子说了这番话',
  desc: '周总理知道有人要暗杀自己时，顿时拍桌子说了这番话',
  play_num: 755,
  comment_num: 0,
  support: 5,
  step: 1,
  save_num: 5,
  a_create_time: 1480147714 }
[2016-11-26 21:38:43.883] [DEBUG] 今日头条 - medis info:  { author: '共赏雅俗',
  platform: 6,
  bid: '6518345701',
  aid: '6357185255589282306',
  title: '《功夫》的这些片段都没在电影院看到，可惜了',
  desc: '《功夫》的这些片段都没在电影院看到，可惜了',
  play_num: 57,
  comment_num: 0,
  support: 1,
  step: 0,
  save_num: 0,
  a_create_time: 1480147534 }
[2016-11-26 21:38:44.009] [DEBUG] 今日头条 - medis info:  { author: '共赏雅俗',
  platform: 6,
  bid: '6518345701',
  aid: '6356800428897731073',
  title: '周总理向主席报告林彪出逃，主席说的最后一句话最霸气',
  desc: '周总理向主席报告林彪出逃，主席说的最后一句话最霸气',
  play_num: 190639,
  comment_num: 47,
  support: 191,
  step: 79,
  save_num: 680,
  a_create_time: 1480057935 }
[2016-11-26 21:38:44.174] [DEBUG] 今日头条 - medis info:  { author: '共赏雅俗',
  platform: 6,
  bid: '6518345701',
  aid: '6356799117179486721',
  title: '小夫妻忙造人，可把门外的丈母娘急坏了',
  desc: '小夫妻忙造人，可把门外的丈母娘急坏了',
  play_num: 2589911,
  comment_num: 208,
  support: 2042,
  step: 1510,
  save_num: 12309,
  a_create_time: 1480057630 }
[2016-11-26 21:38:44.315] [DEBUG] 今日头条 - medis info:  { author: '共赏雅俗',
  platform: 6,
  bid: '6518345701',
  aid: '6356796511648481794',
  title: '两个孩子同时出生，但一生下来就明显有了差距',
  desc: '两个孩子同时出生，但一生下来就明显有了差距',
  play_num: 489,
  comment_num: 1,
  support: 2,
  step: 0,
  save_num: 15,
  a_create_time: 1480057023 }
[2016-11-26 21:38:44.469] [DEBUG] 今日头条 - medis info:  { author: '共赏雅俗',
  platform: 6,
  bid: '6518345701',
  aid: '6356795680157073921',
  title: '女子空姐面试，当考官的老公吓得坐到了地上',
  desc: '女子空姐面试，当考官的老公吓得坐到了地上',
  play_num: 532,
  comment_num: 0,
  support: 0,
  step: 0,
  save_num: 10,
  a_create_time: 1480056829 }
[2016-11-26 21:38:44.599] [DEBUG] 今日头条 - medis info:  { author: '共赏雅俗',
  platform: 6,
  bid: '6518345701',
  aid: '6356788124235858434',
  title: '农村人是这么纪念毛主席逝世的',
  desc: '农村人是这么纪念毛主席逝世的',
  play_num: 58099,
  comment_num: 118,
  support: 371,
  step: 62,
  save_num: 527,
  a_create_time: 1480055070 }
[2016-11-26 21:38:44.744] [DEBUG] 今日头条 - medis info:  { author: '共赏雅俗',
  platform: 6,
  bid: '6518345701',
  aid: '6356421273806963202',
  title: '姑娘深夜独自在家，发生的这些事让人害怕',
  desc: '姑娘深夜独自在家，发生的这些事让人害怕',
  play_num: 3845,
  comment_num: 0,
  support: 0,
  step: 2,
  save_num: 7,
  a_create_time: 1479969656 }
