[2016-11-28 11:25:17.741] [TRACE] 今日头条 - DealWith instantiation ...
[2016-11-28 11:25:17.748] [TRACE] 今日头条 - spiderCore instantiation ...
[2016-11-28 11:25:17.750] [TRACE] 今日头条 - 启动函数
[2016-11-28 11:25:17.779] [DEBUG] 今日头条 - 任务信息数据库连接建立...成功
[2016-11-28 11:25:17.782] [DEBUG] 今日头条 - 缓存队列数据库连接建立...成功
[2016-11-28 11:25:17.784] [DEBUG] 今日头条 - 创建数据库连接完毕
[2016-11-28 11:25:17.786] [INFO] 今日头条 - { p: '6', id: '6621038696', name: '聊斋那些事儿' }
[2016-11-28 11:25:17.813] [DEBUG] 今日头条 - undefined
[2016-11-28 11:25:18.076] [DEBUG] 今日头条 - 1480136374-=-=-=-=-=-=-=
[2016-11-28 11:25:22.477] [DEBUG] 今日头条 - 1480136374
[2016-11-28 11:25:22.697] [DEBUG] 今日头条 - 1479986158-=-=-=-=-=-=-=
[2016-11-28 11:25:24.952] [DEBUG] 今日头条 - 1479986158
[2016-11-28 11:25:25.169] [DEBUG] 今日头条 - 1479771915-=-=-=-=-=-=-=
[2016-11-28 11:25:27.752] [DEBUG] 今日头条 - 1479771915
[2016-11-28 11:25:31.155] [DEBUG] 今日头条 - 1479771915
[2016-11-28 11:25:31.691] [DEBUG] 今日头条 - 1479612722-=-=-=-=-=-=-=
[2016-11-28 11:25:33.538] [DEBUG] 今日头条 - 1479612722-=-=-=-=-=-=-=
[2016-11-28 11:25:35.483] [DEBUG] 今日头条 - 1479612722
[2016-11-28 11:25:35.762] [DEBUG] 今日头条 - 1479383623-=-=-=-=-=-=-=
[2016-11-28 11:25:41.005] [DEBUG] 今日头条 - 1479383623
[2016-11-28 11:25:41.339] [DEBUG] 今日头条 - 1479185010-=-=-=-=-=-=-=
[2016-11-28 11:25:42.596] [DEBUG] 今日头条 - 1479185010
[2016-11-28 11:25:42.885] [DEBUG] 今日头条 - 1479023342-=-=-=-=-=-=-=
[2016-11-28 11:25:45.219] [DEBUG] 今日头条 - 1479023342
[2016-11-28 11:25:45.469] [DEBUG] 今日头条 - 1478850334-=-=-=-=-=-=-=
[2016-11-28 11:25:48.430] [DEBUG] 今日头条 - 1478850334
[2016-11-28 11:25:48.797] [DEBUG] 今日头条 - 1478651622-=-=-=-=-=-=-=
[2016-11-28 11:25:54.976] [DEBUG] 今日头条 - 1478651622
[2016-11-28 11:25:55.322] [DEBUG] 今日头条 - 1478441064-=-=-=-=-=-=-=
[2016-11-28 11:25:57.989] [DEBUG] 今日头条 - 1478441064
