[2016-11-28 11:21:25.254] [TRACE] 今日头条 - DealWith instantiation ...
[2016-11-28 11:21:25.264] [TRACE] 今日头条 - spiderCore instantiation ...
[2016-11-28 11:21:25.264] [TRACE] 今日头条 - 启动函数
[2016-11-28 11:21:25.296] [DEBUG] 今日头条 - 任务信息数据库连接建立...成功
[2016-11-28 11:21:25.298] [DEBUG] 今日头条 - 缓存队列数据库连接建立...成功
[2016-11-28 11:21:25.301] [DEBUG] 今日头条 - 创建数据库连接完毕
[2016-11-28 11:21:25.303] [INFO] 今日头条 - { p: '6', id: '6621038696', name: '聊斋那些事儿' }
[2016-11-28 11:21:25.324] [DEBUG] 今日头条 - undefined
[2016-11-28 11:21:25.834] [DEBUG] 今日头条 - 1480136374-=-=-=-=-=-=-=
[2016-11-28 11:21:26.045] [DEBUG] 今日头条 - 1479986158-=-=-=-=-=-=-=
[2016-11-28 11:21:26.257] [DEBUG] 今日头条 - 1479771915-=-=-=-=-=-=-=
[2016-11-28 11:21:26.475] [DEBUG] 今日头条 - 1479612722-=-=-=-=-=-=-=
[2016-11-28 11:21:26.689] [DEBUG] 今日头条 - 1479383623-=-=-=-=-=-=-=
[2016-11-28 11:21:27.294] [DEBUG] 今日头条 - 1479185010-=-=-=-=-=-=-=
[2016-11-28 11:21:27.506] [DEBUG] 今日头条 - 1479023342-=-=-=-=-=-=-=
[2016-11-28 11:21:27.693] [DEBUG] 今日头条 - 1478850334-=-=-=-=-=-=-=
[2016-11-28 11:21:28.327] [DEBUG] 今日头条 - 1478651622-=-=-=-=-=-=-=
[2016-11-28 11:21:28.637] [DEBUG] 今日头条 - 1478441064-=-=-=-=-=-=-=
[2016-11-28 11:21:29.058] [DEBUG] 今日头条 - 1478263326-=-=-=-=-=-=-=
[2016-11-28 11:21:29.412] [DEBUG] 今日头条 - 1478048351-=-=-=-=-=-=-=
[2016-11-28 11:21:30.149] [DEBUG] 今日头条 - 1477869819-=-=-=-=-=-=-=
[2016-11-28 11:21:30.433] [DEBUG] 今日头条 - 1477710804-=-=-=-=-=-=-=
[2016-11-28 11:21:30.749] [DEBUG] 今日头条 - 1477478114-=-=-=-=-=-=-=
[2016-11-28 11:21:30.802] [DEBUG] 今日头条 - undefined
[2016-11-28 11:21:31.029] [DEBUG] 今日头条 - 1480136374-=-=-=-=-=-=-=
[2016-11-28 11:21:31.149] [DEBUG] 今日头条 - 1477313290-=-=-=-=-=-=-=
[2016-11-28 11:21:31.380] [DEBUG] 今日头条 - 1479986158-=-=-=-=-=-=-=
[2016-11-28 11:21:31.466] [DEBUG] 今日头条 - 1477127714-=-=-=-=-=-=-=
[2016-11-28 11:21:31.654] [DEBUG] 今日头条 - 1479771915-=-=-=-=-=-=-=
[2016-11-28 11:21:31.840] [DEBUG] 今日头条 - 1479612722-=-=-=-=-=-=-=
[2016-11-28 11:21:31.906] [DEBUG] 今日头条 - 1476960478-=-=-=-=-=-=-=
[2016-11-28 11:21:32.141] [DEBUG] 今日头条 - 1479383623-=-=-=-=-=-=-=
[2016-11-28 11:21:32.351] [DEBUG] 今日头条 - 1479185010-=-=-=-=-=-=-=
