[2016-11-28 12:19:20.656] [TRACE] 今日头条 - DealWith instantiation ...
[2016-11-28 12:19:20.666] [TRACE] 今日头条 - spiderCore instantiation ...
[2016-11-28 12:19:20.666] [TRACE] 今日头条 - 启动函数
[2016-11-28 12:19:20.701] [DEBUG] 今日头条 - 任务信息数据库连接建立...成功
[2016-11-28 12:19:20.704] [DEBUG] 今日头条 - 缓存队列数据库连接建立...成功
[2016-11-28 12:19:20.705] [DEBUG] 今日头条 - 创建数据库连接完毕
[2016-11-28 12:19:20.707] [INFO] 今日头条 - { p: '6', id: '6621038696', name: '聊斋那些事儿' }
[2016-11-28 12:19:23.148] [DEBUG] 今日头条 - 217
[2016-11-28 12:19:23.231] [DEBUG] 今日头条 - 199
[2016-11-28 12:19:23.308] [DEBUG] 今日头条 - 365
[2016-11-28 12:19:23.404] [DEBUG] 今日头条 - 152
[2016-11-28 12:19:23.480] [DEBUG] 今日头条 - 236
[2016-11-28 12:19:23.548] [DEBUG] 今日头条 - 132
[2016-11-28 12:19:23.618] [DEBUG] 今日头条 - 362
[2016-11-28 12:19:23.703] [DEBUG] 今日头条 - 201
[2016-11-28 12:19:23.795] [DEBUG] 今日头条 - 444
[2016-11-28 12:19:23.869] [DEBUG] 今日头条 - 480
[2016-11-28 12:19:24.521] [DEBUG] 今日头条 - 547
[2016-11-28 12:19:24.593] [DEBUG] 今日头条 - 243
[2016-11-28 12:19:24.668] [DEBUG] 今日头条 - 438
[2016-11-28 12:19:24.743] [DEBUG] 今日头条 - 231
[2016-11-28 12:19:24.811] [DEBUG] 今日头条 - 112
[2016-11-28 12:19:24.981] [DEBUG] 今日头条 - 282
[2016-11-28 12:19:25.141] [DEBUG] 今日头条 - 107
[2016-11-28 12:19:25.307] [DEBUG] 今日头条 - 120
[2016-11-28 12:19:25.457] [DEBUG] 今日头条 - 442
[2016-11-28 12:19:25.624] [DEBUG] 今日头条 - 194
