[2016-11-27 17:30:35.729] [TRACE] 今日头条 - DealWith instantiation ...
[2016-11-27 17:30:35.736] [TRACE] 今日头条 - spiderCore instantiation ...
[2016-11-27 17:30:35.738] [TRACE] 今日头条 - 启动函数
[2016-11-27 17:30:35.766] [DEBUG] 今日头条 - 任务信息数据库连接建立...成功
[2016-11-27 17:30:35.768] [DEBUG] 今日头条 - 缓存队列数据库连接建立...成功
[2016-11-27 17:30:35.770] [DEBUG] 今日头条 - 创建数据库连接完毕
[2016-11-27 17:30:35.772] [INFO] 今日头条 - { p: '6', id: '50246551362', name: '视频不重要评论最搞笑' }
[2016-11-27 17:30:35.798] [DEBUG] 今日头条 - =======
[2016-11-27 17:30:36.257] [DEBUG] 今日头条 - undefined
[2016-11-27 17:30:36.607] [DEBUG] 今日头条 - undefined
[2016-11-27 17:30:36.652] [DEBUG] 今日头条 - 王大锤当保安吐槽安保系统，柯达和小爱竟擦出爱情火花
[2016-11-27 17:30:36.655] [DEBUG] 今日头条 - 王大锤五指山镇压泼猴刘循子墨，教授易小星带其西天取经
[2016-11-27 17:30:36.659] [DEBUG] 今日头条 - 王大锤和子墨的爱情故事：我曾许下心愿知道我是变态的我就嫁给他
[2016-11-27 17:30:36.662] [DEBUG] 今日头条 - 王大锤最终还是击败了理发师青龙，竟是没有钱办会员卡
[2016-11-27 17:30:36.665] [DEBUG] 今日头条 - 王大锤参加日本“真人秀节目”荒野求生，吃“恶心”食物
[2016-11-27 17:30:36.668] [DEBUG] 今日头条 - 男子机场逃亡不忘耍帅，仗着腿长玩跨栏，结果摔了一个大马哈
[2016-11-27 17:30:36.670] [DEBUG] 今日头条 - 《昆虫总动员》瓢虫宝宝出生了，瓢虫爸妈教宝宝飞行
[2016-11-27 17:30:36.673] [DEBUG] 今日头条 - 张柏芝、郑秀文争做齐宣王的王后，郑秀文掉井里，齐宣王落井下石
[2016-11-27 17:30:36.675] [DEBUG] 今日头条 - 实习神仙齐桓公与张柏芝斗法反被困，大声呼喊：不要搞我的子孙
[2016-11-27 17:30:36.678] [DEBUG] 今日头条 - 齐宣王在夜叉山碰到寨主钟无艳，一个行为当即让他决意娶她做王后
[2016-11-27 17:30:36.681] [DEBUG] 今日头条 - 吴孟达整蛊金城武和小文，结果反而自己被整的很惨
[2016-11-27 17:30:36.683] [DEBUG] 今日头条 - 路边烧烤摊欠我一个像金城武这样的帅哥
[2016-11-27 17:30:36.686] [DEBUG] 今日头条 - 小文嫌苍蝇太瘦了没有肉不好吃，小龙马上抓了一只肥的给他
[2016-11-27 17:30:36.688] [DEBUG] 今日头条 - 小文一个招式就打败了黄飞鸿的师父
[2016-11-27 17:30:36.690] [DEBUG] 今日头条 - 一个人黑夜上厕所时，下水道冒出东西来怎么办？
[2016-11-27 17:30:36.693] [DEBUG] 今日头条 - 徐若瑄问释小龙是本人吗？小龙拍桌子说：不是本人，是中国人
[2016-11-27 17:30:36.695] [DEBUG] 今日头条 - 小文生病，小龙和师父们扮女装逗其开心，结果病的更严重了
[2016-11-27 17:30:36.698] [DEBUG] 今日头条 - 健身房帅哥对吴孟达说：你输了，我就玩你
[2016-11-27 17:30:36.700] [DEBUG] 今日头条 - 《无敌反斗星》说好动手的，怎么脱衣服了，罪过罪过
[2016-11-27 17:30:36.703] [DEBUG] 今日头条 - 夏目和娘口三三帮助三都寻找友人之旅
[2016-11-27 17:30:36.705] [DEBUG] 今日头条 - 憨豆迷路之后回目的地的方式真特别
[2016-11-27 17:30:36.708] [DEBUG] 今日头条 - 夏目和娘口三三的搞笑日常
[2016-11-27 17:30:36.710] [DEBUG] 今日头条 - 萌宠大集合：第一次见到如此欢脱的熊猫宝宝
[2016-11-27 17:30:36.713] [DEBUG] 今日头条 - 元华真是把又贱又娘发挥到了极致啊，果然人至贱无敌
[2016-11-27 17:30:36.715] [DEBUG] 今日头条 - 牌局上葛民辉对外国人说：虽然你们长，但不一定比我们强
[2016-11-27 17:30:36.718] [DEBUG] 今日头条 - 武林盟主大赛长安和万永比剑，万永使毒针，长安拔剑得胜
[2016-11-27 17:30:36.720] [DEBUG] 今日头条 - 丈夫带同事回家，喝酒壮胆想振夫纲，想不到却遭到妻子毒打一顿
[2016-11-27 17:30:36.723] [DEBUG] 今日头条 - 妻子看到丈夫与美女在酒吧的热舞视频，默不作声的准备着他的祭祀
[2016-11-27 17:30:36.725] [DEBUG] 今日头条 - 新婚妻子每天给丈夫布置外语任务，角色扮演通过之后才可上床
[2016-11-27 17:30:36.728] [DEBUG] 今日头条 - 一群掌门拿的这个咽炎洁是什么鬼？难道是用来洗手的？
[2016-11-27 17:30:36.731] [DEBUG] 今日头条 - 整个手机行业理论构造都是我提出来的，要你一台苹果咋了？
[2016-11-27 17:30:36.733] [DEBUG] 今日头条 - 新一代女赌神！周星驰周润发都得拜她为师！
[2016-11-27 17:30:36.736] [DEBUG] 今日头条 - 台球无敌了，堪比丁俊晖，这球技没谁了
[2016-11-27 17:30:36.738] [DEBUG] 今日头条 - 路过火车站一下就教了三个学妹，一天不教书我就浑身难受
[2016-11-27 17:30:36.741] [DEBUG] 今日头条 - 北京大妈广场舞无敌了，杰克逊都得服气！
[2016-11-27 17:30:36.743] [DEBUG] 今日头条 - 美女被杀马特强行接吻，却高喊着亲我要对我负责！
[2016-11-27 17:30:36.747] [DEBUG] 今日头条 - 蛇、蝎子、蜈蚣大战，谁能赢？
[2016-11-27 17:30:36.750] [DEBUG] 今日头条 - 老鼠、蝎子、蜈蚣大战，最后谁能赢？
[2016-11-27 17:30:36.752] [DEBUG] 今日头条 - 实拍河蟹大战蝎子，谁能赢？
[2016-11-27 17:30:36.754] [DEBUG] 今日头条 - 抢劫不成反倒把手机搭进去了
[2016-11-27 17:30:36.756] [DEBUG] 今日头条 - YY小白龙被打原因曝光
[2016-11-27 17:30:36.758] [DEBUG] 今日头条 - 广东小伙挑衅，来东北收购ktv，老板一下子叫出来8个保安
[2016-11-27 17:30:36.760] [DEBUG] 今日头条 - 只有迪拜土豪养老虎？南方小伙大街上溜虎
[2016-11-27 17:30:36.762] [DEBUG] 今日头条 - 南方小伙田间偶遇黑熊，居然讨要食物
[2016-11-27 17:30:36.764] [DEBUG] 今日头条 - 公园清晨偶遇美女，我要不要下手？
[2016-11-27 17:30:36.767] [DEBUG] 今日头条 - 东北小伙吃辣椒南方小伙不服气，又吃大葱又吃姜最后喝一瓶辣椒油
[2016-11-27 17:30:36.769] [DEBUG] 今日头条 - 美国黑社会暴打中情局警察就是这么随意
[2016-11-27 17:30:36.771] [DEBUG] 今日头条 - 广州酒吧冒死偷拍
[2016-11-27 17:30:36.773] [DEBUG] 今日头条 - 广州街头偶遇广场舞王，这舞姿没谁了
[2016-11-27 17:30:36.775] [DEBUG] 今日头条 - 杜海涛化身爱狗人士，放狗不看主人 反黑社会车主暴打
[2016-11-27 17:30:36.778] [DEBUG] 今日头条 - 香港片中的黑帮老大、黑社会大哥、五虎将 周润发竟只排第二
[2016-11-27 17:30:36.780] [DEBUG] 今日头条 - 黑社会交易不给钱，黑帮老大居然让一个女人摆平了
[2016-11-27 17:30:36.782] [DEBUG] 今日头条 - 拍摄真人秀整蛊路人 结果惹上黑帮 五个彪形大汉强行扒衣服裸奔
[2016-11-27 17:30:36.784] [DEBUG] 今日头条 - 武林英雄围攻弱女子，一曲天魔音走不出八步就倒地身亡！
[2016-11-27 17:30:36.787] [DEBUG] 今日头条 - 做你女朋友的原因是他们都打呼噜就你不打！
[2016-11-27 17:30:36.789] [DEBUG] 今日头条 - 东北人拿臭鸡蛋恶搞南方小伙，被抓到直接按倒不依不饶非要砸回来
[2016-11-27 17:30:36.793] [DEBUG] 今日头条 - 实拍乌克兰超市收银员美女，至今单身，好看到爆！
[2016-11-27 17:30:36.795] [DEBUG] 今日头条 - 只要你熟练运用这个机器泡到大部分女孩子是没问题的，单身狗进来
[2016-11-27 17:30:36.797] [DEBUG] 今日头条 - 非常珍贵的中南海保镖视频，一个打10个！
[2016-11-27 17:30:36.799] [DEBUG] 今日头条 - 20岁不到工地上的女生，真的很不错！你会娶她吗？
[2016-11-27 17:30:36.801] [DEBUG] 今日头条 - 天降内衣落在岳云鹏头上，无奈送上楼却洒上白色酸奶引误会被揍
[2016-11-27 17:30:36.803] [DEBUG] 今日头条 - 超大牛蛙吃鲤鱼跟玩似的，一口吞了慢慢吃掉
[2016-11-27 17:30:36.805] [DEBUG] 今日头条 - 新娘新郎结婚当日穿婚纱喝啤酒网吧打lol
[2016-11-27 17:30:36.807] [DEBUG] 今日头条 - 美女回家忘带钥匙爬二楼窗户，掉下来直接卡档上了
[2016-11-27 17:30:36.809] [DEBUG] 今日头条 - 这种人在东北要不要打死他
[2016-11-27 17:30:36.811] [DEBUG] 今日头条 - 美女上厕所没带纸遇见鬼，裤子没提就跑出去了
[2016-11-27 17:30:36.813] [DEBUG] 今日头条 - 俩泳装美女泳池打架，人妖中间调和一顿摸
[2016-11-27 17:30:36.815] [DEBUG] 今日头条 - 东北乱炖完爆日本犊子 东北人瞧瞧
[2016-11-27 17:30:36.817] [DEBUG] 今日头条 - 大公司高管鼓吹日本被实习生一顿喷，完胜！
[2016-11-27 17:30:36.819] [DEBUG] 今日头条 - 谁家的孩子？堪比papi酱！预测能成为2016最佳网红！
[2016-11-27 17:30:36.820] [DEBUG] 今日头条 - 美女地铁公开吃鼻屎~我只想问好吃吗？
[2016-11-27 17:30:36.822] [DEBUG] 今日头条 - 东北人给牛配音 我都乐蒙圈了
[2016-11-27 17:30:36.824] [DEBUG] 今日头条 - 搞笑巨星周星驰的武林高手，再次惊爆观众眼球。
[2016-11-27 17:30:36.826] [DEBUG] 今日头条 - 搞笑合集：都是高手，看完后可以乐上你1天
[2016-11-27 17:30:36.829] [DEBUG] 今日头条 - 星爷搞笑合集，让你一次笑个够
[2016-11-27 17:30:36.831] [DEBUG] 今日头条 - 搞笑失误，乐死我了！特别是倒数第3和第2个！
[2016-11-27 17:30:36.833] [DEBUG] 今日头条 - 你们尝过吗？萌翻了，柠檬的味道！
[2016-11-27 17:30:36.835] [DEBUG] 今日头条 - 女司机杀手，骑摩托车也一样
[2016-11-27 17:30:36.837] [DEBUG] 今日头条 - 准备好纸巾，笑出眼泪别怪我！精彩搞笑剪辑
[2016-11-27 17:30:37.085] [DEBUG] 今日头条 - 准备好纸巾，笑出眼泪别怪我！精彩搞笑剪辑
[2016-11-27 17:30:37.410] [DEBUG] 今日头条 - 准备好纸巾，笑出眼泪别怪我！精彩搞笑剪辑
[2016-11-27 17:30:37.739] [DEBUG] 今日头条 - 准备好纸巾，笑出眼泪别怪我！精彩搞笑剪辑
[2016-11-27 17:30:38.089] [DEBUG] 今日头条 - 准备好纸巾，笑出眼泪别怪我！精彩搞笑剪辑
[2016-11-27 17:30:38.396] [DEBUG] 今日头条 - 准备好纸巾，笑出眼泪别怪我！精彩搞笑剪辑
[2016-11-27 17:30:38.769] [DEBUG] 今日头条 - 准备好纸巾，笑出眼泪别怪我！精彩搞笑剪辑
[2016-11-27 17:30:39.096] [DEBUG] 今日头条 - 准备好纸巾，笑出眼泪别怪我！精彩搞笑剪辑
[2016-11-27 17:30:39.418] [DEBUG] 今日头条 - 准备好纸巾，笑出眼泪别怪我！精彩搞笑剪辑
[2016-11-27 17:30:39.477] [DEBUG] 今日头条 - =======
[2016-11-27 17:30:39.845] [DEBUG] 今日头条 - 准备好纸巾，笑出眼泪别怪我！精彩搞笑剪辑
[2016-11-27 17:30:40.148] [DEBUG] 今日头条 - 准备好纸巾，笑出眼泪别怪我！精彩搞笑剪辑
[2016-11-27 17:30:40.323] [DEBUG] 今日头条 - 王大锤当保安吐槽安保系统，柯达和小爱竟擦出爱情火花
[2016-11-27 17:30:40.327] [DEBUG] 今日头条 - 王大锤五指山镇压泼猴刘循子墨，教授易小星带其西天取经
[2016-11-27 17:30:40.333] [DEBUG] 今日头条 - 王大锤和子墨的爱情故事：我曾许下心愿知道我是变态的我就嫁给他
[2016-11-27 17:30:40.339] [DEBUG] 今日头条 - 王大锤最终还是击败了理发师青龙，竟是没有钱办会员卡
[2016-11-27 17:30:40.343] [DEBUG] 今日头条 - 王大锤参加日本“真人秀节目”荒野求生，吃“恶心”食物
[2016-11-27 17:30:40.347] [DEBUG] 今日头条 - 男子机场逃亡不忘耍帅，仗着腿长玩跨栏，结果摔了一个大马哈
[2016-11-27 17:30:40.352] [DEBUG] 今日头条 - 《昆虫总动员》瓢虫宝宝出生了，瓢虫爸妈教宝宝飞行
[2016-11-27 17:30:40.357] [DEBUG] 今日头条 - 张柏芝、郑秀文争做齐宣王的王后，郑秀文掉井里，齐宣王落井下石
[2016-11-27 17:30:40.362] [DEBUG] 今日头条 - 实习神仙齐桓公与张柏芝斗法反被困，大声呼喊：不要搞我的子孙
[2016-11-27 17:30:40.366] [DEBUG] 今日头条 - 齐宣王在夜叉山碰到寨主钟无艳，一个行为当即让他决意娶她做王后
[2016-11-27 17:30:40.370] [DEBUG] 今日头条 - 吴孟达整蛊金城武和小文，结果反而自己被整的很惨
[2016-11-27 17:30:40.373] [DEBUG] 今日头条 - 路边烧烤摊欠我一个像金城武这样的帅哥
[2016-11-27 17:30:40.376] [DEBUG] 今日头条 - 小文嫌苍蝇太瘦了没有肉不好吃，小龙马上抓了一只肥的给他
[2016-11-27 17:30:40.379] [DEBUG] 今日头条 - 小文一个招式就打败了黄飞鸿的师父
[2016-11-27 17:30:40.381] [DEBUG] 今日头条 - 一个人黑夜上厕所时，下水道冒出东西来怎么办？
[2016-11-27 17:30:40.384] [DEBUG] 今日头条 - 徐若瑄问释小龙是本人吗？小龙拍桌子说：不是本人，是中国人
[2016-11-27 17:30:40.387] [DEBUG] 今日头条 - 小文生病，小龙和师父们扮女装逗其开心，结果病的更严重了
[2016-11-27 17:30:40.389] [DEBUG] 今日头条 - 健身房帅哥对吴孟达说：你输了，我就玩你
[2016-11-27 17:30:40.391] [DEBUG] 今日头条 - 《无敌反斗星》说好动手的，怎么脱衣服了，罪过罪过
[2016-11-27 17:30:40.393] [DEBUG] 今日头条 - 夏目和娘口三三帮助三都寻找友人之旅
[2016-11-27 17:30:40.395] [DEBUG] 今日头条 - 憨豆迷路之后回目的地的方式真特别
[2016-11-27 17:30:40.397] [DEBUG] 今日头条 - 夏目和娘口三三的搞笑日常
[2016-11-27 17:30:40.399] [DEBUG] 今日头条 - 萌宠大集合：第一次见到如此欢脱的熊猫宝宝
[2016-11-27 17:30:40.401] [DEBUG] 今日头条 - 元华真是把又贱又娘发挥到了极致啊，果然人至贱无敌
[2016-11-27 17:30:40.403] [DEBUG] 今日头条 - 牌局上葛民辉对外国人说：虽然你们长，但不一定比我们强
[2016-11-27 17:30:40.405] [DEBUG] 今日头条 - 武林盟主大赛长安和万永比剑，万永使毒针，长安拔剑得胜
[2016-11-27 17:30:40.407] [DEBUG] 今日头条 - 丈夫带同事回家，喝酒壮胆想振夫纲，想不到却遭到妻子毒打一顿
[2016-11-27 17:30:40.409] [DEBUG] 今日头条 - 妻子看到丈夫与美女在酒吧的热舞视频，默不作声的准备着他的祭祀
[2016-11-27 17:30:40.411] [DEBUG] 今日头条 - 新婚妻子每天给丈夫布置外语任务，角色扮演通过之后才可上床
[2016-11-27 17:30:40.413] [DEBUG] 今日头条 - 一群掌门拿的这个咽炎洁是什么鬼？难道是用来洗手的？
[2016-11-27 17:30:40.414] [DEBUG] 今日头条 - 整个手机行业理论构造都是我提出来的，要你一台苹果咋了？
[2016-11-27 17:30:40.417] [DEBUG] 今日头条 - 新一代女赌神！周星驰周润发都得拜她为师！
[2016-11-27 17:30:40.429] [DEBUG] 今日头条 - 台球无敌了，堪比丁俊晖，这球技没谁了
[2016-11-27 17:30:40.432] [DEBUG] 今日头条 - 路过火车站一下就教了三个学妹，一天不教书我就浑身难受
[2016-11-27 17:30:40.435] [DEBUG] 今日头条 - 北京大妈广场舞无敌了，杰克逊都得服气！
[2016-11-27 17:30:40.437] [DEBUG] 今日头条 - 美女被杀马特强行接吻，却高喊着亲我要对我负责！
[2016-11-27 17:30:40.439] [DEBUG] 今日头条 - 蛇、蝎子、蜈蚣大战，谁能赢？
[2016-11-27 17:30:40.442] [DEBUG] 今日头条 - 老鼠、蝎子、蜈蚣大战，最后谁能赢？
[2016-11-27 17:30:40.444] [DEBUG] 今日头条 - 实拍河蟹大战蝎子，谁能赢？
[2016-11-27 17:30:40.447] [DEBUG] 今日头条 - 抢劫不成反倒把手机搭进去了
[2016-11-27 17:30:40.448] [DEBUG] 今日头条 - YY小白龙被打原因曝光
[2016-11-27 17:30:40.451] [DEBUG] 今日头条 - 广东小伙挑衅，来东北收购ktv，老板一下子叫出来8个保安
[2016-11-27 17:30:40.454] [DEBUG] 今日头条 - 只有迪拜土豪养老虎？南方小伙大街上溜虎
[2016-11-27 17:30:40.456] [DEBUG] 今日头条 - 南方小伙田间偶遇黑熊，居然讨要食物
[2016-11-27 17:30:40.458] [DEBUG] 今日头条 - 公园清晨偶遇美女，我要不要下手？
[2016-11-27 17:30:40.461] [DEBUG] 今日头条 - 东北小伙吃辣椒南方小伙不服气，又吃大葱又吃姜最后喝一瓶辣椒油
[2016-11-27 17:30:40.463] [DEBUG] 今日头条 - 美国黑社会暴打中情局警察就是这么随意
[2016-11-27 17:30:40.465] [DEBUG] 今日头条 - 广州酒吧冒死偷拍
[2016-11-27 17:30:40.467] [DEBUG] 今日头条 - 广州街头偶遇广场舞王，这舞姿没谁了
[2016-11-27 17:30:40.469] [DEBUG] 今日头条 - 杜海涛化身爱狗人士，放狗不看主人 反黑社会车主暴打
[2016-11-27 17:30:40.471] [DEBUG] 今日头条 - 香港片中的黑帮老大、黑社会大哥、五虎将 周润发竟只排第二
[2016-11-27 17:30:40.473] [DEBUG] 今日头条 - 黑社会交易不给钱，黑帮老大居然让一个女人摆平了
[2016-11-27 17:30:40.475] [DEBUG] 今日头条 - 拍摄真人秀整蛊路人 结果惹上黑帮 五个彪形大汉强行扒衣服裸奔
[2016-11-27 17:30:40.478] [DEBUG] 今日头条 - 武林英雄围攻弱女子，一曲天魔音走不出八步就倒地身亡！
[2016-11-27 17:30:40.480] [DEBUG] 今日头条 - 做你女朋友的原因是他们都打呼噜就你不打！
[2016-11-27 17:30:40.482] [DEBUG] 今日头条 - 东北人拿臭鸡蛋恶搞南方小伙，被抓到直接按倒不依不饶非要砸回来
[2016-11-27 17:30:40.484] [DEBUG] 今日头条 - 实拍乌克兰超市收银员美女，至今单身，好看到爆！
[2016-11-27 17:30:40.486] [DEBUG] 今日头条 - 只要你熟练运用这个机器泡到大部分女孩子是没问题的，单身狗进来
[2016-11-27 17:30:40.488] [DEBUG] 今日头条 - 非常珍贵的中南海保镖视频，一个打10个！
[2016-11-27 17:30:40.491] [DEBUG] 今日头条 - 20岁不到工地上的女生，真的很不错！你会娶她吗？
[2016-11-27 17:30:40.493] [DEBUG] 今日头条 - 天降内衣落在岳云鹏头上，无奈送上楼却洒上白色酸奶引误会被揍
[2016-11-27 17:30:40.495] [DEBUG] 今日头条 - 超大牛蛙吃鲤鱼跟玩似的，一口吞了慢慢吃掉
[2016-11-27 17:30:40.496] [DEBUG] 今日头条 - 新娘新郎结婚当日穿婚纱喝啤酒网吧打lol
[2016-11-27 17:30:40.499] [DEBUG] 今日头条 - 美女回家忘带钥匙爬二楼窗户，掉下来直接卡档上了
[2016-11-27 17:30:40.501] [DEBUG] 今日头条 - 这种人在东北要不要打死他
[2016-11-27 17:30:40.503] [DEBUG] 今日头条 - 美女上厕所没带纸遇见鬼，裤子没提就跑出去了
[2016-11-27 17:30:40.505] [DEBUG] 今日头条 - 俩泳装美女泳池打架，人妖中间调和一顿摸
[2016-11-27 17:30:40.507] [DEBUG] 今日头条 - 东北乱炖完爆日本犊子 东北人瞧瞧
[2016-11-27 17:30:40.508] [DEBUG] 今日头条 - 大公司高管鼓吹日本被实习生一顿喷，完胜！
[2016-11-27 17:30:40.511] [DEBUG] 今日头条 - 谁家的孩子？堪比papi酱！预测能成为2016最佳网红！
[2016-11-27 17:30:40.513] [DEBUG] 今日头条 - 美女地铁公开吃鼻屎~我只想问好吃吗？
[2016-11-27 17:30:40.515] [DEBUG] 今日头条 - 东北人给牛配音 我都乐蒙圈了
[2016-11-27 17:30:40.517] [DEBUG] 今日头条 - 搞笑巨星周星驰的武林高手，再次惊爆观众眼球。
[2016-11-27 17:30:40.520] [DEBUG] 今日头条 - 搞笑合集：都是高手，看完后可以乐上你1天
[2016-11-27 17:30:40.522] [DEBUG] 今日头条 - 星爷搞笑合集，让你一次笑个够
[2016-11-27 17:30:40.524] [DEBUG] 今日头条 - 搞笑失误，乐死我了！特别是倒数第3和第2个！
[2016-11-27 17:30:40.526] [DEBUG] 今日头条 - 你们尝过吗？萌翻了，柠檬的味道！
[2016-11-27 17:30:40.528] [DEBUG] 今日头条 - 女司机杀手，骑摩托车也一样
[2016-11-27 17:30:40.529] [DEBUG] 今日头条 - 准备好纸巾，笑出眼泪别怪我！精彩搞笑剪辑
[2016-11-27 17:30:40.537] [DEBUG] 今日头条 - 准备好纸巾，笑出眼泪别怪我！精彩搞笑剪辑
[2016-11-27 17:30:40.846] [DEBUG] 今日头条 - 准备好纸巾，笑出眼泪别怪我！精彩搞笑剪辑
[2016-11-27 17:30:41.153] [DEBUG] 今日头条 - 准备好纸巾，笑出眼泪别怪我！精彩搞笑剪辑
[2016-11-27 17:30:41.550] [DEBUG] 今日头条 - 准备好纸巾，笑出眼泪别怪我！精彩搞笑剪辑
[2016-11-27 17:30:41.929] [DEBUG] 今日头条 - 准备好纸巾，笑出眼泪别怪我！精彩搞笑剪辑
[2016-11-27 17:30:42.243] [DEBUG] 今日头条 - 准备好纸巾，笑出眼泪别怪我！精彩搞笑剪辑
[2016-11-27 17:30:42.625] [DEBUG] 今日头条 - 准备好纸巾，笑出眼泪别怪我！精彩搞笑剪辑
[2016-11-27 17:30:42.958] [DEBUG] 今日头条 - 准备好纸巾，笑出眼泪别怪我！精彩搞笑剪辑
[2016-11-27 17:30:43.020] [DEBUG] 今日头条 - =======
[2016-11-27 17:30:43.442] [DEBUG] 今日头条 - 准备好纸巾，笑出眼泪别怪我！精彩搞笑剪辑
[2016-11-27 17:30:43.710] [DEBUG] 今日头条 - 王大锤当保安吐槽安保系统，柯达和小爱竟擦出爱情火花
[2016-11-27 17:30:43.717] [DEBUG] 今日头条 - 王大锤五指山镇压泼猴刘循子墨，教授易小星带其西天取经
[2016-11-27 17:30:43.723] [DEBUG] 今日头条 - 王大锤和子墨的爱情故事：我曾许下心愿知道我是变态的我就嫁给他
[2016-11-27 17:30:43.729] [DEBUG] 今日头条 - 王大锤最终还是击败了理发师青龙，竟是没有钱办会员卡
[2016-11-27 17:30:43.736] [DEBUG] 今日头条 - 王大锤参加日本“真人秀节目”荒野求生，吃“恶心”食物
[2016-11-27 17:30:43.742] [DEBUG] 今日头条 - 男子机场逃亡不忘耍帅，仗着腿长玩跨栏，结果摔了一个大马哈
[2016-11-27 17:30:43.749] [DEBUG] 今日头条 - 《昆虫总动员》瓢虫宝宝出生了，瓢虫爸妈教宝宝飞行
[2016-11-27 17:30:43.755] [DEBUG] 今日头条 - 张柏芝、郑秀文争做齐宣王的王后，郑秀文掉井里，齐宣王落井下石
[2016-11-27 17:30:43.761] [DEBUG] 今日头条 - 实习神仙齐桓公与张柏芝斗法反被困，大声呼喊：不要搞我的子孙
[2016-11-27 17:30:43.765] [DEBUG] 今日头条 - 齐宣王在夜叉山碰到寨主钟无艳，一个行为当即让他决意娶她做王后
[2016-11-27 17:30:43.769] [DEBUG] 今日头条 - 吴孟达整蛊金城武和小文，结果反而自己被整的很惨
[2016-11-27 17:30:43.772] [DEBUG] 今日头条 - 路边烧烤摊欠我一个像金城武这样的帅哥
[2016-11-27 17:30:43.775] [DEBUG] 今日头条 - 小文嫌苍蝇太瘦了没有肉不好吃，小龙马上抓了一只肥的给他
[2016-11-27 17:30:43.778] [DEBUG] 今日头条 - 小文一个招式就打败了黄飞鸿的师父
[2016-11-27 17:30:43.780] [DEBUG] 今日头条 - 一个人黑夜上厕所时，下水道冒出东西来怎么办？
[2016-11-27 17:30:43.784] [DEBUG] 今日头条 - 徐若瑄问释小龙是本人吗？小龙拍桌子说：不是本人，是中国人
[2016-11-27 17:30:43.788] [DEBUG] 今日头条 - 小文生病，小龙和师父们扮女装逗其开心，结果病的更严重了
[2016-11-27 17:30:43.791] [DEBUG] 今日头条 - 健身房帅哥对吴孟达说：你输了，我就玩你
[2016-11-27 17:30:43.794] [DEBUG] 今日头条 - 《无敌反斗星》说好动手的，怎么脱衣服了，罪过罪过
[2016-11-27 17:30:43.797] [DEBUG] 今日头条 - 夏目和娘口三三帮助三都寻找友人之旅
[2016-11-27 17:30:43.800] [DEBUG] 今日头条 - 憨豆迷路之后回目的地的方式真特别
[2016-11-27 17:30:43.802] [DEBUG] 今日头条 - 夏目和娘口三三的搞笑日常
[2016-11-27 17:30:43.803] [DEBUG] 今日头条 - 萌宠大集合：第一次见到如此欢脱的熊猫宝宝
[2016-11-27 17:30:43.806] [DEBUG] 今日头条 - 元华真是把又贱又娘发挥到了极致啊，果然人至贱无敌
[2016-11-27 17:30:43.809] [DEBUG] 今日头条 - 牌局上葛民辉对外国人说：虽然你们长，但不一定比我们强
[2016-11-27 17:30:43.812] [DEBUG] 今日头条 - 武林盟主大赛长安和万永比剑，万永使毒针，长安拔剑得胜
[2016-11-27 17:30:43.816] [DEBUG] 今日头条 - 丈夫带同事回家，喝酒壮胆想振夫纲，想不到却遭到妻子毒打一顿
[2016-11-27 17:30:43.819] [DEBUG] 今日头条 - 妻子看到丈夫与美女在酒吧的热舞视频，默不作声的准备着他的祭祀
[2016-11-27 17:30:43.823] [DEBUG] 今日头条 - 新婚妻子每天给丈夫布置外语任务，角色扮演通过之后才可上床
[2016-11-27 17:30:43.826] [DEBUG] 今日头条 - 一群掌门拿的这个咽炎洁是什么鬼？难道是用来洗手的？
[2016-11-27 17:30:43.829] [DEBUG] 今日头条 - 整个手机行业理论构造都是我提出来的，要你一台苹果咋了？
[2016-11-27 17:30:43.832] [DEBUG] 今日头条 - 新一代女赌神！周星驰周润发都得拜她为师！
[2016-11-27 17:30:43.836] [DEBUG] 今日头条 - 台球无敌了，堪比丁俊晖，这球技没谁了
[2016-11-27 17:30:43.839] [DEBUG] 今日头条 - 路过火车站一下就教了三个学妹，一天不教书我就浑身难受
[2016-11-27 17:30:43.843] [DEBUG] 今日头条 - 北京大妈广场舞无敌了，杰克逊都得服气！
[2016-11-27 17:30:43.846] [DEBUG] 今日头条 - 美女被杀马特强行接吻，却高喊着亲我要对我负责！
[2016-11-27 17:30:43.849] [DEBUG] 今日头条 - 蛇、蝎子、蜈蚣大战，谁能赢？
[2016-11-27 17:30:43.851] [DEBUG] 今日头条 - 老鼠、蝎子、蜈蚣大战，最后谁能赢？
[2016-11-27 17:30:43.853] [DEBUG] 今日头条 - 实拍河蟹大战蝎子，谁能赢？
[2016-11-27 17:30:43.854] [DEBUG] 今日头条 - 抢劫不成反倒把手机搭进去了
[2016-11-27 17:30:43.856] [DEBUG] 今日头条 - YY小白龙被打原因曝光
[2016-11-27 17:30:43.857] [DEBUG] 今日头条 - 广东小伙挑衅，来东北收购ktv，老板一下子叫出来8个保安
[2016-11-27 17:30:43.860] [DEBUG] 今日头条 - 只有迪拜土豪养老虎？南方小伙大街上溜虎
[2016-11-27 17:30:43.862] [DEBUG] 今日头条 - 南方小伙田间偶遇黑熊，居然讨要食物
[2016-11-27 17:30:43.864] [DEBUG] 今日头条 - 公园清晨偶遇美女，我要不要下手？
[2016-11-27 17:30:43.865] [DEBUG] 今日头条 - 东北小伙吃辣椒南方小伙不服气，又吃大葱又吃姜最后喝一瓶辣椒油
[2016-11-27 17:30:43.868] [DEBUG] 今日头条 - 美国黑社会暴打中情局警察就是这么随意
[2016-11-27 17:30:43.871] [DEBUG] 今日头条 - 广州酒吧冒死偷拍
[2016-11-27 17:30:43.873] [DEBUG] 今日头条 - 广州街头偶遇广场舞王，这舞姿没谁了
[2016-11-27 17:30:43.874] [DEBUG] 今日头条 - 杜海涛化身爱狗人士，放狗不看主人 反黑社会车主暴打
[2016-11-27 17:30:43.877] [DEBUG] 今日头条 - 香港片中的黑帮老大、黑社会大哥、五虎将 周润发竟只排第二
[2016-11-27 17:30:43.880] [DEBUG] 今日头条 - 黑社会交易不给钱，黑帮老大居然让一个女人摆平了
[2016-11-27 17:30:43.882] [DEBUG] 今日头条 - 拍摄真人秀整蛊路人 结果惹上黑帮 五个彪形大汉强行扒衣服裸奔
[2016-11-27 17:30:43.886] [DEBUG] 今日头条 - 武林英雄围攻弱女子，一曲天魔音走不出八步就倒地身亡！
[2016-11-27 17:30:43.889] [DEBUG] 今日头条 - 做你女朋友的原因是他们都打呼噜就你不打！
[2016-11-27 17:30:43.892] [DEBUG] 今日头条 - 东北人拿臭鸡蛋恶搞南方小伙，被抓到直接按倒不依不饶非要砸回来
[2016-11-27 17:30:43.894] [DEBUG] 今日头条 - 实拍乌克兰超市收银员美女，至今单身，好看到爆！
[2016-11-27 17:30:43.897] [DEBUG] 今日头条 - 只要你熟练运用这个机器泡到大部分女孩子是没问题的，单身狗进来
[2016-11-27 17:30:43.899] [DEBUG] 今日头条 - 非常珍贵的中南海保镖视频，一个打10个！
[2016-11-27 17:30:43.902] [DEBUG] 今日头条 - 20岁不到工地上的女生，真的很不错！你会娶她吗？
[2016-11-27 17:30:43.905] [DEBUG] 今日头条 - 天降内衣落在岳云鹏头上，无奈送上楼却洒上白色酸奶引误会被揍
[2016-11-27 17:30:43.908] [DEBUG] 今日头条 - 超大牛蛙吃鲤鱼跟玩似的，一口吞了慢慢吃掉
[2016-11-27 17:30:43.910] [DEBUG] 今日头条 - 新娘新郎结婚当日穿婚纱喝啤酒网吧打lol
[2016-11-27 17:30:43.912] [DEBUG] 今日头条 - 美女回家忘带钥匙爬二楼窗户，掉下来直接卡档上了
[2016-11-27 17:30:43.915] [DEBUG] 今日头条 - 这种人在东北要不要打死他
[2016-11-27 17:30:43.917] [DEBUG] 今日头条 - 美女上厕所没带纸遇见鬼，裤子没提就跑出去了
[2016-11-27 17:30:43.919] [DEBUG] 今日头条 - 俩泳装美女泳池打架，人妖中间调和一顿摸
[2016-11-27 17:30:43.922] [DEBUG] 今日头条 - 东北乱炖完爆日本犊子 东北人瞧瞧
[2016-11-27 17:30:43.924] [DEBUG] 今日头条 - 大公司高管鼓吹日本被实习生一顿喷，完胜！
[2016-11-27 17:30:43.927] [DEBUG] 今日头条 - 谁家的孩子？堪比papi酱！预测能成为2016最佳网红！
[2016-11-27 17:30:43.929] [DEBUG] 今日头条 - 美女地铁公开吃鼻屎~我只想问好吃吗？
[2016-11-27 17:30:43.931] [DEBUG] 今日头条 - 东北人给牛配音 我都乐蒙圈了
[2016-11-27 17:30:43.933] [DEBUG] 今日头条 - 搞笑巨星周星驰的武林高手，再次惊爆观众眼球。
[2016-11-27 17:30:43.936] [DEBUG] 今日头条 - 搞笑合集：都是高手，看完后可以乐上你1天
[2016-11-27 17:30:43.939] [DEBUG] 今日头条 - 星爷搞笑合集，让你一次笑个够
[2016-11-27 17:30:43.941] [DEBUG] 今日头条 - 搞笑失误，乐死我了！特别是倒数第3和第2个！
[2016-11-27 17:30:43.943] [DEBUG] 今日头条 - 你们尝过吗？萌翻了，柠檬的味道！
[2016-11-27 17:30:43.945] [DEBUG] 今日头条 - 女司机杀手，骑摩托车也一样
[2016-11-27 17:30:43.946] [DEBUG] 今日头条 - 准备好纸巾，笑出眼泪别怪我！精彩搞笑剪辑
[2016-11-27 17:30:43.950] [DEBUG] 今日头条 - 准备好纸巾，笑出眼泪别怪我！精彩搞笑剪辑
[2016-11-27 17:30:44.269] [DEBUG] 今日头条 - 准备好纸巾，笑出眼泪别怪我！精彩搞笑剪辑
[2016-11-27 17:30:44.634] [DEBUG] 今日头条 - 准备好纸巾，笑出眼泪别怪我！精彩搞笑剪辑
[2016-11-27 17:30:45.095] [DEBUG] 今日头条 - 准备好纸巾，笑出眼泪别怪我！精彩搞笑剪辑
[2016-11-27 17:30:45.443] [DEBUG] 今日头条 - 准备好纸巾，笑出眼泪别怪我！精彩搞笑剪辑
[2016-11-27 17:30:45.856] [DEBUG] 今日头条 - 准备好纸巾，笑出眼泪别怪我！精彩搞笑剪辑
[2016-11-27 17:30:46.226] [DEBUG] 今日头条 - 准备好纸巾，笑出眼泪别怪我！精彩搞笑剪辑
