[2016-11-28 11:26:02.114] [TRACE] 今日头条 - DealWith instantiation ...
[2016-11-28 11:26:02.129] [TRACE] 今日头条 - spiderCore instantiation ...
[2016-11-28 11:26:02.131] [TRACE] 今日头条 - 启动函数
[2016-11-28 11:26:02.154] [DEBUG] 今日头条 - 任务信息数据库连接建立...成功
[2016-11-28 11:26:02.154] [DEBUG] 今日头条 - 缓存队列数据库连接建立...成功
[2016-11-28 11:26:02.164] [DEBUG] 今日头条 - 创建数据库连接完毕
[2016-11-28 11:26:02.164] [INFO] 今日头条 - { p: '6', id: '6621038696', name: '聊斋那些事儿' }
[2016-11-28 11:26:02.192] [DEBUG] 今日头条 - undefined
[2016-11-28 11:26:02.635] [DEBUG] 今日头条 - 1480136374-=-=-=-=-=-=-=
[2016-11-28 11:26:05.837] [DEBUG] 今日头条 - 1480136374
[2016-11-28 11:26:06.284] [DEBUG] 今日头条 - 1479986158-=-=-=-=-=-=-=
[2016-11-28 11:26:09.561] [DEBUG] 今日头条 - 1479986158
[2016-11-28 11:26:09.840] [DEBUG] 今日头条 - 1479771915-=-=-=-=-=-=-=
[2016-11-28 11:26:11.379] [DEBUG] 今日头条 - 1479771915
[2016-11-28 11:26:11.627] [DEBUG] 今日头条 - 1479612722-=-=-=-=-=-=-=
[2016-11-28 11:26:17.502] [DEBUG] 今日头条 - 1479612722
[2016-11-28 11:26:18.579] [DEBUG] 今日头条 - 1479383623-=-=-=-=-=-=-=
[2016-11-28 11:26:20.909] [DEBUG] 今日头条 - 1479383623
[2016-11-28 11:26:21.192] [DEBUG] 今日头条 - 1479185010-=-=-=-=-=-=-=
[2016-11-28 11:26:22.857] [DEBUG] 今日头条 - 1479185010
[2016-11-28 11:26:23.084] [DEBUG] 今日头条 - 1479023342-=-=-=-=-=-=-=
[2016-11-28 11:26:25.750] [DEBUG] 今日头条 - 1479023342
[2016-11-28 11:26:26.533] [DEBUG] 今日头条 - 1478850334-=-=-=-=-=-=-=
[2016-11-28 11:26:29.342] [DEBUG] 今日头条 - 1478850334
[2016-11-28 11:26:30.339] [DEBUG] 今日头条 - 1478651622-=-=-=-=-=-=-=
[2016-11-28 11:26:38.534] [DEBUG] 今日头条 - 1478651622
