[2016-11-27 01:06:17.398] [TRACE] 今日头条 - DealWith instantiation ...
[2016-11-27 01:06:17.408] [TRACE] 今日头条 - spiderCore instantiation ...
[2016-11-27 01:06:17.408] [TRACE] 今日头条 - 启动函数
[2016-11-27 01:06:17.428] [DEBUG] 今日头条 - 任务信息数据库连接建立...成功
[2016-11-27 01:06:17.438] [DEBUG] 今日头条 - 缓存队列数据库连接建立...成功
[2016-11-27 01:06:17.438] [DEBUG] 今日头条 - 创建数据库连接完毕
[2016-11-27 01:06:17.438] [INFO] 今日头条 - { p: '6', id: '50413228802', name: '小耿说传媒' }
[2016-11-27 01:06:22.020] [DEBUG] 今日头条 - 490=====
[2016-11-27 01:06:23.081] [DEBUG] 今日头条 - 已经没有数据
[2016-11-27 01:06:44.132] [ERROR] 今日头条 - occur error :  { Error: connect ETIMEDOUT 100.98.39.12:80
    at Object.exports._errnoException (util.js:1007:11)
    at exports._exceptionWithHostPort (util.js:1030:20)
    at TCPConnectWrap.afterConnect [as oncomplete] (net.js:1080:14)
  code: 'ETIMEDOUT',
  errno: 'ETIMEDOUT',
  syscall: 'connect',
  address: '100.98.39.12',
  port: 80 }
[2016-11-27 01:10:04.877] [TRACE] 今日头条 - DealWith instantiation ...
[2016-11-27 01:10:04.877] [TRACE] 今日头条 - spiderCore instantiation ...
[2016-11-27 01:10:04.887] [TRACE] 今日头条 - 启动函数
[2016-11-27 01:10:04.907] [DEBUG] 今日头条 - 任务信息数据库连接建立...成功
[2016-11-27 01:10:04.917] [DEBUG] 今日头条 - 缓存队列数据库连接建立...成功
[2016-11-27 01:10:04.917] [DEBUG] 今日头条 - 创建数据库连接完毕
[2016-11-27 01:10:04.917] [INFO] 今日头条 - { p: '6', id: '3700669316', name: '养花大全' }
[2016-11-27 01:10:05.623] [DEBUG] 今日头条 - 已经没有数据
