[2016-11-27 00:26:18.385] [TRACE] 今日头条 - DealWith instantiation ...
[2016-11-27 00:26:18.395] [TRACE] 今日头条 - spiderCore instantiation ...
[2016-11-27 00:26:18.395] [TRACE] 今日头条 - 启动函数
[2016-11-27 00:26:18.425] [DEBUG] 今日头条 - 任务信息数据库连接建立...成功
[2016-11-27 00:26:18.425] [DEBUG] 今日头条 - 缓存队列数据库连接建立...成功
[2016-11-27 00:26:18.435] [DEBUG] 今日头条 - 创建数据库连接完毕
[2016-11-27 00:26:18.435] [INFO] 今日头条 - { p: '6', id: '6518345701', name: '共赏雅俗' }
[2016-11-27 00:26:18.649] [DEBUG] 今日头条 - [ { picurl: 'http://p2.pstatp.com/list/11350003f163309dcb58',
    tag: [ '婚姻', '19天' ],
    seconds: '03:08' },
  { picurl: 'http://p2.pstatp.com/list/f90001255447635a417',
    tag: [ '周恩来', '暗杀' ],
    seconds: '02:12' },
  { picurl: 'http://p2.pstatp.com/list/f900012541b58dea2f6',
    tag: [ '功夫' ],
    seconds: '03:18' },
  { picurl: 'http://p2.pstatp.com/list/12020000cc05f6369560',
    tag: [ '林彪', '周恩来', '中国历史' ],
    seconds: '02:32' },
  { picurl: 'http://p2.pstatp.com/list/f9000111cedb97339b0',
    tag: [ '备孕' ],
    seconds: '04:25' },
  { picurl: 'http://p2.pstatp.com/list/1139000c3435cf459721',
    tag: [ '育儿' ],
    seconds: '02:19' },
  { picurl: 'http://p2.pstatp.com/list/120900036b0c2f87f736',
    tag: [],
    seconds: '02:26' },
  { picurl: 'http://p2.pstatp.com/list/1139000c289248769c9c',
    tag: [ '农业', '农民', '农村', '三农' ],
    seconds: '03:55' },
  { picurl: 'http://p2.pstatp.com/list/11fd0000dfec2a0b4991',
    tag: [],
    seconds: '03:15' },
  { picurl: 'http://p2.pstatp.com/list/113600082dbfa973c43c',
    tag: [ '农村', '农业', '农民' ],
    seconds: '02:37' } ]
[2016-11-27 00:26:18.752] [DEBUG] 今日头条 - 周总理知道有人要暗杀自己时，顿时拍桌子说了这番话
[2016-11-27 00:26:18.948] [DEBUG] 今日头条 - 《功夫》的这些片段都没在电影院看到，可惜了
[2016-11-27 00:26:19.104] [DEBUG] 今日头条 - 周总理向主席报告林彪出逃，主席说的最后一句话最霸气
[2016-11-27 00:26:19.266] [DEBUG] 今日头条 - 小夫妻忙造人，可把门外的丈母娘急坏了
[2016-11-27 00:26:19.428] [DEBUG] 今日头条 - 两个孩子同时出生，但一生下来就明显有了差距
[2016-11-27 00:26:19.616] [DEBUG] 今日头条 - 女子空姐面试，当考官的老公吓得坐到了地上
[2016-11-27 00:26:19.771] [DEBUG] 今日头条 - 农村人是这么纪念毛主席逝世的
[2016-11-27 00:26:19.938] [DEBUG] 今日头条 - 姑娘深夜独自在家，发生的这些事让人害怕
[2016-11-27 00:26:20.093] [DEBUG] 今日头条 - 农村小伙深夜被女老板教如何服务客人
[2016-11-27 00:26:20.240] [DEBUG] 今日头条 - 邓小平跟撒切尔谈香港问题真是太霸气了，看伟人风采
[2016-11-27 00:26:20.552] [DEBUG] 今日头条 - 白富美把小伙约到自己房间聊天，最后却不让人走
[2016-11-27 00:26:20.707] [DEBUG] 今日头条 - 《功夫》删减片段，原来还有这么精彩的一段
[2016-11-27 00:26:20.858] [DEBUG] 今日头条 - 畜生不如！儿子让九旬老母亲睡门外6天绝望而死
[2016-11-27 00:26:21.022] [DEBUG] 今日头条 - 婚礼上，伴娘可是受罪了
[2016-11-27 00:26:21.187] [DEBUG] 今日头条 - 天天吃的这种蔬菜，竟能成为致癌元凶
[2016-11-27 00:26:21.338] [DEBUG] 今日头条 - 农村女子在县长办公室用条件换父亲出狱
[2016-11-27 00:26:21.492] [DEBUG] 今日头条 - 农村八旬老人下葬前突然伸手要喝汤，真人真事
[2016-11-27 00:26:21.677] [DEBUG] 今日头条 - 晚上喝完酒带美女回家，刚有好感，却发生了尴尬的事
[2016-11-27 00:26:21.868] [DEBUG] 今日头条 - 车内向男友投怀送抱，只为证明自己是成熟女人
