[2016-11-26 21:15:27.252] [TRACE] 今日头条 - DealWith instantiation ...
[2016-11-26 21:15:27.252] [TRACE] 今日头条 - spiderCore instantiation ...
[2016-11-26 21:15:27.262] [TRACE] 今日头条 - 启动函数
[2016-11-26 21:15:27.282] [DEBUG] 今日头条 - 任务信息数据库连接建立...成功
[2016-11-26 21:15:27.282] [DEBUG] 今日头条 - 缓存队列数据库连接建立...成功
[2016-11-26 21:15:27.292] [DEBUG] 今日头条 - 创建数据库连接完毕
[2016-11-26 21:15:27.292] [INFO] 今日头条 - { p: '6', id: '5755756294', name: '烬使者' }
[2016-11-26 21:15:27.312] [DEBUG] 今日头条 - http://toutiao.com/ma_mobile/?page_type=0&count=10&version=2&media_id=5755756294&cp=5839F83A4EDFFE1&as=A1152883D968AEF&max_behot_time=0
[2016-11-26 21:15:27.412] [DEBUG] 今日头条 - 已经没有数据
[2016-11-26 21:15:48.463] [ERROR] 今日头条 - occur error :  { Error: connect ETIMEDOUT 100.98.39.12:80
    at Object.exports._errnoException (util.js:1007:11)
    at exports._exceptionWithHostPort (util.js:1030:20)
    at TCPConnectWrap.afterConnect [as oncomplete] (net.js:1080:14)
  code: 'ETIMEDOUT',
  errno: 'ETIMEDOUT',
  syscall: 'connect',
  address: '100.98.39.12',
  port: 80 }
[2016-11-26 23:38:28.319] [TRACE] 今日头条 - DealWith instantiation ...
[2016-11-26 23:38:28.329] [TRACE] 今日头条 - spiderCore instantiation ...
[2016-11-26 23:38:28.329] [TRACE] 今日头条 - 启动函数
[2016-11-26 23:38:28.349] [DEBUG] 今日头条 - 任务信息数据库连接建立...成功
[2016-11-26 23:38:28.359] [DEBUG] 今日头条 - 缓存队列数据库连接建立...成功
[2016-11-26 23:38:28.359] [DEBUG] 今日头条 - 创建数据库连接完毕
[2016-11-26 23:38:28.359] [INFO] 今日头条 - { p: '6', id: '6518345701', name: '共赏雅俗' }
[2016-11-26 23:38:28.648] [DEBUG] 今日头条 - -----
[2016-11-26 23:38:28.935] [DEBUG] 今日头条 - -----
[2016-11-26 23:38:29.187] [DEBUG] 今日头条 - -----
[2016-11-26 23:38:29.465] [DEBUG] 今日头条 - -----
[2016-11-26 23:38:29.750] [DEBUG] 今日头条 - -----
[2016-11-26 23:38:30.026] [DEBUG] 今日头条 - -----
[2016-11-26 23:38:30.309] [DEBUG] 今日头条 - -----
[2016-11-26 23:38:30.575] [DEBUG] 今日头条 - -----
[2016-11-26 23:38:30.829] [DEBUG] 今日头条 - -----
[2016-11-26 23:38:31.106] [DEBUG] 今日头条 - -----
[2016-11-26 23:38:31.485] [DEBUG] 今日头条 - -----
[2016-11-26 23:38:31.754] [DEBUG] 今日头条 - -----
[2016-11-26 23:38:31.995] [DEBUG] 今日头条 - -----
[2016-11-26 23:38:32.255] [DEBUG] 今日头条 - -----
[2016-11-26 23:38:32.545] [DEBUG] 今日头条 - -----
[2016-11-26 23:38:32.809] [DEBUG] 今日头条 - -----
[2016-11-26 23:38:33.040] [DEBUG] 今日头条 - -----
[2016-11-26 23:38:33.309] [DEBUG] 今日头条 - -----
