[2016-11-28 10:40:11.246] [TRACE] 今日头条 - DealWith instantiation ...
[2016-11-28 10:40:11.256] [TRACE] 今日头条 - spiderCore instantiation ...
[2016-11-28 10:40:11.256] [TRACE] 今日头条 - 启动函数
[2016-11-28 10:40:11.286] [DEBUG] 今日头条 - 任务信息数据库连接建立...成功
[2016-11-28 10:40:11.286] [DEBUG] 今日头条 - 缓存队列数据库连接建立...成功
[2016-11-28 10:40:11.286] [DEBUG] 今日头条 - 创建数据库连接完毕
[2016-11-28 10:40:11.296] [INFO] 今日头条 - { p: '6', id: '50246551362', name: '视频不重要评论最搞笑' }
[2016-11-28 10:40:14.627] [DEBUG] 今日头条 - 王大锤最终还是击败了理发师青龙，竟是没有钱办会员卡
[2016-11-28 10:40:14.637] [DEBUG] 今日头条 - 王大锤和子墨的爱情故事：我曾许下心愿知道我是变态的我就嫁给他
[2016-11-28 10:40:14.787] [DEBUG] 今日头条 - 王大锤和子墨的爱情故事：我曾许下心愿知道我是变态的我就嫁给他
[2016-11-28 10:40:14.797] [DEBUG] 今日头条 - 王大锤最终还是击败了理发师青龙，竟是没有钱办会员卡
[2016-11-28 10:40:15.397] [DEBUG] 今日头条 - 王大锤当保安吐槽安保系统，柯达和小爱擦出爱情火花
[2016-11-28 10:40:15.397] [DEBUG] 今日头条 - 王大锤当保安吐槽安保系统，柯达和小爱竟擦出爱情火花
[2016-11-28 10:40:15.547] [DEBUG] 今日头条 - 男子机场逃亡不忘耍帅，仗着腿长玩跨栏，结果摔了一个大马哈
[2016-11-28 10:40:15.557] [DEBUG] 今日头条 - 男子机场逃亡不忘耍帅，仗着腿长玩跨栏，结果摔了一个大马哈。
[2016-11-28 10:40:15.707] [DEBUG] 今日头条 - 《昆虫总动员》瓢虫宝宝出生了，瓢虫爸妈教宝宝飞行
[2016-11-28 10:40:15.727] [DEBUG] 今日头条 - 《昆虫总动员》瓢虫宝宝出生了，瓢虫爸妈教宝宝飞行。
[2016-11-28 10:40:15.907] [DEBUG] 今日头条 - 张柏芝、郑秀文争做齐宣王的王后，郑秀文掉井里，齐宣王落井下石
[2016-11-28 10:40:15.907] [DEBUG] 今日头条 - 张柏芝、郑秀文争做齐宣王的王后，郑秀文掉井里，齐宣王落井下石。
[2016-11-28 10:40:19.087] [DEBUG] 今日头条 - 实习神仙齐桓公与张柏芝斗法反被困，大声呼喊：不要搞我的子孙
[2016-11-28 10:40:19.097] [DEBUG] 今日头条 - 实习神仙齐桓公与张柏芝斗法反被困，大声呼喊：不要搞我的子孙。
[2016-11-28 10:40:19.257] [DEBUG] 今日头条 - 齐宣王在夜叉山碰到寨主钟无艳，一个行为当即让他决意娶她做王后
[2016-11-28 10:40:19.267] [DEBUG] 今日头条 - 齐宣王在夜叉山碰到寨主钟无艳，一个行为当即让他决意娶她做王后。
[2016-11-28 10:40:19.827] [DEBUG] 今日头条 - 吴孟达整蛊金城武和小文，结果反而自己被整的很惨
[2016-11-28 10:40:19.837] [DEBUG] 今日头条 - 吴孟达整蛊金城武和小文，结果反而自己被整的很惨。
[2016-11-28 10:40:19.997] [DEBUG] 今日头条 - 路边烧烤摊欠我一个像金城武这样的帅哥
[2016-11-28 10:40:19.997] [DEBUG] 今日头条 - 小文嫌苍蝇太瘦了没有肉不好吃，小龙马上抓了一只肥的给他。
[2016-11-28 10:40:21.117] [DEBUG] 今日头条 - 小文嫌苍蝇太瘦了没有肉不好吃，小龙马上抓了一只肥的给他
[2016-11-28 10:40:21.127] [DEBUG] 今日头条 - 小文一个招式就打败了黄飞鸿的师父。
[2016-11-28 10:40:21.467] [DEBUG] 今日头条 - 小文一个招式就打败了黄飞鸿的师父
[2016-11-28 10:40:21.477] [DEBUG] 今日头条 - 一个人黑夜上厕所时，下水道冒出东西来怎么办？
[2016-11-28 10:40:21.777] [DEBUG] 今日头条 - 一个人黑夜上厕所时，下水道冒出东西来怎么办？
[2016-11-28 10:40:21.787] [DEBUG] 今日头条 - 徐若瑄问释小龙是本人吗？小龙拍桌子说：不是本人，是中国人。
[2016-11-28 10:40:21.957] [DEBUG] 今日头条 - 徐若瑄问释小龙是本人吗？小龙拍桌子说：不是本人，是中国人
[2016-11-28 10:40:21.957] [DEBUG] 今日头条 - 小文生病，小龙和师父们扮女装逗其开心，结果病的更严重了。
[2016-11-28 10:40:22.117] [DEBUG] 今日头条 - 小文生病，小龙和师父们扮女装逗其开心，结果病的更严重了
[2016-11-28 10:40:22.127] [DEBUG] 今日头条 - 健身房帅哥对吴孟达说：你输了，我就玩你。
[2016-11-28 10:40:22.487] [DEBUG] 今日头条 - 健身房帅哥对吴孟达说：你输了，我就玩你
[2016-11-28 10:40:22.487] [DEBUG] 今日头条 - 夏目和娘口三三帮助三都寻找友人之旅。
[2016-11-28 10:40:22.978] [DEBUG] 今日头条 - 《无敌反斗星》说好动手的，怎么脱衣服了，罪过罪过
[2016-11-28 10:40:22.978] [DEBUG] 今日头条 - 憨豆迷路之后回目的地的方式真特别。
[2016-11-28 10:40:23.138] [DEBUG] 今日头条 - 夏目和娘口三三帮助三都寻找友人之旅
[2016-11-28 10:40:23.138] [DEBUG] 今日头条 - 夏目和娘口三三的搞笑日常。
[2016-11-28 10:40:23.340] [DEBUG] 今日头条 - 憨豆迷路之后回目的地的方式真特别
[2016-11-28 10:40:23.340] [DEBUG] 今日头条 - 萌宠大集合：第一次见到如此欢脱的熊猫宝宝
[2016-11-28 10:40:23.650] [DEBUG] 今日头条 - 夏目和娘口三三的搞笑日常
[2016-11-28 10:40:23.650] [DEBUG] 今日头条 - 元华真是把又贱又娘发挥到了极致啊，果然人至贱无敌。
[2016-11-28 10:40:24.230] [DEBUG] 今日头条 - 萌宠大集合：第一次见到如此欢脱的熊猫宝宝
[2016-11-28 10:40:24.230] [DEBUG] 今日头条 - 牌局上葛民辉对外国人说：虽然你们长，但不一定比我们强。
[2016-11-28 10:40:24.410] [DEBUG] 今日头条 - 元华真是把又贱又娘发挥到了极致啊，果然人至贱无敌
[2016-11-28 10:40:24.410] [DEBUG] 今日头条 - 武林盟主大赛长安和万永比剑，万永使毒针，长安拔剑得胜。
[2016-11-28 10:40:24.740] [DEBUG] 今日头条 - 牌局上葛民辉对外国人说：虽然你们长，但不一定比我们强
[2016-11-28 10:40:24.750] [DEBUG] 今日头条 - 丈夫带同事回家，喝酒壮胆想振夫纲，想不到却遭到妻子毒打一顿。
