[2016-11-27 00:11:19.792] [TRACE] 今日头条 - DealWith instantiation ...
[2016-11-27 00:11:19.799] [TRACE] 今日头条 - spiderCore instantiation ...
[2016-11-27 00:11:19.801] [TRACE] 今日头条 - 启动函数
[2016-11-27 00:11:19.829] [DEBUG] 今日头条 - 任务信息数据库连接建立...成功
[2016-11-27 00:11:19.829] [DEBUG] 今日头条 - 缓存队列数据库连接建立...成功
[2016-11-27 00:11:19.829] [DEBUG] 今日头条 - 创建数据库连接完毕
[2016-11-27 00:11:19.829] [INFO] 今日头条 - { p: '6', id: '6518345701', name: '共赏雅俗' }
[2016-11-27 00:11:20.159] [DEBUG] 今日头条 - medis info:  { author: '共赏雅俗',
  platform: 6,
  bid: '6518345701',
  aid: '6357186028624675329',
  title: '周总理知道有人要暗杀自己时，顿时拍桌子说了这番话',
  desc: '周总理知道有人要暗杀自己时，顿时拍桌子说了这番话',
  play_num: 1100,
  comment_num: 0,
  support: 5,
  step: 1,
  save_num: 10,
  a_create_time: 1480147714 }
[2016-11-27 00:11:20.251] [DEBUG] 今日头条 - medis info:  { author: '共赏雅俗',
  platform: 6,
  bid: '6518345701',
  aid: '6357185255589282306',
  title: '《功夫》的这些片段都没在电影院看到，可惜了',
  desc: '《功夫》的这些片段都没在电影院看到，可惜了',
  play_num: 92,
  comment_num: 0,
  support: 2,
  step: 0,
  save_num: 1,
  a_create_time: 1480147534 }
[2016-11-27 00:11:20.329] [DEBUG] 今日头条 - medis info:  { author: '共赏雅俗',
  platform: 6,
  bid: '6518345701',
  aid: '6356800428897731073',
  title: '周总理向主席报告林彪出逃，主席说的最后一句话最霸气',
  desc: '周总理向主席报告林彪出逃，主席说的最后一句话最霸气',
  play_num: 190775,
  comment_num: 47,
  support: 193,
  step: 79,
  save_num: 685,
  a_create_time: 1480057935 }
[2016-11-27 00:11:20.409] [DEBUG] 今日头条 - medis info:  { author: '共赏雅俗',
  platform: 6,
  bid: '6518345701',
  aid: '6356799117179486721',
  title: '小夫妻忙造人，可把门外的丈母娘急坏了',
  desc: '小夫妻忙造人，可把门外的丈母娘急坏了',
  play_num: 2744772,
  comment_num: 210,
  support: 2064,
  step: 1536,
  save_num: 12425,
  a_create_time: 1480057630 }
[2016-11-27 00:11:20.515] [DEBUG] 今日头条 - medis info:  { author: '共赏雅俗',
  platform: 6,
  bid: '6518345701',
  aid: '6356796511648481794',
  title: '两个孩子同时出生，但一生下来就明显有了差距',
  desc: '两个孩子同时出生，但一生下来就明显有了差距',
  play_num: 509,
  comment_num: 1,
  support: 2,
  step: 0,
  save_num: 15,
  a_create_time: 1480057023 }
[2016-11-27 00:11:20.632] [DEBUG] 今日头条 - medis info:  { author: '共赏雅俗',
  platform: 6,
  bid: '6518345701',
  aid: '6356795680157073921',
  title: '女子空姐面试，当考官的老公吓得坐到了地上',
  desc: '女子空姐面试，当考官的老公吓得坐到了地上',
  play_num: 559,
  comment_num: 0,
  support: 0,
  step: 0,
  save_num: 10,
  a_create_time: 1480056829 }
[2016-11-27 00:11:20.723] [DEBUG] 今日头条 - medis info:  { author: '共赏雅俗',
  platform: 6,
  bid: '6518345701',
  aid: '6356788124235858434',
  title: '农村人是这么纪念毛主席逝世的',
  desc: '农村人是这么纪念毛主席逝世的',
  play_num: 58901,
  comment_num: 118,
  support: 371,
  step: 62,
  save_num: 537,
  a_create_time: 1480055070 }
[2016-11-27 00:11:20.849] [DEBUG] 今日头条 - medis info:  { author: '共赏雅俗',
  platform: 6,
  bid: '6518345701',
  aid: '6356421273806963202',
  title: '姑娘深夜独自在家，发生的这些事让人害怕',
  desc: '姑娘深夜独自在家，发生的这些事让人害怕',
  play_num: 4397,
  comment_num: 0,
  support: 0,
  step: 2,
  save_num: 7,
  a_create_time: 1479969656 }
[2016-11-27 00:11:20.939] [DEBUG] 今日头条 - medis info:  { author: '共赏雅俗',
  platform: 6,
  bid: '6518345701',
  aid: '6356418578433966593',
  title: '农村小伙深夜被女老板教如何服务客人',
  desc: '农村小伙深夜被女老板教如何服务客人',
  play_num: 26056,
  comment_num: 1,
  support: 21,
  step: 14,
  save_num: 183,
  a_create_time: 1479969028 }
[2016-11-27 00:11:21.263] [DEBUG] 今日头条 - medis info:  { author: '共赏雅俗',
  platform: 6,
  bid: '6518345701',
  aid: '6356416872082047490',
  title: '邓小平跟撒切尔谈香港问题真是太霸气了，看伟人风采',
  desc: '邓小平跟撒切尔谈香港问题真是太霸气了，看伟人风采',
  play_num: 229381,
  comment_num: 10,
  support: 94,
  step: 88,
  save_num: 357,
  a_create_time: 1479968631 }
[2016-11-27 00:11:21.474] [DEBUG] 今日头条 - medis info:  { author: '共赏雅俗',
  platform: 6,
  bid: '6518345701',
  aid: '6356414304945701377',
  title: '白富美把小伙约到自己房间聊天，最后却不让人走',
  desc: '白富美把小伙约到自己房间聊天，最后却不让人走',
  play_num: 124,
  comment_num: 0,
  support: 0,
  step: 1,
  save_num: 1,
  a_create_time: 1479968033 }
[2016-11-27 00:11:21.568] [DEBUG] 今日头条 - medis info:  { author: '共赏雅俗',
  platform: 6,
  bid: '6518345701',
  aid: '6356065214353375745',
  title: '《功夫》删减片段，原来还有这么精彩的一段',
  desc: '《功夫》删减片段，原来还有这么精彩的一段',
  play_num: 67754,
  comment_num: 14,
  support: 35,
  step: 15,
  save_num: 265,
  a_create_time: 1479886754 }
[2016-11-27 00:11:21.679] [DEBUG] 今日头条 - medis info:  { author: '共赏雅俗',
  platform: 6,
  bid: '6518345701',
  aid: '6356064618648961537',
  title: '畜生不如！儿子让九旬老母亲睡门外6天绝望而死',
  desc: '畜生不如！',
  play_num: 23107,
  comment_num: 119,
  support: 14,
  step: 39,
  save_num: 41,
  a_create_time: 1479886616 }
[2016-11-27 00:11:21.819] [DEBUG] 今日头条 - medis info:  { author: '共赏雅俗',
  platform: 6,
  bid: '6518345701',
  aid: '6356063747194225153',
  title: '婚礼上，伴娘可是受罪了',
  desc: '婚礼上，伴娘可是受罪了',
  play_num: 133286,
  comment_num: 9,
  support: 85,
  step: 46,
  save_num: 667,
  a_create_time: 1479886413 }
[2016-11-27 00:11:21.932] [DEBUG] 今日头条 - medis info:  { author: '共赏雅俗',
  platform: 6,
  bid: '6518345701',
  aid: '6356062401699250690',
  title: '天天吃的这种蔬菜，竟能成为致癌元凶',
  desc: '天天吃的这种蔬菜，竟能成为致癌元凶',
  play_num: 199,
  comment_num: 0,
  support: 0,
  step: 0,
  save_num: 4,
  a_create_time: 1479886100 }
[2016-11-27 00:11:22.065] [DEBUG] 今日头条 - medis info:  { author: '共赏雅俗',
  platform: 6,
  bid: '6518345701',
  aid: '6356061149183607297',
  title: '农村女子在县长办公室用条件换父亲出狱',
  desc: '农村女子在县长办公室用条件换父亲出狱',
  play_num: 55641,
  comment_num: 6,
  support: 38,
  step: 22,
  save_num: 284,
  a_create_time: 1479885808 }
[2016-11-27 00:11:22.169] [DEBUG] 今日头条 - medis info:  { author: '共赏雅俗',
  platform: 6,
  bid: '6518345701',
  aid: '6355680389993857538',
  title: '农村八旬老人下葬前突然伸手要喝汤，真人真事',
  desc: '农村八旬老人下葬前突然伸手要喝汤，真人真事',
  play_num: 150,
  comment_num: 0,
  support: 3,
  step: 0,
  save_num: 0,
  a_create_time: 1479797156 }
[2016-11-27 00:11:22.276] [DEBUG] 今日头条 - medis info:  { author: '共赏雅俗',
  platform: 6,
  bid: '6518345701',
  aid: '6355678053598757378',
  title: '晚上喝完酒带美女回家，刚有好感，却发生了尴尬的事',
  desc: '晚上喝完酒带美女回家，刚有好感，却发生了尴尬的事',
  play_num: 120,
  comment_num: 0,
  support: 2,
  step: 0,
  save_num: 0,
  a_create_time: 1479796612 }
[2016-11-27 00:11:22.369] [DEBUG] 今日头条 - medis info:  { author: '共赏雅俗',
  platform: 6,
  bid: '6518345701',
  aid: '6355676918771106305',
  title: '车内向男友投怀送抱，只为证明自己是成熟女人',
  desc: '车内向男友投怀送抱，只为证明自己是成熟女人',
  play_num: 90,
  comment_num: 0,
  support: 2,
  step: 0,
  save_num: 4,
  a_create_time: 1479796347 }
[2016-11-27 00:11:22.476] [DEBUG] 今日头条 - medis info:  { author: '共赏雅俗',
  platform: 6,
  bid: '6518345701',
  aid: '6355674035543605762',
  title: '出动几千人抓捕罪犯，场面震撼，为人民而战',
  desc: '出动几千人抓捕罪犯，场面震撼，为人民而战',
  play_num: 12026,
  comment_num: 1,
  support: 7,
  step: 5,
  save_num: 39,
  a_create_time: 1479795676 }
[2016-11-27 00:11:22.688] [DEBUG] 今日头条 - medis info:  { author: '共赏雅俗',
  platform: 6,
  bid: '6518345701',
  aid: '6355314638204174850',
  title: '真惨！农村光棍将外地女囚禁10年，精神异常',
  desc: '真惨！',
  play_num: 165038,
  comment_num: 220,
  support: 80,
  step: 71,
  save_num: 448,
  a_create_time: 1479711997 }
[2016-11-27 00:11:22.796] [DEBUG] 今日头条 - medis info:  { author: '共赏雅俗',
  platform: 6,
  bid: '6518345701',
  aid: '6355312576431129089',
  title: '奇葩女现场说我不爱钱，我半个月才花你10万你就要分手',
  desc: '奇葩女现场说我不爱钱，我半个月才花你10万你就要分手',
  play_num: 141,
  comment_num: 1,
  support: 3,
  step: 1,
  save_num: 3,
  a_create_time: 1479711517 }
[2016-11-27 00:11:22.909] [DEBUG] 今日头条 - medis info:  { author: '共赏雅俗',
  platform: 6,
  bid: '6518345701',
  aid: '6355310485675442689',
  title: '妻子将丈夫的尸体放冰柜10年，10年后道出了真相',
  desc: '妻子将丈夫的尸体放冰柜10年，10年后道出了真相',
  play_num: 352,
  comment_num: 0,
  support: 3,
  step: 1,
  save_num: 4,
  a_create_time: 1479711030 }
[2016-11-27 00:11:23.005] [DEBUG] 今日头条 - medis info:  { author: '共赏雅俗',
  platform: 6,
  bid: '6518345701',
  aid: '6354558227857801729',
  title: '工地上挖出一个棺材，打开后在场的人都很惊奇',
  desc: '工地上挖出一个棺材，打开后在场的人都很惊奇',
  play_num: 200,
  comment_num: 0,
  support: 1,
  step: 2,
  save_num: 5,
  a_create_time: 1479619695 }
[2016-11-27 00:11:23.127] [DEBUG] 今日头条 - medis info:  { author: '共赏雅俗',
  platform: 6,
  bid: '6518345701',
  aid: '6354559381933130241',
  title: '实拍：老虎狮子攻击人类的恐怖瞬间',
  desc: '实拍：老虎狮子攻击人类的恐怖瞬间',
  play_num: 297,
  comment_num: 1,
  support: 0,
  step: 0,
  save_num: 4,
  a_create_time: 1479619682 }
[2016-11-27 00:11:23.237] [DEBUG] 今日头条 - medis info:  { author: '共赏雅俗',
  platform: 6,
  bid: '6518345701',
  aid: '6354568267767480833',
  title: '农村夫妻的真人真事',
  desc: '农村夫妻的真人真事',
  play_num: 39757,
  comment_num: 8,
  support: 40,
  step: 14,
  save_num: 241,
  a_create_time: 1479538219 }
[2016-11-27 00:11:23.349] [DEBUG] 今日头条 - medis info:  { author: '共赏雅俗',
  platform: 6,
  bid: '6518345701',
  aid: '6354566569405710850',
  title: '小别胜新婚，老婆出差回来，老公要证明自己是小伙子',
  desc: '小别胜新婚，老婆出差回来，老公要证明自己是小伙子',
  play_num: 171,
  comment_num: 0,
  support: 0,
  step: 0,
  save_num: 0,
  a_create_time: 1479537824 }
[2016-11-27 00:11:23.463] [DEBUG] 今日头条 - medis info:  { author: '共赏雅俗',
  platform: 6,
  bid: '6518345701',
  aid: '6354562066023449089',
  title: '悍匪周克华追捕全程记录，真的是惊心动魄',
  desc: '悍匪周克华追捕全程记录，真的是惊心动魄',
  play_num: 379974,
  comment_num: 198,
  support: 256,
  step: 147,
  save_num: 3017,
  a_create_time: 1479536775 }
[2016-11-27 00:11:23.575] [DEBUG] 今日头条 - medis info:  { author: '共赏雅俗',
  platform: 6,
  bid: '6518345701',
  aid: '6354203542470787586',
  title: '据说：《功夫》这一段拍了很多次，但每次都忍不住笑场',
  desc: '据说：《功夫》这一段拍了很多次，但每次都忍不住笑场',
  play_num: 76,
  comment_num: 0,
  support: 0,
  step: 0,
  save_num: 2,
  a_create_time: 1479453300 }
[2016-11-27 00:11:23.679] [DEBUG] 今日头条 - medis info:  { author: '共赏雅俗',
  platform: 6,
  bid: '6518345701',
  aid: '6354200344234295809',
  title: '新婚夫妻回娘家，晚上睡觉媳妇不让碰',
  desc: '新婚夫妻回娘家，晚上睡觉媳妇不让碰',
  play_num: 51493,
  comment_num: 3,
  support: 4,
  step: 15,
  save_num: 36,
  a_create_time: 1479452556 }
[2016-11-27 00:11:23.889] [DEBUG] 今日头条 - medis info:  { author: '共赏雅俗',
  platform: 6,
  bid: '6518345701',
  aid: '6354196707734979073',
  title: '钓鱼人海边拍摄到真正的美人鱼，长得真丑',
  desc: '钓鱼人海边拍摄到真正的美人鱼，长得真丑',
  play_num: 2138,
  comment_num: 2,
  support: 7,
  step: 2,
  save_num: 8,
  a_create_time: 1479451709 }
[2016-11-27 00:11:23.996] [DEBUG] 今日头条 - medis info:  { author: '共赏雅俗',
  platform: 6,
  bid: '6518345701',
  aid: '6354195372587352577',
  title: '农村男人打工回来，真的是小别胜新婚',
  desc: '农村男人打工回来，真的是小别胜新婚',
  play_num: 103841,
  comment_num: 6,
  support: 11,
  step: 13,
  save_num: 65,
  a_create_time: 1479451398 }
[2016-11-27 00:11:24.099] [DEBUG] 今日头条 - medis info:  { author: '共赏雅俗',
  platform: 6,
  bid: '6518345701',
  aid: '6354194223268364801',
  title: '国人的幸福，尊严，都是他们用命换来的，看哭了',
  desc: '国人的幸福，尊严，都是他们用命换来的，看哭了',
  play_num: 108,
  comment_num: 3,
  support: 3,
  step: 0,
  save_num: 2,
  a_create_time: 1479451130 }
[2016-11-27 00:11:24.234] [DEBUG] 今日头条 - medis info:  { author: '共赏雅俗',
  platform: 6,
  bid: '6518345701',
  aid: '6353836189853680130',
  title: '丈夫跟小姨子衣冠不整被回来的媳妇撞见，查水表的说动静很大',
  desc: '丈夫跟小姨子衣冠不整被回来的媳妇撞见，查水表的说动静很大',
  play_num: 181,
  comment_num: 0,
  support: 0,
  step: 0,
  save_num: 1,
  a_create_time: 1479367769 }
[2016-11-27 00:11:24.349] [DEBUG] 今日头条 - medis info:  { author: '共赏雅俗',
  platform: 6,
  bid: '6518345701',
  aid: '6353833818108985858',
  title: '蛇怕原来最怕的不是雄黄，而是这东西',
  desc: '蛇怕原来最怕的不是雄黄，而是这东西',
  play_num: 460381,
  comment_num: 254,
  support: 105,
  step: 65,
  save_num: 614,
  a_create_time: 1479367217 }
[2016-11-27 00:11:24.478] [DEBUG] 今日头条 - medis info:  { author: '共赏雅俗',
  platform: 6,
  bid: '6518345701',
  aid: '6353829210141753858',
  title: '千名犯人集体大转移，场面震撼！',
  desc: '千名犯人集体大转移，场面震撼！',
  play_num: 121237,
  comment_num: 65,
  support: 164,
  step: 45,
  save_num: 470,
  a_create_time: 1479366144 }
[2016-11-27 00:11:24.618] [DEBUG] 今日头条 - medis info:  { author: '共赏雅俗',
  platform: 6,
  bid: '6518345701',
  aid: '6353827312336634370',
  title: '这部国产战争片最接近现实战场，至今都很难超越',
  desc: '这部国产战争片最接近现实战场，至今都很难超越',
  play_num: 84,
  comment_num: 0,
  support: 1,
  step: 0,
  save_num: 5,
  a_create_time: 1479365702 }
[2016-11-27 00:11:24.725] [DEBUG] 今日头条 - medis info:  { author: '共赏雅俗',
  platform: 6,
  bid: '6518345701',
  aid: '6353464322261254657',
  title: '用狗代替自己的老公，这个女人的生活也很幸福',
  desc: '用狗代替自己的老公，这个女人的生活也很幸福',
  play_num: 294,
  comment_num: 0,
  support: 1,
  step: 1,
  save_num: 7,
  a_create_time: 1479281187 }
[2016-11-27 00:11:24.849] [DEBUG] 今日头条 - medis info:  { author: '共赏雅俗',
  platform: 6,
  bid: '6518345701',
  aid: '6353458283814060545',
  title: '真实影像：清朝农民杀猪',
  desc: '真实影像：清朝农民杀猪',
  play_num: 53,
  comment_num: 0,
  support: 0,
  step: 1,
  save_num: 1,
  a_create_time: 1479279781 }
[2016-11-27 00:11:24.952] [DEBUG] 今日头条 - medis info:  { author: '共赏雅俗',
  platform: 6,
  bid: '6518345701',
  aid: '6353457104459661825',
  title: '老公和儿媳在腻歪，被出差回家的老婆撞上了',
  desc: '老公和儿媳在腻歪，被出差回家的老婆撞上了',
  play_num: 66357,
  comment_num: 26,
  support: 6,
  step: 11,
  save_num: 24,
  a_create_time: 1479279507 }
[2016-11-27 00:11:25.149] [DEBUG] 今日头条 - medis info:  { author: '共赏雅俗',
  platform: 6,
  bid: '6518345701',
  aid: '6353455693407715841',
  title: '匪徒白宝山雨夜拿下谢宗芬，情妇欲擒故纵',
  desc: '匪徒白宝山雨夜拿下谢宗芬，情妇欲擒故纵',
  play_num: 48,
  comment_num: 0,
  support: 0,
  step: 0,
  save_num: 0,
  a_create_time: 1479279178 }
[2016-11-27 00:11:25.269] [DEBUG] 今日头条 - medis info:  { author: '共赏雅俗',
  platform: 6,
  bid: '6518345701',
  aid: '6353099700169605634',
  title: '外国人心中最好看的中国明星，这样说黄渤好吗',
  desc: '外国人心中最好看的中国明星，这样说黄渤好吗',
  play_num: 273,
  comment_num: 0,
  support: 1,
  step: 1,
  save_num: 1,
  a_create_time: 1479196292 }
[2016-11-27 00:11:25.389] [DEBUG] 今日头条 - medis info:  { author: '共赏雅俗',
  platform: 6,
  bid: '6518345701',
  aid: '6353097848396972546',
  title: '这件事一直刺痛着毛主席和彭德怀的心',
  desc: '这件事一直刺痛着毛主席和彭德怀的心',
  play_num: 41351,
  comment_num: 6,
  support: 36,
  step: 17,
  save_num: 117,
  a_create_time: 1479195861 }
[2016-11-27 00:11:25.505] [DEBUG] 今日头条 - medis info:  { author: '共赏雅俗',
  platform: 6,
  bid: '6518345701',
  aid: '6353094812891087362',
  title: '生日宴上，美女主动喝醉给富二代机会，以达到她的目的',
  desc: '生日宴上，美女主动喝醉给富二代机会，以达到她的目的',
  play_num: 63977,
  comment_num: 28,
  support: 97,
  step: 37,
  save_num: 341,
  a_create_time: 1479195154 }
[2016-11-27 00:11:25.649] [DEBUG] 今日头条 - medis info:  { author: '共赏雅俗',
  platform: 6,
  bid: '6518345701',
  aid: '6353091874240070145',
  title: '抓捕东北悍匪的真实过程，比电影还惊心动魄',
  desc: '抓捕东北悍匪的真实过程，比电影还惊心动魄',
  play_num: 64388,
  comment_num: 30,
  support: 21,
  step: 18,
  save_num: 329,
  a_create_time: 1479194470 }
[2016-11-27 00:11:25.781] [DEBUG] 今日头条 - medis info:  { author: '共赏雅俗',
  platform: 6,
  bid: '6518345701',
  aid: '6352721989915902466',
  title: '太厉害了！牛人听音识人，嘉宾出来那一刻，全场都服了',
  desc: '太厉害了！',
  play_num: 75,
  comment_num: 0,
  support: 2,
  step: 0,
  save_num: 1,
  a_create_time: 1479108349 }
[2016-11-27 00:11:25.889] [DEBUG] 今日头条 - medis info:  { author: '共赏雅俗',
  platform: 6,
  bid: '6518345701',
  aid: '6352720432277225985',
  title: '妻子挺着大肚进公司找丈夫，正好遇上也挺着大肚的小三',
  desc: '妻子挺着大肚进公司找丈夫，正好遇上也挺着大肚的小三',
  play_num: 689684,
  comment_num: 269,
  support: 519,
  step: 390,
  save_num: 1984,
  a_create_time: 1479107987 }
[2016-11-27 00:11:26.005] [DEBUG] 今日头条 - medis info:  { author: '共赏雅俗',
  platform: 6,
  bid: '6518345701',
  aid: '6352718112395100673',
  title: '那些年让人哭笑不得，看了想戳瞎双眼的电视片段',
  desc: '那些年让人哭笑不得，看了想戳瞎双眼的电视片段',
  play_num: 71,
  comment_num: 0,
  support: 1,
  step: 0,
  save_num: 1,
  a_create_time: 1479107447 }
[2016-11-27 00:11:26.139] [DEBUG] 今日头条 - medis info:  { author: '共赏雅俗',
  platform: 6,
  bid: '6518345701',
  aid: '6352717006059340289',
  title: '空姐在飞机上是睡在这个地方的，你们知道吗？',
  desc: '空姐在飞机上是睡在这个地方的，你们知道吗？',
  play_num: 52,
  comment_num: 0,
  support: 0,
  step: 0,
  save_num: 1,
  a_create_time: 1479107189 }
[2016-11-27 00:11:26.248] [DEBUG] 今日头条 - medis info:  { author: '共赏雅俗',
  platform: 6,
  bid: '6518345701',
  aid: '6351983147093066241',
  title: '航空公司选拔空姐的套路可真多',
  desc: '航空公司选拔空姐的套路可真多',
  play_num: 32005,
  comment_num: 20,
  support: 16,
  step: 7,
  save_num: 153,
  a_create_time: 1479004641 }
[2016-11-27 00:11:26.463] [DEBUG] 今日头条 - medis info:  { author: '共赏雅俗',
  platform: 6,
  bid: '6518345701',
  aid: '6351986030475739649',
  title: '毛主席和周恩来亲自为他做饭，可见这个人在他们心中的地位',
  desc: '毛主席和周恩来亲自为他做饭，可见这个人在他们心中的地位',
  play_num: 111,
  comment_num: 0,
  support: 0,
  step: 0,
  save_num: 0,
  a_create_time: 1479004624 }
[2016-11-27 00:11:26.585] [DEBUG] 今日头条 - medis info:  { author: '共赏雅俗',
  platform: 6,
  bid: '6518345701',
  aid: '6351988950566961666',
  title: '花季少女校园产子，竟是禽兽姑父惹的祸',
  desc: '花季少女校园产子，竟是禽兽姑父惹的祸',
  play_num: 117,
  comment_num: 0,
  support: 1,
  step: 1,
  save_num: 0,
  a_create_time: 1478937675 }
[2016-11-27 00:11:26.689] [DEBUG] 今日头条 - medis info:  { author: '共赏雅俗',
  platform: 6,
  bid: '6518345701',
  aid: '6351984939369497090',
  title: '谁都没想到看《小鬼当家2》的时候，里面那个路人现在的地位',
  desc: '谁都没想到看《小鬼当家2》的时候，里面那个路人现在的地位',
  play_num: 59,
  comment_num: 1,
  support: 1,
  step: 1,
  save_num: 2,
  a_create_time: 1478936741 }
