[2016-11-27 19:36:23.670] [TRACE] 今日头条 - DealWith instantiation ...
[2016-11-27 19:36:23.677] [TRACE] 今日头条 - spiderCore instantiation ...
[2016-11-27 19:36:23.680] [TRACE] 今日头条 - 启动函数
[2016-11-27 19:36:23.707] [DEBUG] 今日头条 - 任务信息数据库连接建立...成功
[2016-11-27 19:36:23.709] [DEBUG] 今日头条 - 缓存队列数据库连接建立...成功
[2016-11-27 19:36:23.711] [DEBUG] 今日头条 - 创建数据库连接完毕
[2016-11-27 19:36:23.712] [INFO] 今日头条 - { p: '6', id: '50246551362', name: '视频不重要评论最搞笑' }
[2016-11-27 19:36:24.718] [DEBUG] 今日头条 - 王大锤五指山压泼猴刘循子墨，教授易小星带其西天取经
[2016-11-27 19:36:24.800] [DEBUG] 今日头条 - 王大锤和子墨的爱情故事：我曾许下心愿知道我是变态的我就嫁给他
[2016-11-27 19:36:24.876] [DEBUG] 今日头条 - 王大锤最终还是击败了理发师青龙，竟是没有钱办会员卡
[2016-11-27 19:36:24.951] [DEBUG] 今日头条 - 百家：小樱看娱乐 申请专用 王大锤参加荒野求生节目，活着一只野生巧克力
[2016-11-27 19:36:25.126] [DEBUG] 今日头条 - 王大锤当保安吐槽安保系统，柯达和小爱竟擦出爱情火花
[2016-11-27 19:36:25.321] [DEBUG] 今日头条 - 男子机场逃亡不忘耍帅，仗着腿长玩跨栏，结果摔了一个大马哈。
[2016-11-27 19:36:25.515] [DEBUG] 今日头条 - 《昆虫总动员》瓢虫宝宝出生了，瓢虫爸妈教宝宝飞行。
[2016-11-27 19:36:25.716] [DEBUG] 今日头条 - 张柏芝、郑秀文争做齐宣王的王后，郑秀文掉井里，齐宣王落井下石。
[2016-11-27 19:36:25.895] [DEBUG] 今日头条 - 实习神仙齐桓公与张柏芝斗法反被困，大声呼喊：不要搞我的子孙。
[2016-11-27 19:36:26.085] [DEBUG] 今日头条 - 齐宣王在夜叉山碰到寨主钟无艳，一个行为当即让他决意娶她做王后。
[2016-11-27 19:36:26.376] [DEBUG] 今日头条 - 吴孟达整蛊金城武和小文，结果反而自己被整的很惨。
[2016-11-27 19:36:26.568] [DEBUG] 今日头条 - 小文嫌苍蝇太瘦了没有肉不好吃，小龙马上抓了一只肥的给他。
[2016-11-27 19:36:26.754] [DEBUG] 今日头条 - 小文一个招式就打败了黄飞鸿的师父。
[2016-11-27 19:36:26.945] [DEBUG] 今日头条 - 一个人黑夜上厕所时，下水道冒出东西来怎么办？
[2016-11-27 19:36:27.119] [DEBUG] 今日头条 - 徐若瑄问释小龙是本人吗？小龙拍桌子说：不是本人，是中国人。
[2016-11-27 19:36:27.300] [DEBUG] 今日头条 - 小文生病，小龙和师父们扮女装逗其开心，结果病的更严重了。
[2016-11-27 19:36:27.475] [DEBUG] 今日头条 - 健身房帅哥对吴孟达说：你输了，我就玩你。
[2016-11-27 19:36:27.685] [DEBUG] 今日头条 - 夏目和娘口三三帮助三都寻找友人之旅。
[2016-11-27 19:36:27.915] [DEBUG] 今日头条 - 憨豆迷路之后回目的地的方式真特别。
