[2016-11-24 19:40:19.385] [TRACE] 今日头条 - DealWith instantiation ...
[2016-11-24 19:40:19.391] [TRACE] 今日头条 - spiderCore instantiation ...
[2016-11-24 19:40:19.393] [TRACE] 今日头条 - 启动函数
[2016-11-24 19:40:19.423] [DEBUG] 今日头条 - 任务信息数据库连接建立...成功
[2016-11-24 19:40:19.426] [DEBUG] 今日头条 - 缓存队列数据库连接建立...成功
[2016-11-24 19:40:19.428] [DEBUG] 今日头条 - 创建数据库连接完毕
[2016-11-24 19:40:19.435] [TRACE] 今日头条 - Queue get ready
[2016-11-24 19:40:19.481] [TRACE] 今日头条 - Get toutiao task!
[2016-11-24 19:40:19.483] [INFO] 今日头条 - { id: '4215797196', p: '6', name: '袁超工作室', type: '0' }
[2016-11-24 19:40:19.526] [TRACE] 今日头条 - Get toutiao task!
[2016-11-24 19:40:19.528] [INFO] 今日头条 - { id: '4066519486', p: '6', name: '嗨小冷', type: '0' }
[2016-11-24 19:40:19.531] [TRACE] 今日头条 - Get toutiao task!
[2016-11-24 19:40:19.533] [INFO] 今日头条 - { id: '6074223402', p: '6', name: '兔小贝儿歌', type: '0' }
[2016-11-24 19:40:19.535] [TRACE] 今日头条 - Get toutiao task!
[2016-11-24 19:40:19.537] [INFO] 今日头条 - { id: '6461854573', p: '6', name: '罐头视频', type: '0' }
[2016-11-24 19:40:19.542] [TRACE] 今日头条 - Get toutiao task!
[2016-11-24 19:40:19.543] [INFO] 今日头条 - { id: '5924616282', p: '6', name: '心煮艺', type: '0' }
[2016-11-24 19:40:19.548] [TRACE] 今日头条 - Get toutiao task!
[2016-11-24 19:40:19.551] [INFO] 今日头条 - { id: '6541070166', p: '6', name: '小鸡炖蘑菇', type: '0' }
[2016-11-24 19:40:19.556] [TRACE] 今日头条 - Get toutiao task!
[2016-11-24 19:40:19.557] [INFO] 今日头条 - { id: '4500350742', p: '6', name: '微在涨姿势', type: '0' }
[2016-11-24 19:40:19.560] [TRACE] 今日头条 - Get toutiao task!
[2016-11-24 19:40:19.562] [INFO] 今日头条 - { id: '50072890913', p: '6', name: '诗中有画', type: '0' }
[2016-11-24 19:40:19.566] [TRACE] 今日头条 - Get toutiao task!
[2016-11-24 19:40:19.567] [INFO] 今日头条 - { id: '4379233142', p: '6', name: '江苏可一', type: '0' }
[2016-11-24 19:40:19.927] [DEBUG] 今日头条 - 已经没有数据
[2016-11-24 19:40:19.947] [TRACE] 今日头条 - Get toutiao task!
[2016-11-24 19:40:19.949] [INFO] 今日头条 - { id: '6974900145', p: '6', name: '逍遥小枫', type: '0' }
[2016-11-24 19:40:20.186] [DEBUG] 今日头条 - http://a3.pstatp.com/article/full/12/2/6354171587089400066/6354174332654060033/2/0/
[2016-11-24 19:40:20.437] [DEBUG] 今日头条 - http://a3.pstatp.com/article/full/12/2/6356000326701859074/6356447253191721474/2/0/
[2016-11-24 19:40:20.481] [DEBUG] 今日头条 - http://a3.pstatp.com/article/full/12/2/6355716697291342082/6355717890947154434/2/0/
[2016-11-24 19:40:20.530] [DEBUG] 今日头条 - http://a3.pstatp.com/article/full/12/2/6353118835273335042/6353120700718383617/2/0/
[2016-11-24 19:40:20.630] [DEBUG] 今日头条 - http://a3.pstatp.com/article/full/12/2/6355385545002860802/6355388200273314306/2/0/
[2016-11-24 19:40:20.676] [DEBUG] 今日头条 - http://a3.pstatp.com/article/full/12/2/6356047118322369026/6356047118322369026/2/0/
[2016-11-24 19:40:20.723] [DEBUG] 今日头条 - http://a3.pstatp.com/article/full/12/2/6351527999443665153/6351530491274854914/2/0/
[2016-11-24 19:40:20.771] [DEBUG] 今日头条 - http://a3.pstatp.com/article/full/12/2/6355053325696090369/6355065044107002369/2/0/
[2016-11-24 19:40:20.815] [DEBUG] 今日头条 - http://a3.pstatp.com/article/full/12/2/6355674829483950338/6355675550748508673/2/0/
[2016-11-24 19:40:20.912] [DEBUG] 今日头条 - http://a3.pstatp.com/article/full/12/2/6354991603635355905/6354994766567965185/2/0/
[2016-11-24 19:40:20.968] [DEBUG] 今日头条 - http://a3.pstatp.com/article/full/12/2/6355258578891358465/6355669499370275329/2/0/
[2016-11-24 19:40:21.013] [DEBUG] 今日头条 - http://a3.pstatp.com/article/full/12/2/6351163050900832514/6351165510750568961/2/0/
[2016-11-24 19:40:21.070] [DEBUG] 今日头条 - http://a3.pstatp.com/article/full/12/2/6356445646852997633/6356445646852997633/2/0/
[2016-11-24 19:40:21.076] [DEBUG] 今日头条 - http://a3.pstatp.com/article/full/12/2/6354885928377712898/6354888947528630785/2/0/
[2016-11-24 19:40:21.129] [DEBUG] 今日头条 - http://a3.pstatp.com/article/full/12/2/6354394045670719745/6355311310833451522/2/0/
[2016-11-24 19:40:21.172] [DEBUG] 今日头条 - http://a3.pstatp.com/article/full/12/2/6348997776299327745/6348997261707444737/2/0/
[2016-11-24 19:40:21.236] [DEBUG] 今日头条 - http://a3.pstatp.com/article/full/12/2/6356112890755285506/6356112890755285506/2/0/
[2016-11-24 19:40:21.298] [DEBUG] 今日头条 - http://a3.pstatp.com/article/full/12/2/6354785421364609281/6355308756800127489/2/0/
[2016-11-24 19:40:21.335] [DEBUG] 今日头条 - http://a3.pstatp.com/article/full/12/2/6348409908182647042/6348580297583362562/2/0/
[2016-11-24 20:11:17.365] [TRACE] 今日头条 - DealWith instantiation ...
[2016-11-24 20:11:17.376] [TRACE] 今日头条 - spiderCore instantiation ...
[2016-11-24 20:11:17.378] [TRACE] 今日头条 - 启动函数
[2016-11-24 20:11:17.409] [DEBUG] 今日头条 - 任务信息数据库连接建立...成功
[2016-11-24 20:11:17.412] [DEBUG] 今日头条 - 缓存队列数据库连接建立...成功
[2016-11-24 20:11:17.413] [DEBUG] 今日头条 - 创建数据库连接完毕
[2016-11-24 20:11:17.421] [TRACE] 今日头条 - Queue get ready
