[2016-11-27 15:53:06.262] [TRACE] 今日头条 - DealWith instantiation ...
[2016-11-27 15:53:06.278] [TRACE] 今日头条 - spiderCore instantiation ...
[2016-11-27 15:53:06.278] [TRACE] 今日头条 - 启动函数
[2016-11-27 15:53:06.302] [DEBUG] 今日头条 - 任务信息数据库连接建立...成功
[2016-11-27 15:53:06.302] [DEBUG] 今日头条 - 缓存队列数据库连接建立...成功
[2016-11-27 15:53:06.302] [DEBUG] 今日头条 - 创建数据库连接完毕
[2016-11-27 15:53:06.302] [INFO] 今日头条 - { p: '6', id: '50747865579', name: ' 万言说娱乐' }
[2016-11-27 15:53:06.690] [DEBUG] 今日头条 - 周立波,黄渤-----http://p2.pstatp.com/list/f8a00127c7f0970af11
[2016-11-27 15:53:06.859] [DEBUG] 今日头条 - 刘诗诗-----http://p2.pstatp.com/list/f8c0006a8051b6d2a55
[2016-11-27 15:53:07.025] [DEBUG] 今日头条 - 婚姻,李亚鹏,谢霆锋,王菲-----http://p2.pstatp.com/list/f880004baacb48a02e6
[2016-11-27 15:53:07.201] [DEBUG] 今日头条 - -----http://p2.pstatp.com/list/e8f0008241f15b7774c
[2016-11-27 15:53:07.360] [DEBUG] 今日头条 - 婚外情,谢沛恩-----http://p2.pstatp.com/list/e5a000a9dabcd3b4b95
[2016-11-27 15:53:07.556] [DEBUG] 今日头条 - 婚外情,谢沛恩-----http://p2.pstatp.com/list/e5a000a9dabcd3b4b95
[2016-11-27 15:53:07.720] [DEBUG] 今日头条 - 婚外情,谢沛恩-----http://p2.pstatp.com/list/e5a000a9dabcd3b4b95
[2016-11-27 15:53:07.910] [DEBUG] 今日头条 - 婚外情,谢沛恩-----http://p2.pstatp.com/list/e5a000a9dabcd3b4b95
[2016-11-27 15:53:08.113] [DEBUG] 今日头条 - 婚外情,谢沛恩-----http://p2.pstatp.com/list/e5a000a9dabcd3b4b95
[2016-11-27 15:53:08.277] [DEBUG] 今日头条 - 婚外情,谢沛恩-----http://p2.pstatp.com/list/e5a000a9dabcd3b4b95
[2016-11-27 15:53:08.556] [DEBUG] 今日头条 - 婚外情,谢沛恩-----http://p2.pstatp.com/list/e5a000a9dabcd3b4b95
[2016-11-27 15:53:08.726] [DEBUG] 今日头条 - 婚外情,谢沛恩-----http://p2.pstatp.com/list/e5a000a9dabcd3b4b95
[2016-11-27 15:53:08.962] [DEBUG] 今日头条 - 婚外情,谢沛恩-----http://p2.pstatp.com/list/e5a000a9dabcd3b4b95
[2016-11-27 17:52:02.020] [TRACE] 今日头条 - DealWith instantiation ...
[2016-11-27 17:52:02.028] [TRACE] 今日头条 - spiderCore instantiation ...
[2016-11-27 17:52:02.029] [TRACE] 今日头条 - 启动函数
[2016-11-27 17:52:02.059] [DEBUG] 今日头条 - 任务信息数据库连接建立...成功
[2016-11-27 17:52:02.062] [DEBUG] 今日头条 - 缓存队列数据库连接建立...成功
[2016-11-27 17:52:02.063] [DEBUG] 今日头条 - 创建数据库连接完毕
[2016-11-27 17:52:02.065] [INFO] 今日头条 - { p: '6', id: '50246551362', name: '视频不重要评论最搞笑' }
[2016-11-27 17:52:03.522] [DEBUG] 今日头条 - 王大锤当保安吐槽安保系统，柯达和小爱竟擦出爱情火花
[2016-11-27 17:52:03.724] [DEBUG] 今日头条 - 王大锤当保安吐槽安保系统，柯达和小爱竟擦出爱情火花
[2016-11-27 17:52:03.882] [DEBUG] 今日头条 - 王大锤当保安吐槽安保系统，柯达和小爱竟擦出爱情火花
[2016-11-27 17:52:04.056] [DEBUG] 今日头条 - 王大锤当保安吐槽安保系统，柯达和小爱竟擦出爱情火花
[2016-11-27 17:52:04.227] [DEBUG] 今日头条 - 王大锤当保安吐槽安保系统，柯达和小爱竟擦出爱情火花
[2016-11-27 17:52:04.430] [DEBUG] 今日头条 - 王大锤当保安吐槽安保系统，柯达和小爱竟擦出爱情火花
[2016-11-27 17:52:04.611] [DEBUG] 今日头条 - 王大锤当保安吐槽安保系统，柯达和小爱竟擦出爱情火花
[2016-11-27 17:52:04.801] [DEBUG] 今日头条 - 王大锤当保安吐槽安保系统，柯达和小爱竟擦出爱情火花
[2016-11-27 17:52:04.977] [DEBUG] 今日头条 - 王大锤当保安吐槽安保系统，柯达和小爱竟擦出爱情火花
[2016-11-27 17:52:05.146] [DEBUG] 今日头条 - 王大锤当保安吐槽安保系统，柯达和小爱竟擦出爱情火花
[2016-11-27 17:52:05.430] [DEBUG] 今日头条 - 王大锤当保安吐槽安保系统，柯达和小爱竟擦出爱情火花
[2016-11-27 17:52:05.610] [DEBUG] 今日头条 - 王大锤当保安吐槽安保系统，柯达和小爱竟擦出爱情火花
[2016-11-27 17:52:05.777] [DEBUG] 今日头条 - 王大锤当保安吐槽安保系统，柯达和小爱竟擦出爱情火花
[2016-11-27 17:52:05.958] [DEBUG] 今日头条 - 王大锤当保安吐槽安保系统，柯达和小爱竟擦出爱情火花
[2016-11-27 17:52:06.137] [DEBUG] 今日头条 - 王大锤当保安吐槽安保系统，柯达和小爱竟擦出爱情火花
[2016-11-27 17:52:06.330] [DEBUG] 今日头条 - 王大锤当保安吐槽安保系统，柯达和小爱竟擦出爱情火花
[2016-11-27 17:52:06.495] [DEBUG] 今日头条 - 王大锤当保安吐槽安保系统，柯达和小爱竟擦出爱情火花
[2016-11-27 17:52:06.693] [DEBUG] 今日头条 - 王大锤当保安吐槽安保系统，柯达和小爱竟擦出爱情火花
[2016-11-27 17:52:06.901] [DEBUG] 今日头条 - 王大锤当保安吐槽安保系统，柯达和小爱竟擦出爱情火花
[2016-11-27 17:52:07.111] [DEBUG] 今日头条 - 王大锤当保安吐槽安保系统，柯达和小爱竟擦出爱情火花
[2016-11-27 17:52:07.377] [DEBUG] 今日头条 - 王大锤当保安吐槽安保系统，柯达和小爱竟擦出爱情火花
[2016-11-27 17:52:07.560] [DEBUG] 今日头条 - 王大锤当保安吐槽安保系统，柯达和小爱竟擦出爱情火花
[2016-11-27 17:52:07.725] [DEBUG] 今日头条 - 王大锤当保安吐槽安保系统，柯达和小爱竟擦出爱情火花
[2016-11-27 17:52:07.902] [DEBUG] 今日头条 - 王大锤当保安吐槽安保系统，柯达和小爱竟擦出爱情火花
[2016-11-27 17:52:08.101] [DEBUG] 今日头条 - 王大锤当保安吐槽安保系统，柯达和小爱竟擦出爱情火花
[2016-11-27 17:52:08.277] [DEBUG] 今日头条 - 王大锤当保安吐槽安保系统，柯达和小爱竟擦出爱情火花
[2016-11-27 17:52:08.470] [DEBUG] 今日头条 - 王大锤当保安吐槽安保系统，柯达和小爱竟擦出爱情火花
[2016-11-27 17:52:08.669] [DEBUG] 今日头条 - 王大锤当保安吐槽安保系统，柯达和小爱竟擦出爱情火花
[2016-11-27 17:52:08.866] [DEBUG] 今日头条 - 王大锤当保安吐槽安保系统，柯达和小爱竟擦出爱情火花
[2016-11-27 17:52:09.038] [DEBUG] 今日头条 - 王大锤当保安吐槽安保系统，柯达和小爱竟擦出爱情火花
[2016-11-27 17:52:09.309] [DEBUG] 今日头条 - 王大锤当保安吐槽安保系统，柯达和小爱竟擦出爱情火花
[2016-11-27 17:52:09.482] [DEBUG] 今日头条 - 王大锤当保安吐槽安保系统，柯达和小爱竟擦出爱情火花
[2016-11-27 17:52:09.668] [DEBUG] 今日头条 - 王大锤当保安吐槽安保系统，柯达和小爱竟擦出爱情火花
[2016-11-27 17:52:09.849] [DEBUG] 今日头条 - 王大锤当保安吐槽安保系统，柯达和小爱竟擦出爱情火花
[2016-11-27 17:52:10.032] [DEBUG] 今日头条 - 王大锤当保安吐槽安保系统，柯达和小爱竟擦出爱情火花
[2016-11-27 17:52:10.213] [DEBUG] 今日头条 - 王大锤当保安吐槽安保系统，柯达和小爱竟擦出爱情火花
[2016-11-27 17:52:10.412] [DEBUG] 今日头条 - 王大锤当保安吐槽安保系统，柯达和小爱竟擦出爱情火花
[2016-11-27 17:52:10.771] [DEBUG] 今日头条 - 王大锤当保安吐槽安保系统，柯达和小爱竟擦出爱情火花
[2016-11-27 17:52:10.979] [DEBUG] 今日头条 - 王大锤当保安吐槽安保系统，柯达和小爱竟擦出爱情火花
[2016-11-27 17:52:11.178] [DEBUG] 今日头条 - 王大锤当保安吐槽安保系统，柯达和小爱竟擦出爱情火花
[2016-11-27 17:52:11.476] [DEBUG] 今日头条 - 王大锤当保安吐槽安保系统，柯达和小爱竟擦出爱情火花
[2016-11-27 17:52:11.656] [DEBUG] 今日头条 - 王大锤当保安吐槽安保系统，柯达和小爱竟擦出爱情火花
[2016-11-27 17:52:11.839] [DEBUG] 今日头条 - 王大锤当保安吐槽安保系统，柯达和小爱竟擦出爱情火花
[2016-11-27 17:52:12.026] [DEBUG] 今日头条 - 王大锤当保安吐槽安保系统，柯达和小爱竟擦出爱情火花
[2016-11-27 17:52:12.218] [DEBUG] 今日头条 - 王大锤当保安吐槽安保系统，柯达和小爱竟擦出爱情火花
[2016-11-27 17:52:12.393] [DEBUG] 今日头条 - 王大锤当保安吐槽安保系统，柯达和小爱竟擦出爱情火花
[2016-11-27 17:52:12.586] [DEBUG] 今日头条 - 王大锤当保安吐槽安保系统，柯达和小爱竟擦出爱情火花
[2016-11-27 17:52:12.770] [DEBUG] 今日头条 - 王大锤当保安吐槽安保系统，柯达和小爱竟擦出爱情火花
[2016-11-27 17:52:12.959] [DEBUG] 今日头条 - 王大锤当保安吐槽安保系统，柯达和小爱竟擦出爱情火花
[2016-11-27 17:52:13.130] [DEBUG] 今日头条 - 王大锤当保安吐槽安保系统，柯达和小爱竟擦出爱情火花
[2016-11-27 17:52:13.792] [DEBUG] 今日头条 - 王大锤当保安吐槽安保系统，柯达和小爱竟擦出爱情火花
[2016-11-27 17:52:13.976] [DEBUG] 今日头条 - 王大锤当保安吐槽安保系统，柯达和小爱竟擦出爱情火花
[2016-11-27 17:52:14.226] [DEBUG] 今日头条 - 王大锤当保安吐槽安保系统，柯达和小爱竟擦出爱情火花
[2016-11-27 17:52:14.434] [DEBUG] 今日头条 - 王大锤当保安吐槽安保系统，柯达和小爱竟擦出爱情火花
[2016-11-27 17:52:14.636] [DEBUG] 今日头条 - 王大锤当保安吐槽安保系统，柯达和小爱竟擦出爱情火花
[2016-11-27 17:52:14.826] [DEBUG] 今日头条 - 王大锤当保安吐槽安保系统，柯达和小爱竟擦出爱情火花
[2016-11-27 17:52:15.004] [DEBUG] 今日头条 - 王大锤当保安吐槽安保系统，柯达和小爱竟擦出爱情火花
[2016-11-27 17:52:15.212] [DEBUG] 今日头条 - 王大锤当保安吐槽安保系统，柯达和小爱竟擦出爱情火花
[2016-11-27 17:52:15.408] [DEBUG] 今日头条 - 王大锤当保安吐槽安保系统，柯达和小爱竟擦出爱情火花
[2016-11-27 17:52:15.606] [DEBUG] 今日头条 - 王大锤当保安吐槽安保系统，柯达和小爱竟擦出爱情火花
[2016-11-27 17:52:15.894] [DEBUG] 今日头条 - 王大锤当保安吐槽安保系统，柯达和小爱竟擦出爱情火花
[2016-11-27 17:52:16.077] [DEBUG] 今日头条 - 王大锤当保安吐槽安保系统，柯达和小爱竟擦出爱情火花
[2016-11-27 17:52:16.238] [DEBUG] 今日头条 - 王大锤当保安吐槽安保系统，柯达和小爱竟擦出爱情火花
[2016-11-27 17:52:16.413] [DEBUG] 今日头条 - 王大锤当保安吐槽安保系统，柯达和小爱竟擦出爱情火花
[2016-11-27 17:52:16.667] [DEBUG] 今日头条 - 王大锤当保安吐槽安保系统，柯达和小爱竟擦出爱情火花
[2016-11-27 17:52:16.842] [DEBUG] 今日头条 - 王大锤当保安吐槽安保系统，柯达和小爱竟擦出爱情火花
[2016-11-27 17:52:17.038] [DEBUG] 今日头条 - 王大锤当保安吐槽安保系统，柯达和小爱竟擦出爱情火花
[2016-11-27 17:52:17.204] [DEBUG] 今日头条 - 王大锤当保安吐槽安保系统，柯达和小爱竟擦出爱情火花
[2016-11-27 17:52:17.370] [DEBUG] 今日头条 - 王大锤当保安吐槽安保系统，柯达和小爱竟擦出爱情火花
[2016-11-27 17:52:17.550] [DEBUG] 今日头条 - 王大锤当保安吐槽安保系统，柯达和小爱竟擦出爱情火花
[2016-11-27 17:52:17.836] [DEBUG] 今日头条 - 王大锤当保安吐槽安保系统，柯达和小爱竟擦出爱情火花
[2016-11-27 17:52:18.007] [DEBUG] 今日头条 - 王大锤当保安吐槽安保系统，柯达和小爱竟擦出爱情火花
[2016-11-27 17:52:18.173] [DEBUG] 今日头条 - 王大锤当保安吐槽安保系统，柯达和小爱竟擦出爱情火花
[2016-11-27 17:52:18.751] [DEBUG] 今日头条 - 王大锤当保安吐槽安保系统，柯达和小爱竟擦出爱情火花
[2016-11-27 17:52:18.946] [DEBUG] 今日头条 - 王大锤当保安吐槽安保系统，柯达和小爱竟擦出爱情火花
[2016-11-27 17:52:19.129] [DEBUG] 今日头条 - 王大锤当保安吐槽安保系统，柯达和小爱竟擦出爱情火花
[2016-11-27 17:52:19.282] [DEBUG] 今日头条 - 王大锤当保安吐槽安保系统，柯达和小爱竟擦出爱情火花
[2016-11-27 17:52:19.455] [DEBUG] 今日头条 - 已经没有数据
[2016-11-27 17:52:40.496] [ERROR] 今日头条 - occur error :  { Error: connect ETIMEDOUT 100.98.39.12:80
    at Object.exports._errnoException (util.js:1007:11)
    at exports._exceptionWithHostPort (util.js:1030:20)
    at TCPConnectWrap.afterConnect [as oncomplete] (net.js:1080:14)
  code: 'ETIMEDOUT',
  errno: 'ETIMEDOUT',
  syscall: 'connect',
  address: '100.98.39.12',
  port: 80 }
