[2016-11-27 16:01:45.263] [TRACE] 今日头条 - DealWith instantiation ...
[2016-11-27 16:01:45.270] [TRACE] 今日头条 - spiderCore instantiation ...
[2016-11-27 16:01:45.270] [TRACE] 今日头条 - 启动函数
[2016-11-27 16:01:45.300] [DEBUG] 今日头条 - 任务信息数据库连接建立...成功
[2016-11-27 16:01:45.300] [DEBUG] 今日头条 - 缓存队列数据库连接建立...成功
[2016-11-27 16:01:45.300] [DEBUG] 今日头条 - 创建数据库连接完毕
[2016-11-27 16:01:45.300] [INFO] 今日头条 - { p: '6', id: '50020702926', name: '  全民乐翻天' }
[2016-11-27 16:01:45.340] [DEBUG] 今日头条 - undefined
[2016-11-27 16:01:45.340] [DEBUG] 今日头条 - ==================
[2016-11-27 16:01:45.563] [DEBUG] 今日头条 - 35岁还被逼演20岁女孩，二次婚姻很幸福，女儿奚望是中戏校花
[2016-11-27 16:01:45.630] [DEBUG] 今日头条 - 国家一级演员劳动模范，因戏生情抛弃十七年发妻，送房车补偿前妻
[2016-11-27 16:01:45.724] [DEBUG] 今日头条 - 星二代的正面榜样，因疲劳拍戏导致短暂失明，出道多年零绯闻
[2016-11-27 16:01:45.791] [DEBUG] 今日头条 - “狄仁杰”梁冠华近照，和钱雁秋张子健闹掰后人气大不如前！
[2016-11-27 16:01:45.871] [DEBUG] 今日头条 - 与那英齐名最悲剧女星，四任感情一个入狱、一个病死、一个破产！
[2016-11-27 16:01:45.966] [DEBUG] 今日头条 - 分手多年还能复合结婚的明星莫文蔚夫妻，最后一位天王嫂太幸福
[2016-11-27 16:01:46.042] [DEBUG] 今日头条 - 13岁出道走红，被称“最丑”童星长大嫁不出去，现24岁长这样
[2016-11-27 16:01:46.130] [DEBUG] 今日头条 - 明星初恋大曝光！范爷最霸气分手还能再合作，钱枫初恋是娘娘
[2016-11-27 16:01:46.217] [DEBUG] 今日头条 - 娱乐圈曾“兴风作浪”的五大女星，都变老实了，最后一位转变太快
[2016-11-27 16:01:46.318] [DEBUG] 今日头条 - 李连杰近照曝光深山吃斋拜佛无人识 回应加入新加坡国籍令人心疼
[2016-11-27 16:01:46.529] [DEBUG] 今日头条 - 李嘉欣三点式陪儿子洗澡，分享症徐濠萦禁止女儿开社交平台账号
[2016-11-27 16:01:46.631] [DEBUG] 今日头条 - 出道十年不整容零绯闻，主持功底好，今超越谢娜成为综艺一姐！
[2016-11-27 16:01:46.701] [DEBUG] 今日头条 - 姚笛发微博惨遭网友痛骂，只因为其中的两个字
[2016-11-27 16:01:46.801] [DEBUG] 今日头条 - 李连杰近照眼凸脸变形好吓人 患病后吃斋念佛频进深山祈福
[2016-11-27 16:01:46.870] [DEBUG] 今日头条 - 卓伟打脸王鸥经纪人：独处属实，有视频为证
[2016-11-27 16:01:46.956] [DEBUG] 今日头条 - 卓伟再爆猛料 这是真要打脸杨幂 让刘恺威王鸥不得翻身的节奏？
[2016-11-27 16:01:47.047] [DEBUG] 今日头条 - 焦恩俊，46岁二婚娶旧爱，一家人的基因也太好了
[2016-11-27 16:01:47.144] [DEBUG] 今日头条 - “第一狗仔”卓伟自曝心酸往事：被郭德纲群殴被刘强东怒斥
[2016-11-27 16:01:47.228] [DEBUG] 今日头条 - 李小冉简直太耿直了！对于林丹事件，她直接这样开骂
[2016-11-27 16:01:47.314] [DEBUG] 今日头条 - 赵五儿爆料太猛得一分，网友：简直打脸卓伟啊！
[2016-11-27 16:01:47.489] [DEBUG] 今日头条 - 林丹正式回应“出轨门”：伤害了家人 向家人道歉
[2016-11-27 16:01:47.585] [DEBUG] 今日头条 - 赵雅淇发微博：无法预知未来，洒脱活在当下，林丹微博令人泪目！
[2016-11-27 16:01:47.675] [DEBUG] 今日头条 - 林丹妻子谢杏芳回应出轨门：支持知错会改的男人
[2016-11-27 16:01:47.767] [DEBUG] 今日头条 - 曝林丹不陪老婆与双胞胎网红过生日 知情人：冠军也一样渣
[2016-11-27 16:01:47.852] [DEBUG] 今日头条 - 何洁瘦身成功举行演唱会 网友：造型太丑了
[2016-11-27 16:01:47.942] [DEBUG] 今日头条 - 林丹骚气紫红西装现身上海街头 帅气挥手引粉丝尖叫连连
[2016-11-27 16:01:48.016] [DEBUG] 今日头条 - 王思聪女友豆得儿旧照曝光，网友：终于知道思聪和她在一起的原因
[2016-11-27 16:01:48.114] [DEBUG] 今日头条 - 苗圃：中国内地唯一拥有飞机驾照的女艺人
[2016-11-27 16:01:48.202] [DEBUG] 今日头条 - 陆毅妹妹身价3000万，天安门前拍照
[2016-11-27 16:01:48.302] [DEBUG] 今日头条 - 昔日风光无限今日穷困潦倒的明星
[2016-11-27 16:01:48.498] [DEBUG] 今日头条 - 44岁袁立近照曝光，嫁给外国亿万富翁后，变成了这副模样
[2016-11-27 16:01:48.615] [DEBUG] 今日头条 - 天惹！杨幂画画秒掉普通人，张馨予国画太惊艳，郑秀文画风像梵高
[2016-11-27 16:01:48.697] [DEBUG] 今日头条 - 曾是最丑女主角，转型后人气骤减，显赫家世曝光
[2016-11-27 16:01:48.787] [DEBUG] 今日头条 - 电视为收视率问贾玲妈妈死了会难受吗，贾玲当场怒骂节目组
[2016-11-27 16:01:48.864] [DEBUG] 今日头条 - “小马云”获马云资助 阿里回应：这不是笑话 背后是沉重的现实
[2016-11-27 16:01:48.952] [DEBUG] 今日头条 - 韩熙雅微博上传人流手术缴费单 网友：这么便宜 半价吗？
[2016-11-27 16:01:49.044] [DEBUG] 今日头条 - 两位童星：一个18岁像9岁孩童，一个天生娃娃脸娶妻说像妈妈
[2016-11-27 16:01:49.150] [DEBUG] 今日头条 - 小马云上直播：粉丝狂刷礼物 面对镜头不知所措！
[2016-11-27 16:01:49.229] [DEBUG] 今日头条 - 55岁周华健与55岁妻子形同母子，高颜值混血儿女曝光
[2016-11-27 16:01:49.422] [DEBUG] 今日头条 - 佟丽娅太美，旁边的女主持人一脸不爽，求网友配潜台词
[2016-11-27 16:01:49.711] [DEBUG] 今日头条 - 明明相爱却不能在一起的明星，最后一对好感人
[2016-11-27 16:01:49.867] [DEBUG] 今日头条 - 嫁外国人生三儿子离婚却被威胁生命，52岁再亮相骨瘦如柴无人识
[2016-11-27 16:01:50.069] [DEBUG] 今日头条 - 如果不作死，有多少人会成为她的颜粉：实在太美了！
[2016-11-27 16:01:50.251] [DEBUG] 今日头条 - 文章再谈姚笛近乎哽咽，是不舍还是悔恨？
[2016-11-27 16:01:50.431] [DEBUG] 今日头条 - 徐锦江回复网友关于迈克尔杰克逊演唱会现场“金毛狮王”
[2016-11-27 16:01:50.634] [DEBUG] 今日头条 - 孙俪邓超不遮不掩大方带儿子游迪士尼，素颜私服似路人
[2016-11-27 16:01:50.822] [DEBUG] 今日头条 - 王鸥首度正面回应:从没介入任何人婚姻 没婚史
[2016-11-27 16:01:51.118] [DEBUG] 今日头条 - 王鸥晒证据回击与刘恺威风波，网友：这才是真相！
[2016-11-27 16:01:51.287] [DEBUG] 今日头条 - Word天！周杰曝赵薇喝粪水内幕
[2016-11-27 16:01:51.484] [DEBUG] 今日头条 - 欢乐背后！笑星乔杉北漂曾吃不起盒饭，和妻子摆过地摊
[2016-11-27 16:01:51.766] [DEBUG] 今日头条 - 最有可能改变张国荣的女人，57岁依旧青春靓丽
[2016-11-27 16:01:51.965] [DEBUG] 今日头条 - 靓颖妈晒证据斥冯轲欺骗 证女儿当3年小三
[2016-11-27 16:01:52.143] [DEBUG] 今日头条 - 卓伟豪气放言：绝不给刘恺威活路！只因杨幂得罪了卓伟？
[2016-11-27 16:01:52.334] [DEBUG] 今日头条 - 全智贤产后瘦身回归 半屏都是腿
