[2016-11-24 19:38:14.117] [TRACE] 今日头条 - DealWith instantiation ...
[2016-11-24 19:38:14.125] [TRACE] 今日头条 - spiderCore instantiation ...
[2016-11-24 19:38:14.128] [TRACE] 今日头条 - 启动函数
[2016-11-24 19:38:14.158] [DEBUG] 今日头条 - 任务信息数据库连接建立...成功
[2016-11-24 19:38:14.160] [DEBUG] 今日头条 - 缓存队列数据库连接建立...成功
[2016-11-24 19:38:14.162] [DEBUG] 今日头条 - 创建数据库连接完毕
[2016-11-24 19:38:14.169] [TRACE] 今日头条 - Queue get ready
[2016-11-24 19:38:14.211] [TRACE] 今日头条 - Get toutiao task!
[2016-11-24 19:38:14.213] [INFO] 今日头条 - { id: '6541510166', p: '6', name: '一色神秘籍', type: '0' }
[2016-11-24 19:38:14.276] [TRACE] 今日头条 - Get toutiao task!
[2016-11-24 19:38:14.278] [INFO] 今日头条 - { id: '4370000987', p: '6', name: '起小点', type: '0' }
[2016-11-24 19:38:14.284] [TRACE] 今日头条 - Get toutiao task!
[2016-11-24 19:38:14.286] [INFO] 今日头条 - { id: '3905461156', p: '6', name: 'ZEALER', type: '0' }
[2016-11-24 19:38:14.296] [TRACE] 今日头条 - Get toutiao task!
[2016-11-24 19:38:14.298] [INFO] 今日头条 - { id: '6382497766', p: '6', name: '大白TWO玩具魔法世界', type: '0' }
[2016-11-24 19:38:14.302] [TRACE] 今日头条 - Get toutiao task!
[2016-11-24 19:38:14.304] [INFO] 今日头条 - { id: '5854994469', p: '6', name: '哔哔秀工坊', type: '0' }
[2016-11-24 19:38:14.311] [TRACE] 今日头条 - Get toutiao task!
[2016-11-24 19:38:14.317] [INFO] 今日头条 - { id: '5769529032', p: '6', name: '迷迭香 Rosemary', type: '0' }
[2016-11-24 19:38:14.324] [TRACE] 今日头条 - Get toutiao task!
[2016-11-24 19:38:14.327] [INFO] 今日头条 - { id: '6934090775', p: '6', name: '奇奇和悦悦的玩具', type: '0' }
[2016-11-24 19:38:14.332] [TRACE] 今日头条 - Get toutiao task!
[2016-11-24 19:38:14.335] [INFO] 今日头条 - { id: '6932421033', p: '6', name: '欢乐迪士尼', type: '0' }
[2016-11-24 19:38:14.342] [TRACE] 今日头条 - Get toutiao task!
[2016-11-24 19:38:14.346] [INFO] 今日头条 - { id: '6015369579', p: '6', name: '军武次位面', type: '0' }
[2016-11-24 19:38:15.127] [DEBUG] 今日头条 - 今日头条 6356365992112685570 加入缓存队列
[2016-11-24 19:38:15.147] [DEBUG] 今日头条 - 今日头条 6356352985441763841 加入缓存队列
[2016-11-24 19:38:15.151] [DEBUG] 今日头条 - 今日头条 6356064989693870594 加入缓存队列
[2016-11-24 19:38:15.157] [DEBUG] 今日头条 - 今日头条 6356481667116302850 加入缓存队列
[2016-11-24 19:38:15.288] [DEBUG] 今日头条 - 今日头条 6356362689400275458 加入缓存队列
[2016-11-24 19:38:15.306] [DEBUG] 今日头条 - 今日头条 6356406024571716097 加入缓存队列
[2016-11-24 19:38:15.328] [DEBUG] 今日头条 - 今日头条 6355596477649125889 加入缓存队列
[2016-11-24 19:38:15.331] [DEBUG] 今日头条 - 今日头条 6356065146271433218 加入缓存队列
[2016-11-24 19:38:15.427] [DEBUG] 今日头条 - 今日头条 6356460188823716354 加入缓存队列
[2016-11-24 19:38:15.433] [DEBUG] 今日头条 - 今日头条 6355986866868584962 加入缓存队列
[2016-11-24 19:38:15.442] [DEBUG] 今日头条 - 今日头条 6356354994110726657 加入缓存队列
[2016-11-24 19:38:15.459] [DEBUG] 今日头条 - 今日头条 6356089109777220098 加入缓存队列
[2016-11-24 19:38:15.476] [DEBUG] 今日头条 - 今日头条 6353957836975768066 加入缓存队列
[2016-11-24 19:38:15.481] [DEBUG] 今日头条 - 今日头条 6354854717599777281 加入缓存队列
[2016-11-24 19:38:15.570] [DEBUG] 今日头条 - 今日头条 6356412511859769858 加入缓存队列
[2016-11-24 19:38:15.570] [DEBUG] 今日头条 - 今日头条 6356337915475264002 加入缓存队列
[2016-11-24 19:38:15.570] [DEBUG] 今日头条 - 今日头条 6355611762812797441 加入缓存队列
[2016-11-24 19:38:15.590] [DEBUG] 今日头条 - 今日头条 6355725369928057345 加入缓存队列
[2016-11-24 19:38:15.638] [DEBUG] 今日头条 - 今日头条 6354497941238972929 加入缓存队列
[2016-11-24 19:38:15.668] [DEBUG] 今日头条 - 今日头条 6352885674722460162 加入缓存队列
[2016-11-24 19:38:15.708] [DEBUG] 今日头条 - 今日头条 6356348646019039746 加入缓存队列
[2016-11-24 19:38:15.713] [DEBUG] 今日头条 - 今日头条 6355610932336394754 加入缓存队列
[2016-11-24 19:38:15.727] [DEBUG] 今日头条 - 今日头条 6356087599949414913 加入缓存队列
[2016-11-24 19:38:15.766] [DEBUG] 今日头条 - 今日头条 6355725578636624385 加入缓存队列
[2016-11-24 19:38:15.798] [DEBUG] 今日头条 - 今日头条 6354120539610546689 加入缓存队列
[2016-11-24 19:38:15.822] [DEBUG] 今日头条 - 今日头条 6356023325189210626 加入缓存队列
[2016-11-24 19:38:15.825] [DEBUG] 今日头条 - 今日头条 6352416068270555649 加入缓存队列
[2016-11-24 19:38:15.872] [DEBUG] 今日头条 - 今日头条 6356084528565453313 加入缓存队列
[2016-11-24 19:38:15.877] [DEBUG] 今日头条 - 今日头条 6355230875772256770 加入缓存队列
[2016-11-24 19:38:15.893] [DEBUG] 今日头条 - 今日头条 6355749731989193217 加入缓存队列
[2016-11-24 19:38:15.923] [DEBUG] 今日头条 - 今日头条 6355725786078511617 加入缓存队列
[2016-11-24 19:38:15.945] [DEBUG] 今日头条 - 今日头条 6356003500534530562 加入缓存队列
[2016-11-24 19:38:15.950] [DEBUG] 今日头条 - 今日头条 6353737110112961026 加入缓存队列
[2016-11-24 19:38:15.998] [DEBUG] 今日头条 - 今日头条 6351772293949030913 加入缓存队列
[2016-11-24 19:38:16.004] [DEBUG] 今日头条 - 今日头条 6355973998894907905 加入缓存队列
[2016-11-24 19:38:16.014] [DEBUG] 今日头条 - 今日头条 6355230544162193922 加入缓存队列
[2016-11-24 19:38:16.031] [DEBUG] 今日头条 - 今日头条 6354271357336814082 加入缓存队列
[2016-11-24 19:38:16.054] [DEBUG] 今日头条 - 今日头条 6355346245401182721 加入缓存队列
[2016-11-24 19:38:16.082] [DEBUG] 今日头条 - 今日头条 6355666770526732802 加入缓存队列
[2016-11-24 19:38:16.090] [DEBUG] 今日头条 - 今日头条 6353424446375592449 加入缓存队列
[2016-11-24 19:38:16.142] [DEBUG] 今日头条 - 今日头条 6354859233078411778 加入缓存队列
[2016-11-24 19:38:16.153] [DEBUG] 今日头条 - 今日头条 6355729628383937026 加入缓存队列
[2016-11-24 19:38:16.159] [DEBUG] 今日头条 - 今日头条 6351673234676515329 加入缓存队列
[2016-11-24 19:38:16.178] [DEBUG] 今日头条 - 今日头条 6355346439836533249 加入缓存队列
[2016-11-24 19:38:16.184] [DEBUG] 今日头条 - 今日头条 6354247697125343745 加入缓存队列
[2016-11-24 19:38:16.215] [DEBUG] 今日头条 - 今日头条 6355633351797260802 加入缓存队列
[2016-11-24 19:38:16.231] [DEBUG] 今日头条 - 今日头条 6353013058712896002 加入缓存队列
[2016-11-24 19:38:16.285] [DEBUG] 今日头条 - 今日头条 6355573099357798914 加入缓存队列
[2016-11-24 19:38:16.306] [DEBUG] 今日头条 - 今日头条 6355346758490391041 加入缓存队列
[2016-11-24 19:38:16.316] [DEBUG] 今日头条 - 今日头条 6351372711092027905 加入缓存队列
[2016-11-24 19:38:16.323] [DEBUG] 今日头条 - 今日头条 6354243682312389122 加入缓存队列
[2016-11-24 19:38:16.393] [DEBUG] 今日头条 - 今日头条 6352645538877276673 加入缓存队列
[2016-11-24 19:38:16.417] [DEBUG] 今日头条 - 今日头条 6354466195617350145 加入缓存队列
[2016-11-24 19:38:16.438] [DEBUG] 今日头条 - 今日头条 6354536308529955330 加入缓存队列
[2016-11-24 19:38:16.446] [DEBUG] 今日头条 - 今日头条 6353496942667891201 加入缓存队列
[2016-11-24 19:38:16.559] [DEBUG] 今日头条 - 今日头条 6352271312496361986 加入缓存队列
[2016-11-24 19:38:16.564] [DEBUG] 今日头条 - 今日头条 6354099897431491074 加入缓存队列
[2016-11-24 19:38:16.628] [DEBUG] 今日头条 - 今日头条 6350546077988422145 加入缓存队列
[2016-11-24 19:38:16.724] [DEBUG] 今日头条 - 今日头条 6354858048304972289 加入缓存队列
[2016-11-24 19:38:16.734] [DEBUG] 今日头条 - 今日头条 6355294595877700098 加入缓存队列
[2016-11-24 19:38:16.737] [DEBUG] 今日头条 - 今日头条 6353732985975472642 加入缓存队列
[2016-11-24 19:38:16.797] [DEBUG] 今日头条 - 今日头条 6350792807682163201 加入缓存队列
[2016-11-24 19:38:16.802] [DEBUG] 今日头条 - 今日头条 6350526064711696897 加入缓存队列
