[2016-11-27 00:12:29.618] [TRACE] 今日头条 - DealWith instantiation ...
[2016-11-27 00:12:29.631] [TRACE] 今日头条 - spiderCore instantiation ...
[2016-11-27 00:12:29.633] [TRACE] 今日头条 - 启动函数
[2016-11-27 00:12:29.651] [DEBUG] 今日头条 - 任务信息数据库连接建立...成功
[2016-11-27 00:12:29.661] [DEBUG] 今日头条 - 缓存队列数据库连接建立...成功
[2016-11-27 00:12:29.661] [DEBUG] 今日头条 - 创建数据库连接完毕
[2016-11-27 00:12:29.661] [INFO] 今日头条 - { p: '6', id: '6518345701', name: '共赏雅俗' }
[2016-11-27 00:12:29.910] [DEBUG] 今日头条 - { title: '周总理知道有人要暗杀自己时，顿时拍桌子说了这番话',
  desc: '周总理知道有人要暗杀自己时，顿时拍桌子说了这番话',
  name: '共赏雅俗',
  comment_num: 0,
  support: 5,
  step: 1,
  save_num: 10,
  time: 1480147714 }
[2016-11-27 00:12:30.016] [DEBUG] 今日头条 - { title: '《功夫》的这些片段都没在电影院看到，可惜了',
  desc: '《功夫》的这些片段都没在电影院看到，可惜了',
  name: '共赏雅俗',
  comment_num: 0,
  support: 2,
  step: 0,
  save_num: 1,
  time: 1480147534 }
[2016-11-27 00:12:30.106] [DEBUG] 今日头条 - { title: '周总理向主席报告林彪出逃，主席说的最后一句话最霸气',
  desc: '周总理向主席报告林彪出逃，主席说的最后一句话最霸气',
  name: '共赏雅俗',
  comment_num: 47,
  support: 193,
  step: 79,
  save_num: 685,
  time: 1480057935 }
[2016-11-27 00:12:30.166] [DEBUG] 今日头条 - { title: '小夫妻忙造人，可把门外的丈母娘急坏了',
  desc: '小夫妻忙造人，可把门外的丈母娘急坏了',
  name: '共赏雅俗',
  comment_num: 210,
  support: 2064,
  step: 1536,
  save_num: 12425,
  time: 1480057630 }
[2016-11-27 00:12:30.258] [DEBUG] 今日头条 - { title: '两个孩子同时出生，但一生下来就明显有了差距',
  desc: '两个孩子同时出生，但一生下来就明显有了差距',
  name: '共赏雅俗',
  comment_num: 1,
  support: 2,
  step: 0,
  save_num: 15,
  time: 1480057023 }
[2016-11-27 00:12:30.340] [DEBUG] 今日头条 - { title: '女子空姐面试，当考官的老公吓得坐到了地上',
  desc: '女子空姐面试，当考官的老公吓得坐到了地上',
  name: '共赏雅俗',
  comment_num: 0,
  support: 0,
  step: 0,
  save_num: 10,
  time: 1480056829 }
[2016-11-27 00:12:30.452] [DEBUG] 今日头条 - { title: '农村人是这么纪念毛主席逝世的',
  desc: '农村人是这么纪念毛主席逝世的',
  name: '共赏雅俗',
  comment_num: 118,
  support: 371,
  step: 62,
  save_num: 537,
  time: 1480055070 }
[2016-11-27 00:12:30.547] [DEBUG] 今日头条 - { title: '姑娘深夜独自在家，发生的这些事让人害怕',
  desc: '姑娘深夜独自在家，发生的这些事让人害怕',
  name: '共赏雅俗',
  comment_num: 0,
  support: 0,
  step: 2,
  save_num: 7,
  time: 1479969656 }
[2016-11-27 00:12:30.661] [DEBUG] 今日头条 - { title: '农村小伙深夜被女老板教如何服务客人',
  desc: '农村小伙深夜被女老板教如何服务客人',
  name: '共赏雅俗',
  comment_num: 1,
  support: 21,
  step: 14,
  save_num: 183,
  time: 1479969028 }
[2016-11-27 00:12:30.753] [DEBUG] 今日头条 - { title: '邓小平跟撒切尔谈香港问题真是太霸气了，看伟人风采',
  desc: '邓小平跟撒切尔谈香港问题真是太霸气了，看伟人风采',
  name: '共赏雅俗',
  comment_num: 10,
  support: 94,
  step: 88,
  save_num: 357,
  time: 1479968631 }
[2016-11-27 00:12:30.940] [DEBUG] 今日头条 - { title: '白富美把小伙约到自己房间聊天，最后却不让人走',
  desc: '白富美把小伙约到自己房间聊天，最后却不让人走',
  name: '共赏雅俗',
  comment_num: 0,
  support: 0,
  step: 1,
  save_num: 1,
  time: 1479968033 }
[2016-11-27 00:12:31.017] [DEBUG] 今日头条 - { title: '《功夫》删减片段，原来还有这么精彩的一段',
  desc: '《功夫》删减片段，原来还有这么精彩的一段',
  name: '共赏雅俗',
  comment_num: 14,
  support: 35,
  step: 15,
  save_num: 265,
  time: 1479886754 }
[2016-11-27 00:12:31.097] [DEBUG] 今日头条 - { title: '畜生不如！儿子让九旬老母亲睡门外6天绝望而死',
  desc: '畜生不如！',
  name: '共赏雅俗',
  comment_num: 119,
  support: 14,
  step: 39,
  save_num: 41,
  time: 1479886616 }
[2016-11-27 00:12:31.191] [DEBUG] 今日头条 - { title: '婚礼上，伴娘可是受罪了',
  desc: '婚礼上，伴娘可是受罪了',
  name: '共赏雅俗',
  comment_num: 9,
  support: 85,
  step: 46,
  save_num: 667,
  time: 1479886413 }
[2016-11-27 00:12:31.272] [DEBUG] 今日头条 - { title: '天天吃的这种蔬菜，竟能成为致癌元凶',
  desc: '天天吃的这种蔬菜，竟能成为致癌元凶',
  name: '共赏雅俗',
  comment_num: 0,
  support: 0,
  step: 0,
  save_num: 4,
  time: 1479886100 }
[2016-11-27 00:12:31.360] [DEBUG] 今日头条 - { title: '农村女子在县长办公室用条件换父亲出狱',
  desc: '农村女子在县长办公室用条件换父亲出狱',
  name: '共赏雅俗',
  comment_num: 6,
  support: 38,
  step: 22,
  save_num: 284,
  time: 1479885808 }
[2016-11-27 00:12:31.454] [DEBUG] 今日头条 - { title: '农村八旬老人下葬前突然伸手要喝汤，真人真事',
  desc: '农村八旬老人下葬前突然伸手要喝汤，真人真事',
  name: '共赏雅俗',
  comment_num: 0,
  support: 3,
  step: 0,
  save_num: 0,
  time: 1479797156 }
[2016-11-27 00:12:31.547] [DEBUG] 今日头条 - { title: '晚上喝完酒带美女回家，刚有好感，却发生了尴尬的事',
  desc: '晚上喝完酒带美女回家，刚有好感，却发生了尴尬的事',
  name: '共赏雅俗',
  comment_num: 0,
  support: 2,
  step: 0,
  save_num: 0,
  time: 1479796612 }
[2016-11-27 00:12:31.625] [DEBUG] 今日头条 - { title: '车内向男友投怀送抱，只为证明自己是成熟女人',
  desc: '车内向男友投怀送抱，只为证明自己是成熟女人',
  name: '共赏雅俗',
  comment_num: 0,
  support: 2,
  step: 0,
  save_num: 4,
  time: 1479796347 }
[2016-11-27 00:12:31.716] [DEBUG] 今日头条 - { title: '出动几千人抓捕罪犯，场面震撼，为人民而战',
  desc: '出动几千人抓捕罪犯，场面震撼，为人民而战',
  name: '共赏雅俗',
  comment_num: 1,
  support: 7,
  step: 5,
  save_num: 39,
  time: 1479795676 }
