[2016-11-27 00:33:31.941] [TRACE] 今日头条 - DealWith instantiation ...
[2016-11-27 00:33:31.941] [TRACE] 今日头条 - spiderCore instantiation ...
[2016-11-27 00:33:31.951] [TRACE] 今日头条 - 启动函数
[2016-11-27 00:33:31.971] [DEBUG] 今日头条 - 任务信息数据库连接建立...成功
[2016-11-27 00:33:31.981] [DEBUG] 今日头条 - 缓存队列数据库连接建立...成功
[2016-11-27 00:33:31.981] [DEBUG] 今日头条 - 创建数据库连接完毕
[2016-11-27 00:33:31.981] [INFO] 今日头条 - { p: '6', id: '6518345701', name: '共赏雅俗' }
[2016-11-27 00:33:32.111] [DEBUG] 今日头条 - 真人真事：新婚19天，新娘竟遭如此厄运
[2016-11-27 00:33:32.121] [DEBUG] 今日头条 - 周总理知道有人要暗杀自己时，顿时拍桌子说了这番话
[2016-11-27 00:33:32.121] [DEBUG] 今日头条 - 《功夫》的这些片段都没在电影院看到，可惜了
[2016-11-27 00:33:32.121] [DEBUG] 今日头条 - 周总理向主席报告林彪出逃，主席说的最后一句话最霸气
[2016-11-27 00:33:32.131] [DEBUG] 今日头条 - 小夫妻忙造人，可把门外的丈母娘急坏了
[2016-11-27 00:33:32.131] [DEBUG] 今日头条 - 两个孩子同时出生，但一生下来就明显有了差距
[2016-11-27 00:33:32.131] [DEBUG] 今日头条 - 女子空姐面试，当考官的老公吓得坐到了地上
[2016-11-27 00:33:32.131] [DEBUG] 今日头条 - 农村人是这么纪念毛主席逝世的
[2016-11-27 00:33:32.131] [DEBUG] 今日头条 - 姑娘深夜独自在家，发生的这些事让人害怕
[2016-11-27 00:33:32.131] [DEBUG] 今日头条 - 农村小伙深夜被女老板教如何服务客人
[2016-11-27 00:33:32.241] [DEBUG] 今日头条 - 周总理知道有人要暗杀自己时，顿时拍桌子说了这番话-----共赏雅俗
[2016-11-27 00:33:32.361] [DEBUG] 今日头条 - 《功夫》的这些片段都没在电影院看到，可惜了-----共赏雅俗
[2016-11-27 00:33:32.441] [DEBUG] 今日头条 - 周总理向主席报告林彪出逃，主席说的最后一句话最霸气-----共赏雅俗
[2016-11-27 00:33:32.541] [DEBUG] 今日头条 - 小夫妻忙造人，可把门外的丈母娘急坏了-----共赏雅俗
[2016-11-27 00:33:32.641] [DEBUG] 今日头条 - 两个孩子同时出生，但一生下来就明显有了差距-----共赏雅俗
[2016-11-27 00:33:32.721] [DEBUG] 今日头条 - 女子空姐面试，当考官的老公吓得坐到了地上-----共赏雅俗
[2016-11-27 00:33:32.811] [DEBUG] 今日头条 - 农村人是这么纪念毛主席逝世的-----共赏雅俗
[2016-11-27 00:33:32.901] [DEBUG] 今日头条 - 姑娘深夜独自在家，发生的这些事让人害怕-----共赏雅俗
[2016-11-27 00:33:32.991] [DEBUG] 今日头条 - 农村小伙深夜被女老板教如何服务客人-----共赏雅俗
[2016-11-27 00:33:33.081] [DEBUG] 今日头条 - 邓小平跟撒切尔谈香港问题真是太霸气了，看伟人风采-----共赏雅俗
[2016-11-27 00:33:33.281] [DEBUG] 今日头条 - 白富美把小伙约到自己房间聊天，最后却不让人走-----共赏雅俗
[2016-11-27 00:33:33.371] [DEBUG] 今日头条 - 《功夫》删减片段，原来还有这么精彩的一段-----共赏雅俗
[2016-11-27 00:33:33.471] [DEBUG] 今日头条 - 畜生不如！儿子让九旬老母亲睡门外6天绝望而死-----共赏雅俗
[2016-11-27 00:33:33.561] [DEBUG] 今日头条 - 婚礼上，伴娘可是受罪了-----共赏雅俗
[2016-11-27 00:33:33.641] [DEBUG] 今日头条 - 天天吃的这种蔬菜，竟能成为致癌元凶-----共赏雅俗
[2016-11-27 00:33:33.711] [DEBUG] 今日头条 - 农村女子在县长办公室用条件换父亲出狱-----共赏雅俗
[2016-11-27 00:33:33.801] [DEBUG] 今日头条 - 农村八旬老人下葬前突然伸手要喝汤，真人真事-----共赏雅俗
[2016-11-27 00:33:33.871] [DEBUG] 今日头条 - 晚上喝完酒带美女回家，刚有好感，却发生了尴尬的事-----共赏雅俗
[2016-11-27 00:33:33.951] [DEBUG] 今日头条 - 车内向男友投怀送抱，只为证明自己是成熟女人-----共赏雅俗
[2016-11-27 00:33:34.031] [DEBUG] 今日头条 - 出动几千人抓捕罪犯，场面震撼，为人民而战-----共赏雅俗
[2016-11-27 00:33:34.211] [DEBUG] 今日头条 - 真惨！农村光棍将外地女囚禁10年，精神异常-----共赏雅俗
[2016-11-27 00:33:34.281] [DEBUG] 今日头条 - 奇葩女现场说我不爱钱，我半个月才花你10万你就要分手-----共赏雅俗
[2016-11-27 00:33:34.381] [DEBUG] 今日头条 - 妻子将丈夫的尸体放冰柜10年，10年后道出了真相-----共赏雅俗
[2016-11-27 00:33:34.471] [DEBUG] 今日头条 - 工地上挖出一个棺材，打开后在场的人都很惊奇-----共赏雅俗
[2016-11-27 00:33:34.551] [DEBUG] 今日头条 - 实拍：老虎狮子攻击人类的恐怖瞬间-----共赏雅俗
[2016-11-27 00:33:34.641] [DEBUG] 今日头条 - 农村夫妻的真人真事-----共赏雅俗
[2016-11-27 00:33:34.811] [DEBUG] 今日头条 - 小别胜新婚，老婆出差回来，老公要证明自己是小伙子-----共赏雅俗
[2016-11-27 00:33:34.971] [DEBUG] 今日头条 - 悍匪周克华追捕全程记录，真的是惊心动魄-----共赏雅俗
[2016-11-27 00:33:35.121] [DEBUG] 今日头条 - 据说：《功夫》这一段拍了很多次，但每次都忍不住笑场-----共赏雅俗
[2016-11-27 00:33:35.281] [DEBUG] 今日头条 - 新婚夫妻回娘家，晚上睡觉媳妇不让碰-----共赏雅俗
[2016-11-27 00:33:35.581] [DEBUG] 今日头条 - 钓鱼人海边拍摄到真正的美人鱼，长得真丑-----共赏雅俗
[2016-11-27 00:33:35.761] [DEBUG] 今日头条 - 农村男人打工回来，真的是小别胜新婚-----共赏雅俗
[2016-11-27 00:33:35.921] [DEBUG] 今日头条 - 国人的幸福，尊严，都是他们用命换来的，看哭了-----共赏雅俗
[2016-11-27 00:33:36.111] [DEBUG] 今日头条 - 丈夫跟小姨子衣冠不整被回来的媳妇撞见，查水表的说动静很大-----共赏雅俗
[2016-11-27 00:33:36.281] [DEBUG] 今日头条 - 蛇怕原来最怕的不是雄黄，而是这东西-----共赏雅俗
[2016-11-27 00:33:36.451] [DEBUG] 今日头条 - 千名犯人集体大转移，场面震撼！-----共赏雅俗
[2016-11-27 00:33:36.611] [DEBUG] 今日头条 - 这部国产战争片最接近现实战场，至今都很难超越-----共赏雅俗
[2016-11-27 00:33:36.801] [DEBUG] 今日头条 - 用狗代替自己的老公，这个女人的生活也很幸福-----共赏雅俗
[2016-11-27 00:33:36.981] [DEBUG] 今日头条 - 真实影像：清朝农民杀猪-----共赏雅俗
[2016-11-27 00:33:37.171] [DEBUG] 今日头条 - 老公和儿媳在腻歪，被出差回家的老婆撞上了-----共赏雅俗
[2016-11-27 00:33:37.491] [DEBUG] 今日头条 - 匪徒白宝山雨夜拿下谢宗芬，情妇欲擒故纵-----共赏雅俗
[2016-11-27 00:33:37.641] [DEBUG] 今日头条 - 外国人心中最好看的中国明星，这样说黄渤好吗-----共赏雅俗
[2016-11-27 00:33:37.801] [DEBUG] 今日头条 - 这件事一直刺痛着毛主席和彭德怀的心-----共赏雅俗
[2016-11-27 00:33:37.991] [DEBUG] 今日头条 - 生日宴上，美女主动喝醉给富二代机会，以达到她的目的-----共赏雅俗
[2016-11-27 00:33:38.151] [DEBUG] 今日头条 - 抓捕东北悍匪的真实过程，比电影还惊心动魄-----共赏雅俗
[2016-11-27 00:33:38.311] [DEBUG] 今日头条 - 太厉害了！牛人听音识人，嘉宾出来那一刻，全场都服了-----共赏雅俗
[2016-11-27 00:33:38.481] [DEBUG] 今日头条 - 妻子挺着大肚进公司找丈夫，正好遇上也挺着大肚的小三-----共赏雅俗
[2016-11-27 00:33:38.641] [DEBUG] 今日头条 - 那些年让人哭笑不得，看了想戳瞎双眼的电视片段-----共赏雅俗
[2016-11-27 00:33:38.801] [DEBUG] 今日头条 - 空姐在飞机上是睡在这个地方的，你们知道吗？-----共赏雅俗
[2016-11-27 00:33:38.981] [DEBUG] 今日头条 - 航空公司选拔空姐的套路可真多-----共赏雅俗
