[2016-12-05 11:53:12.582] [TRACE] uc头条 - DealWith instantiation ...
[2016-12-05 11:53:12.590] [TRACE] uc头条 - spiderCore instantiation ...
[2016-12-05 11:53:12.592] [TRACE] uc头条 - 启动函数
[2016-12-05 11:53:12.594] [INFO] uc头条 - { id: '41ad6b83918746c2ad1a4afbab13e1cd',
  name: '陈翔六点半',
  p: '23' }
[2016-12-05 11:53:12.944] [DEBUG] uc头条 - 1
[2016-12-05 11:53:13.054] [DEBUG] uc头条 - 1
[2016-12-05 11:53:13.150] [DEBUG] uc头条 - 1
[2016-12-05 11:53:13.244] [DEBUG] uc头条 - 1
[2016-12-05 11:53:13.358] [DEBUG] uc头条 - 1
[2016-12-05 11:53:13.358] [DEBUG] uc头条 - 1
[2016-12-05 11:53:13.358] [DEBUG] uc头条 - 1480419689066
[2016-12-05 11:53:13.554] [DEBUG] uc头条 - 1
[2016-12-05 11:53:13.650] [DEBUG] uc头条 - 1
[2016-12-05 11:53:13.759] [DEBUG] uc头条 - 1
[2016-12-05 11:53:13.858] [DEBUG] uc头条 - 1
[2016-12-05 11:53:13.969] [DEBUG] uc头条 - 1
[2016-12-05 11:53:13.972] [DEBUG] uc头条 - 2
[2016-12-05 11:53:13.974] [DEBUG] uc头条 - 1479983356612
[2016-12-05 11:53:14.166] [DEBUG] uc头条 - 1
[2016-12-05 11:53:14.275] [DEBUG] uc头条 - 1
[2016-12-05 11:53:14.374] [DEBUG] uc头条 - 1
[2016-12-05 11:53:14.471] [DEBUG] uc头条 - 1
[2016-12-05 11:53:14.588] [DEBUG] uc头条 - 1
[2016-12-05 11:53:14.591] [DEBUG] uc头条 - 3
[2016-12-05 11:53:14.595] [DEBUG] uc头条 - 1479551947159
[2016-12-05 11:53:14.776] [DEBUG] uc头条 - 1
[2016-12-05 11:53:14.889] [DEBUG] uc头条 - 1
[2016-12-05 11:53:15.034] [DEBUG] uc头条 - 1
[2016-12-05 11:53:15.136] [DEBUG] uc头条 - 1
[2016-12-05 11:53:15.230] [DEBUG] uc头条 - 1
[2016-12-05 11:53:15.246] [DEBUG] uc头条 - 4
[2016-12-05 11:53:15.246] [DEBUG] uc头条 - 1479119879853
[2016-12-05 11:53:16.794] [DEBUG] uc头条 - 1
[2016-12-05 11:53:16.903] [DEBUG] uc头条 - 1
[2016-12-05 11:53:17.002] [DEBUG] uc头条 - 1
[2016-12-05 11:53:17.103] [DEBUG] uc头条 - 1
[2016-12-05 11:53:17.197] [DEBUG] uc头条 - 1
[2016-12-05 11:53:17.197] [DEBUG] uc头条 - 5
[2016-12-05 11:53:17.197] [DEBUG] uc头条 - 1478687420003
[2016-12-05 11:53:17.405] [DEBUG] uc头条 - 1
[2016-12-05 11:53:17.503] [DEBUG] uc头条 - 1
[2016-12-05 11:53:17.650] [DEBUG] uc头条 - 1
[2016-12-05 11:53:17.760] [DEBUG] uc头条 - 1
[2016-12-05 11:53:17.874] [DEBUG] uc头条 - 1
[2016-12-05 11:53:17.874] [DEBUG] uc头条 - 6
[2016-12-05 11:53:17.874] [DEBUG] uc头条 - 1478255397981
[2016-12-05 11:53:18.096] [DEBUG] uc头条 - 1
[2016-12-05 11:53:18.201] [DEBUG] uc头条 - 1
[2016-12-05 11:53:18.299] [DEBUG] uc头条 - 1
[2016-12-05 11:53:18.405] [DEBUG] uc头条 - 1
[2016-12-05 11:53:20.104] [DEBUG] uc头条 - 1
[2016-12-05 11:53:20.119] [DEBUG] uc头条 - 7
[2016-12-05 11:53:20.119] [DEBUG] uc头条 - 1477824538261
[2016-12-05 11:53:20.373] [DEBUG] uc头条 - 1
[2016-12-05 11:53:20.502] [DEBUG] uc头条 - 1
[2016-12-05 11:53:20.634] [DEBUG] uc头条 - 1
[2016-12-05 11:53:20.775] [DEBUG] uc头条 - 1
[2016-12-05 11:53:20.874] [DEBUG] uc头条 - 1
[2016-12-05 11:53:20.889] [DEBUG] uc头条 - 8
[2016-12-05 11:53:20.889] [DEBUG] uc头条 - 1477391393895
