[2016-12-05 11:51:19.580] [TRACE] uc头条 - DealWith instantiation ...
[2016-12-05 11:51:19.587] [TRACE] uc头条 - spiderCore instantiation ...
[2016-12-05 11:51:19.589] [TRACE] uc头条 - 启动函数
[2016-12-05 11:51:19.591] [INFO] uc头条 - { id: '41ad6b83918746c2ad1a4afbab13e1cd',
  name: '陈翔六点半',
  p: '23' }
[2016-12-05 11:51:23.003] [DEBUG] uc头条 - 1
[2016-12-05 11:51:23.134] [DEBUG] uc头条 - 1
[2016-12-05 11:51:23.243] [DEBUG] uc头条 - 1
[2016-12-05 11:51:23.344] [DEBUG] uc头条 - 1
[2016-12-05 11:51:23.448] [DEBUG] uc头条 - 1
[2016-12-05 11:51:23.452] [DEBUG] uc头条 - 2
[2016-12-05 11:51:23.454] [DEBUG] uc头条 - 1480419689066
[2016-12-05 11:51:23.650] [DEBUG] uc头条 - 1
[2016-12-05 11:51:23.760] [DEBUG] uc头条 - 1
[2016-12-05 11:51:23.874] [DEBUG] uc头条 - 1
[2016-12-05 11:51:23.970] [DEBUG] uc头条 - 1
[2016-12-05 11:51:24.092] [DEBUG] uc头条 - 1
[2016-12-05 11:51:24.095] [DEBUG] uc头条 - 3
[2016-12-05 11:51:24.098] [DEBUG] uc头条 - 1479983356612
[2016-12-05 11:51:24.342] [DEBUG] uc头条 - 1
[2016-12-05 11:51:24.467] [DEBUG] uc头条 - 1
[2016-12-05 11:51:24.622] [DEBUG] uc头条 - 1
[2016-12-05 11:51:24.734] [DEBUG] uc头条 - 1
[2016-12-05 11:51:24.842] [DEBUG] uc头条 - 1
[2016-12-05 11:51:24.842] [DEBUG] uc头条 - 4
[2016-12-05 11:51:24.842] [DEBUG] uc头条 - 1479551947159
[2016-12-05 11:51:25.055] [DEBUG] uc头条 - 1
[2016-12-05 11:51:25.150] [DEBUG] uc头条 - 1
[2016-12-05 11:51:28.259] [DEBUG] uc头条 - 1
[2016-12-05 11:51:28.373] [DEBUG] uc头条 - 1
[2016-12-05 11:51:28.471] [DEBUG] uc头条 - 1
[2016-12-05 11:51:28.471] [DEBUG] uc头条 - 5
[2016-12-05 11:51:28.487] [DEBUG] uc头条 - 1479119879853
[2016-12-05 11:51:28.681] [DEBUG] uc头条 - 1
[2016-12-05 11:51:28.807] [DEBUG] uc头条 - 1
[2016-12-05 11:51:28.904] [DEBUG] uc头条 - 1
[2016-12-05 11:51:29.017] [DEBUG] uc头条 - 1
[2016-12-05 11:51:29.149] [DEBUG] uc头条 - 1
[2016-12-05 11:51:29.149] [DEBUG] uc头条 - 6
[2016-12-05 11:51:29.149] [DEBUG] uc头条 - 1478687420003
[2016-12-05 11:51:29.373] [DEBUG] uc头条 - 1
[2016-12-05 11:51:29.502] [DEBUG] uc头条 - 1
[2016-12-05 11:51:29.619] [DEBUG] uc头条 - 1
[2016-12-05 11:51:29.728] [DEBUG] uc头条 - 1
[2016-12-05 11:51:29.843] [DEBUG] uc头条 - 1
[2016-12-05 11:51:29.858] [DEBUG] uc头条 - 7
[2016-12-05 11:51:29.858] [DEBUG] uc头条 - 1478255397981
[2016-12-05 11:51:30.073] [DEBUG] uc头条 - 1
[2016-12-05 11:51:30.182] [DEBUG] uc头条 - 1
[2016-12-05 11:51:30.302] [DEBUG] uc头条 - 1
[2016-12-05 11:51:30.425] [DEBUG] uc头条 - 1
[2016-12-05 11:51:30.566] [DEBUG] uc头条 - 1
[2016-12-05 11:51:30.570] [DEBUG] uc头条 - 8
[2016-12-05 11:51:30.574] [DEBUG] uc头条 - 1477824538261
[2016-12-05 11:51:30.804] [DEBUG] uc头条 - 1
[2016-12-05 11:51:30.904] [DEBUG] uc头条 - 1
[2016-12-05 11:51:31.002] [DEBUG] uc头条 - 1
[2016-12-05 11:51:31.118] [DEBUG] uc头条 - 1
[2016-12-05 11:51:31.228] [DEBUG] uc头条 - 1
[2016-12-05 11:51:31.228] [DEBUG] uc头条 - 9
[2016-12-05 11:51:31.228] [DEBUG] uc头条 - 1477391393895
[2016-12-05 11:51:31.438] [DEBUG] uc头条 - 1
[2016-12-05 11:51:31.603] [DEBUG] uc头条 - 1
