[2016-12-05 11:25:16.934] [TRACE] uc头条 - DealWith instantiation ...
[2016-12-05 11:25:16.942] [TRACE] uc头条 - spiderCore instantiation ...
[2016-12-05 11:25:16.944] [TRACE] uc头条 - 启动函数
[2016-12-05 11:25:16.946] [INFO] uc头条 - { id: '41ad6b83918746c2ad1a4afbab13e1cd',
  name: '陈翔六点半',
  p: '23' }
[2016-12-05 13:52:15.200] [TRACE] uc头条 - DealWith instantiation ...
[2016-12-05 13:52:15.215] [TRACE] uc头条 - spiderCore instantiation ...
[2016-12-05 13:52:15.215] [TRACE] uc头条 - 启动函数
[2016-12-05 13:52:15.246] [DEBUG] uc头条 - 任务信息数据库连接建立...成功
[2016-12-05 13:52:15.246] [DEBUG] uc头条 - 缓存队列数据库连接建立...成功
[2016-12-05 13:52:15.246] [DEBUG] uc头条 - 创建数据库连接完毕
[2016-12-05 13:52:15.246] [INFO] uc头条 - { id: '41ad6b83918746c2ad1a4afbab13e1cd',
  name: '陈翔六点半',
  p: '23' }
[2016-12-05 13:52:15.624] [DEBUG] uc头条 - NaN
[2016-12-05 13:52:15.730] [DEBUG] uc头条 - NaN
[2016-12-05 13:52:15.839] [DEBUG] uc头条 - NaN
[2016-12-05 13:52:15.929] [DEBUG] uc头条 - NaN
[2016-12-05 13:52:16.043] [DEBUG] uc头条 - NaN
[2016-12-05 13:52:16.231] [DEBUG] uc头条 - NaN
[2016-12-05 13:52:16.340] [DEBUG] uc头条 - NaN
[2016-12-05 13:52:16.444] [DEBUG] uc头条 - NaN
[2016-12-05 13:52:16.544] [DEBUG] uc头条 - NaN
[2016-12-05 13:52:16.653] [DEBUG] uc头条 - NaN
[2016-12-05 13:52:16.840] [DEBUG] uc头条 - NaN
[2016-12-05 13:52:16.945] [DEBUG] uc头条 - NaN
[2016-12-05 13:52:17.043] [DEBUG] uc头条 - NaN
[2016-12-05 13:52:17.153] [DEBUG] uc头条 - NaN
[2016-12-05 13:52:17.246] [DEBUG] uc头条 - NaN
[2016-12-05 13:52:17.447] [DEBUG] uc头条 - NaN
[2016-12-05 13:52:17.528] [DEBUG] uc头条 - NaN
[2016-12-05 13:52:17.633] [DEBUG] uc头条 - NaN
[2016-12-05 13:52:17.731] [DEBUG] uc头条 - NaN
[2016-12-05 13:52:17.824] [DEBUG] uc头条 - NaN
[2016-12-05 13:52:18.027] [DEBUG] uc头条 - NaN
[2016-12-05 13:52:18.128] [DEBUG] uc头条 - NaN
[2016-12-05 13:52:18.215] [DEBUG] uc头条 - NaN
[2016-12-05 13:52:18.324] [DEBUG] uc头条 - NaN
[2016-12-05 13:52:18.429] [DEBUG] uc头条 - NaN
[2016-12-05 13:52:20.483] [DEBUG] uc头条 - NaN
[2016-12-05 13:52:20.574] [DEBUG] uc头条 - NaN
[2016-12-05 13:52:20.715] [DEBUG] uc头条 - NaN
[2016-12-05 13:52:20.824] [DEBUG] uc头条 - NaN
[2016-12-05 13:52:20.913] [DEBUG] uc头条 - NaN
[2016-12-05 13:52:21.247] [DEBUG] uc头条 - NaN
[2016-12-05 13:52:21.365] [DEBUG] uc头条 - NaN
[2016-12-05 13:52:21.463] [DEBUG] uc头条 - NaN
[2016-12-05 13:52:21.574] [DEBUG] uc头条 - NaN
[2016-12-05 13:52:21.685] [DEBUG] uc头条 - NaN
[2016-12-05 13:52:21.867] [DEBUG] uc头条 - NaN
[2016-12-05 13:52:21.978] [DEBUG] uc头条 - NaN
[2016-12-05 13:52:22.074] [DEBUG] uc头条 - NaN
[2016-12-05 13:52:22.168] [DEBUG] uc头条 - NaN
[2016-12-05 13:52:22.277] [DEBUG] uc头条 - NaN
[2016-12-05 13:52:22.460] [DEBUG] uc头条 - NaN
[2016-12-05 13:52:22.559] [DEBUG] uc头条 - NaN
[2016-12-05 13:52:22.653] [DEBUG] uc头条 - NaN
[2016-12-05 13:52:22.762] [DEBUG] uc头条 - NaN
[2016-12-05 13:52:22.913] [DEBUG] uc头条 - NaN
[2016-12-05 13:52:23.103] [DEBUG] uc头条 - NaN
[2016-12-05 13:52:23.199] [DEBUG] uc头条 - NaN
[2016-12-05 13:52:23.293] [DEBUG] uc头条 - NaN
[2016-12-05 13:52:23.398] [DEBUG] uc头条 - NaN
[2016-12-05 13:52:23.514] [DEBUG] uc头条 - NaN
[2016-12-05 13:52:23.699] [DEBUG] uc头条 - NaN
[2016-12-05 13:52:23.839] [DEBUG] uc头条 - NaN
