[2016-12-05 11:53:46.620] [TRACE] uc头条 - DealWith instantiation ...
[2016-12-05 11:53:46.635] [TRACE] uc头条 - spiderCore instantiation ...
[2016-12-05 11:53:46.635] [TRACE] uc头条 - 启动函数
[2016-12-05 11:53:46.635] [INFO] uc头条 - { id: '41ad6b83918746c2ad1a4afbab13e1cd',
  name: '陈翔六点半',
  p: '23' }
[2016-12-05 11:53:46.791] [DEBUG] uc头条 - 0
[2016-12-05 11:53:46.971] [DEBUG] uc头条 - 1
[2016-12-05 11:53:47.079] [DEBUG] uc头条 - 1
[2016-12-05 11:53:47.166] [DEBUG] uc头条 - 1
[2016-12-05 11:53:47.260] [DEBUG] uc头条 - 1
[2016-12-05 11:53:47.359] [DEBUG] uc头条 - 1
[2016-12-05 11:53:47.374] [DEBUG] uc头条 - 1480419689066
[2016-12-05 11:53:47.472] [DEBUG] uc头条 - 1
[2016-12-05 11:53:47.570] [DEBUG] uc头条 - 1
[2016-12-05 11:53:47.666] [DEBUG] uc头条 - 1
[2016-12-05 11:53:47.778] [DEBUG] uc头条 - 1
[2016-12-05 11:53:47.890] [DEBUG] uc头条 - 1
[2016-12-05 11:53:48.019] [DEBUG] uc头条 - 1
[2016-12-05 11:53:48.019] [DEBUG] uc头条 - 1479983356612
[2016-12-05 11:53:48.119] [DEBUG] uc头条 - 2
[2016-12-05 11:53:48.229] [DEBUG] uc头条 - 1
[2016-12-05 11:53:48.332] [DEBUG] uc头条 - 1
[2016-12-05 11:53:48.442] [DEBUG] uc头条 - 1
[2016-12-05 11:53:48.534] [DEBUG] uc头条 - 1
