[2016-12-05 12:15:42.954] [TRACE] uc头条 - DealWith instantiation ...
[2016-12-05 12:15:42.961] [TRACE] uc头条 - spiderCore instantiation ...
[2016-12-05 12:15:42.963] [TRACE] uc头条 - 启动函数
[2016-12-05 12:15:42.994] [DEBUG] uc头条 - 任务信息数据库连接建立...成功
[2016-12-05 12:15:42.996] [DEBUG] uc头条 - 缓存队列数据库连接建立...成功
[2016-12-05 12:15:42.998] [DEBUG] uc头条 - 创建数据库连接完毕
[2016-12-05 12:15:42.999] [INFO] uc头条 - { id: '41ad6b83918746c2ad1a4afbab13e1cd',
  name: '陈翔六点半',
  p: '23' }
[2016-12-05 12:15:43.322] [DEBUG] uc头条 - uc头条 9553160563806880724 加入缓存队列
[2016-12-05 12:15:43.425] [DEBUG] uc头条 - uc头条 6670191337829016758 加入缓存队列
[2016-12-05 12:15:43.520] [DEBUG] uc头条 - uc头条 10931756958356661161 加入缓存队列
[2016-12-05 12:15:43.619] [DEBUG] uc头条 - uc头条 3022649895212789133 加入缓存队列
[2016-12-05 12:15:43.719] [DEBUG] uc头条 - uc头条 13672119353289940754 加入缓存队列
[2016-12-05 12:15:43.907] [DEBUG] uc头条 - uc头条 1705715537639435525 加入缓存队列
[2016-12-05 12:15:44.009] [DEBUG] uc头条 - uc头条 174300229815056795 加入缓存队列
[2016-12-05 12:15:44.112] [DEBUG] uc头条 - uc头条 16933326301025810520 加入缓存队列
[2016-12-05 12:15:44.209] [DEBUG] uc头条 - uc头条 5537568865869773399 加入缓存队列
[2016-12-05 12:15:44.310] [DEBUG] uc头条 - uc头条 1452529459950536533 加入缓存队列
[2016-12-05 12:15:44.499] [DEBUG] uc头条 - uc头条 18075567112522984669 加入缓存队列
[2016-12-05 12:15:44.594] [DEBUG] uc头条 - uc头条 15966154491975632019 加入缓存队列
[2016-12-05 12:15:44.701] [DEBUG] uc头条 - uc头条 3844264998345920700 加入缓存队列
[2016-12-05 12:15:44.793] [DEBUG] uc头条 - uc头条 7352243598389849961 加入缓存队列
[2016-12-05 12:15:44.892] [DEBUG] uc头条 - uc头条 16916705973833044306 加入缓存队列
[2016-12-05 12:15:45.083] [DEBUG] uc头条 - uc头条 8971444535289957003 加入缓存队列
[2016-12-05 12:15:45.178] [DEBUG] uc头条 - uc头条 18219996438444827365 加入缓存队列
[2016-12-05 12:15:45.280] [DEBUG] uc头条 - uc头条 15411718171305079294 加入缓存队列
[2016-12-05 12:15:45.380] [DEBUG] uc头条 - uc头条 12781748417249735498 加入缓存队列
[2016-12-05 12:15:45.479] [DEBUG] uc头条 - uc头条 354623978764213729 加入缓存队列
[2016-12-05 12:15:45.668] [DEBUG] uc头条 - uc头条 8319849676195658656 加入缓存队列
[2016-12-05 12:15:45.766] [DEBUG] uc头条 - uc头条 8444374740225420127 加入缓存队列
[2016-12-05 12:15:45.863] [DEBUG] uc头条 - uc头条 15093782996488092897 加入缓存队列
[2016-12-05 12:15:45.959] [DEBUG] uc头条 - uc头条 7341589345174186560 加入缓存队列
[2016-12-05 12:15:47.113] [DEBUG] uc头条 - uc头条 879896834317940162 加入缓存队列
[2016-12-05 12:15:47.299] [DEBUG] uc头条 - uc头条 13006764455036545701 加入缓存队列
[2016-12-05 12:15:47.395] [DEBUG] uc头条 - uc头条 5574775189700705168 加入缓存队列
[2016-12-05 12:15:47.499] [DEBUG] uc头条 - uc头条 8017900529744303139 加入缓存队列
[2016-12-05 12:15:47.597] [DEBUG] uc头条 - uc头条 14335302478059768591 加入缓存队列
[2016-12-05 12:15:47.691] [DEBUG] uc头条 - uc头条 17826733582713990421 加入缓存队列
[2016-12-05 12:15:47.898] [DEBUG] uc头条 - uc头条 4065263729187809000 加入缓存队列
[2016-12-05 12:15:47.995] [DEBUG] uc头条 - uc头条 1732248210443031762 加入缓存队列
[2016-12-05 12:15:48.094] [DEBUG] uc头条 - uc头条 11340123317305743121 加入缓存队列
[2016-12-05 12:15:48.189] [DEBUG] uc头条 - uc头条 6692741319123638962 加入缓存队列
[2016-12-05 12:15:48.282] [DEBUG] uc头条 - uc头条 14425704532009529237 加入缓存队列
[2016-12-05 12:15:48.482] [DEBUG] uc头条 - uc头条 12587543611095138999 加入缓存队列
[2016-12-05 12:15:48.583] [DEBUG] uc头条 - uc头条 14528543131985630519 加入缓存队列
[2016-12-05 12:15:49.509] [DEBUG] uc头条 - uc头条 4370238099008625950 加入缓存队列
[2016-12-05 12:15:49.608] [DEBUG] uc头条 - uc头条 6084781743024943040 加入缓存队列
[2016-12-05 12:15:49.719] [DEBUG] uc头条 - uc头条 13502557067325083517 加入缓存队列
[2016-12-05 12:15:49.918] [DEBUG] uc头条 - uc头条 12793569177989093602 加入缓存队列
[2016-12-05 12:15:50.016] [DEBUG] uc头条 - uc头条 11109306298646086341 加入缓存队列
