[2016-12-05 11:54:22.110] [TRACE] uc头条 - DealWith instantiation ...
[2016-12-05 11:54:22.125] [TRACE] uc头条 - spiderCore instantiation ...
[2016-12-05 11:54:22.125] [TRACE] uc头条 - 启动函数
[2016-12-05 11:54:22.125] [INFO] uc头条 - { id: '41ad6b83918746c2ad1a4afbab13e1cd',
  name: '陈翔六点半',
  p: '23' }
[2016-12-05 11:54:22.476] [DEBUG] uc头条 - 1
[2016-12-05 11:54:22.582] [DEBUG] uc头条 - 1
[2016-12-05 11:54:22.667] [DEBUG] uc头条 - 1
[2016-12-05 11:54:22.792] [DEBUG] uc头条 - 1
[2016-12-05 11:54:22.890] [DEBUG] uc头条 - 1
[2016-12-05 11:54:22.890] [DEBUG] uc头条 - 0
[2016-12-05 11:54:22.890] [DEBUG] uc头条 - 1480419689066
[2016-12-05 11:54:23.091] [DEBUG] uc头条 - 1
[2016-12-05 11:54:23.198] [DEBUG] uc头条 - 1
[2016-12-05 11:54:23.311] [DEBUG] uc头条 - 1
[2016-12-05 11:54:23.406] [DEBUG] uc头条 - 1
[2016-12-05 11:54:23.519] [DEBUG] uc头条 - 1
[2016-12-05 11:54:23.519] [DEBUG] uc头条 - 1
[2016-12-05 11:54:23.519] [DEBUG] uc头条 - 1479983356612
[2016-12-05 11:54:23.729] [DEBUG] uc头条 - 1
[2016-12-05 11:54:23.828] [DEBUG] uc头条 - 1
[2016-12-05 11:54:23.936] [DEBUG] uc头条 - 1
[2016-12-05 11:54:24.019] [DEBUG] uc头条 - 1
[2016-12-05 11:54:24.120] [DEBUG] uc头条 - 1
[2016-12-05 11:54:24.120] [DEBUG] uc头条 - 2
[2016-12-05 11:54:24.120] [DEBUG] uc头条 - 1479551947159
[2016-12-05 11:54:24.315] [DEBUG] uc头条 - 1
[2016-12-05 11:54:24.413] [DEBUG] uc头条 - 1
[2016-12-05 11:54:24.504] [DEBUG] uc头条 - 1
[2016-12-05 11:54:24.634] [DEBUG] uc头条 - 1
[2016-12-05 11:54:24.729] [DEBUG] uc头条 - 1
[2016-12-05 11:54:24.729] [DEBUG] uc头条 - 3
[2016-12-05 11:54:24.745] [DEBUG] uc头条 - 1479119879853
[2016-12-05 11:54:24.937] [DEBUG] uc头条 - 1
[2016-12-05 11:54:25.034] [DEBUG] uc头条 - 1
[2016-12-05 11:54:25.135] [DEBUG] uc头条 - 1
[2016-12-05 11:54:25.229] [DEBUG] uc头条 - 1
[2016-12-05 11:54:25.328] [DEBUG] uc头条 - 1
[2016-12-05 11:54:25.328] [DEBUG] uc头条 - 4
[2016-12-05 11:54:25.344] [DEBUG] uc头条 - 1478687420003
[2016-12-05 11:54:25.535] [DEBUG] uc头条 - 1
[2016-12-05 11:54:25.636] [DEBUG] uc头条 - 1
[2016-12-05 11:54:25.729] [DEBUG] uc头条 - 1
[2016-12-05 11:54:25.828] [DEBUG] uc头条 - 1
[2016-12-05 11:54:25.939] [DEBUG] uc头条 - 1
[2016-12-05 11:54:25.943] [DEBUG] uc头条 - 5
[2016-12-05 11:54:25.947] [DEBUG] uc头条 - 1478255397981
[2016-12-05 11:54:26.410] [DEBUG] uc头条 - 1
[2016-12-05 11:54:26.512] [DEBUG] uc头条 - 1
[2016-12-05 11:54:26.620] [DEBUG] uc头条 - 1
[2016-12-05 11:54:26.713] [DEBUG] uc头条 - 1
[2016-12-05 11:54:26.832] [DEBUG] uc头条 - 1
[2016-12-05 11:54:26.832] [DEBUG] uc头条 - 6
[2016-12-05 11:54:26.832] [DEBUG] uc头条 - 1477824538261
[2016-12-05 11:54:27.035] [DEBUG] uc头条 - 1
[2016-12-05 11:54:27.151] [DEBUG] uc头条 - 1
[2016-12-05 11:54:27.245] [DEBUG] uc头条 - 1
[2016-12-05 11:54:27.359] [DEBUG] uc头条 - 1
[2016-12-05 11:54:27.461] [DEBUG] uc头条 - 1
[2016-12-05 11:54:27.465] [DEBUG] uc头条 - 7
[2016-12-05 11:54:27.468] [DEBUG] uc头条 - 1477391393895
[2016-12-05 11:54:27.673] [DEBUG] uc头条 - 1
[2016-12-05 11:54:27.763] [DEBUG] uc头条 - 1
[2016-12-05 11:54:27.859] [DEBUG] uc头条 - 1
[2016-12-05 11:54:27.964] [DEBUG] uc头条 - 1
[2016-12-05 11:54:28.068] [DEBUG] uc头条 - 1
[2016-12-05 11:54:28.071] [DEBUG] uc头条 - 8
[2016-12-05 11:54:28.101] [DEBUG] uc头条 - 1476959377825
[2016-12-05 11:54:28.291] [DEBUG] uc头条 - 1
[2016-12-05 11:54:28.391] [DEBUG] uc头条 - 1
[2016-12-05 11:54:28.504] [DEBUG] uc头条 - 1
[2016-12-05 11:54:28.604] [DEBUG] uc头条 - 1
[2016-12-05 11:54:28.698] [DEBUG] uc头条 - 1
[2016-12-05 11:54:28.698] [DEBUG] uc头条 - 9
[2016-12-05 11:54:28.714] [DEBUG] uc头条 - 1476441385793
