[2016-12-05 12:05:49.298] [TRACE] uc头条 - DealWith instantiation ...
[2016-12-05 12:05:49.305] [TRACE] uc头条 - spiderCore instantiation ...
[2016-12-05 12:05:49.308] [TRACE] uc头条 - 启动函数
[2016-12-05 12:05:49.309] [INFO] uc头条 - { id: '41ad6b83918746c2ad1a4afbab13e1cd',
  name: '陈翔六点半',
  p: '23' }
[2016-12-05 12:05:49.633] [DEBUG] uc头条 - { bid: '41ad6b83918746c2ad1a4afbab13e1cd',
  author: '空间伸舌头~1',
  platform: 23,
  aid: '9553160563806880724',
  title: '良药苦口利于病, 唧唧歪歪利于停!',
  play_num: 13756,
  comment_num: '',
  support: 65,
  v_img: 'http://image.uc.cn/s/wemedia/s/upload/2016/16120418084da81c06bf588997d0d03890aee265fbx720x405x36.jpeg',
  class: '搞笑',
  v_url: 'http://v.ums.uc.cn/video/v_c7da4cdb14ed7bc1.html',
  a_create_time: 1480847594000,
  tag: [ '陈翔六点半' ],
  desc: '陈翔六点半',
  long_t: 71000 }
[2016-12-05 12:05:49.750] [DEBUG] uc头条 - { bid: '41ad6b83918746c2ad1a4afbab13e1cd',
  author: '空间欠条~1',
  platform: 23,
  aid: '6670191337829016758',
  title: '收账小行家VS赖账老玩家!',
  play_num: 138897,
  comment_num: '',
  support: 229,
  v_img: 'http://image.uc.cn/s/wemedia/s/upload/2016/16120318577d1436858af5eaccb0af24cd5bc817c7x720x405x43.jpeg',
  class: '搞笑',
  v_url: 'http://v.ums.uc.cn/video/v_285dacbb07d50275.html',
  a_create_time: 1480772181000,
  tag: [ '陈翔六点半' ],
  desc: '陈翔六点半',
  long_t: 69000 }
[2016-12-05 12:05:49.857] [DEBUG] uc头条 - { bid: '41ad6b83918746c2ad1a4afbab13e1cd',
  author: '美拍金瓶梅~1',
  platform: 23,
  aid: '10931756958356661161',
  title: '一位母亲的穷酸“魔”样!',
  play_num: 47480,
  comment_num: '',
  support: 202,
  v_img: 'http://image.uc.cn/s/wemedia/s/upload/2016/1612012035836591fc0c6cc1e2e21e59c675e16acfx720x405x40.jpeg',
  class: '搞笑',
  v_url: 'http://v.ums.uc.cn/video/v_9cff6ce576c04439.html',
  a_create_time: 1480597046000,
  tag: [ '陈翔六点半' ],
  desc: '陈翔六点半',
  long_t: 150000 }
[2016-12-05 12:05:49.963] [DEBUG] uc头条 - { bid: '41ad6b83918746c2ad1a4afbab13e1cd',
  author: '秒拍吃象~1',
  platform: 23,
  aid: '3022649895212789133',
  title: '力拔山兮气盖世, 时不利兮嘴不适!',
  play_num: 39456,
  comment_num: '',
  support: 135,
  v_img: 'http://image.uc.cn/s/wemedia/s/upload/2016/16113019013b2f17ffe3b54c8b5691929ef25b5b35x720x405x67.jpeg',
  class: '搞笑',
  v_url: 'http://v.ums.uc.cn/video/v_672477af2b9f1ddd.html',
  a_create_time: 1480505588000,
  tag: [ '陈翔六点半' ],
  desc: '陈翔六点半',
  long_t: 69000 }
[2016-12-05 12:05:50.079] [DEBUG] uc头条 - { bid: '41ad6b83918746c2ad1a4afbab13e1cd',
  author: '美拍衣服~1',
  platform: 23,
  aid: '13672119353289940754',
  title: '被虐的女人呀, 请变回被爱的女孩!',
  play_num: 33090,
  comment_num: '',
  support: 269,
  v_img: 'http://image.uc.cn/s/wemedia/s/upload/2016/161129194108f31875daee91d846c5776c4455f9c2x720x405x32.jpeg',
  class: '搞笑',
  v_url: 'http://v.ums.uc.cn/video/v_e75d55423d969cc7.html',
  a_create_time: 1480422219000,
  tag: [ '陈翔六点半' ],
  desc: '陈翔六点半',
  long_t: 283000 }
