[2016-12-05 11:57:26.542] [TRACE] uc头条 - DealWith instantiation ...
[2016-12-05 11:57:26.550] [TRACE] uc头条 - spiderCore instantiation ...
[2016-12-05 11:57:26.551] [TRACE] uc头条 - 启动函数
[2016-12-05 11:57:26.554] [INFO] uc头条 - { id: '41ad6b83918746c2ad1a4afbab13e1cd',
  name: '陈翔六点半',
  p: '23' }
[2016-12-05 11:57:26.872] [DEBUG] uc头条 - 71000----
[2016-12-05 11:57:26.975] [DEBUG] uc头条 - 69000----
[2016-12-05 11:57:27.074] [DEBUG] uc头条 - 150000----
[2016-12-05 11:57:27.168] [DEBUG] uc头条 - 69000----
[2016-12-05 11:57:27.271] [DEBUG] uc头条 - 283000----
[2016-12-05 11:57:27.463] [DEBUG] uc头条 - 43000----
[2016-12-05 11:57:27.570] [DEBUG] uc头条 - 116000----
[2016-12-05 11:57:27.666] [DEBUG] uc头条 - 94000----
[2016-12-05 11:57:27.762] [DEBUG] uc头条 - 77000----
[2016-12-05 11:57:27.871] [DEBUG] uc头条 - 151000----
[2016-12-05 11:57:28.083] [DEBUG] uc头条 - 72000----
[2016-12-05 11:57:28.181] [DEBUG] uc头条 - 138000----
[2016-12-05 11:57:28.277] [DEBUG] uc头条 - 299000----
[2016-12-05 11:57:28.377] [DEBUG] uc头条 - 126000----
[2016-12-05 11:57:28.480] [DEBUG] uc头条 - 56000----
[2016-12-05 11:57:28.675] [DEBUG] uc头条 - 50000----
[2016-12-05 11:57:28.781] [DEBUG] uc头条 - 74000----
[2016-12-05 11:57:28.899] [DEBUG] uc头条 - 60000----
[2016-12-05 11:57:29.011] [DEBUG] uc头条 - 48000----
[2016-12-05 11:57:29.111] [DEBUG] uc头条 - 115000----
