[2016-12-05 11:29:25.764] [TRACE] uc头条 - DealWith instantiation ...
[2016-12-05 11:29:25.779] [TRACE] uc头条 - spiderCore instantiation ...
[2016-12-05 11:29:25.779] [TRACE] uc头条 - 启动函数
[2016-12-05 11:29:25.779] [INFO] uc头条 - { id: '41ad6b83918746c2ad1a4afbab13e1cd',
  name: '陈翔六点半',
  p: '23' }
[2016-12-05 11:29:25.943] [DEBUG] uc头条 - { wm_name: '陈翔六点半',
  wm_id: '41ad6b83918746c2ad1a4afbab13e1cd',
  avatar_url: 'http://image.uc.cn/s/wemedia/s/upload/2016531/160531105880dec8807fb018bfc063013f3fc34064',
  status: 6,
  message_id: '288f97d3901442399414178ce5f7199d',
  mc_status: 1,
  wm_update_at: '2016-12-04 18:08:45',
  publish_at: '2016-12-04 18:08:45',
  quality_score: 4,
  title: '良药苦口利于病, 唧唧歪歪利于停!',
  content: '<p class="videobox"><iframe src="http://v.ums.uc.cn/player/player.html?id=c7da4cdb14ed7bc1&amp;controls=1"></iframe></p>',
  author: '',
  cover_url: 'http://image.uc.cn/s/wemedia/s/upload/2016/16120418084da81c06bf588997d0d03890aee265fbx720x405x36.jpeg',
  thumbnail_url: 'http://image.uc.cn/n/wemedia/17/ae11f1f7cb7c2ef339f31172faedcdcbf',
  article_type: 1,
  article_category: 1,
  sub_title: '最有效的三尺不烂之舌！',
  aoyun: false,
  wm_weixin_id: '',
  weixin_promote: false,
  is_show_ad: false,
  other_info: 
   { video_id: 'c7da4cdb14ed7bc1',
     video_filename: '空间伸舌头~1',
     video_filesize: '',
     video_status: 1,
     video_playurl: 'http://v.ums.uc.cn/video/v_c7da4cdb14ed7bc1.html',
     video_duration: 71000 },
  show_times: 28399,
  read_times: 3051,
  comment_times: 9,
  shared_times: 0,
  is_original: 0,
  open_award: 0,
  open_reproduce: 0,
  submit_from: 'website',
  category: '搞笑',
  pub_range: 'all',
  touch: 1,
  tag: { original: 0, sole: 0, deep: 0, high_quality: 0 },
  o_updated_at: '2016-12-04 18:32:05',
  xss_seed_id: '20000',
  xss_item_id: '9553160563806880724',
  article_md5: 'f2087a7e668f2d98275d488d136c2a78',
  video_play_times: 7058,
  _id: 'ada308f5b6144f9391332f20fde9b495',
  _created_at: '2016-12-04T18:08:45.000+0800',
  _updated_at: '2016-12-05T09:38:42.000+0800',
  _pos: 1480846125958 }
