[2016-12-11 19:38:29.179] [TRACE] uc头条 - DealWith instantiation ...
[2016-12-11 19:38:29.186] [TRACE] uc头条 - spiderCore instantiation ...
[2016-12-11 19:38:29.188] [TRACE] uc头条 - 启动函数
[2016-12-11 19:38:29.216] [DEBUG] uc头条 - 任务信息数据库连接建立...成功
[2016-12-11 19:38:29.218] [DEBUG] uc头条 - 缓存队列数据库连接建立...成功
[2016-12-11 19:38:29.220] [DEBUG] uc头条 - 创建数据库连接完毕
[2016-12-11 19:38:29.222] [INFO] uc头条 - { id: '41ad6b83918746c2ad1a4afbab13e1cd',
  name: '陈翔六点半',
  p: '23' }
[2016-12-11 19:38:29.581] [DEBUG] uc头条 - uc头条 6762425543742672889 加入缓存队列
[2016-12-11 19:38:29.680] [DEBUG] uc头条 - uc头条 13420567661574994748 加入缓存队列
[2016-12-11 19:38:29.753] [DEBUG] uc头条 - uc头条 13800475894029388735 加入缓存队列
[2016-12-11 19:38:29.829] [DEBUG] uc头条 - uc头条 301289229053057890 加入缓存队列
[2016-12-11 19:38:29.917] [DEBUG] uc头条 - uc头条 17013974742086135559 加入缓存队列
[2016-12-11 19:38:30.058] [DEBUG] uc头条 - uc头条 9553160563806880724 加入缓存队列
[2016-12-11 19:38:30.139] [DEBUG] uc头条 - uc头条 6670191337829016758 加入缓存队列
[2016-12-11 19:38:30.223] [DEBUG] uc头条 - uc头条 10931756958356661161 加入缓存队列
[2016-12-11 19:38:30.318] [DEBUG] uc头条 - uc头条 3022649895212789133 加入缓存队列
[2016-12-11 19:38:30.402] [DEBUG] uc头条 - uc头条 13672119353289940754 加入缓存队列
[2016-12-11 19:38:30.563] [DEBUG] uc头条 - uc头条 1705715537639435525 加入缓存队列
[2016-12-11 19:38:30.655] [DEBUG] uc头条 - uc头条 174300229815056795 加入缓存队列
[2016-12-11 19:38:30.732] [DEBUG] uc头条 - uc头条 16933326301025810520 加入缓存队列
[2016-12-11 19:38:30.824] [DEBUG] uc头条 - uc头条 5537568865869773399 加入缓存队列
[2016-12-11 19:38:30.920] [DEBUG] uc头条 - uc头条 1452529459950536533 加入缓存队列
[2016-12-11 19:38:31.099] [DEBUG] uc头条 - uc头条 18075567112522984669 加入缓存队列
[2016-12-11 19:38:31.192] [DEBUG] uc头条 - uc头条 15966154491975632019 加入缓存队列
[2016-12-11 19:38:31.293] [DEBUG] uc头条 - uc头条 3844264998345920700 加入缓存队列
[2016-12-11 19:38:31.401] [DEBUG] uc头条 - uc头条 7352243598389849961 加入缓存队列
[2016-12-11 19:38:31.507] [DEBUG] uc头条 - uc头条 16916705973833044306 加入缓存队列
