[2016-12-05 12:04:17.796] [TRACE] uc头条 - DealWith instantiation ...
[2016-12-05 12:04:17.804] [TRACE] uc头条 - spiderCore instantiation ...
[2016-12-05 12:04:17.805] [TRACE] uc头条 - 启动函数
[2016-12-05 12:04:17.807] [INFO] uc头条 - { id: '41ad6b83918746c2ad1a4afbab13e1cd',
  name: '陈翔六点半',
  p: '23' }
[2016-12-05 12:04:18.161] [DEBUG] uc头条 - { bid: '41ad6b83918746c2ad1a4afbab13e1cd',
  author: '空间伸舌头~1',
  platform: 23,
  aid: '9553160563806880724',
  title: '良药苦口利于病, 唧唧歪歪利于停!',
  play_num: 13723,
  comment_num: '',
  support: 65,
  v_img: 'http://image.uc.cn/s/wemedia/s/upload/2016/16120418084da81c06bf588997d0d03890aee265fbx720x405x36.jpeg',
  class: '搞笑',
  v_url: 'http://v.ums.uc.cn/video/v_c7da4cdb14ed7bc1.html',
  a_create_time: 1480847594000,
  tag: [ '陈翔六点半' ],
  desc: '陈翔六点半',
  long_t: 71000 }
[2016-12-05 12:04:18.268] [DEBUG] uc头条 - { bid: '41ad6b83918746c2ad1a4afbab13e1cd',
  author: '空间欠条~1',
  platform: 23,
  aid: '6670191337829016758',
  title: '收账小行家VS赖账老玩家!',
  play_num: 138859,
  comment_num: '',
  support: 229,
  v_img: 'http://image.uc.cn/s/wemedia/s/upload/2016/16120318577d1436858af5eaccb0af24cd5bc817c7x720x405x43.jpeg',
  class: '搞笑',
  v_url: 'http://v.ums.uc.cn/video/v_285dacbb07d50275.html',
  a_create_time: 1480772181000,
  tag: [ '陈翔六点半' ],
  desc: '陈翔六点半',
  long_t: 69000 }
[2016-12-05 12:04:18.371] [DEBUG] uc头条 - { bid: '41ad6b83918746c2ad1a4afbab13e1cd',
  author: '美拍金瓶梅~1',
  platform: 23,
  aid: '10931756958356661161',
  title: '一位母亲的穷酸“魔”样!',
  play_num: 47475,
  comment_num: '',
  support: 202,
  v_img: 'http://image.uc.cn/s/wemedia/s/upload/2016/1612012035836591fc0c6cc1e2e21e59c675e16acfx720x405x40.jpeg',
  class: '搞笑',
  v_url: 'http://v.ums.uc.cn/video/v_9cff6ce576c04439.html',
  a_create_time: 1480597046000,
  tag: [ '陈翔六点半' ],
  desc: '陈翔六点半',
  long_t: 150000 }
[2016-12-05 12:04:18.480] [DEBUG] uc头条 - { bid: '41ad6b83918746c2ad1a4afbab13e1cd',
  author: '秒拍吃象~1',
  platform: 23,
  aid: '3022649895212789133',
  title: '力拔山兮气盖世, 时不利兮嘴不适!',
  play_num: 39450,
  comment_num: '',
  support: 135,
  v_img: 'http://image.uc.cn/s/wemedia/s/upload/2016/16113019013b2f17ffe3b54c8b5691929ef25b5b35x720x405x67.jpeg',
  class: '搞笑',
  v_url: 'http://v.ums.uc.cn/video/v_672477af2b9f1ddd.html',
  a_create_time: 1480505588000,
  tag: [ '陈翔六点半' ],
  desc: '陈翔六点半',
  long_t: 69000 }
[2016-12-05 12:04:18.602] [DEBUG] uc头条 - { bid: '41ad6b83918746c2ad1a4afbab13e1cd',
  author: '美拍衣服~1',
  platform: 23,
  aid: '13672119353289940754',
  title: '被虐的女人呀, 请变回被爱的女孩!',
  play_num: 33088,
  comment_num: '',
  support: 269,
  v_img: 'http://image.uc.cn/s/wemedia/s/upload/2016/161129194108f31875daee91d846c5776c4455f9c2x720x405x32.jpeg',
  class: '搞笑',
  v_url: 'http://v.ums.uc.cn/video/v_e75d55423d969cc7.html',
  a_create_time: 1480422219000,
  tag: [ '陈翔六点半' ],
  desc: '陈翔六点半',
  long_t: 283000 }
[2016-12-05 12:04:18.819] [DEBUG] uc头条 - { bid: '41ad6b83918746c2ad1a4afbab13e1cd',
  author: '美拍监狱~1',
  platform: 23,
  aid: '1705715537639435525',
  title: '让人欲罢不能的监狱折扣!',
  play_num: 37089,
  comment_num: '',
  support: 126,
  v_img: 'http://image.uc.cn/s/wemedia/s/upload/2016/1611281850bacb82fabac38f0ee308f697223f08e4x720x405x33.jpeg',
  class: '搞笑',
  v_url: 'http://v.ums.uc.cn/video/v_cfaab7091386b9a9.html',
  a_create_time: 1480336867000,
  tag: [ '陈翔六点半' ],
  desc: '陈翔六点半',
  long_t: 43000 }
[2016-12-05 12:04:18.954] [DEBUG] uc头条 - { bid: '41ad6b83918746c2ad1a4afbab13e1cd',
  author: '美拍独孤毛~1',
  platform: 23,
  aid: '174300229815056795',
  title: '【陈翔六点半】最无奈的报仇拖延症!',
  play_num: 18492,
  comment_num: '',
  support: 164,
  v_img: 'http://image.uc.cn/s/wemedia/s/upload/2016/161127183156a49695fc407cf88a18b1899f927050x720x405x64.jpeg',
  class: '搞笑',
  v_url: 'http://v.ums.uc.cn/video/v_346007adcb3ff585.html',
  a_create_time: 1480248128000,
  tag: [ '套路', '陈翔六点半' ],
  desc: '陈翔六点半',
  long_t: 116000 }
[2016-12-05 12:04:19.064] [DEBUG] uc头条 - { bid: '41ad6b83918746c2ad1a4afbab13e1cd',
  author: '空间玲玲~1',
  platform: 23,
  aid: '16933326301025810520',
  title: '永不打码的女神频道!',
  play_num: 77610,
  comment_num: '',
  support: 173,
  v_img: 'http://image.uc.cn/s/wemedia/s/upload/2016/16112618243fbd2e6731143322847590fa923c58b6x720x405x35.jpeg',
  class: '搞笑',
  v_url: 'http://v.ums.uc.cn/video/v_60fadd159276976e.html',
  a_create_time: 1480160227000,
  tag: [ '套路', '陈翔六点半' ],
  desc: '陈翔六点半',
  long_t: 94000 }
[2016-12-05 12:04:19.185] [DEBUG] uc头条 - { bid: '41ad6b83918746c2ad1a4afbab13e1cd',
  author: '美拍5元~1',
  platform: 23,
  aid: '5537568865869773399',
  title: '婚姻无背叛, 现实最心酸!',
  play_num: 132949,
  comment_num: '',
  support: 271,
  v_img: 'http://image.uc.cn/s/wemedia/s/upload/2016/1611251831cc99b0b4cc2d3844ce5de7b71354111bx720x405x41.jpeg',
  class: '搞笑',
  v_url: 'http://v.ums.uc.cn/video/v_41ab8923eb5558c3.html',
  a_create_time: 1480086367000,
  tag: [ '陈翔六点半' ],
  desc: '陈翔六点半',
  long_t: 77000 }
