[2016-12-05 11:55:47.104] [TRACE] uc头条 - DealWith instantiation ...
[2016-12-05 11:55:47.119] [TRACE] uc头条 - spiderCore instantiation ...
[2016-12-05 11:55:47.119] [TRACE] uc头条 - 启动函数
[2016-12-05 11:55:47.119] [INFO] uc头条 - { id: '41ad6b83918746c2ad1a4afbab13e1cd',
  name: '陈翔六点半',
  p: '23' }
[2016-12-05 11:55:47.472] [DEBUG] uc头条 - 1
[2016-12-05 11:55:47.577] [DEBUG] uc头条 - 1
[2016-12-05 11:55:47.666] [DEBUG] uc头条 - 1
[2016-12-05 11:55:47.760] [DEBUG] uc头条 - 1
[2016-12-05 11:55:47.859] [DEBUG] uc头条 - 1
[2016-12-05 11:55:48.056] [DEBUG] uc头条 - 1
[2016-12-05 11:55:48.151] [DEBUG] uc头条 - 1
[2016-12-05 11:55:48.245] [DEBUG] uc头条 - 1
[2016-12-05 11:55:48.343] [DEBUG] uc头条 - 1
[2016-12-05 11:55:48.457] [DEBUG] uc头条 - 1
[2016-12-05 11:55:48.651] [DEBUG] uc头条 - 1
[2016-12-05 11:55:48.745] [DEBUG] uc头条 - 1
[2016-12-05 11:55:48.843] [DEBUG] uc头条 - 1
[2016-12-05 11:55:48.948] [DEBUG] uc头条 - 1
[2016-12-05 11:55:49.054] [DEBUG] uc头条 - 1
[2016-12-05 11:55:49.244] [DEBUG] uc头条 - 1
[2016-12-05 11:55:49.343] [DEBUG] uc头条 - 1
[2016-12-05 11:55:49.460] [DEBUG] uc头条 - 1
[2016-12-05 11:55:49.566] [DEBUG] uc头条 - 1
[2016-12-05 11:55:49.657] [DEBUG] uc头条 - 1
[2016-12-05 11:55:49.874] [DEBUG] uc头条 - 1
[2016-12-05 11:55:49.971] [DEBUG] uc头条 - 1
[2016-12-05 11:55:50.081] [DEBUG] uc头条 - 1
[2016-12-05 11:55:50.167] [DEBUG] uc头条 - 1
[2016-12-05 11:55:50.277] [DEBUG] uc头条 - 1
[2016-12-05 11:55:50.473] [DEBUG] uc头条 - 1
[2016-12-05 11:55:50.577] [DEBUG] uc头条 - 1
[2016-12-05 11:55:50.666] [DEBUG] uc头条 - 1
[2016-12-05 11:55:50.776] [DEBUG] uc头条 - 1
[2016-12-05 11:55:50.874] [DEBUG] uc头条 - 1
[2016-12-05 11:55:51.063] [DEBUG] uc头条 - 1
[2016-12-05 11:55:51.150] [DEBUG] uc头条 - 1
[2016-12-05 11:55:51.244] [DEBUG] uc头条 - 1
[2016-12-05 11:55:51.358] [DEBUG] uc头条 - 1
[2016-12-05 11:55:51.466] [DEBUG] uc头条 - 1
[2016-12-05 11:55:51.662] [DEBUG] uc头条 - 1
[2016-12-05 11:55:51.763] [DEBUG] uc头条 - 1
[2016-12-05 11:55:51.858] [DEBUG] uc头条 - 1
[2016-12-05 11:55:51.968] [DEBUG] uc头条 - 1
[2016-12-05 11:55:52.083] [DEBUG] uc头条 - 1
[2016-12-05 11:55:52.260] [DEBUG] uc头条 - 1
[2016-12-05 11:55:52.374] [DEBUG] uc头条 - 1
[2016-12-05 11:55:52.472] [DEBUG] uc头条 - 1
[2016-12-05 11:55:52.582] [DEBUG] uc头条 - 1
[2016-12-05 11:55:52.682] [DEBUG] uc头条 - 1
[2016-12-05 11:55:52.874] [DEBUG] uc头条 - 1
[2016-12-05 11:55:52.970] [DEBUG] uc头条 - 1
[2016-12-05 11:55:53.064] [DEBUG] uc头条 - 1
[2016-12-05 11:55:53.151] [DEBUG] uc头条 - 1
[2016-12-05 11:55:53.245] [DEBUG] uc头条 - 1
