[2016-12-05 11:29:54.151] [TRACE] uc头条 - DealWith instantiation ...
[2016-12-05 11:29:54.167] [TRACE] uc头条 - spiderCore instantiation ...
[2016-12-05 11:29:54.167] [TRACE] uc头条 - 启动函数
[2016-12-05 11:29:54.167] [INFO] uc头条 - { id: '41ad6b83918746c2ad1a4afbab13e1cd',
  name: '陈翔六点半',
  p: '23' }
[2016-12-05 11:29:54.324] [DEBUG] uc头条 - { wm_name: '陈翔六点半',
  wm_id: '41ad6b83918746c2ad1a4afbab13e1cd',
  avatar_url: 'http://image.uc.cn/s/wemedia/s/upload/2016531/160531105880dec8807fb018bfc063013f3fc34064',
  status: 6,
  message_id: '288f97d3901442399414178ce5f7199d',
  mc_status: 1,
  wm_update_at: '2016-12-04 18:08:45',
  publish_at: '2016-12-04 18:08:45',
  quality_score: 4,
  title: '良药苦口利于病, 唧唧歪歪利于停!',
  content: '<p class="videobox"><iframe src="http://v.ums.uc.cn/player/player.html?id=c7da4cdb14ed7bc1&amp;controls=1"></iframe></p>',
  author: '',
  cover_url: 'http://image.uc.cn/s/wemedia/s/upload/2016/16120418084da81c06bf588997d0d03890aee265fbx720x405x36.jpeg',
  thumbnail_url: 'http://image.uc.cn/n/wemedia/17/ae11f1f7cb7c2ef339f31172faedcdcbf',
  article_type: 1,
  article_category: 1,
  sub_title: '最有效的三尺不烂之舌！',
  aoyun: false,
  wm_weixin_id: '',
  weixin_promote: false,
  is_show_ad: false,
  other_info: 
   { video_id: 'c7da4cdb14ed7bc1',
     video_filename: '空间伸舌头~1',
     video_filesize: '',
     video_status: 1,
     video_playurl: 'http://v.ums.uc.cn/video/v_c7da4cdb14ed7bc1.html',
     video_duration: 71000 },
  show_times: 28399,
  read_times: 3051,
  comment_times: 9,
  shared_times: 0,
  is_original: 0,
  open_award: 0,
  open_reproduce: 0,
  submit_from: 'website',
  category: '搞笑',
  pub_range: 'all',
  touch: 1,
  tag: { original: 0, sole: 0, deep: 0, high_quality: 0 },
  o_updated_at: '2016-12-04 18:32:05',
  xss_seed_id: '20000',
  xss_item_id: '9553160563806880724',
  article_md5: 'f2087a7e668f2d98275d488d136c2a78',
  video_play_times: 7058,
  _id: 'ada308f5b6144f9391332f20fde9b495',
  _created_at: '2016-12-04T18:08:45.000+0800',
  _updated_at: '2016-12-05T09:38:42.000+0800',
  _pos: 1480846125958 }
[2016-12-05 11:29:56.323] [DEBUG] uc头条 - 1
[2016-12-05 11:29:56.323] [DEBUG] uc头条 - { wm_name: '陈翔六点半',
  wm_id: '41ad6b83918746c2ad1a4afbab13e1cd',
  avatar_url: 'http://image.uc.cn/s/wemedia/s/upload/2016531/160531105880dec8807fb018bfc063013f3fc34064',
  status: 6,
  message_id: '2954b50aa6224fa8a9949a02d6b5ae53',
  mc_status: 1,
  wm_update_at: '2016-12-03 18:57:18',
  publish_at: '2016-12-03 18:57:18',
  quality_score: 4,
  title: '收账小行家VS赖账老玩家!',
  content: '<p class="videobox"><iframe src="http://v.ums.uc.cn/player/player.html?id=285dacbb07d50275&amp;controls=1"></iframe></p>',
  author: '',
  cover_url: 'http://image.uc.cn/s/wemedia/s/upload/2016/16120318577d1436858af5eaccb0af24cd5bc817c7x720x405x43.jpeg',
  thumbnail_url: 'http://image.uc.cn/n/wemedia/17/7a9cb568eb46b0bcf7add2cc9d43969cf',
  article_type: 1,
  article_category: 1,
  sub_title: '欠人钱财，为人添灾！',
  aoyun: false,
  wm_weixin_id: '',
  weixin_promote: false,
  is_show_ad: false,
  other_info: 
   { video_id: '285dacbb07d50275',
     video_filename: '空间欠条~1',
     video_filesize: '',
     video_status: 1,
     video_playurl: 'http://v.ums.uc.cn/video/v_285dacbb07d50275.html',
     video_duration: 69000 },
  show_times: 400765,
  read_times: 10533,
  comment_times: 22,
  shared_times: 27,
  is_original: 0,
  open_award: 0,
  open_reproduce: 0,
  submit_from: 'website',
  category: '搞笑',
  pub_range: 'all',
  touch: 1,
  tag: { original: 0, sole: 0, deep: 0, high_quality: 0 },
  o_updated_at: '2016-12-03 21:35:22',
  xss_seed_id: '20000',
  xss_item_id: '6670191337829016758',
  article_md5: '6a574497c2f0fef8af9ae66dfc9a1957',
  video_play_times: 108510,
  _id: 'd2e00c0ff46142a0a476718b92f7f7bb',
  _created_at: '2016-12-03T18:57:18.000+0800',
  _updated_at: '2016-12-05T09:29:22.000+0800',
  _pos: 1480762638861 }
[2016-12-05 11:29:56.448] [DEBUG] uc头条 - 1
[2016-12-05 11:29:56.453] [DEBUG] uc头条 - { wm_name: '陈翔六点半',
  wm_id: '41ad6b83918746c2ad1a4afbab13e1cd',
  avatar_url: 'http://image.uc.cn/s/wemedia/s/upload/2016531/160531105880dec8807fb018bfc063013f3fc34064',
  status: 6,
  message_id: 'eb141cfc21cb48f7bb36d69b4eaecec4',
  mc_status: 1,
  wm_update_at: '2016-12-01 20:35:18',
  publish_at: '2016-12-01 20:35:18',
  quality_score: 4,
  title: '一位母亲的穷酸“魔”样!',
  content: '<p class="videobox"><iframe src="http://v.ums.uc.cn/player/player.html?id=9cff6ce576c04439&amp;controls=1"></iframe></p>',
  author: '',
  cover_url: 'http://image.uc.cn/s/wemedia/s/upload/2016/1612012035836591fc0c6cc1e2e21e59c675e16acfx720x405x40.jpeg',
  thumbnail_url: 'http://image.uc.cn/n/wemedia/17/5f51f71607104f09fa9b5a7b14d93ae7f',
  article_type: 1,
  article_category: 1,
  sub_title: '书中自有颜如玉，书外套路超恐惧！    ',
  aoyun: false,
  wm_weixin_id: '',
  weixin_promote: false,
  is_show_ad: false,
  other_info: 
   { video_id: '9cff6ce576c04439',
     video_filename: '美拍金瓶梅~1',
     video_filesize: '',
     video_status: 1,
     video_playurl: 'http://v.ums.uc.cn/video/v_9cff6ce576c04439.html',
     video_duration: 150000 },
  show_times: 3378060,
  read_times: 33212,
  comment_times: 113,
  shared_times: 323,
  is_original: 0,
  open_award: 0,
  open_reproduce: 0,
  submit_from: 'website',
  category: '搞笑',
  pub_range: 'all',
  touch: 1,
  tag: { original: 0, sole: 0, deep: 0, high_quality: 0 },
  o_updated_at: '2016-12-01 20:56:33',
  xss_seed_id: '20000',
  xss_item_id: '10931756958356661161',
  article_md5: '0d3e11bcd8c0ec67e3fb94b42f5c0045',
  video_play_times: 376910,
  _id: 'bf3d728a5691401880e51d22f8ddaf4f',
  _created_at: '2016-12-01T20:35:18.000+0800',
  _updated_at: '2016-12-05T11:22:07.000+0800',
  _pos: 1480595718463 }
[2016-12-05 11:29:56.576] [DEBUG] uc头条 - 1
[2016-12-05 11:29:56.580] [DEBUG] uc头条 - { wm_name: '陈翔六点半',
  wm_id: '41ad6b83918746c2ad1a4afbab13e1cd',
  avatar_url: 'http://image.uc.cn/s/wemedia/s/upload/2016531/160531105880dec8807fb018bfc063013f3fc34064',
  status: 6,
  message_id: 'ff25199e1e4d4b5888b578d9ab842f2e',
  mc_status: 1,
  wm_update_at: '2016-11-30 19:01:37',
  publish_at: '2016-11-30 19:01:37',
  quality_score: 4,
  title: '力拔山兮气盖世, 时不利兮嘴不适!',
  content: '<p class="videobox"><iframe src="http://v.ums.uc.cn/player/player.html?id=672477af2b9f1ddd&amp;controls=1"></iframe></p>',
  author: '',
  cover_url: 'http://image.uc.cn/s/wemedia/s/upload/2016/16113019013b2f17ffe3b54c8b5691929ef25b5b35x720x405x67.jpeg',
  thumbnail_url: 'http://image.uc.cn/n/wemedia/17/a322d0e733c7bdbc465fb996e570c8c0f',
  article_type: 1,
  article_category: 1,
  sub_title: '君子动口不动手，只是未到无敌时！',
  aoyun: false,
  wm_weixin_id: '',
  weixin_promote: false,
  is_show_ad: false,
  other_info: 
   { video_id: '672477af2b9f1ddd',
     video_filename: '秒拍吃象~1',
     video_filesize: '',
     video_status: 1,
     video_playurl: 'http://v.ums.uc.cn/video/v_672477af2b9f1ddd.html',
     video_duration: 69000 },
  show_times: 164447,
  read_times: 15426,
  comment_times: 19,
  shared_times: 3,
  is_original: 0,
  open_award: 0,
  open_reproduce: 0,
  submit_from: 'website',
  category: '搞笑',
  pub_range: 'all',
  touch: 1,
  tag: { original: 0, sole: 0, deep: 0, high_quality: 0 },
  o_updated_at: '2016-11-30 19:32:27',
  xss_seed_id: '20000',
  xss_item_id: '3022649895212789133',
  article_md5: 'bec3895420ba082ef03aa6ef25ebb35d',
  video_play_times: 48472,
  _id: '8a3ecd3668cf416ba3ef6c298c6bb52e',
  _created_at: '2016-11-30T19:01:37.000+0800',
  _updated_at: '2016-12-05T09:35:17.000+0800',
  _pos: 1480503697093 }
[2016-12-05 11:29:56.686] [DEBUG] uc头条 - 1
[2016-12-05 11:29:56.686] [DEBUG] uc头条 - { wm_name: '陈翔六点半',
  wm_id: '41ad6b83918746c2ad1a4afbab13e1cd',
  avatar_url: 'http://image.uc.cn/s/wemedia/s/upload/2016531/160531105880dec8807fb018bfc063013f3fc34064',
  status: 6,
  message_id: 'd5a70c00ce214d2fa7203422f9775fc1',
  mc_status: 1,
  wm_update_at: '2016-11-29 19:41:29',
  publish_at: '2016-11-29 19:41:29',
  quality_score: 4,
  title: '被虐的女人呀, 请变回被爱的女孩!',
  content: '<p class="videobox"><iframe src="http://v.ums.uc.cn/player/player.html?id=e75d55423d969cc7&amp;controls=1"></iframe></p>',
  author: '',
  cover_url: 'http://image.uc.cn/s/wemedia/s/upload/2016/161129194108f31875daee91d846c5776c4455f9c2x720x405x32.jpeg',
  thumbnail_url: 'http://image.uc.cn/n/wemedia/17/fc01ab51758f2f6b3e0003d4df160d5af',
  article_type: 1,
  article_category: 1,
  sub_title: '渣男虐我千百遍，我待渣男如衣服！',
  aoyun: false,
  wm_weixin_id: '',
  weixin_promote: false,
  is_show_ad: false,
  other_info: 
   { video_id: 'e75d55423d969cc7',
     video_filename: '美拍衣服~1',
     video_filesize: '',
     video_status: 1,
     video_playurl: 'http://v.ums.uc.cn/video/v_e75d55423d969cc7.html',
     video_duration: 283000 },
  show_times: 594277,
  read_times: 33881,
  comment_times: 81,
  shared_times: 31,
  is_original: 0,
  open_award: 0,
  open_reproduce: 0,
  submit_from: 'website',
  category: '搞笑',
  pub_range: 'all',
  touch: 1,
  tag: { original: 0, sole: 0, deep: 0, high_quality: 0 },
  o_updated_at: '2016-11-29 20:22:08',
  xss_seed_id: '20000',
  xss_item_id: '13672119353289940754',
  article_md5: 'a519f2e9ba7f4e4e738c5769abdc87ca',
  video_play_times: 111624,
  _id: 'ac9ee0b3ecb340ab96258d5f60389aed',
  _created_at: '2016-11-29T19:41:29.000+0800',
  _updated_at: '2016-12-05T09:50:35.000+0800',
  _pos: 1480419689066 }
[2016-12-05 11:29:56.796] [DEBUG] uc头条 - 1
