[2016-12-05 11:57:16.150] [TRACE] uc头条 - DealWith instantiation ...
[2016-12-05 11:57:16.157] [TRACE] uc头条 - spiderCore instantiation ...
[2016-12-05 11:57:16.159] [TRACE] uc头条 - 启动函数
[2016-12-05 11:57:16.160] [INFO] uc头条 - { id: '41ad6b83918746c2ad1a4afbab13e1cd',
  name: '陈翔六点半',
  p: '23' }
[2016-12-05 11:57:16.503] [DEBUG] uc头条 - 陈翔六点半----
[2016-12-05 11:57:16.613] [DEBUG] uc头条 - 陈翔六点半----
[2016-12-05 11:57:16.734] [DEBUG] uc头条 - 陈翔六点半----
[2016-12-05 11:57:16.834] [DEBUG] uc头条 - 陈翔六点半----
[2016-12-05 11:57:16.927] [DEBUG] uc头条 - 陈翔六点半----
[2016-12-05 11:57:18.201] [DEBUG] uc头条 - 陈翔六点半----
[2016-12-05 11:57:18.313] [DEBUG] uc头条 - 套路,陈翔六点半----
[2016-12-05 11:57:18.417] [DEBUG] uc头条 - 套路,陈翔六点半----
[2016-12-05 11:57:18.532] [DEBUG] uc头条 - 陈翔六点半----
[2016-12-05 11:57:18.643] [DEBUG] uc头条 - 陈翔六点半----
[2016-12-05 11:57:18.858] [DEBUG] uc头条 - 辣眼睛,陈翔六点半----
[2016-12-05 11:57:18.967] [DEBUG] uc头条 - 爆笑恶搞,陈翔六点半----
[2016-12-05 11:57:19.062] [DEBUG] uc头条 - 套路,爆笑恶搞,陈翔六点半----
[2016-12-05 11:57:19.165] [DEBUG] uc头条 - 陈翔六点半----
[2016-12-05 11:57:19.280] [DEBUG] uc头条 - 陈翔六点半----
[2016-12-05 11:57:19.475] [DEBUG] uc头条 - 陈翔六点半----
[2016-12-05 11:57:19.595] [DEBUG] uc头条 - 陈翔六点半----
[2016-12-05 11:57:19.729] [DEBUG] uc头条 - 陈翔六点半----
[2016-12-05 11:57:19.861] [DEBUG] uc头条 - 套路----
[2016-12-05 11:57:19.959] [DEBUG] uc头条 - 陈翔六点半----
[2016-12-05 11:57:20.174] [DEBUG] uc头条 - 陈翔六点半----
[2016-12-05 11:57:20.285] [DEBUG] uc头条 - 套路,陈翔六点半----
[2016-12-05 11:57:20.401] [DEBUG] uc头条 - 陈翔六点半----
[2016-12-05 11:57:20.496] [DEBUG] uc头条 - 微电影,陈翔六点半----
[2016-12-05 11:57:20.594] [DEBUG] uc头条 - 淘宝----
[2016-12-05 11:57:20.795] [DEBUG] uc头条 - ----
[2016-12-05 11:57:20.894] [DEBUG] uc头条 - ----
[2016-12-05 11:57:21.001] [DEBUG] uc头条 - ----
[2016-12-05 11:57:21.123] [DEBUG] uc头条 - ----
[2016-12-05 11:57:21.218] [DEBUG] uc头条 - ----
[2016-12-05 11:57:21.408] [DEBUG] uc头条 - ----
[2016-12-05 11:57:21.509] [DEBUG] uc头条 - ----
[2016-12-05 11:57:21.617] [DEBUG] uc头条 - ----
[2016-12-05 11:57:21.713] [DEBUG] uc头条 - ----
[2016-12-05 11:57:21.807] [DEBUG] uc头条 - ----
[2016-12-05 11:57:21.997] [DEBUG] uc头条 - ----
[2016-12-05 11:57:22.095] [DEBUG] uc头条 - ----
[2016-12-05 11:57:22.191] [DEBUG] uc头条 - ----
[2016-12-05 11:57:23.141] [DEBUG] uc头条 - ----
[2016-12-05 11:57:23.263] [DEBUG] uc头条 - ----
[2016-12-05 11:57:23.456] [DEBUG] uc头条 - ----
[2016-12-05 12:15:20.998] [TRACE] uc头条 - DealWith instantiation ...
[2016-12-05 12:15:21.006] [TRACE] uc头条 - spiderCore instantiation ...
