[2016-12-02 16:23:21.571] [TRACE] 微博 - DealWith instantiation ...
[2016-12-02 16:23:21.577] [TRACE] 微博 - spiderCore instantiation ...
[2016-12-02 16:23:21.579] [TRACE] 微博 - 启动函数
[2016-12-02 16:23:21.607] [DEBUG] 微博 - 任务信息数据库连接建立...成功
[2016-12-02 16:23:21.609] [DEBUG] 微博 - 缓存队列数据库连接建立...成功
[2016-12-02 16:23:21.610] [DEBUG] 微博 - 创建数据库连接完毕
[2016-12-02 16:23:21.613] [INFO] 微博 - { id: '5305147245', name: '365美食家常菜谱', p: '26' }
[2016-12-02 16:23:22.101] [DEBUG] 微博 - 1
[2016-12-02 16:23:22.196] [DEBUG] 微博 - 今日头条 2140227493 加入缓存队列
[2016-12-02 16:23:23.753] [DEBUG] 微博 - 5
[2016-12-02 16:23:23.851] [DEBUG] 微博 - 今日头条 3779904962 加入缓存队列
[2016-12-02 16:23:24.226] [DEBUG] 微博 - 8
[2016-12-02 16:23:24.429] [DEBUG] 微博 - 今日头条 1268518877 加入缓存队列
[2016-12-02 16:23:24.823] [DEBUG] 微博 - 10
[2016-12-02 16:23:24.976] [DEBUG] 微博 - 今日头条 3779904962 加入缓存队列
[2016-12-02 16:23:25.613] [DEBUG] 微博 - 13
[2016-12-02 16:23:25.809] [DEBUG] 微博 - 今日头条 5101863971 加入缓存队列
[2016-12-02 16:23:27.035] [DEBUG] 微博 - 18
[2016-12-02 16:23:28.156] [DEBUG] 微博 - 今日头条 3099016097 加入缓存队列
[2016-12-02 16:23:31.617] [DEBUG] 微博 - 视频列表数据请求成功----undefined
