[2016-12-02 17:01:15.280] [TRACE] 微博 - DealWith instantiation ...
[2016-12-02 17:01:15.287] [TRACE] 微博 - spiderCore instantiation ...
[2016-12-02 17:01:15.289] [TRACE] 微博 - 启动函数
[2016-12-02 17:01:15.327] [DEBUG] 微博 - 任务信息数据库连接建立...成功
[2016-12-02 17:01:15.329] [DEBUG] 微博 - 缓存队列数据库连接建立...成功
[2016-12-02 17:01:15.331] [DEBUG] 微博 - 创建数据库连接完毕
[2016-12-02 17:01:15.333] [INFO] 微博 - { id: '5305147245', name: '365美食家常菜谱', p: '26' }
[2016-12-02 17:01:16.294] [DEBUG] 微博 - 1006740000
[2016-12-02 17:01:18.277] [DEBUG] 微博 - NaN
[2016-12-02 17:01:19.158] [DEBUG] 微博 - 1007215200
[2016-12-02 17:01:19.823] [DEBUG] 微博 - 1007186400
[2016-12-02 17:01:20.066] [DEBUG] 微博 - 1007172000
[2016-12-02 17:01:21.549] [DEBUG] 微博 - 1007128800
[2016-12-02 17:01:25.195] [DEBUG] 微博 - 1007042400
[2016-12-02 17:01:25.561] [DEBUG] 微博 - 1007017200
[2016-12-02 17:01:27.698] [DEBUG] 微博 - 1006945200
[2016-12-02 17:01:28.019] [DEBUG] 微博 - 1006926060
[2016-12-02 17:01:29.485] [DEBUG] 微博 - 1006844400
[2016-12-02 17:01:30.114] [DEBUG] 微博 - 1006826400
[2016-12-02 17:01:31.360] [DEBUG] 微博 - 1006772400
[2016-12-02 17:01:32.124] [DEBUG] 微博 - 1006738200
[2016-12-02 17:01:32.693] [DEBUG] 微博 - 1006668000
[2016-12-02 17:01:33.775] [DEBUG] 微博 - 1006603200
[2016-12-02 17:01:34.618] [DEBUG] 微博 - 1006581600
[2016-12-02 17:01:35.263] [DEBUG] 微博 - 1006516800
