[2016-12-02 16:36:03.190] [TRACE] 微博 - DealWith instantiation ...
[2016-12-02 16:36:03.197] [TRACE] 微博 - spiderCore instantiation ...
[2016-12-02 16:36:03.199] [TRACE] 微博 - 启动函数
[2016-12-02 16:36:03.228] [DEBUG] 微博 - 任务信息数据库连接建立...成功
[2016-12-02 16:36:03.231] [DEBUG] 微博 - 缓存队列数据库连接建立...成功
[2016-12-02 16:36:03.232] [DEBUG] 微博 - 创建数据库连接完毕
[2016-12-02 16:36:03.234] [INFO] 微博 - { id: '5305147245', name: '365美食家常菜谱', p: '26' }
[2016-12-02 16:36:03.830] [DEBUG] 微博 - 第1页
[2016-12-02 16:36:04.046] [DEBUG] 微博 - 今日头条 2140227493 加入缓存队列
[2016-12-02 16:36:05.167] [DEBUG] 微博 - 第2页
[2016-12-02 16:36:05.394] [DEBUG] 微博 - 第3页
[2016-12-02 16:36:06.041] [DEBUG] 微博 - 第4页
[2016-12-02 16:36:06.170] [DEBUG] 微博 - 今日头条 3779904962 加入缓存队列
[2016-12-02 16:36:06.443] [DEBUG] 微博 - 第5页
[2016-12-02 16:36:06.747] [DEBUG] 微博 - 第6页
[2016-12-02 16:36:06.923] [DEBUG] 微博 - 第7页
[2016-12-02 16:36:07.198] [DEBUG] 微博 - 今日头条 1268518877 加入缓存队列
[2016-12-02 16:36:07.552] [DEBUG] 微博 - 第8页
[2016-12-02 16:36:07.932] [DEBUG] 微博 - 今日头条 3463207204 加入缓存队列
[2016-12-02 16:36:08.262] [DEBUG] 微博 - 第9页
[2016-12-02 16:36:08.652] [DEBUG] 微博 - 今日头条 3779904962 加入缓存队列
[2016-12-02 16:36:08.900] [DEBUG] 微博 - 第10页
[2016-12-02 16:36:09.222] [DEBUG] 微博 - 第11页
[2016-12-02 16:36:09.424] [DEBUG] 微博 - 第12页
[2016-12-02 16:36:09.588] [DEBUG] 微博 - 今日头条 5101863971 加入缓存队列
[2016-12-02 16:36:09.786] [DEBUG] 微博 - 第13页
[2016-12-02 16:36:10.414] [DEBUG] 微博 - 第14页
[2016-12-02 16:36:10.605] [DEBUG] 微博 - 第15页
[2016-12-02 16:36:10.841] [DEBUG] 微博 - 第16页
[2016-12-02 16:36:11.068] [DEBUG] 微博 - 第17页
[2016-12-02 16:36:11.133] [DEBUG] 微博 - 今日头条 3099016097 加入缓存队列
