[2016-12-02 16:26:49.537] [TRACE] 微博 - DealWith instantiation ...
[2016-12-02 16:26:49.543] [TRACE] 微博 - spiderCore instantiation ...
[2016-12-02 16:26:49.545] [TRACE] 微博 - 启动函数
[2016-12-02 16:26:49.575] [DEBUG] 微博 - 任务信息数据库连接建立...成功
[2016-12-02 16:26:49.578] [DEBUG] 微博 - 缓存队列数据库连接建立...成功
[2016-12-02 16:26:49.580] [DEBUG] 微博 - 创建数据库连接完毕
[2016-12-02 16:26:49.582] [INFO] 微博 - { id: '5305147245', name: '365美食家常菜谱', p: '26' }
[2016-12-02 16:26:50.430] [DEBUG] 微博 - 1
[2016-12-02 16:26:50.594] [DEBUG] 微博 - 今日头条 2140227493 加入缓存队列
[2016-12-02 16:26:50.874] [DEBUG] 微博 - 2
[2016-12-02 16:26:51.060] [DEBUG] 微博 - 3
[2016-12-02 16:26:51.267] [DEBUG] 微博 - 4
[2016-12-02 16:26:51.426] [DEBUG] 微博 - 今日头条 3779904962 加入缓存队列
[2016-12-02 16:26:51.679] [DEBUG] 微博 - 5
[2016-12-02 16:26:51.879] [DEBUG] 微博 - 6
[2016-12-02 16:26:53.637] [DEBUG] 微博 - 7
[2016-12-02 16:26:53.978] [DEBUG] 微博 - 今日头条 1268518877 加入缓存队列
[2016-12-02 16:26:54.215] [DEBUG] 微博 - 8
[2016-12-02 16:26:54.354] [DEBUG] 微博 - 今日头条 3463207204 加入缓存队列
[2016-12-02 16:26:54.513] [DEBUG] 微博 - 9
[2016-12-02 16:26:54.669] [DEBUG] 微博 - 今日头条 3779904962 加入缓存队列
[2016-12-02 16:26:54.919] [DEBUG] 微博 - 10
[2016-12-02 16:26:55.283] [DEBUG] 微博 - 11
[2016-12-02 16:26:55.543] [DEBUG] 微博 - 今日头条 5101863971 加入缓存队列
[2016-12-02 16:26:55.710] [DEBUG] 微博 - 12
[2016-12-02 16:26:56.074] [DEBUG] 微博 - 13
[2016-12-02 16:26:56.310] [DEBUG] 微博 - 14
[2016-12-02 16:26:56.699] [DEBUG] 微博 - 15
[2016-12-02 16:26:56.853] [DEBUG] 微博 - 16
[2016-12-02 16:26:57.175] [DEBUG] 微博 - 17
[2016-12-02 16:26:58.389] [DEBUG] 微博 - 今日头条 3099016097 加入缓存队列
[2016-12-02 16:26:58.598] [DEBUG] 微博 - 18
[2016-12-02 16:26:58.661] [DEBUG] 微博 - 今日头条 3266142652 加入缓存队列
[2016-12-02 16:26:59.023] [DEBUG] 微博 - 19
[2016-12-02 16:26:59.219] [DEBUG] 微博 - 20
[2016-12-02 16:26:59.846] [DEBUG] 微博 - 21
[2016-12-02 16:27:00.007] [DEBUG] 微博 - 22
[2016-12-02 16:27:00.285] [DEBUG] 微博 - 今日头条 3463207204 加入缓存队列
[2016-12-02 16:27:00.644] [DEBUG] 微博 - 23
[2016-12-02 16:27:00.843] [DEBUG] 微博 - 今日头条 2670125917 加入缓存队列
[2016-12-02 16:27:01.257] [DEBUG] 微博 - 24
[2016-12-02 16:27:01.414] [DEBUG] 微博 - 25
[2016-12-02 16:27:01.875] [DEBUG] 微博 - 26
[2016-12-02 16:27:02.275] [DEBUG] 微博 - 27
[2016-12-02 16:27:02.339] [DEBUG] 微博 - 今日头条 5101863971 加入缓存队列
[2016-12-02 16:27:02.736] [DEBUG] 微博 - 28
[2016-12-02 16:27:03.490] [DEBUG] 微博 - 今日头条 1008169975 加入缓存队列
[2016-12-02 16:27:03.952] [DEBUG] 微博 - 29
[2016-12-02 16:27:04.106] [DEBUG] 微博 - 30
[2016-12-02 16:27:04.334] [DEBUG] 微博 - 今日头条 2697416452 加入缓存队列
[2016-12-02 16:27:04.709] [DEBUG] 微博 - 31
[2016-12-02 16:27:04.889] [DEBUG] 微博 - 32
[2016-12-02 16:27:05.066] [DEBUG] 微博 - 今日头条 undefined 加入缓存队列
[2016-12-02 16:27:05.277] [DEBUG] 微博 - 33
[2016-12-02 16:27:05.453] [DEBUG] 微博 - 今日头条 2140227493 加入缓存队列
[2016-12-02 16:27:05.668] [DEBUG] 微博 - 34
[2016-12-02 16:27:06.039] [DEBUG] 微博 - 35
[2016-12-02 16:27:06.450] [DEBUG] 微博 - 今日头条 1231317854 加入缓存队列
[2016-12-02 16:27:06.811] [DEBUG] 微博 - 今日头条 5541345550 加入缓存队列
[2016-12-02 16:27:08.382] [DEBUG] 微博 - 36
[2016-12-02 16:27:08.622] [DEBUG] 微博 - 今日头条 1644395354 加入缓存队列
[2016-12-02 16:27:08.705] [DEBUG] 微博 - 今日头条 5729126469 加入缓存队列
[2016-12-02 16:27:09.281] [DEBUG] 微博 - 37
[2016-12-02 16:27:09.351] [DEBUG] 微博 - 今日头条 2140227493 加入缓存队列
[2016-12-02 16:27:09.411] [DEBUG] 微博 - 今日头条 2891529877 加入缓存队列
[2016-12-02 16:27:09.488] [DEBUG] 微博 - 今日头条 3266142652 加入缓存队列
[2016-12-02 16:27:09.797] [DEBUG] 微博 - 今日头条 2697416452 加入缓存队列
[2016-12-02 16:27:10.199] [DEBUG] 微博 - 38
[2016-12-02 16:27:10.405] [DEBUG] 微博 - 今日头条 5971792547 加入缓存队列
[2016-12-02 16:27:10.536] [DEBUG] 微博 - 今日头条 5879823459 加入缓存队列
[2016-12-02 16:27:10.922] [DEBUG] 微博 - 今日头条 3779904962 加入缓存队列
[2016-12-02 16:27:11.021] [DEBUG] 微博 - 今日头条 3266142652 加入缓存队列
[2016-12-02 16:27:11.639] [DEBUG] 微博 - 39
[2016-12-02 16:27:11.914] [DEBUG] 微博 - 今日头条 2893052643 加入缓存队列
[2016-12-02 16:27:12.133] [DEBUG] 微博 - 今日头条 5305147245 加入缓存队列
[2016-12-02 16:27:14.190] [DEBUG] 微博 - 40
[2016-12-02 16:27:14.196] [DEBUG] 微博 - 视频列表数据请求成功----undefined
[2016-12-02 16:27:14.200] [DEBUG] 微博 - 已经没有数据
[2016-12-02 16:27:14.391] [DEBUG] 微博 - 41
[2016-12-02 16:27:14.524] [DEBUG] 微博 - 今日头条 5101863971 加入缓存队列
[2016-12-02 16:27:14.591] [DEBUG] 微博 - 今日头条 1965280747 加入缓存队列
[2016-12-02 16:27:16.676] [DEBUG] 微博 - 42
