[2016-12-02 16:52:50.913] [TRACE] 微博 - DealWith instantiation ...
[2016-12-02 16:52:50.921] [TRACE] 微博 - spiderCore instantiation ...
[2016-12-02 16:52:50.923] [TRACE] 微博 - 启动函数
[2016-12-02 16:52:50.954] [DEBUG] 微博 - 任务信息数据库连接建立...成功
[2016-12-02 16:52:50.956] [DEBUG] 微博 - 缓存队列数据库连接建立...成功
[2016-12-02 16:52:50.958] [DEBUG] 微博 - 创建数据库连接完毕
[2016-12-02 16:52:50.961] [INFO] 微博 - { id: '5305147245', name: '365美食家常菜谱', p: '26' }
[2016-12-02 16:52:52.020] [DEBUG] 微博 - 11-26 10:00
[2016-12-02 16:52:53.449] [DEBUG] 微博 - 今天 14:00
[2016-12-02 16:52:54.544] [DEBUG] 微博 - 12-01 22:00
[2016-12-02 16:52:55.207] [DEBUG] 微博 - 12-01 14:00
[2016-12-02 16:52:55.307] [DEBUG] 微博 - 12-01 10:00
[2016-12-02 16:52:57.039] [DEBUG] 微博 - 11-30 22:00
[2016-12-02 16:52:58.145] [DEBUG] 微博 - 11-29 22:00
[2016-12-02 16:52:58.487] [DEBUG] 微博 - 11-29 15:00
[2016-12-02 16:52:59.929] [DEBUG] 微博 - 11-28 19:00
[2016-12-02 16:53:00.787] [DEBUG] 微博 - 11-28 13:41
[2016-12-02 16:53:02.365] [DEBUG] 微博 - 11-27 15:00
[2016-12-02 16:53:03.047] [DEBUG] 微博 - 11-27 10:00
[2016-12-02 16:53:04.191] [DEBUG] 微博 - 11-26 19:00
[2016-12-02 16:53:04.652] [DEBUG] 微博 - 11-26 09:30
[2016-12-02 16:53:05.461] [DEBUG] 微博 - 11-25 14:00
[2016-12-02 16:53:05.717] [DEBUG] 微博 - 11-24 20:00
[2016-12-02 16:53:05.850] [DEBUG] 微博 - 11-24 14:00
[2016-12-02 16:53:06.973] [DEBUG] 微博 - 11-23 20:00
[2016-12-02 16:53:07.382] [DEBUG] 微博 - 11-23 18:00
[2016-12-02 16:53:07.531] [DEBUG] 微博 - 11-22 10:00
[2016-12-02 16:53:07.955] [DEBUG] 微博 - 11-21 20:00
[2016-12-02 16:53:08.135] [DEBUG] 微博 - 11-21 15:00
[2016-12-02 16:53:08.960] [DEBUG] 微博 - 11-21 10:00
[2016-12-02 16:53:09.255] [DEBUG] 微博 - 11-20 20:00
[2016-12-02 16:53:09.624] [DEBUG] 微博 - 11-20 20:00
[2016-12-02 16:53:10.117] [DEBUG] 微博 - 11-20 14:00
[2016-12-02 16:53:10.259] [DEBUG] 微博 - 11-20 13:00
[2016-12-02 16:53:10.410] [DEBUG] 微博 - 11-20 09:00
[2016-12-02 16:53:10.782] [DEBUG] 微博 - 11-19 14:00
[2016-12-02 16:53:11.623] [DEBUG] 微博 - 11-18 09:00
[2016-12-02 16:53:11.690] [DEBUG] 微博 - 11-17 20:00
[2016-12-02 16:53:11.919] [DEBUG] 微博 - 11-17 09:00
[2016-12-02 16:53:12.296] [DEBUG] 微博 - 11-16 23:00
[2016-12-02 16:53:12.443] [DEBUG] 微博 - 11-16 20:00
[2016-12-02 16:53:12.766] [DEBUG] 微博 - 11-16 09:57
[2016-12-02 16:53:12.855] [DEBUG] 微博 - 11-15 20:00
[2016-12-02 16:53:13.553] [DEBUG] 微博 - 11-15 10:00
[2016-12-02 16:53:13.724] [DEBUG] 微博 - 11-14 20:00
[2016-12-02 16:53:14.148] [DEBUG] 微博 - 11-14 14:00
[2016-12-02 16:53:14.526] [DEBUG] 微博 - 11-13 18:00
[2016-12-02 16:53:14.709] [DEBUG] 微博 - 11-12 17:00
[2016-12-02 16:53:14.804] [DEBUG] 微博 - 11-12 10:00
[2016-12-02 16:53:14.964] [DEBUG] 微博 - 11-11 14:00
[2016-12-02 16:53:15.649] [DEBUG] 微博 - 11-10 23:00
[2016-12-02 16:53:15.798] [DEBUG] 微博 - 11-10 20:00
[2016-12-02 16:53:18.292] [DEBUG] 微博 - 11-10 14:00
[2016-12-02 16:53:18.408] [DEBUG] 微博 - 11-09 20:00
[2016-12-02 16:53:18.534] [DEBUG] 微博 - 11-09 14:00
[2016-12-02 16:53:19.385] [DEBUG] 微博 - 11-08 14:00
[2016-12-02 16:53:19.776] [DEBUG] 微博 - 11-08 01:00
[2016-12-02 16:53:20.363] [DEBUG] 微博 - 11-07 14:00
[2016-12-02 16:53:20.564] [DEBUG] 微博 - 11-06 23:00
[2016-12-02 16:53:20.751] [DEBUG] 微博 - 11-06 17:00
[2016-12-02 16:53:20.936] [DEBUG] 微博 - 11-06 10:00
[2016-12-02 16:53:21.546] [DEBUG] 微博 - 11-05 21:00
[2016-12-02 16:53:21.879] [DEBUG] 微博 - 11-05 15:00
