[2016-11-27 00:19:20.969] [TRACE] 天天快报 - DealWith instantiation ...
[2016-11-27 00:19:20.975] [TRACE] 天天快报 - spiderCore instantiation ...
[2016-11-27 00:19:20.977] [TRACE] 天天快报 - 启动函数
[2016-11-27 00:19:21.012] [DEBUG] 天天快报 - 任务信息数据库连接建立...成功
[2016-11-27 00:19:21.012] [DEBUG] 天天快报 - 缓存队列数据库连接建立...成功
[2016-11-27 00:19:21.012] [DEBUG] 天天快报 - 创建数据库连接完毕
[2016-11-27 00:19:21.012] [INFO] 天天快报 - { p: '10', id: '5112017' }
[2016-11-27 00:19:25.466] [ERROR] 天天快报 - occur error :  { Error: getaddrinfo ENOTFOUND staging.caihongip.com staging.caihongip.com:80
    at errnoException (dns.js:28:10)
    at GetAddrInfoReqWrap.onlookup [as oncomplete] (dns.js:79:26)
  code: 'ENOTFOUND',
  errno: 'ENOTFOUND',
  syscall: 'getaddrinfo',
  hostname: 'staging.caihongip.com',
  host: 'staging.caihongip.com',
  port: 80 }
[2016-11-27 00:19:42.478] [ERROR] 天天快报 - occur error: { Error: connect ETIMEDOUT 100.98.39.12:80
    at Object.exports._errnoException (util.js:1007:11)
    at exports._exceptionWithHostPort (util.js:1030:20)
    at TCPConnectWrap.afterConnect [as oncomplete] (net.js:1080:14)
  code: 'ETIMEDOUT',
  errno: 'ETIMEDOUT',
  syscall: 'connect',
  address: '100.98.39.12',
  port: 80 }
[2016-11-27 00:19:42.487] [INFO] 天天快报 - 返回天天快报用户 5112017 连接服务器失败
[2016-11-27 00:19:42.684] [DEBUG] 天天快报 - http://ncgi.video.qq.com/tvideo/fcgi-bin/vp_iphone?vid=u0344d6x66m&plat=5&pver=0&otype=json
[2016-11-27 00:19:43.120] [DEBUG] 天天快报 - http://ncgi.video.qq.com/tvideo/fcgi-bin/vp_iphone?vid=f0342mhgbok&plat=5&pver=0&otype=json
[2016-11-27 00:19:43.321] [DEBUG] 天天快报 - http://ncgi.video.qq.com/tvideo/fcgi-bin/vp_iphone?vid=g03369oxmnq&plat=5&pver=0&otype=json
[2016-11-27 00:19:43.550] [DEBUG] 天天快报 - http://ncgi.video.qq.com/tvideo/fcgi-bin/vp_iphone?vid=s03231htnc8&plat=5&pver=0&otype=json
