[2016-11-25 15:44:39.385] [TRACE] 天天快报 - DealWith instantiation ...
[2016-11-25 15:44:39.392] [TRACE] 天天快报 - spiderCore instantiation ...
[2016-11-25 15:44:39.393] [TRACE] 天天快报 - 启动函数
[2016-11-25 15:44:39.421] [DEBUG] 天天快报 - 任务信息数据库连接建立...成功
[2016-11-25 15:44:39.423] [DEBUG] 天天快报 - 缓存队列数据库连接建立...成功
[2016-11-25 15:44:39.425] [DEBUG] 天天快报 - 创建数据库连接完毕
[2016-11-25 15:44:39.432] [TRACE] 天天快报 - Queue get ready
[2016-11-25 15:44:39.474] [TRACE] 天天快报 - Get kuaibao task!
[2016-11-25 15:44:39.475] [INFO] 天天快报 - { id: '5105923', p: '10', name: '小罗恶搞', type: '0' }
[2016-11-25 15:44:39.514] [TRACE] 天天快报 - Get kuaibao task!
[2016-11-25 15:44:39.515] [INFO] 天天快报 - { id: '5112963', p: '10', name: '郑云工作室', type: '0' }
[2016-11-25 15:44:39.519] [TRACE] 天天快报 - Get kuaibao task!
[2016-11-25 15:44:39.520] [INFO] 天天快报 - { id: '5147907', p: '10', name: '欢乐迪士尼', type: '0' }
[2016-11-25 15:44:39.524] [TRACE] 天天快报 - Get kuaibao task!
[2016-11-25 15:44:39.527] [INFO] 天天快报 - { id: '5022660', p: '10', name: 'papi酱', type: '0' }
[2016-11-25 15:44:39.530] [TRACE] 天天快报 - Get kuaibao task!
[2016-11-25 15:44:39.531] [INFO] 天天快报 - { id: '8403', p: '10', name: '飞碟说', type: '0' }
[2016-11-25 15:44:39.537] [TRACE] 天天快报 - Get kuaibao task!
[2016-11-25 15:44:39.539] [INFO] 天天快报 - { id: '5107208', p: '10', name: '星座不求人', type: '0' }
[2016-11-25 15:44:39.544] [TRACE] 天天快报 - Get kuaibao task!
[2016-11-25 15:44:39.546] [INFO] 天天快报 - { id: '5233036', p: '10', name: '奇奇和悦悦的玩具', type: '0' }
[2016-11-25 15:44:39.549] [TRACE] 天天快报 - Get kuaibao task!
[2016-11-25 15:44:39.550] [INFO] 天天快报 - { id: '5096453', p: '10', name: '一色神技能', type: '0' }
[2016-11-25 15:44:39.555] [TRACE] 天天快报 - Get kuaibao task!
[2016-11-25 15:44:39.559] [INFO] 天天快报 - { id: '5112017', p: '10', name: '野心', type: '0' }
[2016-11-25 15:44:39.815] [DEBUG] 天天快报 - 用户: 5107208 back_end
[2016-11-25 15:44:40.008] [DEBUG] 天天快报 - 用户: 5112017 back_end
[2016-11-25 15:44:40.021] [DEBUG] 天天快报 - 用户: 5112963 back_end
[2016-11-25 15:44:40.044] [DEBUG] 天天快报 - 用户: 5105923 back_end
[2016-11-25 15:44:40.310] [DEBUG] 天天快报 - 用户: 5096453 back_end
[2016-11-25 15:44:42.063] [DEBUG] 天天快报 - 用户: 5233036 back_end
