[2016-11-28 13:34:27.585] [TRACE] 天天快报 - DealWith instantiation ...
[2016-11-28 13:34:27.600] [TRACE] 天天快报 - spiderCore instantiation ...
[2016-11-28 13:34:27.600] [TRACE] 天天快报 - 启动函数
[2016-11-28 13:34:27.616] [DEBUG] 天天快报 - 任务信息数据库连接建立...成功
[2016-11-28 13:34:27.616] [DEBUG] 天天快报 - 缓存队列数据库连接建立...成功
[2016-11-28 13:34:27.632] [DEBUG] 天天快报 - 创建数据库连接完毕
[2016-11-28 13:34:27.632] [INFO] 天天快报 - { p: '10', id: '5020454', name: '日日煮DayDayCook' }
[2016-11-28 13:34:34.004] [ERROR] 天天快报 - occur error :  { Error: getaddrinfo ENOTFOUND staging.caihongip.com staging.caihongip.com:80
    at errnoException (dns.js:28:10)
    at GetAddrInfoReqWrap.onlookup [as oncomplete] (dns.js:79:26)
  code: 'ENOTFOUND',
  errno: 'ENOTFOUND',
  syscall: 'getaddrinfo',
  hostname: 'staging.caihongip.com',
  host: 'staging.caihongip.com',
  port: 80 }
[2016-11-28 13:34:55.007] [ERROR] 天天快报 - occur error: { Error: connect ETIMEDOUT 100.98.39.12:80
    at Object.exports._errnoException (util.js:1007:11)
    at exports._exceptionWithHostPort (util.js:1030:20)
    at TCPConnectWrap.afterConnect [as oncomplete] (net.js:1080:14)
  code: 'ETIMEDOUT',
  errno: 'ETIMEDOUT',
  syscall: 'connect',
  address: '100.98.39.12',
  port: 80 }
[2016-11-28 13:34:55.023] [INFO] 天天快报 - 返回天天快报用户 5020454 连接服务器失败
[2016-11-28 13:34:56.116] [DEBUG] 天天快报 - 4
[2016-11-28 13:34:58.492] [DEBUG] 天天快报 - 4
