[2016-11-25 15:50:52.206] [TRACE] 天天快报 - DealWith instantiation ...
[2016-11-25 15:50:52.213] [TRACE] 天天快报 - spiderCore instantiation ...
[2016-11-25 15:50:52.214] [TRACE] 天天快报 - 启动函数
[2016-11-25 15:50:52.242] [DEBUG] 天天快报 - 任务信息数据库连接建立...成功
[2016-11-25 15:50:52.244] [DEBUG] 天天快报 - 缓存队列数据库连接建立...成功
[2016-11-25 15:50:52.246] [DEBUG] 天天快报 - 创建数据库连接完毕
[2016-11-25 15:50:52.252] [TRACE] 天天快报 - Queue get ready
[2016-11-25 15:50:52.293] [TRACE] 天天快报 - Get kuaibao task!
[2016-11-25 15:50:52.307] [TRACE] 天天快报 - Get kuaibao task!
[2016-11-25 15:50:52.311] [TRACE] 天天快报 - Get kuaibao task!
[2016-11-25 15:50:52.313] [TRACE] 天天快报 - Get kuaibao task!
[2016-11-25 15:50:52.316] [TRACE] 天天快报 - Get kuaibao task!
[2016-11-25 15:50:52.320] [TRACE] 天天快报 - Get kuaibao task!
[2016-11-25 15:50:52.323] [TRACE] 天天快报 - Get kuaibao task!
[2016-11-25 15:50:52.326] [TRACE] 天天快报 - Get kuaibao task!
[2016-11-25 15:50:52.328] [TRACE] 天天快报 - Get kuaibao task!
[2016-11-25 15:50:53.102] [DEBUG] 天天快报 - 用户: 5052377 back_end
[2016-11-25 15:50:53.451] [DEBUG] 天天快报 - 用户: 5042398 back_end
[2016-11-25 15:50:53.455] [DEBUG] 天天快报 - 用户: 5072038 back_end
[2016-11-25 15:50:53.458] [DEBUG] 天天快报 - 用户: 5039256 back_end
[2016-11-25 15:50:53.461] [DEBUG] 天天快报 - 用户: 5079191 back_end
[2016-11-25 15:50:53.464] [DEBUG] 天天快报 - 用户: 5043039 back_end
[2016-11-25 15:50:53.470] [DEBUG] 天天快报 - 用户: 5041433 back_end
[2016-11-25 15:50:54.451] [DEBUG] 天天快报 - 用户: 5141997 back_end
