[2016-11-25 17:43:25.995] [TRACE] 天天快报 - DealWith instantiation ...
[2016-11-25 17:43:26.001] [TRACE] 天天快报 - spiderCore instantiation ...
[2016-11-25 17:43:26.003] [TRACE] 天天快报 - 启动函数
[2016-11-25 17:43:26.030] [DEBUG] 天天快报 - 任务信息数据库连接建立...成功
[2016-11-25 17:43:26.032] [DEBUG] 天天快报 - 缓存队列数据库连接建立...成功
[2016-11-25 17:43:26.034] [DEBUG] 天天快报 - 创建数据库连接完毕
[2016-11-25 17:43:26.036] [INFO] 天天快报 - { p: '10', id: '5105923' }
[2016-11-25 17:43:27.389] [DEBUG] 天天快报 - 用户: 5105923 back_end
[2016-11-25 17:43:47.884] [ERROR] 天天快报 - occur error: { Error: connect ETIMEDOUT 100.98.39.12:80
    at Object.exports._errnoException (util.js:1007:11)
    at exports._exceptionWithHostPort (util.js:1030:20)
    at TCPConnectWrap.afterConnect [as oncomplete] (net.js:1080:14)
  code: 'ETIMEDOUT',
  errno: 'ETIMEDOUT',
  syscall: 'connect',
  address: '100.98.39.12',
  port: 80 }
[2016-11-25 17:43:47.894] [INFO] 天天快报 - 返回天天快报用户 5105923 连接服务器失败
[2016-11-25 17:43:52.381] [DEBUG] 天天快报 - j1414b9p0dv
[2016-11-25 17:43:58.244] [DEBUG] 天天快报 - l0348ek27q6
[2016-11-25 17:44:06.326] [DEBUG] 天天快报 - w03477u26i5
[2016-11-25 17:44:11.815] [DEBUG] 天天快报 - s034743md12
[2016-11-25 17:44:16.115] [DEBUG] 天天快报 - e0347n1fp4y
[2016-11-25 17:44:20.268] [DEBUG] 天天快报 - f0347o4ctfb
[2016-11-25 17:44:29.294] [DEBUG] 天天快报 - o0347pvjiup
