[2016-11-25 19:43:58.818] [TRACE] 天天快报 - DealWith instantiation ...
[2016-11-25 19:43:58.824] [TRACE] 天天快报 - spiderCore instantiation ...
[2016-11-25 19:43:58.827] [TRACE] 天天快报 - 启动函数
[2016-11-25 19:43:58.852] [DEBUG] 天天快报 - 任务信息数据库连接建立...成功
[2016-11-25 19:43:58.857] [DEBUG] 天天快报 - 缓存队列数据库连接建立...成功
[2016-11-25 19:43:58.860] [DEBUG] 天天快报 - 创建数据库连接完毕
[2016-11-25 19:43:58.862] [INFO] 天天快报 - { p: '10', id: '5112017' }
[2016-11-25 19:44:00.793] [ERROR] 天天快报 - occur error :  { Error: getaddrinfo ENOTFOUND staging.caihongip.com staging.caihongip.com:80
    at errnoException (dns.js:28:10)
    at GetAddrInfoReqWrap.onlookup [as oncomplete] (dns.js:79:26)
  code: 'ENOTFOUND',
  errno: 'ENOTFOUND',
  syscall: 'getaddrinfo',
  hostname: 'staging.caihongip.com',
  host: 'staging.caihongip.com',
  port: 80 }
[2016-11-25 19:44:21.019] [ERROR] 天天快报 - occur error: { Error: connect ETIMEDOUT 100.98.39.12:80
    at Object.exports._errnoException (util.js:1007:11)
    at exports._exceptionWithHostPort (util.js:1030:20)
    at TCPConnectWrap.afterConnect [as oncomplete] (net.js:1080:14)
  code: 'ETIMEDOUT',
  errno: 'ETIMEDOUT',
  syscall: 'connect',
  address: '100.98.39.12',
  port: 80 }
[2016-11-25 19:44:21.023] [INFO] 天天快报 - 返回天天快报用户 5112017 连接服务器失败
[2016-11-25 19:44:23.872] [DEBUG] 天天快报 - undefined
[2016-11-25 19:44:23.875] [DEBUG] 天天快报 - undefined
[2016-11-25 19:44:28.057] [INFO] 天天快报 - { type: '旅游',
  tag: [ { tag: '日本' }, { tag: '宅男' }, { tag: '同人展' }, { tag: '动漫' } ] }
[2016-11-25 19:44:30.342] [DEBUG] 天天快报 - undefined
[2016-11-25 19:44:30.344] [DEBUG] 天天快报 - undefined
[2016-11-25 19:44:34.737] [INFO] 天天快报 - { type: '旅游', tag: [ { tag: '剪刀手' }, { tag: '美女' } ] }
[2016-11-25 19:44:35.906] [DEBUG] 天天快报 - undefined
[2016-11-25 19:44:35.908] [DEBUG] 天天快报 - undefined
[2016-11-25 19:44:39.626] [INFO] 天天快报 - { type: '旅游', tag: [ { tag: '罪恶的花' }, { tag: '湄公河' } ] }
