[2016-11-25 15:52:02.347] [TRACE] 天天快报 - DealWith instantiation ...
[2016-11-25 15:52:02.353] [TRACE] 天天快报 - spiderCore instantiation ...
[2016-11-25 15:52:02.355] [TRACE] 天天快报 - 启动函数
[2016-11-25 15:52:02.381] [DEBUG] 天天快报 - 任务信息数据库连接建立...成功
[2016-11-25 15:52:02.383] [DEBUG] 天天快报 - 缓存队列数据库连接建立...成功
[2016-11-25 15:52:02.385] [DEBUG] 天天快报 - 创建数据库连接完毕
[2016-11-25 15:52:02.391] [TRACE] 天天快报 - Queue get ready
[2016-11-25 15:52:02.431] [TRACE] 天天快报 - Get kuaibao task!
[2016-11-25 15:52:02.445] [TRACE] 天天快报 - Get kuaibao task!
[2016-11-25 15:52:02.449] [TRACE] 天天快报 - Get kuaibao task!
[2016-11-25 15:52:02.451] [TRACE] 天天快报 - Get kuaibao task!
[2016-11-25 15:52:02.453] [TRACE] 天天快报 - Get kuaibao task!
[2016-11-25 15:52:02.457] [TRACE] 天天快报 - Get kuaibao task!
[2016-11-25 15:52:02.461] [TRACE] 天天快报 - Get kuaibao task!
[2016-11-25 15:52:02.463] [TRACE] 天天快报 - Get kuaibao task!
[2016-11-25 15:52:02.466] [TRACE] 天天快报 - Get kuaibao task!
[2016-11-25 15:52:03.184] [DEBUG] 天天快报 - 用户: 5053211 back_end
[2016-11-25 15:52:03.190] [DEBUG] 天天快报 - 用户: 5150626 back_end
[2016-11-25 15:52:03.195] [DEBUG] 天天快报 - 用户: 5159064 back_end
[2016-11-25 15:52:03.200] [DEBUG] 天天快报 - 用户: 5061067 back_end
[2016-11-25 15:52:03.205] [DEBUG] 天天快报 - 用户: 5131278 back_end
[2016-11-25 15:52:03.212] [DEBUG] 天天快报 - 用户: 5021241 back_end
[2016-11-25 15:52:03.560] [ERROR] 天天快报 - userInfo异常错误
[2016-11-25 15:52:03.564] [ERROR] 天天快报 - { ret: 1 }
[2016-11-25 15:52:03.601] [DEBUG] 天天快报 - http://r.cnews.qq.com/getVideoNewsIndex------
[2016-11-25 15:52:03.610] [DEBUG] 天天快报 - 用户: 5041151 back_end
[2016-11-25 15:52:03.660] [DEBUG] 天天快报 - result: { user: '用户信息已返回', media: '视频信息已返回' }
[2016-11-25 15:52:03.685] [TRACE] 天天快报 - Get kuaibao task!
[2016-11-25 15:52:04.151] [DEBUG] 天天快报 - 用户: 5041593 back_end
[2016-11-25 15:52:04.390] [DEBUG] 天天快报 - 用户: 5025229 back_end
[2016-11-25 17:46:01.284] [TRACE] 天天快报 - DealWith instantiation ...
[2016-11-25 17:46:01.291] [TRACE] 天天快报 - spiderCore instantiation ...
[2016-11-25 17:46:01.293] [TRACE] 天天快报 - 启动函数
[2016-11-25 17:46:01.319] [DEBUG] 天天快报 - 任务信息数据库连接建立...成功
[2016-11-25 17:46:01.321] [DEBUG] 天天快报 - 缓存队列数据库连接建立...成功
[2016-11-25 17:46:01.323] [DEBUG] 天天快报 - 创建数据库连接完毕
[2016-11-25 17:46:01.325] [INFO] 天天快报 - { p: '10', id: '5105923' }
[2016-11-25 17:46:03.066] [ERROR] 天天快报 - occur error :  { Error: getaddrinfo ENOTFOUND staging.caihongip.com staging.caihongip.com:80
    at errnoException (dns.js:28:10)
    at GetAddrInfoReqWrap.onlookup [as oncomplete] (dns.js:79:26)
  code: 'ENOTFOUND',
  errno: 'ENOTFOUND',
  syscall: 'getaddrinfo',
  hostname: 'staging.caihongip.com',
  host: 'staging.caihongip.com',
  port: 80 }
[2016-11-25 17:46:23.567] [ERROR] 天天快报 - occur error: { Error: connect ETIMEDOUT 100.98.39.12:80
    at Object.exports._errnoException (util.js:1007:11)
    at exports._exceptionWithHostPort (util.js:1030:20)
    at TCPConnectWrap.afterConnect [as oncomplete] (net.js:1080:14)
  code: 'ETIMEDOUT',
  errno: 'ETIMEDOUT',
  syscall: 'connect',
  address: '100.98.39.12',
  port: 80 }
[2016-11-25 17:46:23.571] [INFO] 天天快报 - 返回天天快报用户 5105923 连接服务器失败
