[2016-11-25 19:26:50.960] [TRACE] 天天快报 - DealWith instantiation ...
[2016-11-25 19:26:50.967] [TRACE] 天天快报 - spiderCore instantiation ...
[2016-11-25 19:26:50.969] [TRACE] 天天快报 - 启动函数
[2016-11-25 19:26:51.000] [DEBUG] 天天快报 - 任务信息数据库连接建立...成功
[2016-11-25 19:26:51.002] [DEBUG] 天天快报 - 缓存队列数据库连接建立...成功
[2016-11-25 19:26:51.005] [DEBUG] 天天快报 - 创建数据库连接完毕
[2016-11-25 19:26:51.007] [INFO] 天天快报 - { p: '10', id: '5112017' }
[2016-11-25 19:26:52.087] [ERROR] 天天快报 - occur error :  { Error: getaddrinfo ENOTFOUND staging.caihongip.com staging.caihongip.com:80
    at errnoException (dns.js:28:10)
    at GetAddrInfoReqWrap.onlookup [as oncomplete] (dns.js:79:26)
  code: 'ENOTFOUND',
  errno: 'ENOTFOUND',
  syscall: 'getaddrinfo',
  hostname: 'staging.caihongip.com',
  host: 'staging.caihongip.com',
  port: 80 }
[2016-11-25 19:27:12.864] [ERROR] 天天快报 - occur error: { Error: connect ETIMEDOUT 100.98.39.12:80
    at Object.exports._errnoException (util.js:1007:11)
    at exports._exceptionWithHostPort (util.js:1030:20)
    at TCPConnectWrap.afterConnect [as oncomplete] (net.js:1080:14)
  code: 'ETIMEDOUT',
  errno: 'ETIMEDOUT',
  syscall: 'connect',
  address: '100.98.39.12',
  port: 80 }
[2016-11-25 19:27:12.875] [INFO] 天天快报 - 返回天天快报用户 5112017 连接服务器失败
[2016-11-25 19:27:16.490] [DEBUG] 天天快报 - object
[2016-11-25 19:27:16.493] [DEBUG] 天天快报 - undefined
[2016-11-25 19:27:20.741] [DEBUG] 天天快报 - object
[2016-11-25 19:27:20.745] [DEBUG] 天天快报 - undefined
