[2016-11-28 14:34:34.461] [TRACE] 天天快报 - DealWith instantiation ...
[2016-11-28 14:34:34.467] [TRACE] 天天快报 - spiderCore instantiation ...
[2016-11-28 14:34:34.469] [TRACE] 天天快报 - 启动函数
[2016-11-28 14:34:34.494] [DEBUG] 天天快报 - 任务信息数据库连接建立...成功
[2016-11-28 14:34:34.494] [DEBUG] 天天快报 - 缓存队列数据库连接建立...成功
[2016-11-28 14:34:34.494] [DEBUG] 天天快报 - 创建数据库连接完毕
[2016-11-28 14:34:34.494] [INFO] 天天快报 - { p: '10', id: '5020454', name: '日日煮DayDayCook' }
[2016-11-28 14:34:34.728] [ERROR] 天天快报 - occur error :  { Error: getaddrinfo ENOTFOUND staging.caihongip.com staging.caihongip.com:80
    at errnoException (dns.js:28:10)
    at GetAddrInfoReqWrap.onlookup [as oncomplete] (dns.js:79:26)
  code: 'ENOTFOUND',
  errno: 'ENOTFOUND',
  syscall: 'getaddrinfo',
  hostname: 'staging.caihongip.com',
  host: 'staging.caihongip.com',
  port: 80 }
[2016-11-28 14:34:55.743] [ERROR] 天天快报 - occur error: { Error: connect ETIMEDOUT 100.98.39.12:80
    at Object.exports._errnoException (util.js:1007:11)
    at exports._exceptionWithHostPort (util.js:1030:20)
    at TCPConnectWrap.afterConnect [as oncomplete] (net.js:1080:14)
  code: 'ETIMEDOUT',
  errno: 'ETIMEDOUT',
  syscall: 'connect',
  address: '100.98.39.12',
  port: 80 }
[2016-11-28 14:34:55.747] [INFO] 天天快报 - 返回天天快报用户 5020454 连接服务器失败
[2016-11-28 14:34:56.212] [DEBUG] 天天快报 - http://ncgi.video.qq.com/tvideo/fcgi-bin/vp_iphone?vid=g0349d87gnv&plat=5&pver=0&otype=json
[2016-11-28 14:34:56.228] [DEBUG] 天天快报 - 04:18
[2016-11-28 14:34:56.690] [DEBUG] 天天快报 - http://ncgi.video.qq.com/tvideo/fcgi-bin/vp_iphone?vid=i03497fzm3b&plat=5&pver=0&otype=json
[2016-11-28 14:34:56.706] [DEBUG] 天天快报 - 02:28
[2016-11-28 14:34:58.293] [DEBUG] 天天快报 - http://ncgi.video.qq.com/tvideo/fcgi-bin/vp_iphone?vid=u0348lif8re&plat=5&pver=0&otype=json
[2016-11-28 14:34:58.293] [DEBUG] 天天快报 - 01:44
