[2016-11-25 19:45:09.380] [TRACE] 天天快报 - DealWith instantiation ...
[2016-11-25 19:45:09.387] [TRACE] 天天快报 - spiderCore instantiation ...
[2016-11-25 19:45:09.389] [TRACE] 天天快报 - 启动函数
[2016-11-25 19:45:09.423] [DEBUG] 天天快报 - 任务信息数据库连接建立...成功
[2016-11-25 19:45:09.426] [DEBUG] 天天快报 - 缓存队列数据库连接建立...成功
[2016-11-25 19:45:09.429] [DEBUG] 天天快报 - 创建数据库连接完毕
[2016-11-25 19:45:09.431] [INFO] 天天快报 - { p: '10', id: '5112017' }
[2016-11-25 19:45:10.442] [ERROR] 天天快报 - occur error :  { Error: getaddrinfo ENOTFOUND staging.caihongip.com staging.caihongip.com:80
    at errnoException (dns.js:28:10)
    at GetAddrInfoReqWrap.onlookup [as oncomplete] (dns.js:79:26)
  code: 'ENOTFOUND',
  errno: 'ENOTFOUND',
  syscall: 'getaddrinfo',
  hostname: 'staging.caihongip.com',
  host: 'staging.caihongip.com',
  port: 80 }
[2016-11-25 19:45:31.338] [ERROR] 天天快报 - occur error: { Error: connect ETIMEDOUT 100.98.39.12:80
    at Object.exports._errnoException (util.js:1007:11)
    at exports._exceptionWithHostPort (util.js:1030:20)
    at TCPConnectWrap.afterConnect [as oncomplete] (net.js:1080:14)
  code: 'ETIMEDOUT',
  errno: 'ETIMEDOUT',
  syscall: 'connect',
  address: '100.98.39.12',
  port: 80 }
[2016-11-25 19:45:31.342] [INFO] 天天快报 - 返回天天快报用户 5112017 连接服务器失败
[2016-11-25 19:45:34.330] [DEBUG] 天天快报 - undefined
[2016-11-25 19:45:34.332] [DEBUG] 天天快报 - undefined
[2016-11-25 19:45:39.391] [DEBUG] 天天快报 - undefined
[2016-11-25 19:45:39.395] [DEBUG] 天天快报 - undefined
