[2016-11-25 19:36:32.980] [TRACE] 天天快报 - DealWith instantiation ...
[2016-11-25 19:36:32.987] [TRACE] 天天快报 - spiderCore instantiation ...
[2016-11-25 19:36:32.989] [TRACE] 天天快报 - 启动函数
[2016-11-25 19:36:33.019] [DEBUG] 天天快报 - 任务信息数据库连接建立...成功
[2016-11-25 19:36:33.021] [DEBUG] 天天快报 - 缓存队列数据库连接建立...成功
[2016-11-25 19:36:33.023] [DEBUG] 天天快报 - 创建数据库连接完毕
[2016-11-25 19:36:33.026] [INFO] 天天快报 - { p: '10', id: '5112017' }
[2016-11-25 19:36:34.584] [ERROR] 天天快报 - occur error :  { Error: getaddrinfo ENOTFOUND staging.caihongip.com staging.caihongip.com:80
    at errnoException (dns.js:28:10)
    at GetAddrInfoReqWrap.onlookup [as oncomplete] (dns.js:79:26)
  code: 'ENOTFOUND',
  errno: 'ENOTFOUND',
  syscall: 'getaddrinfo',
  hostname: 'staging.caihongip.com',
  host: 'staging.caihongip.com',
  port: 80 }
[2016-11-25 19:36:55.361] [ERROR] 天天快报 - occur error: { Error: connect ETIMEDOUT 100.98.39.12:80
    at Object.exports._errnoException (util.js:1007:11)
    at exports._exceptionWithHostPort (util.js:1030:20)
    at TCPConnectWrap.afterConnect [as oncomplete] (net.js:1080:14)
  code: 'ETIMEDOUT',
  errno: 'ETIMEDOUT',
  syscall: 'connect',
  address: '100.98.39.12',
  port: 80 }
[2016-11-25 19:36:55.364] [INFO] 天天快报 - 返回天天快报用户 5112017 连接服务器失败
[2016-11-25 19:36:59.056] [DEBUG] 天天快报 - {}
[2016-11-25 19:36:59.059] [DEBUG] 天天快报 - undefined
[2016-11-25 19:36:59.062] [DEBUG] 天天快报 - undefined
