[2016-11-25 19:27:43.111] [TRACE] 天天快报 - DealWith instantiation ...
[2016-11-25 19:27:43.118] [TRACE] 天天快报 - spiderCore instantiation ...
[2016-11-25 19:27:43.120] [TRACE] 天天快报 - 启动函数
[2016-11-25 19:27:43.149] [DEBUG] 天天快报 - 任务信息数据库连接建立...成功
[2016-11-25 19:27:43.152] [DEBUG] 天天快报 - 缓存队列数据库连接建立...成功
[2016-11-25 19:27:43.154] [DEBUG] 天天快报 - 创建数据库连接完毕
[2016-11-25 19:27:43.156] [INFO] 天天快报 - { p: '10', id: '5112017' }
[2016-11-25 19:27:44.650] [DEBUG] 天天快报 - 用户: 5112017 back_end
[2016-11-25 19:28:05.188] [ERROR] 天天快报 - occur error: { Error: connect ETIMEDOUT 100.98.39.12:80
    at Object.exports._errnoException (util.js:1007:11)
    at exports._exceptionWithHostPort (util.js:1030:20)
    at TCPConnectWrap.afterConnect [as oncomplete] (net.js:1080:14)
  code: 'ETIMEDOUT',
  errno: 'ETIMEDOUT',
  syscall: 'connect',
  address: '100.98.39.12',
  port: 80 }
[2016-11-25 19:28:05.198] [INFO] 天天快报 - 返回天天快报用户 5112017 连接服务器失败
[2016-11-25 19:28:09.581] [DEBUG] 天天快报 - object
[2016-11-25 19:28:09.585] [DEBUG] 天天快报 - {}
[2016-11-25 19:28:15.174] [DEBUG] 天天快报 - object
[2016-11-25 19:28:15.175] [DEBUG] 天天快报 - {}
