[2016-11-25 19:16:25.694] [TRACE] 天天快报 - DealWith instantiation ...
[2016-11-25 19:16:25.701] [TRACE] 天天快报 - spiderCore instantiation ...
[2016-11-25 19:16:25.704] [TRACE] 天天快报 - 启动函数
[2016-11-25 19:16:25.736] [DEBUG] 天天快报 - 任务信息数据库连接建立...成功
[2016-11-25 19:16:25.739] [DEBUG] 天天快报 - 缓存队列数据库连接建立...成功
[2016-11-25 19:16:25.743] [DEBUG] 天天快报 - 创建数据库连接完毕
[2016-11-25 19:16:25.745] [INFO] 天天快报 - { p: '10', id: '5112017' }
[2016-11-25 19:16:27.057] [DEBUG] 天天快报 - 用户: 5112017 back_end
[2016-11-25 19:16:47.595] [ERROR] 天天快报 - occur error: { Error: connect ETIMEDOUT 100.98.39.12:80
    at Object.exports._errnoException (util.js:1007:11)
    at exports._exceptionWithHostPort (util.js:1030:20)
    at TCPConnectWrap.afterConnect [as oncomplete] (net.js:1080:14)
  code: 'ETIMEDOUT',
  errno: 'ETIMEDOUT',
  syscall: 'connect',
  address: '100.98.39.12',
  port: 80 }
[2016-11-25 19:16:47.605] [INFO] 天天快报 - 返回天天快报用户 5112017 连接服务器失败
[2016-11-25 19:16:52.560] [DEBUG] 天天快报 - string--==--
[2016-11-25 19:16:52.563] [DEBUG] 天天快报 - object--==--
[2016-11-25 19:16:52.568] [DEBUG] 天天快报 - [object Object]--==--
[2016-11-25 19:16:57.005] [DEBUG] 天天快报 - string--==--
[2016-11-25 19:16:57.008] [DEBUG] 天天快报 - object--==--
[2016-11-25 19:16:57.011] [DEBUG] 天天快报 - [object Object]--==--
