[2016-11-25 19:11:21.764] [TRACE] 天天快报 - DealWith instantiation ...
[2016-11-25 19:11:21.771] [TRACE] 天天快报 - spiderCore instantiation ...
[2016-11-25 19:11:21.773] [TRACE] 天天快报 - 启动函数
[2016-11-25 19:11:21.801] [DEBUG] 天天快报 - 任务信息数据库连接建立...成功
[2016-11-25 19:11:21.804] [DEBUG] 天天快报 - 缓存队列数据库连接建立...成功
[2016-11-25 19:11:21.806] [DEBUG] 天天快报 - 创建数据库连接完毕
[2016-11-25 19:11:21.808] [INFO] 天天快报 - { p: '10', id: '5112017' }
[2016-11-25 19:11:23.136] [ERROR] 天天快报 - occur error :  { Error: getaddrinfo ENOTFOUND staging.caihongip.com staging.caihongip.com:80
    at errnoException (dns.js:28:10)
    at GetAddrInfoReqWrap.onlookup [as oncomplete] (dns.js:79:26)
  code: 'ENOTFOUND',
  errno: 'ENOTFOUND',
  syscall: 'getaddrinfo',
  hostname: 'staging.caihongip.com',
  host: 'staging.caihongip.com',
  port: 80 }
[2016-11-25 19:11:43.694] [ERROR] 天天快报 - occur error: { Error: connect ETIMEDOUT 100.98.39.12:80
    at Object.exports._errnoException (util.js:1007:11)
    at exports._exceptionWithHostPort (util.js:1030:20)
    at TCPConnectWrap.afterConnect [as oncomplete] (net.js:1080:14)
  code: 'ETIMEDOUT',
  errno: 'ETIMEDOUT',
  syscall: 'connect',
  address: '100.98.39.12',
  port: 80 }
[2016-11-25 19:11:43.706] [INFO] 天天快报 - 返回天天快报用户 5112017 连接服务器失败
[2016-11-25 19:11:47.988] [DEBUG] 天天快报 - string--==--
[2016-11-25 19:11:47.992] [DEBUG] 天天快报 - {"result":{"code":0,"msg":""},"vid":"u0344d6x66m","video":{"betime":0,"c_danmu":1,"c_danmu_status":1,"competitionid":-1,"ctypeid":26,"ctypename":"旅游","desc":"C90同人展是日本乃至全球最大型的同人志即卖会。活动就像是一个大型的社团活动一样，大家参与其中，有人画小黄本，有人贩卖，有人拍照，有人cos角色，有人逛摊子排队，有人狂扫周边，有人调戏coser。这就是一场属于二次元的狂欢，大家都参与进来，燃烧自己。","drm":0,"dwr":1,"matchid":-1,"mut":5,"pay":0,"pic":"http://shp.qpic.cn/qqvideo_ori/0/u0344d6x66m_496_280/0","pr":1,"sec":21,"showr":1,"source":"","tags":[{"tag":"日本"},{"tag":"宅男"},{"tag":"同人展"},{"tag":"动漫"}],"title":"极品萌妹cosplay 场面辣到让你睁不开眼","tot":321,"trailer":0,"uptime":"2016-11-10 19:14:52","viewnum":104036,"voteid":""}}--==--
