[2016-11-25 19:20:43.752] [TRACE] 天天快报 - DealWith instantiation ...
[2016-11-25 19:20:43.759] [TRACE] 天天快报 - spiderCore instantiation ...
[2016-11-25 19:20:43.760] [TRACE] 天天快报 - 启动函数
[2016-11-25 19:20:43.787] [DEBUG] 天天快报 - 任务信息数据库连接建立...成功
[2016-11-25 19:20:43.790] [DEBUG] 天天快报 - 缓存队列数据库连接建立...成功
[2016-11-25 19:20:43.792] [DEBUG] 天天快报 - 创建数据库连接完毕
[2016-11-25 19:20:43.793] [INFO] 天天快报 - { p: '10', id: '5112017' }
[2016-11-25 19:20:45.185] [ERROR] 天天快报 - occur error :  { Error: getaddrinfo ENOTFOUND staging.caihongip.com staging.caihongip.com:80
    at errnoException (dns.js:28:10)
    at GetAddrInfoReqWrap.onlookup [as oncomplete] (dns.js:79:26)
  code: 'ENOTFOUND',
  errno: 'ENOTFOUND',
  syscall: 'getaddrinfo',
  hostname: 'staging.caihongip.com',
  host: 'staging.caihongip.com',
  port: 80 }
[2016-11-25 19:21:05.634] [ERROR] 天天快报 - occur error: { Error: connect ETIMEDOUT 100.98.39.12:80
    at Object.exports._errnoException (util.js:1007:11)
    at exports._exceptionWithHostPort (util.js:1030:20)
    at TCPConnectWrap.afterConnect [as oncomplete] (net.js:1080:14)
  code: 'ETIMEDOUT',
  errno: 'ETIMEDOUT',
  syscall: 'connect',
  address: '100.98.39.12',
  port: 80 }
[2016-11-25 19:21:05.638] [INFO] 天天快报 - 返回天天快报用户 5112017 连接服务器失败
[2016-11-25 19:21:09.428] [DEBUG] 天天快报 - object--==--
[2016-11-25 19:21:09.431] [DEBUG] 天天快报 - object--==--
[2016-11-25 19:21:09.436] [DEBUG] 天天快报 - 旅游
[2016-11-25 19:21:15.038] [DEBUG] 天天快报 - object--==--
[2016-11-25 19:21:15.042] [DEBUG] 天天快报 - object--==--
[2016-11-25 19:21:15.047] [DEBUG] 天天快报 - 旅游
