[2016-11-25 19:45:59.605] [TRACE] 天天快报 - DealWith instantiation ...
[2016-11-25 19:45:59.611] [TRACE] 天天快报 - spiderCore instantiation ...
[2016-11-25 19:45:59.614] [TRACE] 天天快报 - 启动函数
[2016-11-25 19:45:59.646] [DEBUG] 天天快报 - 任务信息数据库连接建立...成功
[2016-11-25 19:45:59.648] [DEBUG] 天天快报 - 缓存队列数据库连接建立...成功
[2016-11-25 19:45:59.651] [DEBUG] 天天快报 - 创建数据库连接完毕
[2016-11-25 19:45:59.652] [INFO] 天天快报 - { p: '10', id: '5112017' }
[2016-11-25 19:46:00.984] [ERROR] 天天快报 - occur error :  { Error: getaddrinfo ENOTFOUND staging.caihongip.com staging.caihongip.com:80
    at errnoException (dns.js:28:10)
    at GetAddrInfoReqWrap.onlookup [as oncomplete] (dns.js:79:26)
  code: 'ENOTFOUND',
  errno: 'ENOTFOUND',
  syscall: 'getaddrinfo',
  hostname: 'staging.caihongip.com',
  host: 'staging.caihongip.com',
  port: 80 }
[2016-11-25 19:46:21.441] [ERROR] 天天快报 - occur error: { Error: connect ETIMEDOUT 100.98.39.12:80
    at Object.exports._errnoException (util.js:1007:11)
    at exports._exceptionWithHostPort (util.js:1030:20)
    at TCPConnectWrap.afterConnect [as oncomplete] (net.js:1080:14)
  code: 'ETIMEDOUT',
  errno: 'ETIMEDOUT',
  syscall: 'connect',
  address: '100.98.39.12',
  port: 80 }
[2016-11-25 19:46:21.444] [INFO] 天天快报 - 返回天天快报用户 5112017 连接服务器失败
[2016-11-25 19:46:26.268] [DEBUG] 天天快报 - string
[2016-11-25 19:46:26.270] [DEBUG] 天天快报 - 
[2016-11-25 19:46:31.245] [DEBUG] 天天快报 - string
[2016-11-25 19:46:31.249] [DEBUG] 天天快报 - 
[2016-11-25 19:46:37.324] [DEBUG] 天天快报 - string
[2016-11-25 19:46:37.326] [DEBUG] 天天快报 - 
[2016-11-25 19:46:44.191] [DEBUG] 天天快报 - string
[2016-11-25 19:46:44.194] [DEBUG] 天天快报 - 
[2016-11-25 19:46:50.182] [DEBUG] 天天快报 - string
[2016-11-25 19:46:50.185] [DEBUG] 天天快报 - 
[2016-11-25 19:46:58.841] [DEBUG] 天天快报 - string
[2016-11-25 19:46:58.845] [DEBUG] 天天快报 - 
[2016-11-25 19:47:05.021] [DEBUG] 天天快报 - string
[2016-11-25 19:47:05.023] [DEBUG] 天天快报 - 
[2016-11-25 19:47:10.068] [DEBUG] 天天快报 - string
[2016-11-25 19:47:10.070] [DEBUG] 天天快报 - 
[2016-11-25 19:47:15.890] [DEBUG] 天天快报 - string
[2016-11-25 19:47:15.893] [DEBUG] 天天快报 - 
[2016-11-25 19:47:17.361] [DEBUG] 天天快报 - string
[2016-11-25 19:47:17.363] [DEBUG] 天天快报 - 
[2016-11-25 19:47:23.333] [DEBUG] 天天快报 - string
[2016-11-25 19:47:23.335] [DEBUG] 天天快报 - 
[2016-11-25 19:47:28.067] [DEBUG] 天天快报 - string
[2016-11-25 19:47:28.069] [DEBUG] 天天快报 - 
[2016-11-25 19:47:32.224] [DEBUG] 天天快报 - string
[2016-11-25 19:47:32.226] [DEBUG] 天天快报 - 
[2016-11-25 19:47:37.373] [DEBUG] 天天快报 - string
[2016-11-25 19:47:37.375] [DEBUG] 天天快报 - 
