[2016-11-25 18:55:19.016] [TRACE] 天天快报 - DealWith instantiation ...
[2016-11-25 18:55:19.023] [TRACE] 天天快报 - spiderCore instantiation ...
[2016-11-25 18:55:19.025] [TRACE] 天天快报 - 启动函数
[2016-11-25 18:55:19.053] [DEBUG] 天天快报 - 任务信息数据库连接建立...成功
[2016-11-25 18:55:19.055] [DEBUG] 天天快报 - 缓存队列数据库连接建立...成功
[2016-11-25 18:55:19.057] [DEBUG] 天天快报 - 创建数据库连接完毕
[2016-11-25 18:55:19.058] [INFO] 天天快报 - { p: '10', id: '5105923' }
[2016-11-25 18:55:20.528] [ERROR] 天天快报 - occur error :  { Error: getaddrinfo ENOTFOUND staging.caihongip.com staging.caihongip.com:80
    at errnoException (dns.js:28:10)
    at GetAddrInfoReqWrap.onlookup [as oncomplete] (dns.js:79:26)
  code: 'ENOTFOUND',
  errno: 'ENOTFOUND',
  syscall: 'getaddrinfo',
  hostname: 'staging.caihongip.com',
  host: 'staging.caihongip.com',
  port: 80 }
[2016-11-25 18:55:41.130] [ERROR] 天天快报 - occur error: { Error: connect ETIMEDOUT 100.98.39.12:80
    at Object.exports._errnoException (util.js:1007:11)
    at exports._exceptionWithHostPort (util.js:1030:20)
    at TCPConnectWrap.afterConnect [as oncomplete] (net.js:1080:14)
  code: 'ETIMEDOUT',
  errno: 'ETIMEDOUT',
  syscall: 'connect',
  address: '100.98.39.12',
  port: 80 }
[2016-11-25 18:55:41.135] [INFO] 天天快报 - 返回天天快报用户 5105923 连接服务器失败
[2016-11-25 18:55:44.498] [DEBUG] 天天快报 - {"result":{"code":0,"msg":""},"vid":"j1414b9p0dv","video":{"dwr":1,"pic":"http://shp.qpic.cn/qqvideo_ori/0/j1414b9p0dv_496_280/0","pr":1,"title":"揭秘男子找美女约会，女子竟然当众摔狗","vid":"j1414b9p0dv","viewnum":435078}}--==--
[2016-11-25 18:55:49.281] [DEBUG] 天天快报 - {"result":{"code":0,"msg":""},"vid":"l0348ek27q6","video":{"betime":0,"c_danmu":1,"c_danmu_status":1,"competitionid":-1,"ctypeid":60,"ctypename":"母婴","desc":"假如孩子看到自己父母突然变老30岁...更多精彩视频快来关注微信公众号吧。","drm":0,"dwr":1,"matchid":-1,"mut":4,"pay":0,"pic":"http://shp.qpic.cn/qqvideo_ori/0/l0348ek27q6_496_280/0","pr":1,"sec":59,"showr":1,"source":"","tags":[{"tag":"亲子互动"},{"tag":"亲子秀"},{"tag":"父母突然变老"}],"title":"亲子篇不完整版","tot":299,"trailer":0,"uptime":"2016-11-22 19:19:51","viewnum":12069,"voteid":""}}--==--
