[2016-11-28 15:05:37.332] [TRACE] 腾讯视频 - DealWith instantiation ...
[2016-11-28 15:05:37.339] [TRACE] 腾讯视频 - spiderCore instantiation ...
[2016-11-28 15:05:37.341] [TRACE] 腾讯视频 - 启动函数
[2016-11-28 15:05:37.368] [DEBUG] 腾讯视频 - 任务信息数据库连接建立...成功
[2016-11-28 15:05:37.370] [DEBUG] 腾讯视频 - 缓存队列数据库连接建立...成功
[2016-11-28 15:05:37.373] [DEBUG] 腾讯视频 - 创建数据库连接完毕
[2016-11-28 15:05:37.375] [INFO] 腾讯视频 - { p: '4', name: '美食台', id: '0195c9d5fa65e0e3b87401b4530cff9a' }
[2016-11-28 15:05:37.411] [DEBUG] 腾讯视频 - 开始获取视频总数
[2016-11-28 15:05:37.413] [DEBUG] 腾讯视频 - { p: '4',
  name: '美食台',
  id: '0195c9d5fa65e0e3b87401b4530cff9a',
  total: 0 }
[2016-11-28 15:05:37.575] [ERROR] 腾讯视频 - occur error :  { Error: getaddrinfo ENOTFOUND staging.caihongip.com staging.caihongip.com:80
    at errnoException (dns.js:28:10)
    at GetAddrInfoReqWrap.onlookup [as oncomplete] (dns.js:79:26)
  code: 'ENOTFOUND',
  errno: 'ENOTFOUND',
  syscall: 'getaddrinfo',
  hostname: 'staging.caihongip.com',
  host: 'staging.caihongip.com',
  port: 80 }
[2016-11-28 15:05:38.213] [DEBUG] 腾讯视频 - 开始获取第1页视频列表
[2016-11-28 15:05:58.601] [ERROR] 腾讯视频 - occur error :  { Error: connect ETIMEDOUT 100.98.39.12:80
    at Object.exports._errnoException (util.js:1007:11)
    at exports._exceptionWithHostPort (util.js:1030:20)
    at TCPConnectWrap.afterConnect [as oncomplete] (net.js:1080:14)
  code: 'ETIMEDOUT',
  errno: 'ETIMEDOUT',
  syscall: 'connect',
  address: '100.98.39.12',
  port: 80 }
[2016-11-28 15:05:58.606] [INFO] 腾讯视频 - 返回腾讯视频用户 0195c9d5fa65e0e3b87401b4530cff9a 连接服务器失败
[2016-11-28 15:06:22.028] [DEBUG] 腾讯视频 - 开始获取第2页视频列表
