[2016-11-28 20:08:36.942] [TRACE] 腾讯视频 - DealWith instantiation ...
[2016-11-28 20:08:36.950] [TRACE] 腾讯视频 - spiderCore instantiation ...
[2016-11-28 20:08:36.952] [TRACE] 腾讯视频 - 启动函数
[2016-11-28 20:08:36.979] [DEBUG] 腾讯视频 - 任务信息数据库连接建立...成功
[2016-11-28 20:08:36.981] [DEBUG] 腾讯视频 - 缓存队列数据库连接建立...成功
[2016-11-28 20:08:36.983] [DEBUG] 腾讯视频 - 创建数据库连接完毕
[2016-11-28 20:08:36.985] [INFO] 腾讯视频 - { p: '4', id: '02a4a5eb7853f3f1', name: '小苍Estelle', type: '1' }
[2016-11-28 20:08:37.023] [DEBUG] 腾讯视频 - 开始获取视频总数
[2016-11-28 20:08:37.025] [DEBUG] 腾讯视频 - { p: '4',
  id: '02a4a5eb7853f3f1',
  name: '小苍Estelle',
  type: '1',
  total: 0 }
[2016-11-28 20:08:37.251] [ERROR] 腾讯视频 - occur error :  { Error: getaddrinfo ENOTFOUND staging.caihongip.com staging.caihongip.com:80
    at errnoException (dns.js:28:10)
    at GetAddrInfoReqWrap.onlookup [as oncomplete] (dns.js:79:26)
  code: 'ENOTFOUND',
  errno: 'ENOTFOUND',
  syscall: 'getaddrinfo',
  hostname: 'staging.caihongip.com',
  host: 'staging.caihongip.com',
  port: 80 }
[2016-11-28 20:08:37.331] [DEBUG] 腾讯视频 - 开始获取第1页视频列表
[2016-11-28 20:08:38.196] [DEBUG] 腾讯视频 - { code: 0,
  em: 0,
  login_uin: 0,
  msg: '',
  s: 'o',
  v: 
   [ { clarity: 0,
       desc_edit: '',
       desc_video: '本期为大家带了的是秒人秒到爽翻天的英雄——雷恩加尔，随着版本的跟新，相信大家早有耳闻狮子狗的厉害，今天就带大家一起狩猎吧！更多精彩内容敬请关注小苍第一视角。',
       duration: 2850,
       is_fav: false,
       nick: '',
       num_down: 0,
       num_share: 0,
       num_up: 0,
       pic: 'http://vpic.video.qq.com/13483001/v0349jng80l_160_90_3.jpg',
       playcount: 1302097,
       tags_edit: '',
       tags_video: '小苍 狮子狗 第一视角 英雄联盟',
       title_edit: '',
       title_recommend: '小苍第一视角 版本最强打野狮子狗',
       title_video: '【小苍第一视角】版本最强打野狮子狗',
       uin: 4901347,
       uploadtime: 1480071519,
       vid: 'v0349jng80l' } ] }
[2016-11-28 20:08:38.764] [DEBUG] 腾讯视频 - { code: 0,
  em: 0,
  login_uin: 0,
  msg: '',
  s: 'o',
  v: 
   [ { clarity: 0,
       desc_edit: '',
       desc_video: '本次为大家带来的季前赛攻略第一弹，就是本次改动中收益最大的英雄狮子狗。本期还会大家请来了辛巴作为我们的节目嘉宾，各种秒人连招，高端小技巧等你来学。欲知详情，赶紧观看本期视频吧。',
       duration: 1454,
       is_fav: false,
       nick: '',
       num_down: 0,
       num_share: 0,
       num_up: 0,
       pic: 'http://vpic.video.qq.com/35219041/p0349ayz4g2_160_90_3.jpg',
       playcount: 1215999,
       tags_edit: '',
       tags_video: '小苍 神探苍 狮子狗 国服第一 s7',
       title_edit: '',
       title_recommend: '神探苍教你玩：国服第一狮子狗教你刀刀秒人',
       title_video: '【神探苍教你玩】国服第一狮子狗教你刀刀秒人',
       uin: 4901347,
       uploadtime: 1479970578,
       vid: 'p0349ayz4g2' } ] }
[2016-11-28 20:08:39.319] [DEBUG] 腾讯视频 - { code: 0,
  em: 0,
  login_uin: 0,
  msg: '',
  s: 'o',
  v: 
   [ { clarity: 0,
       desc_edit: '',
       desc_video: '本期给大家带来的是打野AP小丑，随着季前赛的到来，野区发生了巨大变化，那到底谁能制霸野区呢，敬请关注本期第一视角，带给你不一样的隐藏BOSS!',
       duration: 2673,
       is_fav: false,
       nick: '',
       num_down: 0,
       num_share: 0,
       num_up: 0,
       pic: 'http://vpic.video.qq.com/63911214/s0347vbpckw_160_90_3.jpg',
       playcount: 1480933,
       tags_edit: '',
       tags_video: '小苍 s7 lol 上分利器 小丑',
       title_edit: '',
       title_recommend: '【小苍第一视角】季前赛隐藏大BOSS无限超神小丑',
       title_video: '【小苍第一视角】季前赛隐藏大BOSS无限超神小丑',
       uin: 4901347,
       uploadtime: 1479543682,
       vid: 's0347vbpckw' } ] }
[2016-11-28 20:08:39.862] [DEBUG] 腾讯视频 - { code: 0,
  em: 0,
  login_uin: 0,
  msg: '',
  s: 'o',
  v: 
   [ { clarity: 0,
       desc_edit: '',
       desc_video: '英雄联盟日新月异，马上就迎来S7季前赛啦！此次季前赛都更新了些什么呢？有哪些好玩又有意思的新玩法等待我们发掘呢？英雄的改动又到底都改了些什么？不知道的小伙伴，还不赶紧跟着神探苍好好探究一番？',
       duration: 1188,
       is_fav: false,
       nick: '',
       num_down: 0,
       num_share: 0,
       num_up: 0,
       pic: 'http://vpic.video.qq.com/88154935/e03463do294_160_90_3.jpg',
       playcount: 1839269,
       tags_edit: '',
       tags_video: 'lol 小苍 神探苍 s7 季前赛',
       title_edit: '',
       title_recommend: '【神探苍教你玩】S7季前赛强势来袭',
       title_video: '【神探苍教你玩】S7季前赛强势来袭',
       uin: 4901347,
       uploadtime: 1479190160,
       vid: 'e03463do294' } ] }
