[2016-11-25 13:18:30.097] [TRACE] 腾讯视频 - DealWith instantiation ...
[2016-11-25 13:18:30.104] [TRACE] 腾讯视频 - spiderCore instantiation ...
[2016-11-25 13:18:30.106] [TRACE] 腾讯视频 - 启动函数
[2016-11-25 13:18:30.135] [DEBUG] 腾讯视频 - 任务信息数据库连接建立...成功
[2016-11-25 13:18:30.137] [DEBUG] 腾讯视频 - 缓存队列数据库连接建立...成功
[2016-11-25 13:18:30.140] [DEBUG] 腾讯视频 - 创建数据库连接完毕
[2016-11-25 13:18:30.142] [INFO] 腾讯视频 - { p: '4', name: '美食台', id: '0195c9d5fa65e0e3b87401b4530cff9a' }
[2016-11-25 13:18:30.182] [DEBUG] 腾讯视频 - 开始获取视频总数
[2016-11-25 13:18:30.814] [DEBUG] 腾讯视频 - { euin: '0195c9d5fa65e0e3b87401b4530cff9a',
  s: 'o',
  videolst: 
   [ { ctime: '1970-01-01 08:00:00',
       cull: 0,
       desc: '这只叫獴的小动物被雄狮抓到，凭着坚强意志反击最终战胜狮子',
       duration: '02:34',
       pic: 'http://vpic.video.qq.com/82643625/g034981m5wp_160_90_3.jpg',
       play_count: '6816',
       title: '这只叫獴的小动物被雄狮抓到，凭着坚强意志反击最终战胜狮子',
       title_s: '这只叫獴的小动物被雄狮抓到，凭着坚强意志反击最终战胜狮子',
       uploadtime: '16小时前',
       url: 'http://v.qq.com/page/g/w/p/g034981m5wp.html',
       vid: 'g034981m5wp' },
     { ctime: '1970-01-01 08:00:00',
       cull: 0,
       desc: '这只花豹逆天了！半小时就捕到15条大鱼，打破动物世界记录',
       duration: '01:23',
       pic: 'http://vpic.video.qq.com/42968190/b0349o5y35g_160_90_3.jpg',
       play_count: '3189',
       title: '这只花豹逆天了！半小时就捕到15条大鱼，打破动物世界记录',
       title_s: '这只花豹逆天了！半小时就捕到15条大鱼，打破动物世界记录',
       uploadtime: '2016-11-23',
       url: 'http://v.qq.com/page/b/5/g/b0349o5y35g.html',
       vid: 'b0349o5y35g' },
     { ctime: '1970-01-01 08:00:00',
       cull: 0,
       desc: '一条4米长巨型鳄鱼爬上岸吓哭幼狮，惨遭12只狮子围殴',
       duration: '02:16',
       pic: 'http://vpic.video.qq.com/68817858/n0349ydc7y4_160_90_3.jpg',
       play_count: '2347',
       title: '一条4米长巨型鳄鱼爬上岸吓哭幼狮，惨遭12只狮子围殴',
       title_s: '一条4米长巨型鳄鱼爬上岸吓哭幼狮，惨遭12只狮子围殴',
       uploadtime: '2016-11-23',
       url: 'http://v.qq.com/page/n/y/4/n0349ydc7y4.html',
       vid: 'n0349ydc7y4' },
     { ctime: '1970-01-01 08:00:00',
       cull: 0,
       desc: '狮王把12只成年雄狮赶出领地去闯荡，残酷洗礼后剩3只将成王',
       duration: '06:18',
       pic: 'http://vpic.video.qq.com/65570526/w0349jvidu5_160_90_3.jpg',
       play_count: '1723',
       title: '狮王把12只成年雄狮赶出领地去闯荡，残酷洗礼后剩3只将成王',
       title_s: '狮王把12只成年雄狮赶出领地去闯荡，残酷洗礼后剩3只将成王',
       uploadtime: '2016-11-23',
       url: 'http://v.qq.com/page/w/u/5/w0349jvidu5.html',
       vid: 'w0349jvidu5' },
     { ctime: '1970-01-01 08:00:00',
       cull: 0,
       desc: '能否绝地逢生？一头水牛遭15只狮子赶进水里，水里又有大鳄鱼',
       duration: '03:28',
       pic: 'http://vpic.video.qq.com/11158225/v0349v303gx_160_90_3.jpg',
       play_count: '850',
       title: '能否绝地逢生？一头水牛遭15只狮子赶进水里，水里又有大鳄鱼',
       title_s: '能否绝地逢生？一头水牛遭15只狮子赶进水里，水里又有大鳄鱼',
       uploadtime: '2016-11-23',
       url: 'http://v.qq.com/page/v/g/x/v0349v303gx.html',
       vid: 'v0349v303gx' },
     { ctime: '1970-01-01 08:00:00',
       cull: 0,
       desc: '雄狮看着曾经的家人，被狂暴水牛奋力一击干掉，开心还是难过？',
       duration: '03:23',
       pic: 'http://vpic.video.qq.com/2370826/k0349o7v0to_160_90_3.jpg',
       play_count: '5180',
       title: '雄狮看着曾经的家人，被狂暴水牛奋力一击干掉，心里是何感想？',
       title_s: '雄狮看着曾经的家人，被狂暴水牛奋力一击干掉，心里是何感想？',
       uploadtime: '2016-11-23',
       url: 'http://v.qq.com/page/k/t/o/k0349o7v0to.html',
       vid: 'k0349o7v0to' },
     { ctime: '1970-01-01 08:00:00',
       cull: 0,
       desc: '花豹完美伪装在草丛，飞羚狂奔过来它纵身一跃堪称经典',
       duration: '01:20',
       pic: 'http://vpic.video.qq.com/68672861/k0348qzw6uv_160_90_3.jpg',
       play_count: '5857',
       title: '花豹完美伪装在草丛，飞羚狂奔过来它纵身一跃堪称经典',
       title_s: '花豹完美伪装在草丛，飞羚狂奔过来它纵身一跃堪称经典',
       uploadtime: '2016-11-22',
       url: 'http://v.qq.com/page/k/u/v/k0348qzw6uv.html',
       vid: 'k0348qzw6uv' },
     { ctime: '1970-01-01 08:00:00',
       cull: 0,
       desc: '三头灰公熊为争地盘和雌灰熊，相约一起大战500回合！',
       duration: '03:03',
       pic: 'http://vpic.video.qq.com/10242239/e0348vp0zqj_160_90_3.jpg',
       play_count: '1625',
       title: '三头灰公熊为争地盘和雌灰熊，相约一起大战500回合！',
       title_s: '三头灰公熊为争地盘和雌灰熊，相约一起大战500回合！',
       uploadtime: '2016-11-22',
       url: 'http://v.qq.com/page/e/q/j/e0348vp0zqj.html',
       vid: 'e0348vp0zqj' },
     { ctime: '1970-01-01 08:00:00',
       cull: 0,
       desc: '狡猾的鬣狗想偷吃野狗幼仔，野狗群回来后让它屁股开花',
       duration: '02:09',
       pic: 'http://vpic.video.qq.com/76098742/l0348h68ytx_160_90_3.jpg',
       play_count: '3137',
       title: '狡猾的鬣狗想偷吃野狗幼仔，野狗群回来后让它屁股开花',
       title_s: '狡猾的鬣狗想偷吃野狗幼仔，野狗群回来后让它屁股开花',
       uploadtime: '2016-11-22',
       url: 'http://v.qq.com/page/l/t/x/l0348h68ytx.html',
       vid: 'l0348h68ytx' },
     { ctime: '1970-01-01 08:00:00',
       cull: 0,
       desc: '水牛与狮子之战：小水牛被狮群捉3次，牛群相救3次也没能逃脱',
       duration: '04:08',
       pic: 'http://vpic.video.qq.com/86872507/v0348sz9nrp_160_90_3.jpg',
       play_count: '2405',
       title: '水牛与狮子之战：小水牛被狮群捉3次，牛群相救3次也没能逃脱',
       title_s: '水牛与狮子之战：小水牛被狮群捉3次，牛群相救3次也没能逃脱',
       uploadtime: '2016-11-22',
       url: 'http://v.qq.com/page/v/r/p/v0348sz9nrp.html',
       vid: 'v0348sz9nrp' },
     { ctime: '1970-01-01 08:00:00',
       cull: 0,
       desc: '一头狮子大战600公斤水牛3小时 就要成功突然杀出个大家伙',
       duration: '03:23',
       pic: 'http://vpic.video.qq.com/36628508/q0347mfsl2y_160_90_3.jpg',
       play_count: '4082',
       title: '一头狮子大战600公斤水牛3小时 就要成功突然杀出个大家伙',
       title_s: '一头狮子大战600公斤水牛3小时 就要成功突然杀出个大家伙',
       uploadtime: '2016-11-20',
       url: 'http://v.qq.com/page/q/2/y/q0347mfsl2y.html',
       vid: 'q0347mfsl2y' },
     { ctime: '1970-01-01 08:00:00',
       cull: 0,
       desc: '狂暴水牛群对狮群的一次报复，水牛首领给狮王致命一击！',
       duration: '03:16',
       pic: 'http://vpic.video.qq.com/45844674/m0347f6qqgb_160_90_3.jpg',
       play_count: '6242',
       title: '狂暴水牛群对狮群的一次报复，水牛首领给狮王致命一击！',
       title_s: '狂暴水牛群对狮群的一次报复，水牛首领给狮王致命一击！',
       uploadtime: '2016-11-20',
       url: 'http://v.qq.com/page/m/g/b/m0347f6qqgb.html',
       vid: 'm0347f6qqgb' },
     { ctime: '1970-01-01 08:00:00',
       cull: 0,
       desc: '超级狮群为捕杀800公斤巨型水牛，18只都上雄狮王亲自打头阵',
       duration: '02:17',
       pic: 'http://vpic.video.qq.com/90160755/z03472kdaqx_160_90_3.jpg',
       play_count: '1.8万',
       title: '超级狮群为捕杀800公斤巨型水牛，18只都上雄狮王亲自打头阵',
       title_s: '超级狮群为捕杀800公斤巨型水牛，18只都上雄狮王亲自打头阵',
       uploadtime: '2016-11-20',
       url: 'http://v.qq.com/page/z/q/x/z03472kdaqx.html',
       vid: 'z03472kdaqx' },
     { ctime: '1970-01-01 08:00:00',
       cull: 0,
       desc: '弱小雄驯鹿只能看着，强壮驯鹿把500公斤身躯抬到雌驯鹿身上',
       duration: '01:39',
       pic: 'http://vpic.video.qq.com/72639054/v0347nfgwio_160_90_3.jpg',
       play_count: '3674',
       title: '弱小雄驯鹿只能看着，强壮驯鹿把500公斤身躯抬到雌驯鹿身上',
       title_s: '弱小雄驯鹿只能看着，强壮驯鹿把500公斤身躯抬到雌驯鹿身上',
       uploadtime: '2016-11-20',
       url: 'http://v.qq.com/page/v/i/o/v0347nfgwio.html',
       vid: 'v0347nfgwio' },
     { ctime: '1970-01-01 08:00:00',
       cull: 0,
       desc: '700公斤水牛战两千公斤白犀牛，犀牛使出致命一击想救已来不及',
       duration: '02:17',
       pic: 'http://vpic.video.qq.com/36596704/j0347to0neb_160_90_3.jpg',
       play_count: '3499',
       title: '700公斤水牛战两千公斤白犀牛，犀牛使出致命一击想救已来不及',
       title_s: '700公斤水牛战两千公斤白犀牛，犀牛使出致命一击想救已来不及',
       uploadtime: '2016-11-20',
       url: 'http://v.qq.com/page/j/e/b/j0347to0neb.html',
       vid: 'j0347to0neb' },
     { ctime: '1970-01-01 08:00:00',
       cull: 0,
       desc: '大鳄鱼咬住一只过河的角马，河马看见出手相助一招把大鳄鱼干倒',
       duration: '02:44',
       pic: 'http://vpic.video.qq.com/80255582/d0347iyixrw_160_90_3.jpg',
       play_count: '24.3万',
       title: '大鳄鱼咬住一只过河的角马，河马看见出手相助一招把大鳄鱼干倒',
       title_s: '大鳄鱼咬住一只过河的角马，河马看见出手相助一招把大鳄鱼干倒',
       uploadtime: '2016-11-19',
       url: 'http://v.qq.com/page/d/r/w/d0347iyixrw.html',
       vid: 'd0347iyixrw' },
     { ctime: '1970-01-01 08:00:00',
       cull: 0,
       desc: '两只雄性高角羚为了雌性在干架，没想一只花豹突然在草丛冲出来',
       duration: '02:09',
       pic: 'http://vpic.video.qq.com/12727173/o0347vk8eq9_160_90_3.jpg',
       play_count: '1.2万',
       title: '两只雄性高角羚为争雌性在干架，一只花豹突然在草丛冲出来',
       title_s: '两只雄性高角羚为争雌性在干架，一只花豹突然在草丛冲出来',
       uploadtime: '2016-11-18',
       url: 'http://v.qq.com/page/o/q/9/o0347vk8eq9.html',
       vid: 'o0347vk8eq9' },
     { ctime: '1970-01-01 08:00:00',
       cull: 0,
       desc: '猎犬群早上起来亲密一番，狩猎行动开始！',
       duration: '03:54',
       pic: 'http://vpic.video.qq.com/76930081/x0347k5dq15_160_90_3.jpg',
       play_count: '7904',
       title: '猎犬群早上起来亲密一番，狩猎行动开始！',
       title_s: '猎犬群早上起来亲密一番，狩猎行动开始！',
       uploadtime: '2016-11-18',
       url: 'http://v.qq.com/page/x/1/5/x0347k5dq15.html',
       vid: 'x0347k5dq15' },
     { ctime: '1970-01-01 08:00:00',
       cull: 0,
       desc: '150万只企鹅在这片岛屿，上演动物世界最温馨感人的一幕',
       duration: '07:45',
       pic: 'http://vpic.video.qq.com/58302301/f03471ptibi_160_90_3.jpg',
       play_count: '3.0万',
       title: '150万只企鹅在这片岛屿，上演动物世界最温馨感人的一幕',
       title_s: '150万只企鹅在这片岛屿，上演动物世界最温馨感人的一幕',
       uploadtime: '2016-11-18',
       url: 'http://v.qq.com/page/f/b/i/f03471ptibi.html',
       vid: 'f03471ptibi' },
     { ctime: '1970-01-01 08:00:00',
       cull: 0,
       desc: '惨败狮王投奔曾经雄狮群，得到接纳后却对幼狮痛下杀手',
       duration: '03:59',
       pic: 'http://vpic.video.qq.com/98726486/m0347hunvrh_160_90_3.jpg',
       play_count: '3190',
       title: '惨败狮王投奔曾经雄狮群，得到接纳后却对兄弟的幼狮痛下杀手',
       title_s: '惨败狮王投奔曾经雄狮群，得到接纳后却对兄弟的幼狮痛下杀手',
       uploadtime: '2016-11-18',
       url: 'http://v.qq.com/page/m/r/h/m0347hunvrh.html',
       vid: 'm0347hunvrh' },
     { ctime: '1970-01-01 08:00:00',
       cull: 0,
       desc: '刚出生海鬣蜥准备寻找父母，周围已经布满几万条饥饿海蛇',
       duration: '05:43',
       pic: 'http://vpic.video.qq.com/56739909/i0347pyq2rp_160_90_3.jpg',
       play_count: '9976',
       title: '刚出生海鬣蜥准备寻找父母，周围已经布满几万条饥饿海蛇',
       title_s: '刚出生海鬣蜥准备寻找父母，周围已经布满几万条饥饿海蛇',
       uploadtime: '2016-11-17',
       url: 'http://v.qq.com/page/i/r/p/i0347pyq2rp.html',
       vid: 'i0347pyq2rp' },
     { ctime: '1970-01-01 08:00:00',
       cull: 0,
       desc: '鬣狗群捕杀落单小野牛，活生生的咬死',
       duration: '02:19',
       pic: 'http://vpic.video.qq.com/59173536/f03471qkqck_160_90_3.jpg',
       play_count: '6346',
       title: '鬣狗群捕杀落单小野牛，活生生的咬死',
       title_s: '鬣狗群捕杀落单小野牛，活生生的咬死',
       uploadtime: '2016-11-17',
       url: 'http://v.qq.com/page/f/c/k/f03471qkqck.html',
       vid: 'f03471qkqck' },
     { ctime: '1970-01-01 08:00:00',
       cull: 0,
       desc: '灰毛鬣狗群找到斑马尸体，红毛鬣狗群随后赶到，激烈大战要开始',
       duration: '02:40',
       pic: 'http://vpic.video.qq.com/41901007/l034693j7py_160_90_3.jpg',
       play_count: '2.7万',
       title: '灰毛鬣狗群找到斑马尸体，红毛鬣狗群随后赶到，激烈大战开始',
       title_s: '灰毛鬣狗群找到斑马尸体，红毛鬣狗群随后赶到，激烈大战开始',
       uploadtime: '2016-11-16',
       url: 'http://v.qq.com/page/l/p/y/l034693j7py.html',
       vid: 'l034693j7py' },
     { ctime: '1970-01-01 08:00:00',
       cull: 0,
       desc: '草原上最强大的雄狮军团，6只雄狮捕水牛杀河马猎犀牛食长颈鹿',
       duration: '04:28',
       pic: 'http://vpic.video.qq.com/41232012/o0346n1kkqj_160_90_3.jpg',
       play_count: '2.0万',
       title: '6只雄狮组成的雄狮联盟称霸草原，捕水牛杀河马猎犀牛食长颈鹿',
       title_s: '6只雄狮组成的雄狮联盟称霸草原，捕水牛杀河马猎犀牛食长颈鹿',
       uploadtime: '2016-11-16',
       url: 'http://v.qq.com/page/o/q/j/o0346n1kkqj.html',
       vid: 'o0346n1kkqj' },
     { ctime: '1970-01-01 08:00:00',
       cull: 0,
       desc: '2头雄狮合力杀死5只流浪雄狮的一只，其他4只知道后回来复仇',
       duration: '09:31',
       pic: 'http://vpic.video.qq.com/7309666/g03464dpi5h_160_90_3.jpg',
       play_count: '1.5万',
       title: '2头雄狮合力杀死5只流浪雄狮的一只，其他4只知道后回来复仇',
       title_s: '2头雄狮合力杀死5只流浪雄狮的一只，其他4只知道后回来复仇',
       uploadtime: '2016-11-16',
       url: 'http://v.qq.com/page/g/5/h/g03464dpi5h.html',
       vid: 'g03464dpi5h' } ],
  vtotal: 170 }
[2016-11-25 13:18:30.919] [DEBUG] 腾讯视频 - 开始获取第1页视频列表
[2016-11-25 13:18:31.181] [ERROR] 腾讯视频 - occur error :  { Error: getaddrinfo ENOTFOUND staging.caihongip.com staging.caihongip.com:80
    at errnoException (dns.js:28:10)
    at GetAddrInfoReqWrap.onlookup [as oncomplete] (dns.js:79:26)
  code: 'ENOTFOUND',
  errno: 'ENOTFOUND',
  syscall: 'getaddrinfo',
  hostname: 'staging.caihongip.com',
  host: 'staging.caihongip.com',
  port: 80 }
[2016-11-25 13:18:31.467] [DEBUG] 腾讯视频 - 腾讯视频 g034981m5wp 加入缓存队列
[2016-11-25 13:18:31.807] [DEBUG] 腾讯视频 - 腾讯视频 b0349o5y35g 加入缓存队列
[2016-11-25 13:18:32.147] [DEBUG] 腾讯视频 - 腾讯视频 n0349ydc7y4 加入缓存队列
[2016-11-25 13:18:32.523] [DEBUG] 腾讯视频 - 腾讯视频 w0349jvidu5 加入缓存队列
[2016-11-25 13:18:32.895] [DEBUG] 腾讯视频 - 腾讯视频 v0349v303gx 加入缓存队列
[2016-11-25 13:18:33.241] [DEBUG] 腾讯视频 - 腾讯视频 k0349o7v0to 加入缓存队列
[2016-11-25 13:18:36.617] [DEBUG] 腾讯视频 - 腾讯视频 k0348qzw6uv 加入缓存队列
