[2016-11-25 12:54:15.376] [TRACE] 腾讯视频 - DealWith instantiation ...
[2016-11-25 12:54:15.403] [TRACE] 腾讯视频 - spiderCore instantiation ...
[2016-11-25 12:54:15.406] [TRACE] 腾讯视频 - 启动函数
[2016-11-25 12:54:15.462] [DEBUG] 腾讯视频 - 任务信息数据库连接建立...成功
[2016-11-25 12:54:15.467] [DEBUG] 腾讯视频 - 缓存队列数据库连接建立...成功
[2016-11-25 12:54:15.480] [DEBUG] 腾讯视频 - 创建数据库连接完毕
[2016-11-25 12:54:15.494] [TRACE] 腾讯视频 - Queue get ready
[2016-11-25 12:54:15.601] [TRACE] 腾讯视频 - Get tencent task!
[2016-11-25 12:54:15.604] [INFO] 腾讯视频 - { id: '4ce05375be8f7e18def1e7c7ee68744c',
  p: '4',
  name: '血舞Crazy',
  type: '1' }
[2016-11-25 12:54:15.694] [DEBUG] 腾讯视频 - 开始获取视频总数
[2016-11-25 12:54:15.701] [TRACE] 腾讯视频 - Get tencent task!
[2016-11-25 12:54:15.710] [INFO] 腾讯视频 - { id: '30aa2a3f85f4ac060f8cf579b9d6066f',
  p: '4',
  name: '迷迭香Rosemary',
  type: '1' }
[2016-11-25 12:54:15.714] [DEBUG] 腾讯视频 - 开始获取视频总数
[2016-11-25 12:54:15.719] [TRACE] 腾讯视频 - Get tencent task!
[2016-11-25 12:54:15.721] [INFO] 腾讯视频 - { id: '6acb1e41b183289c9fcf6a40cd1fae90',
  p: '4',
  name: '一色神技能',
  type: '1' }
[2016-11-25 12:54:15.725] [DEBUG] 腾讯视频 - 开始获取视频总数
[2016-11-25 12:54:15.728] [TRACE] 腾讯视频 - Get tencent task!
[2016-11-25 12:54:15.732] [INFO] 腾讯视频 - { id: 'e4d4e81b9889b3cc0905ea2aaa949e12',
  p: '4',
  name: '野心',
  type: '1' }
[2016-11-25 12:54:15.745] [DEBUG] 腾讯视频 - 开始获取视频总数
[2016-11-25 12:54:15.751] [TRACE] 腾讯视频 - Get tencent task!
[2016-11-25 12:54:15.753] [INFO] 腾讯视频 - { id: '5ecf4e71e28e0edeced49e3d6d74a98f',
  p: '4',
  name: '陈翔六点半',
  type: '1' }
[2016-11-25 12:54:15.759] [DEBUG] 腾讯视频 - 开始获取视频总数
[2016-11-25 12:54:15.782] [TRACE] 腾讯视频 - Get tencent task!
[2016-11-25 12:54:15.789] [INFO] 腾讯视频 - { id: '93dc16169d130947a25e9827b38c171e',
  p: '4',
  name: '欧子直译',
  type: '1' }
[2016-11-25 12:54:15.798] [DEBUG] 腾讯视频 - 开始获取视频总数
[2016-11-25 12:54:15.806] [TRACE] 腾讯视频 - Get tencent task!
[2016-11-25 12:54:15.812] [INFO] 腾讯视频 - { id: '35efb1ef480d75789d05fe0ddce931ef',
  p: '4',
  name: '小罗恶搞',
  type: '1' }
[2016-11-25 12:54:15.816] [DEBUG] 腾讯视频 - 开始获取视频总数
[2016-11-25 12:54:15.820] [TRACE] 腾讯视频 - Get tencent task!
[2016-11-25 12:54:15.823] [INFO] 腾讯视频 - { id: 'ffe6ce7661d3b84e5d9ec4604703c74d',
  p: '4',
  name: '一条视频',
  type: '1' }
[2016-11-25 12:54:15.829] [DEBUG] 腾讯视频 - 开始获取视频总数
[2016-11-25 12:54:15.835] [TRACE] 腾讯视频 - Get tencent task!
[2016-11-25 12:54:15.843] [INFO] 腾讯视频 - { id: '08b201823b3efc7e96962a4dfc480440',
  p: '4',
  name: '橙果医生',
  type: '1' }
[2016-11-25 12:54:15.852] [DEBUG] 腾讯视频 - 开始获取视频总数
[2016-11-25 12:54:16.109] [DEBUG] 腾讯视频 - { euin: '5ecf4e71e28e0edeced49e3d6d74a98f',
  s: 'o',
  videolst: 
   [ { ctime: '1970-01-01 08:00:00',
       cull: 0,
       desc: '加班的故事',
       duration: '01:06',
       pic: 'http://vpic.video.qq.com/45226848/n0349xqel71_160_90_3.jpg',
       play_count: '1.6万',
       title: '空间加班的故事',
       title_s: '空间加班的故事',
       uploadtime: '1小时前',
       url: 'http://v.qq.com/page/n/7/1/n0349xqel71.html',
       vid: 'n0349xqel71' },
     { ctime: '1970-01-01 08:00:00',
       cull: 0,
       desc: '随着社会的发展，时间对我们来说越来越重要了',
       duration: '01:06',
       pic: 'http://vpic.video.qq.com/82241326/l03493150vs_160_90_3.jpg',
       play_count: '1.5万',
       title: '苦逼的加班狗',
       title_s: '苦逼的加班狗',
       uploadtime: '2小时前',
       url: 'http://v.qq.com/page/l/v/s/l03493150vs.html',
       vid: 'l03493150vs' },
     { ctime: '1970-01-01 08:00:00',
       cull: 0,
       desc: '爷爷讲故事',
       duration: '02:31',
       pic: 'http://vpic.video.qq.com/7975499/h034902ewc2_160_90_3.jpg',
       play_count: '265.6万',
       title: '空间爷爷讲故事',
       title_s: '空间爷爷讲故事',
       uploadtime: '19小时前',
       url: 'http://v.qq.com/page/h/c/2/h034902ewc2.html',
       vid: 'h034902ewc2' },
     { ctime: '1970-01-01 08:00:00',
       cull: 0,
       desc: '故事的温馨结局！',
       duration: '02:32',
       pic: 'http://vpic.video.qq.com/24446093/d0349hun0j4_160_90_3.jpg',
       play_count: '14.5万',
       title: 'Q在病房里听故事！',
       title_s: 'Q在病房里听故事！',
       uploadtime: '19小时前',
       url: 'http://v.qq.com/page/d/j/4/d0349hun0j4.html',
       vid: 'd0349hun0j4' },
     { ctime: '1970-01-01 08:00:00',
       cull: 0,
       desc: '感恩节的感恩故事！',
       duration: '02:56',
       pic: 'http://vpic.video.qq.com/45702969/u0349gcia6j_160_90_3.jpg',
       play_count: '2566',
       title: '美一个老头讲故事！',
       title_s: '美一个老头讲故事！',
       uploadtime: '19小时前',
       url: 'http://v.qq.com/page/u/6/j/u0349gcia6j.html',
       vid: 'u0349gcia6j' },
     { ctime: '1970-01-01 08:00:00',
       cull: 0,
       desc: '一个不会发笑的冷笑话！',
       duration: '01:13',
       pic: 'http://vpic.video.qq.com/91818268/m03488dx26d_160_90_3.jpg',
       play_count: '22.3万',
       title: 'Q陌生男子的冷笑话！',
       title_s: 'Q陌生男子的冷笑话！',
       uploadtime: '2016-11-23',
       url: 'http://v.qq.com/page/m/6/d/m03488dx26d.html',
       vid: 'm03488dx26d' },
     { ctime: '1970-01-01 08:00:00',
       cull: 0,
       desc: '讲笑话其实是个故事！',
       duration: '01:12',
       pic: 'http://vpic.video.qq.com/67574025/p0348ticcwp_160_90_3.jpg',
       play_count: '1.6万',
       title: '美三年的爱情故事！',
       title_s: '美三年的爱情故事！',
       uploadtime: '2016-11-23',
       url: 'http://v.qq.com/page/p/w/p/p0348ticcwp.html',
       vid: 'p0348ticcwp' },
     { ctime: '1970-01-01 08:00:00',
       cull: 0,
       desc: '失恋的故事',
       duration: '01:12',
       pic: 'http://vpic.video.qq.com/843262/x0348jmhj5y_160_90_3.jpg',
       play_count: '391.9万',
       title: '空间失恋的故事',
       title_s: '空间失恋的故事',
       uploadtime: '2016-11-23',
       url: 'http://v.qq.com/page/x/5/y/x0348jmhj5y.html',
       vid: 'x0348jmhj5y' },
     { ctime: '1970-01-01 08:00:00',
       cull: 0,
       desc: '结婚的钱爸爸出！',
       duration: '02:19',
       pic: 'http://vpic.video.qq.com/64260038/s0348sz3sap_160_90_3.jpg',
       play_count: '8789',
       title: 'Q爸爸催我结婚！',
       title_s: 'Q爸爸催我结婚！',
       uploadtime: '2016-11-23',
       url: 'http://v.qq.com/page/s/a/p/s0348sz3sap.html',
       vid: 's0348sz3sap' },
     { ctime: '1970-01-01 08:00:00',
       cull: 0,
       desc: '',
       duration: '02:18',
       pic: 'http://vpic.video.qq.com/50720526/g1414bmfhuk_160_90_3.jpg',
       play_count: '510.7万',
       title: '【陈翔六点半】最划算的经济适用爹！请点击我们的头像关注哟！',
       title_s: '【陈翔六点半】最划算的经济适用爹！请点击我们的头像关注哟！',
       uploadtime: '2016-11-22',
       url: 'http://v.qq.com/page/g/u/k/g1414bmfhuk.html',
       vid: 'g1414bmfhuk' },
     { ctime: '1970-01-01 08:00:00',
       cull: 0,
       desc: '结婚的故事',
       duration: '02:18',
       pic: 'http://vpic.video.qq.com/64588291/u0348gphdk1_160_90_3.jpg',
       play_count: '1.8万',
       title: '美拍结婚的故事',
       title_s: '美拍结婚的故事',
       uploadtime: '2016-11-22',
       url: 'http://v.qq.com/page/u/k/1/u0348gphdk1.html',
       vid: 'u0348gphdk1' },
     { ctime: '1970-01-01 08:00:00',
       cull: 0,
       desc: '爱情的心思太甜蜜，现实却让你苦逼！年轻男女多无聊，整日活在对爱的希望中，真情多被苦情扰，奈何机会太稀少！谁知造化弄人，小事故促成两人相遇，甜美邂逅擦出火花，谁知现实太奇葩！相互嫌弃终结爱，宛如美女为钱下嫁土豪！却被误终生！',
       duration: '09:41',
       pic: 'http://vpic.video.qq.com/79476510/o0348e7x8oe_160_90_3.jpg',
       play_count: '22.7万',
       title: '《陈翔六点半》第78集 土豪身患重病耽误妻子终生！',
       title_s: '《陈翔六点半》第78集 土豪身患重病耽误妻子终生！',
       uploadtime: '2016-11-22',
       url: 'http://v.qq.com/page/o/o/e/o0348e7x8oe.html',
       vid: 'o0348e7x8oe' },
     { ctime: '1970-01-01 08:00:00',
       cull: 0,
       desc: '煤气的故事',
       duration: '00:52',
       pic: 'http://vpic.video.qq.com/73957901/c0348g4csz0_160_90_3.jpg',
       play_count: '304.5万',
       title: '空间煤气的故事',
       title_s: '空间煤气的故事',
       uploadtime: '2016-11-22',
       url: 'http://v.qq.com/page/c/z/0/c0348g4csz0.html',
       vid: 'c0348g4csz0' },
     { ctime: '1970-01-01 08:00:00',
       cull: 0,
       desc: '危险无处不在',
       duration: '00:52',
       pic: 'http://vpic.video.qq.com/12803255/w0348nkq6fk_160_90_3.jpg',
       play_count: '7.9万',
       title: '珍爱生命，远离煤气',
       title_s: '珍爱生命，远离煤气',
       uploadtime: '2016-11-22',
       url: 'http://v.qq.com/page/w/f/k/w0348nkq6fk.html',
       vid: 'w0348nkq6fk' },
     { ctime: '1970-01-01 08:00:00',
       cull: 0,
       desc: '森林探险',
       duration: '07:29',
       pic: 'http://vpic.video.qq.com/44085766/c0348bm1wsj_160_90_3.jpg',
       play_count: '672.9万',
       title: '空间森林探险',
       title_s: '空间森林探险',
       uploadtime: '2016-11-21',
       url: 'http://v.qq.com/page/c/s/j/c0348bm1wsj.html',
       vid: 'c0348bm1wsj' },
     { ctime: '1970-01-01 08:00:00',
       cull: 0,
       desc: '男朋友的骗局真是坏！',
       duration: '07:29',
       pic: 'http://vpic.video.qq.com/50631567/j03485cqfts_160_90_3.jpg',
       play_count: '142.5万',
       title: '美情侣探险到森林！',
       title_s: '美情侣探险到森林！',
       uploadtime: '2016-11-21',
       url: 'http://v.qq.com/page/j/t/s/j03485cqfts.html',
       vid: 'j03485cqfts' },
     { ctime: '1970-01-01 08:00:00',
       cull: 0,
       desc: '治疗眼睛的收获！',
       duration: '02:07',
       pic: 'http://vpic.video.qq.com/72818657/h0347hc0om4_160_90_3.jpg',
       play_count: '31.9万',
       title: 'Q路边买药治疗！',
       title_s: 'Q路边买药治疗！',
       uploadtime: '2016-11-20',
       url: 'http://v.qq.com/page/h/m/4/h0347hc0om4.html',
       vid: 'h0347hc0om4' },
     { ctime: '1970-01-01 08:00:00',
       cull: 0,
       desc: '眼药水的故事',
       duration: '01:43',
       pic: 'http://vpic.video.qq.com/34058123/k0347m349ly_160_90_3.jpg',
       play_count: '594.2万',
       title: '空间眼药水的故事',
       title_s: '空间眼药水的故事',
       uploadtime: '2016-11-20',
       url: 'http://v.qq.com/page/k/l/y/k0347m349ly.html',
       vid: 'k0347m349ly' },
     { ctime: '1970-01-01 08:00:00',
       cull: 0,
       desc: '眼药水的故事',
       duration: '02:06',
       pic: 'http://vpic.video.qq.com/61541540/a0347f87bdz_160_90_3.jpg',
       play_count: '4.0万',
       title: '美眼药水的故事',
       title_s: '美眼药水的故事',
       uploadtime: '2016-11-20',
       url: 'http://v.qq.com/page/a/d/z/a0347f87bdz.html',
       vid: 'a0347f87bdz' },
     { ctime: '1970-01-01 08:00:00',
       cull: 0,
       desc: '考试的故事',
       duration: '00:57',
       pic: 'http://vpic.video.qq.com/81388079/y0347j6br3a_160_90_3.jpg',
       play_count: '943.5万',
       title: '空间考试的故事',
       title_s: '空间考试的故事',
       uploadtime: '2016-11-19',
       url: 'http://v.qq.com/page/y/3/a/y0347j6br3a.html',
       vid: 'y0347j6br3a' },
     { ctime: '1970-01-01 08:00:00',
       cull: 0,
       desc: '考试成绩的对比之道！',
       duration: '00:58',
       pic: 'http://vpic.video.qq.com/95963352/n0347oir7g4_160_90_3.jpg',
       play_count: '50.4万',
       title: 'Q同学安慰我成绩！',
       title_s: 'Q同学安慰我成绩！',
       uploadtime: '2016-11-19',
       url: 'http://v.qq.com/page/n/g/4/n0347oir7g4.html',
       vid: 'n0347oir7g4' },
     { ctime: '1970-01-01 08:00:00',
       cull: 0,
       desc: '考试之后会考不好！',
       duration: '00:57',
       pic: 'http://vpic.video.qq.com/97620462/b0347p8uslb_160_90_3.jpg',
       play_count: '112.7万',
       title: '美学霸考试的结果！',
       title_s: '美学霸考试的结果！',
       uploadtime: '2016-11-19',
       url: 'http://v.qq.com/page/b/l/b/b0347p8uslb.html',
       vid: 'b0347p8uslb' },
     { ctime: '1970-01-01 08:00:00',
       cull: 0,
       desc: '喝醉之后会迟到！',
       duration: '00:39',
       pic: 'http://vpic.video.qq.com/66441772/m0347i9gjks_160_90_3.jpg',
       play_count: '706.4万',
       title: '空老公喝醉之后！',
       title_s: '空老公喝醉之后！',
       uploadtime: '2016-11-18',
       url: 'http://v.qq.com/page/m/k/s/m0347i9gjks.html',
       vid: 'm0347i9gjks' },
     { ctime: '1970-01-01 08:00:00',
       cull: 0,
       desc: '赴约的方式不一样！',
       duration: '00:52',
       pic: 'http://vpic.video.qq.com/1531515/i034712cgni_160_90_3.jpg',
       play_count: '22.0万',
       title: 'Q夫妻俩的约定！',
       title_s: 'Q夫妻俩的约定！',
       uploadtime: '2016-11-18',
       url: 'http://v.qq.com/page/i/n/i/i034712cgni.html',
       vid: 'i034712cgni' },
     { ctime: '1970-01-01 08:00:00',
       cull: 0,
       desc: '起床的方式不一样~',
       duration: '00:51',
       pic: 'http://vpic.video.qq.com/49643374/w0347gmlpvc_160_90_3.jpg',
       play_count: '110.2万',
       title: '美老婆叫我起床！',
       title_s: '美老婆叫我起床！',
       uploadtime: '2016-11-18',
       url: 'http://v.qq.com/page/w/v/c/w0347gmlpvc.html',
       vid: 'w0347gmlpvc' } ],
  vtotal: 926 }
