[2016-11-25 12:32:25.363] [TRACE] 腾讯视频 - DealWith instantiation ...
[2016-11-25 12:32:25.369] [TRACE] 腾讯视频 - spiderCore instantiation ...
[2016-11-25 12:32:25.371] [TRACE] 腾讯视频 - 启动函数
[2016-11-25 12:32:25.397] [DEBUG] 腾讯视频 - 任务信息数据库连接建立...成功
[2016-11-25 12:32:25.400] [DEBUG] 腾讯视频 - 缓存队列数据库连接建立...成功
[2016-11-25 12:32:25.402] [DEBUG] 腾讯视频 - 创建数据库连接完毕
[2016-11-25 12:32:25.409] [TRACE] 腾讯视频 - Queue get ready
[2016-11-25 12:32:25.446] [TRACE] 腾讯视频 - Get tencent task!
[2016-11-25 12:32:25.448] [INFO] 腾讯视频 - { id: '4fad1e191820613ea25e9827b38c171e',
  p: '4',
  name: '日食记',
  type: '1' }
[2016-11-25 12:32:25.485] [DEBUG] 腾讯视频 - 开始获取视频总数
[2016-11-25 12:32:25.489] [TRACE] 腾讯视频 - Get tencent task!
[2016-11-25 12:32:25.491] [INFO] 腾讯视频 - { id: '40c4a7243e2e626373240d10b7eca37a',
  p: '4',
  name: '军武次位面',
  type: '1' }
[2016-11-25 12:32:25.494] [DEBUG] 腾讯视频 - 开始获取视频总数
[2016-11-25 12:32:25.498] [TRACE] 腾讯视频 - Get tencent task!
[2016-11-25 12:32:25.499] [INFO] 腾讯视频 - { id: '0542455a7bd36d4c91069f1800862a96',
  p: '4',
  name: '独立鱼',
  type: '1' }
[2016-11-25 12:32:25.502] [DEBUG] 腾讯视频 - 开始获取视频总数
[2016-11-25 12:32:25.506] [TRACE] 腾讯视频 - Get tencent task!
[2016-11-25 12:32:25.508] [INFO] 腾讯视频 - { id: '936d3155997962d5a25e9827b38c171e',
  p: '4',
  name: '小漠',
  type: '1' }
[2016-11-25 12:32:25.511] [DEBUG] 腾讯视频 - 开始获取视频总数
[2016-11-25 12:32:25.514] [TRACE] 腾讯视频 - Get tencent task!
[2016-11-25 12:32:25.515] [INFO] 腾讯视频 - { id: '96abcc9d8a096ef1d04b9ab5d52a45d8',
  p: '4',
  name: '罐头视频',
  type: '1' }
[2016-11-25 12:32:25.519] [DEBUG] 腾讯视频 - 开始获取视频总数
[2016-11-25 12:32:25.525] [TRACE] 腾讯视频 - Get tencent task!
[2016-11-25 12:32:25.527] [INFO] 腾讯视频 - { id: 'd44c15d9fe1226bd8cd6e6189ae90664',
  p: '4',
  name: '一风之音',
  type: '1' }
[2016-11-25 12:32:25.533] [DEBUG] 腾讯视频 - 开始获取视频总数
[2016-11-25 12:32:25.537] [TRACE] 腾讯视频 - Get tencent task!
[2016-11-25 12:32:25.540] [INFO] 腾讯视频 - { id: 'f98cd4260d5609948cd6e6189ae90664',
  p: '4',
  name: '虚拟印象动画',
  type: '1' }
[2016-11-25 12:32:25.543] [DEBUG] 腾讯视频 - 开始获取视频总数
[2016-11-25 12:32:25.548] [TRACE] 腾讯视频 - Get tencent task!
[2016-11-25 12:32:25.550] [INFO] 腾讯视频 - { id: 'b42a26e8696d7652083dce956f48556c',
  p: '4',
  name: '1Day',
  type: '1' }
[2016-11-25 12:32:25.553] [DEBUG] 腾讯视频 - 开始获取视频总数
[2016-11-25 12:32:25.581] [TRACE] 腾讯视频 - Get tencent task!
[2016-11-25 12:32:25.583] [INFO] 腾讯视频 - { id: '342d05ad579b8e068fdc29f30384c9b3',
  p: '4',
  name: '软软其实不太硬',
  type: '1' }
[2016-11-25 12:32:25.586] [DEBUG] 腾讯视频 - 开始获取视频总数
[2016-11-25 12:32:25.810] [DEBUG] 腾讯视频 - { euin: 'f98cd4260d5609948cd6e6189ae90664',
  s: 'o',
  videolst: 
   [ { ctime: '1970-01-01 08:00:00',
       cull: 0,
       desc: '超神学院-紫光-彦同人MV。',
       duration: '02:37',
       pic: 'http://vpic.video.qq.com/7944613/p0184r26d8r_160_90_3.jpg',
       play_count: '170.6万',
       title: '超神学院-紫光-彦同人',
       title_s: '超神学院-紫光-彦同人',
       uploadtime: '2016-02-17',
       url: 'http://v.qq.com/page/p/8/r/p0184r26d8r.html',
       vid: 'p0184r26d8r' },
     { ctime: '1970-01-01 08:00:00',
       cull: 0,
       desc: '超神学院之黑甲。\r\n《黑甲》是超神学院系列故事中最精彩的部分之一。讲述的是巨峡战役后，雄兵连蔷薇为抵御外星文明入侵，重整旗鼓，构建“黑色长城”的故事。超神学院系列故事渐渐拉开银河超级战争的帷幕。\r\n这个宇宙有很多男神，女神，男王，和女王。他们信仰不同，互相同化，或战争。',
       duration: '01:52',
       pic: 'http://vpic.video.qq.com/35670646/q0180d8lykp_160_90_3.jpg',
       play_count: '786.9万',
       title: '超神学院之黑甲宣传片',
       title_s: '超神学院之黑甲宣传片',
       uploadtime: '2016-01-11',
       url: 'http://v.qq.com/page/q/k/p/q0180d8lykp.html',
       vid: 'q0180d8lykp' },
     { ctime: '1970-01-01 08:00:00',
       cull: 0,
       desc: '赵信、炙心一干人等 终于抵达通湖镇，在与巨型虚空战士进行了殊死一战后小伦与赵信终于再度重聚。见到小伦的炙心终于说出了天使彦的下落，继承了天使统帅之位的彦已召集天使元首组织舰队前往银河系。新的大战即将拉开帷幕。',
       duration: '15:59',
       pic: 'http://vpic.video.qq.com/34148333/n0169hk6u8y_160_90_3.jpg',
       play_count: '888.9万',
       title: '《超神学院》第三季第10集-未来',
       title_s: '《超神学院》第三季第10集-未来',
       uploadtime: '2015-10-23',
       url: 'http://v.qq.com/page/n/8/y/n0169hk6u8y.html',
       vid: 'n0169hk6u8y' },
     { ctime: '1970-01-01 08:00:00',
       cull: 0,
       desc: '天使炙心降临地球，寻找属于自己的真爱。天使的真爱，用科学的眼光看待，是数据匹配的。\r\n但是，用天使自己的眼光看，那就是天兵。然而地球已经陷入战乱，炙心信守承诺。无论身处乱世，还是伸缩不顾。\r\n她将为爱，把剑而战',
       duration: '15:51',
       pic: 'http://vpic.video.qq.com/41029598/n0166ty9e5c_160_90_3.jpg',
       play_count: '652.1万',
       title: '超神学院第2季第9集-炙心',
       title_s: '超神学院第2季第9集-炙心',
       uploadtime: '2015-09-18',
       url: 'http://v.qq.com/page/n/5/c/n0166ty9e5c.html',
       vid: 'n0166ty9e5c' },
     { ctime: '1970-01-01 08:00:00',
       cull: 0,
       desc: '沉睡了很久，巨峡战役爆发了，地球全面战争爆发了。\r\n直到苏醒，大地已经不再是原来的样子。\r\n但华夏的战士们仍然艰苦作战，令小伦感到愧疚。\r\n直到他们遭遇了恶魔的袭击。\r\n地球已经是一个恶魔的衍生之地。\r\n各地战事风起云涌。\r\n雄兵连的超级战士们开始组织各地战役',
       duration: '20:14',
       pic: 'http://vpic.video.qq.com/72396506/d0163g3vghm_160_90_3.jpg',
       play_count: '586.9万',
       title: '超神学院-第3季第8集-旗帜.mp4',
       title_s: '超神学院-第3季第8集-旗帜.mp4',
       uploadtime: '2015-08-21',
       url: 'http://v.qq.com/page/d/h/m/d0163g3vghm.html',
       vid: 'd0163g3vghm' },
     { ctime: '1970-01-01 08:00:00',
       cull: 0,
       desc: '《超神学院》电影级后续剧情宣传片，震撼登场！二零一五，科幻英雄巨制，天使与恶魔的星际战争在地球爆发！',
       duration: '01:42',
       pic: 'http://vpic.video.qq.com/32053896/d0161suny8u_160_90_3.jpg',
       play_count: '7.3万',
       title: '第三季度宣传片',
       title_s: '第三季度宣传片',
       uploadtime: '2015-08-06',
       url: 'http://v.qq.com/page/d/8/u/d0161suny8u.html',
       vid: 'd0161suny8u' },
     { ctime: '1970-01-01 08:00:00',
       cull: 0,
       desc: '彦与阿托生死一战。天空激战，彦施放终极大招。葛小伦拼尽全力压制阿托。炙心复活。彦不敌终极恐惧。炙心许下对赵信的誓言。彦在垂死之际选择了小伦，并化身为小伦的翅膀带他回到地球，而此时蕾娜现身',
       duration: '18:31',
       pic: 'http://vpic.video.qq.com/81558290/g0161oi51xm_160_90_3.jpg',
       play_count: '583.3万',
       title: '超神学院第3季7集-巅峰',
       title_s: '超神学院第3季7集-巅峰',
       uploadtime: '2015-07-31',
       url: 'http://v.qq.com/page/g/x/m/g0161oi51xm.html',
       vid: 'g0161oi51xm' },
     { ctime: '1970-01-01 08:00:00',
       cull: 0,
       desc: '琪琳神枪狙击枪枪爆头，野狼特战队杀出重围解救大D等人，女王莫唆指阿托对彦下手，大战一触即发。。。。。。',
       duration: '15:39',
       pic: 'http://vpic.video.qq.com/50562648/u01587xdtbl_160_90_3.jpg',
       play_count: '614.8万',
       title: '《超神学院》第三季第6集-琪琳',
       title_s: '《超神学院》第三季第6集-琪琳',
       uploadtime: '2015-07-02',
       url: 'http://v.qq.com/page/u/b/l/u01587xdtbl.html',
       vid: 'u01587xdtbl' },
     { ctime: '1970-01-01 08:00:00',
       cull: 0,
       desc: '激情空战，完美演绎\r\n天使恶魔，终极弑神',
       duration: '16:18',
       pic: 'http://vpic.video.qq.com/43406417/x01551oow2v_160_90_3.jpg',
       play_count: '592.7万',
       title: '《超神学院》第三季第5集弑神',
       title_s: '《超神学院》第三季第5集弑神',
       uploadtime: '2015-06-04',
       url: 'http://v.qq.com/page/x/2/v/x01551oow2v.html',
       vid: 'x01551oow2v' },
     { ctime: '1970-01-01 08:00:00',
       cull: 1,
       desc: '战事升级，莫甘娜指挥部队3线作战，死神卡尔也将加入战局，伟大的弑神计划即将开启。超级英雄们将面临巨大的灾难。\r\n谁能坚挺的扛下重任？谁又会成为伟大长城？',
       duration: '15:19',
       pic: 'http://vpic.video.qq.com/11131299/c01530779hx_160_90_3.jpg',
       play_count: '642.1万',
       title: '《超神学院》第三季第4集-长城',
       title_s: '《超神学院》第三季第4集-长城',
       uploadtime: '2015-05-07',
       url: 'http://v.qq.com/page/c/h/x/c01530779hx.html',
       vid: 'c01530779hx' },
     { ctime: '1970-01-01 08:00:00',
       cull: 1,
       desc: '超神学院第23集联手中国好声音歌手“金志文“专业打造热血歌曲。为各位粉丝带来不一样的动漫音乐新体验。',
       duration: '03:10',
       pic: 'http://vpic.video.qq.com/39970174/d0150kg442h_160_90_3.jpg',
       play_count: '3.3万',
       title: '《超神学院》插曲-勇敢的我+MV带字幕',
       title_s: '《超神学院》插曲-勇敢的我+MV带字幕',
       uploadtime: '2015-04-03',
       url: 'http://v.qq.com/page/d/2/h/d0150kg442h.html',
       vid: 'd0150kg442h' },
     { ctime: '1970-01-01 08:00:00',
       cull: 1,
       desc: '《超神学院》第三季第三集“阻击”  超神学院有史以来演义的最强之战。\r\n本集插曲也是和《中国好声音》的知名歌手 金志文练手打造这集专属歌曲。\r\n下一集如果不出问题的话会在4月30号左右更新。感谢各位大神支持。',
       duration: '17:33',
       pic: 'http://vpic.video.qq.com/43661243/l0150l7djgq_160_90_3.jpg',
       play_count: '694.3万',
       title: '《超神学院》第三季第三集-阻击',
       title_s: '《超神学院》第三季第三集-阻击',
       uploadtime: '2015-04-03',
       url: 'http://v.qq.com/page/l/g/q/l0150l7djgq.html',
       vid: 'l0150l7djgq' },
     { ctime: '1970-01-01 08:00:00',
       cull: 1,
       desc: '《超神学院》第三季第一集“激战”，萌鳄鱼初露锋芒，大D哥誓死护团。',
       duration: '15:00',
       pic: 'http://vpic.video.qq.com/2258752/g0148bw5eud_160_90_3.jpg',
       play_count: '738.6万',
       title: '《超神学院》第三季第二集-激战',
       title_s: '《超神学院》第三季第二集-激战',
       uploadtime: '2015-03-05',
       url: 'http://v.qq.com/page/g/u/d/g0148bw5eud.html',
       vid: 'g0148bw5eud' },
     { ctime: '1970-01-01 08:00:00',
       cull: 1,
       desc: '《超神学院》系列，是由虚拟印象动画工作室倾力打造的原创动画故事片，而《神与神》故事，延续了前2季度的故事线，主题将以恶魔集团全面入侵地球，天使集团与地球超神学院雄兵连的战士进行激烈的反击为主线，各地战事风起云涌，海军，陆军，空军全面参战，\r\n地球即将进入英雄辈出的时代，而故事也将带来史无前例的震撼。 \r\n \r\n  2015，虚拟印象，将给大家带来一场视觉的饕餮。',
       duration: '19:23',
       pic: 'http://vpic.video.qq.com/5907499/n0146jt0zrx_160_90_3.jpg',
       play_count: '1226.1万',
       title: '《超神学院》第三季第一集-降临',
       title_s: '《超神学院》第三季第一集-降临',
       uploadtime: '2015-01-29',
       url: 'http://v.qq.com/page/n/r/x/n0146jt0zrx.html',
       vid: 'n0146jt0zrx' },
     { ctime: '1970-01-01 08:00:00',
       cull: 1,
       desc: '《超神学院》第三季，神与神宣传片。',
       duration: '02:12',
       pic: 'http://vpic.video.qq.com/69634858/z0145a5z83k_160_90_3.jpg',
       play_count: '39.2万',
       title: '超神学院第三季-神与神宣传片',
       title_s: '超神学院第三季-神与神宣传片',
       uploadtime: '2015-01-27',
       url: 'http://v.qq.com/page/z/3/k/z0145a5z83k.html',
       vid: 'z0145a5z83k' } ],
  vtotal: 15 }
[2016-11-25 12:32:25.875] [DEBUG] 腾讯视频 - 开始获取第1页视频列表
