[2016-11-28 20:10:48.718] [TRACE] 腾讯视频 - DealWith instantiation ...
[2016-11-28 20:10:48.725] [TRACE] 腾讯视频 - spiderCore instantiation ...
[2016-11-28 20:10:48.727] [TRACE] 腾讯视频 - 启动函数
[2016-11-28 20:10:48.753] [DEBUG] 腾讯视频 - 任务信息数据库连接建立...成功
[2016-11-28 20:10:48.755] [DEBUG] 腾讯视频 - 缓存队列数据库连接建立...成功
[2016-11-28 20:10:48.757] [DEBUG] 腾讯视频 - 创建数据库连接完毕
[2016-11-28 20:10:48.759] [INFO] 腾讯视频 - { p: '4', id: '02a4a5eb7853f3f1', name: '小苍Estelle', type: '1' }
[2016-11-28 20:10:48.795] [DEBUG] 腾讯视频 - 开始获取视频总数
[2016-11-28 20:10:48.797] [DEBUG] 腾讯视频 - { p: '4',
  id: '02a4a5eb7853f3f1',
  name: '小苍Estelle',
  type: '1',
  total: 0 }
[2016-11-28 20:10:48.992] [ERROR] 腾讯视频 - occur error :  { Error: getaddrinfo ENOTFOUND staging.caihongip.com staging.caihongip.com:80
    at errnoException (dns.js:28:10)
    at GetAddrInfoReqWrap.onlookup [as oncomplete] (dns.js:79:26)
  code: 'ENOTFOUND',
  errno: 'ENOTFOUND',
  syscall: 'getaddrinfo',
  hostname: 'staging.caihongip.com',
  host: 'staging.caihongip.com',
  port: 80 }
[2016-11-28 20:10:49.068] [DEBUG] 腾讯视频 - 开始获取第1页视频列表
[2016-11-28 20:10:52.958] [DEBUG] 腾讯视频 - [ '小苍', '狮子狗', '第一视角', '英雄联盟' ]
