[2016-11-25 12:31:14.767] [TRACE] 腾讯视频 - DealWith instantiation ...
[2016-11-25 12:31:14.778] [TRACE] 腾讯视频 - spiderCore instantiation ...
[2016-11-25 12:31:14.781] [TRACE] 腾讯视频 - 启动函数
[2016-11-25 12:31:14.823] [DEBUG] 腾讯视频 - 任务信息数据库连接建立...成功
[2016-11-25 12:31:14.826] [DEBUG] 腾讯视频 - 缓存队列数据库连接建立...成功
[2016-11-25 12:31:14.831] [DEBUG] 腾讯视频 - 创建数据库连接完毕
[2016-11-25 12:31:14.839] [TRACE] 腾讯视频 - Queue get ready
[2016-11-25 12:31:14.905] [TRACE] 腾讯视频 - Get tencent task!
[2016-11-25 12:31:14.908] [INFO] 腾讯视频 - { id: 'b4dbd5c4788724d1923e3b7fce6a6c54',
  p: '4',
  name: '兔小贝儿歌',
  type: '1' }
[2016-11-25 12:31:14.969] [DEBUG] 腾讯视频 - 开始获取视频总数
[2016-11-25 12:31:14.974] [TRACE] 腾讯视频 - Get tencent task!
[2016-11-25 12:31:14.976] [INFO] 腾讯视频 - { id: '4960c1db2acf76bb6f356522325b0902',
  p: '4',
  name: 'QM工作室',
  type: '1' }
[2016-11-25 12:31:14.981] [DEBUG] 腾讯视频 - 开始获取视频总数
[2016-11-25 12:31:14.985] [TRACE] 腾讯视频 - Get tencent task!
[2016-11-25 12:31:14.986] [INFO] 腾讯视频 - { id: '24d129101cafabd3bafef9e42a504593',
  p: '4',
  name: '谷阿莫',
  type: '1' }
[2016-11-25 12:31:14.991] [DEBUG] 腾讯视频 - 开始获取视频总数
[2016-11-25 12:31:14.994] [TRACE] 腾讯视频 - Get tencent task!
[2016-11-25 12:31:14.997] [INFO] 腾讯视频 - { id: '3549c076ea202664a0b6c87bb849e22c',
  p: '4',
  name: 'papi酱',
  type: '1' }
[2016-11-25 12:31:15.002] [DEBUG] 腾讯视频 - 开始获取视频总数
[2016-11-25 12:31:15.005] [TRACE] 腾讯视频 - Get tencent task!
[2016-11-25 12:31:15.006] [INFO] 腾讯视频 - { id: '3ecbc68d4a871c052f1b502b5b52b5d5',
  p: '4',
  name: '萝卜报告',
  type: '1' }
[2016-11-25 12:31:15.011] [DEBUG] 腾讯视频 - 开始获取视频总数
[2016-11-25 12:31:15.019] [TRACE] 腾讯视频 - Get tencent task!
[2016-11-25 12:31:15.024] [INFO] 腾讯视频 - { id: '0a5e7dd81b4c88d9', p: '4', name: '月采亲子游戏', type: '1' }
[2016-11-25 12:31:15.032] [DEBUG] 腾讯视频 - 开始获取视频总数
[2016-11-25 12:31:15.039] [TRACE] 腾讯视频 - Get tencent task!
[2016-11-25 12:31:15.043] [INFO] 腾讯视频 - { id: '91cf485063a424feb188a15948ea99e1',
  p: '4',
  name: '看鉴',
  type: '1' }
[2016-11-25 12:31:15.052] [DEBUG] 腾讯视频 - 开始获取视频总数
[2016-11-25 12:31:15.057] [TRACE] 腾讯视频 - Get tencent task!
[2016-11-25 12:31:15.059] [INFO] 腾讯视频 - { id: 'abae55a888b23d72e37163dd964d600c',
  p: '4',
  name: '美食台',
  type: '1' }
[2016-11-25 12:31:15.065] [DEBUG] 腾讯视频 - 开始获取视频总数
[2016-11-25 12:31:15.069] [TRACE] 腾讯视频 - Get tencent task!
[2016-11-25 12:31:15.072] [INFO] 腾讯视频 - { id: '0195c9d5fa65e0e3b87401b4530cff9a',
  p: '4',
  name: '',
  type: '1' }
[2016-11-25 12:31:15.077] [DEBUG] 腾讯视频 - 开始获取视频总数
