[2016-11-25 12:36:26.423] [TRACE] 腾讯视频 - DealWith instantiation ...
[2016-11-25 12:36:26.429] [TRACE] 腾讯视频 - spiderCore instantiation ...
[2016-11-25 12:36:26.431] [TRACE] 腾讯视频 - 启动函数
[2016-11-25 12:36:26.470] [DEBUG] 腾讯视频 - 任务信息数据库连接建立...成功
[2016-11-25 12:36:26.472] [DEBUG] 腾讯视频 - 缓存队列数据库连接建立...成功
[2016-11-25 12:36:26.474] [DEBUG] 腾讯视频 - 创建数据库连接完毕
[2016-11-25 12:36:26.480] [TRACE] 腾讯视频 - Queue get ready
[2016-11-25 12:36:26.536] [TRACE] 腾讯视频 - Get tencent task!
[2016-11-25 12:36:26.538] [INFO] 腾讯视频 - { id: '15acdca28bb2d53cee34a4e73a803f62',
  p: '4',
  name: '厨娘物语BeautyCate',
  type: '1' }
[2016-11-25 12:36:26.586] [DEBUG] 腾讯视频 - 开始获取视频总数
[2016-11-25 12:36:26.589] [TRACE] 腾讯视频 - Get tencent task!
[2016-11-25 12:36:26.591] [INFO] 腾讯视频 - { id: '6134f0ddbda64f627126a454e1060f71',
  p: '4',
  name: '微在不懂爱',
  type: '1' }
[2016-11-25 12:36:26.593] [DEBUG] 腾讯视频 - 开始获取视频总数
[2016-11-25 12:36:26.595] [TRACE] 腾讯视频 - Get tencent task!
[2016-11-25 12:36:26.597] [INFO] 腾讯视频 - { id: 'a9c4618f2a18cd80bb70c7e955ac4366',
  p: '4',
  name: '张逗张花',
  type: '1' }
[2016-11-25 12:36:26.601] [DEBUG] 腾讯视频 - 开始获取视频总数
[2016-11-25 12:36:26.604] [TRACE] 腾讯视频 - Get tencent task!
[2016-11-25 12:36:26.605] [INFO] 腾讯视频 - { id: 'e72c662f6f47ed9d64caa14b2714e050',
  p: '4',
  name: '萌星人de那些破事',
  type: '1' }
[2016-11-25 12:36:26.609] [DEBUG] 腾讯视频 - 开始获取视频总数
[2016-11-25 12:36:26.611] [TRACE] 腾讯视频 - Get tencent task!
[2016-11-25 12:36:26.613] [INFO] 腾讯视频 - { id: '38bc45fd4c1b7fe4bafef9e42a504593',
  p: '4',
  name: 'Zealer',
  type: '1' }
[2016-11-25 12:36:26.617] [DEBUG] 腾讯视频 - 开始获取视频总数
[2016-11-25 12:36:26.623] [TRACE] 腾讯视频 - Get tencent task!
[2016-11-25 12:36:26.625] [INFO] 腾讯视频 - { id: 'c6ab2450686fde0adef1e7c7ee68744c',
  p: '4',
  name: '胥渡吧',
  type: '1' }
[2016-11-25 12:36:26.633] [DEBUG] 腾讯视频 - 开始获取视频总数
[2016-11-25 12:36:26.640] [TRACE] 腾讯视频 - Get tencent task!
[2016-11-25 12:36:26.643] [INFO] 腾讯视频 - { id: '0871115a2148b8a07326054966a046d9',
  p: '4',
  name: '',
  type: '1' }
[2016-11-25 12:36:26.649] [DEBUG] 腾讯视频 - 开始获取视频总数
[2016-11-25 12:36:26.652] [TRACE] 腾讯视频 - Get tencent task!
[2016-11-25 12:36:26.654] [INFO] 腾讯视频 - { id: 'c0c2b51bc14c743d67d5bd9617482a49',
  p: '4',
  name: '星座不求人',
  type: '1' }
[2016-11-25 12:36:26.657] [DEBUG] 腾讯视频 - 开始获取视频总数
[2016-11-25 12:36:26.692] [TRACE] 腾讯视频 - Get tencent task!
[2016-11-25 12:36:26.695] [INFO] 腾讯视频 - { id: 'b16625a12f3d830651239ff4d928400f',
  p: '4',
  name: '郑云工作室',
  type: '1' }
[2016-11-25 12:36:26.699] [DEBUG] 腾讯视频 - 开始获取视频总数
[2016-11-25 12:36:26.860] [DEBUG] 腾讯视频 - { euin: '0871115a2148b8a07326054966a046d9',
  s: 'o',
  videolst: 
   [ { ctime: '1970-01-01 08:00:00',
       cull: 0,
       desc: '退伍原创歌曲我多想',
       duration: '05:00',
       pic: 'http://vpic.video.qq.com/87149712/w0349unyh50_160_90_3.jpg',
       play_count: '454',
       title: '退伍原创歌曲我多想',
       title_s: '退伍原创歌曲我多想',
       uploadtime: '21小时前',
       url: 'http://v.qq.com/page/w/5/0/w0349unyh50.html',
       vid: 'w0349unyh50' },
     { ctime: '1970-01-01 08:00:00',
       cull: 0,
       desc: '退伍MV《军人的抉择》',
       duration: '04:11',
       pic: 'http://vpic.video.qq.com/92390151/x0349v42c3m_160_90_3.jpg',
       play_count: '1720',
       title: '退伍MV《军人的抉择》',
       title_s: '退伍MV《军人的抉择》',
       uploadtime: '22小时前',
       url: 'http://v.qq.com/page/x/3/m/x0349v42c3m.html',
       vid: 'x0349v42c3m' },
     { ctime: '1970-01-01 08:00:00',
       cull: 0,
       desc: '永远的兄弟',
       duration: '03:39',
       pic: 'http://vpic.video.qq.com/82781340/r0349o6bmow_160_90_3.jpg',
       play_count: '5.7万',
       title: '视频永远的兄弟',
       title_s: '视频永远的兄弟',
       uploadtime: '23小时前',
       url: 'http://v.qq.com/page/r/o/w/r0349o6bmow.html',
       vid: 'r0349o6bmow' },
     { ctime: '1970-01-01 08:00:00',
       cull: 0,
       desc: '武警新兵授衔',
       duration: '01:47',
       pic: 'http://vpic.video.qq.com/41563283/e0349jvrs6c_160_90_3.jpg',
       play_count: '6.8万',
       title: '武警新兵授衔',
       title_s: '武警新兵授衔',
       uploadtime: '2016-11-24',
       url: 'http://v.qq.com/page/e/6/c/e0349jvrs6c.html',
       vid: 'e0349jvrs6c' },
     { ctime: '1970-01-01 08:00:00',
       cull: 0,
       desc: '武警山东总队视频',
       duration: '05:02',
       pic: 'http://vpic.video.qq.com/27961361/l0349g4mwbt_160_90_3.jpg',
       play_count: '6771',
       title: '武警山东总队视频',
       title_s: '武警山东总队视频',
       uploadtime: '2016-11-23',
       url: 'http://v.qq.com/page/l/b/t/l0349g4mwbt.html',
       vid: 'l0349g4mwbt' },
     { ctime: '1970-01-01 08:00:00',
       cull: 0,
       desc: '武警交通救援',
       duration: '03:11',
       pic: 'http://vpic.video.qq.com/60287025/f0349tk9df9_160_90_3.jpg',
       play_count: '8.7万',
       title: '交通救援新装备展示',
       title_s: '交通救援新装备展示',
       uploadtime: '2016-11-23',
       url: 'http://v.qq.com/page/f/f/9/f0349tk9df9.html',
       vid: 'f0349tk9df9' },
     { ctime: '1970-01-01 08:00:00',
       cull: 0,
       desc: '授衔公益微电影',
       duration: '02:32',
       pic: 'http://vpic.video.qq.com/31175458/m0348dsm6sy_160_90_3.jpg',
       play_count: '2225',
       title: '授衔公益片啊',
       title_s: '授衔公益片啊',
       uploadtime: '2016-11-21',
       url: 'http://v.qq.com/page/m/s/y/m0348dsm6sy.html',
       vid: 'm0348dsm6sy' },
     { ctime: '1970-01-01 08:00:00',
       cull: 0,
       desc: '中国人民武装警察部队反恐特战剪影',
       duration: '06:25',
       pic: 'http://vpic.video.qq.com/64705079/s0348vjm2d2_160_90_3.jpg',
       play_count: '27.8万',
       title: '中国人民武装警察部队反恐特战剪影',
       title_s: '中国人民武装警察部队反恐特战剪影',
       uploadtime: '2016-11-21',
       url: 'http://v.qq.com/page/s/d/2/s0348vjm2d2.html',
       vid: 's0348vjm2d2' },
     { ctime: '1970-01-01 08:00:00',
       cull: 0,
       desc: '中国武警震撼视听',
       duration: '02:33',
       pic: 'http://vpic.video.qq.com/16664970/q0347tky6xe_160_90_3.jpg',
       play_count: '31.2万',
       title: '中国武警震撼视听',
       title_s: '中国武警震撼视听',
       uploadtime: '2016-11-20',
       url: 'http://v.qq.com/page/q/x/e/q0347tky6xe.html',
       vid: 'q0347tky6xe' },
     { ctime: '1970-01-01 08:00:00',
       cull: 0,
       desc: '奇袭在60米高空',
       duration: '01:47',
       pic: 'http://vpic.video.qq.com/39263960/m0347ix2wc0_160_90_3.jpg',
       play_count: '7.7万',
       title: '武警战士60米惊险一刻',
       title_s: '武警战士60米惊险一刻',
       uploadtime: '2016-11-20',
       url: 'http://v.qq.com/page/m/c/0/m0347ix2wc0.html',
       vid: 'm0347ix2wc0' },
     { ctime: '1970-01-01 08:00:00',
       cull: 0,
       desc: '我听到你的战鹰在歌唱',
       duration: '04:49',
       pic: 'http://vpic.video.qq.com/21481996/g0347wb7zu8_160_90_3.jpg',
       play_count: '3849',
       title: '我听到你的战鹰在歌唱',
       title_s: '我听到你的战鹰在歌唱',
       uploadtime: '2016-11-19',
       url: 'http://v.qq.com/page/g/u/8/g0347wb7zu8.html',
       vid: 'g0347wb7zu8' },
     { ctime: '1970-01-01 08:00:00',
       cull: 0,
       desc: '警营踏歌视频',
       duration: '01:23',
       pic: 'http://vpic.video.qq.com/47038059/p0347u59ixi_160_90_3.jpg',
       play_count: '2.3万',
       title: '警营踏歌视频',
       title_s: '警营踏歌视频',
       uploadtime: '2016-11-19',
       url: 'http://v.qq.com/page/p/x/i/p0347u59ixi.html',
       vid: 'p0347u59ixi' },
     { ctime: '1970-01-01 08:00:00',
       cull: 0,
       desc: '警营爆笑微电影',
       duration: '02:54',
       pic: 'http://vpic.video.qq.com/20844367/x0347wq13k2_160_90_3.jpg',
       play_count: '4.0万',
       title: '警营爆笑微电影',
       title_s: '警营爆笑微电影',
       uploadtime: '2016-11-18',
       url: 'http://v.qq.com/page/x/k/2/x0347wq13k2.html',
       vid: 'x0347wq13k2' },
     { ctime: '1970-01-01 08:00:00',
       cull: 0,
       desc: '武警部队长征话剧',
       duration: '04:01',
       pic: 'http://vpic.video.qq.com/44601939/u03473za576_160_90_3.jpg',
       play_count: '2.3万',
       title: '武警部队长征话剧',
       title_s: '武警部队长征话剧',
       uploadtime: '2016-11-18',
       url: 'http://v.qq.com/page/u/7/6/u03473za576.html',
       vid: 'u03473za576' },
     { ctime: '1970-01-01 08:00:00',
       cull: 0,
       desc: '这个很有意思，分享下',
       duration: '13:15',
       pic: 'http://vpic.video.qq.com/61504175/n0347z2xq4j_160_90_3.jpg',
       play_count: '2058',
       title: '军旅微电影这一站',
       title_s: '军旅微电影这一站',
       uploadtime: '2016-11-17',
       url: 'http://v.qq.com/page/n/4/j/n0347z2xq4j.html',
       vid: 'n0347z2xq4j' },
     { ctime: '1970-01-01 08:00:00',
       cull: 0,
       desc: '人生最美是军旅',
       duration: '04:10',
       pic: 'http://vpic.video.qq.com/12845360/m0346ut7n2v_160_90_3.jpg',
       play_count: '3282',
       title: '人生最美是军旅',
       title_s: '人生最美是军旅',
       uploadtime: '2016-11-16',
       url: 'http://v.qq.com/page/m/2/v/m0346ut7n2v.html',
       vid: 'm0346ut7n2v' },
     { ctime: '1970-01-01 08:00:00',
       cull: 0,
       desc: '给你一个成为兵王的答案',
       duration: '03:01',
       pic: 'http://vpic.video.qq.com/28854725/d0346l8bvf2_160_90_3.jpg',
       play_count: '3.4万',
       title: '给你一个成为兵王的答案',
       title_s: '给你一个成为兵王的答案',
       uploadtime: '2016-11-15',
       url: 'http://v.qq.com/page/d/f/2/d0346l8bvf2.html',
       vid: 'd0346l8bvf2' },
     { ctime: '1970-01-01 08:00:00',
       cull: 0,
       desc: '武警部队 实战化后勤保障助力打赢',
       duration: '01:42',
       pic: 'http://vpic.video.qq.com/24229072/h0346dabl5s_160_90_3.jpg',
       play_count: '6.9万',
       title: '武警部队 实战化后勤保障助力打赢',
       title_s: '武警部队 实战化后勤保障助力打赢',
       uploadtime: '2016-11-15',
       url: 'http://v.qq.com/page/h/5/s/h0346dabl5s.html',
       vid: 'h0346dabl5s' },
     { ctime: '1970-01-01 08:00:00',
       cull: 0,
       desc: '青春军营淬火',
       duration: '04:17',
       pic: 'http://vpic.video.qq.com/63804043/w03469x0qdq_160_90_3.jpg',
       play_count: '8128',
       title: '青春军营淬火',
       title_s: '青春军营淬火',
       uploadtime: '2016-11-14',
       url: 'http://v.qq.com/page/w/d/q/w03469x0qdq.html',
       vid: 'w03469x0qdq' },
     { ctime: '1970-01-01 08:00:00',
       cull: 0,
       desc: '西藏武警双节棍',
       duration: '01:44',
       pic: 'http://vpic.video.qq.com/13181951/j0345m5ocng_160_90_3.jpg',
       play_count: '9921',
       title: '西藏武警双节棍',
       title_s: '西藏武警双节棍',
       uploadtime: '2016-11-12',
       url: 'http://v.qq.com/page/j/n/g/j0345m5ocng.html',
       vid: 'j0345m5ocng' },
     { ctime: '1970-01-01 08:00:00',
       cull: 0,
       desc: '奇袭在60米高空',
       duration: '00:30',
       pic: 'http://vpic.video.qq.com/19714544/m0345knjrtn_160_90_3.jpg',
       play_count: '2.4万',
       title: '奇袭在60米高空',
       title_s: '奇袭在60米高空',
       uploadtime: '2016-11-11',
       url: 'http://v.qq.com/page/m/t/n/m0345knjrtn.html',
       vid: 'm0345knjrtn' },
     { ctime: '1970-01-01 08:00:00',
       cull: 0,
       desc: '战神显威千余发炮弹尽显胜战本领',
       duration: '01:38',
       pic: 'http://vpic.video.qq.com/53364821/j0344i16si4_160_90_3.jpg',
       play_count: '21.7万',
       title: '战神显威千余发炮弹尽显胜战本领',
       title_s: '战神显威千余发炮弹尽显胜战本领',
       uploadtime: '2016-11-10',
       url: 'http://v.qq.com/page/j/i/4/j0344i16si4.html',
       vid: 'j0344i16si4' },
     { ctime: '1970-01-01 08:00:00',
       cull: 0,
       desc: '武警勇士罗卫巧青春的颜色永远定格在高原',
       duration: '02:32',
       pic: 'http://vpic.video.qq.com/95881225/r0344q3ws9e_160_90_3.jpg',
       play_count: '33.0万',
       title: '武警勇士罗卫巧青春的颜色永远定格在高原',
       title_s: '武警勇士罗卫巧青春的颜色永远定格在高原',
       uploadtime: '2016-11-07',
       url: 'http://v.qq.com/page/r/9/e/r0344q3ws9e.html',
       vid: 'r0344q3ws9e' },
     { ctime: '1970-01-01 08:00:00',
       cull: 0,
       desc: '归心之旅 预告',
       duration: '00:30',
       pic: 'http://vpic.video.qq.com/66740338/z0343njshlo_160_90_3.jpg',
       play_count: '1.4万',
       title: '中国武警归心之旅',
       title_s: '中国武警归心之旅',
       uploadtime: '2016-11-06',
       url: 'http://v.qq.com/page/z/l/o/z0343njshlo.html',
       vid: 'z0343njshlo' },
     { ctime: '1970-01-01 08:00:00',
       cull: 0,
       desc: '武警新疆反恐处突',
       duration: '01:22',
       pic: 'http://vpic.video.qq.com/3260077/o0342y93lt0_160_90_3.jpg',
       play_count: '3.0万',
       title: '武警新疆反恐处突.mp4',
       title_s: '武警新疆反恐处突.mp4',
       uploadtime: '2016-11-03',
       url: 'http://v.qq.com/page/o/t/0/o0342y93lt0.html',
       vid: 'o0342y93lt0' } ],
  vtotal: 165 }
