[2016-11-25 13:25:23.017] [TRACE] 腾讯视频 - DealWith instantiation ...
[2016-11-25 13:25:23.023] [TRACE] 腾讯视频 - spiderCore instantiation ...
[2016-11-25 13:25:23.025] [TRACE] 腾讯视频 - 启动函数
[2016-11-25 13:25:23.055] [DEBUG] 腾讯视频 - 任务信息数据库连接建立...成功
[2016-11-25 13:25:23.057] [DEBUG] 腾讯视频 - 缓存队列数据库连接建立...成功
[2016-11-25 13:25:23.059] [DEBUG] 腾讯视频 - 创建数据库连接完毕
[2016-11-25 13:25:23.061] [INFO] 腾讯视频 - { p: '4', name: '美食台', id: '0195c9d5fa65e0e3b87401b4530cff9a' }
[2016-11-25 13:25:23.096] [DEBUG] 腾讯视频 - 开始获取视频总数
[2016-11-25 13:25:23.098] [DEBUG] 腾讯视频 - { p: '4',
  name: '美食台',
  id: '0195c9d5fa65e0e3b87401b4530cff9a',
  total: 0 }
[2016-11-25 13:25:23.319] [DEBUG] 腾讯视频 - 用户: 0195c9d5fa65e0e3b87401b4530cff9a back_end
[2016-11-25 13:25:23.338] [DEBUG] 腾讯视频 - 开始获取第1页视频列表
[2016-11-25 13:25:23.958] [DEBUG] 腾讯视频 - { ctime: '1970-01-01 08:00:00',
  cull: 0,
  desc: '这只叫獴的小动物被雄狮抓到，凭着坚强意志反击最终战胜狮子',
  duration: '02:34',
  pic: 'http://vpic.video.qq.com/82643625/g034981m5wp_160_90_3.jpg',
  play_count: '7489',
  title: '这只叫獴的小动物被雄狮抓到，凭着坚强意志反击最终战胜狮子',
  title_s: '这只叫獴的小动物被雄狮抓到，凭着坚强意志反击最终战胜狮子',
  uploadtime: '16小时前',
  url: 'http://v.qq.com/page/g/w/p/g034981m5wp.html',
  vid: 'g034981m5wp' }
[2016-11-25 13:25:24.314] [DEBUG] 腾讯视频 - { ctime: '1970-01-01 08:00:00',
  cull: 0,
  desc: '这只花豹逆天了！半小时就捕到15条大鱼，打破动物世界记录',
  duration: '01:23',
  pic: 'http://vpic.video.qq.com/42968190/b0349o5y35g_160_90_3.jpg',
  play_count: '3462',
  title: '这只花豹逆天了！半小时就捕到15条大鱼，打破动物世界记录',
  title_s: '这只花豹逆天了！半小时就捕到15条大鱼，打破动物世界记录',
  uploadtime: '2016-11-23',
  url: 'http://v.qq.com/page/b/5/g/b0349o5y35g.html',
  vid: 'b0349o5y35g' }
[2016-11-25 13:25:24.664] [DEBUG] 腾讯视频 - { ctime: '1970-01-01 08:00:00',
  cull: 0,
  desc: '一条4米长巨型鳄鱼爬上岸吓哭幼狮，惨遭12只狮子围殴',
  duration: '02:16',
  pic: 'http://vpic.video.qq.com/68817858/n0349ydc7y4_160_90_3.jpg',
  play_count: '2574',
  title: '一条4米长巨型鳄鱼爬上岸吓哭幼狮，惨遭12只狮子围殴',
  title_s: '一条4米长巨型鳄鱼爬上岸吓哭幼狮，惨遭12只狮子围殴',
  uploadtime: '2016-11-23',
  url: 'http://v.qq.com/page/n/y/4/n0349ydc7y4.html',
  vid: 'n0349ydc7y4' }
[2016-11-25 13:25:28.387] [DEBUG] 腾讯视频 - { ctime: '1970-01-01 08:00:00',
  cull: 0,
  desc: '狮王把12只成年雄狮赶出领地去闯荡，残酷洗礼后剩3只将成王',
  duration: '06:18',
  pic: 'http://vpic.video.qq.com/65570526/w0349jvidu5_160_90_3.jpg',
  play_count: '1875',
  title: '狮王把12只成年雄狮赶出领地去闯荡，残酷洗礼后剩3只将成王',
  title_s: '狮王把12只成年雄狮赶出领地去闯荡，残酷洗礼后剩3只将成王',
  uploadtime: '2016-11-23',
  url: 'http://v.qq.com/page/w/u/5/w0349jvidu5.html',
  vid: 'w0349jvidu5' }
[2016-11-25 13:25:28.749] [DEBUG] 腾讯视频 - { ctime: '1970-01-01 08:00:00',
  cull: 0,
  desc: '能否绝地逢生？一头水牛遭15只狮子赶进水里，水里又有大鳄鱼',
  duration: '03:28',
  pic: 'http://vpic.video.qq.com/11158225/v0349v303gx_160_90_3.jpg',
  play_count: '950',
  title: '能否绝地逢生？一头水牛遭15只狮子赶进水里，水里又有大鳄鱼',
  title_s: '能否绝地逢生？一头水牛遭15只狮子赶进水里，水里又有大鳄鱼',
  uploadtime: '2016-11-23',
  url: 'http://v.qq.com/page/v/g/x/v0349v303gx.html',
  vid: 'v0349v303gx' }
