[2016-11-25 13:23:38.155] [TRACE] 腾讯视频 - DealWith instantiation ...
[2016-11-25 13:23:38.161] [TRACE] 腾讯视频 - spiderCore instantiation ...
[2016-11-25 13:23:38.163] [TRACE] 腾讯视频 - 启动函数
[2016-11-25 13:23:38.191] [DEBUG] 腾讯视频 - 任务信息数据库连接建立...成功
[2016-11-25 13:23:38.193] [DEBUG] 腾讯视频 - 缓存队列数据库连接建立...成功
[2016-11-25 13:23:38.195] [DEBUG] 腾讯视频 - 创建数据库连接完毕
[2016-11-25 13:23:38.197] [INFO] 腾讯视频 - { p: '4', name: '美食台', id: '0195c9d5fa65e0e3b87401b4530cff9a' }
[2016-11-25 13:23:38.232] [DEBUG] 腾讯视频 - 开始获取视频总数
[2016-11-25 13:23:38.234] [DEBUG] 腾讯视频 - { p: '4',
  name: '美食台',
  id: '0195c9d5fa65e0e3b87401b4530cff9a',
  total: 0 }
[2016-11-25 13:23:38.397] [ERROR] 腾讯视频 - occur error :  { Error: getaddrinfo ENOTFOUND staging.caihongip.com staging.caihongip.com:80
    at errnoException (dns.js:28:10)
    at GetAddrInfoReqWrap.onlookup [as oncomplete] (dns.js:79:26)
  code: 'ENOTFOUND',
  errno: 'ENOTFOUND',
  syscall: 'getaddrinfo',
  hostname: 'staging.caihongip.com',
  host: 'staging.caihongip.com',
  port: 80 }
[2016-11-25 13:23:38.428] [DEBUG] 腾讯视频 - 开始获取第1页视频列表
[2016-11-25 13:23:38.988] [DEBUG] 腾讯视频 - 腾讯视频 g034981m5wp 加入缓存队列
[2016-11-25 13:23:39.319] [DEBUG] 腾讯视频 - 腾讯视频 b0349o5y35g 加入缓存队列
[2016-11-25 13:23:42.871] [DEBUG] 腾讯视频 - 腾讯视频 n0349ydc7y4 加入缓存队列
[2016-11-25 13:23:43.285] [DEBUG] 腾讯视频 - 腾讯视频 w0349jvidu5 加入缓存队列
[2016-11-25 13:23:47.036] [DEBUG] 腾讯视频 - 腾讯视频 v0349v303gx 加入缓存队列
[2016-11-25 13:23:47.383] [DEBUG] 腾讯视频 - 腾讯视频 k0349o7v0to 加入缓存队列
[2016-11-25 13:23:47.707] [DEBUG] 腾讯视频 - 腾讯视频 k0348qzw6uv 加入缓存队列
[2016-11-25 13:23:48.048] [DEBUG] 腾讯视频 - 腾讯视频 e0348vp0zqj 加入缓存队列
