[2016-11-25 12:23:08.051] [TRACE] 腾讯视频 - DealWith instantiation ...
[2016-11-25 12:23:08.058] [TRACE] 腾讯视频 - spiderCore instantiation ...
[2016-11-25 12:23:08.060] [TRACE] 腾讯视频 - 启动函数
[2016-11-25 12:23:08.101] [DEBUG] 腾讯视频 - 任务信息数据库连接建立...成功
[2016-11-25 12:23:08.104] [DEBUG] 腾讯视频 - 缓存队列数据库连接建立...成功
[2016-11-25 12:23:08.107] [DEBUG] 腾讯视频 - 创建数据库连接完毕
[2016-11-25 12:23:08.116] [TRACE] 腾讯视频 - Queue get ready
[2016-11-25 12:23:08.179] [TRACE] 腾讯视频 - Get tencent task!
[2016-11-25 12:23:08.181] [INFO] 腾讯视频 - { id: '2b8e932c7462330ad198c58fb86eb4dc',
  p: '4',
  name: '大橙橙橙子',
  type: '1' }
[2016-11-25 12:23:08.236] [DEBUG] 腾讯视频 - 开始获取视频总数
[2016-11-25 12:23:08.241] [TRACE] 腾讯视频 - Get tencent task!
[2016-11-25 12:23:08.243] [INFO] 腾讯视频 - { id: '1c9ad2d65b55b3b873a28f240e970869',
  p: '4',
  name: 'V电影',
  type: '1' }
[2016-11-25 12:23:08.249] [DEBUG] 腾讯视频 - 开始获取视频总数
[2016-11-25 12:23:08.253] [TRACE] 腾讯视频 - Get tencent task!
[2016-11-25 12:23:08.255] [INFO] 腾讯视频 - { id: '38b1fb4f63582372e370ba49c9e883e0',
  p: '4',
  name: '袁超工作室',
  type: '1' }
[2016-11-25 12:23:08.259] [DEBUG] 腾讯视频 - 开始获取视频总数
[2016-11-25 12:23:08.262] [TRACE] 腾讯视频 - Get tencent task!
[2016-11-25 12:23:08.264] [INFO] 腾讯视频 - { id: 'b6ce458a83ccc7d3', p: '4', name: '要我玩游戏网', type: '1' }
[2016-11-25 12:23:08.267] [DEBUG] 腾讯视频 - 开始获取视频总数
[2016-11-25 12:23:08.273] [TRACE] 腾讯视频 - Get tencent task!
[2016-11-25 12:23:08.275] [INFO] 腾讯视频 - { id: 'b00d204f15f39ddbea703ce04b40377a',
  p: '4',
  name: '兰渡文化',
  type: '1' }
[2016-11-25 12:23:08.280] [DEBUG] 腾讯视频 - 开始获取视频总数
[2016-11-25 12:23:08.286] [TRACE] 腾讯视频 - Get tencent task!
[2016-11-25 12:23:08.289] [INFO] 腾讯视频 - { id: 'e7d4302fe3296d9ddef1e7c7ee68744c',
  p: '4',
  name: 'Big笑工坊',
  type: '1' }
[2016-11-25 12:23:08.297] [DEBUG] 腾讯视频 - 开始获取视频总数
[2016-11-25 12:23:08.308] [TRACE] 腾讯视频 - Get tencent task!
[2016-11-25 12:23:08.313] [INFO] 腾讯视频 - { id: 'f1b3834626c067d0d8e3af8bd4c40ab9',
  p: '4',
  name: '日日煮DayDayCook',
  type: '1' }
[2016-11-25 12:23:08.317] [DEBUG] 腾讯视频 - 开始获取视频总数
[2016-11-25 12:23:08.320] [TRACE] 腾讯视频 - Get tencent task!
[2016-11-25 12:23:08.323] [INFO] 腾讯视频 - { id: '130dcc1e0b2e9350b188a15948ea99e1',
  p: '4',
  name: '奇奇和悦悦玩具屋',
  type: '1' }
[2016-11-25 12:23:08.328] [DEBUG] 腾讯视频 - 开始获取视频总数
[2016-11-25 12:23:08.331] [TRACE] 腾讯视频 - Get tencent task!
[2016-11-25 12:23:08.333] [INFO] 腾讯视频 - { id: '2bca3d3fc95dacf8cea6582c984aec6e',
  p: '4',
  name: '糗事百科',
  type: '1' }
[2016-11-25 12:23:08.340] [DEBUG] 腾讯视频 - 开始获取视频总数
[2016-11-25 12:23:08.753] [DEBUG] 腾讯视频 - { euin: '1c9ad2d65b55b3b873a28f240e970869',
  s: 'o',
  videolst: 
   [ { ctime: '1970-01-01 08:00:00',
       cull: 0,
       desc: '当世界以痛吻我，要我报之以歌。',
       duration: '06:09',
       pic: 'http://vpic.video.qq.com/67349855/c0349ey6dpd_160_90_3.jpg',
       play_count: '2.9万',
       title: '150天环游地球超诗意摄影《我眼前的世界》',
       title_s: '150天环游地球超诗意摄影《我眼前的世界》',
       uploadtime: '20小时前',
       url: 'http://v.qq.com/page/c/p/d/c0349ey6dpd.html',
       vid: 'c0349ey6dpd' },
     { ctime: '1970-01-01 08:00:00',
       cull: 0,
       desc: '人生有你才珍贵',
       duration: '04:56',
       pic: 'http://vpic.video.qq.com/87265248/a0349mn21y8_160_90_3.jpg',
       play_count: '3.1万',
       title: '感恩节 感谢有你',
       title_s: '感恩节 感谢有你',
       uploadtime: '2016-11-24',
       url: 'http://v.qq.com/page/a/y/8/a0349mn21y8.html',
       vid: 'a0349mn21y8' },
     { ctime: '1970-01-01 08:00:00',
       cull: 0,
       desc: '感人',
       duration: '03:45',
       pic: 'http://vpic.video.qq.com/86435134/o0348r6evh5_160_90_3.jpg',
       play_count: '7.7万',
       title: '五月天最新MV《想把你写成一首歌》',
       title_s: '五月天最新MV《想把你写成一首歌》',
       uploadtime: '2016-11-23',
       url: 'http://v.qq.com/page/o/h/5/o0348r6evh5.html',
       vid: 'o0348r6evh5' },
     { ctime: '1970-01-01 08:00:00',
       cull: 0,
       desc: '一点都不浪漫',
       duration: '11:52',
       pic: 'http://vpic.video.qq.com/90223678/c0348umyclb_160_90_3.jpg',
       play_count: '1.5万',
       title: '不浪漫邂逅自杀遗书',
       title_s: '不浪漫邂逅自杀遗书',
       uploadtime: '2016-11-22',
       url: 'http://v.qq.com/page/c/l/b/c0348umyclb.html',
       vid: 'c0348umyclb' },
     { ctime: '1970-01-01 08:00:00',
       cull: 0,
       desc: '蓝精灵预告',
       duration: '01:30',
       pic: 'http://vpic.video.qq.com/25939061/f0348r7sl2f_160_90_3.jpg',
       play_count: '1.2万',
       title: '蓝精灵首曝预告片',
       title_s: '蓝精灵首曝预告片',
       uploadtime: '2016-11-22',
       url: 'http://v.qq.com/page/f/2/f/f0348r7sl2f.html',
       vid: 'f0348r7sl2f' },
     { ctime: '1970-01-01 08:00:00',
       cull: 0,
       desc: '蓝精灵预告',
       duration: '00:59',
       pic: 'http://vpic.video.qq.com/61943025/p0348qsb90c_160_90_3.jpg',
       play_count: '3727',
       title: '《蓝精灵》首曝正式预告',
       title_s: '《蓝精灵》首曝正式预告',
       uploadtime: '2016-11-22',
       url: 'http://v.qq.com/page/p/0/c/p0348qsb90c.html',
       vid: 'p0348qsb90c' },
     { ctime: '1970-01-01 08:00:00',
       cull: 0,
       desc: '愚蠢的好奇心',
       duration: '04:56',
       pic: 'http://vpic.video.qq.com/46546065/e03485bagk3_160_90_3.jpg',
       play_count: '2.4万',
       title: '愚蠢好奇心短片《惊悚盒》',
       title_s: '愚蠢好奇心短片《惊悚盒》',
       uploadtime: '2016-11-22',
       url: 'http://v.qq.com/page/e/k/3/e03485bagk3.html',
       vid: 'e03485bagk3' },
     { ctime: '1970-01-01 08:00:00',
       cull: 0,
       desc: '假如生活欺骗了你',
       duration: '03:01',
       pic: 'http://vpic.video.qq.com/76613001/s0348yg72g7_160_90_3.jpg',
       play_count: '17.0万',
       title: '泰国脑洞广告愿望橱窗',
       title_s: '泰国脑洞广告愿望橱窗',
       uploadtime: '2016-11-22',
       url: 'http://v.qq.com/page/s/g/7/s0348yg72g7.html',
       vid: 's0348yg72g7' },
     { ctime: '1970-01-01 08:00:00',
       cull: 0,
       desc: '预售',
       duration: '06:50',
       pic: 'http://vpic.video.qq.com/80145345/x03484kj7cw_160_90_3.jpg',
       play_count: '3193',
       title: '渣哥电影自习室2',
       title_s: '渣哥电影自习室2',
       uploadtime: '2016-11-21',
       url: 'http://v.qq.com/page/x/c/w/x03484kj7cw.html',
       vid: 'x03484kj7cw' },
     { ctime: '1970-01-01 08:00:00',
       cull: 0,
       desc: '预售最后一天！',
       duration: '07:07',
       pic: 'http://vpic.video.qq.com/95832959/n0348i5n24p_160_90_3.jpg',
       play_count: '2645',
       title: '渣哥电影自习室',
       title_s: '渣哥电影自习室',
       uploadtime: '2016-11-21',
       url: 'http://v.qq.com/page/n/4/p/n0348i5n24p.html',
       vid: 'n0348i5n24p' },
     { ctime: '1970-01-01 08:00:00',
       cull: 0,
       desc: '奉献需要每一个人',
       duration: '09:17',
       pic: 'http://vpic.video.qq.com/23865798/i0348o34404_160_90_3.jpg',
       play_count: '16.0万',
       title: '台湾吴念真感人公益广告《感谢先生》',
       title_s: '台湾吴念真感人公益广告《感谢先生》',
       uploadtime: '2016-11-21',
       url: 'http://v.qq.com/page/i/0/4/i0348o34404.html',
       vid: 'i0348o34404' },
     { ctime: '1970-01-01 08:00:00',
       cull: 0,
       desc: '保护你的健康',
       duration: '02:59',
       pic: 'http://vpic.video.qq.com/4737335/h0348sewti4_160_90_3.jpg',
       play_count: '5.1万',
       title: '健身宣传动画',
       title_s: '健身宣传动画',
       uploadtime: '2016-11-21',
       url: 'http://v.qq.com/page/h/i/4/h0348sewti4.html',
       vid: 'h0348sewti4' },
     { ctime: '1970-01-01 08:00:00',
       cull: 0,
       desc: '首部无人机拍摄微电影',
       duration: '13:39',
       pic: 'http://vpic.video.qq.com/16301619/v03474s48bz_160_90_3.jpg',
       play_count: '4.2万',
       title: '无人机拍摄微电影',
       title_s: '无人机拍摄微电影',
       uploadtime: '2016-11-20',
       url: 'http://v.qq.com/page/v/b/z/v03474s48bz.html',
       vid: 'v03474s48bz' },
     { ctime: '1970-01-01 08:00:00',
       cull: 0,
       desc: '追逐光的男孩',
       duration: '02:15',
       pic: 'http://vpic.video.qq.com/68289566/f0347tfnb1o_160_90_3.jpg',
       play_count: '10.6万',
       title: '台湾清新动画追逐光的男孩',
       title_s: '台湾清新动画追逐光的男孩',
       uploadtime: '2016-11-20',
       url: 'http://v.qq.com/page/f/1/o/f0347tfnb1o.html',
       vid: 'f0347tfnb1o' },
     { ctime: '1970-01-01 08:00:00',
       cull: 0,
       desc: '结尾亮了',
       duration: '13:37',
       pic: 'http://vpic.video.qq.com/31723057/l0347eonsj8_160_90_3.jpg',
       play_count: '8.8万',
       title: '这里有一只怪物',
       title_s: '这里有一只怪物',
       uploadtime: '2016-11-19',
       url: 'http://v.qq.com/page/l/j/8/l0347eonsj8.html',
       vid: 'l0347eonsj8' },
     { ctime: '1970-01-01 08:00:00',
       cull: 0,
       desc: '哲思',
       duration: '08:14',
       pic: 'http://vpic.video.qq.com/13322422/m0347ib89tk_160_90_3.jpg',
       play_count: '13.6万',
       title: '我有个女朋友，她的名字叫现在',
       title_s: '我有个女朋友，她的名字叫现在',
       uploadtime: '2016-11-18',
       url: 'http://v.qq.com/page/m/t/k/m0347ib89tk.html',
       vid: 'm0347ib89tk' },
     { ctime: '1970-01-01 08:00:00',
       cull: 0,
       desc: '全方面介绍新产品性能',
       duration: '03:06',
       pic: 'http://vpic.video.qq.com/26684369/o03471zce0q_160_90_3.jpg',
       play_count: '3.3万',
       title: '苹果Macbook Pro产品功能介绍',
       title_s: '苹果Macbook Pro产品功能介绍',
       uploadtime: '2016-11-18',
       url: 'http://v.qq.com/page/o/0/q/o03471zce0q.html',
       vid: 'o03471zce0q' },
     { ctime: '1970-01-01 08:00:00',
       cull: 0,
       desc: '苹果最新产品视频',
       duration: '01:37',
       pic: 'http://vpic.video.qq.com/46613613/p0347djqu8c_160_90_3.jpg',
       play_count: '440',
       title: 'MacBook Pro-Bulbsmp4',
       title_s: 'MacBook Pro-Bulbsmp4',
       uploadtime: '2016-11-18',
       url: 'http://v.qq.com/page/p/8/c/p0347djqu8c.html',
       vid: 'p0347djqu8c' },
     { ctime: '1970-01-01 08:00:00',
       cull: 0,
       desc: '海洋奇缘混剪',
       duration: '02:19',
       pic: 'http://vpic.video.qq.com/40585075/w0347842f82_160_90_3.jpg',
       play_count: '2.4万',
       title: '海洋奇缘混剪最终',
       title_s: '海洋奇缘混剪最终',
       uploadtime: '2016-11-18',
       url: 'http://v.qq.com/page/w/8/2/w0347842f82.html',
       vid: 'w0347842f82' },
     { ctime: '1970-01-01 08:00:00',
       cull: 0,
       desc: '黑科技',
       duration: '01:37',
       pic: 'http://vpic.video.qq.com/78971288/d0347lis536_160_90_3.jpg',
       play_count: '3.9万',
       title: '苹果跑酷广告宣传片',
       title_s: '苹果跑酷广告宣传片',
       uploadtime: '2016-11-18',
       url: 'http://v.qq.com/page/d/3/6/d0347lis536.html',
       vid: 'd0347lis536' },
     { ctime: '1970-01-01 08:00:00',
       cull: 0,
       desc: '你是哪个系的？',
       duration: '03:36',
       pic: 'http://vpic.video.qq.com/92073953/k0347rffpqi_160_90_3.jpg',
       play_count: '7.2万',
       title: '别人家的动物系女朋友',
       title_s: '别人家的动物系女朋友',
       uploadtime: '2016-11-18',
       url: 'http://v.qq.com/page/k/q/i/k0347rffpqi.html',
       vid: 'k0347rffpqi' },
     { ctime: '1970-01-01 08:00:00',
       cull: 0,
       desc: '再虐一遍',
       duration: '03:31',
       pic: 'http://vpic.video.qq.com/48323876/o03467i8ds9_160_90_3.jpg',
       play_count: '3.4万',
       title: '日剧日影高甜告白混剪第二弹',
       title_s: '日剧日影高甜告白混剪第二弹',
       uploadtime: '2016-11-17',
       url: 'http://v.qq.com/page/o/s/9/o03467i8ds9.html',
       vid: 'o03467i8ds9' },
     { ctime: '1970-01-01 08:00:00',
       cull: 0,
       desc: '好暖',
       duration: '03:00',
       pic: 'http://vpic.video.qq.com/28136463/p0346pmlhzg_160_90_3.jpg',
       play_count: '4.3万',
       title: '玛莎圣诞广告 圣诞奶奶来啦',
       title_s: '玛莎圣诞广告 圣诞奶奶来啦',
       uploadtime: '2016-11-17',
       url: 'http://v.qq.com/page/p/z/g/p0346pmlhzg.html',
       vid: 'p0346pmlhzg' },
     { ctime: '1970-01-01 08:00:00',
       cull: 0,
       desc: '虐死你',
       duration: '04:47',
       pic: 'http://vpic.video.qq.com/51600356/z0346u28oif_160_90_3.jpg',
       play_count: '4.0万',
       title: '日剧日影超高甜告白混剪',
       title_s: '日剧日影超高甜告白混剪',
       uploadtime: '2016-11-17',
       url: 'http://v.qq.com/page/z/i/f/z0346u28oif.html',
       vid: 'z0346u28oif' },
     { ctime: '1970-01-01 08:00:00',
       cull: 0,
       desc: '在VR拍摄中，后期缝合问题困扰着很多创作人，毕竟VR影视的后期制作与传统影视差别还是比较大。全景视频，说白了就是把画面拼成球，既然是拼的，就会有缝。这些“缝”拼得不好就会影响画面质量和观众的临场感，所以考验后期团队的技术和耐心。这也是站长老王为什么要特意推出三期节目来重点讲解过缝问题的良苦用心。本期节目，我们将为大家介绍全景视频后期制作技巧（拼缝篇），在面对固定场景的固定拼缝时，我们要如何处理？',
       duration: '09:15',
       pic: 'http://vpic.video.qq.com/5541398/l03469f4tmi_160_90_3.jpg',
       play_count: '1.1万',
       title: '《VR补给站》第五集：如何让你的全景视频更加完美？（拼缝篇）',
       title_s: '《VR补给站》第五集：如何让你的全景视频更加完美？（拼缝篇）',
       uploadtime: '2016-11-17',
       url: 'http://v.qq.com/page/l/m/i/l03469f4tmi.html',
       vid: 'l03469f4tmi' } ],
  vtotal: 1883 }
[2016-11-25 12:23:08.948] [DEBUG] 腾讯视频 - 开始获取第1页视频列表
