[2016-12-07 10:42:09.842] [DEBUG] 平台 - 处理器实例化...
[2016-12-07 10:42:09.850] [DEBUG] 平台 - 控制器实例化...
[2016-12-07 10:42:09.852] [DEBUG] 平台 - server实例化
[2016-12-07 10:42:09.862] [DEBUG] 平台 - Server running at 2016 port
[2016-12-07 10:42:13.415] [DEBUG] 平台 - 请求[object Object]
[2016-12-07 10:42:14.672] [DEBUG] 平台 - 您输入的值没找到
[2016-12-07 10:42:14.672] [DEBUG] 平台 - undefined
[2016-12-07 10:42:14.784] [DEBUG] 平台 - 您输入的值没找到
[2016-12-07 10:42:14.800] [DEBUG] 平台 - 9993
[2016-12-07 10:42:14.900] [DEBUG] 平台 - 您输入的值没找到
[2016-12-07 10:42:14.915] [DEBUG] 平台 - 9993
[2016-12-07 10:42:18.034] [DEBUG] 平台 - 您输入的值没找到
[2016-12-07 10:42:18.034] [DEBUG] 平台 - 9993
[2016-12-07 10:42:18.141] [DEBUG] 平台 - 您输入的值没找到
[2016-12-07 10:42:18.141] [DEBUG] 平台 - 9993
[2016-12-07 10:42:20.785] [DEBUG] 平台 - 您输入的值没找到
[2016-12-07 10:42:20.785] [DEBUG] 平台 - 9993
[2016-12-07 10:42:20.900] [DEBUG] 平台 - 您输入的值没找到
[2016-12-07 10:42:20.916] [DEBUG] 平台 - 9993
[2016-12-07 10:42:21.019] [DEBUG] 平台 - 您输入的值没找到
[2016-12-07 10:42:21.019] [DEBUG] 平台 - 9993
[2016-12-07 10:42:21.143] [DEBUG] 平台 - 您输入的值没找到
[2016-12-07 10:42:21.143] [DEBUG] 平台 - 9993
[2016-12-07 10:42:21.263] [DEBUG] 平台 - 您输入的值没找到
[2016-12-07 10:42:21.263] [DEBUG] 平台 - 9993
[2016-12-07 10:42:21.384] [DEBUG] 平台 - 您输入的值没找到
[2016-12-07 10:42:21.384] [DEBUG] 平台 - 9993
