[2016-12-07 10:40:58.915] [DEBUG] 平台 - 处理器实例化...
[2016-12-07 10:40:58.915] [DEBUG] 平台 - 控制器实例化...
[2016-12-07 10:40:58.915] [DEBUG] 平台 - server实例化
[2016-12-07 10:40:58.931] [DEBUG] 平台 - Server running at 2016 port
[2016-12-07 10:41:08.249] [DEBUG] 平台 - 请求[object Object]
[2016-12-07 10:41:09.333] [DEBUG] 平台 - 您输入的值没找到
[2016-12-07 10:41:09.349] [DEBUG] 平台 - 9993
[2016-12-07 10:41:09.462] [DEBUG] 平台 - 您输入的值没找到
[2016-12-07 10:41:09.462] [DEBUG] 平台 - 9993
[2016-12-07 10:41:09.581] [DEBUG] 平台 - 您输入的值没找到
[2016-12-07 10:41:09.596] [DEBUG] 平台 - 9993
[2016-12-07 10:41:09.706] [DEBUG] 平台 - 您输入的值没找到
[2016-12-07 10:41:09.711] [DEBUG] 平台 - 9993
[2016-12-07 10:41:09.826] [DEBUG] 平台 - 您输入的值没找到
[2016-12-07 10:41:09.830] [DEBUG] 平台 - 9993
[2016-12-07 10:41:09.932] [DEBUG] 平台 - 您输入的值没找到
[2016-12-07 10:41:09.948] [DEBUG] 平台 - 9993
[2016-12-07 10:41:10.065] [DEBUG] 平台 - 您输入的值没找到
[2016-12-07 10:41:10.065] [DEBUG] 平台 - 9993
[2016-12-07 10:41:10.188] [DEBUG] 平台 - 您输入的值没找到
[2016-12-07 10:41:10.188] [DEBUG] 平台 - 9993
[2016-12-07 10:41:10.321] [DEBUG] 平台 - 您输入的值没找到
[2016-12-07 10:41:10.321] [DEBUG] 平台 - 9993
[2016-12-07 10:41:10.463] [DEBUG] 平台 - 您输入的值没找到
[2016-12-07 10:41:10.479] [DEBUG] 平台 - 9993
[2016-12-07 10:41:10.599] [DEBUG] 平台 - 您输入的值没找到
[2016-12-07 10:41:10.602] [DEBUG] 平台 - 9993
[2016-12-07 10:41:10.706] [DEBUG] 平台 - 您输入的值没找到
[2016-12-07 10:41:10.706] [DEBUG] 平台 - 9993
[2016-12-07 10:41:10.830] [DEBUG] 平台 - 您输入的值没找到
[2016-12-07 10:41:10.834] [DEBUG] 平台 - 9993
[2016-12-07 10:41:10.947] [DEBUG] 平台 - 您输入的值没找到
[2016-12-07 10:41:10.947] [DEBUG] 平台 - 9993
[2016-12-07 10:41:11.065] [DEBUG] 平台 - 您输入的值没找到
[2016-12-07 10:41:11.065] [DEBUG] 平台 - 9993
[2016-12-07 10:41:11.173] [DEBUG] 平台 - 您输入的值没找到
[2016-12-07 10:41:11.189] [DEBUG] 平台 - 9993
[2016-12-07 10:41:11.314] [DEBUG] 平台 - 您输入的值没找到
[2016-12-07 10:41:11.316] [DEBUG] 平台 - 9993
[2016-12-07 10:41:11.432] [DEBUG] 平台 - 您输入的值没找到
[2016-12-07 10:41:11.432] [DEBUG] 平台 - 9993
[2016-12-07 10:41:11.550] [DEBUG] 平台 - 您输入的值没找到
[2016-12-07 10:41:11.550] [DEBUG] 平台 - 9993
[2016-12-07 10:41:11.657] [DEBUG] 平台 - 您输入的值没找到
[2016-12-07 10:41:11.672] [DEBUG] 平台 - 9993
[2016-12-07 10:41:11.785] [DEBUG] 平台 - 您输入的值没找到
[2016-12-07 10:41:11.785] [DEBUG] 平台 - 9993
[2016-12-07 10:41:11.900] [DEBUG] 平台 - 您输入的值没找到
[2016-12-07 10:41:11.916] [DEBUG] 平台 - 9993
[2016-12-07 10:41:12.020] [DEBUG] 平台 - 您输入的值没找到
[2016-12-07 10:41:12.020] [DEBUG] 平台 - 9993
