[2016-12-07 10:45:03.099] [DEBUG] 平台 - 处理器实例化...
[2016-12-07 10:45:03.115] [DEBUG] 平台 - 控制器实例化...
[2016-12-07 10:45:03.115] [DEBUG] 平台 - server实例化
[2016-12-07 10:45:03.133] [DEBUG] 平台 - Server running at 2016 port
[2016-12-07 10:45:07.599] [DEBUG] 平台 - 请求[object Object]
[2016-12-07 10:45:08.127] [DEBUG] 平台 - http://m.uczzd.cn/iflow/api/v2/cmt/article/8482352226312568011/comments/byhot?count=10&fr=iphone&dn=11341561814-acaf3ab1&hotValue=
[2016-12-07 10:45:08.274] [DEBUG] 平台 - 您输入的值没找到
[2016-12-07 10:45:08.274] [DEBUG] 平台 - 
[2016-12-07 10:45:08.274] [DEBUG] 平台 - http://m.uczzd.cn/iflow/api/v2/cmt/article/8482352226312568011/comments/byhot?count=10&fr=iphone&dn=11341561814-acaf3ab1&hotValue=9993
[2016-12-07 10:45:08.440] [DEBUG] 平台 - 您输入的值没找到
[2016-12-07 10:45:08.442] [DEBUG] 平台 - 9993
[2016-12-07 10:45:08.446] [DEBUG] 平台 - http://m.uczzd.cn/iflow/api/v2/cmt/article/8482352226312568011/comments/byhot?count=10&fr=iphone&dn=11341561814-acaf3ab1&hotValue=9990
[2016-12-07 10:45:08.626] [DEBUG] 平台 - 您输入的值没找到
[2016-12-07 10:45:08.628] [DEBUG] 平台 - 9990
[2016-12-07 10:45:08.628] [DEBUG] 平台 - http://m.uczzd.cn/iflow/api/v2/cmt/article/8482352226312568011/comments/byhot?count=10&fr=iphone&dn=11341561814-acaf3ab1&hotValue=9984
[2016-12-07 10:45:09.464] [DEBUG] 平台 - 您输入的值没找到
[2016-12-07 10:45:09.464] [DEBUG] 平台 - 9984
[2016-12-07 10:45:09.464] [DEBUG] 平台 - http://m.uczzd.cn/iflow/api/v2/cmt/article/8482352226312568011/comments/byhot?count=10&fr=iphone&dn=11341561814-acaf3ab1&hotValue=9978
[2016-12-07 10:45:09.627] [DEBUG] 平台 - 您输入的值没找到
[2016-12-07 10:45:09.627] [DEBUG] 平台 - 9978
[2016-12-07 10:45:09.642] [DEBUG] 平台 - http://m.uczzd.cn/iflow/api/v2/cmt/article/8482352226312568011/comments/byhot?count=10&fr=iphone&dn=11341561814-acaf3ab1&hotValue=9977
[2016-12-07 10:45:09.786] [DEBUG] 平台 - 您输入的值没找到
[2016-12-07 10:45:09.786] [DEBUG] 平台 - 9977
[2016-12-07 10:45:09.786] [DEBUG] 平台 - http://m.uczzd.cn/iflow/api/v2/cmt/article/8482352226312568011/comments/byhot?count=10&fr=iphone&dn=11341561814-acaf3ab1&hotValue=9976
