[2016-12-16 12:32:57.528] [DEBUG] 平台 - 处理器实例化...
[2016-12-16 12:32:57.543] [DEBUG] 平台 - 控制器实例化...
[2016-12-16 12:32:57.543] [DEBUG] 平台 - server实例化
[2016-12-16 12:32:57.543] [DEBUG] 平台 - Server running at 2016 port
[2016-12-16 12:33:01.515] [DEBUG] 平台 - { type: 'script',
  name: 'script',
  attribs: { src: 'http://static9.pplive.cn/mobile/msite/v_20161121143150/dist/js/viewmodels/plugin/Swiper.js' },
  children: [],
  next: 
   { type: 'tag',
     name: 'link',
     attribs: 
      { rel: 'stylesheet',
        href: 'http://static9.pplive.cn/mobile/msite/v_20161121143150/dist/css/style.css' },
     children: [],
     next: 
      { type: 'style',
        name: 'style',
        attribs: {},
        children: [Object],
        next: [Object],
        prev: [Circular],
        parent: [Object] },
     prev: [Circular],
     parent: 
      { type: 'tag',
        name: 'head',
        attribs: {},
        children: [Object],
        next: [Object],
        prev: [Object],
        parent: [Object] } },
  prev: 
   { type: 'script',
     name: 'script',
     attribs: { type: 'text/javascript' },
     children: [ [Object] ],
     next: [Circular],
     prev: 
      { type: 'style',
        name: 'style',
        attribs: {},
        children: [Object],
        next: [Circular],
        prev: [Object],
        parent: [Object] },
     parent: 
      { type: 'tag',
        name: 'head',
        attribs: {},
        children: [Object],
        next: [Object],
        prev: [Object],
        parent: [Object] } },
  parent: 
   { type: 'tag',
     name: 'head',
     attribs: {},
     children: 
      [ [Object],
        [Object],
        [Object],
        [Object],
        [Object],
        [Object],
        [Object],
        [Object],
        [Object],
        [Object],
        [Object],
        [Object],
        [Object],
        [Object],
        [Object],
        [Object],
        [Object],
        [Object],
        [Object],
        [Object],
        [Object],
        [Object],
        [Circular],
        [Object],
        [Object],
        [Object] ],
     next: 
      { data: '\n',
        type: 'text',
        next: [Object],
        prev: [Circular],
        parent: [Object] },
     prev: 
      { data: '\n',
        type: 'text',
        next: [Circular],
        prev: null,
        parent: [Object] },
     parent: 
      { type: 'tag',
        name: 'html',
        attribs: {},
        children: [Object],
        next: null,
        prev: [Object],
        parent: null,
        root: [Object] } } }
