[2016-12-16 12:35:39.127] [DEBUG] 平台 - 处理器实例化...
[2016-12-16 12:35:39.136] [DEBUG] 平台 - 控制器实例化...
[2016-12-16 12:35:39.137] [DEBUG] 平台 - server实例化
[2016-12-16 12:35:39.148] [DEBUG] 平台 - Server running at 2016 port
[2016-12-16 12:35:41.921] [DEBUG] 平台 - { type: 'script',
  name: 'script',
  attribs: { language: 'javascript' },
  children: 
   [ { data: '\n    var webcfg ={"errorCode":0,"result":{"web_config":{"cid":8005228,"id_encode":"bIhV0ydnjcsurBQ","pid":8005228,"vt":"22","cat_id":"75340","duration":"60","title":"\\u98de\\u789f\\u8bf4 \\u7ea6\\u70ae\\u8fdb\\u5316\\u53f2","pay":"0","icon":"http:\\/\\/v.img.pplive.cn\\/cp120\\/b5\\/23\\/b52339ecfa252d316319ce47923de1ea\\/3.jpg","p_title":false,"share_content":"%E6%88%91%E6%AD%A3%E5%9C%A8%23PPTV+%E7%BD%91%E7%BB%9C%E7%94%B5%E8%A7%86%23%E8%A7%82%E7%9C%8B%E3%80%90%E9%A3%9E%E7%A2%9F%E8%AF%B4+%E7%BA%A6%E7%82%AE%E8%BF%9B%E5%8C%96%E5%8F%B2%E3%80%91%EF%BC%88%E5%88%86%E4%BA%AB%E8%87%AA%40PPTV%E8%81%9A%E5%8A%9B%EF%BC%89","player":{"ctx":"complete%3D1%26kk%3D603fbd2736df10517980537d52c31368-1aa5-58537c56","videoType":"vod","adConfig":{"chid":8005228,"clid":0}}},"modules":[{"id":"","tid":"t_m_player","data":[]},{"id":"","tid":"t_m_download1","data":{"pptv_link":"","apk_link":"","ios_link":"","title":"\\u6253\\u5f00PPTV\\u805a\\u529bAPP\\uff0c\\u63d0\\u53473\\u500d\\u6d41\\u7545\\u5ea6","download_type":0}},{"id":"","tid":"t_m_title","data":{"cate_name":"\\u641e\\u7b11","title":"\\u98de\\u789f\\u8bf4 \\u7ea6\\u70ae\\u8fdb\\u5316\\u53f2","score":"","share_param":{"title":"\\u98de\\u789f\\u8bf4 \\u7ea6\\u70ae\\u8fdb\\u5316\\u53f2","icon":"http:\\/\\/v.img.pplive.cn\\/cp120\\/b5\\/23\\/b52339ecfa252d316319ce47923de1ea\\/3.jpg"}}},{"id":"","tid":"t_m_intro","data":{"title":"","dlist":[{"title":"","sub":"\\u5bfc\\u6f14"},{"title":"","sub":"\\u6f14\\u5458"},{"title":"\\u7206\\u7b11\\u79c0\\u573a","sub":"\\u7c7b\\u578b"},{"title":"\\u5927\\u9646","sub":"\\u5730\\u533a"},{"title":"","sub":"\\u5e74\\u4efd"},{"title":"\\u98de\\u789f\\u00a0\\u7ea6\\u70ae\\u8fdb\\u5316\\u53f2","sub":"\\u7b80\\u4ecb"}]}},{"id":"","tid":"t_m_recom_list","data":{"title":"","dlist":[]}},{"id":"","tid":"t_str_list","data":{"title":"\\u98de\\u789f\\u8bf4 \\u7ea6\\u70ae\\u8fdb\\u5316\\u53f2","icon":"http:\\/\\/img24.pplive.cn\\/2014\\/05\\/19\\/20353635699_230X306.jpg","target":"web","link":"http:\\/\\/v.pptv.com\\/show\\/bIhV0zuhEU8RtRyC8g.html","source":"json","subtitle":"","update":0,"total":"12","total_state":"0","vsTitle":"","now":0,"dlist":[{"overlap_new":{"right":"04:07"},"date":"","id":"17339176","contentType":"0","target":"target","link":"http:\\/\\/m.pptv.com\\/show\\/KPlU0ydnjcsurBQ.html","img":"http:\\/\\/img24.pplive.cn\\/2014\\/05\\/19\\/20353635699_230X306.jpg","pv":"128\\u4e07","title":"\\u98de\\u789f\\u8bf4 \\u6ca1\\u6709\\u623f\\u5b50\\u5c31\\u6ca1\\u6709\\u4e08\\u6bcd\\u5a18"},{"overlap_new":{"right":"04:24"},"date":"","id":"17334490","contentType":"0","target":"target","link":"http:\\/\\/m.pptv.com\\/show\\/2pjzcIQI4iaCDAWk.html","img":"http:\\/\\/v.img.pplive.cn\\/cp10\\/05\\/98\\/0598d362f1b228b12be5015c683ad5e2\\/3.jpg","pv":"77\\u4e07","title":"\\u98de\\u789f\\u8bf4 \\u4e2d\\u56fd\\u80b2\\u513f\\u4f1f\\u4e1a"},{"overlap_new":{"right":"03:44"},"date":"","id":"17339105","contentType":"0","target":"target","link":"http:\\/\\/m.pptv.com\\/show\\/4bEcm1icfFVO2NJw.html","img":"http:\\/\\/img24.pplive.cn\\/2014\\/05\\/19\\/20353635699_230X306.jpg","pv":"64\\u4e07","title":"\\u98de\\u789f\\u8bf4 \\u4e3a\\u88c5\\u903c \\u53bb\\u65c5\\u884c"},{"overlap_new":{"right":"01:00"},"date":"","id":"17332956","contentType":"3","target":"target","link":"http:\\/\\/m.pptv.com\\/show\\/3ORPzAiaUXpzicfeU.html","img":"http:\\/\\/v.img.pplive.cn\\/cp10\\/93\\/f1\\/93f1047fc186ec57ec9dee40f39dad0a\\/3.jpg","pv":"57\\u4e07","title":"\\u4e00\\u5206\\u949f\\u6559\\u4f60\\u5e94\\u5bf9\\u804c\\u573a\\u6027\\u9a9a\\u6270"},{"overlap_new":{"right":"01:00"},"date":"","id":"17332957","contentType":"3","target":"target","link":"http:\\/\\/m.pptv.com\\/show\\/3eVQzwuTWZf6eOA.html","img":"http:\\/\\/v.img.pplive.cn\\/cp10\\/c9\\/79\\/c9792a0157884c9630f5b88c21f6ee9b\\/3.jpg","pv":"41\\u4e07","title":"\\u4e00\\u5206\\u949f\\u6559\\u4f60\\u5e94\\u5bf9\\u5c0f\\u4e09\\u6316\\u5899\\u811a"},{"overlap_new":{"right":"01:00"},"date":"","id":"17333003","contentType":"3","target":"target","link":"http:\\/\\/m.pptv.com\\/show\\/C64JhlLaEE6xL5c.html","img":"http:\\/\\/v.img.pplive.cn\\/cp10\\/0b\\/a2\\/0ba26b2bca47959b5a65c48a71254eb8\\/3.jpg","pv":"181\\u4e07","title":"\\u4e00\\u5206\\u949f\\u6559\\u4f60\\u5982\\u4f55\\u7ea6\\u70ae"},{"overlap_new":{"right":"01:00"},"date":"","id":"17333025","contentType":"3","target":"target","link":"http:\\/\\/m.pptv.com\\/show\\/IZjzcIQI4iaCDAWk.html","img":"http:\\/\\/v.img.pplive.cn\\/cp10\\/58\\/a7\\/58a77aa31399b6646a4b5561300ac46b\\/3.jpg","pv":"128\\u4e07","title":"\\u4e00\\u5206\\u949f\\u6559\\u4f60\\u770b\\u7a7f\\u4eba\\u9020\\u7f8e\\u5973"},{"overlap_new":{"right":"01:00"},"date":"","id":"17333047","contentType":"3","target":"target","link":"http:\\/\\/m.pptv.com\\/show\\/N4rlYna2PHrdW8M.html","img":"http:\\/\\/v.img.pplive.cn\\/cp10\\/c2\\/c3\\/c2c3d95991d2f35d5b60a342bfe3059b\\/3.jpg","pv":"88\\u4e07","title":"\\u4e00\\u5206\\u949f\\u6559\\u4f60\\u6210\\u4e3a\\u63a5\\u543b\\u9ad8\\u624b"},{"overlap_new":{"right":"01:00"},"date":"","id":"17333049","contentType":"3","target":"target","link":"http:\\/\\/m.pptv.com\\/show\\/OYDraGywOnjbWcE.html","img":"http:\\/\\/v.img.pplive.cn\\/cp10\\/d5\\/4a\\/d54ab9c979b70c551fd3a9d9b4742ac2\\/3.jpg","pv":"186\\u4e07","title":"\\u4e00\\u5206\\u949f\\u6559\\u4f60\\u62c6\\u7a7f\\u5047\\u9ad8\\u6f6e"},{"overlap_new":{"right":"01:00"},"date":"","id":"17333019","contentType":"3","target":"target","link":"http:\\/\\/m.pptv.com\\/show\\/G575doIK4B6Bic2c.html","img":"http:\\/\\/v.img.pplive.cn\\/cp10\\/fa\\/0b\\/fa0bbb02721a3f13a0dc3fe021e8c972\\/3.jpg","pv":"41\\u4e07","title":"\\u4e00\\u5206\\u949f\\u6559\\u4f60\\u4e86\\u89e3\\u5f3a\\u8feb\\u75c7"},{"overlap_new":{"right":"01:00"},"date":"","id":"17333031","contentType":"3","target":"target","link":"http:\\/\\/m.pptv.com\\/show\\/J5r1coYG7CqNC3M.html","img":"http:\\/\\/v.img.pplive.cn\\/cp10\\/ec\\/20\\/ec205f52b1c1486093bd2eca09f01bf6\\/3.jpg","pv":"205\\u4e07","title":"\\u4e00\\u5206\\u949f\\u6559\\u4f60\\u51cf\\u5c11\\u64b8\\u7ba1\\u6b21\\u6570"},{"overlap_new":{"right":"01:00"},"date":"","id":"17332946","contentType":"3","target":"target","link":"http:\\/\\/m.pptv.com\\/show\\/0uZRzgqSWJb5d98.html","img":"http:\\/\\/v.img.pplive.cn\\/cp10\\/b5\\/23\\/b52339ecfa252d316319ce47923de1ea\\/3.jpg","pv":"49\\u4e07","title":"\\u4e00\\u5206\\u949f\\u6559\\u4f60\\u5728\\u8003\\u8bd5\\u4e2d\\u4f5c\\u5f0a"}]}},{"id":"","tid":"t_m_adload","data":{"title":"","link":"","adpositionid":"291109"}},{"id":"","tid":"t_m_recommend","data":{"title":"","type":"\\u641e\\u7b11","dlist":[{"url":"http:\\/\\/m.pptv.com\\/show\\/lYLraNA2puRHxS0.html","title":"\\u641e\\u7b11\\u7cbe\\u9009-20140818-\\u98de\\u789f\\u4e00\\u5206\\u949f \\u4e00\\u5206\\u949f\\u6559\\u4f60\\u6b63\\u786e\\u6234\\u907f\\u5b55\\u5957","img":"http:\\/\\/v.img.pplive.cn\\/cp16\\/3b\\/8d\\/3b8d714ee6917b87a463f1c92fa007fa\\/3.jpg","score":"9.0","duration":60},{"url":"http:\\/\\/m.pptv.com\\/show\\/4bEcmwNp2Rd6ibGA.html","title":"\\u641e\\u7b11\\u7cbe\\u9009-20140523-\\u98de\\u789f\\u8bf4 \\u4e3a\\u88c5\\u903c \\u53bb\\u65c5\\u884c","img":"http:\\/\\/v.img.pplive.cn\\/cp16\\/b5\\/01\\/b50124a75fac1df1d7771a58e48bb81c\\/8.jpg","score":"7.9","duration":224},{"url":"http:\\/\\/m.pptv.com\\/show\\/9yePDHTaSojradE.html","title":"\\u641e\\u7b11\\u7cbe\\u9009-20140828-\\u4e00\\u5206\\u949f\\u6559\\u4f60\\u548c\\u7537\\u53cb\\u5171\\u540c\\u8fbe\\u5230\\u9ad8\\u6f6e","img":"http:\\/\\/v.img.pplive.cn\\/cp16\\/8a\\/e4\\/8ae41c9ce32773134b9107a37a8e4222\\/3.jpg","score":"6.9","duration":60},{"url":"http:\\/\\/m.pptv.com\\/show\\/CF64N58FdbMWlPw.html","title":"\\u641e\\u7b11\\u7cbe\\u9009-20140829-\\u4e00\\u5206\\u949f\\u6559\\u4f60\\u7ed9\\u5973\\u751f\\u5b89\\u5168\\u611f","img":"http:\\/\\/v.img.pplive.cn\\/cp16\\/7b\\/cc\\/7bcc4575589f5f571b2ccef078f0063b\\/3.jpg","score":"9.0","duration":61},{"url":"http:\\/\\/m.pptv.com\\/show\\/GQTSUbkfj80wrhY.html","title":"\\u641e\\u7b11\\u5947\\u8da3-20150804-\\u6c6a\\u661f\\u4eba\\u4e3a\\u4e86\\u5e2e\\u4e3b\\u4eba\\u6361\\u98de\\u789f\\u4e5f\\u62fc\\u547d\\u4e86","img":"http:\\/\\/v.img.pplive.cn\\/cp16\\/d9\\/71\\/d9711dc68a6cba26f95ba443993f253f\\/3.jpg","score":"8.0","duration":17},{"url":"http:\\/\\/m.pptv.com\\/show\\/zccTkPhezgxv7VU.html","title":"\\u641e\\u7b11\\u5947\\u8da3-20160407-Vine \\u641e\\u7b11\\u77ed\\u7247\\u7cbe\\u9009","img":"http:\\/\\/v.img.pplive.cn\\/cp16\\/7e\\/3e\\/7e3e61885527035e05f301209b778da3\\/3.jpg","score":"8.0","duration":105},{"url":"http:\\/\\/m.pptv.com\\/show\\/KPlU0zuhEUibyMJg.html","title":"\\u641e\\u7b11\\u7cbe\\u9009-20140523-\\u98de\\u789f\\u8bf4 \\u6ca1\\u6709\\u623f\\u5b50\\u5c31\\u6ca1\\u6709\\u4e08\\u6bcd\\u5a18","img":"http:\\/\\/v.img.pplive.cn\\/cp16\\/eb\\/0a\\/eb0abdb205e9581039380e04d96cfa14\\/3.jpg","score":"7.9","duration":247},{"url":"http:\\/\\/m.pptv.com\\/show\\/9iaaQD3fdTYvubNQ.html","title":"\\u641e\\u7b11\\u7cbe\\u9009-20140828-\\u4e00\\u5206\\u949f\\u6559\\u4f60\\u5e94\\u5bf9X\\u8d77\\u5c34\\u5c2c","img":"http:\\/\\/v.img.pplive.cn\\/cp16\\/50\\/33\\/503321ccf4e1e0fed6d08bed33d242b4\\/3.jpg","score":"9.0","duration":60},{"url":"http:\\/\\/m.pptv.com\\/show\\/WL8Ylic9l1RN29Fw.html","title":"\\u641e\\u7b11\\u5947\\u8da3-20140819-\\u4e00\\u5206\\u949f\\u6559\\u4f60\\u751f\\u51fa\\u5065\\u5eb7\\u5317\\u9f3b","img":"http:\\/\\/v.img.pplive.cn\\/cp16\\/a5\\/e2\\/a5e281ef6249dcfe1a3a49bf31910341\\/3.jpg","score":"8.0","duration":60},{"url":"http:\\/\\/m.pptv.com\\/show\\/fOhS0TmfD02wLpY.html","title":"\\u641e\\u7b11\\u7cbe\\u9009-20140425-\\u4e00\\u5206\\u949f\\u6559\\u4f60\\u5e94\\u5bf9\\u5f3ax","img":"http:\\/\\/v.img.pplive.cn\\/cp16\\/b5\\/ad\\/b5ad6d481204af804e54439b4942ab96\\/3.jpg","score":"0.0","duration":60},{"url":"http:\\/\\/m.pptv.com\\/show\\/GibVQzzedDUuuLJQ.html","title":"\\u641e\\u7b11\\u7cbe\\u9009-20140529-\\u98de\\u789f\\u8bf4 \\u4eba\\u8270\\u4e0d\\u62c6\\uff01\\u4e3a\\u4ec0\\u4e48\\u7a77\\u4eba\\u7231\\u4e70\\u5f69\\u7968","img":"http:\\/\\/v.img.pplive.cn\\/cp16\\/c9\\/d2\\/c9d2954e3a422f29dea649184cf6e985\\/3.jpg","score":"0.0","duration":246},{"url":"http:\\/\\/m.pptv.com\\/show\\/8HjiaYckvn91AviaY.html","title":"\\u641e\\u7b11\\u7cbe\\u9009-20140423-\\u4e00\\u5206\\u949f\\u62c6\\u7a7f\\u5047\\u9ad8\\u6f6e","img":"http:\\/\\/v.img.pplive.cn\\/cp16\\/a4\\/9e\\/a49efac99221b674c796cd421a4a82a9\\/3.jpg","score":"0.0","duration":60},{"url":"http:\\/\\/m.pptv.com\\/show\\/jcwtqhJ46CaJB28.html","title":"\\u641e\\u7b11\\u7cbe\\u9009-2014024-\\u4e00\\u5206\\u949f\\u6559\\u4f60\\u548c\\u523b\\u8584\\u7684\\u9886\\u5bfc\\u76f8\\u5904","img":"http:\\/\\/v.img.pplive.cn\\/cp16\\/05\\/4d\\/054d1235e3031d8b0efe2860023319d4\\/3.jpg","score":"0.0","duration":60},{"url":"http:\\/\\/m.pptv.com\\/show\\/Uhho50ib1JWPGRKw.html","title":"\\u641e\\u7b11\\u5947\\u8da3-20150107-\\u4e00\\u5206\\u949f\\u6559\\u4f60\\u7a7f\\u7684\\u66f4\\u6027\\u611f","img":"http:\\/\\/v.img.pplive.cn\\/cp16\\/d6\\/db\\/d6db86bb5b19b750438a072c5f4a5e21\\/3.jpg","score":"8.0","duration":59},{"url":"http:\\/\\/m.pptv.com\\/show\\/xibZEwyuRATibiaIIg.html","title":"\\u641e\\u7b11\\u7cbe\\u9009-20140411-\\u4e2d\\u56fd\\u7535\\u89c6\\u673a\\u8fdb\\u5316\\u53f2","img":"http:\\/\\/v.img.pplive.cn\\/cp16\\/e6\\/1f\\/e61f3c20449e46dc3a117f401106b362\\/3.jpg","score":"0.0","duration":252},{"url":"http:\\/\\/m.pptv.com\\/show\\/lSWhHobsXJr9eibM.html","title":"\\u641e\\u7b11\\u5947\\u8da3-20141210-\\u4e00\\u5206\\u949f\\u6559\\u4f60\\u5728\\u7403\\u573a\\u5438\\u5f15\\u5973\\u751f","img":"http:\\/\\/v.img.pplive.cn\\/cp16\\/34\\/27\\/3427a368ff9c939d734b5ff3444f3570\\/3.jpg","score":"8.0","duration":60},{"url":"http:\\/\\/m.pptv.com\\/show\\/rZ5LyDCWBkSnJY0.html","title":"\\u641e\\u7b11\\u5947\\u8da3-20160329-\\u5168\\u7a0b\\u9ad8\\u80fd \\u7206\\u7b11\\u77ed\\u7247\\u5408\\u96c6","img":"http:\\/\\/v.img.pplive.cn\\/cp16\\/26\\/57\\/2657ebe88fe105b4008ee35f55a2bea7\\/3.jpg","score":"8.0","duration":72},{"url":"http:\\/\\/m.pptv.com\\/show\\/cXVw71e9LWvOTLQ.html","title":"\\u641e\\u7b11\\u5947\\u8da3-20160426-\\u4e00\\u5206\\u949f\\u60f3\\u5206\\u624b\\u516b\\u767e\\u6b21\\u7684\\u7537\\u53cb","img":"http:\\/\\/v.img.pplive.cn\\/cp16\\/05\\/fd\\/05fde06cd9c51ddd9d2ab30eb7d6c040\\/3.jpg","score":"8.0","duration":60},{"url":"http:\\/\\/m.pptv.com\\/show\\/2pjzcNgibruxPzTU.html","title":"\\u641e\\u7b11\\u7cbe\\u9009-20140520-\\u98de\\u789f\\u8bf4 \\u4e2d\\u56fd\\u80b2\\u513f\\u4f1f\\u4e1a","img":"http:\\/\\/v.img.pplive.cn\\/cp16\\/05\\/98\\/0598d362f1b228b12be5015c683ad5e2\\/3.jpg","score":"0.0","duration":264},{"url":"http:\\/\\/m.pptv.com\\/show\\/jVU5th6E9DKVE3s.html","title":"\\u641e\\u7b11\\u5947\\u8da3-20161208-\\u8fd9\\u662f\\u771f\\u6b63\\u7684\\u7075\\u9b42\\u821e\\u8005 \\u597d\\u4e1c\\u897f\\u5c31\\u662f\\u8981\\u5206\\u4eab","img":"http:\\/\\/v.img.pplive.cn\\/cp16\\/fe\\/69\\/fe693b3e628683d5b827f4486db72cb1\\/1481168710088.jpg","score":"8.0","duration":64},{"url":"http:\\/\\/m.pptv.com\\/show\\/YW529V3DM3HUUro.html","title":"\\u641e\\u7b11\\u5947\\u8da3-20160812-\\u798f\\u539f\\u7231\\u7231\\u9171\\u5206\\u4eab\\u5965\\u8fd0\\u6751\\u4fee\\u9a6c\\u6876\\u5fc3\\u5f97","img":"http:\\/\\/v.img.pplive.cn\\/cp16\\/32\\/8b\\/328bc23fa429dff795c0ffc95bc9d768\\/3.jpg","score":"8.0","duration":61},{"url":"http:\\/\\/m.pptv.com\\/show\\/dTmnJIzyYqADgek.html","title":"\\u641e\\u7b11\\u5947\\u8da3-20160817-\\u4eca\\u5929\\u5de5\\u5730\\u65b0\\u6765\\u4e86\\u4e2a\\u6f02\\u4eae\\u7684\\u5973\\u5de5\\u53cb\\uff0c\\u62cd\\u4e2a\\u89c6\\u9891\\u5206\\u4eab\\u7ed9\\u5927\\u5bb6","img":"http:\\/\\/v.img.pplive.cn\\/cp16\\/e7\\/60\\/e760bd6e177d2f9e21f3be8a8fd065c8\\/3.jpg","score":"8.0","duration":15},{"url":"http:\\/\\/m.pptv.com\\/show\\/szWlIorwYJ4Bfibc.html","title":"\\u641e\\u7b11\\u5947\\u8da3-20160407-\\u7075\\u9b42\\u6b4c\\u9e21\\u503e\\u60c5\\u6f14\\u7ece\\u7ecf\\u5178\\u540d\\u66f2","img":"http:\\/\\/v.img.pplive.cn\\/cp16\\/a5\\/9b\\/a59bb8523c59248c0d3adbc793378b38\\/3.jpg","score":"8.0","duration":198},{"url":"http:\\/\\/m.pptv.com\\/show\\/H6SKCXHXR4XoZs4.html","title":"\\u641e\\u7b11\\u5947\\u8da3-20161206-\\u5973\\u53cb\\u751f\\u6c14\\uff0c\\u76f4\\u7537\\u5e94\\u8be5\\u5982\\u4f55\\u5bf9\\u75c7\\u4e0b\\u836f\\uff1f","img":"http:\\/\\/v.img.pplive.cn\\/cp16\\/01\\/dd\\/01dd49cc6f68f35d81e3af4a614c388f\\/3.jpg","score":"8.0","duration":261},{"url":"http:\\/\\/m.pptv.com\\/show\\/tX1h3kasHFq9O6M.html","title":"\\u641e\\u7b11\\u5947\\u8da3-20161207-\\u7535\\u68af\\u6076\\u641e\\uff1a\\u7535\\u68af\\u5185\\u60ca\\u73b0\\u65b0\\u9c9c\\u4e27\\u5c38\\uff01\\u7b80\\u76f4\\u5413\\u5c3f\\uff01","img":"http:\\/\\/v.img.pplive.cn\\/cp16\\/25\\/b0\\/25b0e93ca90a2a856743fba686e59843\\/3.jpg","score":"8.0","duration":99},{"url":"http:\\/\\/m.pptv.com\\/show\\/fT6sK5P5aacKiaPA.html","title":"\\u641e\\u7b11\\u5947\\u8da3-20160411-\\u89e6\\u53ca\\u7075\\u9b42\\u7684rap","img":"http:\\/\\/v.img.pplive.cn\\/cp16\\/0e\\/de\\/0ede29ac4a01188ba3cd00d64726fa8b\\/3.jpg","score":"8.0","duration":143},{"url":"http:\\/\\/m.pptv.com\\/show\\/hSgMiaicNZyQdq6FA.html","title":"\\u641e\\u7b11\\u5947\\u8da3-20161104-\\u4f34\\u5a18\\u8eab\\u4e0a\\u85cf\\u4e1c\\u897f\\u8ba9\\u65b0\\u6d6a\\u5e26\\u773c\\u7f69\\u4e71\\u6478 \\u4f34\\u5a18\\u5c34\\u5c2c\\u4e07\\u5206","img":"http:\\/\\/v.img.pplive.cn\\/cp16\\/1b\\/e0\\/1be0d461635a6a7f14bd909708670acb\\/3.jpg","score":"8.0","duration":171},{"url":"http:\\/\\/m.pptv.com\\/show\\/N49v7FS6KmjLSbE.html","title":"\\u641e\\u7b11\\u5947\\u8da3-20161205-\\u5b9e\\u62cd\\u9ad8\\u901f\\u8def\\u5835\\u8f666\\u5c0f\\u65f6 \\u5927\\u5988\\u7adf\\u8df3\\u8d77\\u5e7f\\u573a\\u821e","img":"http:\\/\\/v.img.pplive.cn\\/cp16\\/39\\/a0\\/39a0dfe97253c60750dfaa7b12b2f009\\/3.jpg","score":"8.0","duration":54},{"url":"http:\\/\\/m.pptv.com\\/show\\/QbwamQFn1xV49l4.html","title":"\\u641e\\u7b11\\u5947\\u8da3-20140902-\\u8d85\\u771f\\u5b9e\\u4e27\\u5c38\\u6076\\u4f5c\\u5267\\uff0c\\u80a0\\u7a7f\\u809a\\u70c2\\u539f\\u6765\\u662f\\u8fd9\\u6837\\u5316\\u5986","img":"http:\\/\\/v.img.pplive.cn\\/cp16\\/62\\/53\\/6253f7e95bbbb071a17e673da1015fc3\\/3.jpg","score":"8.0","duration":337},{"url":"http:\\/\\/m.pptv.com\\/show\\/OxHSUbkfj80wrhY.html","title":"\\u641e\\u7b11\\u5947\\u8da3-20160912-\\u731c\\u731c\\uff01\\u7528\\u6c34\\u529f\\u6df9\\u6ca1\\u8001\\u9f20\\u6d1e\\uff0c\\u51fa\\u6765\\u4e2a\\u4ec0\\u4e48\\u795e\\u5947\\u4e1c\\u897f","img":"http:\\/\\/v.img.pplive.cn\\/cp16\\/47\\/83\\/4783c0950c00f9375165664a75212b86\\/3.jpg","score":"8.0","duration":49},{"url":"http:\\/\\/m.pptv.com\\/show\\/L4dn5EyyImDDQak.html","title":"\\u641e\\u7b11\\u5947\\u8da3-20161205-\\u6559\\u4f60\\u600e\\u4e48\\u5728\\u5973\\u53cb\\u6247\\u4f60\\u5df4\\u638c\\u7684\\u65f6\\u5019\\u673a\\u667a\\u5e94\\u5bf9","img":"http:\\/\\/v.img.pplive.cn\\/cp16\\/72\\/9e\\/729eb71ed98cd07d43b57d37cf6d9624\\/3.jpg","score":"8.0","duration":38},{"url":"http:\\/\\/m.pptv.com\\/show\\/ficj4d99FtfNW1Dw.html","title":"\\u641e\\u7b11\\u5947\\u8da3-20150831-\\u5bc6\\u96c6\\u6050\\u60e7\\u75c7\\u52ff\\u770b\\uff01\\u8fd9\\u662f\\u628a\\u4ec0\\u4e48\\u4e1c\\u897f\\u5012\\u8fdb\\u4e86\\u6cb3\\u91cc\\uff1f\\uff1f","img":"http:\\/\\/v.img.pplive.cn\\/cp16\\/06\\/cb\\/06cb21d62d2c4f3dfd85956049f129c8\\/3.jpg","score":"8.0","duration":53},{"url":"http:\\/\\/m.pptv.com\\/show\\/YworqRF35yWIBm4.html","title":"\\u90ed\\u5fb7\\u7eb2\\u76f8\\u58f0\\uff1a\\u6211\\u662f\\u9ed1\\u793e\\u4f1a","img":"http:\\/\\/v.img.pplive.cn\\/cp16\\/ca\\/17\\/ca17310f655c6b436dddd1382f19b9be\\/3.jpg","score":"8.6","duration":1147},{"url":"http:\\/\\/m.pptv.com\\/show\\/2hGAic2fNPXveXMQ.html","title":"\\u641e\\u7b11\\u5947\\u8da3-20140918-\\u592a\\u803b\\u4e86\\uff01\\u7535\\u68af\\u91cc\\u90a3\\u5bf9\\u72d7\\u7537\\u5973","img":"http:\\/\\/v.img.pplive.cn\\/cp16\\/b8\\/d9\\/b8d9f8fc6ac7c562fc67e6d5e7b3faec\\/3.jpg","score":"8.0","duration":381},{"url":"http:\\/\\/m.pptv.com\\/show\\/bYxX1DyiaElCzMZk.html","title":"PP\\u5927\\u5634\\u6252-20160422-\\u7b2c70\\u671f\\uff1a\\u5143\\u9996\\u52a0\\u76df\\u732e\\u5531\\u604b\\u7231\\u5473\\u9053\\u4e28\\u8d77\\u5e8a\\u7684\\u6b63\\u786e\\u59ff\\u52bf\\u4e28\\u70e7\\u70e4\\u5e97\\u8001\\u677f\\u6fc0\\u60c5\\u64a9\\u59b9","img":"http:\\/\\/v.img.pplive.cn\\/cp16\\/a3\\/8b\\/a38b130d4ec1c4ae501fc880d3986045\\/3.jpg","score":"8.4","duration":476},{"url":"http:\\/\\/m.pptv.com\\/show\\/HuibQDnbcTIrta9M.html","title":"\\u90ed\\u5fb7\\u7eb2\\u76f8\\u58f0\\uff1a\\u6211\\u8981\\u4e0a\\u6625\\u665a","img":"http:\\/\\/v.img.pplive.cn\\/cp16\\/ac\\/53\\/ac538ac001be5c3c8beb9e288950ec1d\\/3.jpg","score":"8.7","duration":1158},{"url":"http:\\/\\/m.pptv.com\\/show\\/GfSZF3iclVZP2dNw.html","title":"\\u90ed\\u5fb7\\u7eb2\\u76f8\\u58f0\\uff1a\\u6279\\u4e09\\u56fd","img":"http:\\/\\/v.img.pplive.cn\\/cp16\\/9e\\/7a\\/9e7aaf4ce48bccb1e5b97dddf8387b96\\/3.jpg","score":"8.5","duration":1170},{"url":"http:\\/\\/m.pptv.com\\/show\\/z3Jr6FC2JmTHRa0.html","title":"\\u641e\\u7b11\\u5947\\u8da3-20160621-\\u516c\\u7329\\u7329\\u628a\\u5973\\u670b\\u53cb\\u60f9\\u751f\\u6c14\\u4e86\\u7b11\\u5c3f\\u54c8\\u54c8\\u54c8","img":"http:\\/\\/v.img.pplive.cn\\/cp16\\/25\\/8b\\/258b6957c7c1b8f483eb0bca39249e9c\\/3.jpg","score":"8.0","duration":32},{"url":"http:\\/\\/m.pptv.com\\/show\\/Oeic8eibNJufda2EA.html","title":"\\u641e\\u7b11\\u5947\\u8da3-20160322-\\u82d7\\u961c\\u738b\\u58f0\\u300a\\u897f\\u6e38\\u670b\\u53cb\\u5708\\u300b","img":"http:\\/\\/v.img.pplive.cn\\/cp16\\/9b\\/3c\\/9b3caecb313f4a07e227bdca3d168429\\/3.jpg","score":"8.0","duration":740},{"url":"http:\\/\\/m.pptv.com\\/show\\/FfiadG4PpWZf6eOA.html","title":"\\u90ed\\u5fb7\\u7eb2\\u76f8\\u58f0\\uff1a\\u8272\\u5373\\u662f\\u7a7a","img":"http:\\/\\/v.img.pplive.cn\\/cp16\\/a1\\/44\\/a1445434c94c094d0b56d977d5150723\\/3.jpg","score":"8.2","duration":1188},{"url":"http:\\/\\/m.pptv.com\\/show\\/jE2pJo70ZKIFgibs.html","title":"\\u641e\\u7b11\\u5947\\u8da3-20140912-\\u7f8e\\u5973\\u4e3a\\u4f60\\u64e6\\u978b\\u7206\\u7b11\\u573a\\u666f","img":"http:\\/\\/v.img.pplive.cn\\/cp16\\/f6\\/c3\\/f6c3a28cb23c995cab077194c9f61f14\\/3.jpg","score":"8.0","duration":94},{"url":"http:\\/\\/m.pptv.com\\/show\\/GvOUEnrgUI7xb9c.html","title":"\\u90ed\\u5fb7\\u7eb2\\u76f8\\u58f0\\uff1a\\u918b\\u70b9\\u706f","img":"http:\\/\\/v.img.pplive.cn\\/cp16\\/ba\\/03\\/ba037014a97e563b9fa5919333f38219\\/3.jpg","score":"8.5","duration":1780},{"url":"http:\\/\\/m.pptv.com\\/show\\/3dciaoQlv3x2AicmY.html","title":"\\u641e\\u7b11\\u5947\\u8da3-20150625-\\u90a3\\u4f4d\\u5f81\\u670d\\u5927\\u5988\\u7684\\u5e7f\\u573a\\u821e\\u9a9a\\u5e74\\u53c8\\u6765\\u4e86","img":"http:\\/\\/v.img.pplive.cn\\/cp16\\/32\\/63\\/3263896222d149c6447075efae4c97d2\\/3.jpg","score":"8.0","duration":57},{"url":"http:\\/\\/m.pptv.com\\/show\\/O5e2NJwCcrATkfk.html","title":"\\u300a\\u602f\\u62c9\\u8f66\\u300b\\u90ed\\u5fb7\\u7eb2\\u4e8e\\u8c26","img":"http:\\/\\/v.img.pplive.cn\\/cp16\\/97\\/5a\\/975a95a2654114efc5d1b14266581931\\/3.jpg","score":"8.1","duration":1489},{"url":"http:\\/\\/m.pptv.com\\/show\\/m8AenQVr2xl8ibmI.html","title":"\\u641e\\u7b11\\u5947\\u8da3-20160623-\\u4f60\\u4e0d\\u8981\\u78b0\\u6211\\uff0c\\u6211\\u8bf4\\u4e86\\u6211\\u5728\\u751f\\u6c14\\u4e0d\\u8981\\u60f9\\u6211","img":"http:\\/\\/v.img.pplive.cn\\/cp16\\/d9\\/d0\\/d9d07c3694aad774616d0bdcf5033b39\\/3.jpg","score":"8.0","duration":20},{"url":"http:\\/\\/m.pptv.com\\/show\\/GPWaGIDmVpT3dd0.html","title":"\\u90ed\\u5fb7\\u7eb2\\u76f8\\u58f0\\uff1a\\u6211\\u8981\\u95f9\\u7eef\\u95fb","img":"http:\\/\\/v.img.pplive.cn\\/cp16\\/01\\/d7\\/01d728d0d943f8bfbfd646e6b499f66e\\/3.jpg","score":"8.2","duration":1630},{"url":"http:\\/\\/m.pptv.com\\/show\\/lHkenARq2hh7ibWE.html","title":"\\u90ed\\u5fb7\\u7eb2\\u76f8\\u58f0\\uff1a\\u9999\\u6c34\\u65e0\\u6bd2","img":"http:\\/\\/v.img.pplive.cn\\/cp16\\/7e\\/b4\\/7eb42698f815d29e95e0b29e666ac78b\\/3.jpg","score":"8.5","duration":984},{"url":"http:\\/\\/m.pptv.com\\/show\\/cUWxLpb8bKoNiaicM.html","title":"\\u641e\\u7b11\\u5947\\u8da3-20140910-\\u6700\\u53e6\\u7c7b\\u4fee\\u8f66\\u7f8e\\u5973 \\u5b8c\\u5168Hold\\u4e0d\\u4f4f","img":"http:\\/\\/v.img.pplive.cn\\/cp16\\/0e\\/06\\/0e066a1c850a0a6e1c5a6f89ee865b5c\\/3.jpg","score":"8.0","duration":68},{"url":"http:\\/\\/m.pptv.com\\/show\\/okvsatI4qOZJxy8.html","title":"\\u90ed\\u5fb7\\u7eb2\\u76f8\\u58f0\\uff1a\\u4e94\\u6bd2\\u8bba","img":"http:\\/\\/v.img.pplive.cn\\/cp16\\/38\\/69\\/38693049ccc34d6f9b44cbd831be3567\\/3.jpg","score":"8.7","duration":1704},{"url":"http:\\/\\/m.pptv.com\\/show\\/ia08vrBR66iaiaLCXE.html","title":"\\u641e\\u7b11\\u5947\\u8da3-20161207-\\u5b9e\\u62cd\\u6f02\\u4eae\\u59b9\\u5b50\\u8fc7\\u72ec\\u6728\\u6865 \\u5173\\u952e\\u65f6\\u523b\\u7adf\\u7136\\u8e29\\u7a7a\\u4e86","img":"http:\\/\\/v.img.pplive.cn\\/cp16\\/1a\\/c6\\/1ac6c545b820977ccf9c5cf40fdf67b8\\/1481168732145.jpg","score":"8.0","duration":149}]}},{"id":"","tid":"t_m_adload","data":{"title":"","link":"","adpositionid":"291111"}},{"id":"","tid":"t_m_vod_comment","data":{"title":"","link":""}}]}}',
       type: 'text',
       next: null,
       prev: null,
       parent: [Circular] } ],
  next: 
   { data: '\n',
     type: 'text',
     next: 
      { type: 'tag',
        name: 'title',
        attribs: {},
        children: [Object],
        next: [Object],
        prev: [Circular],
        parent: [Object] },
     prev: [Circular],
     parent: 
      { type: 'tag',
        name: 'head',
        attribs: {},
        children: [Object],
        next: [Object],
        prev: [Object],
        parent: [Object] } },
  prev: 
   { data: '\n\n',
     type: 'text',
     next: [Circular],
     prev: 
      { type: 'tag',
        name: 'meta',
        attribs: [Object],
        children: [],
        next: [Circular],
        prev: [Object],
        parent: [Object] },
     parent: 
      { type: 'tag',
        name: 'head',
        attribs: {},
        children: [Object],
        next: [Object],
        prev: [Object],
        parent: [Object] } },
  parent: 
   { type: 'tag',
     name: 'head',
     attribs: {},
     children: 
      [ [Object],
        [Object],
        [Object],
        [Object],
        [Object],
        [Circular],
        [Object],
        [Object],
        [Object],
        [Object],
        [Object],
        [Object],
        [Object],
        [Object],
        [Object],
        [Object],
        [Object],
        [Object],
        [Object],
        [Object],
        [Object],
        [Object],
        [Object],
        [Object],
        [Object],
        [Object] ],
     next: 
      { data: '\n',
        type: 'text',
        next: [Object],
        prev: [Circular],
        parent: [Object] },
     prev: 
      { data: '\n',
        type: 'text',
        next: [Circular],
        prev: null,
        parent: [Object] },
     parent: 
      { type: 'tag',
        name: 'html',
        attribs: {},
        children: [Object],
        next: null,
        prev: [Object],
        parent: null,
        root: [Object] } } }
