[2016-11-21 14:42:10.189] [DEBUG] 平台 - 处理器实例化...
[2016-11-21 14:42:10.204] [DEBUG] 平台 - 控制器实例化...
[2016-11-21 14:42:10.204] [DEBUG] 平台 - server实例化
[2016-11-21 14:42:10.204] [DEBUG] 平台 - Server running at 2016 port
[2016-11-21 14:42:13.048] [DEBUG] 平台 - 请求[object Object]
[2016-11-21 15:21:38.082] [DEBUG] 平台 - 处理器实例化...
[2016-11-21 15:21:38.082] [DEBUG] 平台 - 控制器实例化...
[2016-11-21 15:21:38.082] [DEBUG] 平台 - server实例化
[2016-11-21 15:21:38.098] [DEBUG] 平台 - Server running at 2016 port
[2016-11-21 15:21:42.205] [DEBUG] 平台 - 请求[object Object]
[2016-11-21 15:51:46.168] [DEBUG] 平台 - 处理器实例化...
[2016-11-21 15:51:46.178] [DEBUG] 平台 - 控制器实例化...
[2016-11-21 15:51:46.178] [DEBUG] 平台 - server实例化
[2016-11-21 15:51:46.188] [DEBUG] 平台 - Server running at 2016 port
[2016-11-21 15:51:47.812] [DEBUG] 平台 - 请求[object Object]
[2016-11-21 18:57:20.308] [DEBUG] 平台 - 处理器实例化...
[2016-11-21 18:57:20.314] [DEBUG] 平台 - 控制器实例化...
[2016-11-21 18:57:20.316] [DEBUG] 平台 - server实例化
[2016-11-21 18:57:20.325] [DEBUG] 平台 - Server running at 2016 port
[2016-11-21 18:57:24.896] [DEBUG] 平台 - 请求[object Object]
