[2016-11-23 19:18:24.799] [DEBUG] 平台 - 处理器实例化...
[2016-11-23 19:18:24.807] [DEBUG] 平台 - 控制器实例化...
[2016-11-23 19:18:24.810] [DEBUG] 平台 - server实例化
[2016-11-23 19:18:24.818] [DEBUG] 平台 - Server running at 2016 port
[2016-11-23 19:18:28.598] [DEBUG] 平台 - 请求[object Object]
[2016-11-23 19:18:30.755] [DEBUG] 平台 - { cmt_cnt: 3,
  cmt_sum: 3,
  comments: 
   [ { attachments: [],
       comment_id: 1221878641,
       comments: [],
       content: '，，，“看看。',
       create_time: 1479897396000,
       elite: false,
       floor_count: 0,
       from: '<a target="_blank" href="http://m.tv.sohu.com/app">搜狐视频客户端ipad</a>',
       hide: false,
       hide_floor: false,
       highlight: false,
       ip: '58.241.6.144',
       ip_location: '江苏省无锡市',
       metadata: '{"clientPort":"50654"}',
       metadataAsJson: [Object],
       oppose_count: 0,
       passport: [Object],
       quick: false,
       reply_count: 0,
       reply_id: 0,
       score: 0,
       status: 0,
       support_count: 0,
       top: false,
       userScore: [Object],
       user_id: 115502569 },
     { attachments: [],
       comment_id: 1221718880,
       comments: [],
       content: '去死',
       create_time: 1479873887000,
       elite: false,
       floor_count: 0,
       from: '<a target="_blank" href="http://m.tv.sohu.com/app">搜狐视频客户端iphone</a>',
       hide: false,
       hide_floor: false,
       highlight: false,
       ip: '183.220.201.169',
       ip_location: '四川省',
       metadata: '{"clientPort":"40650"}',
       metadataAsJson: [Object],
       oppose_count: 0,
       passport: [Object],
       quick: false,
       reply_count: 0,
       reply_id: 0,
       score: 0,
       status: 0,
       support_count: 10,
       top: false,
       userScore: [Object],
       user_id: 282504501 },
     { attachments: [],
       comment_id: 1221716564,
       comments: [],
       content: '活该',
       create_time: 1479873465000,
       elite: false,
       floor_count: 0,
       from: '<a target="_blank" href="http://m.tv.sohu.com/app">搜狐视频客户端iphone</a>',
       hide: false,
       hide_floor: false,
       highlight: false,
       ip: '112.40.41.209',
       ip_location: '江苏省',
       metadata: '{"clientPort":"36589"}',
       metadataAsJson: [Object],
       oppose_count: 0,
       passport: [Object],
       quick: false,
       reply_count: 0,
       reply_id: 0,
       score: 0,
       status: 0,
       support_count: 7,
       top: false,
       userScore: [Object],
       user_id: 518645496 } ],
  topic_id: 2053687571 }
[2016-11-23 19:18:30.790] [DEBUG] 平台 - 没找到
