[2016-12-07 10:17:44.017] [DEBUG] 平台 - 处理器实例化...
[2016-12-07 10:17:44.032] [DEBUG] 平台 - 控制器实例化...
[2016-12-07 10:17:44.032] [DEBUG] 平台 - server实例化
[2016-12-07 10:17:44.032] [DEBUG] 平台 - Server running at 2016 port
[2016-12-07 10:17:48.225] [DEBUG] 平台 - 请求[object Object]
[2016-12-07 10:17:49.364] [DEBUG] 平台 - 您输入的值没找到
[2016-12-07 10:17:49.364] [DEBUG] 平台 - 9993
[2016-12-07 10:17:49.488] [DEBUG] 平台 - 您输入的值没找到
[2016-12-07 10:17:49.504] [DEBUG] 平台 - 9993
[2016-12-07 10:17:49.598] [DEBUG] 平台 - 您输入的值没找到
[2016-12-07 10:17:49.613] [DEBUG] 平台 - 9993
[2016-12-07 10:17:49.722] [DEBUG] 平台 - 您输入的值没找到
[2016-12-07 10:17:49.722] [DEBUG] 平台 - 9993
[2016-12-07 10:17:49.863] [DEBUG] 平台 - 您输入的值没找到
[2016-12-07 10:17:49.863] [DEBUG] 平台 - 9993
[2016-12-07 10:17:49.972] [DEBUG] 平台 - 您输入的值没找到
[2016-12-07 10:17:49.972] [DEBUG] 平台 - 9993
[2016-12-07 10:17:50.097] [DEBUG] 平台 - 您输入的值没找到
[2016-12-07 10:17:50.097] [DEBUG] 平台 - 9993
[2016-12-07 10:17:50.222] [DEBUG] 平台 - 您输入的值没找到
[2016-12-07 10:17:50.222] [DEBUG] 平台 - 9993
[2016-12-07 10:17:50.331] [DEBUG] 平台 - 您输入的值没找到
[2016-12-07 10:17:50.346] [DEBUG] 平台 - 9993
[2016-12-07 10:17:50.456] [DEBUG] 平台 - 您输入的值没找到
[2016-12-07 10:17:50.456] [DEBUG] 平台 - 9993
[2016-12-07 10:17:50.580] [DEBUG] 平台 - 您输入的值没找到
[2016-12-07 10:17:50.580] [DEBUG] 平台 - 9993
[2016-12-07 10:17:50.690] [DEBUG] 平台 - 您输入的值没找到
[2016-12-07 10:17:50.690] [DEBUG] 平台 - 9993
[2016-12-07 10:17:50.830] [DEBUG] 平台 - 您输入的值没找到
[2016-12-07 10:17:50.830] [DEBUG] 平台 - 9993
[2016-12-07 10:17:50.955] [DEBUG] 平台 - 您输入的值没找到
[2016-12-07 10:17:50.955] [DEBUG] 平台 - 9993
[2016-12-07 10:17:51.080] [DEBUG] 平台 - 您输入的值没找到
[2016-12-07 10:17:51.080] [DEBUG] 平台 - 9993
[2016-12-07 10:17:51.204] [DEBUG] 平台 - 您输入的值没找到
[2016-12-07 10:17:51.204] [DEBUG] 平台 - 9993
[2016-12-07 10:17:51.329] [DEBUG] 平台 - 您输入的值没找到
[2016-12-07 10:17:51.345] [DEBUG] 平台 - 9993
[2016-12-07 10:17:51.454] [DEBUG] 平台 - 您输入的值没找到
[2016-12-07 10:17:51.454] [DEBUG] 平台 - 9993
[2016-12-07 10:17:51.579] [DEBUG] 平台 - 您输入的值没找到
[2016-12-07 10:17:51.579] [DEBUG] 平台 - 9993
[2016-12-07 10:17:51.691] [DEBUG] 平台 - 您输入的值没找到
[2016-12-07 10:17:51.691] [DEBUG] 平台 - 9993
[2016-12-07 10:17:51.808] [DEBUG] 平台 - 您输入的值没找到
[2016-12-07 10:17:51.810] [DEBUG] 平台 - 9993
[2016-12-07 10:17:51.925] [DEBUG] 平台 - 您输入的值没找到
[2016-12-07 10:17:51.925] [DEBUG] 平台 - 9993
[2016-12-07 10:17:52.050] [DEBUG] 平台 - 您输入的值没找到
[2016-12-07 10:17:52.050] [DEBUG] 平台 - 9993
[2016-12-07 10:17:52.159] [DEBUG] 平台 - 您输入的值没找到
[2016-12-07 10:17:52.174] [DEBUG] 平台 - 9993
[2016-12-07 10:17:52.284] [DEBUG] 平台 - 您输入的值没找到
[2016-12-07 10:17:52.284] [DEBUG] 平台 - 9993
[2016-12-07 10:17:52.393] [DEBUG] 平台 - 您输入的值没找到
[2016-12-07 10:17:52.408] [DEBUG] 平台 - 9993
[2016-12-07 10:17:52.518] [DEBUG] 平台 - 您输入的值没找到
[2016-12-07 10:17:52.518] [DEBUG] 平台 - 9993
[2016-12-07 10:17:52.627] [DEBUG] 平台 - 您输入的值没找到
[2016-12-07 10:17:52.627] [DEBUG] 平台 - 9993
[2016-12-07 10:17:52.752] [DEBUG] 平台 - 您输入的值没找到
[2016-12-07 10:17:52.752] [DEBUG] 平台 - 9993
[2016-12-07 10:17:52.862] [DEBUG] 平台 - 您输入的值没找到
[2016-12-07 10:17:52.877] [DEBUG] 平台 - 9993
[2016-12-07 10:17:52.987] [DEBUG] 平台 - 您输入的值没找到
[2016-12-07 10:17:53.018] [DEBUG] 平台 - 9993
[2016-12-07 10:17:54.131] [DEBUG] 平台 - 您输入的值没找到
[2016-12-07 10:17:54.131] [DEBUG] 平台 - 9993
[2016-12-07 10:17:54.241] [DEBUG] 平台 - 您输入的值没找到
[2016-12-07 10:17:54.241] [DEBUG] 平台 - 9993
[2016-12-07 10:17:54.365] [DEBUG] 平台 - 您输入的值没找到
[2016-12-07 10:17:54.365] [DEBUG] 平台 - 9993
[2016-12-07 10:17:55.192] [DEBUG] 平台 - 您输入的值没找到
[2016-12-07 10:17:55.192] [DEBUG] 平台 - 9993
[2016-12-07 10:17:55.301] [DEBUG] 平台 - 您输入的值没找到
[2016-12-07 10:17:55.317] [DEBUG] 平台 - 9993
[2016-12-07 10:17:55.426] [DEBUG] 平台 - 您输入的值没找到
[2016-12-07 10:17:55.426] [DEBUG] 平台 - 9993
[2016-12-07 10:17:55.551] [DEBUG] 平台 - 您输入的值没找到
[2016-12-07 10:17:55.551] [DEBUG] 平台 - 9993
[2016-12-07 10:17:55.660] [DEBUG] 平台 - 您输入的值没找到
[2016-12-07 10:17:55.660] [DEBUG] 平台 - 9993
[2016-12-07 10:17:55.769] [DEBUG] 平台 - 您输入的值没找到
[2016-12-07 10:17:55.785] [DEBUG] 平台 - 9993
[2016-12-07 10:17:55.894] [DEBUG] 平台 - 您输入的值没找到
[2016-12-07 10:17:55.894] [DEBUG] 平台 - 9993
[2016-12-07 10:17:56.019] [DEBUG] 平台 - 您输入的值没找到
[2016-12-07 10:17:56.019] [DEBUG] 平台 - 9993
[2016-12-07 10:17:56.128] [DEBUG] 平台 - 您输入的值没找到
[2016-12-07 10:17:56.128] [DEBUG] 平台 - 9993
[2016-12-07 10:17:56.253] [DEBUG] 平台 - 您输入的值没找到
[2016-12-07 10:17:56.253] [DEBUG] 平台 - 9993
[2016-12-07 10:17:56.378] [DEBUG] 平台 - 您输入的值没找到
[2016-12-07 10:17:56.378] [DEBUG] 平台 - 9993
[2016-12-07 10:17:56.487] [DEBUG] 平台 - 您输入的值没找到
[2016-12-07 10:17:56.487] [DEBUG] 平台 - 9993
[2016-12-07 10:17:56.617] [DEBUG] 平台 - 您输入的值没找到
[2016-12-07 10:17:56.617] [DEBUG] 平台 - 9993
[2016-12-07 10:17:57.553] [DEBUG] 平台 - 您输入的值没找到
[2016-12-07 10:17:58.068] [DEBUG] 平台 - 9993
[2016-12-07 10:17:58.192] [DEBUG] 平台 - 您输入的值没找到
[2016-12-07 10:17:58.192] [DEBUG] 平台 - 9993
[2016-12-07 10:17:58.302] [DEBUG] 平台 - 您输入的值没找到
[2016-12-07 10:17:58.317] [DEBUG] 平台 - 9993
[2016-12-07 10:17:58.426] [DEBUG] 平台 - 您输入的值没找到
[2016-12-07 10:17:58.426] [DEBUG] 平台 - 9993
[2016-12-07 10:17:58.536] [DEBUG] 平台 - 您输入的值没找到
[2016-12-07 10:17:58.536] [DEBUG] 平台 - 9993
[2016-12-07 10:17:58.660] [DEBUG] 平台 - 您输入的值没找到
[2016-12-07 10:17:58.660] [DEBUG] 平台 - 9993
[2016-12-07 10:17:58.770] [DEBUG] 平台 - 您输入的值没找到
[2016-12-07 10:17:58.770] [DEBUG] 平台 - 9993
[2016-12-07 10:17:58.894] [DEBUG] 平台 - 您输入的值没找到
[2016-12-07 10:17:58.894] [DEBUG] 平台 - 9993
[2016-12-07 10:17:59.019] [DEBUG] 平台 - 您输入的值没找到
[2016-12-07 10:17:59.019] [DEBUG] 平台 - 9993
[2016-12-07 10:17:59.128] [DEBUG] 平台 - 您输入的值没找到
[2016-12-07 10:17:59.128] [DEBUG] 平台 - 9993
