[2016-11-23 19:39:06.587] [DEBUG] 平台 - 处理器实例化...
[2016-11-23 19:39:06.594] [DEBUG] 平台 - 控制器实例化...
[2016-11-23 19:39:06.596] [DEBUG] 平台 - server实例化
[2016-11-23 19:39:06.606] [DEBUG] 平台 - Server running at 2016 port
[2016-11-23 19:39:12.959] [DEBUG] 平台 - 请求[object Object]
[2016-11-23 19:39:16.778] [DEBUG] 平台 - 去死
[2016-11-23 19:39:16.996] [DEBUG] 平台 - 去死
[2016-11-23 19:39:17.449] [DEBUG] 平台 - 去死
[2016-11-23 19:39:17.464] [DEBUG] 平台 - 去死
[2016-11-23 19:39:17.480] [DEBUG] 平台 - 去死
[2016-11-23 19:39:20.731] [DEBUG] 平台 - 去死
[2016-11-23 19:39:20.762] [DEBUG] 平台 - 去死
[2016-11-23 19:39:20.778] [DEBUG] 平台 - 去死
[2016-11-23 19:39:20.793] [DEBUG] 平台 - 去死
[2016-11-23 19:39:20.824] [DEBUG] 平台 - 去死
[2016-11-23 19:39:20.840] [DEBUG] 平台 - 去死
[2016-11-23 19:39:20.856] [DEBUG] 平台 - 去死
[2016-11-23 19:39:20.871] [DEBUG] 平台 - 去死
[2016-11-23 19:39:20.902] [DEBUG] 平台 - 去死
[2016-11-23 19:39:20.918] [DEBUG] 平台 - 去死
[2016-11-23 19:39:20.934] [DEBUG] 平台 - 去死
[2016-11-23 19:39:20.949] [DEBUG] 平台 - 去死
[2016-11-23 19:39:20.965] [DEBUG] 平台 - 去死
[2016-11-23 19:39:20.996] [DEBUG] 平台 - 去死
[2016-11-23 19:39:21.027] [DEBUG] 平台 - 去死
[2016-11-23 19:39:21.043] [DEBUG] 平台 - 去死
[2016-11-23 19:39:21.074] [DEBUG] 平台 - 去死
[2016-11-23 19:39:21.090] [DEBUG] 平台 - 去死
[2016-11-23 19:39:21.105] [DEBUG] 平台 - 去死
[2016-11-23 19:39:21.121] [DEBUG] 平台 - 去死
[2016-11-23 19:39:21.370] [DEBUG] 平台 - 去死
[2016-11-23 19:39:21.402] [DEBUG] 平台 - 去死
[2016-11-23 19:39:21.417] [DEBUG] 平台 - 去死
[2016-11-23 19:39:21.433] [DEBUG] 平台 - 去死
[2016-11-23 19:39:22.106] [DEBUG] 平台 - 去死
[2016-11-23 19:39:22.121] [DEBUG] 平台 - 去死
[2016-11-23 19:39:22.152] [DEBUG] 平台 - 去死
[2016-11-23 19:39:23.544] [DEBUG] 平台 - 去死
[2016-11-23 19:39:23.559] [DEBUG] 平台 - 去死
[2016-11-23 19:39:24.012] [DEBUG] 平台 - 去死
[2016-11-23 19:39:24.043] [DEBUG] 平台 - 去死
[2016-11-23 19:39:24.059] [DEBUG] 平台 - 去死
[2016-11-23 19:39:24.074] [DEBUG] 平台 - 去死
[2016-11-23 19:39:24.090] [DEBUG] 平台 - 去死
[2016-11-23 19:39:24.339] [DEBUG] 平台 - 去死
[2016-11-23 19:39:24.355] [DEBUG] 平台 - 去死
[2016-11-23 19:39:24.386] [DEBUG] 平台 - 去死
[2016-11-23 19:39:24.402] [DEBUG] 平台 - 去死
[2016-11-23 19:39:24.417] [DEBUG] 平台 - 去死
[2016-11-23 19:39:24.433] [DEBUG] 平台 - 去死
[2016-11-23 19:39:24.450] [DEBUG] 平台 - 去死
[2016-11-23 19:39:24.465] [DEBUG] 平台 - 去死
[2016-11-23 19:39:24.481] [DEBUG] 平台 - 去死
[2016-11-23 19:39:24.936] [DEBUG] 平台 - 去死
[2016-11-23 19:39:24.967] [DEBUG] 平台 - 去死
[2016-11-23 19:39:24.999] [DEBUG] 平台 - 去死
[2016-11-23 19:39:25.030] [DEBUG] 平台 - 去死
[2016-11-23 19:39:25.045] [DEBUG] 平台 - 去死
[2016-11-23 19:39:25.077] [DEBUG] 平台 - 去死
[2016-11-23 19:39:25.092] [DEBUG] 平台 - 去死
[2016-11-23 19:39:25.108] [DEBUG] 平台 - 去死
[2016-11-23 19:39:25.342] [DEBUG] 平台 - 去死
[2016-11-23 19:39:26.766] [DEBUG] 平台 - 去死
[2016-11-23 19:39:27.892] [DEBUG] 平台 - 去死
[2016-11-23 19:39:27.923] [DEBUG] 平台 - 去死
[2016-11-23 19:39:27.938] [DEBUG] 平台 - 去死
[2016-11-23 19:39:28.756] [DEBUG] 平台 - 去死
[2016-11-23 19:39:28.771] [DEBUG] 平台 - 去死
[2016-11-23 19:39:28.818] [DEBUG] 平台 - 去死
[2016-11-23 19:39:28.849] [DEBUG] 平台 - 去死
[2016-11-23 19:39:28.865] [DEBUG] 平台 - 去死
[2016-11-23 19:39:28.896] [DEBUG] 平台 - 去死
[2016-11-23 19:39:28.912] [DEBUG] 平台 - 去死
[2016-11-23 19:39:28.927] [DEBUG] 平台 - 去死
[2016-11-23 19:39:29.146] [DEBUG] 平台 - 去死
[2016-11-23 19:39:29.177] [DEBUG] 平台 - 去死
[2016-11-23 19:39:29.192] [DEBUG] 平台 - 去死
[2016-11-23 19:39:29.442] [DEBUG] 平台 - 去死
[2016-11-23 19:39:29.458] [DEBUG] 平台 - 去死
[2016-11-23 19:39:29.489] [DEBUG] 平台 - 去死
[2016-11-23 19:39:29.504] [DEBUG] 平台 - 去死
[2016-11-23 19:39:29.520] [DEBUG] 平台 - 去死
[2016-11-23 19:39:29.536] [DEBUG] 平台 - 去死
[2016-11-23 19:39:29.567] [DEBUG] 平台 - 去死
[2016-11-23 19:39:31.176] [DEBUG] 平台 - 去死
[2016-11-23 19:39:32.414] [DEBUG] 平台 - 去死
[2016-11-23 19:39:32.650] [DEBUG] 平台 - 去死
[2016-11-23 19:39:32.666] [DEBUG] 平台 - 去死
[2016-11-23 19:39:32.697] [DEBUG] 平台 - 去死
[2016-11-23 19:39:32.712] [DEBUG] 平台 - 去死
[2016-11-23 19:39:32.728] [DEBUG] 平台 - 去死
[2016-11-23 19:39:32.759] [DEBUG] 平台 - 去死
[2016-11-23 19:39:32.775] [DEBUG] 平台 - 去死
[2016-11-23 19:39:32.790] [DEBUG] 平台 - 去死
[2016-11-23 19:39:33.024] [DEBUG] 平台 - 去死
[2016-11-23 19:39:33.040] [DEBUG] 平台 - 去死
[2016-11-23 19:39:33.274] [DEBUG] 平台 - 去死
[2016-11-23 19:39:33.305] [DEBUG] 平台 - 去死
[2016-11-23 19:39:33.321] [DEBUG] 平台 - 去死
[2016-11-23 19:39:33.336] [DEBUG] 平台 - 去死
[2016-11-23 19:39:33.368] [DEBUG] 平台 - 去死
[2016-11-23 19:39:38.056] [DEBUG] 平台 - 去死
[2016-11-23 19:39:38.087] [DEBUG] 平台 - 去死
[2016-11-23 19:39:38.103] [DEBUG] 平台 - 去死
[2016-11-23 19:39:38.118] [DEBUG] 平台 - 去死
[2016-11-23 19:39:38.352] [DEBUG] 平台 - 去死
[2016-11-23 19:39:38.368] [DEBUG] 平台 - 去死
[2016-11-23 19:39:38.604] [DEBUG] 平台 - 去死
[2016-11-23 19:39:38.619] [DEBUG] 平台 - 去死
[2016-11-23 19:39:38.885] [DEBUG] 平台 - 去死
[2016-11-23 19:39:38.900] [DEBUG] 平台 - 去死
[2016-11-23 19:39:38.916] [DEBUG] 平台 - 去死
[2016-11-23 19:39:38.931] [DEBUG] 平台 - 去死
[2016-11-23 19:39:38.947] [DEBUG] 平台 - 去死
[2016-11-23 19:39:38.963] [DEBUG] 平台 - 去死
[2016-11-23 19:39:39.212] [DEBUG] 平台 - 去死
[2016-11-23 19:39:39.228] [DEBUG] 平台 - 去死
[2016-11-23 19:39:40.337] [DEBUG] 平台 - 去死
[2016-11-23 19:39:40.573] [DEBUG] 平台 - 去死
[2016-11-23 19:39:40.589] [DEBUG] 平台 - 去死
[2016-11-23 19:39:40.839] [DEBUG] 平台 - 去死
[2016-11-23 19:39:40.854] [DEBUG] 平台 - 去死
[2016-11-23 19:39:40.901] [DEBUG] 平台 - 去死
[2016-11-23 19:39:40.917] [DEBUG] 平台 - 去死
[2016-11-23 19:39:40.932] [DEBUG] 平台 - 去死
[2016-11-23 19:39:42.009] [DEBUG] 平台 - 去死
[2016-11-23 19:39:42.040] [DEBUG] 平台 - 去死
[2016-11-23 19:39:42.071] [DEBUG] 平台 - 去死
[2016-11-23 19:39:42.305] [DEBUG] 平台 - 去死
[2016-11-23 19:39:42.336] [DEBUG] 平台 - 去死
[2016-11-23 19:39:42.352] [DEBUG] 平台 - 去死
[2016-11-23 19:39:42.823] [DEBUG] 平台 - 去死
[2016-11-23 19:39:42.854] [DEBUG] 平台 - 去死
[2016-11-23 19:39:42.870] [DEBUG] 平台 - 去死
[2016-11-23 19:39:42.885] [DEBUG] 平台 - 去死
[2016-11-23 19:39:42.916] [DEBUG] 平台 - 去死
[2016-11-23 19:39:43.166] [DEBUG] 平台 - 去死
[2016-11-23 19:39:43.182] [DEBUG] 平台 - 去死
[2016-11-23 19:39:43.197] [DEBUG] 平台 - 去死
[2016-11-23 19:39:43.228] [DEBUG] 平台 - 去死
[2016-11-23 19:39:43.244] [DEBUG] 平台 - 去死
[2016-11-23 19:39:43.260] [DEBUG] 平台 - 去死
[2016-11-23 19:39:43.697] [DEBUG] 平台 - 去死
[2016-11-23 19:39:43.713] [DEBUG] 平台 - 去死
[2016-11-23 19:39:46.933] [DEBUG] 平台 - 去死
[2016-11-23 19:39:48.433] [DEBUG] 平台 - 去死
[2016-11-23 19:39:48.464] [DEBUG] 平台 - 去死
[2016-11-23 19:39:48.480] [DEBUG] 平台 - 去死
[2016-11-23 19:39:49.997] [DEBUG] 平台 - 去死
[2016-11-23 19:39:50.013] [DEBUG] 平台 - 去死
[2016-11-23 19:39:50.675] [DEBUG] 平台 - 去死
[2016-11-23 19:39:50.909] [DEBUG] 平台 - 去死
[2016-11-23 19:39:50.925] [DEBUG] 平台 - 去死
[2016-11-23 19:39:51.205] [DEBUG] 平台 - 去死
[2016-11-23 19:39:51.237] [DEBUG] 平台 - 去死
[2016-11-23 19:39:51.252] [DEBUG] 平台 - 去死
[2016-11-23 19:39:51.486] [DEBUG] 平台 - 去死
[2016-11-23 19:39:51.517] [DEBUG] 平台 - 去死
[2016-11-23 19:39:51.550] [DEBUG] 平台 - 去死
[2016-11-23 19:39:51.555] [DEBUG] 平台 - 去死
[2016-11-23 19:39:51.570] [DEBUG] 平台 - 去死
[2016-11-23 19:39:51.601] [DEBUG] 平台 - 去死
[2016-11-23 19:39:51.617] [DEBUG] 平台 - 去死
[2016-11-23 19:39:51.633] [DEBUG] 平台 - 去死
[2016-11-23 19:39:51.648] [DEBUG] 平台 - 去死
[2016-11-23 19:39:51.664] [DEBUG] 平台 - 去死
[2016-11-23 19:39:51.945] [DEBUG] 平台 - 去死
[2016-11-23 19:39:51.976] [DEBUG] 平台 - 去死
[2016-11-23 19:39:51.991] [DEBUG] 平台 - 去死
[2016-11-23 19:39:53.148] [DEBUG] 平台 - 去死
[2016-11-23 19:39:53.163] [DEBUG] 平台 - 去死
[2016-11-23 19:39:53.179] [DEBUG] 平台 - 去死
[2016-11-23 19:39:53.195] [DEBUG] 平台 - 去死
[2016-11-23 19:39:53.210] [DEBUG] 平台 - 去死
[2016-11-23 19:39:56.601] [DEBUG] 平台 - 去死
[2016-11-23 19:39:58.143] [DEBUG] 平台 - 去死
[2016-11-23 19:39:58.159] [DEBUG] 平台 - 去死
[2016-11-23 19:39:58.174] [DEBUG] 平台 - 去死
[2016-11-23 19:39:58.206] [DEBUG] 平台 - 去死
[2016-11-23 19:39:58.424] [DEBUG] 平台 - 去死
[2016-11-23 19:39:58.455] [DEBUG] 平台 - 去死
[2016-11-23 19:39:58.471] [DEBUG] 平台 - 去死
[2016-11-23 19:39:58.486] [DEBUG] 平台 - 去死
[2016-11-23 19:39:58.748] [DEBUG] 平台 - 去死
[2016-11-23 19:39:58.764] [DEBUG] 平台 - 去死
[2016-11-23 19:39:58.795] [DEBUG] 平台 - 去死
[2016-11-23 19:39:58.810] [DEBUG] 平台 - 去死
[2016-11-23 19:39:59.076] [DEBUG] 平台 - 去死
[2016-11-23 19:39:59.091] [DEBUG] 平台 - 去死
[2016-11-23 19:39:59.107] [DEBUG] 平台 - 去死
[2016-11-23 19:39:59.372] [DEBUG] 平台 - 去死
[2016-11-23 19:39:59.388] [DEBUG] 平台 - 去死
[2016-11-23 19:39:59.419] [DEBUG] 平台 - 去死
[2016-11-23 19:39:59.434] [DEBUG] 平台 - 去死
[2016-11-23 19:39:59.466] [DEBUG] 平台 - 去死
[2016-11-23 19:39:59.497] [DEBUG] 平台 - 去死
[2016-11-23 19:39:59.512] [DEBUG] 平台 - 去死
[2016-11-23 19:39:59.544] [DEBUG] 平台 - 去死
[2016-11-23 19:39:59.559] [DEBUG] 平台 - 去死
[2016-11-23 19:39:59.575] [DEBUG] 平台 - 去死
[2016-11-23 19:39:59.590] [DEBUG] 平台 - 去死
[2016-11-23 19:40:00.246] [DEBUG] 平台 - 去死
[2016-11-23 19:40:00.261] [DEBUG] 平台 - 去死
[2016-11-23 19:40:00.292] [DEBUG] 平台 - 去死
[2016-11-23 19:40:01.137] [DEBUG] 平台 - 去死
[2016-11-23 19:40:01.152] [DEBUG] 平台 - 去死
[2016-11-23 19:40:01.184] [DEBUG] 平台 - 去死
[2016-11-23 19:40:01.433] [DEBUG] 平台 - 去死
[2016-11-23 19:40:01.464] [DEBUG] 平台 - 去死
[2016-11-23 19:40:01.480] [DEBUG] 平台 - 去死
[2016-11-23 19:40:01.496] [DEBUG] 平台 - 去死
[2016-11-23 19:40:01.558] [DEBUG] 平台 - 去死
[2016-11-23 19:40:01.575] [DEBUG] 平台 - 去死
[2016-11-23 19:40:01.590] [DEBUG] 平台 - 去死
[2016-11-23 19:40:01.810] [DEBUG] 平台 - 去死
[2016-11-23 19:40:01.841] [DEBUG] 平台 - 去死
[2016-11-23 19:40:01.856] [DEBUG] 平台 - 去死
[2016-11-23 19:40:02.293] [DEBUG] 平台 - 去死
[2016-11-23 19:40:02.309] [DEBUG] 平台 - 去死
[2016-11-23 19:40:02.324] [DEBUG] 平台 - 去死
[2016-11-23 19:40:02.356] [DEBUG] 平台 - 去死
[2016-11-23 19:40:02.387] [DEBUG] 平台 - 去死
[2016-11-23 19:40:03.859] [DEBUG] 平台 - 去死
[2016-11-23 19:40:05.360] [DEBUG] 平台 - 去死
[2016-11-23 19:40:05.377] [DEBUG] 平台 - 去死
[2016-11-23 19:40:05.393] [DEBUG] 平台 - 去死
[2016-11-23 19:40:05.409] [DEBUG] 平台 - 去死
[2016-11-23 19:40:05.424] [DEBUG] 平台 - 去死
[2016-11-23 19:40:06.095] [DEBUG] 平台 - 去死
[2016-11-23 19:40:06.111] [DEBUG] 平台 - 去死
[2016-11-23 19:40:06.345] [DEBUG] 平台 - 去死
[2016-11-23 19:40:07.112] [DEBUG] 平台 - 去死
[2016-11-23 19:40:07.128] [DEBUG] 平台 - 去死
[2016-11-23 19:40:07.377] [DEBUG] 平台 - 去死
[2016-11-23 19:40:07.393] [DEBUG] 平台 - 去死
[2016-11-23 19:40:08.080] [DEBUG] 平台 - 去死
[2016-11-23 19:40:08.096] [DEBUG] 平台 - 去死
[2016-11-23 19:40:08.111] [DEBUG] 平台 - 去死
[2016-11-23 19:40:08.392] [DEBUG] 平台 - 去死
[2016-11-23 19:40:08.423] [DEBUG] 平台 - 去死
[2016-11-23 19:40:08.439] [DEBUG] 平台 - 去死
[2016-11-23 19:40:09.973] [DEBUG] 平台 - 去死
[2016-11-23 19:40:10.004] [DEBUG] 平台 - 去死
[2016-11-23 19:40:10.269] [DEBUG] 平台 - 去死
[2016-11-23 19:40:10.285] [DEBUG] 平台 - 去死
[2016-11-23 19:40:10.316] [DEBUG] 平台 - 去死
[2016-11-23 19:40:10.347] [DEBUG] 平台 - 去死
[2016-11-23 19:40:10.363] [DEBUG] 平台 - 去死
[2016-11-23 19:40:10.378] [DEBUG] 平台 - 去死
[2016-11-23 19:40:11.538] [DEBUG] 平台 - 去死
[2016-11-23 19:40:11.553] [DEBUG] 平台 - 去死
[2016-11-23 19:40:11.569] [DEBUG] 平台 - 去死
[2016-11-23 19:40:11.850] [DEBUG] 平台 - 去死
[2016-11-23 19:40:11.865] [DEBUG] 平台 - 去死
[2016-11-23 19:40:11.897] [DEBUG] 平台 - 去死
[2016-11-23 19:40:11.912] [DEBUG] 平台 - 去死
[2016-11-23 19:40:11.928] [DEBUG] 平台 - 去死
[2016-11-23 19:40:11.959] [DEBUG] 平台 - 去死
[2016-11-23 19:40:11.975] [DEBUG] 平台 - 去死
[2016-11-23 19:40:13.803] [DEBUG] 平台 - 去死
[2016-11-23 19:40:13.818] [DEBUG] 平台 - 去死
[2016-11-23 19:40:13.850] [DEBUG] 平台 - 去死
[2016-11-23 19:40:13.865] [DEBUG] 平台 - 去死
[2016-11-23 19:40:13.881] [DEBUG] 平台 - 去死
[2016-11-23 19:40:13.896] [DEBUG] 平台 - 去死
[2016-11-23 19:40:13.912] [DEBUG] 平台 - 去死
[2016-11-23 19:40:13.928] [DEBUG] 平台 - 去死
[2016-11-23 19:40:13.943] [DEBUG] 平台 - 去死
[2016-11-23 19:40:13.974] [DEBUG] 平台 - 去死
[2016-11-23 19:40:13.990] [DEBUG] 平台 - 去死
[2016-11-23 19:40:14.021] [DEBUG] 平台 - 去死
[2016-11-23 19:40:14.255] [DEBUG] 平台 - 去死
[2016-11-23 19:40:14.271] [DEBUG] 平台 - 去死
[2016-11-23 19:40:14.286] [DEBUG] 平台 - 去死
[2016-11-23 19:40:14.318] [DEBUG] 平台 - 去死
[2016-11-23 19:40:14.538] [DEBUG] 平台 - 去死
[2016-11-23 19:40:14.554] [DEBUG] 平台 - 去死
[2016-11-23 19:40:14.585] [DEBUG] 平台 - 去死
[2016-11-23 19:40:14.600] [DEBUG] 平台 - 去死
[2016-11-23 19:40:14.616] [DEBUG] 平台 - 去死
[2016-11-23 19:40:14.850] [DEBUG] 平台 - 去死
[2016-11-23 19:40:14.881] [DEBUG] 平台 - 去死
[2016-11-23 19:40:15.115] [DEBUG] 平台 - 去死
[2016-11-23 19:40:15.146] [DEBUG] 平台 - 去死
[2016-11-23 19:40:15.365] [DEBUG] 平台 - 去死
[2016-11-23 19:40:16.589] [DEBUG] 平台 - 去死
[2016-11-23 19:40:16.604] [DEBUG] 平台 - 去死
[2016-11-23 19:40:16.620] [DEBUG] 平台 - 去死
[2016-11-23 19:40:16.635] [DEBUG] 平台 - 去死
[2016-11-23 19:40:16.854] [DEBUG] 平台 - 去死
[2016-11-23 19:40:16.885] [DEBUG] 平台 - 去死
[2016-11-23 19:40:16.901] [DEBUG] 平台 - 去死
[2016-11-23 19:40:16.916] [DEBUG] 平台 - 去死
[2016-11-23 19:40:16.947] [DEBUG] 平台 - 去死
[2016-11-23 19:40:16.963] [DEBUG] 平台 - 去死
[2016-11-23 19:40:17.197] [DEBUG] 平台 - 去死
[2016-11-23 19:40:17.228] [DEBUG] 平台 - 去死
[2016-11-23 19:40:17.493] [DEBUG] 平台 - 去死
[2016-11-23 19:40:17.744] [DEBUG] 平台 - 去死
[2016-11-23 19:40:17.760] [DEBUG] 平台 - 去死
[2016-11-23 19:40:17.775] [DEBUG] 平台 - 去死
[2016-11-23 19:40:17.791] [DEBUG] 平台 - 去死
[2016-11-23 19:40:17.807] [DEBUG] 平台 - 去死
[2016-11-23 19:40:17.839] [DEBUG] 平台 - 去死
[2016-11-23 19:40:17.854] [DEBUG] 平台 - 去死
[2016-11-23 19:40:19.573] [DEBUG] 平台 - 去死
[2016-11-23 19:40:19.589] [DEBUG] 平台 - 去死
[2016-11-23 19:40:19.604] [DEBUG] 平台 - 去死
[2016-11-23 19:40:19.620] [DEBUG] 平台 - 去死
[2016-11-23 19:40:19.651] [DEBUG] 平台 - 去死
[2016-11-23 19:40:19.667] [DEBUG] 平台 - 去死
[2016-11-23 19:40:19.682] [DEBUG] 平台 - 去死
[2016-11-23 19:40:19.698] [DEBUG] 平台 - 去死
[2016-11-23 19:40:20.338] [DEBUG] 平台 - 去死
[2016-11-23 19:40:20.369] [DEBUG] 平台 - 去死
[2016-11-23 19:40:20.384] [DEBUG] 平台 - 去死
[2016-11-23 19:40:21.953] [DEBUG] 平台 - 去死
[2016-11-23 19:40:21.969] [DEBUG] 平台 - 去死
[2016-11-23 19:40:22.000] [DEBUG] 平台 - 去死
[2016-11-23 19:40:22.016] [DEBUG] 平台 - 去死
[2016-11-23 19:40:22.031] [DEBUG] 平台 - 去死
[2016-11-23 19:40:22.297] [DEBUG] 平台 - 去死
[2016-11-23 19:40:22.533] [DEBUG] 平台 - 去死
[2016-11-23 19:40:22.548] [DEBUG] 平台 - 去死
[2016-11-23 19:40:22.579] [DEBUG] 平台 - 去死
[2016-11-23 19:40:22.611] [DEBUG] 平台 - 去死
[2016-11-23 19:40:22.626] [DEBUG] 平台 - 去死
[2016-11-23 19:40:22.657] [DEBUG] 平台 - 去死
[2016-11-23 19:40:22.673] [DEBUG] 平台 - 去死
[2016-11-23 19:40:22.891] [DEBUG] 平台 - 去死
[2016-11-23 19:40:22.923] [DEBUG] 平台 - 去死
[2016-11-23 19:40:22.938] [DEBUG] 平台 - 去死
[2016-11-23 19:40:22.969] [DEBUG] 平台 - 去死
[2016-11-23 19:40:22.985] [DEBUG] 平台 - 去死
[2016-11-23 19:40:23.016] [DEBUG] 平台 - 去死
[2016-11-23 19:40:23.032] [DEBUG] 平台 - 去死
[2016-11-23 19:40:23.047] [DEBUG] 平台 - 去死
[2016-11-23 19:40:23.281] [DEBUG] 平台 - 去死
[2016-11-23 19:40:23.547] [DEBUG] 平台 - 去死
[2016-11-23 19:40:23.562] [DEBUG] 平台 - 去死
[2016-11-23 19:40:23.593] [DEBUG] 平台 - 去死
[2016-11-23 19:40:23.827] [DEBUG] 平台 - 去死
[2016-11-23 19:40:23.843] [DEBUG] 平台 - 去死
[2016-11-23 19:40:24.061] [DEBUG] 平台 - 去死
[2016-11-23 19:40:24.077] [DEBUG] 平台 - 去死
[2016-11-23 19:40:24.093] [DEBUG] 平台 - 去死
[2016-11-23 19:40:24.108] [DEBUG] 平台 - 去死
[2016-11-23 19:40:24.139] [DEBUG] 平台 - 去死
[2016-11-23 19:40:24.389] [DEBUG] 平台 - 去死
[2016-11-23 19:40:24.420] [DEBUG] 平台 - 去死
[2016-11-23 19:40:24.451] [DEBUG] 平台 - 去死
[2016-11-23 19:40:24.467] [DEBUG] 平台 - 去死
[2016-11-23 19:40:24.498] [DEBUG] 平台 - 去死
[2016-11-23 19:40:24.529] [DEBUG] 平台 - 去死
[2016-11-23 19:40:24.546] [DEBUG] 平台 - 去死
[2016-11-23 19:40:24.562] [DEBUG] 平台 - 去死
[2016-11-23 19:40:24.577] [DEBUG] 平台 - 去死
[2016-11-23 19:40:25.983] [DEBUG] 平台 - 去死
[2016-11-23 19:40:26.014] [DEBUG] 平台 - 去死
[2016-11-23 19:40:26.030] [DEBUG] 平台 - 去死
[2016-11-23 19:40:26.295] [DEBUG] 平台 - 去死
[2016-11-23 19:40:26.311] [DEBUG] 平台 - 去死
[2016-11-23 19:40:26.342] [DEBUG] 平台 - 去死
[2016-11-23 19:40:26.358] [DEBUG] 平台 - 去死
[2016-11-23 19:40:26.625] [DEBUG] 平台 - 去死
[2016-11-23 19:40:26.640] [DEBUG] 平台 - 去死
[2016-11-23 19:40:26.672] [DEBUG] 平台 - 去死
[2016-11-23 19:40:27.108] [DEBUG] 平台 - 去死
[2016-11-23 19:40:27.124] [DEBUG] 平台 - 去死
[2016-11-23 19:40:27.155] [DEBUG] 平台 - 去死
[2016-11-23 19:40:27.594] [DEBUG] 平台 - 去死
[2016-11-23 19:40:27.610] [DEBUG] 平台 - 去死
[2016-11-23 19:40:27.859] [DEBUG] 平台 - 去死
[2016-11-23 19:40:27.875] [DEBUG] 平台 - 去死
[2016-11-23 19:40:27.890] [DEBUG] 平台 - 去死
[2016-11-23 19:40:27.922] [DEBUG] 平台 - 去死
[2016-11-23 19:40:28.140] [DEBUG] 平台 - 去死
[2016-11-23 19:40:28.156] [DEBUG] 平台 - 去死
[2016-11-23 19:40:28.187] [DEBUG] 平台 - 去死
[2016-11-23 19:40:28.234] [DEBUG] 平台 - 去死
[2016-11-23 19:40:28.265] [DEBUG] 平台 - 去死
[2016-11-23 19:40:29.541] [DEBUG] 平台 - 去死
[2016-11-23 19:40:29.572] [DEBUG] 平台 - 去死
[2016-11-23 19:40:29.587] [DEBUG] 平台 - 去死
[2016-11-23 19:40:29.821] [DEBUG] 平台 - 去死
[2016-11-23 19:40:29.837] [DEBUG] 平台 - 去死
[2016-11-23 19:40:31.369] [DEBUG] 平台 - 去死
[2016-11-23 19:40:31.384] [DEBUG] 平台 - 去死
[2016-11-23 19:40:31.400] [DEBUG] 平台 - 去死
[2016-11-23 19:40:31.416] [DEBUG] 平台 - 去死
[2016-11-23 19:40:31.431] [DEBUG] 平台 - 去死
[2016-11-23 19:40:31.447] [DEBUG] 平台 - 去死
[2016-11-23 19:40:31.681] [DEBUG] 平台 - 去死
[2016-11-23 19:40:31.696] [DEBUG] 平台 - 去死
[2016-11-23 19:40:32.336] [DEBUG] 平台 - 去死
[2016-11-23 19:40:32.367] [DEBUG] 平台 - 去死
[2016-11-23 19:40:33.025] [DEBUG] 平台 - 去死
[2016-11-23 19:40:33.291] [DEBUG] 平台 - 去死
[2016-11-23 19:40:33.322] [DEBUG] 平台 - 去死
[2016-11-23 19:40:33.559] [DEBUG] 平台 - 去死
[2016-11-23 19:40:33.574] [DEBUG] 平台 - 去死
[2016-11-23 19:40:33.590] [DEBUG] 平台 - 去死
[2016-11-23 19:40:33.621] [DEBUG] 平台 - 去死
[2016-11-23 19:40:33.637] [DEBUG] 平台 - 去死
[2016-11-23 19:40:33.652] [DEBUG] 平台 - 去死
[2016-11-23 19:40:33.684] [DEBUG] 平台 - 去死
[2016-11-23 19:40:33.699] [DEBUG] 平台 - 去死
[2016-11-23 19:40:33.949] [DEBUG] 平台 - 去死
[2016-11-23 19:40:33.964] [DEBUG] 平台 - 去死
[2016-11-23 19:40:33.980] [DEBUG] 平台 - 去死
[2016-11-23 19:40:35.387] [DEBUG] 平台 - 去死
[2016-11-23 19:40:35.418] [DEBUG] 平台 - 去死
[2016-11-23 19:40:35.434] [DEBUG] 平台 - 去死
[2016-11-23 19:40:35.449] [DEBUG] 平台 - 去死
[2016-11-23 19:40:35.465] [DEBUG] 平台 - 去死
[2016-11-23 19:40:35.699] [DEBUG] 平台 - 去死
[2016-11-23 19:40:35.715] [DEBUG] 平台 - 去死
[2016-11-23 19:40:35.746] [DEBUG] 平台 - 去死
[2016-11-23 19:40:35.761] [DEBUG] 平台 - 去死
[2016-11-23 19:40:35.777] [DEBUG] 平台 - 去死
[2016-11-23 19:40:35.793] [DEBUG] 平台 - 去死
[2016-11-23 19:40:36.856] [DEBUG] 平台 - 去死
[2016-11-23 19:40:36.872] [DEBUG] 平台 - 去死
[2016-11-23 19:40:37.122] [DEBUG] 平台 - 去死
[2016-11-23 19:40:37.153] [DEBUG] 平台 - 去死
[2016-11-23 19:40:37.168] [DEBUG] 平台 - 去死
[2016-11-23 19:40:37.200] [DEBUG] 平台 - 去死
[2016-11-23 19:40:37.215] [DEBUG] 平台 - 去死
[2016-11-23 19:40:37.449] [DEBUG] 平台 - 去死
[2016-11-23 19:40:38.764] [DEBUG] 平台 - 去死
[2016-11-23 19:40:38.779] [DEBUG] 平台 - 去死
[2016-11-23 19:40:40.310] [DEBUG] 平台 - 去死
[2016-11-23 19:40:40.326] [DEBUG] 平台 - 去死
[2016-11-23 19:40:40.357] [DEBUG] 平台 - 去死
[2016-11-23 19:40:40.372] [DEBUG] 平台 - 去死
[2016-11-23 19:40:41.031] [DEBUG] 平台 - 去死
[2016-11-23 19:40:41.249] [DEBUG] 平台 - 去死
[2016-11-23 19:40:41.280] [DEBUG] 平台 - 去死
[2016-11-23 19:40:41.296] [DEBUG] 平台 - 去死
[2016-11-23 19:40:41.327] [DEBUG] 平台 - 去死
[2016-11-23 19:40:41.343] [DEBUG] 平台 - 去死
[2016-11-23 19:40:41.579] [DEBUG] 平台 - 去死
[2016-11-23 19:40:41.610] [DEBUG] 平台 - 去死
[2016-11-23 19:40:41.625] [DEBUG] 平台 - 去死
[2016-11-23 19:40:43.125] [DEBUG] 平台 - 去死
[2016-11-23 19:40:43.141] [DEBUG] 平台 - 去死
[2016-11-23 19:40:43.156] [DEBUG] 平台 - 去死
[2016-11-23 19:40:43.187] [DEBUG] 平台 - 去死
[2016-11-23 19:40:43.203] [DEBUG] 平台 - 去死
[2016-11-23 19:40:43.219] [DEBUG] 平台 - 去死
[2016-11-23 19:40:43.234] [DEBUG] 平台 - 去死
[2016-11-23 19:40:43.265] [DEBUG] 平台 - 去死
[2016-11-23 19:40:43.281] [DEBUG] 平台 - 去死
[2016-11-23 19:40:43.297] [DEBUG] 平台 - 去死
[2016-11-23 19:40:43.312] [DEBUG] 平台 - 去死
[2016-11-23 19:40:43.343] [DEBUG] 平台 - 去死
[2016-11-23 19:40:43.359] [DEBUG] 平台 - 去死
[2016-11-23 19:40:43.595] [DEBUG] 平台 - 去死
[2016-11-23 19:40:43.611] [DEBUG] 平台 - 去死
[2016-11-23 19:40:43.626] [DEBUG] 平台 - 去死
[2016-11-23 19:40:43.657] [DEBUG] 平台 - 去死
[2016-11-23 19:40:43.673] [DEBUG] 平台 - 去死
[2016-11-23 19:40:43.689] [DEBUG] 平台 - 去死
[2016-11-23 19:40:43.704] [DEBUG] 平台 - 去死
[2016-11-23 19:40:43.735] [DEBUG] 平台 - 去死
[2016-11-23 19:40:43.969] [DEBUG] 平台 - 去死
[2016-11-23 19:40:43.985] [DEBUG] 平台 - 去死
[2016-11-23 19:40:44.016] [DEBUG] 平台 - 去死
[2016-11-23 19:40:44.266] [DEBUG] 平台 - 去死
[2016-11-23 19:40:44.549] [DEBUG] 平台 - 去死
[2016-11-23 19:40:44.580] [DEBUG] 平台 - 去死
[2016-11-23 19:40:44.595] [DEBUG] 平台 - 去死
[2016-11-23 19:40:44.627] [DEBUG] 平台 - 去死
[2016-11-23 19:40:44.642] [DEBUG] 平台 - 去死
[2016-11-23 19:40:44.658] [DEBUG] 平台 - 去死
[2016-11-23 19:40:44.673] [DEBUG] 平台 - 去死
[2016-11-23 19:40:44.689] [DEBUG] 平台 - 去死
[2016-11-23 19:40:44.705] [DEBUG] 平台 - 去死
[2016-11-23 19:40:44.736] [DEBUG] 平台 - 去死
[2016-11-23 19:40:44.751] [DEBUG] 平台 - 去死
[2016-11-23 19:40:44.767] [DEBUG] 平台 - 去死
[2016-11-23 19:40:44.783] [DEBUG] 平台 - 去死
[2016-11-23 19:40:44.798] [DEBUG] 平台 - 去死
[2016-11-23 19:40:45.438] [DEBUG] 平台 - 去死
[2016-11-23 19:40:45.469] [DEBUG] 平台 - 去死
[2016-11-23 19:40:45.485] [DEBUG] 平台 - 去死
[2016-11-23 19:40:45.721] [DEBUG] 平台 - 去死
[2016-11-23 19:40:45.736] [DEBUG] 平台 - 去死
[2016-11-23 19:40:45.752] [DEBUG] 平台 - 去死
[2016-11-23 19:40:45.783] [DEBUG] 平台 - 去死
[2016-11-23 19:40:45.799] [DEBUG] 平台 - 去死
[2016-11-23 19:40:45.814] [DEBUG] 平台 - 去死
[2016-11-23 19:40:45.830] [DEBUG] 平台 - 去死
[2016-11-23 19:40:45.861] [DEBUG] 平台 - 去死
[2016-11-23 19:40:47.283] [DEBUG] 平台 - 去死
[2016-11-23 19:40:47.298] [DEBUG] 平台 - 去死
[2016-11-23 19:40:47.329] [DEBUG] 平台 - 去死
[2016-11-23 19:40:47.345] [DEBUG] 平台 - 去死
[2016-11-23 19:40:47.581] [DEBUG] 平台 - 去死
[2016-11-23 19:40:47.612] [DEBUG] 平台 - 去死
[2016-11-23 19:40:47.643] [DEBUG] 平台 - 去死
[2016-11-23 19:40:48.878] [DEBUG] 平台 - 去死
[2016-11-23 19:40:48.909] [DEBUG] 平台 - 去死
[2016-11-23 19:40:48.925] [DEBUG] 平台 - 去死
[2016-11-23 19:40:49.584] [DEBUG] 平台 - 去死
[2016-11-23 19:40:49.615] [DEBUG] 平台 - 去死
[2016-11-23 19:40:49.631] [DEBUG] 平台 - 去死
[2016-11-23 19:40:49.646] [DEBUG] 平台 - 去死
[2016-11-23 19:40:49.677] [DEBUG] 平台 - 去死
[2016-11-23 19:40:49.911] [DEBUG] 平台 - 去死
[2016-11-23 19:40:49.927] [DEBUG] 平台 - 去死
[2016-11-23 19:40:49.958] [DEBUG] 平台 - 去死
[2016-11-23 19:40:49.974] [DEBUG] 平台 - 去死
[2016-11-23 19:40:49.989] [DEBUG] 平台 - 去死
[2016-11-23 19:40:50.426] [DEBUG] 平台 - 去死
[2016-11-23 19:40:50.457] [DEBUG] 平台 - 去死
[2016-11-23 19:40:50.473] [DEBUG] 平台 - 去死
[2016-11-23 19:40:50.710] [DEBUG] 平台 - 去死
[2016-11-23 19:40:50.726] [DEBUG] 平台 - 去死
[2016-11-23 19:40:50.757] [DEBUG] 平台 - 去死
[2016-11-23 19:40:50.975] [DEBUG] 平台 - 去死
[2016-11-23 19:40:51.006] [DEBUG] 平台 - 去死
[2016-11-23 19:40:51.256] [DEBUG] 平台 - 去死
[2016-11-23 19:40:51.272] [DEBUG] 平台 - 去死
[2016-11-23 19:40:51.303] [DEBUG] 平台 - 去死
[2016-11-23 19:40:51.318] [DEBUG] 平台 - 去死
[2016-11-23 19:40:51.334] [DEBUG] 平台 - 去死
[2016-11-23 19:40:51.350] [DEBUG] 平台 - 去死
[2016-11-23 19:40:51.381] [DEBUG] 平台 - 去死
[2016-11-23 19:40:51.396] [DEBUG] 平台 - 去死
[2016-11-23 19:40:51.631] [DEBUG] 平台 - 去死
[2016-11-23 19:40:51.647] [DEBUG] 平台 - 去死
[2016-11-23 19:40:51.663] [DEBUG] 平台 - 去死
[2016-11-23 19:40:51.694] [DEBUG] 平台 - 去死
[2016-11-23 19:40:51.912] [DEBUG] 平台 - 去死
[2016-11-23 19:40:51.943] [DEBUG] 平台 - 去死
[2016-11-23 19:40:55.303] [DEBUG] 平台 - 去死
[2016-11-23 19:40:55.335] [DEBUG] 平台 - 去死
[2016-11-23 19:40:55.366] [DEBUG] 平台 - 去死
[2016-11-23 19:40:55.381] [DEBUG] 平台 - 去死
[2016-11-23 19:40:55.397] [DEBUG] 平台 - 去死
[2016-11-23 19:40:55.647] [DEBUG] 平台 - 去死
[2016-11-23 19:40:55.662] [DEBUG] 平台 - 去死
[2016-11-23 19:40:55.693] [DEBUG] 平台 - 去死
[2016-11-23 19:40:55.912] [DEBUG] 平台 - 去死
[2016-11-23 19:40:55.927] [DEBUG] 平台 - 去死
[2016-11-23 19:40:55.943] [DEBUG] 平台 - 去死
[2016-11-23 19:40:56.208] [DEBUG] 平台 - 去死
[2016-11-23 19:40:56.224] [DEBUG] 平台 - 去死
[2016-11-23 19:40:56.239] [DEBUG] 平台 - 去死
[2016-11-23 19:40:58.743] [DEBUG] 平台 - 去死
[2016-11-23 19:40:58.759] [DEBUG] 平台 - 去死
[2016-11-23 19:40:58.790] [DEBUG] 平台 - 去死
[2016-11-23 19:40:58.806] [DEBUG] 平台 - 去死
[2016-11-23 19:40:58.821] [DEBUG] 平台 - 去死
[2016-11-23 19:40:58.837] [DEBUG] 平台 - 去死
[2016-11-23 19:40:58.868] [DEBUG] 平台 - 去死
[2016-11-23 19:40:59.133] [DEBUG] 平台 - 去死
[2016-11-23 19:40:59.352] [DEBUG] 平台 - 去死
[2016-11-23 19:40:59.367] [DEBUG] 平台 - 去死
[2016-11-23 19:40:59.633] [DEBUG] 平台 - 去死
[2016-11-23 19:40:59.648] [DEBUG] 平台 - 去死
[2016-11-23 19:40:59.664] [DEBUG] 平台 - 去死
[2016-11-23 19:40:59.929] [DEBUG] 平台 - 去死
[2016-11-23 19:40:59.945] [DEBUG] 平台 - 去死
[2016-11-23 19:41:00.604] [DEBUG] 平台 - 去死
[2016-11-23 19:41:00.838] [DEBUG] 平台 - 去死
[2016-11-23 19:41:00.853] [DEBUG] 平台 - 去死
[2016-11-23 19:41:01.087] [DEBUG] 平台 - 去死
[2016-11-23 19:41:01.119] [DEBUG] 平台 - 去死
[2016-11-23 19:41:01.150] [DEBUG] 平台 - 去死
[2016-11-23 19:41:01.165] [DEBUG] 平台 - 去死
[2016-11-23 19:41:01.181] [DEBUG] 平台 - 去死
[2016-11-23 19:41:01.415] [DEBUG] 平台 - 去死
[2016-11-23 19:41:01.431] [DEBUG] 平台 - 去死
[2016-11-23 19:41:01.462] [DEBUG] 平台 - 去死
[2016-11-23 19:41:01.477] [DEBUG] 平台 - 去死
[2016-11-23 19:41:01.493] [DEBUG] 平台 - 去死
[2016-11-23 19:41:01.524] [DEBUG] 平台 - 去死
[2016-11-23 19:41:01.540] [DEBUG] 平台 - 去死
[2016-11-23 19:41:01.555] [DEBUG] 平台 - 去死
[2016-11-23 19:41:01.571] [DEBUG] 平台 - 去死
[2016-11-23 19:41:01.602] [DEBUG] 平台 - 去死
[2016-11-23 19:41:01.618] [DEBUG] 平台 - 去死
[2016-11-23 19:41:01.633] [DEBUG] 平台 - 去死
[2016-11-23 19:41:01.649] [DEBUG] 平台 - 去死
[2016-11-23 19:41:02.491] [DEBUG] 平台 - 去死
[2016-11-23 19:41:02.507] [DEBUG] 平台 - 去死
[2016-11-23 19:41:02.523] [DEBUG] 平台 - 去死
[2016-11-23 19:41:02.541] [DEBUG] 平台 - 去死
[2016-11-23 19:41:02.557] [DEBUG] 平台 - 去死
[2016-11-23 19:41:02.588] [DEBUG] 平台 - 去死
[2016-11-23 19:41:02.822] [DEBUG] 平台 - 去死
[2016-11-23 19:41:02.838] [DEBUG] 平台 - 去死
[2016-11-23 19:41:04.086] [DEBUG] 平台 - 去死
[2016-11-23 19:41:05.542] [DEBUG] 平台 - 去死
[2016-11-23 19:41:05.562] [DEBUG] 平台 - 去死
[2016-11-23 19:41:07.120] [DEBUG] 平台 - 去死
[2016-11-23 19:41:07.354] [DEBUG] 平台 - 去死
[2016-11-23 19:41:07.369] [DEBUG] 平台 - 去死
[2016-11-23 19:41:07.385] [DEBUG] 平台 - 去死
[2016-11-23 19:41:07.416] [DEBUG] 平台 - 去死
[2016-11-23 19:41:07.681] [DEBUG] 平台 - 去死
[2016-11-23 19:41:07.697] [DEBUG] 平台 - 去死
[2016-11-23 19:41:07.931] [DEBUG] 平台 - 去死
[2016-11-23 19:41:07.947] [DEBUG] 平台 - 去死
[2016-11-23 19:41:07.978] [DEBUG] 平台 - 去死
[2016-11-23 19:41:08.212] [DEBUG] 平台 - 去死
[2016-11-23 19:41:08.227] [DEBUG] 平台 - 去死
[2016-11-23 19:41:09.524] [DEBUG] 平台 - 去死
[2016-11-23 19:41:09.542] [DEBUG] 平台 - 去死
[2016-11-23 19:41:09.791] [DEBUG] 平台 - 去死
[2016-11-23 19:41:09.807] [DEBUG] 平台 - 去死
[2016-11-23 19:41:09.823] [DEBUG] 平台 - 去死
[2016-11-23 19:41:09.838] [DEBUG] 平台 - 去死
[2016-11-23 19:41:09.854] [DEBUG] 平台 - 去死
[2016-11-23 19:41:09.885] [DEBUG] 平台 - 去死
[2016-11-23 19:41:09.901] [DEBUG] 平台 - 去死
[2016-11-23 19:41:09.916] [DEBUG] 平台 - 去死
[2016-11-23 19:41:11.073] [DEBUG] 平台 - 去死
[2016-11-23 19:41:11.104] [DEBUG] 平台 - 去死
[2016-11-23 19:41:11.119] [DEBUG] 平台 - 去死
[2016-11-23 19:41:11.151] [DEBUG] 平台 - 去死
[2016-11-23 19:41:11.166] [DEBUG] 平台 - 去死
[2016-11-23 19:41:11.182] [DEBUG] 平台 - 去死
[2016-11-23 19:41:11.213] [DEBUG] 平台 - 去死
[2016-11-23 19:41:11.244] [DEBUG] 平台 - 去死
[2016-11-23 19:41:11.260] [DEBUG] 平台 - 去死
[2016-11-23 19:41:11.275] [DEBUG] 平台 - 去死
[2016-11-23 19:41:11.307] [DEBUG] 平台 - 去死
[2016-11-23 19:41:11.322] [DEBUG] 平台 - 去死
[2016-11-23 19:41:11.353] [DEBUG] 平台 - 去死
[2016-11-23 19:41:11.369] [DEBUG] 平台 - 去死
[2016-11-23 19:41:11.592] [DEBUG] 平台 - 去死
[2016-11-23 19:41:13.101] [DEBUG] 平台 - 去死
[2016-11-23 19:41:13.115] [DEBUG] 平台 - 去死
[2016-11-23 19:41:13.130] [DEBUG] 平台 - 去死
[2016-11-23 19:41:13.349] [DEBUG] 平台 - 去死
[2016-11-23 19:41:13.380] [DEBUG] 平台 - 去死
[2016-11-23 19:41:13.396] [DEBUG] 平台 - 去死
[2016-11-23 19:41:13.630] [DEBUG] 平台 - 去死
[2016-11-23 19:41:13.645] [DEBUG] 平台 - 去死
[2016-11-23 19:41:17.023] [DEBUG] 平台 - 去死
[2016-11-23 19:41:17.054] [DEBUG] 平台 - 去死
[2016-11-23 19:41:17.070] [DEBUG] 平台 - 去死
[2016-11-23 19:41:17.101] [DEBUG] 平台 - 去死
[2016-11-23 19:41:17.319] [DEBUG] 平台 - 去死
[2016-11-23 19:41:17.335] [DEBUG] 平台 - 去死
[2016-11-23 19:41:17.366] [DEBUG] 平台 - 去死
[2016-11-23 19:41:17.382] [DEBUG] 平台 - 去死
[2016-11-23 19:41:17.397] [DEBUG] 平台 - 去死
[2016-11-23 19:41:17.428] [DEBUG] 平台 - 去死
[2016-11-23 19:41:17.444] [DEBUG] 平台 - 去死
[2016-11-23 19:41:17.678] [DEBUG] 平台 - 去死
[2016-11-23 19:41:18.100] [DEBUG] 平台 - 去死
[2016-11-23 19:41:18.131] [DEBUG] 平台 - 去死
[2016-11-23 19:41:18.147] [DEBUG] 平台 - 去死
[2016-11-23 19:41:18.178] [DEBUG] 平台 - 去死
[2016-11-23 19:41:18.194] [DEBUG] 平台 - 去死
[2016-11-23 19:41:18.209] [DEBUG] 平台 - 去死
[2016-11-23 19:41:18.225] [DEBUG] 平台 - 去死
[2016-11-23 19:41:18.256] [DEBUG] 平台 - 去死
[2016-11-23 19:41:19.274] [DEBUG] 平台 - 去死
[2016-11-23 19:41:19.305] [DEBUG] 平台 - 去死
[2016-11-23 19:41:19.321] [DEBUG] 平台 - 去死
[2016-11-23 19:41:19.337] [DEBUG] 平台 - 去死
[2016-11-23 19:41:19.352] [DEBUG] 平台 - 去死
[2016-11-23 19:41:19.586] [DEBUG] 平台 - 去死
[2016-11-23 19:41:19.617] [DEBUG] 平台 - 去死
[2016-11-23 19:41:19.633] [DEBUG] 平台 - 去死
[2016-11-23 19:41:19.649] [DEBUG] 平台 - 去死
[2016-11-23 19:41:19.898] [DEBUG] 平台 - 去死
[2016-11-23 19:41:19.914] [DEBUG] 平台 - 去死
[2016-11-23 19:41:19.929] [DEBUG] 平台 - 去死
[2016-11-23 19:41:19.945] [DEBUG] 平台 - 去死
[2016-11-23 19:41:19.961] [DEBUG] 平台 - 去死
[2016-11-23 19:41:19.992] [DEBUG] 平台 - 去死
[2016-11-23 19:41:21.289] [DEBUG] 平台 - 去死
[2016-11-23 19:41:21.320] [DEBUG] 平台 - 去死
[2016-11-23 19:41:22.885] [DEBUG] 平台 - 去死
[2016-11-23 19:41:23.322] [DEBUG] 平台 - 去死
[2016-11-23 19:41:23.603] [DEBUG] 平台 - 去死
[2016-11-23 19:41:23.634] [DEBUG] 平台 - 去死
[2016-11-23 19:41:23.649] [DEBUG] 平台 - 去死
[2016-11-23 19:41:23.665] [DEBUG] 平台 - 去死
[2016-11-23 19:41:23.696] [DEBUG] 平台 - 去死
[2016-11-23 19:41:23.712] [DEBUG] 平台 - 去死
[2016-11-23 19:41:23.743] [DEBUG] 平台 - 去死
[2016-11-23 19:41:23.759] [DEBUG] 平台 - 去死
[2016-11-23 19:41:23.790] [DEBUG] 平台 - 去死
[2016-11-23 19:41:23.805] [DEBUG] 平台 - 去死
[2016-11-23 19:41:23.821] [DEBUG] 平台 - 去死
[2016-11-23 19:41:23.837] [DEBUG] 平台 - 去死
[2016-11-23 19:41:24.071] [DEBUG] 平台 - 去死
[2016-11-23 19:41:24.290] [DEBUG] 平台 - 去死
[2016-11-23 19:41:24.321] [DEBUG] 平台 - 去死
[2016-11-23 19:41:26.183] [DEBUG] 平台 - 去死
[2016-11-23 19:41:26.214] [DEBUG] 平台 - 去死
[2016-11-23 19:41:26.229] [DEBUG] 平台 - 去死
[2016-11-23 19:41:26.245] [DEBUG] 平台 - 去死
[2016-11-23 19:41:26.261] [DEBUG] 平台 - 去死
[2016-11-23 19:41:26.510] [DEBUG] 平台 - 去死
