[2016-12-22 16:18:18.720] [DEBUG] 平台 - 处理器实例化...
[2016-12-22 16:18:18.728] [DEBUG] 平台 - 控制器实例化...
[2016-12-22 16:18:18.728] [DEBUG] 平台 - server实例化
[2016-12-22 16:18:18.728] [DEBUG] 平台 - Server running at 2016 port
[2016-12-22 16:18:20.259] [DEBUG] 平台 - 请求[object Object]
[2016-12-22 16:18:20.999] [DEBUG] 平台 - 义勇军进行曲就是国歌撒
[2016-12-22 16:18:20.999] [DEBUG] 平台 - 额。不想说什么了！
[2016-12-22 16:18:20.999] [DEBUG] 平台 - 爱我中华。
[2016-12-22 16:18:20.999] [DEBUG] 平台 - 自豪
[2016-12-22 16:18:21.015] [DEBUG] 平台 - 爱我中华！万岁！
[2016-12-22 16:18:21.015] [DEBUG] 平台 - 爱我中国
[2016-12-22 16:18:21.015] [DEBUG] 平台 - 日本敢来？你来搞笑的？
[2016-12-22 16:18:21.015] [DEBUG] 平台 - 中国万岁，习主席万岁！
[2016-12-22 16:18:21.015] [DEBUG] 平台 - 肯定  不像印度的阅兵就是表演杂技
[2016-12-22 16:18:21.015] [DEBUG] 平台 - 祖国`万岁
[2016-12-22 16:18:21.015] [DEBUG] 平台 - 为中国骄傲
[2016-12-22 16:18:21.015] [DEBUG] 平台 - 义勇军进行曲
[2016-12-22 16:18:21.015] [DEBUG] 平台 - 震撼，感动，同样他她们的心酸也
[2016-12-22 16:18:21.015] [DEBUG] 平台 - 解放军进行曲
[2016-12-22 16:18:21.015] [DEBUG] 平台 - 我国家族
[2016-12-22 16:18:21.015] [DEBUG] 平台 - 朝鲜有代表
[2016-12-22 16:18:21.015] [DEBUG] 平台 - 美国日本朝鲜不来
[2016-12-22 16:18:21.030] [DEBUG] 平台 - 还是中国兵最好看漂亮
[2016-12-22 16:18:21.030] [DEBUG] 平台 - 祖国万岁
[2016-12-22 16:18:21.030] [DEBUG] 平台 - 看的人激情澎拜，尤其唱国歌都哭了
[2016-12-22 16:18:21.030] [DEBUG] 平台 - 中国万岁
[2016-12-22 16:18:21.030] [DEBUG] 平台 - 好激动
[2016-12-22 16:18:21.030] [DEBUG] 平台 - 万岁万岁
[2016-12-22 16:18:21.030] [DEBUG] 平台 - 阅的是综合国力
[2016-12-22 16:18:21.030] [DEBUG] 平台 - 祖国万岁
[2016-12-22 16:18:21.046] [DEBUG] 平台 - 祖国万岁
[2016-12-22 16:18:21.046] [DEBUG] 平台 - 这个曲子的名字叫什么？
[2016-12-22 16:18:21.046] [DEBUG] 平台 - 祖国万岁
[2016-12-22 16:18:21.046] [DEBUG] 平台 - 国国人民万岁
[2016-12-22 16:18:21.046] [DEBUG] 平台 - 中国人民万岁
