[2016-11-15 10:45:21.807] [DEBUG] 平台 - 处理器实例化...
[2016-11-15 10:45:21.807] [DEBUG] 平台 - 控制器实例化...
[2016-11-15 10:45:21.807] [DEBUG] 平台 - server实例化
[2016-11-15 10:45:21.823] [DEBUG] 平台 - Server running at 2016 port
[2016-11-15 10:45:25.954] [DEBUG] 平台 - 开始获取第1页视频评论列表
[2016-11-15 10:45:29.126] [DEBUG] 平台 - 开始获取第2页视频评论列表
[2016-11-15 10:45:29.251] [DEBUG] 平台 - 开始获取第3页视频评论列表
[2016-11-15 10:45:29.376] [DEBUG] 平台 - 开始获取第4页视频评论列表
[2016-11-15 10:45:29.516] [DEBUG] 平台 - 开始获取第5页视频评论列表
[2016-11-15 10:45:29.641] [DEBUG] 平台 - 开始获取第6页视频评论列表
[2016-11-15 10:45:29.766] [DEBUG] 平台 - 开始获取第7页视频评论列表
[2016-11-15 10:45:29.890] [DEBUG] 平台 - 开始获取第8页视频评论列表
[2016-11-15 10:45:30.015] [DEBUG] 平台 - 开始获取第9页视频评论列表
[2016-11-15 10:45:30.124] [DEBUG] 平台 - 开始获取第10页视频评论列表
[2016-11-15 10:45:30.265] [DEBUG] 平台 - 开始获取第11页视频评论列表
[2016-11-15 10:45:30.390] [DEBUG] 平台 - 开始获取第12页视频评论列表
[2016-11-15 10:45:30.483] [DEBUG] 平台 - 开始获取第13页视频评论列表
[2016-11-15 10:45:30.577] [DEBUG] 平台 - 开始获取第14页视频评论列表
[2016-11-15 10:45:30.686] [DEBUG] 平台 - 开始获取第15页视频评论列表
[2016-11-15 10:45:30.795] [DEBUG] 平台 - 开始获取第16页视频评论列表
[2016-11-15 10:45:44.263] [DEBUG] 平台 - 开始获取第17页视频评论列表
[2016-11-15 10:45:44.388] [DEBUG] 平台 - 开始获取第18页视频评论列表
[2016-11-15 10:45:44.482] [DEBUG] 平台 - 开始获取第19页视频评论列表
[2016-11-15 10:45:44.575] [DEBUG] 平台 - 开始获取第20页视频评论列表
[2016-11-15 10:45:44.685] [DEBUG] 平台 - 开始获取第21页视频评论列表
[2016-11-15 10:45:44.841] [DEBUG] 平台 - 开始获取第22页视频评论列表
[2016-11-15 10:45:44.950] [DEBUG] 平台 - 开始获取第23页视频评论列表
[2016-11-15 10:45:48.538] [DEBUG] 平台 - 开始获取第24页视频评论列表
[2016-11-15 10:45:48.678] [DEBUG] 平台 - 开始获取第25页视频评论列表
[2016-11-15 10:45:48.787] [DEBUG] 平台 - 开始获取第26页视频评论列表
[2016-11-15 10:45:48.912] [DEBUG] 平台 - 开始获取第27页视频评论列表
[2016-11-15 10:45:49.021] [DEBUG] 平台 - 开始获取第28页视频评论列表
[2016-11-15 10:45:49.131] [DEBUG] 平台 - 开始获取第29页视频评论列表
[2016-11-15 10:45:53.748] [DEBUG] 平台 - 开始获取第30页视频评论列表
[2016-11-15 10:45:53.904] [DEBUG] 平台 - 开始获取第31页视频评论列表
[2016-11-15 10:45:54.169] [DEBUG] 平台 - 开始获取第32页视频评论列表
[2016-11-15 10:45:54.294] [DEBUG] 平台 - 开始获取第33页视频评论列表
[2016-11-15 10:45:54.528] [DEBUG] 平台 - 开始获取第34页视频评论列表
[2016-11-15 10:45:54.669] [DEBUG] 平台 - 开始获取第35页视频评论列表
[2016-11-15 10:45:54.903] [DEBUG] 平台 - 开始获取第36页视频评论列表
[2016-11-15 10:45:55.059] [DEBUG] 平台 - 开始获取第37页视频评论列表
[2016-11-15 10:45:55.308] [DEBUG] 平台 - 开始获取第38页视频评论列表
[2016-11-15 10:45:59.645] [DEBUG] 平台 - 开始获取第39页视频评论列表
[2016-11-15 10:45:59.770] [DEBUG] 平台 - 开始获取第40页视频评论列表
[2016-11-15 10:45:59.863] [DEBUG] 平台 - 开始获取第41页视频评论列表
[2016-11-15 10:45:59.988] [DEBUG] 平台 - 开始获取第42页视频评论列表
[2016-11-15 10:46:00.129] [DEBUG] 平台 - 开始获取第43页视频评论列表
[2016-11-15 10:46:00.238] [DEBUG] 平台 - 开始获取第44页视频评论列表
[2016-11-15 10:46:00.363] [DEBUG] 平台 - 开始获取第45页视频评论列表
[2016-11-15 10:46:00.472] [DEBUG] 平台 - 开始获取第46页视频评论列表
[2016-11-15 10:46:00.581] [DEBUG] 平台 - 开始获取第47页视频评论列表
[2016-11-15 10:46:00.721] [DEBUG] 平台 - 开始获取第48页视频评论列表
[2016-11-15 10:46:00.940] [DEBUG] 平台 - 开始获取第49页视频评论列表
[2016-11-15 10:46:01.189] [DEBUG] 平台 - 开始获取第50页视频评论列表
[2016-11-15 10:46:01.299] [DEBUG] 平台 - 开始获取第51页视频评论列表
[2016-11-15 10:46:01.392] [DEBUG] 平台 - 开始获取第52页视频评论列表
[2016-11-15 10:46:05.514] [DEBUG] 平台 - 开始获取第53页视频评论列表
[2016-11-15 10:46:05.623] [DEBUG] 平台 - 开始获取第54页视频评论列表
[2016-11-15 10:46:05.732] [DEBUG] 平台 - 开始获取第55页视频评论列表
[2016-11-15 10:46:05.872] [DEBUG] 平台 - 开始获取第56页视频评论列表
[2016-11-15 10:46:05.966] [DEBUG] 平台 - 开始获取第57页视频评论列表
[2016-11-15 10:46:06.106] [DEBUG] 平台 - 开始获取第58页视频评论列表
[2016-11-15 10:46:10.131] [DEBUG] 平台 - 开始获取第59页视频评论列表
[2016-11-15 10:46:10.240] [DEBUG] 平台 - 开始获取第60页视频评论列表
[2016-11-15 10:46:10.365] [DEBUG] 平台 - 开始获取第61页视频评论列表
[2016-11-15 10:46:10.474] [DEBUG] 平台 - 开始获取第62页视频评论列表
[2016-11-15 10:46:10.630] [DEBUG] 平台 - 开始获取第63页视频评论列表
[2016-11-15 10:46:10.740] [DEBUG] 平台 - 开始获取第64页视频评论列表
[2016-11-15 10:46:10.958] [DEBUG] 平台 - 开始获取第65页视频评论列表
[2016-11-15 10:46:11.083] [DEBUG] 平台 - 开始获取第66页视频评论列表
[2016-11-15 10:46:11.208] [DEBUG] 平台 - 开始获取第67页视频评论列表
[2016-11-15 10:46:11.301] [DEBUG] 平台 - 开始获取第68页视频评论列表
[2016-11-15 10:46:11.426] [DEBUG] 平台 - 开始获取第69页视频评论列表
[2016-11-15 10:46:12.144] [DEBUG] 平台 - 开始获取第70页视频评论列表
[2016-11-15 10:46:12.253] [DEBUG] 平台 - 开始获取第71页视频评论列表
[2016-11-15 10:46:12.362] [DEBUG] 平台 - 开始获取第72页视频评论列表
[2016-11-15 10:46:12.487] [DEBUG] 平台 - 开始获取第73页视频评论列表
[2016-11-15 10:46:12.596] [DEBUG] 平台 - 开始获取第74页视频评论列表
[2016-11-15 10:46:12.721] [DEBUG] 平台 - 开始获取第75页视频评论列表
[2016-11-15 10:46:13.002] [DEBUG] 平台 - 开始获取第76页视频评论列表
[2016-11-15 10:46:13.251] [DEBUG] 平台 - 开始获取第77页视频评论列表
[2016-11-15 10:46:13.579] [DEBUG] 平台 - 开始获取第78页视频评论列表
[2016-11-15 10:46:13.719] [DEBUG] 平台 - 开始获取第79页视频评论列表
[2016-11-15 10:46:13.828] [DEBUG] 平台 - 开始获取第80页视频评论列表
[2016-11-15 10:46:14.733] [DEBUG] 平台 - 开始获取第81页视频评论列表
[2016-11-15 10:46:14.842] [DEBUG] 平台 - 开始获取第82页视频评论列表
[2016-11-15 10:46:14.967] [DEBUG] 平台 - 开始获取第83页视频评论列表
[2016-11-15 10:46:15.732] [DEBUG] 平台 - 开始获取第84页视频评论列表
[2016-11-15 10:46:15.841] [DEBUG] 平台 - 开始获取第85页视频评论列表
