[2016-12-07 10:43:23.753] [DEBUG] 平台 - 处理器实例化...
[2016-12-07 10:43:23.753] [DEBUG] 平台 - 控制器实例化...
[2016-12-07 10:43:23.753] [DEBUG] 平台 - server实例化
[2016-12-07 10:43:23.768] [DEBUG] 平台 - Server running at 2016 port
[2016-12-07 10:43:27.579] [DEBUG] 平台 - 请求[object Object]
[2016-12-07 10:43:28.157] [DEBUG] 平台 - 您输入的值没找到
[2016-12-07 10:43:28.173] [DEBUG] 平台 - 
[2016-12-07 10:43:28.344] [DEBUG] 平台 - 您输入的值没找到
[2016-12-07 10:43:28.348] [DEBUG] 平台 - 9993
[2016-12-07 10:43:28.464] [DEBUG] 平台 - 您输入的值没找到
[2016-12-07 10:43:28.464] [DEBUG] 平台 - 9993
[2016-12-07 10:43:28.583] [DEBUG] 平台 - 您输入的值没找到
[2016-12-07 10:43:28.583] [DEBUG] 平台 - 9993
[2016-12-07 10:43:28.703] [DEBUG] 平台 - 您输入的值没找到
[2016-12-07 10:43:28.706] [DEBUG] 平台 - 9993
[2016-12-07 10:43:28.817] [DEBUG] 平台 - 您输入的值没找到
[2016-12-07 10:43:28.822] [DEBUG] 平台 - 9993
[2016-12-07 10:43:28.933] [DEBUG] 平台 - 您输入的值没找到
[2016-12-07 10:43:28.933] [DEBUG] 平台 - 9993
[2016-12-07 10:43:29.051] [DEBUG] 平台 - 您输入的值没找到
[2016-12-07 10:43:29.067] [DEBUG] 平台 - 9993
[2016-12-07 10:43:29.196] [DEBUG] 平台 - 您输入的值没找到
[2016-12-07 10:43:29.198] [DEBUG] 平台 - 9993
[2016-12-07 10:43:29.291] [DEBUG] 平台 - 您输入的值没找到
[2016-12-07 10:43:29.307] [DEBUG] 平台 - 9993
[2016-12-07 10:43:29.416] [DEBUG] 平台 - 您输入的值没找到
[2016-12-07 10:43:29.432] [DEBUG] 平台 - 9993
[2016-12-07 10:43:29.545] [DEBUG] 平台 - 您输入的值没找到
[2016-12-07 10:43:29.545] [DEBUG] 平台 - 9993
[2016-12-07 10:43:29.657] [DEBUG] 平台 - 您输入的值没找到
[2016-12-07 10:43:29.657] [DEBUG] 平台 - 9993
[2016-12-07 10:43:29.785] [DEBUG] 平台 - 您输入的值没找到
[2016-12-07 10:43:29.785] [DEBUG] 平台 - 9993
[2016-12-07 10:43:29.916] [DEBUG] 平台 - 您输入的值没找到
[2016-12-07 10:43:29.916] [DEBUG] 平台 - 9993
