[2016-12-07 10:44:42.948] [DEBUG] 平台 - 处理器实例化...
[2016-12-07 10:44:42.948] [DEBUG] 平台 - 控制器实例化...
[2016-12-07 10:44:42.948] [DEBUG] 平台 - server实例化
[2016-12-07 10:44:42.964] [DEBUG] 平台 - Server running at 2016 port
[2016-12-07 10:44:45.426] [DEBUG] 平台 - 请求[object Object]
[2016-12-07 10:44:45.885] [DEBUG] 平台 - http://m.uczzd.cn/iflow/api/v2/cmt/article/8482352226312568011/comments/byhot?count=10&fr=iphone&dn=11341561814-acaf3ab1&hotValue
[2016-12-07 10:44:46.052] [DEBUG] 平台 - 您输入的值没找到
[2016-12-07 10:44:46.052] [DEBUG] 平台 - 
[2016-12-07 10:44:46.052] [DEBUG] 平台 - http://m.uczzd.cn/iflow/api/v2/cmt/article/8482352226312568011/comments/byhot?count=10&fr=iphone&dn=11341561814-acaf3ab1&hotValue9993
[2016-12-07 10:44:46.191] [DEBUG] 平台 - 您输入的值没找到
[2016-12-07 10:44:46.195] [DEBUG] 平台 - 9993
[2016-12-07 10:44:46.201] [DEBUG] 平台 - http://m.uczzd.cn/iflow/api/v2/cmt/article/8482352226312568011/comments/byhot?count=10&fr=iphone&dn=11341561814-acaf3ab1&hotValue9993
[2016-12-07 10:44:46.318] [DEBUG] 平台 - 您输入的值没找到
[2016-12-07 10:44:46.321] [DEBUG] 平台 - 9993
[2016-12-07 10:44:46.326] [DEBUG] 平台 - http://m.uczzd.cn/iflow/api/v2/cmt/article/8482352226312568011/comments/byhot?count=10&fr=iphone&dn=11341561814-acaf3ab1&hotValue9993
[2016-12-07 10:44:46.443] [DEBUG] 平台 - 您输入的值没找到
[2016-12-07 10:44:46.446] [DEBUG] 平台 - 9993
[2016-12-07 10:44:46.450] [DEBUG] 平台 - http://m.uczzd.cn/iflow/api/v2/cmt/article/8482352226312568011/comments/byhot?count=10&fr=iphone&dn=11341561814-acaf3ab1&hotValue9993
[2016-12-07 10:44:46.556] [DEBUG] 平台 - 您输入的值没找到
[2016-12-07 10:44:46.556] [DEBUG] 平台 - 9993
[2016-12-07 10:44:46.571] [DEBUG] 平台 - http://m.uczzd.cn/iflow/api/v2/cmt/article/8482352226312568011/comments/byhot?count=10&fr=iphone&dn=11341561814-acaf3ab1&hotValue9993
[2016-12-07 10:44:47.845] [DEBUG] 平台 - 您输入的值没找到
[2016-12-07 10:44:47.848] [DEBUG] 平台 - 9993
[2016-12-07 10:44:47.852] [DEBUG] 平台 - http://m.uczzd.cn/iflow/api/v2/cmt/article/8482352226312568011/comments/byhot?count=10&fr=iphone&dn=11341561814-acaf3ab1&hotValue9993
[2016-12-07 10:44:47.964] [DEBUG] 平台 - 您输入的值没找到
[2016-12-07 10:44:47.964] [DEBUG] 平台 - 9993
[2016-12-07 10:44:47.979] [DEBUG] 平台 - http://m.uczzd.cn/iflow/api/v2/cmt/article/8482352226312568011/comments/byhot?count=10&fr=iphone&dn=11341561814-acaf3ab1&hotValue9993
[2016-12-07 10:44:48.098] [DEBUG] 平台 - 您输入的值没找到
[2016-12-07 10:44:48.098] [DEBUG] 平台 - 9993
[2016-12-07 10:44:48.098] [DEBUG] 平台 - http://m.uczzd.cn/iflow/api/v2/cmt/article/8482352226312568011/comments/byhot?count=10&fr=iphone&dn=11341561814-acaf3ab1&hotValue9993
[2016-12-07 10:44:48.247] [DEBUG] 平台 - 您输入的值没找到
[2016-12-07 10:44:48.247] [DEBUG] 平台 - 9993
[2016-12-07 10:44:48.247] [DEBUG] 平台 - http://m.uczzd.cn/iflow/api/v2/cmt/article/8482352226312568011/comments/byhot?count=10&fr=iphone&dn=11341561814-acaf3ab1&hotValue9993
