[2016-12-16 12:40:12.880] [DEBUG] 平台 - 处理器实例化...
[2016-12-16 12:40:12.884] [DEBUG] 平台 - 控制器实例化...
[2016-12-16 12:40:12.884] [DEBUG] 平台 - server实例化
[2016-12-16 12:40:12.884] [DEBUG] 平台 - Server running at 2016 port
[2016-12-16 12:40:15.736] [DEBUG] 平台 - { type: 'script',
  name: 'script',
  attribs: { type: 'text/javascript' },
  children: 
   [ { data: '\n(function (designW) {\n\tvar docEl = document.documentElement,\n\t\tresizeEvt = \'orientationchange\' in window ? \'orientationchange\' : \'resize\',\n\t\trecalc = function () {\n\t\t\tvar clientWidth = docEl.clientWidth;\n\t\t\tif (!clientWidth) return;\n\t\t\tdocEl.style.fontSize = 100 * (clientWidth / designW) + \'px\';\n\t\t};\n\tif (!document.addEventListener) return;\n        recalc();\n\twindow.addEventListener(resizeEvt, recalc, false);\n\tdocument.addEventListener(\'DOMContentLoaded\', recalc, false);\n})(750);\n',
       type: 'text',
       next: null,
       prev: null,
       parent: [Circular] } ],
  next: 
   { type: 'script',
     name: 'script',
     attribs: { src: 'http://static9.pplive.cn/mobile/msite/v_20161121143150/dist/js/viewmodels/plugin/Swiper.js' },
     children: [],
     next: 
      { type: 'tag',
        name: 'link',
        attribs: [Object],
        children: [],
        next: [Object],
        prev: [Circular],
        parent: [Object] },
     prev: [Circular],
     parent: 
      { type: 'tag',
        name: 'head',
        attribs: {},
        children: [Object],
        next: [Object],
        prev: [Object],
        parent: [Object] } },
  prev: 
   { type: 'style',
     name: 'style',
     attribs: {},
     children: [ [Object] ],
     next: [Circular],
     prev: 
      { data: '\n',
        type: 'text',
        next: [Circular],
        prev: [Object],
        parent: [Object] },
     parent: 
      { type: 'tag',
        name: 'head',
        attribs: {},
        children: [Object],
        next: [Object],
        prev: [Object],
        parent: [Object] } },
  parent: 
   { type: 'tag',
     name: 'head',
     attribs: {},
     children: 
      [ [Object],
        [Object],
        [Object],
        [Object],
        [Object],
        [Object],
        [Object],
        [Object],
        [Object],
        [Object],
        [Object],
        [Object],
        [Object],
        [Object],
        [Object],
        [Object],
        [Object],
        [Object],
        [Object],
        [Object],
        [Object],
        [Circular],
        [Object],
        [Object],
        [Object],
        [Object] ],
     next: 
      { data: '\n',
        type: 'text',
        next: [Object],
        prev: [Circular],
        parent: [Object] },
     prev: 
      { data: '\n',
        type: 'text',
        next: [Circular],
        prev: null,
        parent: [Object] },
     parent: 
      { type: 'tag',
        name: 'html',
        attribs: {},
        children: [Object],
        next: null,
        prev: [Object],
        parent: null,
        root: [Object] } } }
