[2016-11-23 19:23:30.925] [DEBUG] 平台 - 处理器实例化...
[2016-11-23 19:23:30.925] [DEBUG] 平台 - 控制器实例化...
[2016-11-23 19:23:30.925] [DEBUG] 平台 - server实例化
[2016-11-23 19:23:30.940] [DEBUG] 平台 - Server running at 2016 port
[2016-11-23 19:23:33.953] [DEBUG] 平台 - 请求[object Object]
[2016-11-23 19:23:39.698] [DEBUG] 平台 - [ { attachments: [],
    comment_id: 1221878641,
    comments: [],
    content: '，，，“看看。',
    create_time: 1479897396000,
    elite: false,
    floor_count: 0,
    from: '<a target="_blank" href="http://m.tv.sohu.com/app">搜狐视频客户端ipad</a>',
    hide: false,
    hide_floor: false,
    highlight: false,
    ip: '58.241.6.144',
    ip_location: '江苏省无锡市',
    metadata: '{"clientPort":"50654"}',
    metadataAsJson: { clientPort: '50654' },
    oppose_count: 0,
    passport: 
     { expired: false,
       fee: 0,
       followers_count: 0,
       from: '',
       grant: false,
       img_url: 'http://css.tv.itc.cn/channel/space/avatar/03_small.jpg',
       is_official: false,
       is_shared: false,
       nickname: '搜狐网友73351478',
       platform_id: 0,
       profile_url: 'http://my.tv.sohu.com/user/302363696',
       user_id: 115502569,
       vipicon: 'http://001.img.pu.sohu.com.cn/group3/M02/D8/DC/MTAuMTAuODguODM=/dXBsb2FkRmlsZV85XzE0NjQwNzEwNjkyODY=.png' },
    quick: false,
    reply_count: 0,
    reply_id: 0,
    score: 0,
    status: 0,
    support_count: 0,
    top: false,
    userScore: 
     { isvId: 0,
       level: 2,
       levelUp: 0,
       privilege: {},
       score: 8,
       title: '冒泡',
       userId: 0 },
    user_id: 115502569 },
  { attachments: [],
    comment_id: 1221718880,
    comments: [],
    content: '去死',
    create_time: 1479873887000,
    elite: false,
    floor_count: 0,
    from: '<a target="_blank" href="http://m.tv.sohu.com/app">搜狐视频客户端iphone</a>',
    hide: false,
    hide_floor: false,
    highlight: false,
    ip: '183.220.201.169',
    ip_location: '四川省',
    metadata: '{"clientPort":"40650"}',
    metadataAsJson: { clientPort: '40650' },
    oppose_count: 0,
    passport: 
     { expired: false,
       fee: 0,
       followers_count: 0,
       from: '',
       grant: false,
       img_url: 'http://css.tv.itc.cn/channel/space/avatar/03_small.jpg',
       is_official: false,
       is_shared: false,
       nickname: '网友497323525',
       platform_id: 0,
       profile_url: 'http://my.tv.sohu.com/user/267413462',
       user_id: 282504501,
       vipicon: 'http://001.img.pu.sohu.com.cn/group3/M02/D8/DC/MTAuMTAuODguODM=/dXBsb2FkRmlsZV85XzE0NjQwNzEwNjkyODY=.png' },
    quick: false,
    reply_count: 0,
    reply_id: 0,
    score: 0,
    status: 0,
    support_count: 10,
    top: false,
    userScore: 
     { isvId: 0,
       level: 1,
       levelUp: 0,
       privilege: {},
       score: 1,
       title: '潜水',
       userId: 0 },
    user_id: 282504501 },
  { attachments: [],
    comment_id: 1221716564,
    comments: [],
    content: '活该',
    create_time: 1479873465000,
    elite: false,
    floor_count: 0,
    from: '<a target="_blank" href="http://m.tv.sohu.com/app">搜狐视频客户端iphone</a>',
    hide: false,
    hide_floor: false,
    highlight: false,
    ip: '112.40.41.209',
    ip_location: '江苏省',
    metadata: '{"clientPort":"36589"}',
    metadataAsJson: { clientPort: '36589' },
    oppose_count: 0,
    passport: 
     { expired: false,
       fee: 1,
       followers_count: 0,
       from: '',
       grant: false,
       img_url: 'http://css.tv.itc.cn/channel/space/avatar/06_small.jpg',
       is_official: false,
       is_shared: false,
       nickname: '越mm',
       platform_id: 0,
       profile_url: 'http://my.tv.sohu.com/user/304747475',
       user_id: 518645496,
       vipicon: 'http://001.img.pu.sohu.com.cn/group3/M10/D8/D0/MTAuMTAuODguODQ=/dXBsb2FkRmlsZV85XzE0NjQwNzEwNDk1NDc=.png' },
    quick: false,
    reply_count: 0,
    reply_id: 0,
    score: 0,
    status: 0,
    support_count: 7,
    top: false,
    userScore: 
     { isvId: 0,
       level: 1,
       levelUp: 0,
       privilege: {},
       score: 1,
       title: '潜水',
       userId: 0 },
    user_id: 518645496 } ]
[2016-11-23 19:23:40.856] [DEBUG] 平台 - 没找到
