[2016-11-23 20:13:50.248] [DEBUG] 平台 - 处理器实例化...
[2016-11-23 20:13:50.263] [DEBUG] 平台 - 控制器实例化...
[2016-11-23 20:13:50.263] [DEBUG] 平台 - server实例化
[2016-11-23 20:13:50.263] [DEBUG] 平台 - Server running at 2016 port
[2016-11-23 20:13:53.084] [DEBUG] 平台 - 请求[object Object]
[2016-11-23 20:13:56.724] [DEBUG] 平台 - 去死
[2016-11-23 20:13:56.756] [DEBUG] 平台 - 去死
[2016-11-23 20:13:56.771] [DEBUG] 平台 - 去死
[2016-11-23 20:13:56.802] [DEBUG] 平台 - 去死
[2016-11-23 20:13:56.818] [DEBUG] 平台 - 去死
[2016-11-23 20:13:56.849] [DEBUG] 平台 - 去死
[2016-11-23 20:13:56.865] [DEBUG] 平台 - 去死
[2016-11-23 20:13:56.880] [DEBUG] 平台 - 去死
[2016-11-23 20:13:56.912] [DEBUG] 平台 - 去死
[2016-11-23 20:13:57.161] [DEBUG] 平台 - 去死
[2016-11-23 20:13:57.192] [DEBUG] 平台 - 去死
[2016-11-23 20:13:57.208] [DEBUG] 平台 - 去死
[2016-11-23 20:13:57.239] [DEBUG] 平台 - 去死
[2016-11-23 20:13:57.255] [DEBUG] 平台 - 去死
[2016-11-23 20:13:57.270] [DEBUG] 平台 - 去死
[2016-11-23 20:13:57.302] [DEBUG] 平台 - 去死
[2016-11-23 20:13:57.317] [DEBUG] 平台 - 去死
[2016-11-23 20:13:57.333] [DEBUG] 平台 - 去死
[2016-11-23 20:13:57.348] [DEBUG] 平台 - 去死
[2016-11-23 20:13:57.380] [DEBUG] 平台 - 去死
[2016-11-23 20:13:57.395] [DEBUG] 平台 - 去死
[2016-11-23 20:13:57.426] [DEBUG] 平台 - 去死
[2016-11-23 20:13:57.442] [DEBUG] 平台 - 去死
[2016-11-23 20:13:57.458] [DEBUG] 平台 - 去死
[2016-11-23 20:13:57.473] [DEBUG] 平台 - 去死
[2016-11-23 20:13:57.489] [DEBUG] 平台 - 去死
[2016-11-23 20:13:57.504] [DEBUG] 平台 - 去死
[2016-11-23 20:13:57.520] [DEBUG] 平台 - 去死
[2016-11-23 20:13:57.536] [DEBUG] 平台 - 去死
[2016-11-23 20:13:57.567] [DEBUG] 平台 - 去死
[2016-11-23 20:13:57.584] [DEBUG] 平台 - 去死
[2016-11-23 20:13:57.850] [DEBUG] 平台 - 去死
[2016-11-23 20:13:57.865] [DEBUG] 平台 - 去死
[2016-11-23 20:13:57.881] [DEBUG] 平台 - 去死
[2016-11-23 20:13:57.912] [DEBUG] 平台 - 去死
[2016-11-23 20:13:59.256] [DEBUG] 平台 - 去死
[2016-11-23 20:13:59.287] [DEBUG] 平台 - 去死
[2016-11-23 20:13:59.302] [DEBUG] 平台 - 去死
[2016-11-23 20:13:59.334] [DEBUG] 平台 - 去死
[2016-11-23 20:13:59.349] [DEBUG] 平台 - 去死
[2016-11-23 20:13:59.380] [DEBUG] 平台 - 去死
[2016-11-23 20:13:59.396] [DEBUG] 平台 - 去死
[2016-11-23 20:13:59.412] [DEBUG] 平台 - 去死
[2016-11-23 20:13:59.443] [DEBUG] 平台 - 去死
[2016-11-23 20:13:59.458] [DEBUG] 平台 - 去死
[2016-11-23 20:13:59.474] [DEBUG] 平台 - 去死
[2016-11-23 20:13:59.490] [DEBUG] 平台 - 去死
[2016-11-23 20:13:59.505] [DEBUG] 平台 - 去死
[2016-11-23 20:13:59.521] [DEBUG] 平台 - 去死
[2016-11-23 20:13:59.536] [DEBUG] 平台 - 去死
[2016-11-23 20:13:59.552] [DEBUG] 平台 - 去死
[2016-11-23 20:13:59.583] [DEBUG] 平台 - 去死
[2016-11-23 20:13:59.599] [DEBUG] 平台 - 去死
[2016-11-23 20:13:59.817] [DEBUG] 平台 - 去死
[2016-11-23 20:13:59.848] [DEBUG] 平台 - 去死
[2016-11-23 20:13:59.864] [DEBUG] 平台 - 去死
[2016-11-23 20:13:59.895] [DEBUG] 平台 - 去死
[2016-11-23 20:13:59.911] [DEBUG] 平台 - 去死
[2016-11-23 20:13:59.926] [DEBUG] 平台 - 去死
