[2016-12-16 14:43:07.170] [DEBUG] 平台 - 处理器实例化...
[2016-12-16 14:43:07.180] [DEBUG] 平台 - 控制器实例化...
[2016-12-16 14:43:07.180] [DEBUG] 平台 - server实例化
[2016-12-16 14:43:07.190] [DEBUG] 平台 - Server running at 2016 port
[2016-12-16 14:43:09.033] [DEBUG] 平台 - { id: 17339176,
  id_encode: 'KPlU0ydnjcsurBQ',
  pid: 8005228,
  p_type: 22,
  cat_id: 75340,
  subCataIds: [ 75489 ],
  duration: 247,
  type: 3,
  title: '飞碟说没有房子就没有丈母娘',
  p_title: '飞碟说约炮进化史',
  share_content: '%E6%88%91%E6%AD%A3%E5%9C%A8%23PPTV+%E7%BD%91%E7%BB%9C%E7%94%B5%E8%A7%86%23%E8%A7%82%E7%9C%8B%E3%80%90%E9%A3%9E%E7%A2%9F%E8%AF%B4+%E6%B2%A1%E6%9C%89%E6%88%BF%E5%AD%90%E5%B0%B1%E6%B2%A1%E6%9C%89%E4%B8%88%E6%AF%8D%E5%A8%98%E3%80%91%EF%BC%88%E5%88%86%E4%BA%AB%E8%87%AA%40PPTV%E8%81%9A%E5%8A%9B%EF%BC%89',
  videoRatio: 1.77,
  player: 
   { playerConfig: { setting: [Object] },
     ctx: 'duration=247&sid=%7Bs%7D8005228&sl=1&kk=368b7de7849e8a47963c94a0fe0ff0ca-9f3a-585395ec',
     playList: [ [Object] ],
     playerType: 'vod' },
  plugin: 
   { force: 3,
     properties: { videotype: 75340 },
     tips: { interval: 30000, times: 1, display: 10000 },
     blacklist: 
      [ 'hao123ku',
        'v.360.cn',
        'movie.hao123.com',
        'tv.hao123.com',
        'v.tao123.com',
        '21c9b038e5b1b4868c40b7bd614ed33c',
        '123.sogou.com' ],
     type: 1,
     forceVersion: '1.0.0.53',
     update: true },
  comment: 
   { id: 17339176,
     config: 
      { defaultText: '',
        pageSize: 20,
        showHot: true,
        tabs: [Object],
        type: 'short-pages' },
     playType: 'vod' },
  playType: 'collection',
  recommend_type: 6,
  recommend_config: [ 'love' ] }
