[2016-11-13 20:12:50.870] [DEBUG] 平台 - 处理器实例化...
[2016-11-13 20:12:50.885] [DEBUG] 平台 - 控制器实例化...
[2016-11-13 20:12:50.885] [DEBUG] 平台 - server实例化
[2016-11-13 20:12:50.885] [DEBUG] 平台 - Server running at 2016 port
[2016-11-13 20:12:54.259] [DEBUG] 平台 - IncomingMessage {
  _readableState: 
   ReadableState {
     objectMode: false,
     highWaterMark: 16384,
     buffer: [],
     length: 0,
     pipes: null,
     pipesCount: 0,
     flowing: null,
     ended: false,
     endEmitted: false,
     reading: false,
     sync: true,
     needReadable: false,
     emittedReadable: false,
     readableListening: false,
     resumeScheduled: false,
     defaultEncoding: 'utf8',
     ranOut: false,
     awaitDrain: 0,
     readingMore: false,
     decoder: null,
     encoding: null },
  readable: true,
  domain: null,
  _events: { end: [Function: responseOnEnd] },
  _eventsCount: 1,
  _maxListeners: undefined,
  socket: 
   Socket {
     connecting: false,
     _hadError: false,
     _handle: 
      TCP {
        bytesRead: 1444,
        _externalStream: {},
        fd: -1,
        reading: true,
        owner: [Circular],
        onread: [Function: onread],
        onconnection: null,
        writeQueueSize: 0 },
     _parent: null,
     _host: 'www.iqiyi.com',
     _readableState: 
      ReadableState {
        objectMode: false,
        highWaterMark: 16384,
        buffer: [],
        length: 0,
        pipes: null,
        pipesCount: 0,
        flowing: true,
        ended: false,
        endEmitted: false,
        reading: false,
        sync: false,
        needReadable: true,
        emittedReadable: false,
        readableListening: false,
        resumeScheduled: false,
        defaultEncoding: 'utf8',
        ranOut: false,
        awaitDrain: 0,
        readingMore: false,
        decoder: null,
        encoding: null },
     readable: true,
     domain: null,
     _events: 
      { end: [Object],
        finish: [Function: onSocketFinish],
        _socketEnd: [Function: onSocketEnd],
        free: [Function: onFree],
        close: [Object],
        agentRemove: [Function: onRemove],
        drain: [Function: ondrain],
        error: [Function: socketErrorListener],
        data: [Function: socketOnData] },
     _eventsCount: 9,
     _maxListeners: undefined,
     _writableState: 
      WritableState {
        objectMode: false,
        highWaterMark: 16384,
        needDrain: false,
        ending: false,
        ended: false,
        finished: false,
        decodeStrings: false,
        defaultEncoding: 'utf8',
        length: 0,
        writing: false,
        corked: 0,
        sync: false,
        bufferProcessing: false,
        onwrite: [Function],
        writecb: null,
        writelen: 0,
        bufferedRequest: null,
        lastBufferedRequest: null,
        pendingcb: 0,
        prefinished: false,
        errorEmitted: false,
        bufferedRequestCount: 0,
        corkedRequestsFree: [Object] },
     writable: true,
     allowHalfOpen: false,
     destroyed: false,
     _bytesDispatched: 75,
     _sockname: null,
     _pendingData: null,
     _pendingEncoding: '',
     server: null,
     _server: null,
     parser: 
      HTTPParser {
        '0': [Function: parserOnHeaders],
        '1': [Function: parserOnHeadersComplete],
        '2': [Function: parserOnBody],
        '3': [Function: parserOnMessageComplete],
        '4': null,
        _headers: [],
        _url: '',
        _consumed: false,
        socket: [Circular],
        incoming: [Circular],
        outgoing: [Object],
        maxHeaderPairs: 2000,
        onIncoming: [Function: parserOnIncomingClient] },
     _httpMessage: 
      ClientRequest {
        domain: null,
        _events: {},
        _eventsCount: 0,
        _maxListeners: undefined,
        output: [],
        outputEncodings: [],
        outputCallbacks: [],
        outputSize: 0,
        writable: true,
        _last: true,
        chunkedEncoding: false,
        shouldKeepAlive: false,
        useChunkedEncodingByDefault: false,
        sendDate: false,
        _removedHeader: {},
        _contentLength: 0,
        _hasBody: true,
        _trailer: '',
        finished: true,
        _headerSent: true,
        socket: [Circular],
        connection: [Circular],
        _header: 'GET /v_19rr9btjqs.html HTTP/1.1\r\nHost: www.iqiyi.com\r\nConnection: close\r\n\r\n',
        _headers: [Object],
        _headerNames: [Object],
        _onPendingData: null,
        agent: [Object],
        socketPath: undefined,
        method: 'GET',
        path: '/v_19rr9btjqs.html',
        parser: [Object],
        res: [Circular] },
     read: [Function],
     _consuming: true },
  connection: 
   Socket {
     connecting: false,
     _hadError: false,
     _handle: 
      TCP {
        bytesRead: 1444,
        _externalStream: {},
        fd: -1,
        reading: true,
        owner: [Circular],
        onread: [Function: onread],
        onconnection: null,
        writeQueueSize: 0 },
     _parent: null,
     _host: 'www.iqiyi.com',
     _readableState: 
      ReadableState {
        objectMode: false,
        highWaterMark: 16384,
        buffer: [],
        length: 0,
        pipes: null,
        pipesCount: 0,
        flowing: true,
        ended: false,
        endEmitted: false,
        reading: false,
        sync: false,
        needReadable: true,
        emittedReadable: false,
        readableListening: false,
        resumeScheduled: false,
        defaultEncoding: 'utf8',
        ranOut: false,
        awaitDrain: 0,
        readingMore: false,
        decoder: null,
        encoding: null },
     readable: true,
     domain: null,
     _events: 
      { end: [Object],
        finish: [Function: onSocketFinish],
        _socketEnd: [Function: onSocketEnd],
        free: [Function: onFree],
        close: [Object],
        agentRemove: [Function: onRemove],
        drain: [Function: ondrain],
        error: [Function: socketErrorListener],
        data: [Function: socketOnData] },
     _eventsCount: 9,
     _maxListeners: undefined,
     _writableState: 
      WritableState {
        objectMode: false,
        highWaterMark: 16384,
        needDrain: false,
        ending: false,
        ended: false,
        finished: false,
        decodeStrings: false,
        defaultEncoding: 'utf8',
        length: 0,
        writing: false,
        corked: 0,
        sync: false,
        bufferProcessing: false,
        onwrite: [Function],
        writecb: null,
        writelen: 0,
        bufferedRequest: null,
        lastBufferedRequest: null,
        pendingcb: 0,
        prefinished: false,
        errorEmitted: false,
        bufferedRequestCount: 0,
        corkedRequestsFree: [Object] },
     writable: true,
     allowHalfOpen: false,
     destroyed: false,
     _bytesDispatched: 75,
     _sockname: null,
     _pendingData: null,
     _pendingEncoding: '',
     server: null,
     _server: null,
     parser: 
      HTTPParser {
        '0': [Function: parserOnHeaders],
        '1': [Function: parserOnHeadersComplete],
        '2': [Function: parserOnBody],
        '3': [Function: parserOnMessageComplete],
        '4': null,
        _headers: [],
        _url: '',
        _consumed: false,
        socket: [Circular],
        incoming: [Circular],
        outgoing: [Object],
        maxHeaderPairs: 2000,
        onIncoming: [Function: parserOnIncomingClient] },
     _httpMessage: 
      ClientRequest {
        domain: null,
        _events: {},
        _eventsCount: 0,
        _maxListeners: undefined,
        output: [],
        outputEncodings: [],
        outputCallbacks: [],
        outputSize: 0,
        writable: true,
        _last: true,
        chunkedEncoding: false,
        shouldKeepAlive: false,
        useChunkedEncodingByDefault: false,
        sendDate: false,
        _removedHeader: {},
        _contentLength: 0,
        _hasBody: true,
        _trailer: '',
        finished: true,
        _headerSent: true,
        socket: [Circular],
        connection: [Circular],
        _header: 'GET /v_19rr9btjqs.html HTTP/1.1\r\nHost: www.iqiyi.com\r\nConnection: close\r\n\r\n',
        _headers: [Object],
        _headerNames: [Object],
        _onPendingData: null,
        agent: [Object],
        socketPath: undefined,
        method: 'GET',
        path: '/v_19rr9btjqs.html',
        parser: [Object],
        res: [Circular] },
     read: [Function],
     _consuming: true },
  httpVersionMajor: 1,
  httpVersionMinor: 1,
  httpVersion: '1.1',
  complete: false,
  headers: 
   { date: 'Sun, 13 Nov 2016 12:12:21 GMT',
     'content-type': 'text/html',
     'content-length': '119464',
     connection: 'close',
     vary: 'Accept-Encoding, Accept-Encoding',
     expires: 'Sun, 13 Nov 2016 12:17:21 GMT',
     'cache-control': 'max-age=300',
     'last-modified': 'Sun, 13 Nov 2016 12:12:13 GMT',
     server: 'Apache 1.3.29',
     'x-cache': 'EXPIRED from 10.11.50.101, EXPIRED from 111.206.13.66' },
  rawHeaders: 
   [ 'Date',
     'Sun, 13 Nov 2016 12:12:21 GMT',
     'Content-Type',
     'text/html',
     'Content-Length',
     '119464',
     'Connection',
     'close',
     'Vary',
     'Accept-Encoding',
     'Vary',
     'Accept-Encoding',
     'Expires',
     'Sun, 13 Nov 2016 12:17:21 GMT',
     'Cache-Control',
     'max-age=300',
     'Last-Modified',
     'Sun, 13 Nov 2016 12:12:13 GMT',
     'Server',
     'Apache 1.3.29',
     'X-Cache',
     'EXPIRED from 10.11.50.101',
     'X-Cache',
     'EXPIRED from 111.206.13.66' ],
  trailers: {},
  rawTrailers: [],
  upgrade: false,
  url: '',
  method: null,
  statusCode: 200,
  statusMessage: 'OK',
  client: 
   Socket {
     connecting: false,
     _hadError: false,
     _handle: 
      TCP {
        bytesRead: 1444,
        _externalStream: {},
        fd: -1,
        reading: true,
        owner: [Circular],
        onread: [Function: onread],
        onconnection: null,
        writeQueueSize: 0 },
     _parent: null,
     _host: 'www.iqiyi.com',
     _readableState: 
      ReadableState {
        objectMode: false,
        highWaterMark: 16384,
        buffer: [],
        length: 0,
        pipes: null,
        pipesCount: 0,
        flowing: true,
        ended: false,
        endEmitted: false,
        reading: false,
        sync: false,
        needReadable: true,
        emittedReadable: false,
        readableListening: false,
        resumeScheduled: false,
        defaultEncoding: 'utf8',
        ranOut: false,
        awaitDrain: 0,
        readingMore: false,
        decoder: null,
        encoding: null },
     readable: true,
     domain: null,
     _events: 
      { end: [Object],
        finish: [Function: onSocketFinish],
        _socketEnd: [Function: onSocketEnd],
        free: [Function: onFree],
        close: [Object],
        agentRemove: [Function: onRemove],
        drain: [Function: ondrain],
        error: [Function: socketErrorListener],
        data: [Function: socketOnData] },
     _eventsCount: 9,
     _maxListeners: undefined,
     _writableState: 
      WritableState {
        objectMode: false,
        highWaterMark: 16384,
        needDrain: false,
        ending: false,
        ended: false,
        finished: false,
        decodeStrings: false,
        defaultEncoding: 'utf8',
        length: 0,
        writing: false,
        corked: 0,
        sync: false,
        bufferProcessing: false,
        onwrite: [Function],
        writecb: null,
        writelen: 0,
        bufferedRequest: null,
        lastBufferedRequest: null,
        pendingcb: 0,
        prefinished: false,
        errorEmitted: false,
        bufferedRequestCount: 0,
        corkedRequestsFree: [Object] },
     writable: true,
     allowHalfOpen: false,
     destroyed: false,
     _bytesDispatched: 75,
     _sockname: null,
     _pendingData: null,
     _pendingEncoding: '',
     server: null,
     _server: null,
     parser: 
      HTTPParser {
        '0': [Function: parserOnHeaders],
        '1': [Function: parserOnHeadersComplete],
        '2': [Function: parserOnBody],
        '3': [Function: parserOnMessageComplete],
        '4': null,
        _headers: [],
        _url: '',
        _consumed: false,
        socket: [Circular],
        incoming: [Circular],
        outgoing: [Object],
        maxHeaderPairs: 2000,
        onIncoming: [Function: parserOnIncomingClient] },
     _httpMessage: 
      ClientRequest {
        domain: null,
        _events: {},
        _eventsCount: 0,
        _maxListeners: undefined,
        output: [],
        outputEncodings: [],
        outputCallbacks: [],
        outputSize: 0,
        writable: true,
        _last: true,
        chunkedEncoding: false,
        shouldKeepAlive: false,
        useChunkedEncodingByDefault: false,
        sendDate: false,
        _removedHeader: {},
        _contentLength: 0,
        _hasBody: true,
        _trailer: '',
        finished: true,
        _headerSent: true,
        socket: [Circular],
        connection: [Circular],
        _header: 'GET /v_19rr9btjqs.html HTTP/1.1\r\nHost: www.iqiyi.com\r\nConnection: close\r\n\r\n',
        _headers: [Object],
        _headerNames: [Object],
        _onPendingData: null,
        agent: [Object],
        socketPath: undefined,
        method: 'GET',
        path: '/v_19rr9btjqs.html',
        parser: [Object],
        res: [Circular] },
     read: [Function],
     _consuming: true },
  _consuming: false,
  _dumped: false,
  req: 
   ClientRequest {
     domain: null,
     _events: {},
     _eventsCount: 0,
     _maxListeners: undefined,
     output: [],
     outputEncodings: [],
     outputCallbacks: [],
     outputSize: 0,
     writable: true,
     _last: true,
     chunkedEncoding: false,
     shouldKeepAlive: false,
     useChunkedEncodingByDefault: false,
     sendDate: false,
     _removedHeader: {},
     _contentLength: 0,
     _hasBody: true,
     _trailer: '',
     finished: true,
     _headerSent: true,
     socket: 
      Socket {
        connecting: false,
        _hadError: false,
        _handle: [Object],
        _parent: null,
        _host: 'www.iqiyi.com',
        _readableState: [Object],
        readable: true,
        domain: null,
        _events: [Object],
        _eventsCount: 9,
        _maxListeners: undefined,
        _writableState: [Object],
        writable: true,
        allowHalfOpen: false,
        destroyed: false,
        _bytesDispatched: 75,
        _sockname: null,
        _pendingData: null,
        _pendingEncoding: '',
        server: null,
        _server: null,
        parser: [Object],
        _httpMessage: [Circular],
        read: [Function],
        _consuming: true },
     connection: 
      Socket {
        connecting: false,
        _hadError: false,
        _handle: [Object],
        _parent: null,
        _host: 'www.iqiyi.com',
        _readableState: [Object],
        readable: true,
        domain: null,
        _events: [Object],
        _eventsCount: 9,
        _maxListeners: undefined,
        _writableState: [Object],
        writable: true,
        allowHalfOpen: false,
        destroyed: false,
        _bytesDispatched: 75,
        _sockname: null,
        _pendingData: null,
        _pendingEncoding: '',
        server: null,
        _server: null,
        parser: [Object],
        _httpMessage: [Circular],
        read: [Function],
        _consuming: true },
     _header: 'GET /v_19rr9btjqs.html HTTP/1.1\r\nHost: www.iqiyi.com\r\nConnection: close\r\n\r\n',
     _headers: { host: 'www.iqiyi.com' },
     _headerNames: { host: 'Host' },
     _onPendingData: null,
     agent: 
      Agent {
        domain: null,
        _events: [Object],
        _eventsCount: 1,
        _maxListeners: undefined,
        defaultPort: 80,
        protocol: 'http:',
        options: [Object],
        requests: {},
        sockets: [Object],
        freeSockets: {},
        keepAliveMsecs: 1000,
        keepAlive: false,
        maxSockets: Infinity,
        maxFreeSockets: 256 },
     socketPath: undefined,
     method: 'GET',
     path: '/v_19rr9btjqs.html',
     parser: 
      HTTPParser {
        '0': [Function: parserOnHeaders],
        '1': [Function: parserOnHeadersComplete],
        '2': [Function: parserOnBody],
        '3': [Function: parserOnMessageComplete],
        '4': null,
        _headers: [],
        _url: '',
        _consumed: false,
        socket: [Object],
        incoming: [Circular],
        outgoing: [Circular],
        maxHeaderPairs: 2000,
        onIncoming: [Function: parserOnIncomingClient] },
     res: [Circular] } }
