[2016-11-23 19:13:03.504] [DEBUG] 平台 - 处理器实例化...
[2016-11-23 19:13:03.513] [DEBUG] 平台 - 控制器实例化...
[2016-11-23 19:13:03.516] [DEBUG] 平台 - server实例化
[2016-11-23 19:13:03.528] [DEBUG] 平台 - Server running at 2016 port
[2016-11-23 19:13:06.264] [DEBUG] 平台 - 请求[object Object]
[2016-11-23 19:13:10.674] [DEBUG] 平台 - 没找到
[2016-11-23 20:10:28.448] [DEBUG] 平台 - 处理器实例化...
[2016-11-23 20:10:28.448] [DEBUG] 平台 - 控制器实例化...
[2016-11-23 20:10:28.448] [DEBUG] 平台 - server实例化
[2016-11-23 20:10:28.464] [DEBUG] 平台 - Server running at 2016 port
[2016-11-23 20:10:35.275] [DEBUG] 平台 - 请求[object Object]
[2016-11-23 20:10:37.874] [DEBUG] 平台 - 去死
[2016-11-23 20:10:37.905] [DEBUG] 平台 - 去死
[2016-11-23 20:10:38.123] [DEBUG] 平台 - 去死
[2016-11-23 20:10:38.139] [DEBUG] 平台 - 去死
[2016-11-23 20:10:38.170] [DEBUG] 平台 - 去死
[2016-11-23 20:10:38.186] [DEBUG] 平台 - 去死
[2016-11-23 20:10:38.201] [DEBUG] 平台 - 去死
[2016-11-23 20:10:38.217] [DEBUG] 平台 - 去死
[2016-11-23 20:10:38.248] [DEBUG] 平台 - 去死
[2016-11-23 20:10:39.589] [DEBUG] 平台 - 去死
[2016-11-23 20:10:39.620] [DEBUG] 平台 - 去死
[2016-11-23 20:10:39.636] [DEBUG] 平台 - 去死
[2016-11-23 20:10:39.667] [DEBUG] 平台 - 去死
[2016-11-23 20:10:39.683] [DEBUG] 平台 - 去死
[2016-11-23 20:10:39.714] [DEBUG] 平台 - 去死
[2016-11-23 20:10:39.729] [DEBUG] 平台 - 去死
[2016-11-23 20:10:39.745] [DEBUG] 平台 - 去死
[2016-11-23 20:10:39.761] [DEBUG] 平台 - 去死
[2016-11-23 20:10:39.776] [DEBUG] 平台 - 去死
[2016-11-23 20:10:39.792] [DEBUG] 平台 - 去死
[2016-11-23 20:10:39.823] [DEBUG] 平台 - 去死
[2016-11-23 20:10:39.839] [DEBUG] 平台 - 去死
[2016-11-23 20:10:39.854] [DEBUG] 平台 - 去死
[2016-11-23 20:10:39.870] [DEBUG] 平台 - 去死
[2016-11-23 20:10:39.901] [DEBUG] 平台 - 去死
[2016-11-23 20:10:39.917] [DEBUG] 平台 - 去死
[2016-11-23 20:10:39.932] [DEBUG] 平台 - 去死
[2016-11-23 20:10:39.948] [DEBUG] 平台 - 去死
[2016-11-23 20:10:39.963] [DEBUG] 平台 - 去死
