[2016-11-23 20:08:57.505] [DEBUG] 平台 - 处理器实例化...
[2016-11-23 20:08:57.521] [DEBUG] 平台 - 控制器实例化...
[2016-11-23 20:08:57.521] [DEBUG] 平台 - server实例化
[2016-11-23 20:08:57.521] [DEBUG] 平台 - Server running at 2016 port
[2016-11-23 20:09:00.389] [DEBUG] 平台 - 请求[object Object]
[2016-11-23 20:09:04.731] [DEBUG] 平台 - 去死
[2016-11-23 20:09:04.778] [DEBUG] 平台 - 去死
[2016-11-23 20:09:04.793] [DEBUG] 平台 - 去死
[2016-11-23 20:09:04.809] [DEBUG] 平台 - 去死
[2016-11-23 20:09:04.825] [DEBUG] 平台 - 去死
[2016-11-23 20:09:04.856] [DEBUG] 平台 - 去死
[2016-11-23 20:09:04.871] [DEBUG] 平台 - 去死
[2016-11-23 20:09:04.887] [DEBUG] 平台 - 去死
[2016-11-23 20:09:04.903] [DEBUG] 平台 - 去死
[2016-11-23 20:09:04.918] [DEBUG] 平台 - 去死
[2016-11-23 20:09:04.934] [DEBUG] 平台 - 去死
[2016-11-23 20:09:04.965] [DEBUG] 平台 - 去死
[2016-11-23 20:09:05.012] [DEBUG] 平台 - 去死
[2016-11-23 20:09:05.027] [DEBUG] 平台 - 去死
[2016-11-23 20:09:05.059] [DEBUG] 平台 - 去死
[2016-11-23 20:09:05.714] [DEBUG] 平台 - 去死
[2016-11-23 20:09:05.745] [DEBUG] 平台 - 去死
[2016-11-23 20:09:07.323] [DEBUG] 平台 - 去死
[2016-11-23 20:09:07.354] [DEBUG] 平台 - 去死
[2016-11-23 20:09:07.369] [DEBUG] 平台 - 去死
[2016-11-23 20:09:07.385] [DEBUG] 平台 - 去死
[2016-11-23 20:09:07.416] [DEBUG] 平台 - 去死
[2016-11-23 20:09:07.447] [DEBUG] 平台 - 去死
[2016-11-23 20:09:07.463] [DEBUG] 平台 - 去死
[2016-11-23 20:09:07.494] [DEBUG] 平台 - 去死
[2016-11-23 20:09:07.510] [DEBUG] 平台 - 去死
[2016-11-23 20:09:07.525] [DEBUG] 平台 - 去死
[2016-11-23 20:09:07.541] [DEBUG] 平台 - 去死
[2016-11-23 20:09:07.572] [DEBUG] 平台 - 去死
[2016-11-23 20:09:07.588] [DEBUG] 平台 - 去死
[2016-11-23 20:09:07.603] [DEBUG] 平台 - 去死
[2016-11-23 20:09:07.619] [DEBUG] 平台 - 去死
[2016-11-23 20:09:07.853] [DEBUG] 平台 - 去死
[2016-11-23 20:09:09.135] [DEBUG] 平台 - 去死
[2016-11-23 20:09:09.151] [DEBUG] 平台 - 去死
[2016-11-23 20:09:09.166] [DEBUG] 平台 - 去死
[2016-11-23 20:09:09.182] [DEBUG] 平台 - 去死
[2016-11-23 20:09:09.198] [DEBUG] 平台 - 去死
[2016-11-23 20:09:09.214] [DEBUG] 平台 - 去死
[2016-11-23 20:09:09.230] [DEBUG] 平台 - 去死
[2016-11-23 20:09:09.245] [DEBUG] 平台 - 去死
[2016-11-23 20:09:09.261] [DEBUG] 平台 - 去死
[2016-11-23 20:09:10.328] [DEBUG] 平台 - 去死
[2016-11-23 20:09:10.359] [DEBUG] 平台 - 去死
[2016-11-23 20:09:10.375] [DEBUG] 平台 - 去死
[2016-11-23 20:09:10.390] [DEBUG] 平台 - 去死
[2016-11-23 20:09:10.406] [DEBUG] 平台 - 去死
[2016-11-23 20:09:10.421] [DEBUG] 平台 - 去死
[2016-11-23 20:09:10.673] [DEBUG] 平台 - 去死
[2016-11-23 20:09:10.689] [DEBUG] 平台 - 去死
