[2016-11-23 19:53:57.075] [DEBUG] 平台 - 处理器实例化...
[2016-11-23 19:53:57.075] [DEBUG] 平台 - 控制器实例化...
[2016-11-23 19:53:57.075] [DEBUG] 平台 - server实例化
[2016-11-23 19:53:57.091] [DEBUG] 平台 - Server running at 2016 port
[2016-11-23 19:54:01.128] [DEBUG] 平台 - 请求[object Object]
[2016-11-23 19:54:03.717] [DEBUG] 平台 - 去死
[2016-11-23 19:54:03.733] [DEBUG] 平台 - 去死
[2016-11-23 19:54:03.749] [DEBUG] 平台 - 去死
[2016-11-23 19:54:03.780] [DEBUG] 平台 - 去死
[2016-11-23 19:54:03.795] [DEBUG] 平台 - 去死
[2016-11-23 19:54:04.451] [DEBUG] 平台 - 去死
[2016-11-23 19:54:04.486] [DEBUG] 平台 - 去死
[2016-11-23 19:54:04.500] [DEBUG] 平台 - 去死
[2016-11-23 19:54:04.516] [DEBUG] 平台 - 去死
[2016-11-23 19:54:04.531] [DEBUG] 平台 - 去死
[2016-11-23 19:54:04.547] [DEBUG] 平台 - 去死
[2016-11-23 19:54:04.565] [DEBUG] 平台 - 去死
[2016-11-23 19:54:04.580] [DEBUG] 平台 - 去死
[2016-11-23 19:54:04.611] [DEBUG] 平台 - 去死
[2016-11-23 19:54:04.627] [DEBUG] 平台 - 去死
[2016-11-23 19:54:04.643] [DEBUG] 平台 - 去死
[2016-11-23 19:54:04.674] [DEBUG] 平台 - 去死
[2016-11-23 19:54:04.689] [DEBUG] 平台 - 去死
[2016-11-23 19:54:04.705] [DEBUG] 平台 - 去死
[2016-11-23 19:54:04.721] [DEBUG] 平台 - 去死
[2016-11-23 19:54:04.736] [DEBUG] 平台 - 去死
[2016-11-23 19:54:06.141] [DEBUG] 平台 - 去死
[2016-11-23 19:54:06.172] [DEBUG] 平台 - 去死
[2016-11-23 19:54:06.188] [DEBUG] 平台 - 去死
[2016-11-23 19:54:06.204] [DEBUG] 平台 - 去死
[2016-11-23 19:54:06.235] [DEBUG] 平台 - 去死
[2016-11-23 19:54:06.250] [DEBUG] 平台 - 去死
[2016-11-23 19:54:06.266] [DEBUG] 平台 - 去死
[2016-11-23 19:54:06.282] [DEBUG] 平台 - 去死
[2016-11-23 19:54:06.297] [DEBUG] 平台 - 去死
[2016-11-23 19:54:06.313] [DEBUG] 平台 - 去死
[2016-11-23 19:54:06.328] [DEBUG] 平台 - 去死
[2016-11-23 19:54:06.344] [DEBUG] 平台 - 去死
[2016-11-23 19:54:06.375] [DEBUG] 平台 - 去死
[2016-11-23 19:54:06.391] [DEBUG] 平台 - 去死
[2016-11-23 19:54:06.406] [DEBUG] 平台 - 去死
[2016-11-23 19:54:06.627] [DEBUG] 平台 - 去死
[2016-11-23 19:54:06.658] [DEBUG] 平台 - 去死
[2016-11-23 19:54:06.674] [DEBUG] 平台 - 去死
[2016-11-23 19:54:06.689] [DEBUG] 平台 - 去死
[2016-11-23 19:54:06.705] [DEBUG] 平台 - 去死
[2016-11-23 19:54:07.735] [DEBUG] 平台 - 去死
[2016-11-23 19:54:07.767] [DEBUG] 平台 - 去死
[2016-11-23 19:54:07.782] [DEBUG] 平台 - 去死
[2016-11-23 19:54:07.798] [DEBUG] 平台 - 去死
[2016-11-23 19:54:07.813] [DEBUG] 平台 - 去死
[2016-11-23 19:54:08.063] [DEBUG] 平台 - 去死
[2016-11-23 19:54:08.314] [DEBUG] 平台 - 去死
[2016-11-23 19:54:08.329] [DEBUG] 平台 - 去死
[2016-11-23 19:54:08.581] [DEBUG] 平台 - 去死
[2016-11-23 19:54:08.596] [DEBUG] 平台 - 去死
[2016-11-23 19:54:08.612] [DEBUG] 平台 - 去死
[2016-11-23 19:54:08.862] [DEBUG] 平台 - 去死
[2016-11-23 19:54:08.877] [DEBUG] 平台 - 去死
[2016-11-23 19:54:09.111] [DEBUG] 平台 - 去死
[2016-11-23 19:54:09.127] [DEBUG] 平台 - 去死
[2016-11-23 19:54:09.142] [DEBUG] 平台 - 去死
[2016-11-23 19:54:09.376] [DEBUG] 平台 - 去死
[2016-11-23 19:54:09.392] [DEBUG] 平台 - 去死
[2016-11-23 19:54:09.408] [DEBUG] 平台 - 去死
[2016-11-23 19:54:09.646] [DEBUG] 平台 - 去死
[2016-11-23 19:54:09.661] [DEBUG] 平台 - 去死
[2016-11-23 19:54:09.692] [DEBUG] 平台 - 去死
[2016-11-23 19:54:09.926] [DEBUG] 平台 - 去死
[2016-11-23 19:54:09.958] [DEBUG] 平台 - 去死
[2016-11-23 19:54:10.615] [DEBUG] 平台 - 去死
[2016-11-23 19:54:10.646] [DEBUG] 平台 - 去死
[2016-11-23 19:54:10.662] [DEBUG] 平台 - 去死
[2016-11-23 19:54:10.693] [DEBUG] 平台 - 去死
[2016-11-23 19:54:10.708] [DEBUG] 平台 - 去死
[2016-11-23 19:54:10.724] [DEBUG] 平台 - 去死
[2016-11-23 19:54:10.755] [DEBUG] 平台 - 去死
[2016-11-23 19:54:10.771] [DEBUG] 平台 - 去死
[2016-11-23 19:54:10.786] [DEBUG] 平台 - 去死
[2016-11-23 19:54:10.802] [DEBUG] 平台 - 去死
[2016-11-23 19:54:10.818] [DEBUG] 平台 - 去死
[2016-11-23 19:54:10.849] [DEBUG] 平台 - 去死
[2016-11-23 19:54:11.067] [DEBUG] 平台 - 去死
[2016-11-23 19:54:11.083] [DEBUG] 平台 - 去死
[2016-11-23 19:54:11.114] [DEBUG] 平台 - 去死
[2016-11-23 19:54:11.130] [DEBUG] 平台 - 去死
[2016-11-23 19:54:11.364] [DEBUG] 平台 - 去死
[2016-11-23 19:54:11.379] [DEBUG] 平台 - 去死
[2016-11-23 19:54:11.410] [DEBUG] 平台 - 去死
[2016-11-23 19:54:11.426] [DEBUG] 平台 - 去死
[2016-11-23 19:54:12.081] [DEBUG] 平台 - 去死
[2016-11-23 19:54:12.097] [DEBUG] 平台 - 去死
[2016-11-23 19:54:12.112] [DEBUG] 平台 - 去死
[2016-11-23 19:54:12.144] [DEBUG] 平台 - 去死
[2016-11-23 19:54:12.159] [DEBUG] 平台 - 去死
[2016-11-23 19:54:12.190] [DEBUG] 平台 - 去死
[2016-11-23 19:54:12.206] [DEBUG] 平台 - 去死
[2016-11-23 19:54:12.440] [DEBUG] 平台 - 去死
[2016-11-23 19:54:12.456] [DEBUG] 平台 - 去死
[2016-11-23 19:54:12.487] [DEBUG] 平台 - 去死
[2016-11-23 19:54:15.902] [DEBUG] 平台 - 去死
[2016-11-23 19:54:16.182] [DEBUG] 平台 - 去死
[2016-11-23 19:54:16.198] [DEBUG] 平台 - 去死
[2016-11-23 19:54:16.229] [DEBUG] 平台 - 去死
