[2016-11-23 20:14:47.501] [DEBUG] 平台 - 处理器实例化...
[2016-11-23 20:14:47.516] [DEBUG] 平台 - 控制器实例化...
[2016-11-23 20:14:47.516] [DEBUG] 平台 - server实例化
[2016-11-23 20:14:47.532] [DEBUG] 平台 - Server running at 2016 port
[2016-11-23 20:14:49.599] [DEBUG] 平台 - 请求[object Object]
[2016-11-23 20:14:52.971] [DEBUG] 平台 - 去死
[2016-11-23 20:14:52.986] [DEBUG] 平台 - 去死
[2016-11-23 20:14:53.002] [DEBUG] 平台 - 去死
[2016-11-23 20:14:53.033] [DEBUG] 平台 - 去死
[2016-11-23 20:14:53.049] [DEBUG] 平台 - 去死
[2016-11-23 20:14:53.064] [DEBUG] 平台 - 去死
[2016-11-23 20:14:53.330] [DEBUG] 平台 - 去死
[2016-11-23 20:14:53.345] [DEBUG] 平台 - 去死
[2016-11-23 20:14:53.361] [DEBUG] 平台 - 去死
[2016-11-23 20:14:53.392] [DEBUG] 平台 - 去死
[2016-11-23 20:14:53.408] [DEBUG] 平台 - 去死
[2016-11-23 20:14:53.423] [DEBUG] 平台 - 去死
[2016-11-23 20:14:53.439] [DEBUG] 平台 - 去死
[2016-11-23 20:14:53.454] [DEBUG] 平台 - 去死
[2016-11-23 20:14:53.486] [DEBUG] 平台 - 去死
[2016-11-23 20:14:53.501] [DEBUG] 平台 - 去死
[2016-11-23 20:14:53.517] [DEBUG] 平台 - 去死
[2016-11-23 20:14:53.548] [DEBUG] 平台 - 去死
[2016-11-23 20:14:53.798] [DEBUG] 平台 - 去死
[2016-11-23 20:14:53.829] [DEBUG] 平台 - 去死
[2016-11-23 20:14:53.860] [DEBUG] 平台 - 去死
[2016-11-23 20:14:53.876] [DEBUG] 平台 - 去死
[2016-11-23 20:14:53.891] [DEBUG] 平台 - 去死
[2016-11-23 20:14:53.907] [DEBUG] 平台 - 去死
[2016-11-23 20:14:53.922] [DEBUG] 平台 - 去死
[2016-11-23 20:14:53.954] [DEBUG] 平台 - 去死
[2016-11-23 20:14:53.969] [DEBUG] 平台 - 去死
[2016-11-23 20:14:54.000] [DEBUG] 平台 - 去死
[2016-11-23 20:14:54.016] [DEBUG] 平台 - 去死
[2016-11-23 20:14:54.032] [DEBUG] 平台 - 去死
[2016-11-23 20:14:54.047] [DEBUG] 平台 - 去死
[2016-11-23 20:14:54.063] [DEBUG] 平台 - 去死
[2016-11-23 20:14:54.078] [DEBUG] 平台 - 去死
[2016-11-23 20:14:54.110] [DEBUG] 平台 - 去死
[2016-11-23 20:14:54.125] [DEBUG] 平台 - 去死
[2016-11-23 20:14:54.141] [DEBUG] 平台 - 去死
[2016-11-23 20:14:54.156] [DEBUG] 平台 - 去死
[2016-11-23 20:14:54.172] [DEBUG] 平台 - 去死
[2016-11-23 20:14:54.188] [DEBUG] 平台 - 去死
[2016-11-23 20:14:54.203] [DEBUG] 平台 - 去死
[2016-11-23 20:14:54.234] [DEBUG] 平台 - 去死
[2016-11-23 20:14:54.250] [DEBUG] 平台 - 去死
[2016-11-23 20:14:54.266] [DEBUG] 平台 - 去死
[2016-11-23 20:14:54.281] [DEBUG] 平台 - 去死
[2016-11-23 20:14:54.312] [DEBUG] 平台 - 去死
[2016-11-23 20:14:54.328] [DEBUG] 平台 - 去死
[2016-11-23 20:14:54.344] [DEBUG] 平台 - 去死
[2016-11-23 20:14:54.359] [DEBUG] 平台 - 去死
[2016-11-23 20:14:54.375] [DEBUG] 平台 - 去死
[2016-11-23 20:14:54.406] [DEBUG] 平台 - 去死
[2016-11-23 20:14:54.422] [DEBUG] 平台 - 去死
[2016-11-23 20:14:54.644] [DEBUG] 平台 - 去死
[2016-11-23 20:14:54.675] [DEBUG] 平台 - 去死
[2016-11-23 20:14:54.691] [DEBUG] 平台 - 去死
[2016-11-23 20:14:54.706] [DEBUG] 平台 - 去死
[2016-11-23 20:14:54.722] [DEBUG] 平台 - 去死
[2016-11-23 20:14:54.753] [DEBUG] 平台 - 去死
[2016-11-23 20:14:54.769] [DEBUG] 平台 - 去死
[2016-11-23 20:14:54.784] [DEBUG] 平台 - 去死
[2016-11-23 20:14:54.800] [DEBUG] 平台 - 去死
[2016-11-23 20:14:54.816] [DEBUG] 平台 - 去死
[2016-11-23 20:14:55.050] [DEBUG] 平台 - 去死
[2016-11-23 20:14:55.081] [DEBUG] 平台 - 去死
[2016-11-23 20:14:55.112] [DEBUG] 平台 - 去死
[2016-11-23 20:14:55.128] [DEBUG] 平台 - 去死
[2016-11-23 20:14:55.143] [DEBUG] 平台 - 去死
[2016-11-23 20:14:55.174] [DEBUG] 平台 - 去死
[2016-11-23 20:14:55.190] [DEBUG] 平台 - 去死
[2016-11-23 20:14:55.206] [DEBUG] 平台 - 去死
[2016-11-23 20:14:55.221] [DEBUG] 平台 - 去死
[2016-11-23 20:14:56.721] [DEBUG] 平台 - 去死
[2016-11-23 20:14:59.146] [DEBUG] 平台 - 去死
[2016-11-23 20:14:59.161] [DEBUG] 平台 - 去死
[2016-11-23 20:14:59.177] [DEBUG] 平台 - 去死
[2016-11-23 20:14:59.193] [DEBUG] 平台 - 去死
[2016-11-23 20:14:59.427] [DEBUG] 平台 - 去死
[2016-11-23 20:14:59.458] [DEBUG] 平台 - 去死
[2016-11-23 20:14:59.473] [DEBUG] 平台 - 去死
[2016-11-23 20:14:59.489] [DEBUG] 平台 - 去死
[2016-11-23 20:14:59.521] [DEBUG] 平台 - 去死
[2016-11-23 20:14:59.537] [DEBUG] 平台 - 去死
[2016-11-23 20:14:59.552] [DEBUG] 平台 - 去死
[2016-11-23 20:14:59.568] [DEBUG] 平台 - 去死
[2016-11-23 20:14:59.584] [DEBUG] 平台 - 去死
[2016-11-23 20:14:59.599] [DEBUG] 平台 - 去死
[2016-11-23 20:14:59.615] [DEBUG] 平台 - 去死
[2016-11-23 20:14:59.646] [DEBUG] 平台 - 去死
[2016-11-23 20:14:59.662] [DEBUG] 平台 - 去死
[2016-11-23 20:14:59.677] [DEBUG] 平台 - 去死
[2016-11-23 20:14:59.693] [DEBUG] 平台 - 去死
