[2016-12-08 14:39:58.018] [TRACE] QQ空间 - DealWith instantiation ...
[2016-12-08 14:39:58.043] [TRACE] QQ空间 - spiderCore instantiation ...
[2016-12-08 14:39:58.046] [TRACE] QQ空间 - 启动函数
[2016-12-08 14:39:58.083] [DEBUG] QQ空间 - 任务信息数据库连接建立...成功
[2016-12-08 14:39:58.083] [DEBUG] QQ空间 - 缓存队列数据库连接建立...成功
[2016-12-08 14:39:58.083] [DEBUG] QQ空间 - 创建数据库连接完毕
[2016-12-08 14:39:58.099] [INFO] QQ空间 - { id: '1801052304', name: '一宠天下', p: '28' }
[2016-12-08 14:39:58.453] [DEBUG] QQ空间 - 9
[2016-12-08 14:39:58.899] [DEBUG] QQ空间 - 0 || 9
[2016-12-08 14:39:59.286] [DEBUG] QQ空间 - 1 || 9
[2016-12-08 14:39:59.736] [DEBUG] QQ空间 - 2 || 9
[2016-12-08 14:40:00.134] [DEBUG] QQ空间 - 3 || 9
[2016-12-08 14:40:00.523] [DEBUG] QQ空间 - 4 || 9
[2016-12-08 14:40:00.919] [DEBUG] QQ空间 - 5 || 9
[2016-12-08 14:40:01.367] [DEBUG] QQ空间 - 6 || 9
[2016-12-08 14:40:01.846] [DEBUG] QQ空间 - 7 || 9
[2016-12-08 14:40:02.223] [DEBUG] QQ空间 - 8 || 9
[2016-12-08 14:40:02.645] [DEBUG] QQ空间 - 9 || 9
[2016-12-08 14:40:02.648] [DEBUG] QQ空间 - 10++++
[2016-12-08 14:40:02.896] [DEBUG] QQ空间 - 9
[2016-12-08 14:40:03.296] [DEBUG] QQ空间 - 0 || 9
[2016-12-08 14:40:03.720] [DEBUG] QQ空间 - 1 || 9
[2016-12-08 14:40:04.112] [DEBUG] QQ空间 - 2 || 9
[2016-12-08 14:40:04.540] [DEBUG] QQ空间 - 3 || 9
[2016-12-08 14:40:04.941] [DEBUG] QQ空间 - 4 || 9
[2016-12-08 14:40:05.371] [DEBUG] QQ空间 - 5 || 9
[2016-12-08 14:40:05.895] [DEBUG] QQ空间 - 6 || 9
[2016-12-08 14:40:06.355] [DEBUG] QQ空间 - 7 || 9
[2016-12-08 14:40:06.681] [DEBUG] QQ空间 - 8 || 9
[2016-12-08 14:40:07.108] [DEBUG] QQ空间 - 9 || 9
[2016-12-08 14:40:07.108] [DEBUG] QQ空间 - 10++++
[2016-12-08 14:40:07.382] [DEBUG] QQ空间 - 9
[2016-12-08 14:40:07.821] [DEBUG] QQ空间 - 0 || 9
[2016-12-08 14:40:08.250] [DEBUG] QQ空间 - 1 || 9
[2016-12-08 14:40:08.700] [DEBUG] QQ空间 - 2 || 9
[2016-12-08 14:40:09.059] [DEBUG] QQ空间 - 3 || 9
[2016-12-08 14:40:09.452] [DEBUG] QQ空间 - 4 || 9
[2016-12-08 14:40:09.833] [DEBUG] QQ空间 - 5 || 9
[2016-12-08 14:40:10.254] [DEBUG] QQ空间 - 6 || 9
[2016-12-08 14:40:10.651] [DEBUG] QQ空间 - 7 || 9
[2016-12-08 14:40:10.929] [DEBUG] QQ空间 - 8 || 9
[2016-12-08 14:40:11.397] [DEBUG] QQ空间 - 9 || 9
[2016-12-08 14:40:11.399] [DEBUG] QQ空间 - 10++++
[2016-12-08 14:40:11.630] [DEBUG] QQ空间 - 9
[2016-12-08 14:40:12.046] [DEBUG] QQ空间 - 0 || 9
[2016-12-08 14:40:12.487] [DEBUG] QQ空间 - 1 || 9
[2016-12-08 14:40:12.936] [DEBUG] QQ空间 - 2 || 9
[2016-12-08 14:40:13.314] [DEBUG] QQ空间 - 3 || 9
[2016-12-08 14:40:13.658] [DEBUG] QQ空间 - 4 || 9
[2016-12-08 14:40:14.085] [DEBUG] QQ空间 - 5 || 9
[2016-12-08 14:40:14.506] [DEBUG] QQ空间 - 6 || 9
[2016-12-08 14:40:14.936] [DEBUG] QQ空间 - 7 || 9
[2016-12-08 14:40:15.346] [DEBUG] QQ空间 - 8 || 9
[2016-12-08 14:40:16.009] [DEBUG] QQ空间 - 9 || 9
[2016-12-08 14:40:16.012] [DEBUG] QQ空间 - 10++++
[2016-12-08 14:40:16.265] [DEBUG] QQ空间 - 9
