[2016-12-02 16:20:06.717] [TRACE] 微博 - DealWith instantiation ...
[2016-12-02 16:20:06.725] [TRACE] 微博 - spiderCore instantiation ...
[2016-12-02 16:20:06.727] [TRACE] 微博 - 启动函数
[2016-12-02 16:20:06.752] [DEBUG] 微博 - 任务信息数据库连接建立...成功
[2016-12-02 16:20:06.757] [DEBUG] 微博 - 缓存队列数据库连接建立...成功
[2016-12-02 16:20:06.759] [DEBUG] 微博 - 创建数据库连接完毕
[2016-12-02 16:20:06.761] [INFO] 微博 - { id: '5305147245', name: '365美食家常菜谱', p: '26' }
[2016-12-02 16:20:07.086] [DEBUG] 微博 - 1
[2016-12-02 16:20:07.343] [DEBUG] 微博 - 2
[2016-12-02 16:20:07.345] [DEBUG] 微博 - 3
[2016-12-02 16:20:07.346] [DEBUG] 微博 - 4
[2016-12-02 16:20:07.347] [DEBUG] 微博 - 5
[2016-12-02 16:20:07.348] [DEBUG] 微博 - 6
[2016-12-02 16:20:07.350] [DEBUG] 微博 - 7
[2016-12-02 16:20:07.351] [DEBUG] 微博 - 8
[2016-12-02 16:20:07.352] [DEBUG] 微博 - 9
[2016-12-02 16:20:07.353] [DEBUG] 微博 - 10
[2016-12-02 16:20:07.354] [DEBUG] 微博 - 11
[2016-12-02 16:20:07.356] [DEBUG] 微博 - 12
[2016-12-02 16:20:07.358] [DEBUG] 微博 - 13
[2016-12-02 16:20:07.361] [DEBUG] 微博 - 14
[2016-12-02 16:20:07.364] [DEBUG] 微博 - 15
[2016-12-02 16:20:07.366] [DEBUG] 微博 - 16
[2016-12-02 16:20:07.368] [DEBUG] 微博 - 17
[2016-12-02 16:20:07.411] [DEBUG] 微博 - 今日头条 2140227493 加入缓存队列
