[2016-12-02 16:34:35.705] [TRACE] 微博 - DealWith instantiation ...
[2016-12-02 16:34:35.712] [TRACE] 微博 - spiderCore instantiation ...
[2016-12-02 16:34:35.714] [TRACE] 微博 - 启动函数
[2016-12-02 16:34:35.745] [DEBUG] 微博 - 任务信息数据库连接建立...成功
[2016-12-02 16:34:35.747] [DEBUG] 微博 - 缓存队列数据库连接建立...成功
[2016-12-02 16:34:35.750] [DEBUG] 微博 - 创建数据库连接完毕
[2016-12-02 16:34:35.751] [INFO] 微博 - { id: '5305147245', name: '365美食家常菜谱', p: '26' }
[2016-12-02 16:34:36.087] [DEBUG] 微博 - 第1页
[2016-12-02 16:34:36.434] [DEBUG] 微博 - 今日头条 2140227493 加入缓存队列
[2016-12-02 16:34:36.615] [DEBUG] 微博 - 第2页
[2016-12-02 16:34:37.043] [DEBUG] 微博 - 第3页
[2016-12-02 16:34:38.581] [DEBUG] 微博 - 第4页
[2016-12-02 16:34:38.976] [DEBUG] 微博 - 今日头条 3779904962 加入缓存队列
[2016-12-02 16:34:39.145] [DEBUG] 微博 - 第5页
[2016-12-02 16:34:39.394] [DEBUG] 微博 - 第6页
[2016-12-02 16:34:39.614] [DEBUG] 微博 - 第7页
[2016-12-02 16:34:40.129] [DEBUG] 微博 - 今日头条 1268518877 加入缓存队列
[2016-12-02 16:34:40.485] [DEBUG] 微博 - 第8页
[2016-12-02 16:34:40.581] [DEBUG] 微博 - 今日头条 3463207204 加入缓存队列
[2016-12-02 16:34:40.882] [DEBUG] 微博 - 第9页
[2016-12-02 16:34:40.985] [DEBUG] 微博 - 今日头条 3779904962 加入缓存队列
[2016-12-02 16:34:41.141] [DEBUG] 微博 - 第10页
[2016-12-02 16:34:41.318] [DEBUG] 微博 - 第11页
[2016-12-02 16:34:41.486] [DEBUG] 微博 - 第12页
[2016-12-02 16:34:41.600] [DEBUG] 微博 - 今日头条 5101863971 加入缓存队列
[2016-12-02 16:34:41.778] [DEBUG] 微博 - 第13页
[2016-12-02 16:34:41.942] [DEBUG] 微博 - 第14页
[2016-12-02 16:34:42.182] [DEBUG] 微博 - 第15页
[2016-12-02 16:34:42.348] [DEBUG] 微博 - 第16页
[2016-12-02 16:34:42.548] [DEBUG] 微博 - 第17页
[2016-12-02 16:34:42.829] [DEBUG] 微博 - 今日头条 3099016097 加入缓存队列
[2016-12-02 16:34:43.092] [DEBUG] 微博 - 第18页
[2016-12-02 16:34:43.199] [DEBUG] 微博 - 今日头条 3266142652 加入缓存队列
[2016-12-02 16:34:43.816] [DEBUG] 微博 - 第19页
[2016-12-02 16:34:44.997] [DEBUG] 微博 - 第20页
[2016-12-02 16:34:45.232] [DEBUG] 微博 - 第21页
[2016-12-02 16:34:45.527] [DEBUG] 微博 - 第22页
[2016-12-02 16:34:45.648] [DEBUG] 微博 - 今日头条 3463207204 加入缓存队列
[2016-12-02 16:34:46.241] [DEBUG] 微博 - 第23页
[2016-12-02 16:34:46.641] [DEBUG] 微博 - 第24页
[2016-12-02 16:34:46.738] [DEBUG] 微博 - 今日头条 2670125917 加入缓存队列
[2016-12-02 16:34:46.900] [DEBUG] 微博 - 第25页
[2016-12-02 16:34:47.057] [DEBUG] 微博 - 第26页
[2016-12-02 16:34:47.221] [DEBUG] 微博 - 第27页
[2016-12-02 16:34:47.554] [DEBUG] 微博 - 第28页
[2016-12-02 16:34:47.729] [DEBUG] 微博 - 今日头条 5101863971 加入缓存队列
[2016-12-02 16:34:48.135] [DEBUG] 微博 - 第29页
[2016-12-02 16:34:48.308] [DEBUG] 微博 - 今日头条 1008169975 加入缓存队列
[2016-12-02 16:34:48.685] [DEBUG] 微博 - 第30页
[2016-12-02 16:34:49.189] [DEBUG] 微博 - 第31页
[2016-12-02 16:34:49.292] [DEBUG] 微博 - 今日头条 2697416452 加入缓存队列
[2016-12-02 16:34:49.565] [DEBUG] 微博 - 第32页
[2016-12-02 16:34:49.657] [DEBUG] 微博 - 今日头条 undefined 加入缓存队列
[2016-12-02 16:34:49.802] [DEBUG] 微博 - 第33页
[2016-12-02 16:34:49.997] [DEBUG] 微博 - 第34页
[2016-12-02 16:34:50.054] [DEBUG] 微博 - 今日头条 2140227493 加入缓存队列
[2016-12-02 16:34:50.222] [DEBUG] 微博 - 第35页
[2016-12-02 16:34:50.296] [DEBUG] 微博 - 今日头条 1231317854 加入缓存队列
[2016-12-02 16:34:50.421] [DEBUG] 微博 - 今日头条 5541345550 加入缓存队列
[2016-12-02 16:34:50.594] [DEBUG] 微博 - 第36页
[2016-12-02 16:34:50.789] [DEBUG] 微博 - 第37页
[2016-12-02 16:34:51.304] [DEBUG] 微博 - 今日头条 1644395354 加入缓存队列
[2016-12-02 16:34:51.514] [DEBUG] 微博 - 今日头条 5729126469 加入缓存队列
[2016-12-02 16:34:51.692] [DEBUG] 微博 - 今日头条 2140227493 加入缓存队列
[2016-12-02 16:34:51.872] [DEBUG] 微博 - 第38页
[2016-12-02 16:34:51.969] [DEBUG] 微博 - 今日头条 2891529877 加入缓存队列
[2016-12-02 16:34:52.346] [DEBUG] 微博 - 今日头条 3266142652 加入缓存队列
[2016-12-02 16:34:52.719] [DEBUG] 微博 - 今日头条 2697416452 加入缓存队列
[2016-12-02 16:34:53.144] [DEBUG] 微博 - 今日头条 5971792547 加入缓存队列
[2016-12-02 16:34:53.217] [DEBUG] 微博 - 今日头条 5879823459 加入缓存队列
[2016-12-02 16:34:53.462] [DEBUG] 微博 - 第39页
[2016-12-02 16:34:53.630] [DEBUG] 微博 - 今日头条 3779904962 加入缓存队列
[2016-12-02 16:34:53.704] [DEBUG] 微博 - 今日头条 3266142652 加入缓存队列
[2016-12-02 16:34:53.794] [DEBUG] 微博 - 今日头条 2893052643 加入缓存队列
[2016-12-02 16:34:53.895] [DEBUG] 微博 - 今日头条 5305147245 加入缓存队列
[2016-12-02 16:34:54.591] [DEBUG] 微博 - 第40页
[2016-12-02 16:34:55.096] [DEBUG] 微博 - 今日头条 5305147245 加入缓存队列
[2016-12-02 16:34:55.206] [DEBUG] 微博 - 今日头条 5541345550 加入缓存队列
[2016-12-02 16:34:55.312] [DEBUG] 微博 - 今日头条 2140227493 加入缓存队列
[2016-12-02 16:34:55.641] [DEBUG] 微博 - 今日头条 2893052643 加入缓存队列
[2016-12-02 16:34:55.900] [DEBUG] 微博 - 第41页
[2016-12-02 16:34:56.324] [DEBUG] 微博 - 今日头条 1639356433 加入缓存队列
[2016-12-02 16:34:56.633] [DEBUG] 微博 - 今日头条 3500537197 加入缓存队列
[2016-12-02 16:34:56.919] [DEBUG] 微博 - 今日头条 5101863971 加入缓存队列
[2016-12-02 16:34:57.157] [DEBUG] 微博 - 第42页
[2016-12-02 16:34:57.614] [DEBUG] 微博 - 今日头条 1965280747 加入缓存队列
[2016-12-02 16:34:57.731] [DEBUG] 微博 - 今日头条 3660593213 加入缓存队列
[2016-12-02 16:34:58.115] [DEBUG] 微博 - 今日头条 5971792547 加入缓存队列
[2016-12-02 16:34:58.327] [DEBUG] 微博 - 今日头条 5305147245 加入缓存队列
[2016-12-02 16:34:58.573] [DEBUG] 微博 - 第43页
[2016-12-02 16:34:58.825] [DEBUG] 微博 - 今日头条 2063577765 加入缓存队列
[2016-12-02 16:34:58.903] [DEBUG] 微博 - 今日头条 5465835912 加入缓存队列
[2016-12-02 16:34:59.059] [DEBUG] 微博 - 今日头条 5305147245 加入缓存队列
[2016-12-02 16:34:59.296] [DEBUG] 微博 - 第44页
[2016-12-02 16:34:59.434] [DEBUG] 微博 - 今日头条 5305147245 加入缓存队列
[2016-12-02 16:34:59.723] [DEBUG] 微博 - 今日头条 5305147245 加入缓存队列
[2016-12-02 16:34:59.923] [DEBUG] 微博 - 第45页
[2016-12-02 16:34:59.995] [DEBUG] 微博 - 今日头条 3694919990 加入缓存队列
[2016-12-02 16:35:00.099] [DEBUG] 微博 - 今日头条 1260802747 加入缓存队列
[2016-12-02 16:35:00.189] [DEBUG] 微博 - 今日头条 5305147245 加入缓存队列
[2016-12-02 16:35:00.436] [DEBUG] 微博 - 第46页
[2016-12-02 16:35:00.591] [DEBUG] 微博 - 第47页
[2016-12-02 16:35:00.685] [DEBUG] 微博 - 今日头条 1816750115 加入缓存队列
[2016-12-02 16:35:00.882] [DEBUG] 微博 - 第48页
[2016-12-02 16:35:01.006] [DEBUG] 微博 - 今日头条 2995631244 加入缓存队列
[2016-12-02 16:35:01.227] [DEBUG] 微博 - 今日头条 1696512981 加入缓存队列
[2016-12-02 16:35:01.391] [DEBUG] 微博 - 第49页
[2016-12-02 16:35:01.473] [DEBUG] 微博 - 今日头条 2670125917 加入缓存队列
[2016-12-02 16:35:01.679] [DEBUG] 微博 - 今日头条 5305147245 加入缓存队列
[2016-12-02 16:35:01.776] [DEBUG] 微博 - 今日头条 2697416452 加入缓存队列
[2016-12-02 16:35:01.928] [DEBUG] 微博 - 第50页
[2016-12-02 16:35:02.000] [DEBUG] 微博 - 今日头条 2893052643 加入缓存队列
[2016-12-02 16:35:02.095] [DEBUG] 微博 - 今日头条 2893052643 加入缓存队列
[2016-12-02 16:35:02.350] [DEBUG] 微博 - 第51页
[2016-12-02 16:35:02.707] [DEBUG] 微博 - 今日头条 5541345550 加入缓存队列
[2016-12-02 16:35:02.773] [DEBUG] 微博 - 今日头条 5305147245 加入缓存队列
[2016-12-02 16:35:02.930] [DEBUG] 微博 - 第52页
[2016-12-02 16:35:03.025] [DEBUG] 微博 - 今日头条 5305147245 加入缓存队列
[2016-12-02 16:35:03.109] [DEBUG] 微博 - 今日头条 5101863971 加入缓存队列
[2016-12-02 16:35:03.279] [DEBUG] 微博 - 第53页
[2016-12-02 16:35:03.375] [DEBUG] 微博 - 今日头条 5741801557 加入缓存队列
[2016-12-02 16:35:03.517] [DEBUG] 微博 - 今日头条 2617700277 加入缓存队列
[2016-12-02 16:35:03.903] [DEBUG] 微博 - 今日头条 5305147245 加入缓存队列
[2016-12-02 16:35:04.466] [DEBUG] 微博 - 第54页
[2016-12-02 16:35:04.595] [DEBUG] 微博 - 今日头条 1749220481 加入缓存队列
[2016-12-02 16:35:04.892] [DEBUG] 微博 - 今日头条 5305147245 加入缓存队列
[2016-12-02 16:35:05.163] [DEBUG] 微博 - 今日头条 3266142652 加入缓存队列
[2016-12-02 16:35:05.454] [DEBUG] 微博 - 今日头条 5305147245 加入缓存队列
[2016-12-02 16:35:05.684] [DEBUG] 微博 - 第55页
[2016-12-02 16:35:05.789] [DEBUG] 微博 - 今日头条 5305147245 加入缓存队列
[2016-12-02 16:35:05.855] [DEBUG] 微博 - 今日头条 5305147245 加入缓存队列
[2016-12-02 16:35:05.976] [DEBUG] 微博 - 今日头条 5305147245 加入缓存队列
[2016-12-02 16:35:06.199] [DEBUG] 微博 - 第56页
[2016-12-02 16:35:06.470] [DEBUG] 微博 - 今日头条 5305147245 加入缓存队列
[2016-12-02 16:35:06.528] [DEBUG] 微博 - 今日头条 1953526727 加入缓存队列
[2016-12-02 16:35:06.618] [DEBUG] 微博 - 今日头条 5879823459 加入缓存队列
[2016-12-02 16:35:06.687] [DEBUG] 微博 - 今日头条 2140227493 加入缓存队列
[2016-12-02 16:35:06.756] [DEBUG] 微博 - 今日头条 5305147245 加入缓存队列
[2016-12-02 16:35:06.947] [DEBUG] 微博 - 第57页
[2016-12-02 16:35:07.490] [DEBUG] 微博 - 今日头条 5732547280 加入缓存队列
[2016-12-02 16:35:07.707] [DEBUG] 微博 - 今日头条 5686734198 加入缓存队列
[2016-12-02 16:35:08.042] [DEBUG] 微博 - 今日头条 3900270312 加入缓存队列
[2016-12-02 16:35:08.331] [DEBUG] 微博 - 第58页
[2016-12-02 16:35:08.411] [DEBUG] 微博 - 今日头条 5722634120 加入缓存队列
[2016-12-02 16:35:08.976] [DEBUG] 微博 - 今日头条 5305147245 加入缓存队列
[2016-12-02 16:35:09.554] [DEBUG] 微博 - 今日头条 5305147245 加入缓存队列
[2016-12-02 16:35:09.713] [DEBUG] 微博 - 今日头条 5305147245 加入缓存队列
[2016-12-02 16:35:09.841] [DEBUG] 微博 - 今日头条 2286908003 加入缓存队列
[2016-12-02 16:35:10.179] [DEBUG] 微博 - 第59页
[2016-12-02 16:35:10.271] [DEBUG] 微博 - 今日头条 5305147245 加入缓存队列
[2016-12-02 16:35:11.054] [DEBUG] 微博 - 今日头条 5305147245 加入缓存队列
[2016-12-02 16:35:11.218] [DEBUG] 微博 - 第60页
[2016-12-02 16:35:11.312] [DEBUG] 微博 - 今日头条 5305147245 加入缓存队列
[2016-12-02 16:35:11.675] [DEBUG] 微博 - 第61页
[2016-12-02 16:35:11.744] [DEBUG] 微博 - 今日头条 2609269865 加入缓存队列
[2016-12-02 16:35:12.013] [DEBUG] 微博 - 今日头条 3266142652 加入缓存队列
[2016-12-02 16:35:12.119] [DEBUG] 微博 - 今日头条 2893052643 加入缓存队列
[2016-12-02 16:35:12.215] [DEBUG] 微博 - 今日头条 5880139240 加入缓存队列
[2016-12-02 16:35:12.367] [DEBUG] 微博 - 第62页
[2016-12-02 16:35:12.524] [DEBUG] 微博 - 今日头条 5305147245 加入缓存队列
[2016-12-02 16:35:12.643] [DEBUG] 微博 - 今日头条 2697416452 加入缓存队列
[2016-12-02 16:35:12.801] [DEBUG] 微博 - 今日头条 2609269865 加入缓存队列
[2016-12-02 16:35:13.182] [DEBUG] 微博 - 今日头条 2140227493 加入缓存队列
[2016-12-02 16:35:13.343] [DEBUG] 微博 - 第63页
[2016-12-02 16:35:13.446] [DEBUG] 微博 - 今日头条 5893789485 加入缓存队列
[2016-12-02 16:35:13.524] [DEBUG] 微博 - 今日头条 5896975985 加入缓存队列
[2016-12-02 16:35:13.602] [DEBUG] 微博 - 今日头条 5305147245 加入缓存队列
[2016-12-02 16:35:14.408] [DEBUG] 微博 - 今日头条 2694278853 加入缓存队列
[2016-12-02 16:35:14.572] [DEBUG] 微博 - 今日头条 5305147245 加入缓存队列
[2016-12-02 16:35:14.861] [DEBUG] 微博 - 第64页
[2016-12-02 16:35:14.978] [DEBUG] 微博 - 今日头条 5101863971 加入缓存队列
[2016-12-02 16:35:15.051] [DEBUG] 微博 - 今日头条 1671814231 加入缓存队列
[2016-12-02 16:35:15.243] [DEBUG] 微博 - 第65页
[2016-12-02 16:35:15.324] [DEBUG] 微博 - 今日头条 5814211294 加入缓存队列
[2016-12-02 16:35:15.474] [DEBUG] 微博 - 今日头条 1820972205 加入缓存队列
[2016-12-02 16:35:15.875] [DEBUG] 微博 - 今日头条 1749220481 加入缓存队列
[2016-12-02 16:35:16.184] [DEBUG] 微博 - 第66页
[2016-12-02 16:35:16.275] [DEBUG] 微博 - 今日头条 3099016097 加入缓存队列
[2016-12-02 16:35:16.332] [DEBUG] 微博 - 今日头条 5893789485 加入缓存队列
[2016-12-02 16:35:16.400] [DEBUG] 微博 - 今日头条 5305147245 加入缓存队列
[2016-12-02 16:35:16.550] [DEBUG] 微博 - 第67页
[2016-12-02 16:35:16.910] [DEBUG] 微博 - 今日头条 5814211294 加入缓存队列
