[2016-11-24 19:04:40.451] [TRACE] 美拍 - DealWith instantiation ...
[2016-11-24 19:04:40.467] [TRACE] 美拍 - spiderCore instantiation ...
[2016-11-24 19:04:40.467] [TRACE] 美拍 - 启动函数
[2016-11-24 19:04:40.498] [DEBUG] 美拍 - 任务信息数据库连接建立...成功
[2016-11-24 19:04:40.498] [DEBUG] 美拍 - 缓存队列数据库连接建立...成功
[2016-11-24 19:04:40.498] [DEBUG] 美拍 - 创建数据库连接完毕
[2016-11-24 19:04:40.498] [INFO] 美拍 - { p: 5, id: 1002934899, name: '飞碟说' }
[2016-11-24 19:05:01.718] [ERROR] 美拍 - occur error: { Error: connect ETIMEDOUT 100.98.39.12:80
    at Object.exports._errnoException (util.js:1007:11)
    at exports._exceptionWithHostPort (util.js:1030:20)
    at TCPConnectWrap.afterConnect [as oncomplete] (net.js:1080:14)
  code: 'ETIMEDOUT',
  errno: 'ETIMEDOUT',
  syscall: 'connect',
  address: '100.98.39.12',
  port: 80 }
[2016-11-24 19:05:01.730] [INFO] 美拍 - 返回美拍用户 1002934899 连接服务器失败
[2016-11-24 19:05:40.809] [ERROR] 美拍 - json数据解析失败
[2016-11-24 19:05:40.814] [INFO] 美拍 - send error: { statusCode: 504,
  headers: '{"server":"nginx/1.11.2","date":"Thu, 24 Nov 2016 11:05:00 GMT","content-type":"text/html","content-length":"537","connection":"close","etag":"\\"577bdefb-219\\""}',
  body: '<!DOCTYPE html>\n<html>\n<head>\n<title>Error</title>\n<style>\n    body {\n        width: 35em;\n        margin: 0 auto;\n        font-family: Tahoma, Verdana, Arial, sans-serif;\n    }\n</style>\n</head>\n<body>\n<h1>An error occurred.</h1>\n<p>Sorry, the page you are looking for is currently unavailable.<br/>\nPlease try again later.</p>\n<p>If you are the system administrator of this resource then you should check\nthe <a href="http://nginx.org/r/error_log">error log</a> for details.</p>\n<p><em>Faithfully yours, nginx.</em></p>\n</body>\n</html>\n' }
