[2016-11-24 17:18:16.242] [TRACE] 美拍 - DealWith instantiation ...
[2016-11-24 17:18:16.258] [TRACE] 美拍 - spiderCore instantiation ...
[2016-11-24 17:18:16.258] [TRACE] 美拍 - 启动函数
[2016-11-24 17:18:16.274] [DEBUG] 美拍 - 任务信息数据库连接建立...成功
[2016-11-24 17:18:16.289] [DEBUG] 美拍 - 缓存队列数据库连接建立...成功
[2016-11-24 17:18:16.289] [DEBUG] 美拍 - 创建数据库连接完毕
[2016-11-24 17:18:16.289] [TRACE] 美拍 - Queue get ready
[2016-11-24 17:18:16.336] [TRACE] 美拍 - Get meipai task!
[2016-11-24 17:18:16.336] [INFO] 美拍 - { id: '1078638988', p: '5', name: '唐唐Big笑工坊', type: '0' }
[2016-11-24 17:18:16.367] [TRACE] 美拍 - Get meipai task!
[2016-11-24 17:18:16.367] [INFO] 美拍 - { id: '1095478502', p: '5', name: 'V电影', type: '0' }
[2016-11-24 17:18:16.367] [TRACE] 美拍 - Get meipai task!
[2016-11-24 17:18:16.383] [INFO] 美拍 - { id: '1023612042', p: '5', name: '《Mc动画联盟》', type: '0' }
[2016-11-24 17:18:16.383] [TRACE] 美拍 - Get meipai task!
[2016-11-24 17:18:16.383] [INFO] 美拍 - { id: '1081189836', p: '5', name: '小本解说', type: '0' }
[2016-11-24 17:18:16.383] [TRACE] 美拍 - Get meipai task!
[2016-11-24 17:18:16.383] [INFO] 美拍 - { id: '30720833', p: '5', name: '姜老刀', type: '0' }
[2016-11-24 17:18:16.398] [TRACE] 美拍 - Get meipai task!
[2016-11-24 17:18:16.398] [INFO] 美拍 - { id: '1026119080', p: '5', name: '谷阿莫AmoGood', type: '0' }
[2016-11-24 17:18:16.398] [TRACE] 美拍 - Get meipai task!
[2016-11-24 17:18:16.398] [INFO] 美拍 - { id: '1086225771', p: '5', name: '看鉴', type: '0' }
[2016-11-24 17:18:16.398] [TRACE] 美拍 - Get meipai task!
[2016-11-24 17:18:16.414] [INFO] 美拍 - { id: '1078533899', p: '5', name: '罐头视频', type: '0' }
[2016-11-24 17:18:16.414] [TRACE] 美拍 - Get meipai task!
[2016-11-24 17:18:16.414] [INFO] 美拍 - { id: '21048903', p: '5', name: '胥渡吧', type: '0' }
[2016-11-24 17:18:16.835] [DEBUG] 美拍 - 用户: 1078638988 back_end
