[2017-01-05 16:20:09.625] [TRACE] 风行网 - DealWith instantiation ...
[2017-01-05 16:20:09.625] [TRACE] 风行网 - spiderCore instantiation ...
[2017-01-05 16:20:09.641] [TRACE] 风行网 - 启动函数
[2017-01-05 16:20:09.656] [DEBUG] 风行网 - 任务信息数据库连接建立...成功
[2017-01-05 16:20:09.672] [DEBUG] 风行网 - 缓存队列数据库连接建立...成功
[2017-01-05 16:20:09.672] [DEBUG] 风行网 - 创建数据库连接完毕
[2017-01-05 16:20:11.212] [DEBUG] 风行网 - 杨幂、范冰冰都是她的熟客
[2017-01-05 16:20:11.218] [DEBUG] 风行网 - 风行 872327 加入缓存队列
[2017-01-05 16:20:12.827] [DEBUG] 风行网 - 大爷摸金35年,金左手成独门绝活!
[2017-01-05 16:20:12.830] [DEBUG] 风行网 - 风行 872329 加入缓存队列
[2017-01-05 16:20:13.653] [DEBUG] 风行网 - 苏州百年澡堂的秘诀
[2017-01-05 16:20:13.655] [DEBUG] 风行网 - 风行 872099 加入缓存队列
[2017-01-05 16:20:14.944] [DEBUG] 风行网 - 美女主持解说足球一炮而红
[2017-01-05 16:20:15.009] [DEBUG] 风行网 - 风行 871707 加入缓存队列
[2017-01-05 16:20:16.092] [DEBUG] 风行网 - 清朝宫廷流传出的老北京炸酱面
[2017-01-05 16:20:16.094] [DEBUG] 风行网 - 风行 871581 加入缓存队列
[2017-01-05 16:20:16.915] [DEBUG] 风行网 - 武林高手重出江湖做火锅？
[2017-01-05 16:20:16.917] [DEBUG] 风行网 - 风行 871015 加入缓存队列
[2017-01-05 16:20:17.588] [DEBUG] 风行网 - 揭秘绝世琵琶的制作过程
[2017-01-05 16:20:17.593] [DEBUG] 风行网 - 风行 870529 加入缓存队列
[2017-01-05 16:20:19.255] [DEBUG] 风行网 - 夜店热辣美少女自创这个DJ乐，一战成名！
[2017-01-05 16:20:19.258] [DEBUG] 风行网 - 风行 870523 加入缓存队列
[2017-01-05 16:20:21.015] [DEBUG] 风行网 - 罕见蟒蛇皮制成顶级二胡
[2017-01-05 16:20:21.018] [DEBUG] 风行网 - 风行 870265 加入缓存队列
[2017-01-05 16:20:21.617] [DEBUG] 风行网 - 18年他只为寻找消亡的民间艺术
[2017-01-05 16:20:21.620] [DEBUG] 风行网 - 风行 870255 加入缓存队列
[2017-01-05 16:20:22.571] [DEBUG] 风行网 - 这才是圣诞party的正确打开方式！
[2017-01-05 16:20:22.575] [DEBUG] 风行网 - 风行 869859 加入缓存队列
[2017-01-05 16:20:23.422] [DEBUG] 风行网 - 90后农村小伙夜场跳钢管舞，超性感！
[2017-01-05 16:20:23.424] [DEBUG] 风行网 - 风行 869683 加入缓存队列
[2017-01-05 16:20:24.376] [DEBUG] 风行网 - 除了papi酱，集才华与美貌于一身的还有她
[2017-01-05 16:20:24.381] [DEBUG] 风行网 - 风行 869359 加入缓存队列
[2017-01-05 16:20:25.390] [DEBUG] 风行网 - 杭州最神秘“洗包”店，一年经手几千万奢侈品！
[2017-01-05 16:20:25.395] [DEBUG] 风行网 - 风行 868867 加入缓存队列
[2017-01-05 16:20:26.098] [DEBUG] 风行网 - 最霸道的餐馆厨娘，竟不许客人点菜催菜！
[2017-01-05 16:20:26.101] [DEBUG] 风行网 - 风行 868865 加入缓存队列
[2017-01-05 16:20:27.523] [DEBUG] 风行网 - 美翻了！西安古寺千年银杏树火爆网络！
[2017-01-05 16:20:27.528] [DEBUG] 风行网 - 风行 868641 加入缓存队列
[2017-01-05 16:20:28.452] [DEBUG] 风行网 - 90后道士组团出道玩贝斯！
[2017-01-05 16:20:28.455] [DEBUG] 风行网 - 风行 867977 加入缓存队列
[2017-01-05 16:20:29.184] [DEBUG] 风行网 - 偷狗贼竟用弓箭射穿流浪狗，太残忍了！
[2017-01-05 16:20:29.200] [DEBUG] 风行网 - 风行 867975 加入缓存队列
[2017-01-05 16:20:29.794] [DEBUG] 风行网 - 农村美少妇在北京最洋气菜市场的生意经！
[2017-01-05 16:20:29.797] [DEBUG] 风行网 - 风行 867785 加入缓存队列
[2017-01-05 16:20:30.898] [DEBUG] 风行网 - 北京街头破落唱片店，竟捧红无数乐队！
[2017-01-05 16:20:30.901] [DEBUG] 风行网 - 风行 867249 加入缓存队列
[2017-01-05 16:20:31.921] [DEBUG] 风行网 - 马甲线美女挑战90度悬崖,全杭州只有她一个人干这行！
[2017-01-05 16:20:31.924] [DEBUG] 风行网 - 风行 866679 加入缓存队列
[2017-01-05 16:20:33.390] [DEBUG] 风行网 - 上海惊现童话般城堡，小孩们玩疯了！
[2017-01-05 16:20:33.392] [DEBUG] 风行网 - 风行 866245 加入缓存队列
[2017-01-05 16:20:34.125] [DEBUG] 风行网 - 上海街头小面馆，身价上亿的CEO都来光顾！
[2017-01-05 16:20:34.125] [DEBUG] 风行网 - 风行 865607 加入缓存队列
[2017-01-05 16:20:34.707] [DEBUG] 风行网 - 阿玛尼很贵吗？杭州60岁烧面阿姨都在随便用？！
[2017-01-05 16:20:34.710] [DEBUG] 风行网 - 风行 865603 加入缓存队列
[2017-01-05 16:20:35.667] [DEBUG] 风行网 - G20之后，杭州又“红”了一把！
[2017-01-05 16:20:35.670] [DEBUG] 风行网 - 风行 866241 加入缓存队列
[2017-01-05 16:20:36.440] [DEBUG] 风行网 - 下海、赌博、坐牢，这个80年代当红歌手人生不一般！
[2017-01-05 16:20:36.440] [DEBUG] 风行网 - 风行 864589 加入缓存队列
[2017-01-05 16:20:37.421] [DEBUG] 风行网 - 神奇！老人晚年不愿去养老院，却喜欢来这里！
[2017-01-05 16:20:37.423] [DEBUG] 风行网 - 风行 864075 加入缓存队列
[2017-01-05 16:20:38.247] [DEBUG] 风行网 - 时尚大叔教你一招搞定美女！
[2017-01-05 16:20:38.249] [DEBUG] 风行网 - 风行 863199 加入缓存队列
[2017-01-05 16:20:39.079] [DEBUG] 风行网 - 一辆小黄车，惊动半个投资圈
[2017-01-05 16:20:39.185] [DEBUG] 风行网 - 风行 863201 加入缓存队列
[2017-01-05 16:20:40.185] [DEBUG] 风行网 - 揭秘上海最火爆栗子店的致富秘籍！
[2017-01-05 16:20:40.187] [DEBUG] 风行网 - 风行 862699 加入缓存队列
[2017-01-05 16:20:40.845] [DEBUG] 风行网 - 95后少女表演欲望强烈，当街热舞看呆路人！
[2017-01-05 16:20:40.849] [DEBUG] 风行网 - 风行 862607 加入缓存队列
[2017-01-05 16:20:43.067] [DEBUG] 风行网 - 德国版papi酱，首揭心酸情史！
[2017-01-05 16:20:43.069] [DEBUG] 风行网 - 风行 861289 加入缓存队列
[2017-01-05 16:20:43.717] [DEBUG] 风行网 - 世界比基尼小姐魔鬼身材背后的心酸！
[2017-01-05 16:20:43.720] [DEBUG] 风行网 - 风行 861371 加入缓存队列
[2017-01-05 16:20:46.335] [DEBUG] 风行网 - 裁缝的最高境界：几十万名牌随便剪！
[2017-01-05 16:20:46.337] [DEBUG] 风行网 - 风行 861465 加入缓存队列
[2017-01-05 16:20:47.698] [DEBUG] 风行网 - 什么才是真正的爱情？看完潸然泪下！
[2017-01-05 16:20:47.701] [DEBUG] 风行网 - 风行 861369 加入缓存队列
[2017-01-05 16:20:48.764] [DEBUG] 风行网 - 最牛警察自制神器拯救了100多人！
[2017-01-05 16:20:48.766] [DEBUG] 风行网 - 风行 861539 加入缓存队列
[2017-01-05 16:20:49.488] [DEBUG] 风行网 - 传奇生煎店火爆30年的秘诀！
[2017-01-05 16:20:49.503] [DEBUG] 风行网 - 风行 861549 加入缓存队列
[2017-01-05 16:20:51.294] [DEBUG] 风行网 - 羽泉：18年，你在我心中依然是最美！
[2017-01-05 16:20:51.299] [DEBUG] 风行网 - 风行 861911 加入缓存队列
[2017-01-05 16:20:52.537] [DEBUG] 风行网 - 一项价值连城的千年绝活！
[2017-01-05 16:20:52.540] [DEBUG] 风行网 - 风行 861989 加入缓存队列
