[2017-01-20 15:29:27.991] [TRACE] 风行网 - DealWith instantiation ...
[2017-01-20 15:29:28.003] [TRACE] 风行网 - spiderCore instantiation ...
[2017-01-20 15:29:28.004] [TRACE] 风行网 - 启动函数
[2017-01-20 15:29:28.036] [DEBUG] 风行网 - 任务信息数据库连接建立...成功
[2017-01-20 15:29:28.038] [DEBUG] 风行网 - 缓存队列数据库连接建立...成功
[2017-01-20 15:29:28.039] [DEBUG] 风行网 - 创建数据库连接完毕
[2017-01-20 15:29:28.792] [DEBUG] 风行网 - 风行 8017512 加入缓存队列
[2017-01-20 15:29:28.873] [DEBUG] 风行网 - 风行 8014609 加入缓存队列
[2017-01-20 15:29:28.985] [INFO] 风行网 - { bid: 608, platform: 34, fans_num: '1044' }
[2017-01-20 15:29:29.084] [DEBUG] 风行网 - 风行用户: 608 back_end
[2017-01-20 15:29:29.168] [DEBUG] 风行网 - 风行 8012401 加入缓存队列
[2017-01-20 15:29:30.433] [DEBUG] 风行网 - 风行 8012319 加入缓存队列
[2017-01-20 15:29:30.520] [DEBUG] 风行网 - 风行 8009731 加入缓存队列
[2017-01-20 15:29:30.613] [DEBUG] 风行网 - 风行 8002765 加入缓存队列
[2017-01-20 15:29:30.700] [DEBUG] 风行网 - 风行 8001168 加入缓存队列
[2017-01-20 15:29:30.788] [DEBUG] 风行网 - 风行 4530532 加入缓存队列
[2017-01-20 15:29:30.877] [DEBUG] 风行网 - 风行 4530503 加入缓存队列
[2017-01-20 15:29:30.968] [DEBUG] 风行网 - 风行 4530466 加入缓存队列
[2017-01-20 15:29:31.047] [DEBUG] 风行网 - 风行 4530446 加入缓存队列
[2017-01-20 15:29:31.755] [DEBUG] 风行网 - 风行 4530173 加入缓存队列
[2017-01-20 15:29:31.846] [DEBUG] 风行网 - 风行 4527929 加入缓存队列
[2017-01-20 15:29:31.941] [DEBUG] 风行网 - 风行 4525123 加入缓存队列
[2017-01-20 15:29:32.033] [DEBUG] 风行网 - 风行 4524100 加入缓存队列
[2017-01-20 15:29:32.117] [DEBUG] 风行网 - 风行 4522972 加入缓存队列
[2017-01-20 15:29:32.195] [DEBUG] 风行网 - 风行 4522265 加入缓存队列
[2017-01-20 15:29:32.283] [DEBUG] 风行网 - 风行 4521929 加入缓存队列
[2017-01-20 15:29:32.374] [DEBUG] 风行网 - 风行 4519749 加入缓存队列
[2017-01-20 15:29:32.462] [DEBUG] 风行网 - 风行 4518379 加入缓存队列
[2017-01-20 15:29:32.561] [DEBUG] 风行网 - 风行 4518233 加入缓存队列
[2017-01-20 15:29:32.862] [DEBUG] 风行网 - 风行 4517663 加入缓存队列
[2017-01-20 15:29:32.939] [DEBUG] 风行网 - 风行 4514764 加入缓存队列
[2017-01-20 15:29:33.023] [DEBUG] 风行网 - 风行 4513492 加入缓存队列
[2017-01-20 15:29:33.132] [DEBUG] 风行网 - 风行 4511483 加入缓存队列
[2017-01-20 15:29:33.217] [DEBUG] 风行网 - 风行 4510125 加入缓存队列
[2017-01-20 15:29:33.300] [DEBUG] 风行网 - 风行 4509617 加入缓存队列
[2017-01-20 15:29:33.606] [DEBUG] 风行网 - 风行 4508886 加入缓存队列
[2017-01-20 15:29:33.697] [DEBUG] 风行网 - 风行 4505000 加入缓存队列
[2017-01-20 15:29:33.790] [DEBUG] 风行网 - 风行 4501313 加入缓存队列
[2017-01-20 15:29:36.872] [DEBUG] 风行网 - 风行 4500266 加入缓存队列
[2017-01-20 15:29:36.956] [DEBUG] 风行网 - 风行 4498458 加入缓存队列
[2017-01-20 15:29:37.050] [DEBUG] 风行网 - 风行 4497680 加入缓存队列
[2017-01-20 15:29:38.207] [DEBUG] 风行网 - 风行 4491887 加入缓存队列
[2017-01-20 15:29:38.286] [DEBUG] 风行网 - 风行 4490522 加入缓存队列
[2017-01-20 15:29:38.371] [DEBUG] 风行网 - 风行 4490327 加入缓存队列
[2017-01-20 15:29:38.457] [DEBUG] 风行网 - 风行 4490324 加入缓存队列
[2017-01-20 15:29:38.536] [DEBUG] 风行网 - 风行 4490304 加入缓存队列
[2017-01-20 15:29:38.620] [DEBUG] 风行网 - 风行 4489270 加入缓存队列
[2017-01-20 15:29:38.713] [DEBUG] 风行网 - 风行 4487569 加入缓存队列
[2017-01-20 15:29:38.793] [DEBUG] 风行网 - 风行 4486287 加入缓存队列
[2017-01-20 15:29:38.883] [DEBUG] 风行网 - 风行 4485583 加入缓存队列
[2017-01-20 15:29:38.977] [DEBUG] 风行网 - 风行 4485379 加入缓存队列
[2017-01-20 15:29:39.066] [DEBUG] 风行网 - 风行 4485321 加入缓存队列
[2017-01-20 15:29:39.158] [DEBUG] 风行网 - 风行 4483291 加入缓存队列
[2017-01-20 15:29:39.246] [DEBUG] 风行网 - 风行 4480990 加入缓存队列
[2017-01-20 15:29:39.322] [DEBUG] 风行网 - 风行 4479277 加入缓存队列
[2017-01-20 15:29:39.410] [DEBUG] 风行网 - 风行 4477810 加入缓存队列
[2017-01-20 15:29:39.500] [DEBUG] 风行网 - 风行 4477240 加入缓存队列
[2017-01-20 15:29:40.686] [DEBUG] 风行网 - 风行 4477021 加入缓存队列
[2017-01-20 15:29:41.016] [DEBUG] 风行网 - 风行 9082163 加入缓存队列
[2017-01-20 15:29:41.319] [DEBUG] 风行网 - 风行 9021039 加入缓存队列
[2017-01-20 15:29:41.396] [DEBUG] 风行网 - 风行 8964715 加入缓存队列
[2017-01-20 15:29:41.481] [DEBUG] 风行网 - 风行 8924411 加入缓存队列
[2017-01-20 15:29:41.564] [DEBUG] 风行网 - 风行 8837429 加入缓存队列
[2017-01-20 15:29:41.651] [DEBUG] 风行网 - 风行 8818471 加入缓存队列
[2017-01-20 15:29:41.942] [DEBUG] 风行网 - 风行 8783725 加入缓存队列
[2017-01-20 15:29:42.033] [DEBUG] 风行网 - 风行 8734015 加入缓存队列
[2017-01-20 15:29:42.122] [DEBUG] 风行网 - 风行 8691047 加入缓存队列
[2017-01-20 15:29:42.195] [DEBUG] 风行网 - 风行 8665873 加入缓存队列
[2017-01-20 15:29:42.280] [DEBUG] 风行网 - 风行 8640481 加入缓存队列
[2017-01-20 15:29:42.363] [DEBUG] 风行网 - 风行 8627345 加入缓存队列
[2017-01-20 15:29:44.027] [DEBUG] 风行网 - 风行 8625073 加入缓存队列
[2017-01-20 15:29:44.134] [DEBUG] 风行网 - 风行 8617787 加入缓存队列
[2017-01-20 15:29:44.212] [DEBUG] 风行网 - 风行 8097371 加入缓存队列
[2017-01-20 15:29:44.294] [DEBUG] 风行网 - 风行 8031087 加入缓存队列
[2017-01-20 15:29:44.377] [DEBUG] 风行网 - 风行 4504387 加入缓存队列
[2017-01-20 15:29:44.469] [DEBUG] 风行网 - 风行 4465152 加入缓存队列
[2017-01-20 15:29:44.752] [DEBUG] 风行网 - 风行 4464878 加入缓存队列
[2017-01-20 15:29:44.837] [DEBUG] 风行网 - 风行 4330112 加入缓存队列
[2017-01-20 15:29:45.131] [DEBUG] 风行网 - 风行 4287927 加入缓存队列
[2017-01-20 15:29:45.221] [DEBUG] 风行网 - 风行 4530173 加入缓存队列
[2017-01-20 15:29:45.300] [DEBUG] 风行网 - 风行 4524100 加入缓存队列
[2017-01-20 15:29:45.379] [DEBUG] 风行网 - 风行 4522265 加入缓存队列
[2017-01-20 15:29:45.449] [DEBUG] 风行网 - 风行 4513492 加入缓存队列
[2017-01-20 15:29:45.540] [DEBUG] 风行网 - 风行 4497680 加入缓存队列
[2017-01-20 15:29:55.127] [ERROR] 风行网 - occur error :  { Error: ESOCKETTIMEDOUT
    at ClientRequest.<anonymous> (D:\AppServ\www\meimiao2\code\node_modules\request\request.js:778:19)
    at ClientRequest.g (events.js:286:16)
    at emitNone (events.js:86:13)
    at ClientRequest.emit (events.js:185:7)
    at Socket.emitTimeout (_http_client.js:593:10)
    at Socket.g (events.js:286:16)
    at emitNone (events.js:86:13)
    at Socket.emit (events.js:185:7)
    at Socket._onTimeout (net.js:333:8)
    at tryOnTimeout (timers.js:224:11) code: 'ESOCKETTIMEDOUT', connect: false }
