[2017-01-22 14:07:25.577] [TRACE] 风行网 - DealWith instantiation ...
[2017-01-22 14:07:25.592] [TRACE] 风行网 - spiderCore instantiation ...
[2017-01-22 14:07:25.592] [TRACE] 风行网 - 启动函数
[2017-01-22 14:07:25.608] [DEBUG] 风行网 - 任务信息数据库连接建立...成功
[2017-01-22 14:07:25.623] [DEBUG] 风行网 - 缓存队列数据库连接建立...成功
[2017-01-22 14:07:25.623] [DEBUG] 风行网 - 创建数据库连接完毕
[2017-01-22 14:07:26.325] [DEBUG] 风行网 - 风行 876171 加入缓存队列
[2017-01-22 14:07:27.636] [DEBUG] 风行网 - 风行 875873 加入缓存队列
[2017-01-22 14:07:28.073] [DEBUG] 风行网 - 风行 875317 加入缓存队列
[2017-01-22 14:07:28.494] [DEBUG] 风行网 - 风行 874919 加入缓存队列
[2017-01-22 14:07:29.135] [DEBUG] 风行网 - 风行 874913 加入缓存队列
[2017-01-22 14:07:29.605] [DEBUG] 风行网 - 风行 874735 加入缓存队列
[2017-01-22 14:07:30.064] [DEBUG] 风行网 - 风行 874661 加入缓存队列
[2017-01-22 14:07:30.533] [DEBUG] 风行网 - 风行 874405 加入缓存队列
[2017-01-22 14:07:31.048] [DEBUG] 风行网 - 风行 874105 加入缓存队列
[2017-01-22 14:07:31.859] [DEBUG] 风行网 - 风行 873881 加入缓存队列
[2017-01-22 14:07:32.639] [DEBUG] 风行网 - 风行 873425 加入缓存队列
[2017-01-22 14:07:33.356] [DEBUG] 风行网 - 风行 873421 加入缓存队列
[2017-01-22 14:07:34.157] [DEBUG] 风行网 - 风行 873273 加入缓存队列
[2017-01-22 14:07:34.931] [DEBUG] 风行网 - 风行 873259 加入缓存队列
[2017-01-22 14:07:35.667] [DEBUG] 风行网 - 风行 872949 加入缓存队列
[2017-01-22 14:07:36.400] [DEBUG] 风行网 - 风行 872555 加入缓存队列
[2017-01-22 14:07:37.118] [DEBUG] 风行网 - 风行 872327 加入缓存队列
[2017-01-22 14:07:37.882] [DEBUG] 风行网 - 风行 872329 加入缓存队列
[2017-01-22 14:07:38.631] [DEBUG] 风行网 - 风行 872099 加入缓存队列
[2017-01-22 14:07:39.344] [DEBUG] 风行网 - 风行 872547 加入缓存队列
[2017-01-22 14:07:40.102] [DEBUG] 风行网 - 风行 871707 加入缓存队列
[2017-01-22 14:07:41.156] [DEBUG] 风行网 - 风行 871581 加入缓存队列
[2017-01-22 14:07:41.951] [DEBUG] 风行网 - 风行 871015 加入缓存队列
[2017-01-22 14:07:42.703] [DEBUG] 风行网 - 风行 870529 加入缓存队列
[2017-01-22 14:07:43.703] [DEBUG] 风行网 - 风行 870523 加入缓存队列
[2017-01-22 14:07:44.439] [DEBUG] 风行网 - 风行 870265 加入缓存队列
[2017-01-22 14:07:45.243] [DEBUG] 风行网 - 风行 870255 加入缓存队列
[2017-01-22 14:07:46.198] [DEBUG] 风行网 - 风行 869859 加入缓存队列
[2017-01-22 14:07:46.916] [DEBUG] 风行网 - 风行 869683 加入缓存队列
[2017-01-22 14:07:47.680] [DEBUG] 风行网 - 风行 869359 加入缓存队列
[2017-01-22 14:07:48.398] [DEBUG] 风行网 - 风行 868867 加入缓存队列
[2017-01-22 14:07:49.211] [DEBUG] 风行网 - 风行 868865 加入缓存队列
[2017-01-22 14:07:49.995] [DEBUG] 风行网 - 风行 868641 加入缓存队列
[2017-01-22 14:07:50.729] [DEBUG] 风行网 - 风行 867977 加入缓存队列
[2017-01-22 14:07:51.696] [DEBUG] 风行网 - 风行 867975 加入缓存队列
[2017-01-22 14:07:53.552] [DEBUG] 风行网 - 风行 867785 加入缓存队列
[2017-01-22 14:07:54.291] [DEBUG] 风行网 - 风行 867249 加入缓存队列
[2017-01-22 14:07:55.062] [DEBUG] 风行网 - 风行 866679 加入缓存队列
[2017-01-22 14:07:55.787] [DEBUG] 风行网 - 风行 866245 加入缓存队列
[2017-01-22 14:07:56.514] [DEBUG] 风行网 - 风行 865607 加入缓存队列
[2017-01-22 14:07:57.450] [DEBUG] 风行网 - 风行 865603 加入缓存队列
[2017-01-22 14:07:58.138] [DEBUG] 风行网 - 风行 866241 加入缓存队列
[2017-01-22 14:07:58.824] [DEBUG] 风行网 - 风行 864589 加入缓存队列
[2017-01-22 14:07:59.965] [DEBUG] 风行网 - 风行 864075 加入缓存队列
[2017-01-22 14:08:00.658] [DEBUG] 风行网 - 风行 863199 加入缓存队列
[2017-01-22 14:08:01.345] [DEBUG] 风行网 - 风行 863201 加入缓存队列
[2017-01-22 14:08:02.047] [DEBUG] 风行网 - 风行 862699 加入缓存队列
[2017-01-22 14:08:02.780] [DEBUG] 风行网 - 风行 862607 加入缓存队列
[2017-01-22 14:08:03.513] [DEBUG] 风行网 - 风行 861289 加入缓存队列
[2017-01-22 14:08:04.254] [DEBUG] 风行网 - 风行 861371 加入缓存队列
[2017-01-22 14:08:05.057] [DEBUG] 风行网 - 风行 861465 加入缓存队列
[2017-01-22 14:08:05.779] [DEBUG] 风行网 - 风行 861369 加入缓存队列
[2017-01-22 14:08:06.481] [DEBUG] 风行网 - 风行 861539 加入缓存队列
[2017-01-22 14:08:07.199] [DEBUG] 风行网 - 风行 861549 加入缓存队列
[2017-01-22 14:08:07.951] [DEBUG] 风行网 - 风行 861911 加入缓存队列
[2017-01-22 14:08:08.684] [DEBUG] 风行网 - 风行 861989 加入缓存队列
[2017-01-22 14:08:09.409] [DEBUG] 风行网 - 风行 862061 加入缓存队列
[2017-01-22 14:08:10.143] [DEBUG] 风行网 - 风行 860563 加入缓存队列
[2017-01-22 14:08:10.893] [DEBUG] 风行网 - 风行 860549 加入缓存队列
[2017-01-22 14:08:11.610] [DEBUG] 风行网 - 风行 859705 加入缓存队列
[2017-01-22 14:08:12.390] [DEBUG] 风行网 - 风行 858629 加入缓存队列
[2017-01-22 14:08:13.147] [DEBUG] 风行网 - 风行 859709 加入缓存队列
[2017-01-22 14:08:13.823] [DEBUG] 风行网 - 风行 859649 加入缓存队列
[2017-01-22 14:08:14.586] [DEBUG] 风行网 - 风行 853347 加入缓存队列
[2017-01-22 14:08:15.382] [DEBUG] 风行网 - 风行 867771 加入缓存队列
[2017-01-22 14:08:16.096] [DEBUG] 风行网 - 风行 867763 加入缓存队列
[2017-01-22 14:08:16.860] [DEBUG] 风行网 - 风行 867245 加入缓存队列
[2017-01-22 14:08:17.549] [DEBUG] 风行网 - 风行 867235 加入缓存队列
[2017-01-22 14:08:18.282] [DEBUG] 风行网 - 风行 866677 加入缓存队列
[2017-01-22 14:08:19.030] [DEBUG] 风行网 - 风行 866235 加入缓存队列
[2017-01-22 14:08:19.805] [DEBUG] 风行网 - 风行 864935 加入缓存队列
[2017-01-22 14:08:20.563] [DEBUG] 风行网 - 风行 864041 加入缓存队列
[2017-01-22 14:08:21.276] [DEBUG] 风行网 - 风行 864065 加入缓存队列
[2017-01-22 14:08:22.040] [DEBUG] 风行网 - 风行 872941 加入缓存队列
[2017-01-22 14:08:22.805] [DEBUG] 风行网 - 风行 872939 加入缓存队列
[2017-01-22 14:08:23.522] [DEBUG] 风行网 - 风行 871705 加入缓存队列
[2017-01-22 14:08:24.235] [DEBUG] 风行网 - 风行 871697 加入缓存队列
[2017-01-22 14:08:25.012] [DEBUG] 风行网 - 风行 871579 加入缓存队列
[2017-01-22 14:08:25.817] [DEBUG] 风行网 - 风行 871569 加入缓存队列
[2017-01-22 14:08:26.504] [DEBUG] 风行网 - 风行 871495 加入缓存队列
[2017-01-22 14:08:27.221] [DEBUG] 风行网 - 风行 871023 加入缓存队列
[2017-01-22 14:08:28.017] [DEBUG] 风行网 - 风行 869841 加入缓存队列
[2017-01-22 14:08:28.750] [DEBUG] 风行网 - 风行 869679 加入缓存队列
[2017-01-22 14:08:29.580] [DEBUG] 风行网 - 风行 869673 加入缓存队列
[2017-01-22 14:08:30.302] [DEBUG] 风行网 - 风行 869349 加入缓存队列
[2017-01-22 14:08:31.060] [DEBUG] 风行网 - 风行 869341 加入缓存队列
[2017-01-22 14:08:32.080] [DEBUG] 风行网 - 风行 868861 加入缓存队列
[2017-01-22 14:08:32.798] [DEBUG] 风行网 - 风行 873805 加入缓存队列
[2017-01-22 14:08:33.547] [DEBUG] 风行网 - 风行 875297 加入缓存队列
[2017-01-22 14:08:35.639] [DEBUG] 风行网 - 风行 874889 加入缓存队列
[2017-01-22 14:08:36.372] [DEBUG] 风行网 - 风行 874401 加入缓存队列
[2017-01-22 14:08:37.355] [DEBUG] 风行网 - 风行 874101 加入缓存队列
[2017-01-22 14:08:38.338] [DEBUG] 风行网 - 风行 874097 加入缓存队列
[2017-01-22 14:08:39.050] [DEBUG] 风行网 - 风行 875869 加入缓存队列
[2017-01-22 14:08:39.819] [DEBUG] 风行网 - 风行 875865 加入缓存队列
[2017-01-22 14:08:40.938] [DEBUG] 风行网 - 风行 876155 加入缓存队列
[2017-01-22 14:08:41.687] [DEBUG] 风行网 - 数据请求完成
[2017-01-22 14:08:41.687] [DEBUG] 风行网 - 97
[2017-01-22 14:08:41.687] [DEBUG] 风行网 - undefined
[2017-01-22 14:08:41.687] [DEBUG] 风行网 - end
[2017-01-22 14:08:41.687] [DEBUG] 风行网 - 风行 876137 加入缓存队列
