[2017-01-05 16:21:38.945] [TRACE] 风行网 - DealWith instantiation ...
[2017-01-05 16:21:38.961] [TRACE] 风行网 - spiderCore instantiation ...
[2017-01-05 16:21:38.961] [TRACE] 风行网 - 启动函数
[2017-01-05 16:21:38.976] [DEBUG] 风行网 - 任务信息数据库连接建立...成功
[2017-01-05 16:21:38.992] [DEBUG] 风行网 - 缓存队列数据库连接建立...成功
[2017-01-05 16:21:38.992] [DEBUG] 风行网 - 创建数据库连接完毕
[2017-01-05 16:21:40.556] [DEBUG] 风行网 - 综艺
[2017-01-05 16:21:40.558] [DEBUG] 风行网 - 4153
[2017-01-05 16:21:40.577] [DEBUG] 风行网 - 风行 872327 加入缓存队列
[2017-01-05 16:21:41.406] [DEBUG] 风行网 - 综艺
[2017-01-05 16:21:41.407] [DEBUG] 风行网 - 3261
[2017-01-05 16:21:41.409] [DEBUG] 风行网 - 风行 872329 加入缓存队列
[2017-01-05 16:21:42.180] [DEBUG] 风行网 - 综艺
[2017-01-05 16:21:42.185] [DEBUG] 风行网 - 5936
[2017-01-05 16:21:42.187] [DEBUG] 风行网 - 风行 872099 加入缓存队列
[2017-01-05 16:21:44.107] [DEBUG] 风行网 - 综艺
[2017-01-05 16:21:44.109] [DEBUG] 风行网 - 6398
[2017-01-05 16:21:44.112] [DEBUG] 风行网 - 风行 871707 加入缓存队列
[2017-01-05 16:21:44.863] [DEBUG] 风行网 - 综艺
[2017-01-05 16:21:44.865] [DEBUG] 风行网 - 6980
[2017-01-05 16:21:44.868] [DEBUG] 风行网 - 风行 871581 加入缓存队列
[2017-01-05 16:21:46.008] [DEBUG] 风行网 - 综艺
[2017-01-05 16:21:46.011] [DEBUG] 风行网 - 4532
[2017-01-05 16:21:46.014] [DEBUG] 风行网 - 风行 871015 加入缓存队列
[2017-01-05 16:21:46.602] [DEBUG] 风行网 - 综艺
[2017-01-05 16:21:46.604] [DEBUG] 风行网 - 4524
[2017-01-05 16:21:46.606] [DEBUG] 风行网 - 风行 870529 加入缓存队列
[2017-01-05 16:21:47.681] [DEBUG] 风行网 - 综艺
[2017-01-05 16:21:47.683] [DEBUG] 风行网 - 6342
[2017-01-05 16:21:47.685] [DEBUG] 风行网 - 风行 870523 加入缓存队列
[2017-01-05 16:21:48.349] [DEBUG] 风行网 - 综艺
[2017-01-05 16:21:48.351] [DEBUG] 风行网 - 4962
[2017-01-05 16:21:48.355] [DEBUG] 风行网 - 风行 870265 加入缓存队列
[2017-01-05 16:21:48.944] [DEBUG] 风行网 - 综艺
[2017-01-05 16:21:48.946] [DEBUG] 风行网 - 6325
[2017-01-05 16:21:48.950] [DEBUG] 风行网 - 风行 870255 加入缓存队列
