[2017-01-05 16:23:03.725] [TRACE] 风行网 - DealWith instantiation ...
[2017-01-05 16:23:03.735] [TRACE] 风行网 - spiderCore instantiation ...
[2017-01-05 16:23:03.736] [TRACE] 风行网 - 启动函数
[2017-01-05 16:23:03.765] [DEBUG] 风行网 - 任务信息数据库连接建立...成功
[2017-01-05 16:23:03.767] [DEBUG] 风行网 - 缓存队列数据库连接建立...成功
[2017-01-05 16:23:03.768] [DEBUG] 风行网 - 创建数据库连接完毕
[2017-01-05 16:23:06.179] [DEBUG] 风行网 - 【陈翔六点半】无法解开的脑残心结！
[2017-01-05 16:23:06.181] [DEBUG] 风行网 - 搞笑
[2017-01-05 16:23:06.185] [DEBUG] 风行网 - 2,083
[2017-01-05 16:23:06.190] [DEBUG] 风行网 - 风行 9088949 加入缓存队列
[2017-01-05 16:23:09.363] [DEBUG] 风行网 - 【陈翔六点半】最火爆的爱情直播间！
[2017-01-05 16:23:09.364] [DEBUG] 风行网 - 搞笑
[2017-01-05 16:23:09.366] [DEBUG] 风行网 - 3,158
[2017-01-05 16:23:09.367] [DEBUG] 风行网 - 风行 9079775 加入缓存队列
[2017-01-05 16:23:10.654] [DEBUG] 风行网 - 【陈翔六点半】致那些欲求不满的孤独症患者
[2017-01-05 16:23:10.656] [DEBUG] 风行网 - 搞笑
[2017-01-05 16:23:10.658] [DEBUG] 风行网 - 2,626
[2017-01-05 16:23:10.660] [DEBUG] 风行网 - 风行 9070521 加入缓存队列
[2017-01-05 16:23:10.784] [DEBUG] 风行网 - 【陈翔六点半】曾经他是王者，现在爹来了
[2017-01-05 16:23:10.787] [DEBUG] 风行网 - 搞笑
[2017-01-05 16:23:10.789] [DEBUG] 风行网 - 2,818
[2017-01-05 16:23:10.792] [DEBUG] 风行网 - 风行 9044851 加入缓存队列
[2017-01-05 16:23:10.901] [DEBUG] 风行网 - 【陈翔六点半】4G卡的秘密
[2017-01-05 16:23:10.903] [DEBUG] 风行网 - 搞笑
[2017-01-05 16:23:10.904] [DEBUG] 风行网 - 1,785
[2017-01-05 16:23:10.908] [DEBUG] 风行网 - 风行 9037763 加入缓存队列
[2017-01-05 16:23:11.026] [DEBUG] 风行网 - 【陈翔六点半】第69期硬汉太硬竟遭医生徒手毙命
[2017-01-05 16:23:11.029] [DEBUG] 风行网 - 综艺片花
[2017-01-05 16:23:11.031] [DEBUG] 风行网 - 383
[2017-01-05 16:23:11.033] [DEBUG] 风行网 - 风行 8827713 加入缓存队列
[2017-01-05 16:23:11.203] [DEBUG] 风行网 - 【陈翔六点半】美女为真爱献身心机手术室！
[2017-01-05 16:23:11.213] [DEBUG] 风行网 - 搞笑
[2017-01-05 16:23:11.218] [DEBUG] 风行网 - 11,750
[2017-01-05 16:23:11.224] [DEBUG] 风行网 - 风行 8835655 加入缓存队列
[2017-01-05 16:23:11.420] [DEBUG] 风行网 - 机会主义的坑蒙岁月#陈翔六点半#
[2017-01-05 16:23:11.421] [DEBUG] 风行网 - 搞笑
[2017-01-05 16:23:11.424] [DEBUG] 风行网 - 7,423
[2017-01-05 16:23:11.427] [DEBUG] 风行网 - 风行 9007971 加入缓存队列
[2017-01-05 16:23:11.587] [DEBUG] 风行网 - 【陈翔六点半】基友深夜撞鬼
[2017-01-05 16:23:11.589] [DEBUG] 风行网 - 搞笑
[2017-01-05 16:23:11.593] [DEBUG] 风行网 - 1,928
[2017-01-05 16:23:11.597] [DEBUG] 风行网 - 风行 8995717 加入缓存队列
[2017-01-05 16:23:11.774] [DEBUG] 风行网 - 公车之狼竟被美女暴虐成狗#陈翔六点半#
[2017-01-05 16:23:11.776] [DEBUG] 风行网 - 搞笑
[2017-01-05 16:23:11.778] [DEBUG] 风行网 - 7,912
[2017-01-05 16:23:11.781] [DEBUG] 风行网 - 风行 8946997 加入缓存队列
[2017-01-05 16:23:11.916] [DEBUG] 风行网 - 犯我智商者，虽傻必诛！#陈翔六点半#
[2017-01-05 16:23:11.919] [DEBUG] 风行网 - 搞笑
[2017-01-05 16:23:11.922] [DEBUG] 风行网 - 2,170
[2017-01-05 16:23:11.924] [DEBUG] 风行网 - 风行 8934771 加入缓存队列
[2017-01-05 16:23:13.145] [DEBUG] 风行网 - 一家三口，悲痛常有#陈翔六点半#
[2017-01-05 16:23:13.180] [DEBUG] 风行网 - 搞笑
[2017-01-05 16:23:13.186] [DEBUG] 风行网 - 1,585
[2017-01-05 16:23:13.190] [DEBUG] 风行网 - 风行 8924425 加入缓存队列
[2017-01-05 16:23:13.310] [DEBUG] 风行网 - 无法打破的人生杯具！#陈翔六点半#
[2017-01-05 16:23:13.312] [DEBUG] 风行网 - 搞笑
[2017-01-05 16:23:13.314] [DEBUG] 风行网 - 1,890
[2017-01-05 16:23:13.317] [DEBUG] 风行网 - 风行 8914909 加入缓存队列
[2017-01-05 16:23:13.437] [DEBUG] 风行网 - 美丽是种病，勾人魂魄要人命！#陈翔六点半#
[2017-01-05 16:23:13.441] [DEBUG] 风行网 - 搞笑
[2017-01-05 16:23:13.446] [DEBUG] 风行网 - 2,125
[2017-01-05 16:23:13.454] [DEBUG] 风行网 - 风行 8905657 加入缓存队列
[2017-01-05 16:23:15.196] [DEBUG] 风行网 - 【陈翔六点半】哥有豪车不怕装
[2017-01-05 16:23:15.197] [DEBUG] 风行网 - 搞笑
[2017-01-05 16:23:15.199] [DEBUG] 风行网 - 1,550
[2017-01-05 16:23:15.202] [DEBUG] 风行网 - 风行 8905627 加入缓存队列
[2017-01-05 16:23:15.309] [DEBUG] 风行网 - 这是一首父爱的小悲歌！#陈翔六点半#
[2017-01-05 16:23:15.310] [DEBUG] 风行网 - 搞笑
[2017-01-05 16:23:15.312] [DEBUG] 风行网 - 1,289
[2017-01-05 16:23:15.314] [DEBUG] 风行网 - 风行 8899841 加入缓存队列
[2017-01-05 16:23:15.419] [DEBUG] 风行网 - 掘地三尺寻智商！#陈翔六点半#
[2017-01-05 16:23:15.421] [DEBUG] 风行网 - 搞笑
[2017-01-05 16:23:15.424] [DEBUG] 风行网 - 1,439
[2017-01-05 16:23:15.427] [DEBUG] 风行网 - 风行 8899833 加入缓存队列
[2017-01-05 16:23:15.520] [DEBUG] 风行网 - 是谁抹杀了少年的纯真#陈翔六点半#
[2017-01-05 16:23:15.523] [DEBUG] 风行网 - 搞笑
[2017-01-05 16:23:15.525] [DEBUG] 风行网 - 1,850
[2017-01-05 16:23:15.528] [DEBUG] 风行网 - 风行 8893537 加入缓存队列
[2017-01-05 16:23:15.889] [DEBUG] 风行网 - 路见不平一声吼，吼完之后全没有#陈翔六点半#
[2017-01-05 16:23:15.892] [DEBUG] 风行网 - 搞笑
[2017-01-05 16:23:15.896] [DEBUG] 风行网 - 2,112
[2017-01-05 16:23:15.903] [DEBUG] 风行网 - 风行 8887459 加入缓存队列
[2017-01-05 16:23:16.007] [DEBUG] 风行网 - 【陈翔六点半】一个智障的穷游攻略！
[2017-01-05 16:23:16.009] [DEBUG] 风行网 - 搞笑
[2017-01-05 16:23:16.011] [DEBUG] 风行网 - 2,612
[2017-01-05 16:23:16.014] [DEBUG] 风行网 - 风行 8869947 加入缓存队列
[2017-01-05 16:23:16.125] [DEBUG] 风行网 - 一场关乎中华文化的审判课！#陈翔六点半#
[2017-01-05 16:23:16.127] [DEBUG] 风行网 - 搞笑
[2017-01-05 16:23:16.129] [DEBUG] 风行网 - 1,589
[2017-01-05 16:23:16.131] [DEBUG] 风行网 - 风行 8855271 加入缓存队列
[2017-01-05 16:23:16.283] [DEBUG] 风行网 - 命运乾坤大挪移#陈翔六点半#
[2017-01-05 16:23:16.286] [DEBUG] 风行网 - 搞笑
[2017-01-05 16:23:16.288] [DEBUG] 风行网 - 2,845
[2017-01-05 16:23:16.291] [DEBUG] 风行网 - 风行 8844977 加入缓存队列
[2017-01-05 16:23:16.406] [DEBUG] 风行网 - 【陈翔六点半】欢迎进入血腥问答课堂
[2017-01-05 16:23:16.408] [DEBUG] 风行网 - 搞笑
[2017-01-05 16:23:16.410] [DEBUG] 风行网 - 3,575
[2017-01-05 16:23:16.413] [DEBUG] 风行网 - 风行 8841279 加入缓存队列
[2017-01-05 16:23:16.509] [DEBUG] 风行网 - 没有恩爱就没有毒害！#陈翔六点半#
[2017-01-05 16:23:16.511] [DEBUG] 风行网 - 搞笑
[2017-01-05 16:23:16.513] [DEBUG] 风行网 - 3,184
[2017-01-05 16:23:16.516] [DEBUG] 风行网 - 风行 8836015 加入缓存队列
[2017-01-05 16:23:16.601] [DEBUG] 风行网 - 【陈翔六点半】药到病除智商全无！
[2017-01-05 16:23:16.603] [DEBUG] 风行网 - 搞笑
[2017-01-05 16:23:16.606] [DEBUG] 风行网 - 13,328
[2017-01-05 16:23:16.608] [DEBUG] 风行网 - 风行 8828227 加入缓存队列
[2017-01-05 16:23:17.787] [DEBUG] 风行网 - 【陈翔六点半】不要对陌生人说话！
[2017-01-05 16:23:17.789] [DEBUG] 风行网 - 搞笑
[2017-01-05 16:23:17.791] [DEBUG] 风行网 - 5,430
[2017-01-05 16:23:17.794] [DEBUG] 风行网 - 风行 8823089 加入缓存队列
[2017-01-05 16:23:19.061] [DEBUG] 风行网 - 【陈翔六点半】震精，与美女的开房糗事
[2017-01-05 16:23:19.063] [DEBUG] 风行网 - 搞笑
[2017-01-05 16:23:19.068] [DEBUG] 风行网 - 12,259
[2017-01-05 16:23:19.071] [DEBUG] 风行网 - 风行 8818373 加入缓存队列
[2017-01-05 16:23:19.182] [DEBUG] 风行网 - 婚姻的先天性缺陷！#陈翔六点半#
[2017-01-05 16:23:19.184] [DEBUG] 风行网 - 搞笑
[2017-01-05 16:23:19.187] [DEBUG] 风行网 - 3,131
[2017-01-05 16:23:19.191] [DEBUG] 风行网 - 风行 8808915 加入缓存队列
[2017-01-05 16:23:19.289] [DEBUG] 风行网 - 人间套路脏，躺着也中枪！@陈翔六点半
[2017-01-05 16:23:19.291] [DEBUG] 风行网 - 搞笑
[2017-01-05 16:23:19.293] [DEBUG] 风行网 - 2,801
[2017-01-05 16:23:19.295] [DEBUG] 风行网 - 风行 8808837 加入缓存队列
[2017-01-05 16:23:20.565] [DEBUG] 风行网 - 循环在生活里的悍匪！#陈翔六点半#
[2017-01-05 16:23:20.567] [DEBUG] 风行网 - 搞笑
[2017-01-05 16:23:20.569] [DEBUG] 风行网 - 2,292
[2017-01-05 16:23:20.572] [DEBUG] 风行网 - 风行 8804227 加入缓存队列
[2017-01-05 16:23:20.697] [DEBUG] 风行网 - 等待大兵无辜的翔#陈翔六点半#
[2017-01-05 16:23:20.699] [DEBUG] 风行网 - 搞笑
[2017-01-05 16:23:20.700] [DEBUG] 风行网 - 3,305
[2017-01-05 16:23:20.703] [DEBUG] 风行网 - 风行 8799271 加入缓存队列
[2017-01-05 16:23:21.244] [DEBUG] 风行网 - 女友三寸不烂之舌，竟让男友着了魔！#陈翔六点半#
[2017-01-05 16:23:21.247] [DEBUG] 风行网 - 搞笑
[2017-01-05 16:23:21.258] [DEBUG] 风行网 - 3,790
[2017-01-05 16:23:21.264] [DEBUG] 风行网 - 风行 8799249 加入缓存队列
[2017-01-05 16:23:25.789] [DEBUG] 风行网 - 当取款机遇到小心机！#陈翔六点半#
[2017-01-05 16:23:25.791] [DEBUG] 风行网 - 搞笑
[2017-01-05 16:23:25.794] [DEBUG] 风行网 - 4,892
[2017-01-05 16:23:25.797] [DEBUG] 风行网 - 风行 8793995 加入缓存队列
[2017-01-05 16:23:25.895] [DEBUG] 风行网 - 拯救二货，罪过罪过#陈翔六点半#
[2017-01-05 16:23:25.897] [DEBUG] 风行网 - 搞笑
[2017-01-05 16:23:25.901] [DEBUG] 风行网 - 3,608
[2017-01-05 16:23:25.904] [DEBUG] 风行网 - 风行 8790615 加入缓存队列
[2017-01-05 16:23:26.049] [DEBUG] 风行网 - 如果硬汉不硬，那就留你小命#陈翔六点半#
[2017-01-05 16:23:26.052] [DEBUG] 风行网 - 搞笑
[2017-01-05 16:23:26.054] [DEBUG] 风行网 - 3,356
[2017-01-05 16:23:26.057] [DEBUG] 风行网 - 风行 8778481 加入缓存队列
[2017-01-05 16:23:26.192] [DEBUG] 风行网 - 没有买卖就没有真爱#陈翔六点半
[2017-01-05 16:23:26.197] [DEBUG] 风行网 - 搞笑
[2017-01-05 16:23:26.201] [DEBUG] 风行网 - 2,425
[2017-01-05 16:23:26.204] [DEBUG] 风行网 - 风行 8774121 加入缓存队列
[2017-01-05 16:23:26.298] [DEBUG] 风行网 - 欢乐学堂，套路为王#陈翔六点半#
[2017-01-05 16:23:26.300] [DEBUG] 风行网 - 搞笑
[2017-01-05 16:23:26.303] [DEBUG] 风行网 - 2,560
[2017-01-05 16:23:26.307] [DEBUG] 风行网 - 风行 8765677 加入缓存队列
[2017-01-05 16:23:26.405] [DEBUG] 风行网 - 不在套路中爆发，就在套路中留下#陈翔六点半#
[2017-01-05 16:23:26.407] [DEBUG] 风行网 - 搞笑
[2017-01-05 16:23:26.409] [DEBUG] 风行网 - 3,978
[2017-01-05 16:23:26.414] [DEBUG] 风行网 - 风行 8765665 加入缓存队列
[2017-01-05 16:23:30.562] [DEBUG] 风行网 - 【陈翔六点半】没想到你是这样的导演
[2017-01-05 16:23:30.566] [DEBUG] 风行网 - 搞笑
[2017-01-05 16:23:30.568] [DEBUG] 风行网 - 3,369
[2017-01-05 16:23:30.571] [DEBUG] 风行网 - 风行 8765531 加入缓存队列
[2017-01-05 16:23:30.694] [DEBUG] 风行网 - 【陈翔六点半】老司机的怒火迷途！
[2017-01-05 16:23:30.696] [DEBUG] 风行网 - 搞笑
[2017-01-05 16:23:30.698] [DEBUG] 风行网 - 2,540
[2017-01-05 16:23:30.701] [DEBUG] 风行网 - 风行 8691065 加入缓存队列
[2017-01-05 16:23:30.851] [DEBUG] 风行网 - 【陈翔六点半】败见岳父大人
[2017-01-05 16:23:30.853] [DEBUG] 风行网 - 搞笑
[2017-01-05 16:23:30.855] [DEBUG] 风行网 - 2,570
[2017-01-05 16:23:30.861] [DEBUG] 风行网 - 风行 8684025 加入缓存队列
[2017-01-05 16:23:30.952] [DEBUG] 风行网 - 【陈翔六点半】大路朝天，低俗只在夫妻间！
[2017-01-05 16:23:30.954] [DEBUG] 风行网 - 搞笑
[2017-01-05 16:23:30.956] [DEBUG] 风行网 - 4,434
[2017-01-05 16:23:30.961] [DEBUG] 风行网 - 风行 8682527 加入缓存队列
[2017-01-05 16:23:31.753] [DEBUG] 风行网 - 夫妻本是同林鸟，老娘让你受不了！#陈翔六点半#
[2017-01-05 16:23:31.755] [DEBUG] 风行网 - 搞笑
[2017-01-05 16:23:31.757] [DEBUG] 风行网 - 8,659
[2017-01-05 16:23:31.760] [DEBUG] 风行网 - 风行 8675649 加入缓存队列
[2017-01-05 16:23:31.889] [DEBUG] 风行网 - 老汉的呆萌新歌声#陈翔六点半#
[2017-01-05 16:23:31.891] [DEBUG] 风行网 - 搞笑
[2017-01-05 16:23:31.892] [DEBUG] 风行网 - 2,393
[2017-01-05 16:23:31.895] [DEBUG] 风行网 - 风行 8675215 加入缓存队列
[2017-01-05 16:23:32.022] [DEBUG] 风行网 - 你和苦难相约酒吧，却被现实踢回家#陈翔六点半#
[2017-01-05 16:23:32.025] [DEBUG] 风行网 - 搞笑
[2017-01-05 16:23:32.027] [DEBUG] 风行网 - 1,843
[2017-01-05 16:23:32.030] [DEBUG] 风行网 - 风行 8670825 加入缓存队列
[2017-01-05 16:23:32.134] [DEBUG] 风行网 - 被偷走的金钱只是因为你命贱！#陈翔六点半#
[2017-01-05 16:23:32.136] [DEBUG] 风行网 - 搞笑
[2017-01-05 16:23:32.139] [DEBUG] 风行网 - 2,154
[2017-01-05 16:23:32.143] [DEBUG] 风行网 - 风行 8666459 加入缓存队列
[2017-01-05 16:23:32.238] [DEBUG] 风行网 - 坐在巷口的那位壮士，别用欲望去把持！#陈翔六点半#
[2017-01-05 16:23:32.240] [DEBUG] 风行网 - 搞笑
[2017-01-05 16:23:32.242] [DEBUG] 风行网 - 3,744
[2017-01-05 16:23:32.245] [DEBUG] 风行网 - 风行 8661659 加入缓存队列
[2017-01-05 16:23:33.679] [DEBUG] 风行网 - 夹住军训的荷尔蒙！#陈翔六点半#
[2017-01-05 16:23:33.681] [DEBUG] 风行网 - 搞笑
[2017-01-05 16:23:33.685] [DEBUG] 风行网 - 2,107
[2017-01-05 16:23:33.690] [DEBUG] 风行网 - 风行 8657151 加入缓存队列
[2017-01-05 16:23:33.815] [DEBUG] 风行网 - 【陈翔六点半】情侣野外激情遭老汉无情打破
[2017-01-05 16:23:33.817] [DEBUG] 风行网 - 搞笑
[2017-01-05 16:23:33.820] [DEBUG] 风行网 - 755
[2017-01-05 16:23:33.822] [DEBUG] 风行网 - 风行 8657061 加入缓存队列
[2017-01-05 16:23:33.925] [DEBUG] 风行网 - 【陈翔六点半】幸福之王的喜剧范儿！
[2017-01-05 16:23:33.927] [DEBUG] 风行网 - 搞笑
[2017-01-05 16:23:33.929] [DEBUG] 风行网 - 1,696
[2017-01-05 16:23:33.932] [DEBUG] 风行网 - 风行 8652961 加入缓存队列
[2017-01-05 16:23:34.322] [DEBUG] 风行网 - 【六点半日记】偷盗记05
[2017-01-05 16:23:34.324] [DEBUG] 风行网 - 搞笑
[2017-01-05 16:23:34.326] [DEBUG] 风行网 - 819
[2017-01-05 16:23:34.329] [DEBUG] 风行网 - 风行 4032044 加入缓存队列
[2017-01-05 16:23:34.683] [DEBUG] 风行网 - 【六点半日记】考试记04
[2017-01-05 16:23:34.685] [DEBUG] 风行网 - 搞笑
[2017-01-05 16:23:34.687] [DEBUG] 风行网 - 1,695
[2017-01-05 16:23:34.690] [DEBUG] 风行网 - 风行 4032051 加入缓存队列
[2017-01-05 16:23:34.781] [DEBUG] 风行网 - 【六点半日记】打劫记03
[2017-01-05 16:23:34.783] [DEBUG] 风行网 - 搞笑
[2017-01-05 16:23:34.785] [DEBUG] 风行网 - 2,338
[2017-01-05 16:23:34.788] [DEBUG] 风行网 - 风行 4031994 加入缓存队列
[2017-01-05 16:23:34.908] [DEBUG] 风行网 - 【六点半日记】告白记02
[2017-01-05 16:23:34.910] [DEBUG] 风行网 - 搞笑
[2017-01-05 16:23:34.912] [DEBUG] 风行网 - 1,133
[2017-01-05 16:23:34.915] [DEBUG] 风行网 - 风行 4032209 加入缓存队列
[2017-01-05 16:23:35.001] [DEBUG] 风行网 - 【六点半日记】越狱记01
[2017-01-05 16:23:35.003] [DEBUG] 风行网 - 搞笑
[2017-01-05 16:23:35.007] [DEBUG] 风行网 - 2,435
[2017-01-05 16:23:35.011] [DEBUG] 风行网 - 风行 4032543 加入缓存队列
[2017-01-05 16:23:35.013] [DEBUG] 风行网 - 视频数据请求完成
[2017-01-05 16:23:35.017] [DEBUG] 风行网 - 55
[2017-01-05 16:23:35.022] [DEBUG] 风行网 - undefined
[2017-01-05 16:23:35.027] [DEBUG] 风行网 - end
