[2017-01-05 15:29:09.783] [TRACE] 第一视频 - DealWith instantiation ...
[2017-01-05 15:29:09.792] [TRACE] 第一视频 - spiderCore instantiation ...
[2017-01-05 15:29:09.794] [TRACE] 第一视频 - 启动函数
[2017-01-05 15:29:09.823] [DEBUG] 第一视频 - 任务信息数据库连接建立...成功
[2017-01-05 15:29:09.825] [DEBUG] 第一视频 - 缓存队列数据库连接建立...成功
[2017-01-05 15:29:09.827] [DEBUG] 第一视频 - 创建数据库连接完毕
[2017-01-05 15:29:11.126] [DEBUG] 第一视频 - 
[2017-01-05 15:29:11.126] [DEBUG] 第一视频 - 0
[2017-01-05 15:29:11.141] [DEBUG] 第一视频 - 第一视频 14462311 加入缓存队列
[2017-01-05 15:29:11.408] [DEBUG] 第一视频 - 用户: 8495305 back_end
[2017-01-05 15:29:12.019] [DEBUG] 第一视频 - 
[2017-01-05 15:29:12.026] [DEBUG] 第一视频 - 0
[2017-01-05 15:29:12.030] [DEBUG] 第一视频 - 第一视频 14459699 加入缓存队列
[2017-01-05 15:29:12.444] [DEBUG] 第一视频 - 
[2017-01-05 15:29:12.450] [DEBUG] 第一视频 - 
[2017-01-05 15:29:12.453] [DEBUG] 第一视频 - 第一视频 14459698 加入缓存队列
[2017-01-05 15:29:12.898] [DEBUG] 第一视频 - 
[2017-01-05 15:29:12.905] [DEBUG] 第一视频 - 
[2017-01-05 15:29:12.908] [DEBUG] 第一视频 - 第一视频 14413558 加入缓存队列
[2017-01-05 15:29:13.253] [DEBUG] 第一视频 - 
[2017-01-05 15:29:13.259] [DEBUG] 第一视频 - 
[2017-01-05 15:29:13.262] [DEBUG] 第一视频 - 第一视频 14413261 加入缓存队列
[2017-01-05 15:29:13.604] [DEBUG] 第一视频 - 
[2017-01-05 15:29:13.611] [DEBUG] 第一视频 - 0
[2017-01-05 15:29:13.614] [DEBUG] 第一视频 - 第一视频 14407493 加入缓存队列
[2017-01-05 15:29:13.726] [DEBUG] 第一视频 - 
[2017-01-05 15:29:13.741] [DEBUG] 第一视频 - 0
[2017-01-05 15:29:13.741] [DEBUG] 第一视频 - 第一视频 14401647 加入缓存队列
[2017-01-05 15:29:13.893] [DEBUG] 第一视频 - 
[2017-01-05 15:29:13.898] [DEBUG] 第一视频 - 0
[2017-01-05 15:29:13.905] [DEBUG] 第一视频 - 第一视频 14398956 加入缓存队列
[2017-01-05 15:29:14.046] [DEBUG] 第一视频 - 
[2017-01-05 15:29:14.051] [DEBUG] 第一视频 - 0
[2017-01-05 15:29:14.228] [DEBUG] 第一视频 - 第一视频 14393801 加入缓存队列
[2017-01-05 15:29:14.760] [DEBUG] 第一视频 - 
[2017-01-05 15:29:14.764] [DEBUG] 第一视频 - 0
[2017-01-05 15:29:14.767] [DEBUG] 第一视频 - 第一视频 14384542 加入缓存队列
[2017-01-05 15:29:15.300] [DEBUG] 第一视频 - 
[2017-01-05 15:29:15.306] [DEBUG] 第一视频 - 
[2017-01-05 15:29:15.312] [DEBUG] 第一视频 - 第一视频 14380786 加入缓存队列
[2017-01-05 15:29:18.703] [DEBUG] 第一视频 - 
[2017-01-05 15:29:18.712] [DEBUG] 第一视频 - 
[2017-01-05 15:29:18.716] [DEBUG] 第一视频 - 第一视频 14380088 加入缓存队列
[2017-01-05 15:29:19.268] [DEBUG] 第一视频 - 
[2017-01-05 15:29:19.272] [DEBUG] 第一视频 - 
[2017-01-05 15:29:19.275] [DEBUG] 第一视频 - 第一视频 14380046 加入缓存队列
[2017-01-05 15:29:19.513] [DEBUG] 第一视频 - 
[2017-01-05 15:29:19.520] [DEBUG] 第一视频 - 
[2017-01-05 15:29:19.523] [DEBUG] 第一视频 - 第一视频 14374972 加入缓存队列
[2017-01-05 15:29:19.696] [DEBUG] 第一视频 - 
[2017-01-05 15:29:19.711] [DEBUG] 第一视频 - 
[2017-01-05 15:29:19.711] [DEBUG] 第一视频 - 第一视频 14374963 加入缓存队列
[2017-01-05 15:29:19.826] [DEBUG] 第一视频 - 
[2017-01-05 15:29:19.830] [DEBUG] 第一视频 - 0
[2017-01-05 15:29:19.870] [DEBUG] 第一视频 - 第一视频 14376446 加入缓存队列
[2017-01-05 15:29:19.978] [DEBUG] 第一视频 - 
[2017-01-05 15:29:19.982] [DEBUG] 第一视频 - 0
[2017-01-05 15:29:20.002] [DEBUG] 第一视频 - 第一视频 14375044 加入缓存队列
[2017-01-05 15:29:20.173] [DEBUG] 第一视频 - 
[2017-01-05 15:29:20.179] [DEBUG] 第一视频 - 
[2017-01-05 15:29:20.589] [DEBUG] 第一视频 - 第一视频 14374971 加入缓存队列
[2017-01-05 15:29:21.131] [DEBUG] 第一视频 - 
[2017-01-05 15:29:21.137] [DEBUG] 第一视频 - 0
[2017-01-05 15:29:21.142] [DEBUG] 第一视频 - 第一视频 14374960 加入缓存队列
[2017-01-05 15:29:21.734] [DEBUG] 第一视频 - 
[2017-01-05 15:29:21.740] [DEBUG] 第一视频 - 
[2017-01-05 15:29:21.745] [DEBUG] 第一视频 - 第一视频 14369709 加入缓存队列
[2017-01-05 15:29:22.333] [DEBUG] 第一视频 - 
[2017-01-05 15:29:22.337] [DEBUG] 第一视频 - 0
[2017-01-05 15:29:22.340] [DEBUG] 第一视频 - 第一视频 14356369 加入缓存队列
[2017-01-05 15:29:23.391] [DEBUG] 第一视频 - 
[2017-01-05 15:29:23.397] [DEBUG] 第一视频 - 0
[2017-01-05 15:29:23.401] [DEBUG] 第一视频 - 第一视频 14352289 加入缓存队列
[2017-01-05 15:29:24.197] [DEBUG] 第一视频 - 
[2017-01-05 15:29:24.202] [DEBUG] 第一视频 - 0
[2017-01-05 15:29:24.206] [DEBUG] 第一视频 - 第一视频 14347781 加入缓存队列
[2017-01-05 15:29:25.474] [DEBUG] 第一视频 - 
[2017-01-05 15:29:25.481] [DEBUG] 第一视频 - 0
[2017-01-05 15:29:25.486] [DEBUG] 第一视频 - 第一视频 14344495 加入缓存队列
[2017-01-05 15:29:25.994] [DEBUG] 第一视频 - 
[2017-01-05 15:29:26.002] [DEBUG] 第一视频 - 0
[2017-01-05 15:29:26.007] [DEBUG] 第一视频 - 第一视频 14339720 加入缓存队列
[2017-01-05 15:29:27.021] [DEBUG] 第一视频 - 
[2017-01-05 15:29:27.026] [DEBUG] 第一视频 - 0
[2017-01-05 15:29:27.028] [DEBUG] 第一视频 - 第一视频 14335023 加入缓存队列
[2017-01-05 15:29:27.578] [DEBUG] 第一视频 - 
[2017-01-05 15:29:27.583] [DEBUG] 第一视频 - 0
[2017-01-05 15:29:27.586] [DEBUG] 第一视频 - 第一视频 14329016 加入缓存队列
[2017-01-05 15:29:28.623] [DEBUG] 第一视频 - 
[2017-01-05 15:29:28.627] [DEBUG] 第一视频 - 0
[2017-01-05 15:29:28.630] [DEBUG] 第一视频 - 第一视频 14324785 加入缓存队列
[2017-01-05 15:29:29.684] [DEBUG] 第一视频 - 
[2017-01-05 15:29:29.691] [DEBUG] 第一视频 - 0
[2017-01-05 15:29:29.696] [DEBUG] 第一视频 - 第一视频 14323546 加入缓存队列
[2017-01-05 15:29:30.730] [DEBUG] 第一视频 - 
[2017-01-05 15:29:30.737] [DEBUG] 第一视频 - 0
[2017-01-05 15:29:30.743] [DEBUG] 第一视频 - 第一视频 14323529 加入缓存队列
[2017-01-05 15:29:31.913] [DEBUG] 第一视频 - 
[2017-01-05 15:29:31.918] [DEBUG] 第一视频 - 0
[2017-01-05 15:29:32.077] [DEBUG] 第一视频 - 第一视频 14323528 加入缓存队列
[2017-01-05 15:29:32.587] [DEBUG] 第一视频 - 
[2017-01-05 15:29:32.602] [DEBUG] 第一视频 - 0
[2017-01-05 15:29:32.602] [DEBUG] 第一视频 - 第一视频 14323553 加入缓存队列
[2017-01-05 15:29:33.647] [DEBUG] 第一视频 - 
[2017-01-05 15:29:33.653] [DEBUG] 第一视频 - 0
[2017-01-05 15:29:33.656] [DEBUG] 第一视频 - 第一视频 14319623 加入缓存队列
[2017-01-05 15:29:34.363] [DEBUG] 第一视频 - 
[2017-01-05 15:29:34.369] [DEBUG] 第一视频 - 0
[2017-01-05 15:29:34.375] [DEBUG] 第一视频 - 第一视频 14318077 加入缓存队列
[2017-01-05 15:29:35.394] [DEBUG] 第一视频 - 
[2017-01-05 15:29:35.399] [DEBUG] 第一视频 - 0
[2017-01-05 15:29:35.403] [DEBUG] 第一视频 - 第一视频 14311622 加入缓存队列
[2017-01-05 15:29:36.504] [DEBUG] 第一视频 - 
                                        吐槽
                                     
                                        原创
                                     
                                        搞笑
                                     
[2017-01-05 15:29:36.510] [DEBUG] 第一视频 - 0
[2017-01-05 15:29:36.512] [DEBUG] 第一视频 - 第一视频 14305779 加入缓存队列
[2017-01-05 15:29:36.983] [DEBUG] 第一视频 - 
[2017-01-05 15:29:36.988] [DEBUG] 第一视频 - 0
[2017-01-05 15:29:36.991] [DEBUG] 第一视频 - 第一视频 14300671 加入缓存队列
[2017-01-05 15:29:38.096] [DEBUG] 第一视频 - 
[2017-01-05 15:29:38.101] [DEBUG] 第一视频 - 0
[2017-01-05 15:29:38.103] [DEBUG] 第一视频 - 第一视频 14299837 加入缓存队列
[2017-01-05 15:29:38.616] [DEBUG] 第一视频 - 
[2017-01-05 15:29:38.624] [DEBUG] 第一视频 - 0
[2017-01-05 15:29:38.627] [DEBUG] 第一视频 - 第一视频 14299827 加入缓存队列
[2017-01-05 15:29:39.757] [DEBUG] 第一视频 - 
[2017-01-05 15:29:39.763] [DEBUG] 第一视频 - 0
[2017-01-05 15:29:39.766] [DEBUG] 第一视频 - 第一视频 14295606 加入缓存队列
[2017-01-05 15:29:40.514] [DEBUG] 第一视频 - 
                                        王者荣耀
                                     
                                        香蕉酱
                                     
                                        香蕉
                                     
                                        搞笑
                                     
[2017-01-05 15:29:40.522] [DEBUG] 第一视频 - 0
[2017-01-05 15:29:40.527] [DEBUG] 第一视频 - 第一视频 14287803 加入缓存队列
[2017-01-05 15:29:41.574] [DEBUG] 第一视频 - 
                                        防狼术
                                     
                                        搞笑
                                     
                                        香蕉
                                     
                                        和颐酒店
                                     
[2017-01-05 15:29:41.581] [DEBUG] 第一视频 - 0
[2017-01-05 15:29:41.602] [DEBUG] 第一视频 - 第一视频 14281932 加入缓存队列
[2017-01-05 15:29:42.394] [DEBUG] 第一视频 - 
[2017-01-05 15:29:42.400] [DEBUG] 第一视频 - 0
[2017-01-05 15:29:42.403] [DEBUG] 第一视频 - 第一视频 14274485 加入缓存队列
[2017-01-05 15:29:43.595] [DEBUG] 第一视频 - 
                                        papi
                                     
                                        台湾话
                                     
                                        方言
                                     
                                        撩妹
                                     
[2017-01-05 15:29:43.609] [DEBUG] 第一视频 - 0
[2017-01-05 15:29:43.613] [DEBUG] 第一视频 - 第一视频 14269119 加入缓存队列
[2017-01-05 15:29:43.616] [DEBUG] 第一视频 - 当前用户数据请求完成
[2017-01-05 15:29:43.618] [DEBUG] 第一视频 - 8495305_result: { vidNum: '视频总量已返回', user: '用户信息已返回', video: '视频信息已返回' }
[2017-01-05 15:29:43.644] [DEBUG] 第一视频 - 35
[2017-01-05 15:29:43.645] [DEBUG] 第一视频 - undefined
[2017-01-05 15:29:43.647] [DEBUG] 第一视频 - end
