[2017-01-05 14:51:21.499] [TRACE] 第一视频 - DealWith instantiation ...
[2017-01-05 14:51:21.529] [TRACE] 第一视频 - spiderCore instantiation ...
[2017-01-05 14:51:21.535] [TRACE] 第一视频 - 启动函数
[2017-01-05 14:51:21.626] [DEBUG] 第一视频 - 任务信息数据库连接建立...成功
[2017-01-05 14:51:21.635] [DEBUG] 第一视频 - 缓存队列数据库连接建立...成功
[2017-01-05 14:51:21.638] [DEBUG] 第一视频 - 创建数据库连接完毕
[2017-01-05 14:51:21.843] [DEBUG] 第一视频 - 用户: 6046584 back_end
[2017-01-05 14:51:22.551] [DEBUG] 第一视频 - http://www.v1.cn/video/v_14463047.jhtml
[2017-01-05 14:51:23.221] [DEBUG] 第一视频 - 
[2017-01-05 14:51:23.235] [DEBUG] 第一视频 - 更北京|与你陪伴，活成自己想要的样子
[2017-01-05 14:51:23.238] [DEBUG] 第一视频 - 51
[2017-01-05 14:51:23.244] [DEBUG] 第一视频 - http://www.v1.cn/video/v_14462714.jhtml
[2017-01-05 14:51:23.251] [DEBUG] 第一视频 - 第一视频 14463047 加入缓存队列
[2017-01-05 14:51:23.744] [DEBUG] 第一视频 - 
[2017-01-05 14:51:23.747] [DEBUG] 第一视频 - 二更丨95后非遗掌门人，北京面人艺术后继有人！
[2017-01-05 14:51:23.749] [DEBUG] 第一视频 - 2578
[2017-01-05 14:51:23.754] [DEBUG] 第一视频 - http://www.v1.cn/video/v_14462038.jhtml
[2017-01-05 14:51:23.762] [DEBUG] 第一视频 - 第一视频 14462714 加入缓存队列
[2017-01-05 14:51:24.163] [DEBUG] 第一视频 - 
[2017-01-05 14:51:24.165] [DEBUG] 第一视频 - 藏在横店的传奇小店，范冰冰杨幂都为它点赞！
[2017-01-05 14:51:24.321] [DEBUG] 第一视频 - 4621
[2017-01-05 14:51:24.328] [DEBUG] 第一视频 - http://www.v1.cn/video/v_14462639.jhtml
[2017-01-05 14:51:24.333] [DEBUG] 第一视频 - 第一视频 14462038 加入缓存队列
