[2017-01-05 17:51:29.334] [TRACE] 第一视频 - DealWith instantiation ...
[2017-01-05 17:51:29.348] [TRACE] 第一视频 - spiderCore instantiation ...
[2017-01-05 17:51:29.351] [TRACE] 第一视频 - 启动函数
[2017-01-05 17:51:29.390] [DEBUG] 第一视频 - 任务信息数据库连接建立...成功
[2017-01-05 17:51:29.394] [DEBUG] 第一视频 - 缓存队列数据库连接建立...成功
[2017-01-05 17:51:29.396] [DEBUG] 第一视频 - 创建数据库连接完毕
[2017-01-05 17:51:29.747] [DEBUG] 第一视频 - 用户: 8495305 back_end
[2017-01-05 17:51:30.487] [DEBUG] 第一视频 - 0
[2017-01-05 17:51:30.492] [DEBUG] 第一视频 - 第一视频 14462311 加入缓存队列
[2017-01-05 17:51:31.397] [DEBUG] 第一视频 - 0
[2017-01-05 17:51:31.402] [DEBUG] 第一视频 - 第一视频 14459699 加入缓存队列
[2017-01-05 17:51:32.862] [DEBUG] 第一视频 - 0
[2017-01-05 17:51:32.864] [DEBUG] 第一视频 - 第一视频 14459698 加入缓存队列
[2017-01-05 17:51:33.390] [DEBUG] 第一视频 - 0
[2017-01-05 17:51:33.393] [DEBUG] 第一视频 - 第一视频 14413558 加入缓存队列
[2017-01-05 17:51:35.659] [DEBUG] 第一视频 - 0
[2017-01-05 17:51:35.661] [DEBUG] 第一视频 - 第一视频 14413261 加入缓存队列
[2017-01-05 17:51:36.080] [DEBUG] 第一视频 - 0
[2017-01-05 17:51:36.090] [DEBUG] 第一视频 - 第一视频 14407493 加入缓存队列
[2017-01-05 17:51:36.465] [DEBUG] 第一视频 - 0
[2017-01-05 17:51:36.467] [DEBUG] 第一视频 - 第一视频 14401647 加入缓存队列
[2017-01-05 17:51:37.337] [DEBUG] 第一视频 - 0
[2017-01-05 17:51:37.339] [DEBUG] 第一视频 - 第一视频 14398956 加入缓存队列
[2017-01-05 17:51:37.610] [DEBUG] 第一视频 - 0
[2017-01-05 17:51:37.610] [DEBUG] 第一视频 - 第一视频 14393801 加入缓存队列
