[2017-01-19 20:11:32.087] [TRACE] 第一视频 - DealWith instantiation ...
[2017-01-19 20:11:32.099] [TRACE] 第一视频 - spiderCore instantiation ...
[2017-01-19 20:11:32.101] [TRACE] 第一视频 - 启动函数
[2017-01-19 20:11:32.142] [DEBUG] 第一视频 - 任务信息数据库连接建立...成功
[2017-01-19 20:11:32.145] [DEBUG] 第一视频 - 缓存队列数据库连接建立...成功
[2017-01-19 20:11:32.148] [DEBUG] 第一视频 - 创建数据库连接完毕
[2017-01-19 20:11:32.467] [INFO] 第一视频 - { platform: 33, bid: 6046584, fans_num: 27 }
[2017-01-19 20:11:32.521] [ERROR] 第一视频 - occur error :  { Error: getaddrinfo ENOTFOUND staging-dev.caihongip.com staging-dev.caihongip.com:80
    at errnoException (dns.js:28:10)
    at GetAddrInfoReqWrap.onlookup [as oncomplete] (dns.js:79:26)
  code: 'ENOTFOUND',
  errno: 'ENOTFOUND',
  syscall: 'getaddrinfo',
  hostname: 'staging-dev.caihongip.com',
  host: 'staging-dev.caihongip.com',
  port: 80 }
[2017-01-19 20:11:32.532] [ERROR] 第一视频 - error url: http://staging-dev.caihongip.com/index.php/Spider/Fans/postFans
[2017-01-19 20:11:41.428] [ERROR] 第一视频 - occur error :  { Error: ETIMEDOUT
    at Timeout._onTimeout (D:\AppServ\www\meimiao2\code\node_modules\request\request.js:813:19)
    at tryOnTimeout (timers.js:224:11)
    at Timer.listOnTimeout (timers.js:198:5) code: 'ETIMEDOUT', connect: true }
[2017-01-19 20:11:41.432] [ERROR] 第一视频 - error url: http://user.v1.cn/openapi/getVideoPraise.json?videoId=14469871&callback=jsonp
[2017-01-19 20:11:41.434] [DEBUG] 第一视频 - 点赞量请求失败
[2017-01-19 20:11:41.443] [DEBUG] 第一视频 - 苏州猪油糕形似披萨，香飘万里！
[2017-01-19 20:11:41.447] [DEBUG] 第一视频 - 第一视频 14469871 加入缓存队列
[2017-01-19 20:11:41.768] [DEBUG] 第一视频 - 更成都|过新年这群人说出了自己的心声，几次让人感动落泪
[2017-01-19 20:11:41.772] [DEBUG] 第一视频 - 第一视频 14469862 加入缓存队列
[2017-01-19 20:11:43.998] [DEBUG] 第一视频 - 更北京|深海料理人
[2017-01-19 20:11:44.002] [DEBUG] 第一视频 - 第一视频 14469840 加入缓存队列
[2017-01-19 20:11:52.016] [ERROR] 第一视频 - occur error :  { Error: ETIMEDOUT
    at Timeout._onTimeout (D:\AppServ\www\meimiao2\code\node_modules\request\request.js:813:19)
    at tryOnTimeout (timers.js:224:11)
    at Timer.listOnTimeout (timers.js:198:5) code: 'ETIMEDOUT', connect: true }
[2017-01-19 20:11:52.020] [ERROR] 第一视频 - error url: http://user.v1.cn/openapi/getVideoPraise.json?videoId=14469417&callback=jsonp
[2017-01-19 20:11:52.022] [DEBUG] 第一视频 - 点赞量请求失败
[2017-01-19 20:11:52.024] [DEBUG] 第一视频 - 二更│打出来的年味：古法打年糕
[2017-01-19 20:11:52.028] [DEBUG] 第一视频 - 第一视频 14469417 加入缓存队列
[2017-01-19 20:11:52.416] [DEBUG] 第一视频 - 更上海｜小杂货铺有几千种老上海经典商品，开了19年全国只一家
[2017-01-19 20:11:52.419] [DEBUG] 第一视频 - 第一视频 14469797 加入缓存队列
[2017-01-19 20:12:00.424] [ERROR] 第一视频 - occur error :  { Error: ETIMEDOUT
    at Timeout._onTimeout (D:\AppServ\www\meimiao2\code\node_modules\request\request.js:813:19)
    at tryOnTimeout (timers.js:224:11)
    at Timer.listOnTimeout (timers.js:198:5) code: 'ETIMEDOUT', connect: true }
[2017-01-19 20:12:00.440] [ERROR] 第一视频 - error url: http://user.v1.cn/openapi/getVideoPraise.json?videoId=14469627&callback=jsonp
[2017-01-19 20:12:00.445] [DEBUG] 第一视频 - 点赞量请求失败
[2017-01-19 20:12:00.448] [DEBUG] 第一视频 - 回家，其实是一次归心之旅
[2017-01-19 20:12:00.451] [DEBUG] 第一视频 - 第一视频 14469627 加入缓存队列
[2017-01-19 20:12:02.018] [DEBUG] 第一视频 - 更成都|让这条活蹦乱跳的鱼，承包你的年夜饭
[2017-01-19 20:12:02.022] [DEBUG] 第一视频 - 第一视频 14469429 加入缓存队列
[2017-01-19 20:12:10.028] [ERROR] 第一视频 - occur error :  { Error: ETIMEDOUT
    at Timeout._onTimeout (D:\AppServ\www\meimiao2\code\node_modules\request\request.js:813:19)
    at tryOnTimeout (timers.js:224:11)
    at Timer.listOnTimeout (timers.js:198:5) code: 'ETIMEDOUT', connect: true }
[2017-01-19 20:12:10.034] [ERROR] 第一视频 - error url: http://user.v1.cn/openapi/getVideoPraise.json?videoId=14469392&callback=jsonp
[2017-01-19 20:12:10.036] [DEBUG] 第一视频 - 点赞量请求失败
[2017-01-19 20:12:10.039] [DEBUG] 第一视频 - 这才是人间天堂，美到窒息！
[2017-01-19 20:12:10.042] [DEBUG] 第一视频 - 第一视频 14469392 加入缓存队列
