[2017-01-19 19:29:12.929] [TRACE] 第一视频 - DealWith instantiation ...
[2017-01-19 19:29:12.949] [TRACE] 第一视频 - spiderCore instantiation ...
[2017-01-19 19:29:12.949] [TRACE] 第一视频 - 启动函数
[2017-01-19 19:29:12.979] [DEBUG] 第一视频 - 任务信息数据库连接建立...成功
[2017-01-19 19:29:12.989] [DEBUG] 第一视频 - 缓存队列数据库连接建立...成功
[2017-01-19 19:29:12.989] [DEBUG] 第一视频 - 创建数据库连接完毕
[2017-01-19 19:29:13.249] [DEBUG] 第一视频 - 当前用户数据请求完成
[2017-01-19 19:29:13.279] [DEBUG] 第一视频 - { platform: 33, bid: 6046601, fans_num: 27 }
[2017-01-19 19:29:13.369] [ERROR] 第一视频 - occur error :  { Error: getaddrinfo ENOTFOUND staging-dev.caihongip.com staging-dev.caihongip.com:80
    at errnoException (dns.js:28:10)
    at GetAddrInfoReqWrap.onlookup [as oncomplete] (dns.js:79:26)
  code: 'ENOTFOUND',
  errno: 'ENOTFOUND',
  syscall: 'getaddrinfo',
  hostname: 'staging-dev.caihongip.com',
  host: 'staging-dev.caihongip.com',
  port: 80 }
[2017-01-19 19:29:13.389] [ERROR] 第一视频 - error url: http://staging-dev.caihongip.com/index.php/Spider/Fans/postFans
[2017-01-19 19:29:21.028] [ERROR] 第一视频 - occur error :  { Error: ETIMEDOUT
    at Timeout._onTimeout (D:\AppServ\www\meimiao2\code\node_modules\request\request.js:813:19)
    at tryOnTimeout (timers.js:224:11)
    at Timer.listOnTimeout (timers.js:198:5) code: 'ETIMEDOUT', connect: true }
[2017-01-19 19:29:21.031] [ERROR] 第一视频 - error url: http://user.v1.cn/his/getAllCountByUserId/6046601.json
[2017-01-19 19:29:21.034] [DEBUG] 第一视频 - 6046601_result: { video: '视频信息已返回', user: '用户信息已返回', vidNum: '视频总量已返回' }
[2017-01-19 19:29:21.037] [DEBUG] 第一视频 - -10
[2017-01-19 19:29:21.039] [DEBUG] 第一视频 - undefined
[2017-01-19 19:29:21.041] [DEBUG] 第一视频 - end
