[2017-01-19 19:31:44.924] [TRACE] 第一视频 - DealWith instantiation ...
[2017-01-19 19:31:44.933] [TRACE] 第一视频 - spiderCore instantiation ...
[2017-01-19 19:31:44.934] [TRACE] 第一视频 - 启动函数
[2017-01-19 19:31:44.963] [DEBUG] 第一视频 - 任务信息数据库连接建立...成功
[2017-01-19 19:31:44.965] [DEBUG] 第一视频 - 缓存队列数据库连接建立...成功
[2017-01-19 19:31:44.966] [DEBUG] 第一视频 - 创建数据库连接完毕
[2017-01-19 19:31:46.374] [INFO] 第一视频 - { platform: 33, bid: 6046584, fans_num: 0 }
[2017-01-19 19:31:46.410] [ERROR] 第一视频 - occur error :  { Error: getaddrinfo ENOTFOUND staging-dev.caihongip.com staging-dev.caihongip.com:80
    at errnoException (dns.js:28:10)
    at GetAddrInfoReqWrap.onlookup [as oncomplete] (dns.js:79:26)
  code: 'ENOTFOUND',
  errno: 'ENOTFOUND',
  syscall: 'getaddrinfo',
  hostname: 'staging-dev.caihongip.com',
  host: 'staging-dev.caihongip.com',
  port: 80 }
[2017-01-19 19:31:46.425] [ERROR] 第一视频 - error url: http://staging-dev.caihongip.com/index.php/Spider/Fans/postFans
[2017-01-19 19:31:53.011] [ERROR] 第一视频 - occur error :  { Error: ETIMEDOUT
    at Timeout._onTimeout (D:\AppServ\www\meimiao2\code\node_modules\request\request.js:813:19)
    at tryOnTimeout (timers.js:224:11)
    at Timer.listOnTimeout (timers.js:198:5) code: 'ETIMEDOUT', connect: true }
[2017-01-19 19:31:53.016] [ERROR] 第一视频 - error url: http://user.v1.cn/his/getAllCountByUserId/6046584.json
[2017-01-19 19:31:53.775] [ERROR] 第一视频 - occur error :  { Error: ETIMEDOUT
    at Timeout._onTimeout (D:\AppServ\www\meimiao2\code\node_modules\request\request.js:813:19)
    at tryOnTimeout (timers.js:224:11)
    at Timer.listOnTimeout (timers.js:198:5) code: 'ETIMEDOUT', connect: true }
[2017-01-19 19:31:53.778] [ERROR] 第一视频 - error url: http://user.v1.cn/openapi/getVideoPraise.json?videoId=14469862&callback=jsonp
[2017-01-19 19:31:53.781] [DEBUG] 第一视频 - 点赞量请求失败
[2017-01-19 19:31:53.792] [DEBUG] 第一视频 - 第一视频 14469862 加入缓存队列
[2017-01-19 19:32:01.801] [ERROR] 第一视频 - occur error :  { Error: ETIMEDOUT
    at Timeout._onTimeout (D:\AppServ\www\meimiao2\code\node_modules\request\request.js:813:19)
    at tryOnTimeout (timers.js:224:11)
    at Timer.listOnTimeout (timers.js:198:5) code: 'ETIMEDOUT', connect: true }
[2017-01-19 19:32:01.808] [ERROR] 第一视频 - error url: http://user.v1.cn/openapi/getVideoPraise.json?videoId=14469840&callback=jsonp
[2017-01-19 19:32:01.814] [DEBUG] 第一视频 - 点赞量请求失败
[2017-01-19 19:32:01.849] [DEBUG] 第一视频 - 第一视频 14469840 加入缓存队列
[2017-01-19 19:32:02.089] [DEBUG] 第一视频 - 第一视频 14469417 加入缓存队列
