[2017-01-05 16:38:29.318] [TRACE] 第一视频 - DealWith instantiation ...
[2017-01-05 16:38:29.334] [TRACE] 第一视频 - spiderCore instantiation ...
[2017-01-05 16:38:29.337] [TRACE] 第一视频 - 启动函数
[2017-01-05 16:38:29.369] [DEBUG] 第一视频 - 任务信息数据库连接建立...成功
[2017-01-05 16:38:29.371] [DEBUG] 第一视频 - 缓存队列数据库连接建立...成功
[2017-01-05 16:38:29.373] [DEBUG] 第一视频 - 创建数据库连接完毕
[2017-01-05 16:38:29.561] [DEBUG] 第一视频 - 40
[2017-01-05 16:38:29.737] [DEBUG] 第一视频 - 用户: 8495305 back_end
[2017-01-05 16:38:34.229] [DEBUG] 第一视频 - 0
[2017-01-05 16:38:34.232] [DEBUG] 第一视频 - 第一视频 14462311 加入缓存队列
[2017-01-05 16:38:35.000] [DEBUG] 第一视频 - 0
[2017-01-05 16:38:35.004] [DEBUG] 第一视频 - 第一视频 14459699 加入缓存队列
[2017-01-05 16:38:36.711] [DEBUG] 第一视频 - 0
[2017-01-05 16:38:36.714] [DEBUG] 第一视频 - 第一视频 14459698 加入缓存队列
[2017-01-05 16:38:37.036] [DEBUG] 第一视频 - 0
[2017-01-05 16:38:37.038] [DEBUG] 第一视频 - 第一视频 14413558 加入缓存队列
[2017-01-05 16:38:38.124] [DEBUG] 第一视频 - 0
[2017-01-05 16:38:38.128] [DEBUG] 第一视频 - 第一视频 14413261 加入缓存队列
[2017-01-05 16:38:38.293] [DEBUG] 第一视频 - 0
[2017-01-05 16:38:38.296] [DEBUG] 第一视频 - 第一视频 14407493 加入缓存队列
[2017-01-05 16:38:41.233] [DEBUG] 第一视频 - 0
[2017-01-05 16:38:41.245] [DEBUG] 第一视频 - 第一视频 14401647 加入缓存队列
[2017-01-05 16:38:41.589] [DEBUG] 第一视频 - 0
[2017-01-05 16:38:41.591] [DEBUG] 第一视频 - 第一视频 14398956 加入缓存队列
[2017-01-05 16:38:42.316] [DEBUG] 第一视频 - 0
[2017-01-05 16:38:42.319] [DEBUG] 第一视频 - 第一视频 14393801 加入缓存队列
[2017-01-05 16:38:43.084] [DEBUG] 第一视频 - 0
[2017-01-05 16:38:43.087] [DEBUG] 第一视频 - 第一视频 14384542 加入缓存队列
[2017-01-05 16:38:43.951] [DEBUG] 第一视频 - 0
[2017-01-05 16:38:43.954] [DEBUG] 第一视频 - 第一视频 14380786 加入缓存队列
[2017-01-05 16:38:44.322] [DEBUG] 第一视频 - 0
[2017-01-05 16:38:44.326] [DEBUG] 第一视频 - 第一视频 14380088 加入缓存队列
[2017-01-05 16:38:44.970] [DEBUG] 第一视频 - 0
[2017-01-05 16:38:44.973] [DEBUG] 第一视频 - 第一视频 14380046 加入缓存队列
[2017-01-05 16:38:47.961] [DEBUG] 第一视频 - 0
[2017-01-05 16:38:47.964] [DEBUG] 第一视频 - 第一视频 14374972 加入缓存队列
[2017-01-05 16:38:48.936] [DEBUG] 第一视频 - 0
[2017-01-05 16:38:48.939] [DEBUG] 第一视频 - 第一视频 14374963 加入缓存队列
[2017-01-05 16:38:49.655] [DEBUG] 第一视频 - 0
[2017-01-05 16:38:49.658] [DEBUG] 第一视频 - 第一视频 14376446 加入缓存队列
[2017-01-05 16:38:50.107] [DEBUG] 第一视频 - 0
[2017-01-05 16:38:50.109] [DEBUG] 第一视频 - 第一视频 14375044 加入缓存队列
[2017-01-05 16:38:51.511] [DEBUG] 第一视频 - 0
[2017-01-05 16:38:51.515] [DEBUG] 第一视频 - 第一视频 14374971 加入缓存队列
[2017-01-05 16:38:52.112] [DEBUG] 第一视频 - 0
[2017-01-05 16:38:52.114] [DEBUG] 第一视频 - 第一视频 14374960 加入缓存队列
[2017-01-05 16:38:52.491] [DEBUG] 第一视频 - 0
[2017-01-05 16:38:52.493] [DEBUG] 第一视频 - 第一视频 14369709 加入缓存队列
[2017-01-05 16:38:53.465] [DEBUG] 第一视频 - 0
[2017-01-05 16:38:53.467] [DEBUG] 第一视频 - 第一视频 14356369 加入缓存队列
[2017-01-05 16:38:54.192] [DEBUG] 第一视频 - 0
[2017-01-05 16:38:54.194] [DEBUG] 第一视频 - 第一视频 14352289 加入缓存队列
[2017-01-05 16:38:55.059] [DEBUG] 第一视频 - 0
[2017-01-05 16:38:55.062] [DEBUG] 第一视频 - 第一视频 14347781 加入缓存队列
[2017-01-05 16:38:55.563] [DEBUG] 第一视频 - 0
[2017-01-05 16:38:55.565] [DEBUG] 第一视频 - 第一视频 14344495 加入缓存队列
[2017-01-05 16:38:58.110] [DEBUG] 第一视频 - 0
[2017-01-05 16:38:58.114] [DEBUG] 第一视频 - 第一视频 14339720 加入缓存队列
[2017-01-05 16:38:58.314] [DEBUG] 第一视频 - 0
[2017-01-05 16:38:58.316] [DEBUG] 第一视频 - 第一视频 14335023 加入缓存队列
[2017-01-05 16:38:59.146] [DEBUG] 第一视频 - 0
[2017-01-05 16:38:59.150] [DEBUG] 第一视频 - 第一视频 14329016 加入缓存队列
[2017-01-05 16:38:59.319] [DEBUG] 第一视频 - 0
[2017-01-05 16:38:59.322] [DEBUG] 第一视频 - 第一视频 14324785 加入缓存队列
[2017-01-05 16:39:00.528] [DEBUG] 第一视频 - 0
[2017-01-05 16:39:00.531] [DEBUG] 第一视频 - 第一视频 14323546 加入缓存队列
[2017-01-05 16:39:00.717] [DEBUG] 第一视频 - 0
[2017-01-05 16:39:00.720] [DEBUG] 第一视频 - 第一视频 14323529 加入缓存队列
[2017-01-05 16:39:01.946] [DEBUG] 第一视频 - 0
[2017-01-05 16:39:01.950] [DEBUG] 第一视频 - 第一视频 14323528 加入缓存队列
[2017-01-05 16:39:02.316] [DEBUG] 第一视频 - 0
[2017-01-05 16:39:02.320] [DEBUG] 第一视频 - 第一视频 14323553 加入缓存队列
[2017-01-05 16:39:03.811] [DEBUG] 第一视频 - 0
[2017-01-05 16:39:03.814] [DEBUG] 第一视频 - 第一视频 14319623 加入缓存队列
[2017-01-05 16:39:04.882] [DEBUG] 第一视频 - 0
[2017-01-05 16:39:04.886] [DEBUG] 第一视频 - 第一视频 14318077 加入缓存队列
[2017-01-05 16:39:05.666] [DEBUG] 第一视频 - 0
[2017-01-05 16:39:05.668] [DEBUG] 第一视频 - 第一视频 14311622 加入缓存队列
[2017-01-05 16:39:05.808] [DEBUG] 第一视频 - 0
[2017-01-05 16:39:05.811] [DEBUG] 第一视频 - 第一视频 14305779 加入缓存队列
[2017-01-05 16:39:06.535] [DEBUG] 第一视频 - 0
[2017-01-05 16:39:06.537] [DEBUG] 第一视频 - 第一视频 14300671 加入缓存队列
[2017-01-05 16:39:07.166] [DEBUG] 第一视频 - 0
[2017-01-05 16:39:07.169] [DEBUG] 第一视频 - 第一视频 14299837 加入缓存队列
[2017-01-05 16:39:07.911] [DEBUG] 第一视频 - 0
[2017-01-05 16:39:07.917] [DEBUG] 第一视频 - 第一视频 14299827 加入缓存队列
[2017-01-05 16:39:09.027] [DEBUG] 第一视频 - 0
[2017-01-05 16:39:09.030] [DEBUG] 第一视频 - 第一视频 14295606 加入缓存队列
[2017-01-05 16:39:09.777] [DEBUG] 第一视频 - 0
[2017-01-05 16:39:09.780] [DEBUG] 第一视频 - 第一视频 14287803 加入缓存队列
[2017-01-05 16:39:09.965] [DEBUG] 第一视频 - 0
[2017-01-05 16:39:09.970] [DEBUG] 第一视频 - 第一视频 14281932 加入缓存队列
[2017-01-05 16:39:12.290] [DEBUG] 第一视频 - 0
[2017-01-05 16:39:15.916] [DEBUG] 第一视频 - 第一视频 14274485 加入缓存队列
[2017-01-05 16:39:16.759] [DEBUG] 第一视频 - 0
[2017-01-05 16:39:16.761] [DEBUG] 第一视频 - 第一视频 14269119 加入缓存队列
[2017-01-05 16:39:16.763] [DEBUG] 第一视频 - 当前用户数据请求完成
[2017-01-05 16:39:16.765] [DEBUG] 第一视频 - 8495305_result: { vidNum: '视频总量已返回', user: '用户信息已返回', video: '视频信息已返回' }
[2017-01-05 16:39:16.788] [DEBUG] 第一视频 - 35
[2017-01-05 16:39:16.790] [DEBUG] 第一视频 - undefined
[2017-01-05 16:39:16.792] [DEBUG] 第一视频 - end
