[2017-01-05 17:36:13.831] [TRACE] 第一视频 - DealWith instantiation ...
[2017-01-05 17:36:13.851] [TRACE] 第一视频 - spiderCore instantiation ...
[2017-01-05 17:36:13.851] [TRACE] 第一视频 - 启动函数
[2017-01-05 17:36:13.881] [DEBUG] 第一视频 - 任务信息数据库连接建立...成功
[2017-01-05 17:36:13.881] [DEBUG] 第一视频 - 缓存队列数据库连接建立...成功
[2017-01-05 17:36:13.881] [DEBUG] 第一视频 - 创建数据库连接完毕
[2017-01-05 17:36:14.642] [DEBUG] 第一视频 - undefined
[2017-01-05 17:36:14.652] [DEBUG] 第一视频 - 第一视频 14462311 加入缓存队列
[2017-01-05 17:36:16.719] [DEBUG] 第一视频 - undefined
[2017-01-05 17:36:16.722] [DEBUG] 第一视频 - 第一视频 14459699 加入缓存队列
[2017-01-05 17:36:17.816] [ERROR] 第一视频 - occur error :  { Error: read ECONNRESET
    at exports._errnoException (util.js:1007:11)
    at TCP.onread (net.js:563:26) code: 'ECONNRESET', errno: 'ECONNRESET', syscall: 'read' }
[2017-01-05 17:36:17.846] [ERROR] 第一视频 - error url: http://user.v1.cn/his/getAllCountByUserId/8495305.json
[2017-01-05 17:36:17.986] [DEBUG] 第一视频 - undefined
[2017-01-05 17:36:17.986] [DEBUG] 第一视频 - 第一视频 14459698 加入缓存队列
[2017-01-05 17:36:18.234] [DEBUG] 第一视频 - undefined
[2017-01-05 17:36:18.234] [DEBUG] 第一视频 - 第一视频 14413558 加入缓存队列
[2017-01-05 17:36:19.586] [DEBUG] 第一视频 - undefined
[2017-01-05 17:36:19.586] [DEBUG] 第一视频 - 第一视频 14413261 加入缓存队列
[2017-01-05 17:36:20.126] [DEBUG] 第一视频 - undefined
[2017-01-05 17:36:20.126] [DEBUG] 第一视频 - 第一视频 14407493 加入缓存队列
[2017-01-05 17:36:20.676] [DEBUG] 第一视频 - undefined
[2017-01-05 17:36:20.676] [DEBUG] 第一视频 - 第一视频 14401647 加入缓存队列
[2017-01-05 17:36:21.056] [DEBUG] 第一视频 - undefined
[2017-01-05 17:36:21.056] [DEBUG] 第一视频 - 第一视频 14398956 加入缓存队列
[2017-01-05 17:36:21.307] [DEBUG] 第一视频 - undefined
[2017-01-05 17:36:21.307] [DEBUG] 第一视频 - 第一视频 14393801 加入缓存队列
[2017-01-05 17:36:21.577] [DEBUG] 第一视频 - undefined
[2017-01-05 17:36:21.580] [DEBUG] 第一视频 - 第一视频 14384542 加入缓存队列
