[2017-01-05 15:32:34.106] [TRACE] 第一视频 - DealWith instantiation ...
[2017-01-05 15:32:34.110] [TRACE] 第一视频 - spiderCore instantiation ...
[2017-01-05 15:32:34.110] [TRACE] 第一视频 - 启动函数
[2017-01-05 15:32:34.141] [DEBUG] 第一视频 - 任务信息数据库连接建立...成功
[2017-01-05 15:32:34.141] [DEBUG] 第一视频 - 缓存队列数据库连接建立...成功
[2017-01-05 15:32:34.141] [DEBUG] 第一视频 - 创建数据库连接完毕
[2017-01-05 15:32:34.476] [DEBUG] 第一视频 - 用户: 6046584 back_end
[2017-01-05 15:32:35.172] [DEBUG] 第一视频 - http://www.v1.cn/video/v_14462714.jhtml
[2017-01-05 15:32:35.767] [DEBUG] 第一视频 - 0
[2017-01-05 15:32:35.771] [DEBUG] 第一视频 - 第一视频 14462714 加入缓存队列
[2017-01-05 15:32:35.773] [DEBUG] 第一视频 - http://www.v1.cn/video/v_14463047.jhtml
[2017-01-05 15:32:36.158] [DEBUG] 第一视频 - 0
[2017-01-05 15:32:36.160] [DEBUG] 第一视频 - 第一视频 14463047 加入缓存队列
[2017-01-05 15:32:36.163] [DEBUG] 第一视频 - http://www.v1.cn/video/v_14462038.jhtml
[2017-01-05 15:32:36.669] [DEBUG] 第一视频 - 0
[2017-01-05 15:32:36.669] [DEBUG] 第一视频 - 第一视频 14462038 加入缓存队列
[2017-01-05 15:32:36.669] [DEBUG] 第一视频 - http://www.v1.cn/video/v_14462639.jhtml
[2017-01-05 15:32:37.084] [DEBUG] 第一视频 - 0
[2017-01-05 15:32:37.087] [DEBUG] 第一视频 - 第一视频 14462639 加入缓存队列
[2017-01-05 15:32:37.090] [DEBUG] 第一视频 - http://www.v1.cn/video/v_14462616.jhtml
[2017-01-05 15:32:37.374] [DEBUG] 第一视频 - 0
[2017-01-05 15:32:37.380] [DEBUG] 第一视频 - 第一视频 14462616 加入缓存队列
[2017-01-05 15:32:37.383] [DEBUG] 第一视频 - http://www.v1.cn/video/v_14462593.jhtml
[2017-01-05 15:32:38.080] [DEBUG] 第一视频 - 0
[2017-01-05 15:32:38.083] [DEBUG] 第一视频 - 第一视频 14462593 加入缓存队列
[2017-01-05 15:32:38.086] [DEBUG] 第一视频 - http://www.v1.cn/video/v_14462567.jhtml
[2017-01-05 15:32:39.147] [DEBUG] 第一视频 - 0
[2017-01-05 15:32:39.151] [DEBUG] 第一视频 - 第一视频 14462567 加入缓存队列
[2017-01-05 15:32:39.155] [DEBUG] 第一视频 - http://www.v1.cn/video/v_14461823.jhtml
[2017-01-05 15:32:39.538] [DEBUG] 第一视频 - 0
[2017-01-05 15:32:39.541] [DEBUG] 第一视频 - 第一视频 14461823 加入缓存队列
[2017-01-05 15:32:39.543] [DEBUG] 第一视频 - http://www.v1.cn/video/v_14462249.jhtml
[2017-01-05 15:32:40.664] [DEBUG] 第一视频 - 0
[2017-01-05 15:32:40.668] [DEBUG] 第一视频 - 第一视频 14462249 加入缓存队列
[2017-01-05 15:32:40.678] [DEBUG] 第一视频 - http://www.v1.cn/video/v_14462101.jhtml
[2017-01-05 15:32:41.083] [DEBUG] 第一视频 - 0
[2017-01-05 15:32:41.087] [DEBUG] 第一视频 - 第一视频 14462101 加入缓存队列
[2017-01-05 15:32:41.263] [DEBUG] 第一视频 - http://www.v1.cn/video/v_14462084.jhtml
[2017-01-05 15:32:41.584] [DEBUG] 第一视频 - 0
[2017-01-05 15:32:41.587] [DEBUG] 第一视频 - 第一视频 14462084 加入缓存队列
[2017-01-05 15:32:41.590] [DEBUG] 第一视频 - http://www.v1.cn/video/v_14462025.jhtml
[2017-01-05 15:32:41.957] [DEBUG] 第一视频 - 0
[2017-01-05 15:32:41.960] [DEBUG] 第一视频 - 第一视频 14462025 加入缓存队列
[2017-01-05 15:32:41.964] [DEBUG] 第一视频 - http://www.v1.cn/video/v_14462021.jhtml
[2017-01-05 15:32:42.596] [DEBUG] 第一视频 - 0
[2017-01-05 15:32:42.598] [DEBUG] 第一视频 - 第一视频 14462021 加入缓存队列
[2017-01-05 15:32:42.606] [DEBUG] 第一视频 - http://www.v1.cn/video/v_14461956.jhtml
[2017-01-05 15:32:42.795] [DEBUG] 第一视频 - 0
[2017-01-05 15:32:42.797] [DEBUG] 第一视频 - 第一视频 14461956 加入缓存队列
[2017-01-05 15:32:42.799] [DEBUG] 第一视频 - http://www.v1.cn/video/v_14461877.jhtml
[2017-01-05 15:32:42.949] [DEBUG] 第一视频 - 0
[2017-01-05 15:32:42.951] [DEBUG] 第一视频 - 第一视频 14461877 加入缓存队列
[2017-01-05 15:32:42.954] [DEBUG] 第一视频 - http://www.v1.cn/video/v_14461626.jhtml
[2017-01-05 15:32:44.146] [DEBUG] 第一视频 - 10
[2017-01-05 15:32:44.149] [DEBUG] 第一视频 - 第一视频 14461626 加入缓存队列
[2017-01-05 15:32:44.152] [DEBUG] 第一视频 - http://www.v1.cn/video/v_14461620.jhtml
[2017-01-05 15:32:44.968] [DEBUG] 第一视频 - 0
[2017-01-05 15:32:44.971] [DEBUG] 第一视频 - 第一视频 14461620 加入缓存队列
[2017-01-05 15:32:44.973] [DEBUG] 第一视频 - http://www.v1.cn/video/v_14461610.jhtml
[2017-01-05 15:32:45.295] [DEBUG] 第一视频 - 0
[2017-01-05 15:32:45.300] [DEBUG] 第一视频 - 第一视频 14461610 加入缓存队列
[2017-01-05 15:32:45.302] [DEBUG] 第一视频 - http://www.v1.cn/video/v_14399808.jhtml
[2017-01-05 15:32:45.460] [DEBUG] 第一视频 - 0
[2017-01-05 15:32:45.463] [DEBUG] 第一视频 - 第一视频 14399808 加入缓存队列
[2017-01-05 15:32:45.466] [DEBUG] 第一视频 - http://www.v1.cn/video/v_14460954.jhtml
[2017-01-05 15:32:46.341] [DEBUG] 第一视频 - 10
[2017-01-05 15:32:46.347] [DEBUG] 第一视频 - 第一视频 14460954 加入缓存队列
[2017-01-05 15:32:46.664] [DEBUG] 第一视频 - http://www.v1.cn/video/v_14460748.jhtml
[2017-01-05 15:32:46.856] [DEBUG] 第一视频 - 0
[2017-01-05 15:32:46.860] [DEBUG] 第一视频 - 第一视频 14460748 加入缓存队列
[2017-01-05 15:32:46.864] [DEBUG] 第一视频 - http://www.v1.cn/video/v_14460505.jhtml
[2017-01-05 15:32:47.041] [DEBUG] 第一视频 - 10
[2017-01-05 15:32:47.044] [DEBUG] 第一视频 - 第一视频 14460505 加入缓存队列
[2017-01-05 15:32:47.047] [DEBUG] 第一视频 - http://www.v1.cn/video/v_14459882.jhtml
[2017-01-05 15:32:47.637] [DEBUG] 第一视频 - 0
[2017-01-05 15:32:47.639] [DEBUG] 第一视频 - 第一视频 14459882 加入缓存队列
[2017-01-05 15:32:47.642] [DEBUG] 第一视频 - http://www.v1.cn/video/v_14460483.jhtml
[2017-01-05 15:32:47.827] [DEBUG] 第一视频 - 10
[2017-01-05 15:32:47.830] [DEBUG] 第一视频 - 第一视频 14460483 加入缓存队列
[2017-01-05 15:32:47.837] [DEBUG] 第一视频 - http://www.v1.cn/video/v_14458968.jhtml
[2017-01-05 15:32:48.474] [DEBUG] 第一视频 - 0
[2017-01-05 15:32:48.477] [DEBUG] 第一视频 - 第一视频 14458968 加入缓存队列
[2017-01-05 15:32:48.480] [DEBUG] 第一视频 - http://www.v1.cn/video/v_14459974.jhtml
[2017-01-05 15:32:49.005] [DEBUG] 第一视频 - 0
[2017-01-05 15:32:49.008] [DEBUG] 第一视频 - 第一视频 14459974 加入缓存队列
[2017-01-05 15:32:49.012] [DEBUG] 第一视频 - http://www.v1.cn/video/v_14459322.jhtml
[2017-01-05 15:32:49.576] [DEBUG] 第一视频 - 10
[2017-01-05 15:32:49.579] [DEBUG] 第一视频 - 第一视频 14459322 加入缓存队列
[2017-01-05 15:32:49.582] [DEBUG] 第一视频 - http://www.v1.cn/video/v_14459907.jhtml
[2017-01-05 15:32:49.777] [DEBUG] 第一视频 - 0
[2017-01-05 15:32:49.781] [DEBUG] 第一视频 - 第一视频 14459907 加入缓存队列
[2017-01-05 15:32:49.788] [DEBUG] 第一视频 - http://www.v1.cn/video/v_14459883.jhtml
[2017-01-05 15:32:51.004] [DEBUG] 第一视频 - 0
[2017-01-05 15:32:51.009] [DEBUG] 第一视频 - 第一视频 14459883 加入缓存队列
[2017-01-05 15:32:51.017] [DEBUG] 第一视频 - http://www.v1.cn/video/v_14459266.jhtml
[2017-01-05 15:32:51.635] [DEBUG] 第一视频 - 10
[2017-01-05 15:32:51.638] [DEBUG] 第一视频 - 第一视频 14459266 加入缓存队列
[2017-01-05 15:32:51.981] [DEBUG] 第一视频 - http://www.v1.cn/video/v_14459621.jhtml
[2017-01-05 15:32:52.247] [DEBUG] 第一视频 - 0
[2017-01-05 15:32:52.251] [DEBUG] 第一视频 - 第一视频 14459621 加入缓存队列
[2017-01-05 15:32:52.256] [DEBUG] 第一视频 - http://www.v1.cn/video/v_14458724.jhtml
[2017-01-05 15:32:52.423] [DEBUG] 第一视频 - 0
[2017-01-05 15:32:52.425] [DEBUG] 第一视频 - 第一视频 14458724 加入缓存队列
[2017-01-05 15:32:52.428] [DEBUG] 第一视频 - http://www.v1.cn/video/v_14459308.jhtml
[2017-01-05 15:32:53.495] [DEBUG] 第一视频 - 10
[2017-01-05 15:32:53.498] [DEBUG] 第一视频 - 第一视频 14459308 加入缓存队列
[2017-01-05 15:32:53.500] [DEBUG] 第一视频 - http://www.v1.cn/video/v_14459307.jhtml
[2017-01-05 15:32:53.796] [DEBUG] 第一视频 - 10
[2017-01-05 15:32:53.799] [DEBUG] 第一视频 - 第一视频 14459307 加入缓存队列
[2017-01-05 15:32:53.801] [DEBUG] 第一视频 - http://www.v1.cn/video/v_14459302.jhtml
[2017-01-05 15:32:54.050] [DEBUG] 第一视频 - 0
[2017-01-05 15:32:54.052] [DEBUG] 第一视频 - 第一视频 14459302 加入缓存队列
[2017-01-05 15:32:54.055] [DEBUG] 第一视频 - http://www.v1.cn/video/v_14459267.jhtml
[2017-01-05 15:32:54.548] [DEBUG] 第一视频 - 0
[2017-01-05 15:32:54.551] [DEBUG] 第一视频 - 第一视频 14459267 加入缓存队列
[2017-01-05 15:32:54.555] [DEBUG] 第一视频 - http://www.v1.cn/video/v_14459255.jhtml
[2017-01-05 15:32:54.704] [DEBUG] 第一视频 - 10
[2017-01-05 15:32:54.707] [DEBUG] 第一视频 - 第一视频 14459255 加入缓存队列
[2017-01-05 15:32:54.710] [DEBUG] 第一视频 - http://www.v1.cn/video/v_14459214.jhtml
[2017-01-05 15:33:01.670] [DEBUG] 第一视频 - 0
[2017-01-05 15:33:01.675] [DEBUG] 第一视频 - 第一视频 14459214 加入缓存队列
[2017-01-05 15:33:01.678] [DEBUG] 第一视频 - http://www.v1.cn/video/v_14458712.jhtml
[2017-01-05 15:33:01.889] [DEBUG] 第一视频 - 0
[2017-01-05 15:33:01.892] [DEBUG] 第一视频 - 第一视频 14458712 加入缓存队列
[2017-01-05 15:33:01.895] [DEBUG] 第一视频 - http://www.v1.cn/video/v_14458643.jhtml
[2017-01-05 15:33:02.507] [DEBUG] 第一视频 - 0
[2017-01-05 15:33:02.510] [DEBUG] 第一视频 - 第一视频 14458643 加入缓存队列
