[2017-01-05 17:53:48.679] [TRACE] 第一视频 - DealWith instantiation ...
[2017-01-05 17:53:48.689] [TRACE] 第一视频 - spiderCore instantiation ...
[2017-01-05 17:53:48.689] [TRACE] 第一视频 - 启动函数
[2017-01-05 17:53:48.719] [DEBUG] 第一视频 - 任务信息数据库连接建立...成功
[2017-01-05 17:53:48.719] [DEBUG] 第一视频 - 缓存队列数据库连接建立...成功
[2017-01-05 17:53:48.719] [DEBUG] 第一视频 - 创建数据库连接完毕
[2017-01-05 17:53:49.171] [DEBUG] 第一视频 - 用户: 8495305 back_end
[2017-01-05 17:53:49.939] [DEBUG] 第一视频 - { code: 0, success: false, msg: '0' }
[2017-01-05 17:53:49.972] [DEBUG] 第一视频 - 0
[2017-01-05 17:53:49.974] [DEBUG] 第一视频 - 第一视频 14462311 加入缓存队列
[2017-01-05 17:53:50.249] [DEBUG] 第一视频 - { code: 0, success: false, msg: '3' }
[2017-01-05 17:53:50.249] [DEBUG] 第一视频 - 3
[2017-01-05 17:53:50.259] [DEBUG] 第一视频 - 第一视频 14459699 加入缓存队列
[2017-01-05 17:53:50.501] [DEBUG] 第一视频 - { code: 0, success: false, msg: '0' }
[2017-01-05 17:53:50.613] [DEBUG] 第一视频 - 0
[2017-01-05 17:53:50.623] [DEBUG] 第一视频 - 第一视频 14459698 加入缓存队列
[2017-01-05 17:53:51.228] [DEBUG] 第一视频 - { code: 0, success: false, msg: '0' }
[2017-01-05 17:53:51.230] [DEBUG] 第一视频 - 0
[2017-01-05 17:53:51.233] [DEBUG] 第一视频 - 第一视频 14413558 加入缓存队列
[2017-01-05 17:53:51.533] [DEBUG] 第一视频 - { code: 0, success: false, msg: '0' }
