[2017-01-05 16:30:13.354] [TRACE] 第一视频 - DealWith instantiation ...
[2017-01-05 16:30:13.363] [TRACE] 第一视频 - spiderCore instantiation ...
[2017-01-05 16:30:13.365] [TRACE] 第一视频 - 启动函数
[2017-01-05 16:30:13.393] [DEBUG] 第一视频 - 任务信息数据库连接建立...成功
[2017-01-05 16:30:13.395] [DEBUG] 第一视频 - 缓存队列数据库连接建立...成功
[2017-01-05 16:30:13.397] [DEBUG] 第一视频 - 创建数据库连接完毕
[2017-01-05 16:30:13.991] [DEBUG] 第一视频 - 0
[2017-01-05 16:30:13.994] [DEBUG] 第一视频 - 第一视频 14462311 加入缓存队列
[2017-01-05 16:30:14.293] [DEBUG] 第一视频 - 0
[2017-01-05 16:30:14.295] [DEBUG] 第一视频 - 第一视频 14459699 加入缓存队列
[2017-01-05 16:30:14.931] [DEBUG] 第一视频 - 0
[2017-01-05 16:30:14.937] [DEBUG] 第一视频 - 第一视频 14459698 加入缓存队列
[2017-01-05 16:30:15.284] [DEBUG] 第一视频 - 0
[2017-01-05 16:30:15.286] [DEBUG] 第一视频 - 第一视频 14413558 加入缓存队列
[2017-01-05 16:30:15.683] [DEBUG] 第一视频 - 0
[2017-01-05 16:30:15.686] [DEBUG] 第一视频 - 第一视频 14413261 加入缓存队列
[2017-01-05 16:30:16.791] [DEBUG] 第一视频 - 用户: 8495305 back_end
[2017-01-05 16:30:17.442] [DEBUG] 第一视频 - 0
[2017-01-05 16:30:17.445] [DEBUG] 第一视频 - 第一视频 14407493 加入缓存队列
[2017-01-05 16:30:18.854] [DEBUG] 第一视频 - 0
[2017-01-05 16:30:18.860] [DEBUG] 第一视频 - 第一视频 14401647 加入缓存队列
[2017-01-05 16:30:19.961] [DEBUG] 第一视频 - 0
[2017-01-05 16:30:19.966] [DEBUG] 第一视频 - 第一视频 14398956 加入缓存队列
[2017-01-05 16:30:21.824] [DEBUG] 第一视频 - 0
[2017-01-05 16:30:21.827] [DEBUG] 第一视频 - 第一视频 14393801 加入缓存队列
[2017-01-05 16:30:23.238] [DEBUG] 第一视频 - 0
[2017-01-05 16:30:23.241] [DEBUG] 第一视频 - 第一视频 14384542 加入缓存队列
[2017-01-05 16:30:25.158] [DEBUG] 第一视频 - 0
[2017-01-05 16:30:25.161] [DEBUG] 第一视频 - 第一视频 14380786 加入缓存队列
[2017-01-05 16:30:31.926] [DEBUG] 第一视频 - 0
[2017-01-05 16:30:31.928] [DEBUG] 第一视频 - 第一视频 14380088 加入缓存队列
[2017-01-05 16:30:32.931] [DEBUG] 第一视频 - 0
[2017-01-05 16:30:32.934] [DEBUG] 第一视频 - 第一视频 14380046 加入缓存队列
[2017-01-05 16:30:33.481] [DEBUG] 第一视频 - 0
[2017-01-05 16:30:33.484] [DEBUG] 第一视频 - 第一视频 14374972 加入缓存队列
[2017-01-05 16:30:33.924] [DEBUG] 第一视频 - 0
[2017-01-05 16:30:33.927] [DEBUG] 第一视频 - 第一视频 14374963 加入缓存队列
[2017-01-05 16:30:35.017] [DEBUG] 第一视频 - 0
[2017-01-05 16:30:35.019] [DEBUG] 第一视频 - 第一视频 14376446 加入缓存队列
[2017-01-05 16:30:36.233] [DEBUG] 第一视频 - 0
[2017-01-05 16:30:36.236] [DEBUG] 第一视频 - 第一视频 14375044 加入缓存队列
[2017-01-05 16:30:36.715] [DEBUG] 第一视频 - 0
[2017-01-05 16:30:36.718] [DEBUG] 第一视频 - 第一视频 14374971 加入缓存队列
[2017-01-05 16:30:37.281] [DEBUG] 第一视频 - 0
[2017-01-05 16:30:37.283] [DEBUG] 第一视频 - 第一视频 14374960 加入缓存队列
[2017-01-05 16:30:37.834] [DEBUG] 第一视频 - 0
[2017-01-05 16:30:37.837] [DEBUG] 第一视频 - 第一视频 14369709 加入缓存队列
[2017-01-05 16:30:39.072] [DEBUG] 第一视频 - 0
[2017-01-05 16:30:48.496] [DEBUG] 第一视频 - 第一视频 14356369 加入缓存队列
[2017-01-05 16:30:48.925] [DEBUG] 第一视频 - 0
[2017-01-05 16:30:48.928] [DEBUG] 第一视频 - 第一视频 14352289 加入缓存队列
[2017-01-05 16:30:50.793] [DEBUG] 第一视频 - 0
[2017-01-05 16:30:50.795] [DEBUG] 第一视频 - 第一视频 14347781 加入缓存队列
[2017-01-05 16:30:53.035] [DEBUG] 第一视频 - 0
[2017-01-05 16:30:53.038] [DEBUG] 第一视频 - 第一视频 14344495 加入缓存队列
[2017-01-05 16:30:54.238] [DEBUG] 第一视频 - 0
[2017-01-05 16:30:54.240] [DEBUG] 第一视频 - 第一视频 14339720 加入缓存队列
[2017-01-05 16:30:54.674] [DEBUG] 第一视频 - 0
[2017-01-05 16:30:54.678] [DEBUG] 第一视频 - 第一视频 14335023 加入缓存队列
[2017-01-05 16:30:56.075] [DEBUG] 第一视频 - 0
[2017-01-05 16:30:56.079] [DEBUG] 第一视频 - 第一视频 14329016 加入缓存队列
[2017-01-05 16:30:57.775] [DEBUG] 第一视频 - 0
[2017-01-05 16:30:57.778] [DEBUG] 第一视频 - 第一视频 14324785 加入缓存队列
[2017-01-05 16:30:59.308] [DEBUG] 第一视频 - 0
[2017-01-05 16:30:59.310] [DEBUG] 第一视频 - 第一视频 14323546 加入缓存队列
[2017-01-05 16:30:59.937] [DEBUG] 第一视频 - 0
[2017-01-05 16:30:59.942] [DEBUG] 第一视频 - 第一视频 14323529 加入缓存队列
[2017-01-05 16:31:01.399] [DEBUG] 第一视频 - 0
[2017-01-05 16:31:01.402] [DEBUG] 第一视频 - 第一视频 14323528 加入缓存队列
[2017-01-05 16:31:02.470] [DEBUG] 第一视频 - 0
[2017-01-05 16:31:02.473] [DEBUG] 第一视频 - 第一视频 14323553 加入缓存队列
[2017-01-05 16:31:02.896] [DEBUG] 第一视频 - 0
[2017-01-05 16:31:02.900] [DEBUG] 第一视频 - 第一视频 14319623 加入缓存队列
[2017-01-05 16:31:04.051] [DEBUG] 第一视频 - 0
[2017-01-05 16:31:04.054] [DEBUG] 第一视频 - 第一视频 14318077 加入缓存队列
[2017-01-05 16:31:04.733] [DEBUG] 第一视频 - 0
[2017-01-05 16:31:04.737] [DEBUG] 第一视频 - 第一视频 14311622 加入缓存队列
[2017-01-05 16:31:06.152] [DEBUG] 第一视频 - 0
[2017-01-05 16:31:21.985] [DEBUG] 第一视频 - 第一视频 14305779 加入缓存队列
[2017-01-05 16:31:23.468] [DEBUG] 第一视频 - 0
[2017-01-05 16:31:23.470] [DEBUG] 第一视频 - 第一视频 14300671 加入缓存队列
[2017-01-05 16:31:24.015] [DEBUG] 第一视频 - 0
[2017-01-05 16:31:24.021] [DEBUG] 第一视频 - 第一视频 14299837 加入缓存队列
[2017-01-05 16:31:24.756] [DEBUG] 第一视频 - 0
[2017-01-05 16:31:24.764] [DEBUG] 第一视频 - 第一视频 14299827 加入缓存队列
[2017-01-05 16:31:25.344] [DEBUG] 第一视频 - 0
[2017-01-05 16:31:25.354] [DEBUG] 第一视频 - 第一视频 14295606 加入缓存队列
[2017-01-05 16:31:26.566] [DEBUG] 第一视频 - 0
[2017-01-05 16:31:26.573] [DEBUG] 第一视频 - 第一视频 14287803 加入缓存队列
[2017-01-05 16:31:27.785] [DEBUG] 第一视频 - 0
[2017-01-05 16:31:30.178] [DEBUG] 第一视频 - 第一视频 14281932 加入缓存队列
[2017-01-05 16:31:30.365] [DEBUG] 第一视频 - 0
[2017-01-05 16:31:30.368] [DEBUG] 第一视频 - 第一视频 14274485 加入缓存队列
[2017-01-05 16:31:30.717] [DEBUG] 第一视频 - 0
[2017-01-05 16:31:30.720] [DEBUG] 第一视频 - 第一视频 14269119 加入缓存队列
[2017-01-05 16:31:30.722] [DEBUG] 第一视频 - 当前用户数据请求完成
[2017-01-05 16:31:30.726] [DEBUG] 第一视频 - 8495305_result: { vidNum: '视频总量已返回', user: '用户信息已返回', video: '视频信息已返回' }
[2017-01-05 16:31:30.752] [DEBUG] 第一视频 - 35
[2017-01-05 16:31:30.754] [DEBUG] 第一视频 - undefined
[2017-01-05 16:31:30.756] [DEBUG] 第一视频 - end
