[2017-01-05 16:41:28.335] [TRACE] 第一视频 - DealWith instantiation ...
[2017-01-05 16:41:28.351] [TRACE] 第一视频 - spiderCore instantiation ...
[2017-01-05 16:41:28.354] [TRACE] 第一视频 - 启动函数
[2017-01-05 16:41:28.394] [DEBUG] 第一视频 - 任务信息数据库连接建立...成功
[2017-01-05 16:41:28.398] [DEBUG] 第一视频 - 缓存队列数据库连接建立...成功
[2017-01-05 16:41:28.401] [DEBUG] 第一视频 - 创建数据库连接完毕
[2017-01-05 16:41:28.776] [DEBUG] 第一视频 - 用户: 8495305 back_end
[2017-01-05 16:41:30.160] [DEBUG] 第一视频 - 0
[2017-01-05 16:41:30.353] [DEBUG] 第一视频 - 第一视频 14462311 加入缓存队列
[2017-01-05 16:41:30.639] [DEBUG] 第一视频 - 0
[2017-01-05 16:41:31.080] [DEBUG] 第一视频 - 第一视频 14459699 加入缓存队列
[2017-01-05 16:41:31.482] [DEBUG] 第一视频 - 
[2017-01-05 16:41:31.486] [DEBUG] 第一视频 - 第一视频 14459698 加入缓存队列
[2017-01-05 16:41:31.775] [DEBUG] 第一视频 - 
[2017-01-05 16:41:31.778] [DEBUG] 第一视频 - 第一视频 14413558 加入缓存队列
[2017-01-05 16:41:32.734] [DEBUG] 第一视频 - 
[2017-01-05 16:41:32.737] [DEBUG] 第一视频 - 第一视频 14413261 加入缓存队列
[2017-01-05 16:41:32.853] [DEBUG] 第一视频 - 0
[2017-01-05 16:41:33.264] [DEBUG] 第一视频 - 第一视频 14407493 加入缓存队列
[2017-01-05 16:41:33.858] [DEBUG] 第一视频 - 0
[2017-01-05 16:41:33.864] [DEBUG] 第一视频 - 第一视频 14401647 加入缓存队列
[2017-01-05 16:41:33.974] [DEBUG] 第一视频 - 0
[2017-01-05 16:41:34.093] [DEBUG] 第一视频 - 第一视频 14398956 加入缓存队列
[2017-01-05 16:41:36.851] [DEBUG] 第一视频 - 0
[2017-01-05 16:41:36.869] [DEBUG] 第一视频 - 第一视频 14393801 加入缓存队列
[2017-01-05 16:41:36.999] [DEBUG] 第一视频 - 0
[2017-01-05 16:41:37.041] [DEBUG] 第一视频 - 第一视频 14384542 加入缓存队列
