[2017-01-19 20:09:05.671] [TRACE] 第一视频 - DealWith instantiation ...
[2017-01-19 20:09:05.684] [TRACE] 第一视频 - spiderCore instantiation ...
[2017-01-19 20:09:05.686] [TRACE] 第一视频 - 启动函数
[2017-01-19 20:09:05.721] [DEBUG] 第一视频 - 任务信息数据库连接建立...成功
[2017-01-19 20:09:05.723] [DEBUG] 第一视频 - 缓存队列数据库连接建立...成功
[2017-01-19 20:09:05.724] [DEBUG] 第一视频 - 创建数据库连接完毕
[2017-01-19 20:09:05.813] [INFO] 第一视频 - { platform: 33, bid: 6046584, fans_num: 27 }
[2017-01-19 20:09:05.882] [ERROR] 第一视频 - occur error :  { Error: getaddrinfo ENOTFOUND staging-dev.caihongip.com staging-dev.caihongip.com:80
    at errnoException (dns.js:28:10)
    at GetAddrInfoReqWrap.onlookup [as oncomplete] (dns.js:79:26)
  code: 'ENOTFOUND',
  errno: 'ENOTFOUND',
  syscall: 'getaddrinfo',
  hostname: 'staging-dev.caihongip.com',
  host: 'staging-dev.caihongip.com',
  port: 80 }
[2017-01-19 20:09:05.893] [ERROR] 第一视频 - error url: http://staging-dev.caihongip.com/index.php/Spider/Fans/postFans
[2017-01-19 20:09:13.757] [ERROR] 第一视频 - occur error :  { Error: ETIMEDOUT
    at Timeout._onTimeout (D:\AppServ\www\meimiao2\code\node_modules\request\request.js:813:19)
    at tryOnTimeout (timers.js:224:11)
    at Timer.listOnTimeout (timers.js:198:5) code: 'ETIMEDOUT', connect: true }
[2017-01-19 20:09:13.761] [ERROR] 第一视频 - error url: http://user.v1.cn/his/getAllCountByUserId/6046601.json
[2017-01-19 20:09:14.352] [ERROR] 第一视频 - occur error :  { Error: ETIMEDOUT
    at Timeout._onTimeout (D:\AppServ\www\meimiao2\code\node_modules\request\request.js:813:19)
    at tryOnTimeout (timers.js:224:11)
    at Timer.listOnTimeout (timers.js:198:5) code: 'ETIMEDOUT', connect: true }
[2017-01-19 20:09:14.355] [ERROR] 第一视频 - error url: http://dynamic.app.m.v1.cn/www/dynamic.php?mod=user&ctl=video&act=get&version=4.5.4&uid=6046584&p=0
[2017-01-19 20:09:14.357] [ERROR] 第一视频 - 列表接口请求错误 :  { Error: ETIMEDOUT
    at Timeout._onTimeout (D:\AppServ\www\meimiao2\code\node_modules\request\request.js:813:19)
    at tryOnTimeout (timers.js:224:11)
    at Timer.listOnTimeout (timers.js:198:5) code: 'ETIMEDOUT', connect: true }
[2017-01-19 20:09:14.362] [DEBUG] 第一视频 - 6046584_result: { user: '用户信息已返回', vidNum: '视频总量已返回', video: '视频信息已返回' }
[2017-01-19 20:09:14.366] [DEBUG] 第一视频 - 1120
[2017-01-19 20:09:14.368] [DEBUG] 第一视频 - undefined
[2017-01-19 20:09:14.370] [DEBUG] 第一视频 - end
