[2017-01-19 19:39:40.563] [TRACE] 第一视频 - DealWith instantiation ...
[2017-01-19 19:39:40.573] [TRACE] 第一视频 - spiderCore instantiation ...
[2017-01-19 19:39:40.573] [TRACE] 第一视频 - 启动函数
[2017-01-19 19:39:40.613] [DEBUG] 第一视频 - 任务信息数据库连接建立...成功
[2017-01-19 19:39:40.613] [DEBUG] 第一视频 - 缓存队列数据库连接建立...成功
[2017-01-19 19:39:40.613] [DEBUG] 第一视频 - 创建数据库连接完毕
[2017-01-19 19:39:40.932] [ERROR] 第一视频 - occur error :  { Error: getaddrinfo ENOTFOUND staging-dev.caihongip.com staging-dev.caihongip.com:80
    at errnoException (dns.js:28:10)
    at GetAddrInfoReqWrap.onlookup [as oncomplete] (dns.js:79:26)
  code: 'ENOTFOUND',
  errno: 'ENOTFOUND',
  syscall: 'getaddrinfo',
  hostname: 'staging-dev.caihongip.com',
  host: 'staging-dev.caihongip.com',
  port: 80 }
[2017-01-19 19:39:40.962] [ERROR] 第一视频 - error url: http://staging-dev.caihongip.com/index.php/Spider/Fans/postFans
[2017-01-19 19:39:49.763] [ERROR] 第一视频 - occur error :  { Error: ESOCKETTIMEDOUT
    at ClientRequest.<anonymous> (D:\AppServ\www\meimiao2\code\node_modules\request\request.js:778:19)
    at ClientRequest.g (events.js:286:16)
    at emitNone (events.js:86:13)
    at ClientRequest.emit (events.js:185:7)
    at Socket.emitTimeout (_http_client.js:593:10)
    at Socket.g (events.js:286:16)
    at emitNone (events.js:86:13)
    at Socket.emit (events.js:185:7)
    at Socket._onTimeout (net.js:333:8)
    at tryOnTimeout (timers.js:224:11) code: 'ESOCKETTIMEDOUT', connect: false }
[2017-01-19 19:39:49.763] [ERROR] 第一视频 - error url: http://static.app.m.v1.cn/www/mod/mob/ctl/videoDetails/act/get/vid/14469871/pcode/010210000/version/4.5.4.mindex.html
[2017-01-19 19:39:49.763] [ERROR] 第一视频 - 单个视频接口请求错误 :  { Error: ESOCKETTIMEDOUT
    at ClientRequest.<anonymous> (D:\AppServ\www\meimiao2\code\node_modules\request\request.js:778:19)
    at ClientRequest.g (events.js:286:16)
    at emitNone (events.js:86:13)
    at ClientRequest.emit (events.js:185:7)
    at Socket.emitTimeout (_http_client.js:593:10)
    at Socket.g (events.js:286:16)
    at emitNone (events.js:86:13)
    at Socket.emit (events.js:185:7)
    at Socket._onTimeout (net.js:333:8)
    at tryOnTimeout (timers.js:224:11) code: 'ESOCKETTIMEDOUT', connect: false }
[2017-01-19 19:39:52.605] [DEBUG] 第一视频 - 苏州猪油糕形似披萨，香飘万里！
[2017-01-19 19:39:52.645] [DEBUG] 第一视频 - 第一视频 14469871 加入缓存队列
[2017-01-19 19:40:00.668] [ERROR] 第一视频 - occur error :  { Error: ETIMEDOUT
    at Timeout._onTimeout (D:\AppServ\www\meimiao2\code\node_modules\request\request.js:813:19)
    at tryOnTimeout (timers.js:224:11)
    at Timer.listOnTimeout (timers.js:198:5) code: 'ETIMEDOUT', connect: true }
[2017-01-19 19:40:00.678] [ERROR] 第一视频 - error url: http://user.v1.cn/openapi/getVideoPraise.json?videoId=14469862&callback=jsonp
[2017-01-19 19:40:00.678] [DEBUG] 第一视频 - 点赞量请求失败
[2017-01-19 19:40:00.688] [DEBUG] 第一视频 - 更成都|过新年这群人说出了自己的心声，几次让人感动落泪
[2017-01-19 19:40:00.720] [DEBUG] 第一视频 - 第一视频 14469862 加入缓存队列
[2017-01-19 19:40:03.636] [DEBUG] 第一视频 - 更北京|深海料理人
[2017-01-19 19:40:03.636] [DEBUG] 第一视频 - 第一视频 14469840 加入缓存队列
[2017-01-19 19:40:11.659] [ERROR] 第一视频 - occur error :  { Error: ETIMEDOUT
    at Timeout._onTimeout (D:\AppServ\www\meimiao2\code\node_modules\request\request.js:813:19)
    at tryOnTimeout (timers.js:224:11)
    at Timer.listOnTimeout (timers.js:198:5) code: 'ETIMEDOUT', connect: true }
[2017-01-19 19:40:11.669] [ERROR] 第一视频 - error url: http://user.v1.cn/openapi/getVideoPraise.json?videoId=14469417&callback=jsonp
[2017-01-19 19:40:11.672] [DEBUG] 第一视频 - 点赞量请求失败
[2017-01-19 19:40:11.676] [DEBUG] 第一视频 - 二更│打出来的年味：古法打年糕
[2017-01-19 19:40:11.680] [DEBUG] 第一视频 - 第一视频 14469417 加入缓存队列
[2017-01-19 19:40:19.699] [ERROR] 第一视频 - occur error :  { Error: ESOCKETTIMEDOUT
    at ClientRequest.<anonymous> (D:\AppServ\www\meimiao2\code\node_modules\request\request.js:778:19)
    at ClientRequest.g (events.js:286:16)
    at emitNone (events.js:86:13)
    at ClientRequest.emit (events.js:185:7)
    at Socket.emitTimeout (_http_client.js:593:10)
    at Socket.g (events.js:286:16)
    at emitNone (events.js:86:13)
    at Socket.emit (events.js:185:7)
    at Socket._onTimeout (net.js:333:8)
    at tryOnTimeout (timers.js:224:11) code: 'ESOCKETTIMEDOUT', connect: false }
[2017-01-19 19:40:19.705] [ERROR] 第一视频 - error url: http://static.app.m.v1.cn/www/mod/mob/ctl/videoDetails/act/get/vid/14469797/pcode/010210000/version/4.5.4.mindex.html
[2017-01-19 19:40:19.710] [ERROR] 第一视频 - 单个视频接口请求错误 :  { Error: ESOCKETTIMEDOUT
    at ClientRequest.<anonymous> (D:\AppServ\www\meimiao2\code\node_modules\request\request.js:778:19)
    at ClientRequest.g (events.js:286:16)
    at emitNone (events.js:86:13)
    at ClientRequest.emit (events.js:185:7)
    at Socket.emitTimeout (_http_client.js:593:10)
    at Socket.g (events.js:286:16)
    at emitNone (events.js:86:13)
    at Socket.emit (events.js:185:7)
    at Socket._onTimeout (net.js:333:8)
    at tryOnTimeout (timers.js:224:11) code: 'ESOCKETTIMEDOUT', connect: false }
[2017-01-19 19:40:21.992] [DEBUG] 第一视频 - 更上海｜小杂货铺有几千种老上海经典商品，开了19年全国只一家
[2017-01-19 19:40:21.992] [DEBUG] 第一视频 - 第一视频 14469797 加入缓存队列
[2017-01-19 19:40:22.348] [DEBUG] 第一视频 - 回家，其实是一次归心之旅
[2017-01-19 19:40:22.358] [DEBUG] 第一视频 - 第一视频 14469627 加入缓存队列
[2017-01-19 19:40:30.432] [ERROR] 第一视频 - occur error :  { Error: ESOCKETTIMEDOUT
    at ClientRequest.<anonymous> (D:\AppServ\www\meimiao2\code\node_modules\request\request.js:778:19)
    at ClientRequest.g (events.js:286:16)
    at emitNone (events.js:86:13)
    at ClientRequest.emit (events.js:185:7)
    at Socket.emitTimeout (_http_client.js:593:10)
    at Socket.g (events.js:286:16)
    at emitNone (events.js:86:13)
    at Socket.emit (events.js:185:7)
    at Socket._onTimeout (net.js:333:8)
    at tryOnTimeout (timers.js:224:11) code: 'ESOCKETTIMEDOUT', connect: false }
[2017-01-19 19:40:48.765] [ERROR] 第一视频 - error url: http://static.app.m.v1.cn/www/mod/mob/ctl/videoDetails/act/get/vid/14469429/pcode/010210000/version/4.5.4.mindex.html
[2017-01-19 19:40:48.775] [ERROR] 第一视频 - 单个视频接口请求错误 :  { Error: ESOCKETTIMEDOUT
    at ClientRequest.<anonymous> (D:\AppServ\www\meimiao2\code\node_modules\request\request.js:778:19)
    at ClientRequest.g (events.js:286:16)
    at emitNone (events.js:86:13)
    at ClientRequest.emit (events.js:185:7)
    at Socket.emitTimeout (_http_client.js:593:10)
    at Socket.g (events.js:286:16)
    at emitNone (events.js:86:13)
    at Socket.emit (events.js:185:7)
    at Socket._onTimeout (net.js:333:8)
    at tryOnTimeout (timers.js:224:11) code: 'ESOCKETTIMEDOUT', connect: false }
[2017-01-19 19:40:48.983] [DEBUG] 第一视频 - 更成都|让这条活蹦乱跳的鱼，承包你的年夜饭
[2017-01-19 19:40:49.003] [DEBUG] 第一视频 - 第一视频 14469429 加入缓存队列
[2017-01-19 19:40:52.971] [DEBUG] 第一视频 - 这才是人间天堂，美到窒息！
[2017-01-19 19:40:52.974] [DEBUG] 第一视频 - 第一视频 14469392 加入缓存队列
[2017-01-19 19:40:53.935] [DEBUG] 第一视频 - 更上海｜这个“青春饭”职业，67岁花甲爷爷做得正欢还拿了奖
[2017-01-19 19:40:53.939] [DEBUG] 第一视频 - 第一视频 14469382 加入缓存队列
[2017-01-19 19:40:56.364] [DEBUG] 第一视频 - 梦想可以信马由缰，但执着并非与生俱来。
[2017-01-19 19:40:56.364] [DEBUG] 第一视频 - 第一视频 14469361 加入缓存队列
[2017-01-19 19:40:57.874] [DEBUG] 第一视频 - 更上海｜上海老建筑的神奇客厅，穿越去感受林徽因陆小曼的风韵
[2017-01-19 19:41:01.934] [DEBUG] 第一视频 - 第一视频 14469308 加入缓存队列
[2017-01-19 19:41:02.842] [DEBUG] 第一视频 - 老北京最地道涮羊肉，他说第二没人敢称第一
[2017-01-19 19:41:02.842] [DEBUG] 第一视频 - 第一视频 14469290 加入缓存队列
