[2017-01-05 17:52:49.534] [TRACE] 第一视频 - DealWith instantiation ...
[2017-01-05 17:52:49.544] [TRACE] 第一视频 - spiderCore instantiation ...
[2017-01-05 17:52:49.546] [TRACE] 第一视频 - 启动函数
[2017-01-05 17:52:49.573] [DEBUG] 第一视频 - 任务信息数据库连接建立...成功
[2017-01-05 17:52:49.573] [DEBUG] 第一视频 - 缓存队列数据库连接建立...成功
[2017-01-05 17:52:49.573] [DEBUG] 第一视频 - 创建数据库连接完毕
[2017-01-05 17:52:49.937] [DEBUG] 第一视频 - 用户: 8495305 back_end
[2017-01-05 17:52:50.076] [DEBUG] 第一视频 - object
[2017-01-05 17:52:50.159] [DEBUG] 第一视频 - undefined
[2017-01-05 17:52:50.163] [DEBUG] 第一视频 - 第一视频 14462311 加入缓存队列
[2017-01-05 17:52:50.404] [DEBUG] 第一视频 - object
[2017-01-05 17:52:50.771] [DEBUG] 第一视频 - undefined
[2017-01-05 17:52:50.774] [DEBUG] 第一视频 - 第一视频 14459699 加入缓存队列
[2017-01-05 17:52:51.026] [DEBUG] 第一视频 - object
[2017-01-05 17:52:51.208] [DEBUG] 第一视频 - undefined
[2017-01-05 17:52:51.208] [DEBUG] 第一视频 - 第一视频 14459698 加入缓存队列
[2017-01-05 17:52:51.461] [DEBUG] 第一视频 - object
[2017-01-05 17:52:52.334] [DEBUG] 第一视频 - undefined
[2017-01-05 17:52:52.336] [DEBUG] 第一视频 - 第一视频 14413558 加入缓存队列
[2017-01-05 17:52:52.582] [DEBUG] 第一视频 - object
