[2017-01-19 19:43:34.829] [TRACE] 第一视频 - DealWith instantiation ...
[2017-01-19 19:43:34.839] [TRACE] 第一视频 - spiderCore instantiation ...
[2017-01-19 19:43:34.839] [TRACE] 第一视频 - 启动函数
[2017-01-19 19:43:34.868] [DEBUG] 第一视频 - 任务信息数据库连接建立...成功
[2017-01-19 19:43:34.868] [DEBUG] 第一视频 - 缓存队列数据库连接建立...成功
[2017-01-19 19:43:34.878] [DEBUG] 第一视频 - 创建数据库连接完毕
[2017-01-19 19:43:34.988] [ERROR] 第一视频 - occur error :  { Error: getaddrinfo ENOTFOUND staging-dev.caihongip.com staging-dev.caihongip.com:80
    at errnoException (dns.js:28:10)
    at GetAddrInfoReqWrap.onlookup [as oncomplete] (dns.js:79:26)
  code: 'ENOTFOUND',
  errno: 'ENOTFOUND',
  syscall: 'getaddrinfo',
  hostname: 'staging-dev.caihongip.com',
  host: 'staging-dev.caihongip.com',
  port: 80 }
[2017-01-19 19:43:35.023] [ERROR] 第一视频 - error url: http://staging-dev.caihongip.com/index.php/Spider/Fans/postFans
[2017-01-19 19:43:35.214] [DEBUG] 第一视频 - 当前用户数据请求完成
[2017-01-19 19:43:35.216] [DEBUG] 第一视频 - 6046601_result: { vidNum: '视频总量已返回', user: '用户信息已返回', video: '视频信息已返回' }
[2017-01-19 19:43:35.219] [DEBUG] 第一视频 - -10
[2017-01-19 19:43:35.221] [DEBUG] 第一视频 - undefined
[2017-01-19 19:43:35.223] [DEBUG] 第一视频 - end
