[2017-01-05 15:00:21.746] [TRACE] 第一视频 - DealWith instantiation ...
[2017-01-05 15:00:21.759] [TRACE] 第一视频 - spiderCore instantiation ...
[2017-01-05 15:00:21.761] [TRACE] 第一视频 - 启动函数
[2017-01-05 15:00:21.802] [DEBUG] 第一视频 - 任务信息数据库连接建立...成功
[2017-01-05 15:00:21.805] [DEBUG] 第一视频 - 缓存队列数据库连接建立...成功
[2017-01-05 15:00:21.807] [DEBUG] 第一视频 - 创建数据库连接完毕
[2017-01-05 15:00:22.022] [DEBUG] 第一视频 - 用户: 8495305 back_end
[2017-01-05 15:00:22.283] [DEBUG] 第一视频 - http://www.v1.cn/video/v_14462311.jhtml
[2017-01-05 15:00:23.646] [DEBUG] 第一视频 - 
[2017-01-05 15:00:23.655] [DEBUG] 第一视频 - 香蕉酱27期改后.flv
[2017-01-05 15:00:23.700] [DEBUG] 第一视频 - 385
[2017-01-05 15:00:23.706] [DEBUG] 第一视频 - http://www.v1.cn/video/v_14459699.jhtml
[2017-01-05 15:00:23.721] [DEBUG] 第一视频 - 第一视频 14462311 加入缓存队列
[2017-01-05 15:00:24.916] [DEBUG] 第一视频 - 
[2017-01-05 15:00:24.918] [DEBUG] 第一视频 - 男人的两大幻想：当英雄和姑娘共同存在的世界里...
[2017-01-05 15:00:24.920] [DEBUG] 第一视频 - 362
[2017-01-05 15:00:24.922] [DEBUG] 第一视频 - http://www.v1.cn/video/v_14459698.jhtml
[2017-01-05 15:00:24.937] [DEBUG] 第一视频 - 第一视频 14459699 加入缓存队列
[2017-01-05 15:00:25.422] [DEBUG] 第一视频 - 
[2017-01-05 15:00:25.424] [DEBUG] 第一视频 - 男人的两大幻想：当英雄和姑娘共同存在的世界里...
[2017-01-05 15:00:25.426] [DEBUG] 第一视频 - 281
[2017-01-05 15:00:25.430] [DEBUG] 第一视频 - http://www.v1.cn/video/v_14413558.jhtml
[2017-01-05 15:00:25.434] [DEBUG] 第一视频 - 第一视频 14459698 加入缓存队列
