[2017-01-05 15:17:31.910] [TRACE] 第一视频 - DealWith instantiation ...
[2017-01-05 15:17:31.923] [TRACE] 第一视频 - spiderCore instantiation ...
[2017-01-05 15:17:31.925] [TRACE] 第一视频 - 启动函数
[2017-01-05 15:17:31.963] [DEBUG] 第一视频 - 任务信息数据库连接建立...成功
[2017-01-05 15:17:31.966] [DEBUG] 第一视频 - 缓存队列数据库连接建立...成功
[2017-01-05 15:17:31.968] [DEBUG] 第一视频 - 创建数据库连接完毕
[2017-01-05 15:17:32.326] [DEBUG] 第一视频 - 用户: 8495305 back_end
[2017-01-05 15:17:34.611] [DEBUG] 第一视频 - 
[2017-01-05 15:17:34.617] [DEBUG] 第一视频 - 0
[2017-01-05 15:17:34.625] [DEBUG] 第一视频 - 第一视频 14462311 加入缓存队列
[2017-01-05 15:17:36.037] [DEBUG] 第一视频 - 
[2017-01-05 15:17:36.042] [DEBUG] 第一视频 - 0
[2017-01-05 15:17:36.053] [DEBUG] 第一视频 - 第一视频 14459699 加入缓存队列
[2017-01-05 15:17:36.259] [DEBUG] 第一视频 - 
[2017-01-05 15:17:36.268] [DEBUG] 第一视频 - 
[2017-01-05 15:17:36.274] [DEBUG] 第一视频 - 第一视频 14459698 加入缓存队列
[2017-01-05 15:17:36.744] [DEBUG] 第一视频 - 
[2017-01-05 15:17:36.751] [DEBUG] 第一视频 - 
[2017-01-05 15:17:38.033] [DEBUG] 第一视频 - 第一视频 14413558 加入缓存队列
[2017-01-05 15:17:38.249] [DEBUG] 第一视频 - 
[2017-01-05 15:17:38.256] [DEBUG] 第一视频 - 
[2017-01-05 15:17:38.322] [DEBUG] 第一视频 - 第一视频 14413261 加入缓存队列
[2017-01-05 15:17:39.445] [DEBUG] 第一视频 - 
[2017-01-05 15:17:39.452] [DEBUG] 第一视频 - 0
[2017-01-05 15:17:39.455] [DEBUG] 第一视频 - 第一视频 14407493 加入缓存队列
[2017-01-05 15:17:40.544] [DEBUG] 第一视频 - 
[2017-01-05 15:17:40.560] [DEBUG] 第一视频 - 0
[2017-01-05 15:17:40.560] [DEBUG] 第一视频 - 第一视频 14401647 加入缓存队列
[2017-01-05 15:17:42.041] [DEBUG] 第一视频 - 
[2017-01-05 15:17:42.045] [DEBUG] 第一视频 - 0
[2017-01-05 15:17:42.049] [DEBUG] 第一视频 - 第一视频 14398956 加入缓存队列
[2017-01-05 15:17:43.135] [DEBUG] 第一视频 - 
[2017-01-05 15:17:43.140] [DEBUG] 第一视频 - 0
[2017-01-05 15:17:43.143] [DEBUG] 第一视频 - 第一视频 14393801 加入缓存队列
[2017-01-05 15:17:44.235] [DEBUG] 第一视频 - 
[2017-01-05 15:17:44.235] [DEBUG] 第一视频 - 0
[2017-01-05 15:17:44.266] [DEBUG] 第一视频 - 第一视频 14384542 加入缓存队列
[2017-01-05 15:17:44.827] [DEBUG] 第一视频 - 
[2017-01-05 15:17:44.834] [DEBUG] 第一视频 - 
[2017-01-05 15:17:44.837] [DEBUG] 第一视频 - 第一视频 14380786 加入缓存队列
[2017-01-05 15:17:45.163] [DEBUG] 第一视频 - 
[2017-01-05 15:17:45.170] [DEBUG] 第一视频 - 
[2017-01-05 15:17:45.357] [DEBUG] 第一视频 - 第一视频 14380088 加入缓存队列
[2017-01-05 15:17:46.575] [DEBUG] 第一视频 - 
[2017-01-05 15:17:46.581] [DEBUG] 第一视频 - 0
[2017-01-05 15:17:46.584] [DEBUG] 第一视频 - 第一视频 14380046 加入缓存队列
[2017-01-05 15:17:47.107] [DEBUG] 第一视频 - 
[2017-01-05 15:17:47.115] [DEBUG] 第一视频 - 
[2017-01-05 15:17:47.117] [DEBUG] 第一视频 - 第一视频 14374972 加入缓存队列
[2017-01-05 15:17:47.418] [DEBUG] 第一视频 - 
[2017-01-05 15:17:47.427] [DEBUG] 第一视频 - 
[2017-01-05 15:17:47.429] [DEBUG] 第一视频 - 第一视频 14374963 加入缓存队列
[2017-01-05 15:17:48.568] [DEBUG] 第一视频 - 
[2017-01-05 15:17:48.572] [DEBUG] 第一视频 - 0
[2017-01-05 15:17:48.576] [DEBUG] 第一视频 - 第一视频 14376446 加入缓存队列
[2017-01-05 15:17:49.637] [DEBUG] 第一视频 - 
[2017-01-05 15:17:49.643] [DEBUG] 第一视频 - 0
[2017-01-05 15:17:49.647] [DEBUG] 第一视频 - 第一视频 14375044 加入缓存队列
[2017-01-05 15:17:49.926] [DEBUG] 第一视频 - 
[2017-01-05 15:17:49.932] [DEBUG] 第一视频 - 
[2017-01-05 15:17:49.936] [DEBUG] 第一视频 - 第一视频 14374971 加入缓存队列
[2017-01-05 15:17:51.085] [DEBUG] 第一视频 - 
