[2017-01-05 16:41:53.135] [TRACE] 第一视频 - DealWith instantiation ...
[2017-01-05 16:41:53.145] [TRACE] 第一视频 - spiderCore instantiation ...
[2017-01-05 16:41:53.147] [TRACE] 第一视频 - 启动函数
[2017-01-05 16:41:53.186] [DEBUG] 第一视频 - 任务信息数据库连接建立...成功
[2017-01-05 16:41:53.188] [DEBUG] 第一视频 - 缓存队列数据库连接建立...成功
[2017-01-05 16:41:53.189] [DEBUG] 第一视频 - 创建数据库连接完毕
[2017-01-05 16:41:53.534] [DEBUG] 第一视频 - 用户: 8495305 back_end
[2017-01-05 16:41:54.973] [DEBUG] 第一视频 - http://www.v1.cn/video/v_14462311.jhtml
[2017-01-05 16:41:55.267] [DEBUG] 第一视频 - 0
[2017-01-05 16:41:55.275] [DEBUG] 第一视频 - 第一视频 14462311 加入缓存队列
[2017-01-05 16:41:55.277] [DEBUG] 第一视频 - http://www.v1.cn/video/v_14459699.jhtml
[2017-01-05 16:41:55.414] [DEBUG] 第一视频 - 0
[2017-01-05 16:41:55.538] [DEBUG] 第一视频 - 第一视频 14459699 加入缓存队列
[2017-01-05 16:41:55.540] [DEBUG] 第一视频 - http://www.v1.cn/video/v_14459698.jhtml
[2017-01-05 16:41:56.499] [DEBUG] 第一视频 - 
[2017-01-05 16:41:56.507] [DEBUG] 第一视频 - 第一视频 14459698 加入缓存队列
[2017-01-05 16:41:56.510] [DEBUG] 第一视频 - http://www.v1.cn/video/v_14413558.jhtml
[2017-01-05 16:41:57.494] [DEBUG] 第一视频 - 
[2017-01-05 16:41:57.497] [DEBUG] 第一视频 - 第一视频 14413558 加入缓存队列
[2017-01-05 16:41:57.502] [DEBUG] 第一视频 - http://www.v1.cn/video/v_14413261.jhtml
