[2017-01-05 17:47:35.372] [TRACE] 第一视频 - DealWith instantiation ...
[2017-01-05 17:47:35.385] [TRACE] 第一视频 - spiderCore instantiation ...
[2017-01-05 17:47:35.386] [TRACE] 第一视频 - 启动函数
[2017-01-05 17:47:35.416] [DEBUG] 第一视频 - 任务信息数据库连接建立...成功
[2017-01-05 17:47:35.421] [DEBUG] 第一视频 - 缓存队列数据库连接建立...成功
[2017-01-05 17:47:35.424] [DEBUG] 第一视频 - 创建数据库连接完毕
[2017-01-05 17:47:36.085] [DEBUG] 第一视频 - 0
[2017-01-05 17:47:36.105] [DEBUG] 第一视频 - 第一视频 14462311 加入缓存队列
[2017-01-05 17:47:36.156] [DEBUG] 第一视频 - 用户: 8495305 back_end
[2017-01-05 17:47:37.077] [DEBUG] 第一视频 - 3
[2017-01-05 17:47:37.081] [DEBUG] 第一视频 - 第一视频 14459699 加入缓存队列
[2017-01-05 17:47:38.076] [DEBUG] 第一视频 - 0
[2017-01-05 17:47:38.076] [DEBUG] 第一视频 - 第一视频 14459698 加入缓存队列
[2017-01-05 17:47:39.076] [DEBUG] 第一视频 - 0
[2017-01-05 17:47:39.076] [DEBUG] 第一视频 - 第一视频 14413558 加入缓存队列
[2017-01-05 17:47:39.379] [DEBUG] 第一视频 - 0
[2017-01-05 17:47:39.721] [DEBUG] 第一视频 - 第一视频 14413261 加入缓存队列
[2017-01-05 17:47:40.374] [DEBUG] 第一视频 - 4
[2017-01-05 17:47:40.377] [DEBUG] 第一视频 - 第一视频 14407493 加入缓存队列
[2017-01-05 17:47:40.606] [DEBUG] 第一视频 - 0
[2017-01-05 17:47:41.496] [DEBUG] 第一视频 - 第一视频 14401647 加入缓存队列
[2017-01-05 17:47:41.738] [DEBUG] 第一视频 - 1
[2017-01-05 17:47:41.741] [DEBUG] 第一视频 - 第一视频 14398956 加入缓存队列
[2017-01-05 17:47:43.171] [DEBUG] 第一视频 - 2
[2017-01-05 17:47:43.181] [DEBUG] 第一视频 - 第一视频 14393801 加入缓存队列
[2017-01-05 17:47:43.445] [DEBUG] 第一视频 - 0
[2017-01-05 17:47:43.447] [DEBUG] 第一视频 - 第一视频 14384542 加入缓存队列
[2017-01-05 17:47:43.772] [DEBUG] 第一视频 - 0
[2017-01-05 17:47:45.531] [DEBUG] 第一视频 - 第一视频 14380786 加入缓存队列
[2017-01-05 17:47:45.787] [DEBUG] 第一视频 - 0
[2017-01-05 17:47:47.521] [DEBUG] 第一视频 - 第一视频 14380088 加入缓存队列
[2017-01-05 17:47:47.779] [DEBUG] 第一视频 - 0
[2017-01-05 17:47:48.008] [DEBUG] 第一视频 - 第一视频 14380046 加入缓存队列
[2017-01-05 17:47:48.251] [DEBUG] 第一视频 - 0
