[2017-01-05 15:16:32.886] [TRACE] 第一视频 - DealWith instantiation ...
[2017-01-05 15:16:32.895] [TRACE] 第一视频 - spiderCore instantiation ...
[2017-01-05 15:16:32.897] [TRACE] 第一视频 - 启动函数
[2017-01-05 15:16:32.924] [DEBUG] 第一视频 - 任务信息数据库连接建立...成功
[2017-01-05 15:16:32.926] [DEBUG] 第一视频 - 缓存队列数据库连接建立...成功
[2017-01-05 15:16:32.928] [DEBUG] 第一视频 - 创建数据库连接完毕
[2017-01-05 15:16:33.413] [DEBUG] 第一视频 - 0
[2017-01-05 15:16:33.414] [DEBUG] 第一视频 - 
[2017-01-05 15:16:33.557] [DEBUG] 第一视频 - 第一视频 14462311 加入缓存队列
[2017-01-05 15:16:34.050] [DEBUG] 第一视频 - 0
[2017-01-05 15:16:34.053] [DEBUG] 第一视频 - 
[2017-01-05 15:16:34.062] [DEBUG] 第一视频 - 用户: 8495305 back_end
[2017-01-05 15:16:34.065] [DEBUG] 第一视频 - 第一视频 14459699 加入缓存队列
[2017-01-05 15:16:35.454] [DEBUG] 第一视频 - 
[2017-01-05 15:16:35.456] [DEBUG] 第一视频 - 
[2017-01-05 15:16:35.459] [DEBUG] 第一视频 - 第一视频 14459698 加入缓存队列
[2017-01-05 15:16:35.908] [DEBUG] 第一视频 - 
[2017-01-05 15:16:35.908] [DEBUG] 第一视频 - 
[2017-01-05 15:16:35.908] [DEBUG] 第一视频 - 第一视频 14413558 加入缓存队列
[2017-01-05 15:16:36.394] [DEBUG] 第一视频 - 
[2017-01-05 15:16:36.397] [DEBUG] 第一视频 - 
[2017-01-05 15:16:36.405] [DEBUG] 第一视频 - 第一视频 14413261 加入缓存队列
[2017-01-05 15:16:36.648] [ERROR] 第一视频 - 请求状态有误: 500
