[2017-01-05 17:46:49.566] [TRACE] 第一视频 - DealWith instantiation ...
[2017-01-05 17:46:49.576] [TRACE] 第一视频 - spiderCore instantiation ...
[2017-01-05 17:46:49.576] [TRACE] 第一视频 - 启动函数
[2017-01-05 17:46:49.606] [DEBUG] 第一视频 - 任务信息数据库连接建立...成功
[2017-01-05 17:46:49.606] [DEBUG] 第一视频 - 缓存队列数据库连接建立...成功
[2017-01-05 17:46:49.606] [DEBUG] 第一视频 - 创建数据库连接完毕
[2017-01-05 17:46:49.940] [DEBUG] 第一视频 - 用户: 8495305 back_end
[2017-01-05 17:46:51.368] [DEBUG] 第一视频 - jsonp({"code":0,"success":false,"msg":"0"})

[2017-01-05 17:46:51.372] [DEBUG] 第一视频 - { code: 0, success: false, msg: '0' }
[2017-01-05 17:46:51.828] [DEBUG] 第一视频 - 第一视频 14462311 加入缓存队列
[2017-01-05 17:46:52.115] [DEBUG] 第一视频 - jsonp({"code":0,"success":false,"msg":"3"})

[2017-01-05 17:46:52.117] [DEBUG] 第一视频 - { code: 0, success: false, msg: '3' }
[2017-01-05 17:46:52.120] [DEBUG] 第一视频 - 第一视频 14459699 加入缓存队列
[2017-01-05 17:46:52.403] [DEBUG] 第一视频 - jsonp({"code":0,"success":false,"msg":"0"})

[2017-01-05 17:46:52.406] [DEBUG] 第一视频 - { code: 0, success: false, msg: '0' }
[2017-01-05 17:46:52.411] [DEBUG] 第一视频 - 第一视频 14459698 加入缓存队列
[2017-01-05 17:46:52.681] [DEBUG] 第一视频 - jsonp({"code":0,"success":false,"msg":"0"})

[2017-01-05 17:46:52.681] [DEBUG] 第一视频 - { code: 0, success: false, msg: '0' }
[2017-01-05 17:46:52.731] [DEBUG] 第一视频 - 第一视频 14413558 加入缓存队列
[2017-01-05 17:46:53.106] [DEBUG] 第一视频 - jsonp({"code":0,"success":false,"msg":"0"})

[2017-01-05 17:46:53.116] [DEBUG] 第一视频 - { code: 0, success: false, msg: '0' }
[2017-01-05 17:46:53.116] [DEBUG] 第一视频 - 第一视频 14413261 加入缓存队列
[2017-01-05 17:50:16.031] [TRACE] 第一视频 - DealWith instantiation ...
[2017-01-05 17:50:16.041] [TRACE] 第一视频 - spiderCore instantiation ...
[2017-01-05 17:50:16.042] [TRACE] 第一视频 - 启动函数
[2017-01-05 17:50:16.071] [DEBUG] 第一视频 - 任务信息数据库连接建立...成功
[2017-01-05 17:50:16.074] [DEBUG] 第一视频 - 缓存队列数据库连接建立...成功
[2017-01-05 17:50:16.076] [DEBUG] 第一视频 - 创建数据库连接完毕
[2017-01-05 17:50:16.609] [DEBUG] 第一视频 - 用户: 8495305 back_end
[2017-01-05 17:50:16.613] [DEBUG] 第一视频 - { code: 0, success: false, msg: '0' }
[2017-01-05 17:50:17.049] [DEBUG] 第一视频 - 第一视频 14462311 加入缓存队列
[2017-01-05 17:50:17.338] [DEBUG] 第一视频 - { code: 0, success: false, msg: '3' }
[2017-01-05 17:50:17.341] [DEBUG] 第一视频 - 第一视频 14459699 加入缓存队列
[2017-01-05 17:50:17.589] [DEBUG] 第一视频 - { code: 0, success: false, msg: '0' }
[2017-01-05 17:50:19.393] [DEBUG] 第一视频 - 第一视频 14459698 加入缓存队列
[2017-01-05 17:50:19.647] [DEBUG] 第一视频 - { code: 0, success: false, msg: '0' }
[2017-01-05 17:50:19.694] [DEBUG] 第一视频 - 第一视频 14413558 加入缓存队列
