[2017-01-05 17:47:22.916] [TRACE] 第一视频 - DealWith instantiation ...
[2017-01-05 17:47:22.933] [TRACE] 第一视频 - spiderCore instantiation ...
[2017-01-05 17:47:22.936] [TRACE] 第一视频 - 启动函数
[2017-01-05 17:47:22.967] [DEBUG] 第一视频 - 任务信息数据库连接建立...成功
[2017-01-05 17:47:22.969] [DEBUG] 第一视频 - 缓存队列数据库连接建立...成功
[2017-01-05 17:47:22.970] [DEBUG] 第一视频 - 创建数据库连接完毕
[2017-01-05 17:47:23.335] [DEBUG] 第一视频 - 用户: 8495305 back_end
[2017-01-05 17:47:23.466] [DEBUG] 第一视频 - 点赞量解析失败
[2017-01-05 17:47:23.468] [INFO] 第一视频 - { statusCode: 200,
  headers: '{"date":"Thu, 05 Jan 2017 09:46:14 GMT","content-type":"text/html;charset=UTF-8","content-length":"0","connection":"close","cache-control":"no-cache"}',
  body: '' }
[2017-01-05 17:47:23.692] [DEBUG] 第一视频 - 第一视频 14462311 加入缓存队列
[2017-01-05 17:47:23.965] [DEBUG] 第一视频 - 点赞量解析失败
[2017-01-05 17:47:23.967] [INFO] 第一视频 - { statusCode: 200,
  headers: '{"date":"Thu, 05 Jan 2017 09:46:14 GMT","content-type":"text/html;charset=UTF-8","content-length":"0","connection":"close","cache-control":"no-cache"}',
  body: '' }
[2017-01-05 17:47:24.273] [DEBUG] 第一视频 - 第一视频 14459699 加入缓存队列
[2017-01-05 17:47:25.913] [DEBUG] 第一视频 - 点赞量解析失败
[2017-01-05 17:47:25.916] [INFO] 第一视频 - { statusCode: 200,
  headers: '{"date":"Thu, 05 Jan 2017 09:46:16 GMT","content-type":"text/html;charset=UTF-8","content-length":"0","connection":"close","cache-control":"no-cache"}',
  body: '' }
[2017-01-05 17:47:25.920] [DEBUG] 第一视频 - 第一视频 14459698 加入缓存队列
[2017-01-05 17:47:26.909] [DEBUG] 第一视频 - 点赞量解析失败
[2017-01-05 17:47:26.911] [INFO] 第一视频 - { statusCode: 200,
  headers: '{"date":"Thu, 05 Jan 2017 09:46:17 GMT","content-type":"text/html;charset=UTF-8","content-length":"0","connection":"close","cache-control":"no-cache"}',
  body: '' }
[2017-01-05 17:47:26.917] [DEBUG] 第一视频 - 第一视频 14413558 加入缓存队列
[2017-01-05 17:47:27.154] [DEBUG] 第一视频 - 点赞量解析失败
[2017-01-05 17:47:27.155] [INFO] 第一视频 - { statusCode: 200,
  headers: '{"date":"Thu, 05 Jan 2017 09:46:17 GMT","content-type":"text/html;charset=UTF-8","content-length":"0","connection":"close","cache-control":"no-cache"}',
  body: '' }
[2017-01-05 17:47:27.161] [DEBUG] 第一视频 - 第一视频 14413261 加入缓存队列
[2017-01-05 17:47:27.405] [DEBUG] 第一视频 - 点赞量解析失败
[2017-01-05 17:47:27.407] [INFO] 第一视频 - { statusCode: 200,
  headers: '{"date":"Thu, 05 Jan 2017 09:46:18 GMT","content-type":"text/html;charset=UTF-8","content-length":"0","connection":"close","cache-control":"no-cache"}',
  body: '' }
[2017-01-05 17:47:27.410] [DEBUG] 第一视频 - 第一视频 14407493 加入缓存队列
[2017-01-05 17:47:27.649] [DEBUG] 第一视频 - 点赞量解析失败
[2017-01-05 17:47:27.651] [INFO] 第一视频 - { statusCode: 200,
  headers: '{"date":"Thu, 05 Jan 2017 09:46:18 GMT","content-type":"text/html;charset=UTF-8","content-length":"0","connection":"close","cache-control":"no-cache"}',
  body: '' }
[2017-01-05 17:47:29.182] [DEBUG] 第一视频 - 第一视频 14401647 加入缓存队列
[2017-01-05 17:47:29.412] [DEBUG] 第一视频 - 点赞量解析失败
[2017-01-05 17:47:29.414] [INFO] 第一视频 - { statusCode: 200,
  headers: '{"date":"Thu, 05 Jan 2017 09:46:19 GMT","content-type":"text/html;charset=UTF-8","content-length":"0","connection":"close","cache-control":"no-cache"}',
  body: '' }
[2017-01-05 17:47:30.749] [DEBUG] 第一视频 - 第一视频 14398956 加入缓存队列
[2017-01-05 17:47:30.993] [DEBUG] 第一视频 - 点赞量解析失败
[2017-01-05 17:47:30.996] [INFO] 第一视频 - { statusCode: 200,
  headers: '{"date":"Thu, 05 Jan 2017 09:46:21 GMT","content-type":"text/html;charset=UTF-8","content-length":"0","connection":"close","cache-control":"no-cache"}',
  body: '' }
[2017-01-05 17:47:30.999] [DEBUG] 第一视频 - 第一视频 14393801 加入缓存队列
