[2017-01-05 16:26:40.939] [TRACE] 第一视频 - DealWith instantiation ...
[2017-01-05 16:26:40.949] [TRACE] 第一视频 - spiderCore instantiation ...
[2017-01-05 16:26:40.951] [TRACE] 第一视频 - 启动函数
[2017-01-05 16:26:40.980] [DEBUG] 第一视频 - 任务信息数据库连接建立...成功
[2017-01-05 16:26:40.982] [DEBUG] 第一视频 - 缓存队列数据库连接建立...成功
[2017-01-05 16:26:40.983] [DEBUG] 第一视频 - 创建数据库连接完毕
[2017-01-05 16:26:41.429] [DEBUG] 第一视频 - 用户: 6046584 back_end
[2017-01-05 16:26:44.364] [DEBUG] 第一视频 - 0
[2017-01-05 16:26:44.368] [DEBUG] 第一视频 - 第一视频 14462714 加入缓存队列
[2017-01-05 16:26:46.319] [DEBUG] 第一视频 - 
[2017-01-05 16:26:46.329] [DEBUG] 第一视频 - 第一视频 14463047 加入缓存队列
[2017-01-05 16:26:54.183] [DEBUG] 第一视频 - 0
[2017-01-05 16:26:54.186] [DEBUG] 第一视频 - 第一视频 14462038 加入缓存队列
[2017-01-05 16:26:57.484] [DEBUG] 第一视频 - 0
[2017-01-05 16:26:57.485] [DEBUG] 第一视频 - 第一视频 14462639 加入缓存队列
[2017-01-05 16:26:58.153] [DEBUG] 第一视频 - 0
[2017-01-05 16:26:58.155] [DEBUG] 第一视频 - 第一视频 14462616 加入缓存队列
[2017-01-05 16:26:59.582] [DEBUG] 第一视频 - 0
[2017-01-05 16:26:59.584] [DEBUG] 第一视频 - 第一视频 14462593 加入缓存队列
[2017-01-05 16:27:00.044] [DEBUG] 第一视频 - 0
[2017-01-05 16:27:00.051] [DEBUG] 第一视频 - 第一视频 14462567 加入缓存队列
[2017-01-05 16:27:01.126] [DEBUG] 第一视频 - 0
[2017-01-05 16:27:01.129] [DEBUG] 第一视频 - 第一视频 14461823 加入缓存队列
[2017-01-05 16:27:01.712] [DEBUG] 第一视频 - 0
[2017-01-05 16:27:01.714] [DEBUG] 第一视频 - 第一视频 14462249 加入缓存队列
[2017-01-05 16:27:03.005] [DEBUG] 第一视频 - 0
[2017-01-05 16:27:03.007] [DEBUG] 第一视频 - 第一视频 14462101 加入缓存队列
[2017-01-05 16:27:08.329] [DEBUG] 第一视频 - 0
[2017-01-05 16:27:08.329] [DEBUG] 第一视频 - 第一视频 14462084 加入缓存队列
[2017-01-05 16:27:08.957] [DEBUG] 第一视频 - 0
[2017-01-05 16:27:08.960] [DEBUG] 第一视频 - 第一视频 14462025 加入缓存队列
[2017-01-05 16:27:10.046] [DEBUG] 第一视频 - 0
[2017-01-05 16:27:10.049] [DEBUG] 第一视频 - 第一视频 14462021 加入缓存队列
[2017-01-05 16:27:10.501] [DEBUG] 第一视频 - 0
[2017-01-05 16:27:10.503] [DEBUG] 第一视频 - 第一视频 14461956 加入缓存队列
[2017-01-05 16:27:11.534] [DEBUG] 第一视频 - 0
[2017-01-05 16:27:11.538] [DEBUG] 第一视频 - 第一视频 14461877 加入缓存队列
[2017-01-05 16:27:12.629] [DEBUG] 第一视频 - 0
[2017-01-05 16:27:12.631] [DEBUG] 第一视频 - 第一视频 14461626 加入缓存队列
[2017-01-05 16:27:13.100] [DEBUG] 第一视频 - 0
[2017-01-05 16:27:13.104] [DEBUG] 第一视频 - 第一视频 14461620 加入缓存队列
[2017-01-05 16:27:13.637] [DEBUG] 第一视频 - 
[2017-01-05 16:27:13.639] [DEBUG] 第一视频 - 第一视频 14461610 加入缓存队列
[2017-01-05 16:27:14.120] [DEBUG] 第一视频 - 0
[2017-01-05 16:27:14.124] [DEBUG] 第一视频 - 第一视频 14399808 加入缓存队列
[2017-01-05 16:27:16.590] [DEBUG] 第一视频 - 0
[2017-01-05 16:27:16.598] [DEBUG] 第一视频 - 第一视频 14460954 加入缓存队列
[2017-01-05 16:27:18.028] [DEBUG] 第一视频 - 0
[2017-01-05 16:27:18.030] [DEBUG] 第一视频 - 第一视频 14460748 加入缓存队列
