[2017-01-19 19:29:49.523] [TRACE] 第一视频 - DealWith instantiation ...
[2017-01-19 19:29:49.533] [TRACE] 第一视频 - spiderCore instantiation ...
[2017-01-19 19:29:49.535] [TRACE] 第一视频 - 启动函数
[2017-01-19 19:29:49.566] [DEBUG] 第一视频 - 缓存队列数据库连接建立...成功
[2017-01-19 19:29:49.569] [DEBUG] 第一视频 - 任务信息数据库连接建立...成功
[2017-01-19 19:29:49.571] [DEBUG] 第一视频 - 创建数据库连接完毕
[2017-01-19 19:29:57.605] [ERROR] 第一视频 - occur error :  { Error: ETIMEDOUT
    at Timeout._onTimeout (D:\AppServ\www\meimiao2\code\node_modules\request\request.js:813:19)
    at tryOnTimeout (timers.js:224:11)
    at Timer.listOnTimeout (timers.js:198:5) code: 'ETIMEDOUT', connect: true }
[2017-01-19 19:29:57.636] [ERROR] 第一视频 - error url: http://user.v1.cn/his/getAllCountByUserId/6046584.json
[2017-01-19 19:29:58.692] [ERROR] 第一视频 - occur error :  { Error: ETIMEDOUT
    at Timeout._onTimeout (D:\AppServ\www\meimiao2\code\node_modules\request\request.js:813:19)
    at tryOnTimeout (timers.js:224:11)
    at Timer.listOnTimeout (timers.js:198:5) code: 'ETIMEDOUT', connect: true }
[2017-01-19 19:29:58.698] [ERROR] 第一视频 - error url: http://user.v1.cn/openapi/getVideoPraise.json?videoId=14469862&callback=jsonp
[2017-01-19 19:29:58.702] [DEBUG] 第一视频 - 点赞量请求失败
[2017-01-19 19:29:58.740] [DEBUG] 第一视频 - 第一视频 14469862 加入缓存队列
[2017-01-19 19:29:59.860] [DEBUG] 第一视频 - 第一视频 14469840 加入缓存队列
[2017-01-19 19:30:01.052] [DEBUG] 第一视频 - 第一视频 14469417 加入缓存队列
[2017-01-19 19:30:09.062] [ERROR] 第一视频 - occur error :  { Error: ETIMEDOUT
    at Timeout._onTimeout (D:\AppServ\www\meimiao2\code\node_modules\request\request.js:813:19)
    at tryOnTimeout (timers.js:224:11)
    at Timer.listOnTimeout (timers.js:198:5) code: 'ETIMEDOUT', connect: true }
[2017-01-19 19:30:09.066] [ERROR] 第一视频 - error url: http://user.v1.cn/openapi/getVideoPraise.json?videoId=14469797&callback=jsonp
[2017-01-19 19:30:09.069] [DEBUG] 第一视频 - 点赞量请求失败
[2017-01-19 19:30:09.073] [DEBUG] 第一视频 - 第一视频 14469797 加入缓存队列
[2017-01-19 19:30:10.152] [DEBUG] 第一视频 - 第一视频 14469627 加入缓存队列
