[2017-01-05 14:50:50.096] [TRACE] 第一视频 - DealWith instantiation ...
[2017-01-05 14:50:50.121] [TRACE] 第一视频 - spiderCore instantiation ...
[2017-01-05 14:50:50.123] [TRACE] 第一视频 - 启动函数
[2017-01-05 14:50:50.640] [DEBUG] 第一视频 - 任务信息数据库连接建立...成功
[2017-01-05 14:50:50.643] [DEBUG] 第一视频 - 缓存队列数据库连接建立...成功
[2017-01-05 14:50:50.645] [DEBUG] 第一视频 - 创建数据库连接完毕
[2017-01-05 14:50:50.889] [DEBUG] 第一视频 - 用户: 6046584 back_end
[2017-01-05 14:50:51.605] [DEBUG] 第一视频 - http://www.v1.cn/video/v_14463047.jhtml
[2017-01-05 14:50:52.581] [DEBUG] 第一视频 - 
[2017-01-05 14:50:52.589] [DEBUG] 第一视频 - 51
[2017-01-05 14:50:52.592] [DEBUG] 第一视频 - http://www.v1.cn/video/v_14462714.jhtml
[2017-01-05 14:50:52.660] [DEBUG] 第一视频 - 第一视频 14463047 加入缓存队列
[2017-01-05 14:50:53.383] [DEBUG] 第一视频 - 
[2017-01-05 14:50:53.386] [DEBUG] 第一视频 - 2578
[2017-01-05 14:50:53.389] [DEBUG] 第一视频 - http://www.v1.cn/video/v_14462038.jhtml
[2017-01-05 14:50:53.393] [DEBUG] 第一视频 - 第一视频 14462714 加入缓存队列
[2017-01-05 14:50:53.989] [DEBUG] 第一视频 - 
[2017-01-05 14:50:53.996] [DEBUG] 第一视频 - 4621
[2017-01-05 14:50:53.999] [DEBUG] 第一视频 - http://www.v1.cn/video/v_14462639.jhtml
[2017-01-05 14:50:54.004] [DEBUG] 第一视频 - 第一视频 14462038 加入缓存队列
[2017-01-05 14:50:54.900] [DEBUG] 第一视频 - 
[2017-01-05 14:50:54.903] [DEBUG] 第一视频 - 2676
[2017-01-05 14:50:54.906] [DEBUG] 第一视频 - http://www.v1.cn/video/v_14462616.jhtml
[2017-01-05 14:50:54.910] [DEBUG] 第一视频 - 第一视频 14462639 加入缓存队列
[2017-01-05 14:50:55.629] [DEBUG] 第一视频 - 
[2017-01-05 14:50:55.631] [DEBUG] 第一视频 - 321
[2017-01-05 14:50:55.634] [DEBUG] 第一视频 - http://www.v1.cn/video/v_14462593.jhtml
[2017-01-05 14:50:55.638] [DEBUG] 第一视频 - 第一视频 14462616 加入缓存队列
