[2017-01-05 15:31:09.506] [TRACE] 第一视频 - DealWith instantiation ...
[2017-01-05 15:31:09.517] [TRACE] 第一视频 - spiderCore instantiation ...
[2017-01-05 15:31:09.520] [TRACE] 第一视频 - 启动函数
[2017-01-05 15:31:09.548] [DEBUG] 第一视频 - 任务信息数据库连接建立...成功
[2017-01-05 15:31:09.551] [DEBUG] 第一视频 - 缓存队列数据库连接建立...成功
[2017-01-05 15:31:09.552] [DEBUG] 第一视频 - 创建数据库连接完毕
[2017-01-05 15:31:09.934] [DEBUG] 第一视频 - 用户: 6046584 back_end
[2017-01-05 15:31:11.557] [DEBUG] 第一视频 - 
[2017-01-05 15:31:11.573] [DEBUG] 第一视频 - 0
[2017-01-05 15:31:11.573] [DEBUG] 第一视频 - 第一视频 14462714 加入缓存队列
[2017-01-05 15:31:12.021] [DEBUG] 第一视频 - 
[2017-01-05 15:31:12.106] [DEBUG] 第一视频 - 0
[2017-01-05 15:31:12.111] [DEBUG] 第一视频 - 第一视频 14463047 加入缓存队列
[2017-01-05 15:31:12.364] [DEBUG] 第一视频 - 
[2017-01-05 15:31:12.370] [DEBUG] 第一视频 - 0
[2017-01-05 15:31:12.372] [DEBUG] 第一视频 - 第一视频 14462038 加入缓存队列
[2017-01-05 15:31:13.387] [DEBUG] 第一视频 - 
[2017-01-05 15:31:13.392] [DEBUG] 第一视频 - 0
[2017-01-05 15:31:13.395] [DEBUG] 第一视频 - 第一视频 14462639 加入缓存队列
[2017-01-05 15:31:13.806] [DEBUG] 第一视频 - 
[2017-01-05 15:31:13.810] [DEBUG] 第一视频 - 0
[2017-01-05 15:31:13.812] [DEBUG] 第一视频 - 第一视频 14462616 加入缓存队列
[2017-01-05 15:31:13.921] [DEBUG] 第一视频 - 
[2017-01-05 15:31:14.009] [DEBUG] 第一视频 - 0
[2017-01-05 15:31:14.012] [DEBUG] 第一视频 - 第一视频 14462593 加入缓存队列
[2017-01-05 15:31:15.051] [DEBUG] 第一视频 - 
[2017-01-05 15:31:15.061] [DEBUG] 第一视频 - 0
[2017-01-05 15:31:15.066] [DEBUG] 第一视频 - 第一视频 14462567 加入缓存队列
[2017-01-05 15:31:15.585] [DEBUG] 第一视频 - 
[2017-01-05 15:31:15.594] [DEBUG] 第一视频 - 0
[2017-01-05 15:31:15.598] [DEBUG] 第一视频 - 第一视频 14461823 加入缓存队列
[2017-01-05 15:31:16.622] [DEBUG] 第一视频 - 
[2017-01-05 15:31:16.627] [DEBUG] 第一视频 - 0
[2017-01-05 15:31:16.631] [DEBUG] 第一视频 - 第一视频 14462249 加入缓存队列
[2017-01-05 15:31:17.605] [DEBUG] 第一视频 - 
[2017-01-05 15:31:17.605] [DEBUG] 第一视频 - 0
[2017-01-05 15:31:17.605] [DEBUG] 第一视频 - 第一视频 14462101 加入缓存队列
[2017-01-05 15:31:18.384] [DEBUG] 第一视频 - 
[2017-01-05 15:31:18.389] [DEBUG] 第一视频 - 0
[2017-01-05 15:31:18.391] [DEBUG] 第一视频 - 第一视频 14462084 加入缓存队列
[2017-01-05 15:31:19.795] [DEBUG] 第一视频 - 
[2017-01-05 15:31:19.801] [DEBUG] 第一视频 - 0
[2017-01-05 15:31:19.805] [DEBUG] 第一视频 - 第一视频 14462025 加入缓存队列
[2017-01-05 15:31:20.935] [DEBUG] 第一视频 - 
                                        更成都
                                     
                                        原创
                                     
                                        狼的诱惑
                                     
                                        梦想
                                     
                                        川藏线
                                     
[2017-01-05 15:31:20.944] [DEBUG] 第一视频 - 0
[2017-01-05 15:31:20.975] [DEBUG] 第一视频 - 第一视频 14462021 加入缓存队列
[2017-01-05 15:31:22.076] [DEBUG] 第一视频 - 
[2017-01-05 15:31:22.081] [DEBUG] 第一视频 - 0
[2017-01-05 15:31:22.084] [DEBUG] 第一视频 - 第一视频 14461956 加入缓存队列
[2017-01-05 15:31:22.602] [DEBUG] 第一视频 - 
[2017-01-05 15:31:22.612] [DEBUG] 第一视频 - 0
[2017-01-05 15:31:22.617] [DEBUG] 第一视频 - 第一视频 14461877 加入缓存队列
[2017-01-05 15:31:24.334] [DEBUG] 第一视频 - 
[2017-01-05 15:31:24.339] [DEBUG] 第一视频 - 10
[2017-01-05 15:31:24.342] [DEBUG] 第一视频 - 第一视频 14461626 加入缓存队列
[2017-01-05 15:31:24.872] [DEBUG] 第一视频 - 
[2017-01-05 15:31:24.876] [DEBUG] 第一视频 - 0
[2017-01-05 15:31:24.880] [DEBUG] 第一视频 - 第一视频 14461620 加入缓存队列
[2017-01-05 15:31:25.546] [DEBUG] 第一视频 - 
[2017-01-05 15:31:25.553] [DEBUG] 第一视频 - 0
[2017-01-05 15:31:25.556] [DEBUG] 第一视频 - 第一视频 14461610 加入缓存队列
[2017-01-05 15:31:26.747] [DEBUG] 第一视频 - 
[2017-01-05 15:31:26.756] [DEBUG] 第一视频 - 0
[2017-01-05 15:31:26.759] [DEBUG] 第一视频 - 第一视频 14399808 加入缓存队列
[2017-01-05 15:31:27.814] [DEBUG] 第一视频 - 
[2017-01-05 15:31:27.818] [DEBUG] 第一视频 - 10
[2017-01-05 15:31:27.822] [DEBUG] 第一视频 - 第一视频 14460954 加入缓存队列
[2017-01-05 15:31:29.250] [DEBUG] 第一视频 - 
[2017-01-05 15:31:29.256] [DEBUG] 第一视频 - 0
[2017-01-05 15:31:29.258] [DEBUG] 第一视频 - 第一视频 14460748 加入缓存队列
[2017-01-05 15:31:30.062] [DEBUG] 第一视频 - 
[2017-01-05 15:31:30.067] [DEBUG] 第一视频 - 10
[2017-01-05 15:31:30.070] [DEBUG] 第一视频 - 第一视频 14460505 加入缓存队列
[2017-01-05 15:31:31.131] [DEBUG] 第一视频 - 
[2017-01-05 15:31:31.137] [DEBUG] 第一视频 - 0
[2017-01-05 15:31:31.140] [DEBUG] 第一视频 - 第一视频 14459882 加入缓存队列
[2017-01-05 15:31:32.574] [DEBUG] 第一视频 - 
[2017-01-05 15:31:32.584] [DEBUG] 第一视频 - 10
[2017-01-05 15:31:32.592] [DEBUG] 第一视频 - 第一视频 14460483 加入缓存队列
[2017-01-05 15:31:33.486] [DEBUG] 第一视频 - 
[2017-01-05 15:31:33.490] [DEBUG] 第一视频 - 0
[2017-01-05 15:31:33.492] [DEBUG] 第一视频 - 第一视频 14458968 加入缓存队列
[2017-01-05 15:31:36.299] [DEBUG] 第一视频 - 
[2017-01-05 15:31:36.303] [DEBUG] 第一视频 - 0
[2017-01-05 15:31:36.306] [DEBUG] 第一视频 - 第一视频 14459974 加入缓存队列
[2017-01-05 15:31:36.867] [DEBUG] 第一视频 - 
[2017-01-05 15:31:36.872] [DEBUG] 第一视频 - 10
[2017-01-05 15:31:36.875] [DEBUG] 第一视频 - 第一视频 14459322 加入缓存队列
[2017-01-05 15:31:37.999] [DEBUG] 第一视频 - 
[2017-01-05 15:31:38.004] [DEBUG] 第一视频 - 0
[2017-01-05 15:31:38.007] [DEBUG] 第一视频 - 第一视频 14459907 加入缓存队列
[2017-01-05 15:31:38.511] [DEBUG] 第一视频 - 
[2017-01-05 15:31:38.515] [DEBUG] 第一视频 - 0
[2017-01-05 15:31:38.518] [DEBUG] 第一视频 - 第一视频 14459883 加入缓存队列
[2017-01-05 15:31:39.578] [DEBUG] 第一视频 - 
[2017-01-05 15:31:39.585] [DEBUG] 第一视频 - 10
[2017-01-05 15:31:39.587] [DEBUG] 第一视频 - 第一视频 14459266 加入缓存队列
[2017-01-05 15:31:40.415] [DEBUG] 第一视频 - 
[2017-01-05 15:31:40.423] [DEBUG] 第一视频 - 0
[2017-01-05 15:31:40.426] [DEBUG] 第一视频 - 第一视频 14459621 加入缓存队列
[2017-01-05 15:31:41.468] [DEBUG] 第一视频 - 
[2017-01-05 15:31:41.468] [DEBUG] 第一视频 - 0
[2017-01-05 15:31:41.468] [DEBUG] 第一视频 - 第一视频 14458724 加入缓存队列
[2017-01-05 15:31:43.849] [DEBUG] 第一视频 - 
[2017-01-05 15:31:43.858] [DEBUG] 第一视频 - 10
[2017-01-05 15:31:43.861] [DEBUG] 第一视频 - 第一视频 14459308 加入缓存队列
[2017-01-05 15:31:44.317] [DEBUG] 第一视频 - 
[2017-01-05 15:31:44.343] [DEBUG] 第一视频 - 10
[2017-01-05 15:31:44.346] [DEBUG] 第一视频 - 第一视频 14459307 加入缓存队列
[2017-01-05 15:31:45.690] [DEBUG] 第一视频 - 
[2017-01-05 15:31:45.699] [DEBUG] 第一视频 - 0
[2017-01-05 15:31:45.702] [DEBUG] 第一视频 - 第一视频 14459302 加入缓存队列
[2017-01-05 15:31:46.533] [DEBUG] 第一视频 - 
[2017-01-05 15:31:46.540] [DEBUG] 第一视频 - 0
[2017-01-05 15:31:46.543] [DEBUG] 第一视频 - 第一视频 14459267 加入缓存队列
[2017-01-05 15:31:47.049] [DEBUG] 第一视频 - 
[2017-01-05 15:31:47.055] [DEBUG] 第一视频 - 10
[2017-01-05 15:31:47.057] [DEBUG] 第一视频 - 第一视频 14459255 加入缓存队列
[2017-01-05 15:31:48.216] [DEBUG] 第一视频 - 
[2017-01-05 15:31:48.222] [DEBUG] 第一视频 - 0
[2017-01-05 15:31:48.224] [DEBUG] 第一视频 - 第一视频 14459214 加入缓存队列
[2017-01-05 15:31:48.731] [DEBUG] 第一视频 - 
[2017-01-05 15:31:48.738] [DEBUG] 第一视频 - 0
[2017-01-05 15:31:48.740] [DEBUG] 第一视频 - 第一视频 14458712 加入缓存队列
[2017-01-05 15:31:49.232] [DEBUG] 第一视频 - 
[2017-01-05 15:31:49.238] [DEBUG] 第一视频 - 0
[2017-01-05 15:31:49.240] [DEBUG] 第一视频 - 第一视频 14458643 加入缓存队列
