[2017-01-19 19:15:40.655] [TRACE] 华数 - DealWith instantiation ...
[2017-01-19 19:15:40.665] [TRACE] 华数 - spiderCore instantiation ...
[2017-01-19 19:15:40.675] [TRACE] 华数 - 启动函数
[2017-01-19 19:15:40.705] [DEBUG] 华数 - 任务信息数据库连接建立...成功
[2017-01-19 19:15:40.705] [DEBUG] 华数 - 缓存队列数据库连接建立...成功
[2017-01-19 19:15:40.705] [DEBUG] 华数 - 创建数据库连接完毕
[2017-01-19 19:15:41.333] [DEBUG] 华数 - http://s.wasu.tv/mams/pic/201508/26/09/2015082609184449115014e32.jpg
[2017-01-19 19:15:41.383] [DEBUG] 华数 - 华数TV 6450074 加入缓存队列
[2017-01-19 19:15:41.592] [DEBUG] 华数 - http://s.wasu.tv/mams/pic/201508/25/19/20150825193812028d817fbc3.jpg
[2017-01-19 19:15:41.592] [DEBUG] 华数 - 华数TV 6450059 加入缓存队列
[2017-01-19 19:15:41.852] [DEBUG] 华数 - http://s.wasu.tv/mams/pic/201508/26/09/20150826091833667a2d822a4.jpg
[2017-01-19 19:15:41.862] [DEBUG] 华数 - 华数TV 6450075 加入缓存队列
[2017-01-19 19:15:42.111] [DEBUG] 华数 - http://s.wasu.tv/mams/pic/201508/25/15/201508251556594885bc80f49.jpg
[2017-01-19 19:15:42.131] [DEBUG] 华数 - 华数TV 6450064 加入缓存队列
[2017-01-19 19:15:42.341] [DEBUG] 华数 - http://s.wasu.tv/mams/pic/201508/25/15/20150825153754418b7895360.jpg
[2017-01-19 19:15:42.351] [DEBUG] 华数 - 华数TV 6450063 加入缓存队列
[2017-01-19 19:15:42.581] [DEBUG] 华数 - http://s.wasu.tv/mams/pic/201508/25/14/20150825145819381e2b16ec5.jpg
[2017-01-19 19:15:42.591] [DEBUG] 华数 - 华数TV 6450058 加入缓存队列
[2017-01-19 19:15:42.807] [DEBUG] 华数 - http://s.wasu.tv/mams/pic/201508/26/09/201508260922426272d51c6c5.jpg
[2017-01-19 19:15:42.807] [DEBUG] 华数 - 华数TV 6450077 加入缓存队列
[2017-01-19 19:15:43.037] [DEBUG] 华数 - http://s.wasu.tv/mams/pic/201509/24/16/20150924164355767183a7e93.jpg
[2017-01-19 19:15:43.047] [DEBUG] 华数 - 华数TV 6569460 加入缓存队列
[2017-01-19 19:15:43.307] [DEBUG] 华数 - http://s.wasu.tv/mams/pic/201508/26/09/2015082609294490861f68394.jpg
[2017-01-19 19:15:43.307] [DEBUG] 华数 - 华数TV 6450102 加入缓存队列
[2017-01-19 19:15:43.680] [DEBUG] 华数 - http://s.wasu.tv/mams/pic/201509/24/16/20150924164552283ac2f59ad.jpg
[2017-01-19 19:15:43.680] [DEBUG] 华数 - 华数TV 6569459 加入缓存队列
