[2017-01-20 17:21:20.214] [TRACE] 百度百家 - DealWith instantiation ...
[2017-01-20 17:21:20.224] [TRACE] 百度百家 - spiderCore instantiation ...
[2017-01-20 17:21:20.225] [TRACE] 百度百家 - 启动函数
[2017-01-20 17:21:20.257] [DEBUG] 百度百家 - 任务信息数据库连接建立...成功
[2017-01-20 17:21:20.260] [DEBUG] 百度百家 - 缓存队列数据库连接建立...成功
[2017-01-20 17:21:20.261] [DEBUG] 百度百家 - 创建数据库连接完毕
[2017-01-20 17:21:21.460] [INFO] 百度百家 - { bid: 1550163791200820, platform: 28, fans_num: 3152 }
[2017-01-20 17:21:21.500] [DEBUG] 百度百家 - 用户粉丝数请求完成
[2017-01-20 17:21:21.556] [DEBUG] 百度百家 - 用户: 1550163791200820 back_end
[2017-01-20 17:21:33.081] [DEBUG] 百度百家 - { author: '游戏小达人',
  platform: 28,
  bid: 1550163791200820,
  aid: '1556781547534804',
  title: '大家看看我的小法玩得咋样。这局打得真够激烈，诺手大boss',
  desc: '0',
  class: '',
  tag: '',
  long_t: 192,
  v_img: 'https://timg01.bdimg.com/timg?%3Fpa=&imgtype=3&sec=1439619614&di=2e585bf515e046db092e7c279aa29b8f&quality=50&size=f240_159&src=http%3A%2F%2Fmsp.baidu.com%2Fv1%2Fmediaspot%2F8295abd0-dcbf-11e6-81a3-3baf42e4ac2f.png',
  v_url: 'http://baijiahao.baidu.com/s?id=1556781547534804',
  comment_num: 0,
  forward_num: 0,
  a_create_time: '1484750685',
  play_num: 11117 }
[2017-01-20 17:21:33.090] [DEBUG] 百度百家 - 百家号 1556781547534804 加入缓存队列
[2017-01-20 17:21:33.253] [DEBUG] 百度百家 - { author: '游戏小达人',
  platform: 28,
  bid: 1550163791200820,
  aid: '1556781540297195',
  title: '凌晨一波捡人头*',
  desc: '0',
  class: '',
  tag: '',
  long_t: 57,
  v_img: 'https://timg01.bdimg.com/timg?%3Fpa=&imgtype=3&sec=1439619614&di=56fc286164bd8a264cd3bb291eaf01e0&quality=50&size=f240_159&src=http%3A%2F%2Fmsp.baidu.com%2Fv1%2Fmediaspot%2F7ed3c1d0-dcbf-11e6-81a3-3baf42e4ac2f.png',
  v_url: 'http://baijiahao.baidu.com/s?id=1556781540297195',
  comment_num: 0,
  forward_num: 0,
  a_create_time: '1484750487',
  play_num: 12147 }
[2017-01-20 17:21:33.260] [DEBUG] 百度百家 - 百家号 1556781540297195 加入缓存队列
[2017-01-20 17:21:33.474] [DEBUG] 百度百家 - { author: '游戏小达人',
  platform: 28,
  bid: 1550163791200820,
  aid: '1556781534152831',
  title: '【女伪女】爱上大幂幂了～',
  desc: '0',
  class: '',
  tag: '',
  long_t: 55,
  v_img: 'https://timg01.bdimg.com/timg?%3Fpa=&imgtype=0&sec=1439619614&di=8c91de85535c82a51aeafdc1a018d70e&quality=50&size=f240_159&src=http%3A%2F%2Fmsp.baidu.com%2Fv1%2Fmediaspot%2F7b5f82a0-dcbf-11e6-8800-815eeaaee754.jpg',
  v_url: 'http://baijiahao.baidu.com/s?id=1556781534152831',
  comment_num: 0,
  forward_num: 0,
  a_create_time: '1484750449',
  play_num: 14145 }
[2017-01-20 17:21:33.481] [DEBUG] 百度百家 - 百家号 1556781534152831 加入缓存队列
[2017-01-20 17:21:33.718] [DEBUG] 百度百家 - { author: '游戏小达人',
  platform: 28,
  bid: 1550163791200820,
  aid: '1556781531818590',
  title: '小安的宝具，似乎只能这么玩了(T＿T)',
  desc: '0',
  class: '',
  tag: '',
  long_t: 63,
  v_img: 'https://timg01.bdimg.com/timg?%3Fpa=&imgtype=3&sec=1439619614&di=ab7a16a458071743f883104876f9f9cb&quality=50&size=f240_159&src=http%3A%2F%2Fmsp.baidu.com%2Fv1%2Fmediaspot%2F7a2777d0-dcbf-11e6-9126-79845944ebf6.png',
  v_url: 'http://baijiahao.baidu.com/s?id=1556781531818590',
  comment_num: 0,
  forward_num: 0,
  a_create_time: '1484750321',
  play_num: 14269 }
[2017-01-20 17:21:33.724] [DEBUG] 百度百家 - 百家号 1556781531818590 加入缓存队列
[2017-01-20 17:21:33.925] [DEBUG] 百度百家 - { author: '游戏小达人',
  platform: 28,
  bid: 1550163791200820,
  aid: '1556781530166771',
  title: '为什么不算五杀？',
  desc: '0',
  class: '',
  tag: '',
  long_t: 17,
  v_img: 'https://timg01.bdimg.com/timg?%3Fpa=&imgtype=0&sec=1439619614&di=b05c5c8eae7ac784b99e8ece343d9463&quality=50&size=f240_159&src=http%3A%2F%2Fmsp.baidu.com%2Fv1%2Fmediaspot%2F7945a350-dcbf-11e6-8e14-933527d93783.jpg',
  v_url: 'http://baijiahao.baidu.com/s?id=1556781530166771',
  comment_num: 0,
  forward_num: 0,
  a_create_time: '1484750312',
  play_num: 12583 }
[2017-01-20 17:21:33.933] [DEBUG] 百度百家 - 百家号 1556781530166771 加入缓存队列
[2017-01-20 17:21:34.129] [DEBUG] 百度百家 - { author: '游戏小达人',
  platform: 28,
  bid: 1550163791200820,
  aid: '1556781520886394',
  title: '祝大家鸡年，吉祥如意，万事顺心',
  desc: '0',
  class: '',
  tag: '',
  long_t: 24,
  v_img: 'https://timg01.bdimg.com/timg?%3Fpa=&imgtype=3&sec=1439619614&di=457b7823eaf06ff329a99dc08428e52d&quality=50&size=f240_159&src=http%3A%2F%2Fmsp.baidu.com%2Fv1%2Fmediaspot%2F73f725e0-dcbf-11e6-8800-815eeaaee754.png',
  v_url: 'http://baijiahao.baidu.com/s?id=1556781520886394',
  comment_num: 0,
  forward_num: 0,
  a_create_time: '1484750183',
  play_num: 15862 }
[2017-01-20 17:21:34.135] [DEBUG] 百度百家 - 百家号 1556781520886394 加入缓存队列
[2017-01-20 17:21:34.373] [DEBUG] 百度百家 - { author: '游戏小达人',
  platform: 28,
  bid: 1550163791200820,
  aid: '1556781518515956',
  title: '【高手在贴吧】谁在家里说了算。哈哈哈',
  desc: '0',
  class: '',
  tag: '',
  long_t: 91,
  v_img: 'https://timg01.bdimg.com/timg?%3Fpa=&imgtype=0&sec=1439619614&di=9f9658642eb0a289f0f73ea528492ee4&quality=50&size=f240_159&src=http%3A%2F%2Fmsp.baidu.com%2Fv1%2Fmediaspot%2F72a50360-dcbf-11e6-98b0-ed83e0736839.jpg',
  v_url: 'http://baijiahao.baidu.com/s?id=1556781518515956',
  comment_num: 0,
  forward_num: 0,
  a_create_time: '1484750139',
  play_num: 14478 }
[2017-01-20 17:21:34.382] [DEBUG] 百度百家 - 百家号 1556781518515956 加入缓存队列
[2017-01-20 17:21:34.643] [DEBUG] 百度百家 - { author: '游戏小达人',
  platform: 28,
  bid: 1550163791200820,
  aid: '1556781509940417',
  title: '【高手在贴吧】点头五重奏，这么可爱的表演给满分',
  desc: '0',
  class: '',
  tag: '',
  long_t: 38,
  v_img: 'https://timg01.bdimg.com/timg?%3Fpa=&imgtype=0&sec=1439619614&di=11268468761a0e1e7acd6ac891dc5c72&quality=50&size=f240_159&src=http%3A%2F%2Fmsp.baidu.com%2Fv1%2Fmediaspot%2F6dbd5e10-dcbf-11e6-98b0-ed83e0736839.jpg',
  v_url: 'http://baijiahao.baidu.com/s?id=1556781509940417',
  comment_num: 0,
  forward_num: 0,
  a_create_time: '1484750018',
  play_num: 16330 }
[2017-01-20 17:21:34.651] [DEBUG] 百度百家 - 百家号 1556781509940417 加入缓存队列
[2017-01-20 17:21:34.915] [DEBUG] 百度百家 - { author: '游戏小达人',
  platform: 28,
  bid: 1550163791200820,
  aid: '1556781509674608',
  title: '五杀就是这么简单，玩王者的加我12737471',
  desc: '0',
  class: '',
  tag: '',
  long_t: 54,
  v_img: 'https://timg01.bdimg.com/timg?%3Fpa=&imgtype=3&sec=1439619614&di=3059e123471b2fc66eec32d1e4122f84&quality=50&size=f240_159&src=http%3A%2F%2Fmsp.baidu.com%2Fv1%2Fmediaspot%2F6d4b1440-dcbf-11e6-98b0-ed83e0736839.png',
  v_url: 'http://baijiahao.baidu.com/s?id=1556781509674608',
  comment_num: 0,
  forward_num: 0,
  a_create_time: '1484749951',
  play_num: 14052 }
[2017-01-20 17:21:34.920] [DEBUG] 百度百家 - 百家号 1556781509674608 加入缓存队列
[2017-01-20 17:21:35.121] [DEBUG] 百度百家 - { author: '游戏小达人',
  platform: 28,
  bid: 1550163791200820,
  aid: '1556781509376189',
  title: '你不说这样的天，怎么能不给个拥抱？',
  desc: '0',
  class: '',
  tag: '',
  long_t: 43,
  v_img: 'https://timg01.bdimg.com/timg?%3Fpa=&imgtype=0&sec=1439619614&di=efbac0c692632e0c961d5d67cbe09e9f&quality=50&size=f240_159&src=http%3A%2F%2Fmsp.baidu.com%2Fv1%2Fmediaspot%2F6d77a280-dcbf-11e6-820b-270b5a352a47.jpg',
  v_url: 'http://baijiahao.baidu.com/s?id=1556781509376189',
  comment_num: 0,
  forward_num: 0,
  a_create_time: '1484749939',
  play_num: 14930 }
[2017-01-20 17:21:35.127] [DEBUG] 百度百家 - 百家号 1556781509376189 加入缓存队列
[2017-01-20 17:21:35.394] [DEBUG] 百度百家 - { author: '游戏小达人',
  platform: 28,
  bid: 1550163791200820,
  aid: '1556781508866267',
  title: '搞笑gif集锦【第五十二期】',
  desc: '0',
  class: '',
  tag: '',
  long_t: 200,
  v_img: 'https://timg01.bdimg.com/timg?%3Fpa=&imgtype=3&sec=1439619614&di=33839e1da26d291c5c39ba590367a010&quality=50&size=f240_159&src=http%3A%2F%2Fmsp.baidu.com%2Fv1%2Fmediaspot%2F6d189290-dcbf-11e6-9126-79845944ebf6.png',
  v_url: 'http://baijiahao.baidu.com/s?id=1556781508866267',
  comment_num: 0,
  forward_num: 0,
  a_create_time: '1484749909',
  play_num: 15099 }
[2017-01-20 17:21:35.400] [DEBUG] 百度百家 - 百家号 1556781508866267 加入缓存队列
[2017-01-20 17:21:35.723] [DEBUG] 百度百家 - { author: '游戏小达人',
  platform: 28,
  bid: 1550163791200820,
  aid: '1556781505570172',
  title: '今天寒假班第一期正式开跳！！从下午1点跳到晚上九点！那个酸爽！',
  desc: '0',
  class: '',
  tag: '',
  long_t: 30,
  v_img: 'https://timg01.bdimg.com/timg?%3Fpa=&imgtype=3&sec=1439619614&di=1a2eaedf85345f543a9afb348d4f12db&quality=50&size=f240_159&src=http%3A%2F%2Fmsp.baidu.com%2Fv1%2Fmediaspot%2F6b416190-dcbf-11e6-9126-79845944ebf6.png',
  v_url: 'http://baijiahao.baidu.com/s?id=1556781505570172',
  comment_num: 0,
  forward_num: 0,
  a_create_time: '1484749854',
  play_num: 12602 }
[2017-01-20 17:21:35.729] [DEBUG] 百度百家 - 百家号 1556781505570172 加入缓存队列
[2017-01-20 17:21:36.231] [DEBUG] 百度百家 - { author: '游戏小达人',
  platform: 28,
  bid: 1550163791200820,
  aid: '1556781500452011',
  title: '俄罗斯少女的薛之谦歌曲惊讶众人',
  desc: '0',
  class: '',
  tag: '',
  long_t: 211,
  v_img: 'https://timg01.bdimg.com/timg?%3Fpa=&imgtype=3&sec=1439619614&di=0fded1cf57268620c3d9a6f33975be42&quality=50&size=f240_159&src=http%3A%2F%2Fmsp.baidu.com%2Fv1%2Fmediaspot%2F685739f0-dcbf-11e6-820b-270b5a352a47.png',
  v_url: 'http://baijiahao.baidu.com/s?id=1556781500452011',
  comment_num: 0,
  forward_num: 0,
  a_create_time: '1484749791',
  play_num: 15905 }
[2017-01-20 17:21:36.239] [DEBUG] 百度百家 - 百家号 1556781500452011 加入缓存队列
[2017-01-20 17:21:36.432] [DEBUG] 百度百家 - { author: '游戏小达人',
  platform: 28,
  bid: 1550163791200820,
  aid: '1556781497652132',
  title: '这里夜景不错，圆圆的月亮，每天逛一逛',
  desc: '0',
  class: '',
  tag: '',
  long_t: 118,
  v_img: 'https://timg01.bdimg.com/timg?%3Fpa=&imgtype=3&sec=1439619614&di=50a47fec8121f640daefc3d2203dec6a&quality=50&size=f240_159&src=http%3A%2F%2Fmsp.baidu.com%2Fv1%2Fmediaspot%2F66c2b740-dcbf-11e6-98b0-ed83e0736839.png',
  v_url: 'http://baijiahao.baidu.com/s?id=1556781497652132',
  comment_num: 0,
  forward_num: 0,
  a_create_time: '1484749741',
  play_num: 12154 }
[2017-01-20 17:21:36.438] [DEBUG] 百度百家 - 百家号 1556781497652132 加入缓存队列
[2017-01-20 17:21:36.696] [DEBUG] 百度百家 - { author: '游戏小达人',
  platform: 28,
  bid: 1550163791200820,
  aid: '1556781483530352',
  title: '马超新皮肤〔恶灵骑士〕鉴赏，因为不可抗力因素视频没录完就中断了',
  desc: '0',
  class: '',
  tag: '',
  long_t: 150,
  v_img: 'https://timg01.bdimg.com/timg?%3Fpa=&imgtype=3&sec=1439619614&di=a5a16f5435afe50da5523d921cbf3f4d&quality=50&size=f240_159&src=http%3A%2F%2Fmsp.baidu.com%2Fv1%2Fmediaspot%2F5eb2cfe0-dcbf-11e6-872e-c7ba44b7a2b8.png',
  v_url: 'http://baijiahao.baidu.com/s?id=1556781483530352',
  comment_num: 0,
  forward_num: 0,
  a_create_time: '1484749376',
  play_num: 17524 }
[2017-01-20 17:21:36.702] [DEBUG] 百度百家 - 百家号 1556781483530352 加入缓存队列
[2017-01-20 17:21:36.904] [DEBUG] 百度百家 - { author: '游戏小达人',
  platform: 28,
  bid: 1550163791200820,
  aid: '1556781482590058',
  title: '菜鸡一枚，不喜勿喷',
  desc: '0',
  class: '',
  tag: '',
  long_t: 274,
  v_img: 'https://timg01.bdimg.com/timg?%3Fpa=&imgtype=3&sec=1439619614&di=61a6708000558c64c17bc53de95f1614&quality=50&size=f240_159&src=http%3A%2F%2Fmsp.baidu.com%2Fv1%2Fmediaspot%2F5e20a200-dcbf-11e6-872e-c7ba44b7a2b8.png',
  v_url: 'http://baijiahao.baidu.com/s?id=1556781482590058',
  comment_num: 0,
  forward_num: 0,
  a_create_time: '1484749270',
  play_num: 15702 }
[2017-01-20 17:21:36.910] [DEBUG] 百度百家 - 百家号 1556781482590058 加入缓存队列
[2017-01-20 17:21:37.192] [DEBUG] 百度百家 - { author: '游戏小达人',
  platform: 28,
  bid: 1550163791200820,
  aid: '1556781470295076',
  title: '善心汇符合国家政策国情，依法纳税，是可做的好项目。',
  desc: '0',
  class: '',
  tag: '',
  long_t: 110,
  v_img: 'https://timg01.bdimg.com/timg?%3Fpa=&imgtype=3&sec=1439619614&di=bdc5206a7495f22e9168b71115297347&quality=50&size=f240_159&src=http%3A%2F%2Fmsp.baidu.com%2Fv1%2Fmediaspot%2F572dc360-dcbf-11e6-9e7e-b35f39ed0256.png',
  v_url: 'http://baijiahao.baidu.com/s?id=1556781470295076',
  comment_num: 0,
  forward_num: 0,
  a_create_time: '1484749133',
  play_num: 14432 }
[2017-01-20 17:21:37.200] [DEBUG] 百度百家 - 百家号 1556781470295076 加入缓存队列
[2017-01-20 17:21:37.385] [DEBUG] 百度百家 - { author: '游戏小达人',
  platform: 28,
  bid: 1550163791200820,
  aid: '1556781467087122',
  title: '路飞问布鲁克会不会拉屎， 布鲁克亮了',
  desc: '0',
  class: '',
  tag: '',
  long_t: 313,
  v_img: 'https://timg01.bdimg.com/timg?%3Fpa=&imgtype=3&sec=1439619614&di=793868ec24e8d98403ec2b098b7f5b33&quality=50&size=f240_159&src=http%3A%2F%2Fmsp.baidu.com%2Fv1%2Fmediaspot%2F55627940-dcbf-11e6-98b0-ed83e0736839.png',
  v_url: 'http://baijiahao.baidu.com/s?id=1556781467087122',
  comment_num: 0,
  forward_num: 0,
  a_create_time: '1484749082',
  play_num: 15789 }
[2017-01-20 17:21:37.392] [DEBUG] 百度百家 - 百家号 1556781467087122 加入缓存队列
[2017-01-20 17:21:37.629] [DEBUG] 百度百家 - { author: '游戏小达人',
  platform: 28,
  bid: 1550163791200820,
  aid: '1556781464195649',
  title: '【高手在贴吧】如果可以哭、如果可以懦弱我也不想坚强。#二次元#',
  desc: '0',
  class: '',
  tag: '',
  long_t: 253,
  v_img: 'https://timg01.bdimg.com/timg?%3Fpa=&imgtype=3&sec=1439619614&di=4d70b2ddbe9dd5d85ddd7e831ab0ef9c&quality=50&size=f240_159&src=http%3A%2F%2Fmsp.baidu.com%2Fv1%2Fmediaspot%2F535ff280-dcbf-11e6-872e-c7ba44b7a2b8.png',
  v_url: 'http://baijiahao.baidu.com/s?id=1556781464195649',
  comment_num: 0,
  forward_num: 0,
  a_create_time: '1484749056',
  play_num: 17315 }
[2017-01-20 17:21:37.639] [DEBUG] 百度百家 - 百家号 1556781464195649 加入缓存队列
[2017-01-20 17:21:37.993] [DEBUG] 百度百家 - { author: '游戏小达人',
  platform: 28,
  bid: 1550163791200820,
  aid: '1556781459124409',
  title: '最搞笑的路飞 把僵尸安回去',
  desc: '0',
  class: '',
  tag: '',
  long_t: 151,
  v_img: 'https://timg01.bdimg.com/timg?%3Fpa=&imgtype=3&sec=1439619614&di=03f9cb352318e1f76a03130160e77240&quality=50&size=f240_159&src=http%3A%2F%2Fmsp.baidu.com%2Fv1%2Fmediaspot%2F50de77c0-dcbf-11e6-9126-79845944ebf6.png',
  v_url: 'http://baijiahao.baidu.com/s?id=1556781459124409',
  comment_num: 0,
  forward_num: 0,
  a_create_time: '1484749015',
  play_num: 13818 }
[2017-01-20 17:21:38.000] [DEBUG] 百度百家 - 百家号 1556781459124409 加入缓存队列
[2017-01-20 17:21:38.167] [DEBUG] 百度百家 - { author: '游戏小达人',
  platform: 28,
  bid: 1550163791200820,
  aid: '1556781454343673',
  title: '发三个视频 路飞牙齿被打爆',
  desc: '0',
  class: '',
  tag: '',
  long_t: 74,
  v_img: 'https://timg01.bdimg.com/timg?%3Fpa=&imgtype=3&sec=1439619614&di=ddc87d37cc4f94a28609d02b14edaf42&quality=50&size=f240_159&src=http%3A%2F%2Fmsp.baidu.com%2Fv1%2Fmediaspot%2F4e20b750-dcbf-11e6-820b-270b5a352a47.png',
  v_url: 'http://baijiahao.baidu.com/s?id=1556781454343673',
  comment_num: 0,
  forward_num: 0,
  a_create_time: '1484748851',
  play_num: 12223 }
[2017-01-20 17:21:38.172] [DEBUG] 百度百家 - 百家号 1556781454343673 加入缓存队列
[2017-01-20 17:21:38.407] [DEBUG] 百度百家 - { author: '游戏小达人',
  platform: 28,
  bid: 1550163791200820,
  aid: '1556781448987392',
  title: '【高手在贴吧】小伙子嘴厉害啊',
  desc: '0',
  class: '',
  tag: '',
  long_t: 168,
  v_img: 'https://timg01.bdimg.com/timg?%3Fpa=&imgtype=0&sec=1439619614&di=9be42bbef1ca2b0227174a1a59a71823&quality=50&size=f240_159&src=http%3A%2F%2Fmsp.baidu.com%2Fv1%2Fmediaspot%2F4b185950-dcbf-11e6-8e14-933527d93783.jpg',
  v_url: 'http://baijiahao.baidu.com/s?id=1556781448987392',
  comment_num: 0,
  forward_num: 0,
  a_create_time: '1484748816',
  play_num: 15250 }
[2017-01-20 17:21:38.413] [DEBUG] 百度百家 - 百家号 1556781448987392 加入缓存队列
[2017-01-20 17:21:38.658] [DEBUG] 百度百家 - { author: '游戏小达人',
  platform: 28,
  bid: 1550163791200820,
  aid: '1556781439608911',
  title: '其实我觉得自己是个英雄 还很酷',
  desc: '0',
  class: '',
  tag: '',
  long_t: 241,
  v_img: 'https://timg01.bdimg.com/timg?%3Fpa=&imgtype=3&sec=1439619614&di=2a528da7fc6bf85e305e4701a13a935b&quality=50&size=f240_159&src=http%3A%2F%2Fmsp.baidu.com%2Fv1%2Fmediaspot%2F45bb5cf0-dcbf-11e6-9126-79845944ebf6.png',
  v_url: 'http://baijiahao.baidu.com/s?id=1556781439608911',
  comment_num: 0,
  forward_num: 0,
  a_create_time: '1484748719',
  play_num: 15471 }
[2017-01-20 17:21:38.663] [DEBUG] 百度百家 - 百家号 1556781439608911 加入缓存队列
