[2016-11-30 18:42:20.515] [TRACE] 酷6 - DealWith instantiation ...
[2016-11-30 18:42:20.517] [TRACE] 酷6 - spiderCore instantiation ...
[2016-11-30 18:42:20.517] [TRACE] 酷6 - 启动函数
[2016-11-30 18:42:20.548] [DEBUG] 酷6 - 任务信息数据库连接建立...成功
[2016-11-30 18:42:20.548] [DEBUG] 酷6 - 缓存队列数据库连接建立...成功
[2016-11-30 18:42:20.548] [DEBUG] 酷6 - 创建数据库连接完毕
[2016-11-30 18:42:20.548] [INFO] 酷6 - { id: '24332580', name: 'UNIVERSE', p: '14' }
[2016-11-30 18:42:21.513] [ERROR] 酷6 - occur error :  { Error: getaddrinfo ENOTFOUND staging.caihongip.com staging.caihongip.com:80
    at errnoException (dns.js:28:10)
    at GetAddrInfoReqWrap.onlookup [as oncomplete] (dns.js:79:26)
  code: 'ENOTFOUND',
  errno: 'ENOTFOUND',
  syscall: 'getaddrinfo',
  hostname: 'staging.caihongip.com',
  host: 'staging.caihongip.com',
  port: 80 }
[2016-11-30 18:42:42.559] [ERROR] 酷6 - occur error :  { Error: connect ETIMEDOUT 100.98.39.12:80
    at Object.exports._errnoException (util.js:1007:11)
    at exports._exceptionWithHostPort (util.js:1030:20)
    at TCPConnectWrap.afterConnect [as oncomplete] (net.js:1080:14)
  code: 'ETIMEDOUT',
  errno: 'ETIMEDOUT',
  syscall: 'connect',
  address: '100.98.39.12',
  port: 80 }
[2016-11-30 18:42:42.559] [DEBUG] 酷6 - 开始获取视频总数
[2016-11-30 18:42:44.479] [DEBUG] 酷6 - 开始获取第1页视频列表
[2016-11-30 18:42:44.767] [DEBUG] 酷6 - 大西山逐格航拍版宣传片-------------------------------------
[2016-11-30 18:42:44.771] [DEBUG] 酷6 - 大西山逐格航拍版宣传片  || 标题
[2016-11-30 18:42:44.775] [DEBUG] 酷6 - 大西山,逐格航拍版,宣传片  || 标签
[2016-11-30 18:42:44.788] [DEBUG] 酷6 - 酷6视频 vtDrQ52rIj2xkoe52u8Anw.. 加入缓存队列
[2016-11-30 18:42:44.927] [DEBUG] 酷6 - 大西山四季版宣传片-------------------------------------
[2016-11-30 18:42:44.931] [DEBUG] 酷6 - 大西山四季版宣传片  || 标题
[2016-11-30 18:42:44.931] [DEBUG] 酷6 - null  || 标签
[2016-11-30 18:42:44.931] [DEBUG] 酷6 - 酷6视频 Jcio62AcGSQSPCQ6LPStdw.. 加入缓存队列
[2016-11-30 18:42:45.076] [DEBUG] 酷6 - 大西山总宣传片-------------------------------------
[2016-11-30 18:42:45.076] [DEBUG] 酷6 - 大西山总宣传片  || 标题
[2016-11-30 18:42:45.076] [DEBUG] 酷6 - null  || 标签
[2016-11-30 18:42:45.091] [DEBUG] 酷6 - 酷6视频 LZfPcdN7mlvp7d3vhZ_abA.. 加入缓存队列
[2016-11-30 18:42:45.224] [DEBUG] 酷6 - 熊黛林缎裙蜂腰露香肩 玉指纤纤晒签名-------------------------------------
[2016-11-30 18:42:45.228] [DEBUG] 酷6 - 熊黛林缎裙蜂腰露香肩 玉指纤纤晒签名  || 标题
[2016-11-30 18:42:45.234] [DEBUG] 酷6 - 熊黛林  || 标签
[2016-11-30 18:42:45.241] [DEBUG] 酷6 - 酷6视频 9o14Q6LNvl18mA74IicVWA.. 加入缓存队列
[2016-11-30 18:42:45.367] [DEBUG] 酷6 - 霍建华自推行李获赞 网友-这难道不正常？-------------------------------------
[2016-11-30 18:42:45.386] [DEBUG] 酷6 - 霍建华自推行李获赞 网友-这难道不正常？  || 标题
[2016-11-30 18:42:45.391] [DEBUG] 酷6 - 霍建华  || 标签
[2016-11-30 18:42:45.399] [DEBUG] 酷6 - 酷6视频 OpGS77ft1aI2t7zkJH8sPw.. 加入缓存队列
[2016-11-30 18:42:45.544] [DEBUG] 酷6 - 除了结婚怀孕 你们不知道的Anglebaby是这样的-------------------------------------
[2016-11-30 18:42:45.544] [DEBUG] 酷6 - 除了结婚怀孕 你们不知道的Anglebaby是这样的  || 标题
[2016-11-30 18:42:45.559] [DEBUG] 酷6 - Anglebaby  || 标签
[2016-11-30 18:42:45.559] [DEBUG] 酷6 - 酷6视频 fiFIDsRxHwZGy71RxuYCXg.. 加入缓存队列
[2016-11-30 18:42:45.703] [DEBUG] 酷6 - 炒作？郭敬明已删除“全家暴毙”博文-------------------------------------
[2016-11-30 18:42:45.707] [DEBUG] 酷6 - 炒作？郭敬明已删除“全家暴毙”博文  || 标题
[2016-11-30 18:42:45.712] [DEBUG] 酷6 - 郭敬明,全家暴毙,博文  || 标签
[2016-11-30 18:42:45.719] [DEBUG] 酷6 - 酷6视频 -Hn2DqbQ4-HWMPZZ_BUzDg.. 加入缓存队列
[2016-11-30 18:42:45.867] [DEBUG] 酷6 - 有喜了!49岁苏永康造人成功 老婆孕五个月-------------------------------------
[2016-11-30 18:42:45.884] [DEBUG] 酷6 - 有喜了!49岁苏永康造人成功 老婆孕五个月  || 标题
[2016-11-30 18:42:45.891] [DEBUG] 酷6 - 苏永康  || 标签
[2016-11-30 18:42:45.900] [DEBUG] 酷6 - 酷6视频 hyDBeYz63_hvqewiy9A4Fg.. 加入缓存队列
[2016-11-30 18:42:46.044] [DEBUG] 酷6 - 网曝杨幂加盟《扶摇皇后》 出演女主一角-------------------------------------
[2016-11-30 18:42:46.060] [DEBUG] 酷6 - 网曝杨幂加盟《扶摇皇后》 出演女主一角  || 标题
[2016-11-30 18:42:46.060] [DEBUG] 酷6 - 杨幂,扶摇皇后  || 标签
[2016-11-30 18:42:46.060] [DEBUG] 酷6 - 酷6视频 Rqr3xEzprt63vc5vqroWwg.. 加入缓存队列
[2016-11-30 18:42:46.203] [DEBUG] 酷6 - 老虎伤人主角现身 讲述虎口逃生后-------------------------------------
[2016-11-30 18:42:46.207] [DEBUG] 酷6 - 老虎伤人主角现身 讲述虎口逃生后  || 标题
[2016-11-30 18:42:46.210] [DEBUG] 酷6 - 老虎,咬人,八达岭,恐怖,伤人  || 标签
[2016-11-30 18:42:46.219] [DEBUG] 酷6 - 酷6视频 rRZsvFdIfOVs484gCbQ0EA.. 加入缓存队列
[2016-11-30 18:42:46.351] [DEBUG] 酷6 - 《唐僧扫雪记》唐僧扫雪表爱心 八戒惨被炖白菜-------------------------------------
[2016-11-30 18:42:46.367] [DEBUG] 酷6 - 《唐僧扫雪记》唐僧扫雪表爱心 八戒惨被炖白菜  || 标题
[2016-11-30 18:42:46.367] [DEBUG] 酷6 - 唐僧,大蝈小酱,恶搞西游  || 标签
[2016-11-30 18:42:46.387] [DEBUG] 酷6 - 酷6视频 HHzCEcm__fbBUKdf_0gYUg.. 加入缓存队列
[2016-11-30 18:42:46.543] [DEBUG] 酷6 - 王菲演唱会黄牛叫价惊人 第一排高达100万-------------------------------------
[2016-11-30 18:42:46.547] [DEBUG] 酷6 - 王菲演唱会黄牛叫价惊人 第一排高达100万  || 标题
[2016-11-30 18:42:46.550] [DEBUG] 酷6 - 王菲演唱会,黄牛  || 标签
[2016-11-30 18:42:46.558] [DEBUG] 酷6 - 酷6视频 4fijsHtCSqmQcnKS8uSTVA.. 加入缓存队列
[2016-11-30 18:42:46.696] [DEBUG] 酷6 - 赵默笙配肖奈？网曝唐嫣新剧或搭档井柏然-------------------------------------
[2016-11-30 18:42:46.701] [DEBUG] 酷6 - 赵默笙配肖奈？网曝唐嫣新剧或搭档井柏然  || 标题
[2016-11-30 18:42:46.705] [DEBUG] 酷6 - 赵默笙,肖奈,唐嫣,井柏然  || 标签
[2016-11-30 18:42:46.711] [DEBUG] 酷6 - 酷6视频 Vz3nx31b5o_8hUQsed1vaw.. 加入缓存队列
[2016-11-30 18:42:46.836] [DEBUG] 酷6 - 这是林宥嘉爱的女生 甜美可爱很小女人-------------------------------------
[2016-11-30 18:42:46.851] [DEBUG] 酷6 - 这是林宥嘉爱的女生 甜美可爱很小女人  || 标题
[2016-11-30 18:42:46.851] [DEBUG] 酷6 - 林宥嘉爱的女生,甜美可爱,很小女人  || 标签
[2016-11-30 18:42:46.851] [DEBUG] 酷6 - 酷6视频 EQEXqpykHkGQtDfTJ14ucw.. 加入缓存队列
[2016-11-30 18:42:47.011] [DEBUG] 酷6 - 谢娜盗图去水印被骂，不留作者名被疑不尊重粉丝-------------------------------------
[2016-11-30 18:42:47.013] [DEBUG] 酷6 - 谢娜盗图去水印被骂，不留作者名被疑不尊重粉丝  || 标题
[2016-11-30 18:42:47.013] [DEBUG] 酷6 - 谢娜,盗图  || 标签
[2016-11-30 18:42:47.013] [DEBUG] 酷6 - 酷6视频 djhBs5rkSnCWCkVfQ2usIA.. 加入缓存队列
[2016-11-30 18:42:47.168] [DEBUG] 酷6 - 真老司机！成龙早年影片曝光大展撩妹技能-------------------------------------
[2016-11-30 18:42:47.173] [DEBUG] 酷6 - 真老司机！成龙早年影片曝光大展撩妹技能  || 标题
[2016-11-30 18:42:47.177] [DEBUG] 酷6 - null  || 标签
[2016-11-30 18:42:47.184] [DEBUG] 酷6 - 酷6视频 AkbhiFAXnNFLimW1NgnYrg.. 加入缓存队列
[2016-11-30 18:42:47.321] [DEBUG] 酷6 - 王子文晒剧照_鬼马“曲妖精”变帅气“嘘嘘姐”-------------------------------------
[2016-11-30 18:42:47.321] [DEBUG] 酷6 - 王子文晒剧照_鬼马“曲妖精”变帅气“嘘嘘姐”  || 标题
[2016-11-30 18:42:47.336] [DEBUG] 酷6 - 王子文,晒剧照,鬼马“曲妖精”  || 标签
[2016-11-30 18:42:47.336] [DEBUG] 酷6 - 酷6视频 PXWGZI7EEnIXheK_Z4e7YA.. 加入缓存队列
[2016-11-30 18:42:47.478] [DEBUG] 酷6 - 杨幂套上裤子反露春光_短裙穿太多后遗症-------------------------------------
[2016-11-30 18:42:47.478] [DEBUG] 酷6 - 杨幂套上裤子反露春光_短裙穿太多后遗症  || 标题
[2016-11-30 18:42:47.478] [DEBUG] 酷6 - null  || 标签
[2016-11-30 18:42:47.493] [DEBUG] 酷6 - 酷6视频 J03C8GhjvszEkGx6URXr0Q.. 加入缓存队列
