[2016-11-30 18:46:43.254] [TRACE] 酷6 - DealWith instantiation ...
[2016-11-30 18:46:43.264] [TRACE] 酷6 - spiderCore instantiation ...
[2016-11-30 18:46:43.266] [TRACE] 酷6 - 启动函数
[2016-11-30 18:46:43.291] [DEBUG] 酷6 - 任务信息数据库连接建立...成功
[2016-11-30 18:46:43.291] [DEBUG] 酷6 - 缓存队列数据库连接建立...成功
[2016-11-30 18:46:43.291] [DEBUG] 酷6 - 创建数据库连接完毕
[2016-11-30 18:46:43.291] [INFO] 酷6 - { id: '24332580', name: 'UNIVERSE', p: '14' }
[2016-11-30 18:46:44.983] [ERROR] 酷6 - occur error :  { Error: getaddrinfo ENOTFOUND staging.caihongip.com staging.caihongip.com:80
    at errnoException (dns.js:28:10)
    at GetAddrInfoReqWrap.onlookup [as oncomplete] (dns.js:79:26)
  code: 'ENOTFOUND',
  errno: 'ENOTFOUND',
  syscall: 'getaddrinfo',
  hostname: 'staging.caihongip.com',
  host: 'staging.caihongip.com',
  port: 80 }
[2016-11-30 18:47:06.016] [ERROR] 酷6 - occur error :  { Error: connect ETIMEDOUT 100.98.39.12:80
    at Object.exports._errnoException (util.js:1007:11)
    at exports._exceptionWithHostPort (util.js:1030:20)
    at TCPConnectWrap.afterConnect [as oncomplete] (net.js:1080:14)
  code: 'ETIMEDOUT',
  errno: 'ETIMEDOUT',
  syscall: 'connect',
  address: '100.98.39.12',
  port: 80 }
[2016-11-30 18:47:06.020] [DEBUG] 酷6 - 开始获取视频总数
[2016-11-30 18:47:07.179] [DEBUG] 酷6 - 开始获取第1页视频列表
[2016-11-30 18:47:07.823] [DEBUG] 酷6 - 大西山逐格航拍版宣传片  || 标题
[2016-11-30 18:47:07.823] [DEBUG] 酷6 - 大西山,逐格航拍版,宣传片  || 标签
[2016-11-30 18:47:07.838] [DEBUG] 酷6 - 酷6视频 vtDrQ52rIj2xkoe52u8Anw.. 加入缓存队列
[2016-11-30 18:47:08.019] [DEBUG] 酷6 - 大西山四季版宣传片  || 标题
[2016-11-30 18:47:08.019] [DEBUG] 酷6 - null  || 标签
[2016-11-30 18:47:08.019] [DEBUG] 酷6 - 酷6视频 Jcio62AcGSQSPCQ6LPStdw.. 加入缓存队列
[2016-11-30 18:47:08.228] [DEBUG] 酷6 - 大西山总宣传片  || 标题
[2016-11-30 18:47:08.230] [DEBUG] 酷6 - null  || 标签
[2016-11-30 18:47:08.234] [DEBUG] 酷6 - 酷6视频 LZfPcdN7mlvp7d3vhZ_abA.. 加入缓存队列
[2016-11-30 18:47:08.396] [DEBUG] 酷6 - 熊黛林缎裙蜂腰露香肩 玉指纤纤晒签名  || 标题
[2016-11-30 18:47:08.401] [DEBUG] 酷6 - 熊黛林  || 标签
[2016-11-30 18:47:08.409] [DEBUG] 酷6 - 酷6视频 9o14Q6LNvl18mA74IicVWA.. 加入缓存队列
[2016-11-30 18:47:08.550] [DEBUG] 酷6 - 霍建华自推行李获赞 网友-这难道不正常？  || 标题
[2016-11-30 18:47:08.550] [DEBUG] 酷6 - 霍建华  || 标签
[2016-11-30 18:47:08.565] [DEBUG] 酷6 - 酷6视频 OpGS77ft1aI2t7zkJH8sPw.. 加入缓存队列
[2016-11-30 18:47:08.771] [DEBUG] 酷6 - 除了结婚怀孕 你们不知道的Anglebaby是这样的  || 标题
[2016-11-30 18:47:08.776] [DEBUG] 酷6 - Anglebaby  || 标签
[2016-11-30 18:47:08.788] [DEBUG] 酷6 - 酷6视频 fiFIDsRxHwZGy71RxuYCXg.. 加入缓存队列
[2016-11-30 18:47:08.934] [DEBUG] 酷6 - 炒作？郭敬明已删除“全家暴毙”博文  || 标题
[2016-11-30 18:47:08.934] [DEBUG] 酷6 - 郭敬明,全家暴毙,博文  || 标签
[2016-11-30 18:47:08.950] [DEBUG] 酷6 - 酷6视频 -Hn2DqbQ4-HWMPZZ_BUzDg.. 加入缓存队列
[2016-11-30 18:47:09.533] [DEBUG] 酷6 - 有喜了!49岁苏永康造人成功 老婆孕五个月  || 标题
[2016-11-30 18:47:09.533] [DEBUG] 酷6 - 苏永康  || 标签
[2016-11-30 18:47:09.549] [DEBUG] 酷6 - 酷6视频 hyDBeYz63_hvqewiy9A4Fg.. 加入缓存队列
[2016-11-30 18:47:09.708] [DEBUG] 酷6 - 网曝杨幂加盟《扶摇皇后》 出演女主一角  || 标题
[2016-11-30 18:47:09.712] [DEBUG] 酷6 - 杨幂,扶摇皇后  || 标签
[2016-11-30 18:47:09.720] [DEBUG] 酷6 - 酷6视频 Rqr3xEzprt63vc5vqroWwg.. 加入缓存队列
[2016-11-30 18:47:10.156] [DEBUG] 酷6 - 老虎伤人主角现身 讲述虎口逃生后  || 标题
[2016-11-30 18:47:10.160] [DEBUG] 酷6 - 老虎,咬人,八达岭,恐怖,伤人  || 标签
[2016-11-30 18:47:10.168] [DEBUG] 酷6 - 酷6视频 rRZsvFdIfOVs484gCbQ0EA.. 加入缓存队列
[2016-11-30 18:47:10.318] [DEBUG] 酷6 - 《唐僧扫雪记》唐僧扫雪表爱心 八戒惨被炖白菜  || 标题
[2016-11-30 18:47:10.320] [DEBUG] 酷6 - 唐僧,大蝈小酱,恶搞西游  || 标签
[2016-11-30 18:47:10.327] [DEBUG] 酷6 - 酷6视频 HHzCEcm__fbBUKdf_0gYUg.. 加入缓存队列
[2016-11-30 18:47:10.465] [DEBUG] 酷6 - 王菲演唱会黄牛叫价惊人 第一排高达100万  || 标题
[2016-11-30 18:47:10.465] [DEBUG] 酷6 - 王菲演唱会,黄牛  || 标签
[2016-11-30 18:47:10.480] [DEBUG] 酷6 - 酷6视频 4fijsHtCSqmQcnKS8uSTVA.. 加入缓存队列
[2016-11-30 18:47:10.626] [DEBUG] 酷6 - 赵默笙配肖奈？网曝唐嫣新剧或搭档井柏然  || 标题
[2016-11-30 18:47:10.641] [DEBUG] 酷6 - 赵默笙,肖奈,唐嫣,井柏然  || 标签
[2016-11-30 18:47:10.657] [DEBUG] 酷6 - 酷6视频 Vz3nx31b5o_8hUQsed1vaw.. 加入缓存队列
[2016-11-30 18:47:10.807] [DEBUG] 酷6 - 这是林宥嘉爱的女生 甜美可爱很小女人  || 标题
[2016-11-30 18:47:10.807] [DEBUG] 酷6 - 林宥嘉爱的女生,甜美可爱,很小女人  || 标签
[2016-11-30 18:47:10.807] [DEBUG] 酷6 - 酷6视频 EQEXqpykHkGQtDfTJ14ucw.. 加入缓存队列
[2016-11-30 18:47:10.965] [DEBUG] 酷6 - 谢娜盗图去水印被骂，不留作者名被疑不尊重粉丝  || 标题
[2016-11-30 18:47:10.965] [DEBUG] 酷6 - 谢娜,盗图  || 标签
[2016-11-30 18:47:10.981] [DEBUG] 酷6 - 酷6视频 djhBs5rkSnCWCkVfQ2usIA.. 加入缓存队列
[2016-11-30 18:47:11.126] [DEBUG] 酷6 - 真老司机！成龙早年影片曝光大展撩妹技能  || 标题
[2016-11-30 18:47:11.126] [DEBUG] 酷6 - null  || 标签
[2016-11-30 18:47:11.126] [DEBUG] 酷6 - 酷6视频 AkbhiFAXnNFLimW1NgnYrg.. 加入缓存队列
