[2016-11-30 16:31:31.666] [TRACE] 酷6 - DealWith instantiation ...
[2016-11-30 16:31:31.673] [TRACE] 酷6 - spiderCore instantiation ...
[2016-11-30 16:31:31.675] [TRACE] 酷6 - 启动函数
[2016-11-30 16:31:31.704] [DEBUG] 酷6 - 任务信息数据库连接建立...成功
[2016-11-30 16:31:31.709] [DEBUG] 酷6 - 缓存队列数据库连接建立...成功
[2016-11-30 16:31:31.711] [DEBUG] 酷6 - 创建数据库连接完毕
[2016-11-30 16:31:31.713] [INFO] 酷6 - { id: '24875965', name: '陈翔六点半', p: '14' }
[2016-11-30 16:31:32.564] [ERROR] 酷6 - occur error :  { Error: getaddrinfo ENOTFOUND staging.caihongip.com staging.caihongip.com:80
    at errnoException (dns.js:28:10)
    at GetAddrInfoReqWrap.onlookup [as oncomplete] (dns.js:79:26)
  code: 'ENOTFOUND',
  errno: 'ENOTFOUND',
  syscall: 'getaddrinfo',
  hostname: 'staging.caihongip.com',
  host: 'staging.caihongip.com',
  port: 80 }
[2016-11-30 16:31:53.580] [ERROR] 酷6 - occur error :  { Error: connect ETIMEDOUT 100.98.39.12:80
    at Object.exports._errnoException (util.js:1007:11)
    at exports._exceptionWithHostPort (util.js:1030:20)
    at TCPConnectWrap.afterConnect [as oncomplete] (net.js:1080:14)
  code: 'ETIMEDOUT',
  errno: 'ETIMEDOUT',
  syscall: 'connect',
  address: '100.98.39.12',
  port: 80 }
[2016-11-30 16:31:53.580] [DEBUG] 酷6 - 开始获取视频总数
[2016-11-30 16:31:54.776] [DEBUG] 酷6 - 开始获取第1页视频列表
[2016-11-30 16:31:55.066] [DEBUG] 酷6 - undefined
[2016-11-30 16:31:55.082] [DEBUG] 酷6 - 酷6视频 axah0gJ5aUycxX-XJVwiJg.. 加入缓存队列
[2016-11-30 16:31:55.229] [DEBUG] 酷6 - undefined
[2016-11-30 16:31:55.229] [DEBUG] 酷6 - 酷6视频 0iKPluBS72wwHemtwgmE2g.. 加入缓存队列
[2016-11-30 16:31:55.407] [DEBUG] 酷6 - undefined
[2016-11-30 16:31:55.407] [DEBUG] 酷6 - 酷6视频 5lDq5GN09OGKleSDl0rI5Q.. 加入缓存队列
[2016-11-30 16:31:55.564] [DEBUG] 酷6 - undefined
[2016-11-30 16:31:55.570] [DEBUG] 酷6 - 酷6视频 w57IyfSjvjtvWqNLL8rFHw.. 加入缓存队列
[2016-11-30 16:31:55.730] [DEBUG] 酷6 - undefined
[2016-11-30 16:31:55.730] [DEBUG] 酷6 - 酷6视频 8ybzWg7d5wiKJtifXIc11g.. 加入缓存队列
[2016-11-30 16:31:55.892] [DEBUG] 酷6 - undefined
[2016-11-30 16:31:55.892] [DEBUG] 酷6 - 酷6视频 iV1lBa4pVnzGtDc4Bxg4mg.. 加入缓存队列
[2016-11-30 16:31:56.032] [DEBUG] 酷6 - undefined
[2016-11-30 16:31:56.048] [DEBUG] 酷6 - 酷6视频 N8Gs4ApP9uKfoGDsmDTitg.. 加入缓存队列
[2016-11-30 16:31:56.199] [DEBUG] 酷6 - undefined
[2016-11-30 16:31:56.205] [DEBUG] 酷6 - 酷6视频 _FlHI7tk7NNJeZc7yzIG6A.. 加入缓存队列
[2016-11-30 16:31:56.361] [DEBUG] 酷6 - undefined
[2016-11-30 16:31:56.361] [DEBUG] 酷6 - 酷6视频 IZw7494Oem-62eXk4E_Jyw.. 加入缓存队列
[2016-11-30 16:31:56.955] [DEBUG] 酷6 - undefined
[2016-11-30 16:31:56.971] [DEBUG] 酷6 - 酷6视频 6VwTx5dw9P8_EUQYxli_LQ.. 加入缓存队列
[2016-11-30 16:31:57.132] [DEBUG] 酷6 - undefined
[2016-11-30 16:31:57.132] [DEBUG] 酷6 - 酷6视频 rH0pt4DUOPuqb_jK1qzN_Q.. 加入缓存队列
[2016-11-30 16:31:57.337] [DEBUG] 酷6 - undefined
[2016-11-30 16:31:57.345] [DEBUG] 酷6 - 酷6视频 a8orSzgXEGJ5Tuv_YSDsEw.. 加入缓存队列
[2016-11-30 16:31:57.486] [DEBUG] 酷6 - undefined
[2016-11-30 16:31:57.486] [DEBUG] 酷6 - 酷6视频 4Y3gd0JfjD62Cl34HtEmmg.. 加入缓存队列
[2016-11-30 16:31:57.631] [DEBUG] 酷6 - undefined
[2016-11-30 16:31:57.653] [DEBUG] 酷6 - 酷6视频 E-3DY-AJ6gLbE8CL5zfyCg.. 加入缓存队列
[2016-11-30 16:31:57.807] [DEBUG] 酷6 - undefined
[2016-11-30 16:31:57.807] [DEBUG] 酷6 - 酷6视频 6ieIfYq0GvNh361t3AvaYQ.. 加入缓存队列
[2016-11-30 16:31:57.985] [DEBUG] 酷6 - undefined
[2016-11-30 16:31:57.985] [DEBUG] 酷6 - 开始获取第2页视频列表
[2016-11-30 16:31:58.001] [DEBUG] 酷6 - 酷6视频 qiGIqNLQrfuaOPKoFhRssQ.. 加入缓存队列
[2016-11-30 16:31:58.291] [DEBUG] 酷6 - undefined
[2016-11-30 16:31:58.307] [DEBUG] 酷6 - 酷6视频 pXghSy_4ej9gHiM601TO6A.. 加入缓存队列
[2016-11-30 16:31:58.469] [DEBUG] 酷6 - undefined
[2016-11-30 16:31:58.469] [DEBUG] 酷6 - 酷6视频 CTQSt0nPalofUkRD-4myeQ.. 加入缓存队列
[2016-11-30 16:31:58.629] [DEBUG] 酷6 - undefined
[2016-11-30 16:31:58.629] [DEBUG] 酷6 - 酷6视频 VL3ekJfejKJwB0oVsLk8Gg.. 加入缓存队列
[2016-11-30 16:31:58.792] [DEBUG] 酷6 - undefined
[2016-11-30 16:31:58.792] [DEBUG] 酷6 - 酷6视频 WjKfPuAke49pu7qyZMZpng.. 加入缓存队列
[2016-11-30 16:31:58.985] [DEBUG] 酷6 - undefined
[2016-11-30 16:31:58.985] [DEBUG] 酷6 - 酷6视频 7khF8KvyUPjqgLgNVv6o8w.. 加入缓存队列
[2016-11-30 16:31:59.161] [DEBUG] 酷6 - undefined
[2016-11-30 16:31:59.167] [DEBUG] 酷6 - 酷6视频 w5y2JpgRZ-AH6ZvdhBHWXA.. 加入缓存队列
[2016-11-30 16:31:59.345] [DEBUG] 酷6 - undefined
[2016-11-30 16:31:59.345] [DEBUG] 酷6 - 酷6视频 TXbIXmITAfupJEcVSI5KrQ.. 加入缓存队列
[2016-11-30 16:31:59.485] [DEBUG] 酷6 - undefined
[2016-11-30 16:31:59.501] [DEBUG] 酷6 - 酷6视频 o3nj3RJDWt-_rswwHhG4Vw.. 加入缓存队列
[2016-11-30 16:31:59.646] [DEBUG] 酷6 - undefined
[2016-11-30 16:31:59.652] [DEBUG] 酷6 - 酷6视频 4fgf-dEFJ71SSzXmRKueVg.. 加入缓存队列
[2016-11-30 16:31:59.792] [DEBUG] 酷6 - undefined
[2016-11-30 16:31:59.792] [DEBUG] 酷6 - 酷6视频 fZU4iQvhnJhJHd9NRAVhng.. 加入缓存队列
[2016-11-30 16:31:59.970] [DEBUG] 酷6 - undefined
[2016-11-30 16:31:59.970] [DEBUG] 酷6 - 酷6视频 0X9PD4JsMzTlosjywYAglQ.. 加入缓存队列
[2016-11-30 16:32:03.155] [DEBUG] 酷6 - undefined
[2016-11-30 16:32:03.162] [DEBUG] 酷6 - 酷6视频 qdXqTC7Wmj7AjNY1GN_xnQ.. 加入缓存队列
[2016-11-30 16:32:03.308] [DEBUG] 酷6 - undefined
[2016-11-30 16:32:03.330] [DEBUG] 酷6 - 酷6视频 zD8fdIZSXtxWoAnAJNbd9w.. 加入缓存队列
[2016-11-30 16:32:03.501] [DEBUG] 酷6 - undefined
[2016-11-30 16:32:03.501] [DEBUG] 酷6 - 酷6视频 M--6T_zqEez7quSrHM5HSQ.. 加入缓存队列
[2016-11-30 16:32:03.703] [DEBUG] 酷6 - undefined
[2016-11-30 16:32:03.715] [DEBUG] 酷6 - 酷6视频 nl6KTsrVpO1czgFioJRSJg.. 加入缓存队列
[2016-11-30 16:32:03.845] [DEBUG] 酷6 - undefined
[2016-11-30 16:32:03.861] [DEBUG] 酷6 - 酷6视频 rGKsU7MTBHUciSlt56etLw.. 加入缓存队列
[2016-11-30 16:32:04.033] [DEBUG] 酷6 - undefined
[2016-11-30 16:32:04.033] [DEBUG] 酷6 - 酷6视频 EEYIymHAaOaUWE2Ib6LFfQ.. 加入缓存队列
[2016-11-30 16:32:04.224] [DEBUG] 酷6 - undefined
[2016-11-30 16:32:04.231] [DEBUG] 酷6 - 酷6视频 huiU3zf4nc7hUaDnbi13nA.. 加入缓存队列
[2016-11-30 16:32:04.408] [DEBUG] 酷6 - undefined
[2016-11-30 16:32:04.408] [DEBUG] 酷6 - 开始获取第3页视频列表
[2016-11-30 16:32:04.423] [DEBUG] 酷6 - 酷6视频 BDMz9eZ8M_syCNZHoZ3WYQ.. 加入缓存队列
[2016-11-30 16:32:05.307] [DEBUG] 酷6 - undefined
[2016-11-30 16:32:05.307] [DEBUG] 酷6 - 酷6视频 zjhItBHKM_8vY8f5SyT9Yg.. 加入缓存队列
[2016-11-30 16:32:05.454] [DEBUG] 酷6 - undefined
[2016-11-30 16:32:05.470] [DEBUG] 酷6 - 酷6视频 TSOxxi7twtOgq9VkwbaT7w.. 加入缓存队列
[2016-11-30 16:32:05.651] [DEBUG] 酷6 - undefined
[2016-11-30 16:32:05.666] [DEBUG] 酷6 - 酷6视频 MS0yphAaI2cXD3UvN3OyXA.. 加入缓存队列
[2016-11-30 16:32:05.844] [DEBUG] 酷6 - undefined
[2016-11-30 16:32:05.844] [DEBUG] 酷6 - 酷6视频 IJBbAjGVLxBp2WqwKowd9g.. 加入缓存队列
[2016-11-30 16:32:05.985] [DEBUG] 酷6 - undefined
[2016-11-30 16:32:06.001] [DEBUG] 酷6 - 酷6视频 DjcnV3G_LcIOt4JidvQrfQ.. 加入缓存队列
[2016-11-30 16:32:06.159] [DEBUG] 酷6 - undefined
[2016-11-30 16:32:06.167] [DEBUG] 酷6 - 酷6视频 qpxpo3bo2Zu3oWyGHfkxMQ.. 加入缓存队列
[2016-11-30 16:32:06.307] [DEBUG] 酷6 - undefined
[2016-11-30 16:32:06.307] [DEBUG] 酷6 - 酷6视频 Uw-xr_isgZWsIYXVNyyfdg.. 加入缓存队列
[2016-11-30 16:32:06.469] [DEBUG] 酷6 - undefined
[2016-11-30 16:32:06.469] [DEBUG] 酷6 - 酷6视频 uPltC3PAtNrc5v9G5rdUGQ.. 加入缓存队列
[2016-11-30 16:32:06.626] [DEBUG] 酷6 - undefined
[2016-11-30 16:32:06.626] [DEBUG] 酷6 - 酷6视频 zD_ag-teqPiM5Bc7bB_ETw.. 加入缓存队列
[2016-11-30 16:32:06.791] [DEBUG] 酷6 - undefined
[2016-11-30 16:32:06.807] [DEBUG] 酷6 - 酷6视频 -12lBUPN3hqkSz9MdYlfLg.. 加入缓存队列
[2016-11-30 16:32:06.938] [DEBUG] 酷6 - undefined
[2016-11-30 16:32:06.954] [DEBUG] 酷6 - 酷6视频 00soyho3GIc9K4ZTz08b3A.. 加入缓存队列
[2016-11-30 16:32:07.126] [DEBUG] 酷6 - undefined
[2016-11-30 16:32:07.126] [DEBUG] 酷6 - 酷6视频 wpalJg0v7MrxzCNNzOT-Fg.. 加入缓存队列
[2016-11-30 16:32:07.334] [DEBUG] 酷6 - undefined
[2016-11-30 16:32:07.339] [DEBUG] 酷6 - 酷6视频 GHU12_FhGSC-tfwKnfeQQA.. 加入缓存队列
[2016-11-30 16:32:07.538] [DEBUG] 酷6 - undefined
[2016-11-30 16:32:07.543] [DEBUG] 酷6 - 酷6视频 UgFLmN9jI_ATZsLpO7TBLQ.. 加入缓存队列
[2016-11-30 16:32:07.714] [DEBUG] 酷6 - undefined
[2016-11-30 16:32:07.720] [DEBUG] 酷6 - 酷6视频 LOuM6nW27TVvXTE03Ebd7w.. 加入缓存队列
[2016-11-30 16:32:07.891] [DEBUG] 酷6 - undefined
[2016-11-30 16:32:07.891] [DEBUG] 酷6 - 酷6视频 obuuzyP8OCxCvklYMsmV7g.. 加入缓存队列
[2016-11-30 16:32:08.064] [DEBUG] 酷6 - undefined
[2016-11-30 16:32:08.064] [DEBUG] 酷6 - 酷6视频 CDp0kt_nADKBapyGs1_68w.. 加入缓存队列
[2016-11-30 16:32:08.307] [DEBUG] 酷6 - undefined
[2016-11-30 16:32:08.327] [DEBUG] 酷6 - 酷6视频 FOFgfZX80XEKlsWt88Jczw.. 加入缓存队列
[2016-11-30 16:32:08.469] [DEBUG] 酷6 - undefined
[2016-11-30 16:32:08.469] [DEBUG] 酷6 - 酷6视频 XxVwvubry9pYRc4O3i-DOw.. 加入缓存队列
[2016-11-30 16:32:08.648] [DEBUG] 酷6 - undefined
[2016-11-30 16:32:08.651] [DEBUG] 酷6 - 开始获取第4页视频列表
[2016-11-30 16:32:08.658] [DEBUG] 酷6 - 酷6视频 Odl0HAW1BQpREn5okTsANw.. 加入缓存队列
[2016-11-30 16:32:08.954] [DEBUG] 酷6 - undefined
[2016-11-30 16:32:08.970] [DEBUG] 酷6 - 酷6视频 CM7u9JD2M_mzay5DA5Vzeg.. 加入缓存队列
[2016-11-30 16:32:09.127] [DEBUG] 酷6 - undefined
[2016-11-30 16:32:09.145] [DEBUG] 酷6 - 酷6视频 hNVBcxqjy7iAx-Jh3SHqLw.. 加入缓存队列
[2016-11-30 16:32:09.307] [DEBUG] 酷6 - undefined
[2016-11-30 16:32:09.307] [DEBUG] 酷6 - 酷6视频 E7fHY_d7WMs3qADuIW8QDg.. 加入缓存队列
[2016-11-30 16:32:09.454] [DEBUG] 酷6 - undefined
[2016-11-30 16:32:09.470] [DEBUG] 酷6 - 酷6视频 o5Nrqy8IQ3SceNki5yy0hw.. 加入缓存队列
[2016-11-30 16:32:09.723] [DEBUG] 酷6 - undefined
[2016-11-30 16:32:09.727] [DEBUG] 酷6 - 酷6视频 GIBkYos6UgMxnrvT6vAijw.. 加入缓存队列
[2016-11-30 16:32:09.876] [DEBUG] 酷6 - undefined
[2016-11-30 16:32:09.876] [DEBUG] 酷6 - 酷6视频 t3cjoS8uvqvtFqGzYG2Zyg.. 加入缓存队列
[2016-11-30 16:32:10.033] [DEBUG] 酷6 - undefined
[2016-11-30 16:32:10.033] [DEBUG] 酷6 - 酷6视频 Zk9RdE7GJjDM6N6Nac54NQ.. 加入缓存队列
[2016-11-30 16:32:10.210] [DEBUG] 酷6 - undefined
[2016-11-30 16:32:10.217] [DEBUG] 酷6 - 酷6视频 6OYmUstnZC0f0ZR32OuTgQ.. 加入缓存队列
[2016-11-30 16:32:10.392] [DEBUG] 酷6 - undefined
[2016-11-30 16:32:10.407] [DEBUG] 酷6 - 酷6视频 cgLeWK6n-S_MwSSAW3OoNQ.. 加入缓存队列
[2016-11-30 16:32:10.551] [DEBUG] 酷6 - undefined
[2016-11-30 16:32:10.551] [DEBUG] 酷6 - 酷6视频 X71uGKiPRPU-EAxG0rS7rw.. 加入缓存队列
[2016-11-30 16:32:10.714] [DEBUG] 酷6 - undefined
[2016-11-30 16:32:10.718] [DEBUG] 酷6 - 酷6视频 8QYpm1cxTOO0-ZIrE22Ohg.. 加入缓存队列
[2016-11-30 16:32:10.861] [DEBUG] 酷6 - undefined
[2016-11-30 16:32:10.861] [DEBUG] 酷6 - 酷6视频 BBNywCuTnF8wDylIRXdt8Q.. 加入缓存队列
[2016-11-30 16:32:11.245] [DEBUG] 酷6 - undefined
[2016-11-30 16:32:11.261] [DEBUG] 酷6 - 酷6视频 v0B-ArnhBhbPF-fHNy-95A.. 加入缓存队列
[2016-11-30 16:32:11.876] [DEBUG] 酷6 - undefined
[2016-11-30 16:32:11.892] [DEBUG] 酷6 - 酷6视频 dR17uUsGO5uhFSr4DHxUDg.. 加入缓存队列
[2016-11-30 16:32:12.089] [DEBUG] 酷6 - undefined
[2016-11-30 16:32:12.095] [DEBUG] 酷6 - 酷6视频 txYBvGcIjY42CYJh9O1Tdg.. 加入缓存队列
[2016-11-30 16:32:12.549] [DEBUG] 酷6 - undefined
[2016-11-30 16:32:12.549] [DEBUG] 酷6 - 酷6视频 LAS9iaphVy27DFqOjj2Mgw.. 加入缓存队列
[2016-11-30 16:32:12.718] [DEBUG] 酷6 - undefined
[2016-11-30 16:32:12.724] [DEBUG] 酷6 - 酷6视频 9-r1RalbRjF67WyS13TlEg.. 加入缓存队列
[2016-11-30 16:32:12.860] [DEBUG] 酷6 - undefined
[2016-11-30 16:32:12.876] [DEBUG] 酷6 - 开始获取第5页视频列表
[2016-11-30 16:32:12.876] [DEBUG] 酷6 - 酷6视频 q8AsnYWUOYc43BGycgPJ6w.. 加入缓存队列
[2016-11-30 16:32:13.111] [DEBUG] 酷6 - undefined
[2016-11-30 16:32:13.127] [DEBUG] 酷6 - 酷6视频 SEMY6bhEZqVGEwGt1fL_1A.. 加入缓存队列
[2016-11-30 16:32:13.292] [DEBUG] 酷6 - undefined
[2016-11-30 16:32:13.292] [DEBUG] 酷6 - 酷6视频 If5LcIClVq9iINjr9OkrCg.. 加入缓存队列
[2016-11-30 16:32:13.454] [DEBUG] 酷6 - undefined
[2016-11-30 16:32:13.454] [DEBUG] 酷6 - 酷6视频 X8UjMXlEgptRPa9Dh51_gg.. 加入缓存队列
[2016-11-30 16:32:13.620] [DEBUG] 酷6 - undefined
[2016-11-30 16:32:13.620] [DEBUG] 酷6 - 酷6视频 B5gkE5nkBB0Tg8-qtwGTyg.. 加入缓存队列
[2016-11-30 16:32:13.779] [DEBUG] 酷6 - undefined
[2016-11-30 16:32:13.779] [DEBUG] 酷6 - 酷6视频 xVpUOtYcevp6qhPshiQQgw.. 加入缓存队列
[2016-11-30 16:32:13.939] [DEBUG] 酷6 - undefined
[2016-11-30 16:32:13.939] [DEBUG] 酷6 - 酷6视频 kI1uHhhkRwgjFxPzZqfQKg.. 加入缓存队列
[2016-11-30 16:32:14.127] [DEBUG] 酷6 - undefined
[2016-11-30 16:32:14.127] [DEBUG] 酷6 - result :  { user: '用户信息已返回', media: '视频信息已返回' }
[2016-11-30 16:32:14.153] [DEBUG] 酷6 - 酷6视频 hqdN6wYfDvQQNvHuj4WRsA.. 加入缓存队列
