[2016-11-30 15:52:50.224] [TRACE] 酷6 - DealWith instantiation ...
[2016-11-30 15:52:50.239] [TRACE] 酷6 - spiderCore instantiation ...
[2016-11-30 15:52:50.239] [TRACE] 酷6 - 启动函数
[2016-11-30 15:52:50.270] [DEBUG] 酷6 - 任务信息数据库连接建立...成功
[2016-11-30 15:52:50.270] [DEBUG] 酷6 - 缓存队列数据库连接建立...成功
[2016-11-30 15:52:50.270] [DEBUG] 酷6 - 创建数据库连接完毕
[2016-11-30 15:52:50.270] [INFO] 酷6 - {}
[2016-11-30 15:52:50.412] [ERROR] 酷6 - occur error :  { Error: getaddrinfo ENOTFOUND staging.caihongip.com staging.caihongip.com:80
    at errnoException (dns.js:28:10)
    at GetAddrInfoReqWrap.onlookup [as oncomplete] (dns.js:79:26)
  code: 'ENOTFOUND',
  errno: 'ENOTFOUND',
  syscall: 'getaddrinfo',
  hostname: 'staging.caihongip.com',
  host: 'staging.caihongip.com',
  port: 80 }
[2016-11-30 15:53:11.442] [ERROR] 酷6 - occur error :  { Error: connect ETIMEDOUT 100.98.39.12:80
    at Object.exports._errnoException (util.js:1007:11)
    at exports._exceptionWithHostPort (util.js:1030:20)
    at TCPConnectWrap.afterConnect [as oncomplete] (net.js:1080:14)
  code: 'ETIMEDOUT',
  errno: 'ETIMEDOUT',
  syscall: 'connect',
  address: '100.98.39.12',
  port: 80 }
[2016-11-30 15:53:11.458] [DEBUG] 酷6 - 开始获取视频总数
[2016-11-30 15:53:11.458] [DEBUG] 酷6 - http://my.ku6.com/channel/getuploadvideos?channel=undefined
[2016-11-30 15:53:15.348] [DEBUG] 酷6 - result :  { user: '用户信息已返回', media: '视频信息已返回' }
[2016-11-30 15:53:36.410] [ERROR] 酷6 - occur error :  { Error: connect ETIMEDOUT 100.98.39.12:80
    at Object.exports._errnoException (util.js:1007:11)
    at exports._exceptionWithHostPort (util.js:1030:20)
    at TCPConnectWrap.afterConnect [as oncomplete] (net.js:1080:14)
  code: 'ETIMEDOUT',
  errno: 'ETIMEDOUT',
  syscall: 'connect',
  address: '100.98.39.12',
  port: 80 }
