[2016-11-30 18:25:05.535] [TRACE] 酷6 - DealWith instantiation ...
[2016-11-30 18:25:05.535] [TRACE] 酷6 - spiderCore instantiation ...
[2016-11-30 18:25:05.535] [TRACE] 酷6 - 启动函数
[2016-11-30 18:25:05.566] [DEBUG] 酷6 - 任务信息数据库连接建立...成功
[2016-11-30 18:25:05.566] [DEBUG] 酷6 - 缓存队列数据库连接建立...成功
[2016-11-30 18:25:05.566] [DEBUG] 酷6 - 创建数据库连接完毕
[2016-11-30 18:25:05.566] [INFO] 酷6 - { id: '22743970', name: 'DS女老诗', p: '14' }
[2016-11-30 18:25:06.524] [ERROR] 酷6 - occur error :  { Error: getaddrinfo ENOTFOUND staging.caihongip.com staging.caihongip.com:80
    at errnoException (dns.js:28:10)
    at GetAddrInfoReqWrap.onlookup [as oncomplete] (dns.js:79:26)
  code: 'ENOTFOUND',
  errno: 'ENOTFOUND',
  syscall: 'getaddrinfo',
  hostname: 'staging.caihongip.com',
  host: 'staging.caihongip.com',
  port: 80 }
[2016-11-30 18:25:27.071] [ERROR] 酷6 - occur error :  { Error: connect ETIMEDOUT 100.98.39.12:80
    at Object.exports._errnoException (util.js:1007:11)
    at exports._exceptionWithHostPort (util.js:1030:20)
    at TCPConnectWrap.afterConnect [as oncomplete] (net.js:1080:14)
  code: 'ETIMEDOUT',
  errno: 'ETIMEDOUT',
  syscall: 'connect',
  address: '100.98.39.12',
  port: 80 }
[2016-11-30 18:25:27.071] [DEBUG] 酷6 - 开始获取视频总数
[2016-11-30 18:25:28.473] [DEBUG] 酷6 - 开始获取第1页视频列表
[2016-11-30 18:25:28.770] [DEBUG] 酷6 - string  || 标签
[2016-11-30 18:25:28.774] [DEBUG] 酷6 - 【萝莉侃剧】极品家丁男生福利IP的正确打开方式  || 标题
[2016-11-30 18:25:28.784] [DEBUG] 酷6 - 酷6视频 DrPWNmV0UK8uGGvz_XrbvQ.. 加入缓存队列
[2016-11-30 18:25:28.891] [DEBUG] 酷6 - string  || 标签
[2016-11-30 18:25:28.895] [DEBUG] 酷6 - 【萝莉侃剧】大明赌神把妹救国两不误  || 标题
[2016-11-30 18:25:28.904] [DEBUG] 酷6 - 酷6视频 0MFW3bgO89E3PBHUdRJpsg.. 加入缓存队列
[2016-11-30 18:25:29.009] [DEBUG] 酷6 - string  || 标签
[2016-11-30 18:25:29.009] [DEBUG] 酷6 - 【萝莉说美女】整容三女神如何选择四美男  || 标题
[2016-11-30 18:25:29.024] [DEBUG] 酷6 - 酷6视频 4PioRrURpEKcs9OUwk3r4Q.. 加入缓存队列
[2016-11-30 18:25:29.135] [DEBUG] 酷6 - string  || 标签
[2016-11-30 18:25:29.138] [DEBUG] 酷6 - 【萝莉侃剧】神还原陈二狗的妖孽人生  || 标题
[2016-11-30 18:25:29.148] [DEBUG] 酷6 - 酷6视频 omr_6PcdVVaACw050QwUlQ.. 加入缓存队列
[2016-11-30 18:25:29.274] [DEBUG] 酷6 - string  || 标签
[2016-11-30 18:25:29.278] [DEBUG] 酷6 - 【萝莉说美女】娱乐圈离婚后净身出户的女明星  || 标题
[2016-11-30 18:25:29.284] [DEBUG] 酷6 - 酷6视频 VmOkH3ONFaPnJjtK7Lxbog.. 加入缓存队列
[2016-11-30 18:25:29.394] [DEBUG] 酷6 - string  || 标签
[2016-11-30 18:25:29.397] [DEBUG] 酷6 - 【萝莉侃剧】女间谍失身搓澡工 《冒牌间谍》有剧毒  || 标题
[2016-11-30 18:25:29.406] [DEBUG] 酷6 - 酷6视频 mFtVxHiZkWYJBVSG0BeXhg.. 加入缓存队列
[2016-11-30 18:25:29.509] [DEBUG] 酷6 - string  || 标签
[2016-11-30 18:25:29.509] [DEBUG] 酷6 - 【萝莉侃剧】锦绣未央四大核能绝密看点  || 标题
[2016-11-30 18:25:29.509] [DEBUG] 酷6 - 酷6视频 dZhAs50Ov-Y6y877V2pNHw.. 加入缓存队列
[2016-11-30 18:25:29.668] [DEBUG] 酷6 - string  || 标签
[2016-11-30 18:25:29.672] [DEBUG] 酷6 - 【萝莉说趣事】苹果三星再燃战火双双爆破  || 标题
[2016-11-30 18:25:29.679] [DEBUG] 酷6 - 酷6视频 Z0N7N2jomNr7UPaDe0eDUg.. 加入缓存队列
[2016-11-30 18:25:29.973] [DEBUG] 酷6 - string  || 标签
[2016-11-30 18:25:29.973] [DEBUG] 酷6 - 【萝莉侃剧】欢喜密探玩转半个娱乐圈  || 标题
[2016-11-30 18:25:29.989] [DEBUG] 酷6 - 酷6视频 xo95EX4kFlMVAUprKfnXgQ.. 加入缓存队列
