[2016-11-30 18:44:02.243] [TRACE] 酷6 - DealWith instantiation ...
[2016-11-30 18:44:02.252] [TRACE] 酷6 - spiderCore instantiation ...
[2016-11-30 18:44:02.254] [TRACE] 酷6 - 启动函数
[2016-11-30 18:44:02.283] [DEBUG] 酷6 - 任务信息数据库连接建立...成功
[2016-11-30 18:44:02.285] [DEBUG] 酷6 - 缓存队列数据库连接建立...成功
[2016-11-30 18:44:02.287] [DEBUG] 酷6 - 创建数据库连接完毕
[2016-11-30 18:44:02.289] [INFO] 酷6 - { id: '24332580', name: 'UNIVERSE', p: '14' }
[2016-11-30 18:44:03.251] [ERROR] 酷6 - occur error :  { Error: getaddrinfo ENOTFOUND staging.caihongip.com staging.caihongip.com:80
    at errnoException (dns.js:28:10)
    at GetAddrInfoReqWrap.onlookup [as oncomplete] (dns.js:79:26)
  code: 'ENOTFOUND',
  errno: 'ENOTFOUND',
  syscall: 'getaddrinfo',
  hostname: 'staging.caihongip.com',
  host: 'staging.caihongip.com',
  port: 80 }
[2016-11-30 18:44:24.266] [ERROR] 酷6 - occur error :  { Error: connect ETIMEDOUT 100.98.39.12:80
    at Object.exports._errnoException (util.js:1007:11)
    at exports._exceptionWithHostPort (util.js:1030:20)
    at TCPConnectWrap.afterConnect [as oncomplete] (net.js:1080:14)
  code: 'ETIMEDOUT',
  errno: 'ETIMEDOUT',
  syscall: 'connect',
  address: '100.98.39.12',
  port: 80 }
[2016-11-30 18:44:24.271] [DEBUG] 酷6 - 开始获取视频总数
[2016-11-30 18:44:25.463] [DEBUG] 酷6 - 开始获取第1页视频列表
[2016-11-30 18:44:26.336] [DEBUG] 酷6 - 大西山逐格航拍版宣传片-------------------------------------
[2016-11-30 18:44:26.352] [DEBUG] 酷6 - 大西山 逐格航拍版 宣传片+++++++++++++++++++++++++++++++++++++++
[2016-11-30 18:44:26.352] [DEBUG] 酷6 - 大西山逐格航拍版宣传片  || 标题
[2016-11-30 18:44:26.352] [DEBUG] 酷6 - 大西山,逐格航拍版,宣传片  || 标签
[2016-11-30 18:44:26.367] [DEBUG] 酷6 - 酷6视频 vtDrQ52rIj2xkoe52u8Anw.. 加入缓存队列
[2016-11-30 18:44:26.529] [DEBUG] 酷6 - 大西山四季版宣传片-------------------------------------
[2016-11-30 18:44:26.529] [DEBUG] 酷6 - 大西山四季版宣传片+++++++++++++++++++++++++++++++++++++++
[2016-11-30 18:44:26.529] [DEBUG] 酷6 - 大西山四季版宣传片  || 标题
[2016-11-30 18:44:26.529] [DEBUG] 酷6 - null  || 标签
[2016-11-30 18:44:26.545] [DEBUG] 酷6 - 酷6视频 Jcio62AcGSQSPCQ6LPStdw.. 加入缓存队列
[2016-11-30 18:44:26.722] [DEBUG] 酷6 - 大西山总宣传片-------------------------------------
[2016-11-30 18:44:26.727] [DEBUG] 酷6 - 大西山总宣传片+++++++++++++++++++++++++++++++++++++++
[2016-11-30 18:44:26.732] [DEBUG] 酷6 - 大西山总宣传片  || 标题
[2016-11-30 18:44:26.735] [DEBUG] 酷6 - null  || 标签
[2016-11-30 18:44:26.741] [DEBUG] 酷6 - 酷6视频 LZfPcdN7mlvp7d3vhZ_abA.. 加入缓存队列
[2016-11-30 18:44:26.894] [DEBUG] 酷6 - 熊黛林缎裙蜂腰露香肩 玉指纤纤晒签名-------------------------------------
[2016-11-30 18:44:26.897] [DEBUG] 酷6 - 熊黛林+++++++++++++++++++++++++++++++++++++++
[2016-11-30 18:44:26.901] [DEBUG] 酷6 - 熊黛林缎裙蜂腰露香肩 玉指纤纤晒签名  || 标题
[2016-11-30 18:44:26.906] [DEBUG] 酷6 - 熊黛林  || 标签
[2016-11-30 18:44:26.910] [DEBUG] 酷6 - 酷6视频 9o14Q6LNvl18mA74IicVWA.. 加入缓存队列
[2016-11-30 18:44:27.060] [DEBUG] 酷6 - 霍建华自推行李获赞 网友-这难道不正常？-------------------------------------
[2016-11-30 18:44:27.060] [DEBUG] 酷6 - 霍建华+++++++++++++++++++++++++++++++++++++++
[2016-11-30 18:44:27.060] [DEBUG] 酷6 - 霍建华自推行李获赞 网友-这难道不正常？  || 标题
[2016-11-30 18:44:27.060] [DEBUG] 酷6 - 霍建华  || 标签
[2016-11-30 18:44:27.076] [DEBUG] 酷6 - 酷6视频 OpGS77ft1aI2t7zkJH8sPw.. 加入缓存队列
[2016-11-30 18:44:27.236] [DEBUG] 酷6 - 除了结婚怀孕 你们不知道的Anglebaby是这样的-------------------------------------
[2016-11-30 18:44:27.242] [DEBUG] 酷6 - Anglebaby+++++++++++++++++++++++++++++++++++++++
[2016-11-30 18:44:27.246] [DEBUG] 酷6 - 除了结婚怀孕 你们不知道的Anglebaby是这样的  || 标题
[2016-11-30 18:44:27.253] [DEBUG] 酷6 - Anglebaby  || 标签
[2016-11-30 18:44:27.262] [DEBUG] 酷6 - 酷6视频 fiFIDsRxHwZGy71RxuYCXg.. 加入缓存队列
[2016-11-30 18:44:27.432] [DEBUG] 酷6 - 炒作？郭敬明已删除“全家暴毙”博文-------------------------------------
[2016-11-30 18:44:27.432] [DEBUG] 酷6 - 郭敬明 全家暴毙 博文+++++++++++++++++++++++++++++++++++++++
[2016-11-30 18:44:27.448] [DEBUG] 酷6 - 炒作？郭敬明已删除“全家暴毙”博文  || 标题
[2016-11-30 18:44:27.448] [DEBUG] 酷6 - 郭敬明,全家暴毙,博文  || 标签
[2016-11-30 18:44:27.448] [DEBUG] 酷6 - 酷6视频 -Hn2DqbQ4-HWMPZZ_BUzDg.. 加入缓存队列
[2016-11-30 18:44:27.894] [DEBUG] 酷6 - 有喜了!49岁苏永康造人成功 老婆孕五个月-------------------------------------
[2016-11-30 18:44:27.898] [DEBUG] 酷6 - 苏永康+++++++++++++++++++++++++++++++++++++++
[2016-11-30 18:44:27.902] [DEBUG] 酷6 - 有喜了!49岁苏永康造人成功 老婆孕五个月  || 标题
[2016-11-30 18:44:27.906] [DEBUG] 酷6 - 苏永康  || 标签
[2016-11-30 18:44:27.915] [DEBUG] 酷6 - 酷6视频 hyDBeYz63_hvqewiy9A4Fg.. 加入缓存队列
[2016-11-30 18:44:28.061] [DEBUG] 酷6 - 网曝杨幂加盟《扶摇皇后》 出演女主一角-------------------------------------
[2016-11-30 18:44:28.061] [DEBUG] 酷6 - 杨幂 扶摇皇后+++++++++++++++++++++++++++++++++++++++
[2016-11-30 18:44:28.076] [DEBUG] 酷6 - 网曝杨幂加盟《扶摇皇后》 出演女主一角  || 标题
[2016-11-30 18:44:28.076] [DEBUG] 酷6 - 杨幂,扶摇皇后  || 标签
[2016-11-30 18:44:28.092] [DEBUG] 酷6 - 酷6视频 Rqr3xEzprt63vc5vqroWwg.. 加入缓存队列
[2016-11-30 18:44:28.253] [DEBUG] 酷6 - 老虎伤人主角现身 讲述虎口逃生后-------------------------------------
[2016-11-30 18:44:28.257] [DEBUG] 酷6 - 老虎 咬人 八达岭 恐怖 伤人+++++++++++++++++++++++++++++++++++++++
[2016-11-30 18:44:28.264] [DEBUG] 酷6 - 老虎伤人主角现身 讲述虎口逃生后  || 标题
[2016-11-30 18:44:28.267] [DEBUG] 酷6 - 老虎,咬人,八达岭,恐怖,伤人  || 标签
[2016-11-30 18:44:28.274] [DEBUG] 酷6 - 酷6视频 rRZsvFdIfOVs484gCbQ0EA.. 加入缓存队列
[2016-11-30 18:44:28.416] [DEBUG] 酷6 - 《唐僧扫雪记》唐僧扫雪表爱心 八戒惨被炖白菜-------------------------------------
