[2016-11-30 18:21:01.058] [TRACE] 酷6 - DealWith instantiation ...
[2016-11-30 18:21:01.058] [TRACE] 酷6 - spiderCore instantiation ...
[2016-11-30 18:21:01.058] [TRACE] 酷6 - 启动函数
[2016-11-30 18:21:01.089] [DEBUG] 酷6 - 任务信息数据库连接建立...成功
[2016-11-30 18:21:01.089] [DEBUG] 酷6 - 缓存队列数据库连接建立...成功
[2016-11-30 18:21:01.089] [DEBUG] 酷6 - 创建数据库连接完毕
[2016-11-30 18:21:01.089] [INFO] 酷6 - { id: '22743970', name: 'DS女老诗', p: '14' }
[2016-11-30 18:21:01.783] [ERROR] 酷6 - occur error :  { Error: getaddrinfo ENOTFOUND staging.caihongip.com staging.caihongip.com:80
    at errnoException (dns.js:28:10)
    at GetAddrInfoReqWrap.onlookup [as oncomplete] (dns.js:79:26)
  code: 'ENOTFOUND',
  errno: 'ENOTFOUND',
  syscall: 'getaddrinfo',
  hostname: 'staging.caihongip.com',
  host: 'staging.caihongip.com',
  port: 80 }
[2016-11-30 18:21:22.862] [ERROR] 酷6 - occur error :  { Error: connect ETIMEDOUT 100.98.39.12:80
    at Object.exports._errnoException (util.js:1007:11)
    at exports._exceptionWithHostPort (util.js:1030:20)
    at TCPConnectWrap.afterConnect [as oncomplete] (net.js:1080:14)
  code: 'ETIMEDOUT',
  errno: 'ETIMEDOUT',
  syscall: 'connect',
  address: '100.98.39.12',
  port: 80 }
[2016-11-30 18:21:22.862] [DEBUG] 酷6 - 开始获取视频总数
[2016-11-30 18:21:24.539] [DEBUG] 酷6 - 开始获取第1页视频列表
[2016-11-30 18:21:25.055] [DEBUG] 酷6 - DS女老诗 萝莉侃剧 极品家丁 陈赫尹正 极品家丁电视剧  || 标签
[2016-11-30 18:21:25.055] [DEBUG] 酷6 - 【萝莉侃剧】极品家丁男生福利IP的正确打开方式  || 标题
[2016-11-30 18:21:25.055] [DEBUG] 酷6 - 酷6视频 DrPWNmV0UK8uGGvz_XrbvQ.. 加入缓存队列
[2016-11-30 18:21:28.178] [DEBUG] 酷6 - DS女老诗 赌神 萝莉侃剧 周润发 大明赌神  || 标签
[2016-11-30 18:21:28.183] [DEBUG] 酷6 - 【萝莉侃剧】大明赌神把妹救国两不误  || 标题
[2016-11-30 18:21:28.193] [DEBUG] 酷6 - 酷6视频 0MFW3bgO89E3PBHUdRJpsg.. 加入缓存队列
[2016-11-30 18:21:28.331] [DEBUG] 酷6 - DS女老诗 萝莉说美女 柳岩 张柏芝 女神的选择  || 标签
[2016-11-30 18:21:28.331] [DEBUG] 酷6 - 【萝莉说美女】整容三女神如何选择四美男  || 标题
[2016-11-30 18:21:28.346] [DEBUG] 酷6 - 酷6视频 4PioRrURpEKcs9OUwk3r4Q.. 加入缓存队列
[2016-11-30 18:21:28.489] [DEBUG] 酷6 - DS女老诗 陈二狗 萝莉侃剧 陈二狗的妖孽人生 搞笑  || 标签
[2016-11-30 18:21:28.489] [DEBUG] 酷6 - 【萝莉侃剧】神还原陈二狗的妖孽人生  || 标题
[2016-11-30 18:21:28.512] [DEBUG] 酷6 - 酷6视频 omr_6PcdVVaACw050QwUlQ.. 加入缓存队列
[2016-11-30 18:21:28.972] [DEBUG] 酷6 - DS女老诗 萝莉说美女 离婚女星 薛之谦 美女  || 标签
[2016-11-30 18:21:28.988] [DEBUG] 酷6 - 【萝莉说美女】娱乐圈离婚后净身出户的女明星  || 标题
[2016-11-30 18:21:28.988] [DEBUG] 酷6 - 酷6视频 VmOkH3ONFaPnJjtK7Lxbog.. 加入缓存队列
[2016-11-30 18:21:29.144] [DEBUG] 酷6 - DS女老诗 萝莉侃剧 冒牌间谍 女间谍 搞笑  || 标签
[2016-11-30 18:21:29.149] [DEBUG] 酷6 - 【萝莉侃剧】女间谍失身搓澡工 《冒牌间谍》有剧毒  || 标题
[2016-11-30 18:21:29.162] [DEBUG] 酷6 - 酷6视频 mFtVxHiZkWYJBVSG0BeXhg.. 加入缓存队列
[2016-11-30 18:21:29.283] [DEBUG] 酷6 - DS女老诗 锦绣未央 萝莉侃就 锦绣未央电视剧 唐嫣罗晋  || 标签
[2016-11-30 18:21:29.299] [DEBUG] 酷6 - 【萝莉侃剧】锦绣未央四大核能绝密看点  || 标题
[2016-11-30 18:21:29.299] [DEBUG] 酷6 - 酷6视频 dZhAs50Ov-Y6y877V2pNHw.. 加入缓存队列
[2016-11-30 18:21:29.426] [DEBUG] 酷6 - DS女老诗 萝莉说趣事 苹果三星 趣事 搞笑  || 标签
[2016-11-30 18:21:29.442] [DEBUG] 酷6 - 【萝莉说趣事】苹果三星再燃战火双双爆破  || 标题
[2016-11-30 18:21:29.442] [DEBUG] 酷6 - 酷6视频 Z0N7N2jomNr7UPaDe0eDUg.. 加入缓存队列
[2016-11-30 18:21:29.586] [DEBUG] 酷6 - DS女老诗 萝莉侃剧 欢喜密探 赵丽颖 包贝尔  || 标签
[2016-11-30 18:21:29.586] [DEBUG] 酷6 - 【萝莉侃剧】欢喜密探玩转半个娱乐圈  || 标题
[2016-11-30 18:21:29.602] [DEBUG] 酷6 - 酷6视频 xo95EX4kFlMVAUprKfnXgQ.. 加入缓存队列
[2016-11-30 18:21:29.764] [DEBUG] 酷6 - DS女老诗 萝莉说美女 炒作女星 美女炒作 美女  || 标签
[2016-11-30 18:21:29.767] [DEBUG] 酷6 - 【萝莉说美女】娱乐圈全能炒作女星大盘点  || 标题
[2016-11-30 18:21:29.777] [DEBUG] 酷6 - 酷6视频 KeGDSch5CY7BebucaO_IOw.. 加入缓存队列
[2016-11-30 18:21:29.911] [DEBUG] 酷6 - DS女老诗 萝莉说趣事 剁手节 趣事 双十一  || 标签
[2016-11-30 18:21:29.917] [DEBUG] 酷6 - 【萝莉说趣事】去年人生中最后悔的双11  || 标题
[2016-11-30 18:21:29.931] [DEBUG] 酷6 - 酷6视频 tqMY1hSJEpJK95BNZOh43A.. 加入缓存队列
[2016-11-30 18:21:30.071] [DEBUG] 酷6 - DS女老诗 萝莉侃剧 超龄男神 影视剧 搞笑  || 标签
[2016-11-30 18:21:30.087] [DEBUG] 酷6 - 【萝莉侃剧】盘点影视剧中的超龄男神  || 标题
[2016-11-30 18:21:30.087] [DEBUG] 酷6 - 酷6视频 56S7Dx5jPM-Uz_0sOFnPtg.. 加入缓存队列
