[2016-11-30 18:29:00.041] [TRACE] 酷6 - DealWith instantiation ...
[2016-11-30 18:29:00.041] [TRACE] 酷6 - spiderCore instantiation ...
[2016-11-30 18:29:00.041] [TRACE] 酷6 - 启动函数
[2016-11-30 18:29:00.072] [DEBUG] 酷6 - 任务信息数据库连接建立...成功
[2016-11-30 18:29:00.072] [DEBUG] 酷6 - 缓存队列数据库连接建立...成功
[2016-11-30 18:29:00.072] [DEBUG] 酷6 - 创建数据库连接完毕
[2016-11-30 18:29:00.072] [INFO] 酷6 - { id: '22743970', name: 'DS女老诗', p: '14' }
[2016-11-30 18:29:01.072] [ERROR] 酷6 - occur error :  { Error: getaddrinfo ENOTFOUND staging.caihongip.com staging.caihongip.com:80
    at errnoException (dns.js:28:10)
    at GetAddrInfoReqWrap.onlookup [as oncomplete] (dns.js:79:26)
  code: 'ENOTFOUND',
  errno: 'ENOTFOUND',
  syscall: 'getaddrinfo',
  hostname: 'staging.caihongip.com',
  host: 'staging.caihongip.com',
  port: 80 }
[2016-11-30 18:29:22.141] [ERROR] 酷6 - occur error :  { Error: connect ETIMEDOUT 100.98.39.12:80
    at Object.exports._errnoException (util.js:1007:11)
    at exports._exceptionWithHostPort (util.js:1030:20)
    at TCPConnectWrap.afterConnect [as oncomplete] (net.js:1080:14)
  code: 'ETIMEDOUT',
  errno: 'ETIMEDOUT',
  syscall: 'connect',
  address: '100.98.39.12',
  port: 80 }
[2016-11-30 18:29:22.145] [DEBUG] 酷6 - 开始获取视频总数
[2016-11-30 18:29:26.096] [DEBUG] 酷6 - 开始获取第1页视频列表
[2016-11-30 18:29:27.672] [DEBUG] 酷6 - object  || 标签
[2016-11-30 18:29:27.676] [DEBUG] 酷6 - DS女老诗  || 标签
[2016-11-30 18:29:27.687] [DEBUG] 酷6 - 酷6视频 DrPWNmV0UK8uGGvz_XrbvQ.. 加入缓存队列
[2016-11-30 18:29:27.960] [DEBUG] 酷6 - object  || 标签
[2016-11-30 18:29:27.960] [DEBUG] 酷6 - DS女老诗  || 标签
[2016-11-30 18:29:27.975] [DEBUG] 酷6 - 酷6视频 0MFW3bgO89E3PBHUdRJpsg.. 加入缓存队列
[2016-11-30 18:29:28.191] [DEBUG] 酷6 - object  || 标签
[2016-11-30 18:29:28.197] [DEBUG] 酷6 - DS女老诗  || 标签
[2016-11-30 18:29:28.204] [DEBUG] 酷6 - 酷6视频 4PioRrURpEKcs9OUwk3r4Q.. 加入缓存队列
[2016-11-30 18:29:28.420] [DEBUG] 酷6 - object  || 标签
[2016-11-30 18:29:28.423] [DEBUG] 酷6 - DS女老诗  || 标签
[2016-11-30 18:29:28.428] [DEBUG] 酷6 - 酷6视频 omr_6PcdVVaACw050QwUlQ.. 加入缓存队列
[2016-11-30 18:29:28.653] [DEBUG] 酷6 - object  || 标签
[2016-11-30 18:29:28.653] [DEBUG] 酷6 - DS女老诗  || 标签
[2016-11-30 18:29:28.676] [DEBUG] 酷6 - 酷6视频 VmOkH3ONFaPnJjtK7Lxbog.. 加入缓存队列
[2016-11-30 18:29:28.922] [DEBUG] 酷6 - object  || 标签
[2016-11-30 18:29:28.926] [DEBUG] 酷6 - DS女老诗  || 标签
[2016-11-30 18:29:28.928] [DEBUG] 酷6 - 酷6视频 mFtVxHiZkWYJBVSG0BeXhg.. 加入缓存队列
[2016-11-30 18:29:29.179] [DEBUG] 酷6 - object  || 标签
[2016-11-30 18:29:29.181] [DEBUG] 酷6 - DS女老诗  || 标签
[2016-11-30 18:29:29.186] [DEBUG] 酷6 - 酷6视频 dZhAs50Ov-Y6y877V2pNHw.. 加入缓存队列
[2016-11-30 18:29:29.405] [DEBUG] 酷6 - object  || 标签
[2016-11-30 18:29:29.406] [DEBUG] 酷6 - DS女老诗  || 标签
[2016-11-30 18:29:29.411] [DEBUG] 酷6 - 酷6视频 Z0N7N2jomNr7UPaDe0eDUg.. 加入缓存队列
[2016-11-30 18:29:32.644] [DEBUG] 酷6 - object  || 标签
[2016-11-30 18:29:32.648] [DEBUG] 酷6 - DS女老诗  || 标签
[2016-11-30 18:29:32.655] [DEBUG] 酷6 - 酷6视频 xo95EX4kFlMVAUprKfnXgQ.. 加入缓存队列
[2016-11-30 18:29:32.909] [DEBUG] 酷6 - object  || 标签
[2016-11-30 18:29:32.912] [DEBUG] 酷6 - DS女老诗  || 标签
[2016-11-30 18:29:32.918] [DEBUG] 酷6 - 酷6视频 KeGDSch5CY7BebucaO_IOw.. 加入缓存队列
[2016-11-30 18:29:33.161] [DEBUG] 酷6 - object  || 标签
[2016-11-30 18:29:33.163] [DEBUG] 酷6 - DS女老诗  || 标签
[2016-11-30 18:29:33.170] [DEBUG] 酷6 - 酷6视频 tqMY1hSJEpJK95BNZOh43A.. 加入缓存队列
[2016-11-30 18:29:33.411] [DEBUG] 酷6 - object  || 标签
[2016-11-30 18:29:33.414] [DEBUG] 酷6 - DS女老诗  || 标签
[2016-11-30 18:29:33.422] [DEBUG] 酷6 - 酷6视频 56S7Dx5jPM-Uz_0sOFnPtg.. 加入缓存队列
[2016-11-30 18:29:33.658] [DEBUG] 酷6 - object  || 标签
[2016-11-30 18:29:33.660] [DEBUG] 酷6 - DS女老诗  || 标签
[2016-11-30 18:29:33.668] [DEBUG] 酷6 - 酷6视频 Zv2Ehuak-dj5C6wwnV0tnA.. 加入缓存队列
[2016-11-30 18:29:33.900] [DEBUG] 酷6 - object  || 标签
[2016-11-30 18:29:33.903] [DEBUG] 酷6 - DS女老诗  || 标签
[2016-11-30 18:29:33.907] [DEBUG] 酷6 - 酷6视频 wljLXbyEh6nDk_HbSEatrA.. 加入缓存队列
[2016-11-30 18:29:34.160] [DEBUG] 酷6 - object  || 标签
[2016-11-30 18:29:34.162] [DEBUG] 酷6 - DS女老诗  || 标签
[2016-11-30 18:29:34.166] [DEBUG] 酷6 - 开始获取第2页视频列表
[2016-11-30 18:29:34.169] [DEBUG] 酷6 - 酷6视频 T3u-kAXGl_XFfcYfiFfKbQ.. 加入缓存队列
[2016-11-30 18:29:37.609] [DEBUG] 酷6 - object  || 标签
[2016-11-30 18:29:37.609] [DEBUG] 酷6 - DS女老诗  || 标签
[2016-11-30 18:29:37.609] [DEBUG] 酷6 - 酷6视频 DQXeOylqBfviB6S7BCCwMg.. 加入缓存队列
[2016-11-30 18:29:37.890] [DEBUG] 酷6 - object  || 标签
[2016-11-30 18:29:37.894] [DEBUG] 酷6 - DS女老诗  || 标签
[2016-11-30 18:29:37.902] [DEBUG] 酷6 - 酷6视频 xvUMw9a-cvA5xkMH_HKR9w.. 加入缓存队列
[2016-11-30 18:29:38.167] [DEBUG] 酷6 - object  || 标签
[2016-11-30 18:29:38.171] [DEBUG] 酷6 - DS女老诗  || 标签
[2016-11-30 18:29:38.179] [DEBUG] 酷6 - 酷6视频 8XWZdV3k1ayPvTD6pYDk2g.. 加入缓存队列
[2016-11-30 18:29:38.400] [DEBUG] 酷6 - object  || 标签
[2016-11-30 18:29:38.403] [DEBUG] 酷6 - DS女老诗  || 标签
[2016-11-30 18:29:38.411] [DEBUG] 酷6 - 酷6视频 mzglQrzluvlC3ue8I9tmaA.. 加入缓存队列
[2016-11-30 18:29:38.652] [DEBUG] 酷6 - object  || 标签
[2016-11-30 18:29:38.655] [DEBUG] 酷6 - DS女老诗  || 标签
[2016-11-30 18:29:38.665] [DEBUG] 酷6 - 酷6视频 SPx0r9K5D8EdAgWkm_0j-w.. 加入缓存队列
[2016-11-30 18:29:38.880] [DEBUG] 酷6 - object  || 标签
[2016-11-30 18:29:38.883] [DEBUG] 酷6 - DS女老诗  || 标签
[2016-11-30 18:29:38.890] [DEBUG] 酷6 - 酷6视频 obxn0BTfj9tqMNbeM865UQ.. 加入缓存队列
[2016-11-30 18:29:39.118] [DEBUG] 酷6 - object  || 标签
[2016-11-30 18:29:39.121] [DEBUG] 酷6 - DS女老诗  || 标签
[2016-11-30 18:29:39.126] [DEBUG] 酷6 - 酷6视频 EuMkaaAUaTN1CpxC5bHp2w.. 加入缓存队列
[2016-11-30 18:29:39.370] [DEBUG] 酷6 - object  || 标签
[2016-11-30 18:29:39.372] [DEBUG] 酷6 - DS女老诗  || 标签
[2016-11-30 18:29:39.378] [DEBUG] 酷6 - 酷6视频 OI_tBl9VklgGB4zuba0GTw.. 加入缓存队列
[2016-11-30 18:29:42.663] [DEBUG] 酷6 - object  || 标签
[2016-11-30 18:29:42.671] [DEBUG] 酷6 - DS女老诗  || 标签
[2016-11-30 18:29:42.678] [DEBUG] 酷6 - 酷6视频 D56FqWGLyALTXa-QA_l-CA.. 加入缓存队列
[2016-11-30 18:29:42.943] [DEBUG] 酷6 - object  || 标签
[2016-11-30 18:29:42.944] [DEBUG] 酷6 - DS女老诗  || 标签
[2016-11-30 18:29:42.951] [DEBUG] 酷6 - 酷6视频 u5zeZLi35wIgzz04cf097A.. 加入缓存队列
[2016-11-30 18:29:43.197] [DEBUG] 酷6 - object  || 标签
[2016-11-30 18:29:43.199] [DEBUG] 酷6 - DS女老诗  || 标签
[2016-11-30 18:29:43.206] [DEBUG] 酷6 - 酷6视频 tCqS_QdeW3IJdfKAGEFvaQ.. 加入缓存队列
[2016-11-30 18:29:43.442] [DEBUG] 酷6 - object  || 标签
[2016-11-30 18:29:43.445] [DEBUG] 酷6 - DS女老诗  || 标签
[2016-11-30 18:29:43.452] [DEBUG] 酷6 - 酷6视频 4MLisCONm-UzmMTPcDnYhA.. 加入缓存队列
[2016-11-30 18:29:43.675] [DEBUG] 酷6 - object  || 标签
[2016-11-30 18:29:43.677] [DEBUG] 酷6 - DS女老诗  || 标签
[2016-11-30 18:29:43.685] [DEBUG] 酷6 - 酷6视频 dAja5ROUhyoB8-pT-joTuA.. 加入缓存队列
[2016-11-30 18:29:47.197] [DEBUG] 酷6 - object  || 标签
[2016-11-30 18:29:47.200] [DEBUG] 酷6 - DS女老诗  || 标签
[2016-11-30 18:29:47.209] [DEBUG] 酷6 - 酷6视频 dZPJJSteQRWjATujcAcgKQ.. 加入缓存队列
[2016-11-30 18:29:47.832] [DEBUG] 酷6 - object  || 标签
[2016-11-30 18:29:47.832] [DEBUG] 酷6 - DS女老诗  || 标签
[2016-11-30 18:29:47.832] [DEBUG] 酷6 - 酷6视频 vvUBhfwGwRwan35IxCi4QA.. 加入缓存队列
[2016-11-30 18:29:48.068] [DEBUG] 酷6 - object  || 标签
[2016-11-30 18:29:48.073] [DEBUG] 酷6 - DS女老诗  || 标签
[2016-11-30 18:29:48.098] [DEBUG] 酷6 - 酷6视频 ZBkJ1G0Q6NBPVa4VNhJhEA.. 加入缓存队列
[2016-11-30 18:29:48.306] [DEBUG] 酷6 - object  || 标签
[2016-11-30 18:29:48.308] [DEBUG] 酷6 - DS女老诗  || 标签
[2016-11-30 18:29:48.313] [DEBUG] 酷6 - 酷6视频 _37wuGZ0j23fNCux1oMIZA.. 加入缓存队列
[2016-11-30 18:29:48.540] [DEBUG] 酷6 - object  || 标签
[2016-11-30 18:29:48.542] [DEBUG] 酷6 - DS女老诗  || 标签
[2016-11-30 18:29:48.544] [DEBUG] 酷6 - 开始获取第3页视频列表
[2016-11-30 18:29:48.547] [DEBUG] 酷6 - 酷6视频 FAfrv4vOCAh8UGZRwT5xAg.. 加入缓存队列
[2016-11-30 18:29:48.921] [DEBUG] 酷6 - object  || 标签
[2016-11-30 18:29:48.926] [DEBUG] 酷6 - DS女老诗  || 标签
[2016-11-30 18:29:48.930] [DEBUG] 酷6 - 酷6视频 F5KP3VeMOzR8adZwkkNE0w.. 加入缓存队列
[2016-11-30 18:29:49.135] [DEBUG] 酷6 - object  || 标签
[2016-11-30 18:29:49.142] [DEBUG] 酷6 - DS女老诗  || 标签
[2016-11-30 18:29:49.150] [DEBUG] 酷6 - 酷6视频 mgC3TITf0bf_ikgBobhZDw.. 加入缓存队列
[2016-11-30 18:29:49.387] [DEBUG] 酷6 - object  || 标签
[2016-11-30 18:29:49.391] [DEBUG] 酷6 - DS女老诗  || 标签
[2016-11-30 18:29:49.406] [DEBUG] 酷6 - 酷6视频 vMUDeXx2Q4lN70aWe6cvaQ.. 加入缓存队列
[2016-11-30 18:29:49.655] [DEBUG] 酷6 - object  || 标签
[2016-11-30 18:29:49.658] [DEBUG] 酷6 - DS女老诗  || 标签
[2016-11-30 18:29:49.668] [DEBUG] 酷6 - 酷6视频 0OFJJeV5szHfZTf3jBDzEQ.. 加入缓存队列
[2016-11-30 18:29:49.894] [DEBUG] 酷6 - object  || 标签
[2016-11-30 18:29:49.896] [DEBUG] 酷6 - DS女老诗  || 标签
[2016-11-30 18:29:49.902] [DEBUG] 酷6 - 酷6视频 zztLdKNUfipcv2IGbwcEAg.. 加入缓存队列
[2016-11-30 18:29:50.119] [DEBUG] 酷6 - object  || 标签
[2016-11-30 18:29:50.135] [DEBUG] 酷6 - DS女老诗  || 标签
[2016-11-30 18:29:50.147] [DEBUG] 酷6 - 酷6视频 FKzFoLg1UBOh7RdJGqqhOw.. 加入缓存队列
[2016-11-30 18:29:50.366] [DEBUG] 酷6 - object  || 标签
[2016-11-30 18:29:50.371] [DEBUG] 酷6 - DS女老诗  || 标签
[2016-11-30 18:29:50.395] [DEBUG] 酷6 - 酷6视频 i13wYJffZuxSeMqHu0CAFg.. 加入缓存队列
[2016-11-30 18:29:50.645] [DEBUG] 酷6 - object  || 标签
[2016-11-30 18:29:50.648] [DEBUG] 酷6 - DS女老诗  || 标签
[2016-11-30 18:29:50.658] [DEBUG] 酷6 - 酷6视频 1Nh_iSrte_JG3RDq_F-XTg.. 加入缓存队列
[2016-11-30 18:29:50.901] [DEBUG] 酷6 - object  || 标签
[2016-11-30 18:29:50.903] [DEBUG] 酷6 - DS女老诗  || 标签
[2016-11-30 18:29:50.908] [DEBUG] 酷6 - 酷6视频 wB1vBWKP0UAg2b_PFNPkIA.. 加入缓存队列
[2016-11-30 18:29:51.150] [DEBUG] 酷6 - object  || 标签
[2016-11-30 18:29:51.154] [DEBUG] 酷6 - DS女老诗  || 标签
[2016-11-30 18:29:51.161] [DEBUG] 酷6 - 酷6视频 7TY2u820yJrVsdwiyEFwRA.. 加入缓存队列
[2016-11-30 18:29:51.401] [DEBUG] 酷6 - object  || 标签
[2016-11-30 18:29:51.408] [DEBUG] 酷6 - DS女老诗  || 标签
[2016-11-30 18:29:51.415] [DEBUG] 酷6 - 酷6视频 qGIpQR33ZUf9rwdFocM6Nw.. 加入缓存队列
[2016-11-30 18:29:51.697] [DEBUG] 酷6 - object  || 标签
[2016-11-30 18:29:51.699] [DEBUG] 酷6 - DS女老诗  || 标签
[2016-11-30 18:29:51.702] [DEBUG] 酷6 - 酷6视频 ia7rNaorg0KvJUaIXLFvVQ.. 加入缓存队列
[2016-11-30 18:29:51.940] [DEBUG] 酷6 - object  || 标签
[2016-11-30 18:29:51.942] [DEBUG] 酷6 - DS女老诗  || 标签
[2016-11-30 18:29:51.946] [DEBUG] 酷6 - 酷6视频 Q7lbVpb8cxjphTDu66-n4w.. 加入缓存队列
[2016-11-30 18:29:52.177] [DEBUG] 酷6 - object  || 标签
[2016-11-30 18:29:52.180] [DEBUG] 酷6 - DS女老诗  || 标签
[2016-11-30 18:29:52.187] [DEBUG] 酷6 - 酷6视频 H3iQb0E05RB1tGTqpGZdDA.. 加入缓存队列
[2016-11-30 18:29:52.428] [DEBUG] 酷6 - object  || 标签
[2016-11-30 18:29:52.428] [DEBUG] 酷6 - DS女老诗  || 标签
[2016-11-30 18:29:52.428] [DEBUG] 酷6 - 酷6视频 FyVifRnN7zerqwRJ0OwkuA.. 加入缓存队列
[2016-11-30 18:29:52.671] [DEBUG] 酷6 - object  || 标签
[2016-11-30 18:29:52.676] [DEBUG] 酷6 - DS女老诗  || 标签
[2016-11-30 18:29:52.682] [DEBUG] 酷6 - 酷6视频 k6b7Xwis7zdwCSCt7Lldsw.. 加入缓存队列
[2016-11-30 18:29:52.926] [DEBUG] 酷6 - object  || 标签
[2016-11-30 18:29:52.932] [DEBUG] 酷6 - DS女老诗  || 标签
[2016-11-30 18:29:52.942] [DEBUG] 酷6 - 酷6视频 5zLe7vtLuJU-3y0_jh95Ig.. 加入缓存队列
[2016-11-30 18:29:53.179] [DEBUG] 酷6 - object  || 标签
[2016-11-30 18:29:53.181] [DEBUG] 酷6 - DS女老诗  || 标签
[2016-11-30 18:29:53.185] [DEBUG] 酷6 - 酷6视频 YiDLs6Ova2mZnUCnhRVNcA.. 加入缓存队列
[2016-11-30 18:29:53.432] [DEBUG] 酷6 - object  || 标签
[2016-11-30 18:29:53.434] [DEBUG] 酷6 - DS女老诗  || 标签
[2016-11-30 18:29:53.436] [DEBUG] 酷6 - 开始获取第4页视频列表
[2016-11-30 18:29:53.440] [DEBUG] 酷6 - 酷6视频 7MfnPZ7Q1HOiw1u5_TRhoQ.. 加入缓存队列
[2016-11-30 18:29:54.417] [DEBUG] 酷6 - object  || 标签
[2016-11-30 18:29:54.420] [DEBUG] 酷6 - DS女老诗  || 标签
[2016-11-30 18:29:54.427] [DEBUG] 酷6 - 酷6视频 LdZ3E0qCn4hBJreyUzPjWA.. 加入缓存队列
[2016-11-30 18:29:54.658] [DEBUG] 酷6 - object  || 标签
[2016-11-30 18:29:54.658] [DEBUG] 酷6 - DS女老诗  || 标签
[2016-11-30 18:29:54.658] [DEBUG] 酷6 - 酷6视频 RXF3QNN-fIkwIi5I8eSlag.. 加入缓存队列
[2016-11-30 18:29:54.921] [DEBUG] 酷6 - object  || 标签
[2016-11-30 18:29:54.924] [DEBUG] 酷6 - DS女老诗  || 标签
[2016-11-30 18:29:54.927] [DEBUG] 酷6 - 酷6视频 nfvUMgXkSMQ9SYROtZ3WWQ.. 加入缓存队列
[2016-11-30 18:29:55.172] [DEBUG] 酷6 - object  || 标签
[2016-11-30 18:29:55.176] [DEBUG] 酷6 - DS女老诗  || 标签
[2016-11-30 18:29:55.184] [DEBUG] 酷6 - 酷6视频 Bp7xaSsUcEh8qMf45nWgLA.. 加入缓存队列
[2016-11-30 18:29:55.412] [DEBUG] 酷6 - object  || 标签
[2016-11-30 18:29:55.416] [DEBUG] 酷6 - DS女老诗  || 标签
[2016-11-30 18:29:55.426] [DEBUG] 酷6 - 酷6视频 ivUwe1GbpijIMmYCjcqj0A.. 加入缓存队列
[2016-11-30 18:29:55.662] [DEBUG] 酷6 - object  || 标签
[2016-11-30 18:29:55.666] [DEBUG] 酷6 - DS女老诗  || 标签
[2016-11-30 18:29:55.677] [DEBUG] 酷6 - 酷6视频 dpiWVagErQ3XHjVI8eBGVQ.. 加入缓存队列
[2016-11-30 18:29:55.900] [DEBUG] 酷6 - object  || 标签
[2016-11-30 18:29:55.903] [DEBUG] 酷6 - DS女老诗  || 标签
[2016-11-30 18:29:55.910] [DEBUG] 酷6 - 酷6视频 2o29V-76rcsIJMlV1xhtBw.. 加入缓存队列
[2016-11-30 18:29:56.125] [DEBUG] 酷6 - object  || 标签
[2016-11-30 18:29:56.141] [DEBUG] 酷6 - DS女老诗  || 标签
[2016-11-30 18:29:56.141] [DEBUG] 酷6 - 酷6视频 FFpgSc4nLOxgg9zNbP0dCg.. 加入缓存队列
[2016-11-30 18:29:59.399] [DEBUG] 酷6 - object  || 标签
[2016-11-30 18:29:59.401] [DEBUG] 酷6 - DS女老诗  || 标签
[2016-11-30 18:29:59.405] [DEBUG] 酷6 - 酷6视频 jJgl1VbQTfN74G_o73BT3g.. 加入缓存队列
[2016-11-30 18:29:59.659] [DEBUG] 酷6 - object  || 标签
[2016-11-30 18:29:59.660] [DEBUG] 酷6 - DS女老诗  || 标签
[2016-11-30 18:29:59.665] [DEBUG] 酷6 - 酷6视频 DUeZRcVJZVVCpg8NfEU7jQ.. 加入缓存队列
[2016-11-30 18:29:59.917] [DEBUG] 酷6 - object  || 标签
[2016-11-30 18:29:59.919] [DEBUG] 酷6 - DS女老诗  || 标签
[2016-11-30 18:29:59.923] [DEBUG] 酷6 - 酷6视频 Ve-l3wTbkDk17HkCZV9D_Q.. 加入缓存队列
[2016-11-30 18:30:00.133] [DEBUG] 酷6 - object  || 标签
[2016-11-30 18:30:00.135] [DEBUG] 酷6 - DS女老诗  || 标签
[2016-11-30 18:30:00.138] [DEBUG] 酷6 - 酷6视频 UjF0Cx7PaMbCv6XG4IIo1Q.. 加入缓存队列
[2016-11-30 18:30:00.360] [DEBUG] 酷6 - object  || 标签
[2016-11-30 18:30:00.363] [DEBUG] 酷6 - DS女老诗  || 标签
[2016-11-30 18:30:00.367] [DEBUG] 酷6 - 酷6视频 6VLVg9zpzxzzzfQeKhovmg.. 加入缓存队列
[2016-11-30 18:30:03.635] [DEBUG] 酷6 - object  || 标签
[2016-11-30 18:30:03.637] [DEBUG] 酷6 - DS女老诗  || 标签
[2016-11-30 18:30:03.639] [DEBUG] 酷6 - 酷6视频 5T1GwswXxTdKstgVAzJG7A.. 加入缓存队列
[2016-11-30 18:30:03.865] [DEBUG] 酷6 - object  || 标签
[2016-11-30 18:30:03.866] [DEBUG] 酷6 - DS女老诗  || 标签
[2016-11-30 18:30:03.870] [DEBUG] 酷6 - 酷6视频 hY2BktHiAJkCMh_zAtoYog.. 加入缓存队列
[2016-11-30 18:30:04.056] [DEBUG] 酷6 - object  || 标签
[2016-11-30 18:30:04.057] [DEBUG] 酷6 - DS女老诗  || 标签
[2016-11-30 18:30:04.059] [DEBUG] 酷6 - 酷6视频 Hd6PJ2IbgqcVXK1xmjMStA.. 加入缓存队列
[2016-11-30 18:30:04.286] [DEBUG] 酷6 - object  || 标签
[2016-11-30 18:30:04.286] [DEBUG] 酷6 - DS女老诗  || 标签
[2016-11-30 18:30:04.286] [DEBUG] 酷6 - 酷6视频 oYB1MhU-x1lcOoODNN_9Dg.. 加入缓存队列
[2016-11-30 18:30:04.490] [DEBUG] 酷6 - object  || 标签
[2016-11-30 18:30:04.490] [DEBUG] 酷6 - DS女老诗  || 标签
[2016-11-30 18:30:04.490] [DEBUG] 酷6 - 酷6视频 zh4TPLuoMPeq5o6bxuQ1rg.. 加入缓存队列
[2016-11-30 18:30:04.712] [DEBUG] 酷6 - object  || 标签
[2016-11-30 18:30:04.714] [DEBUG] 酷6 - DS女老诗  || 标签
[2016-11-30 18:30:04.716] [DEBUG] 酷6 - 开始获取第5页视频列表
[2016-11-30 18:30:04.719] [DEBUG] 酷6 - 酷6视频 imMK_h-GzHGvxptNGhDPYA.. 加入缓存队列
