[2016-11-30 16:33:54.809] [TRACE] 酷6 - DealWith instantiation ...
[2016-11-30 16:33:54.809] [TRACE] 酷6 - spiderCore instantiation ...
[2016-11-30 16:33:54.809] [TRACE] 酷6 - 启动函数
[2016-11-30 16:33:54.841] [DEBUG] 酷6 - 任务信息数据库连接建立...成功
[2016-11-30 16:33:54.841] [DEBUG] 酷6 - 缓存队列数据库连接建立...成功
[2016-11-30 16:33:54.856] [DEBUG] 酷6 - 创建数据库连接完毕
[2016-11-30 16:33:54.856] [INFO] 酷6 - { id: '24875965', name: '陈翔六点半', p: '14' }
[2016-11-30 16:33:55.387] [ERROR] 酷6 - occur error :  { Error: getaddrinfo ENOTFOUND staging.caihongip.com staging.caihongip.com:80
    at errnoException (dns.js:28:10)
    at GetAddrInfoReqWrap.onlookup [as oncomplete] (dns.js:79:26)
  code: 'ENOTFOUND',
  errno: 'ENOTFOUND',
  syscall: 'getaddrinfo',
  hostname: 'staging.caihongip.com',
  host: 'staging.caihongip.com',
  port: 80 }
[2016-11-30 16:34:16.426] [ERROR] 酷6 - occur error :  { Error: connect ETIMEDOUT 100.98.39.12:80
    at Object.exports._errnoException (util.js:1007:11)
    at exports._exceptionWithHostPort (util.js:1030:20)
    at TCPConnectWrap.afterConnect [as oncomplete] (net.js:1080:14)
  code: 'ETIMEDOUT',
  errno: 'ETIMEDOUT',
  syscall: 'connect',
  address: '100.98.39.12',
  port: 80 }
[2016-11-30 16:34:16.426] [DEBUG] 酷6 - 开始获取视频总数
[2016-11-30 16:34:17.597] [DEBUG] 酷6 - 开始获取第1页视频列表
[2016-11-30 16:34:18.002] [DEBUG] 酷6 - 1
[2016-11-30 16:34:18.018] [DEBUG] 酷6 - 酷6视频 axah0gJ5aUycxX-XJVwiJg.. 加入缓存队列
[2016-11-30 16:34:18.174] [DEBUG] 酷6 - 1
[2016-11-30 16:34:18.174] [DEBUG] 酷6 - 酷6视频 0iKPluBS72wwHemtwgmE2g.. 加入缓存队列
[2016-11-30 16:34:18.330] [DEBUG] 酷6 - 1
[2016-11-30 16:34:18.346] [DEBUG] 酷6 - 酷6视频 5lDq5GN09OGKleSDl0rI5Q.. 加入缓存队列
[2016-11-30 16:34:18.751] [DEBUG] 酷6 - 1
[2016-11-30 16:34:18.845] [DEBUG] 酷6 - 酷6视频 w57IyfSjvjtvWqNLL8rFHw.. 加入缓存队列
[2016-11-30 16:34:18.938] [DEBUG] 酷6 - 1
[2016-11-30 16:34:18.954] [DEBUG] 酷6 - 酷6视频 8ybzWg7d5wiKJtifXIc11g.. 加入缓存队列
[2016-11-30 16:34:19.110] [DEBUG] 酷6 - 1
[2016-11-30 16:34:19.126] [DEBUG] 酷6 - 酷6视频 iV1lBa4pVnzGtDc4Bxg4mg.. 加入缓存队列
[2016-11-30 16:34:19.297] [DEBUG] 酷6 - 1
[2016-11-30 16:34:19.313] [DEBUG] 酷6 - 酷6视频 N8Gs4ApP9uKfoGDsmDTitg.. 加入缓存队列
[2016-11-30 16:34:19.469] [DEBUG] 酷6 - 1
[2016-11-30 16:34:19.469] [DEBUG] 酷6 - 酷6视频 _FlHI7tk7NNJeZc7yzIG6A.. 加入缓存队列
[2016-11-30 16:34:19.625] [DEBUG] 酷6 - 1
[2016-11-30 16:34:19.625] [DEBUG] 酷6 - 酷6视频 IZw7494Oem-62eXk4E_Jyw.. 加入缓存队列
[2016-11-30 16:34:19.784] [DEBUG] 酷6 - 1
[2016-11-30 16:34:19.799] [DEBUG] 酷6 - 酷6视频 6VwTx5dw9P8_EUQYxli_LQ.. 加入缓存队列
[2016-11-30 16:34:19.971] [DEBUG] 酷6 - 1
[2016-11-30 16:34:19.971] [DEBUG] 酷6 - 酷6视频 rH0pt4DUOPuqb_jK1qzN_Q.. 加入缓存队列
[2016-11-30 16:34:20.127] [DEBUG] 酷6 - 1
[2016-11-30 16:34:20.143] [DEBUG] 酷6 - 酷6视频 a8orSzgXEGJ5Tuv_YSDsEw.. 加入缓存队列
[2016-11-30 16:34:20.330] [DEBUG] 酷6 - 1
[2016-11-30 16:34:20.330] [DEBUG] 酷6 - 酷6视频 4Y3gd0JfjD62Cl34HtEmmg.. 加入缓存队列
[2016-11-30 16:34:20.470] [DEBUG] 酷6 - 1
[2016-11-30 16:34:20.486] [DEBUG] 酷6 - 酷6视频 E-3DY-AJ6gLbE8CL5zfyCg.. 加入缓存队列
[2016-11-30 16:34:20.642] [DEBUG] 酷6 - 1
[2016-11-30 16:34:20.642] [DEBUG] 酷6 - 酷6视频 6ieIfYq0GvNh361t3AvaYQ.. 加入缓存队列
[2016-11-30 16:34:20.829] [DEBUG] 酷6 - 1
[2016-11-30 16:34:20.829] [DEBUG] 酷6 - 开始获取第2页视频列表
[2016-11-30 16:34:20.845] [DEBUG] 酷6 - 酷6视频 qiGIqNLQrfuaOPKoFhRssQ.. 加入缓存队列
[2016-11-30 16:34:21.359] [DEBUG] 酷6 - 1
[2016-11-30 16:34:21.375] [DEBUG] 酷6 - 酷6视频 pXghSy_4ej9gHiM601TO6A.. 加入缓存队列
[2016-11-30 16:34:21.562] [DEBUG] 酷6 - 1
[2016-11-30 16:34:21.578] [DEBUG] 酷6 - 酷6视频 CTQSt0nPalofUkRD-4myeQ.. 加入缓存队列
[2016-11-30 16:34:22.217] [DEBUG] 酷6 - 1
[2016-11-30 16:34:22.233] [DEBUG] 酷6 - 酷6视频 VL3ekJfejKJwB0oVsLk8Gg.. 加入缓存队列
[2016-11-30 16:34:22.685] [DEBUG] 酷6 - 1
[2016-11-30 16:34:22.685] [DEBUG] 酷6 - 酷6视频 WjKfPuAke49pu7qyZMZpng.. 加入缓存队列
[2016-11-30 16:34:22.843] [DEBUG] 酷6 - 1
[2016-11-30 16:34:22.843] [DEBUG] 酷6 - 酷6视频 7khF8KvyUPjqgLgNVv6o8w.. 加入缓存队列
[2016-11-30 16:34:22.999] [DEBUG] 酷6 - 1
[2016-11-30 16:34:22.999] [DEBUG] 酷6 - 酷6视频 w5y2JpgRZ-AH6ZvdhBHWXA.. 加入缓存队列
[2016-11-30 16:34:23.155] [DEBUG] 酷6 - 1
[2016-11-30 16:34:23.155] [DEBUG] 酷6 - 酷6视频 TXbIXmITAfupJEcVSI5KrQ.. 加入缓存队列
[2016-11-30 16:34:23.327] [DEBUG] 酷6 - 1
[2016-11-30 16:34:23.327] [DEBUG] 酷6 - 酷6视频 o3nj3RJDWt-_rswwHhG4Vw.. 加入缓存队列
[2016-11-30 16:34:23.499] [DEBUG] 酷6 - 1
[2016-11-30 16:34:23.499] [DEBUG] 酷6 - 酷6视频 4fgf-dEFJ71SSzXmRKueVg.. 加入缓存队列
[2016-11-30 16:34:23.655] [DEBUG] 酷6 - 1
[2016-11-30 16:34:23.670] [DEBUG] 酷6 - 酷6视频 fZU4iQvhnJhJHd9NRAVhng.. 加入缓存队列
[2016-11-30 16:34:23.857] [DEBUG] 酷6 - 1
[2016-11-30 16:34:23.857] [DEBUG] 酷6 - 酷6视频 0X9PD4JsMzTlosjywYAglQ.. 加入缓存队列
[2016-11-30 16:34:24.076] [DEBUG] 酷6 - 1
[2016-11-30 16:34:24.091] [DEBUG] 酷6 - 酷6视频 qdXqTC7Wmj7AjNY1GN_xnQ.. 加入缓存队列
[2016-11-30 16:34:24.247] [DEBUG] 酷6 - 1
[2016-11-30 16:34:24.247] [DEBUG] 酷6 - 酷6视频 zD8fdIZSXtxWoAnAJNbd9w.. 加入缓存队列
[2016-11-30 16:34:24.419] [DEBUG] 酷6 - 1
[2016-11-30 16:34:24.435] [DEBUG] 酷6 - 酷6视频 M--6T_zqEez7quSrHM5HSQ.. 加入缓存队列
[2016-11-30 16:34:24.559] [DEBUG] 酷6 - 1
[2016-11-30 16:34:24.575] [DEBUG] 酷6 - 酷6视频 nl6KTsrVpO1czgFioJRSJg.. 加入缓存队列
[2016-11-30 16:34:24.778] [DEBUG] 酷6 - 1
[2016-11-30 16:34:24.793] [DEBUG] 酷6 - 酷6视频 rGKsU7MTBHUciSlt56etLw.. 加入缓存队列
[2016-11-30 16:34:24.965] [DEBUG] 酷6 - 1
[2016-11-30 16:34:24.981] [DEBUG] 酷6 - 酷6视频 EEYIymHAaOaUWE2Ib6LFfQ.. 加入缓存队列
[2016-11-30 16:34:25.137] [DEBUG] 酷6 - 1
[2016-11-30 16:34:25.137] [DEBUG] 酷6 - 酷6视频 huiU3zf4nc7hUaDnbi13nA.. 加入缓存队列
[2016-11-30 16:34:25.293] [DEBUG] 酷6 - 1
[2016-11-30 16:34:25.293] [DEBUG] 酷6 - 开始获取第3页视频列表
[2016-11-30 16:34:25.308] [DEBUG] 酷6 - 酷6视频 BDMz9eZ8M_syCNZHoZ3WYQ.. 加入缓存队列
[2016-11-30 16:34:25.589] [DEBUG] 酷6 - 1
[2016-11-30 16:34:25.605] [DEBUG] 酷6 - 酷6视频 zjhItBHKM_8vY8f5SyT9Yg.. 加入缓存队列
[2016-11-30 16:34:25.745] [DEBUG] 酷6 - 1
[2016-11-30 16:34:25.761] [DEBUG] 酷6 - 酷6视频 TSOxxi7twtOgq9VkwbaT7w.. 加入缓存队列
[2016-11-30 16:34:26.135] [DEBUG] 酷6 - 1
[2016-11-30 16:34:26.135] [DEBUG] 酷6 - 酷6视频 MS0yphAaI2cXD3UvN3OyXA.. 加入缓存队列
[2016-11-30 16:34:26.931] [DEBUG] 酷6 - 1
[2016-11-30 16:34:26.931] [DEBUG] 酷6 - 酷6视频 IJBbAjGVLxBp2WqwKowd9g.. 加入缓存队列
[2016-11-30 16:34:27.133] [DEBUG] 酷6 - 1
[2016-11-30 16:34:27.133] [DEBUG] 酷6 - 酷6视频 DjcnV3G_LcIOt4JidvQrfQ.. 加入缓存队列
[2016-11-30 16:34:27.321] [DEBUG] 酷6 - 1
[2016-11-30 16:34:27.321] [DEBUG] 酷6 - 酷6视频 qpxpo3bo2Zu3oWyGHfkxMQ.. 加入缓存队列
[2016-11-30 16:34:27.477] [DEBUG] 酷6 - 1
[2016-11-30 16:34:27.492] [DEBUG] 酷6 - 酷6视频 Uw-xr_isgZWsIYXVNyyfdg.. 加入缓存队列
[2016-11-30 16:34:27.648] [DEBUG] 酷6 - 1
[2016-11-30 16:34:27.664] [DEBUG] 酷6 - 酷6视频 uPltC3PAtNrc5v9G5rdUGQ.. 加入缓存队列
[2016-11-30 16:34:27.820] [DEBUG] 酷6 - 1
[2016-11-30 16:34:27.820] [DEBUG] 酷6 - 酷6视频 zD_ag-teqPiM5Bc7bB_ETw.. 加入缓存队列
[2016-11-30 16:34:28.023] [DEBUG] 酷6 - 1
[2016-11-30 16:34:28.023] [DEBUG] 酷6 - 酷6视频 -12lBUPN3hqkSz9MdYlfLg.. 加入缓存队列
[2016-11-30 16:34:28.210] [DEBUG] 酷6 - 1
[2016-11-30 16:34:28.225] [DEBUG] 酷6 - 酷6视频 00soyho3GIc9K4ZTz08b3A.. 加入缓存队列
[2016-11-30 16:34:28.381] [DEBUG] 酷6 - 1
[2016-11-30 16:34:28.397] [DEBUG] 酷6 - 酷6视频 wpalJg0v7MrxzCNNzOT-Fg.. 加入缓存队列
[2016-11-30 16:34:28.537] [DEBUG] 酷6 - 1
[2016-11-30 16:34:28.553] [DEBUG] 酷6 - 酷6视频 GHU12_FhGSC-tfwKnfeQQA.. 加入缓存队列
[2016-11-30 16:34:28.693] [DEBUG] 酷6 - 1
[2016-11-30 16:34:28.709] [DEBUG] 酷6 - 酷6视频 UgFLmN9jI_ATZsLpO7TBLQ.. 加入缓存队列
[2016-11-30 16:34:28.881] [DEBUG] 酷6 - 1
[2016-11-30 16:34:28.881] [DEBUG] 酷6 - 酷6视频 LOuM6nW27TVvXTE03Ebd7w.. 加入缓存队列
[2016-11-30 16:34:29.052] [DEBUG] 酷6 - 1
[2016-11-30 16:34:29.052] [DEBUG] 酷6 - 酷6视频 obuuzyP8OCxCvklYMsmV7g.. 加入缓存队列
[2016-11-30 16:34:29.224] [DEBUG] 酷6 - 1
[2016-11-30 16:34:29.224] [DEBUG] 酷6 - 酷6视频 CDp0kt_nADKBapyGs1_68w.. 加入缓存队列
[2016-11-30 16:34:29.427] [DEBUG] 酷6 - 1
[2016-11-30 16:34:29.427] [DEBUG] 酷6 - 酷6视频 FOFgfZX80XEKlsWt88Jczw.. 加入缓存队列
[2016-11-30 16:34:29.614] [DEBUG] 酷6 - 1
[2016-11-30 16:34:29.629] [DEBUG] 酷6 - 酷6视频 XxVwvubry9pYRc4O3i-DOw.. 加入缓存队列
[2016-11-30 16:34:29.770] [DEBUG] 酷6 - 1
[2016-11-30 16:34:29.770] [DEBUG] 酷6 - 开始获取第4页视频列表
[2016-11-30 16:34:29.785] [DEBUG] 酷6 - 酷6视频 Odl0HAW1BQpREn5okTsANw.. 加入缓存队列
[2016-11-30 16:34:30.097] [DEBUG] 酷6 - 1
[2016-11-30 16:34:30.097] [DEBUG] 酷6 - 酷6视频 CM7u9JD2M_mzay5DA5Vzeg.. 加入缓存队列
[2016-11-30 16:34:30.253] [DEBUG] 酷6 - 1
[2016-11-30 16:34:30.269] [DEBUG] 酷6 - 酷6视频 hNVBcxqjy7iAx-Jh3SHqLw.. 加入缓存队列
[2016-11-30 16:34:30.441] [DEBUG] 酷6 - 1
[2016-11-30 16:34:30.456] [DEBUG] 酷6 - 酷6视频 E7fHY_d7WMs3qADuIW8QDg.. 加入缓存队列
[2016-11-30 16:34:30.628] [DEBUG] 酷6 - 1
[2016-11-30 16:34:30.628] [DEBUG] 酷6 - 酷6视频 o5Nrqy8IQ3SceNki5yy0hw.. 加入缓存队列
[2016-11-30 16:34:30.846] [DEBUG] 酷6 - 1
[2016-11-30 16:34:30.846] [DEBUG] 酷6 - 酷6视频 GIBkYos6UgMxnrvT6vAijw.. 加入缓存队列
[2016-11-30 16:34:30.987] [DEBUG] 酷6 - 1
[2016-11-30 16:34:31.002] [DEBUG] 酷6 - 酷6视频 t3cjoS8uvqvtFqGzYG2Zyg.. 加入缓存队列
[2016-11-30 16:34:31.189] [DEBUG] 酷6 - 1
[2016-11-30 16:34:31.205] [DEBUG] 酷6 - 酷6视频 Zk9RdE7GJjDM6N6Nac54NQ.. 加入缓存队列
[2016-11-30 16:34:31.392] [DEBUG] 酷6 - 1
[2016-11-30 16:34:31.392] [DEBUG] 酷6 - 酷6视频 6OYmUstnZC0f0ZR32OuTgQ.. 加入缓存队列
[2016-11-30 16:34:31.579] [DEBUG] 酷6 - 1
[2016-11-30 16:34:31.595] [DEBUG] 酷6 - 酷6视频 cgLeWK6n-S_MwSSAW3OoNQ.. 加入缓存队列
[2016-11-30 16:34:32.266] [DEBUG] 酷6 - 1
[2016-11-30 16:34:32.266] [DEBUG] 酷6 - 酷6视频 X71uGKiPRPU-EAxG0rS7rw.. 加入缓存队列
[2016-11-30 16:34:32.703] [DEBUG] 酷6 - 1
[2016-11-30 16:34:32.703] [DEBUG] 酷6 - 酷6视频 8QYpm1cxTOO0-ZIrE22Ohg.. 加入缓存队列
[2016-11-30 16:34:32.867] [DEBUG] 酷6 - 1
[2016-11-30 16:34:32.882] [DEBUG] 酷6 - 酷6视频 BBNywCuTnF8wDylIRXdt8Q.. 加入缓存队列
[2016-11-30 16:34:33.023] [DEBUG] 酷6 - 1
[2016-11-30 16:34:33.023] [DEBUG] 酷6 - 酷6视频 v0B-ArnhBhbPF-fHNy-95A.. 加入缓存队列
[2016-11-30 16:34:33.210] [DEBUG] 酷6 - 1
[2016-11-30 16:34:33.210] [DEBUG] 酷6 - 酷6视频 dR17uUsGO5uhFSr4DHxUDg.. 加入缓存队列
[2016-11-30 16:34:33.397] [DEBUG] 酷6 - 1
[2016-11-30 16:34:33.413] [DEBUG] 酷6 - 酷6视频 txYBvGcIjY42CYJh9O1Tdg.. 加入缓存队列
[2016-11-30 16:34:33.569] [DEBUG] 酷6 - 1
[2016-11-30 16:34:33.584] [DEBUG] 酷6 - 酷6视频 LAS9iaphVy27DFqOjj2Mgw.. 加入缓存队列
[2016-11-30 16:34:33.740] [DEBUG] 酷6 - 1
[2016-11-30 16:34:33.756] [DEBUG] 酷6 - 酷6视频 9-r1RalbRjF67WyS13TlEg.. 加入缓存队列
[2016-11-30 16:34:33.912] [DEBUG] 酷6 - 1
[2016-11-30 16:34:33.912] [DEBUG] 酷6 - 开始获取第5页视频列表
[2016-11-30 16:34:33.927] [DEBUG] 酷6 - 酷6视频 q8AsnYWUOYc43BGycgPJ6w.. 加入缓存队列
[2016-11-30 16:34:34.766] [DEBUG] 酷6 - 1
[2016-11-30 16:34:34.782] [DEBUG] 酷6 - 酷6视频 SEMY6bhEZqVGEwGt1fL_1A.. 加入缓存队列
[2016-11-30 16:34:34.938] [DEBUG] 酷6 - 1
[2016-11-30 16:34:34.938] [DEBUG] 酷6 - 酷6视频 If5LcIClVq9iINjr9OkrCg.. 加入缓存队列
[2016-11-30 16:34:35.125] [DEBUG] 酷6 - 1
[2016-11-30 16:34:35.125] [DEBUG] 酷6 - 酷6视频 X8UjMXlEgptRPa9Dh51_gg.. 加入缓存队列
[2016-11-30 16:34:35.296] [DEBUG] 酷6 - 1
[2016-11-30 16:34:35.296] [DEBUG] 酷6 - 酷6视频 B5gkE5nkBB0Tg8-qtwGTyg.. 加入缓存队列
[2016-11-30 16:34:35.702] [DEBUG] 酷6 - 1
[2016-11-30 16:34:35.702] [DEBUG] 酷6 - 酷6视频 xVpUOtYcevp6qhPshiQQgw.. 加入缓存队列
[2016-11-30 16:34:35.842] [DEBUG] 酷6 - 1
[2016-11-30 16:34:35.858] [DEBUG] 酷6 - 酷6视频 kI1uHhhkRwgjFxPzZqfQKg.. 加入缓存队列
[2016-11-30 16:34:36.045] [DEBUG] 酷6 - 1
[2016-11-30 16:34:36.045] [DEBUG] 酷6 - result :  { user: '用户信息已返回', media: '视频信息已返回' }
[2016-11-30 16:34:36.061] [DEBUG] 酷6 - 酷6视频 hqdN6wYfDvQQNvHuj4WRsA.. 加入缓存队列
[2016-11-30 16:34:57.081] [ERROR] 酷6 - occur error :  { Error: connect ETIMEDOUT 100.98.39.12:80
    at Object.exports._errnoException (util.js:1007:11)
    at exports._exceptionWithHostPort (util.js:1030:20)
    at TCPConnectWrap.afterConnect [as oncomplete] (net.js:1080:14)
  code: 'ETIMEDOUT',
  errno: 'ETIMEDOUT',
  syscall: 'connect',
  address: '100.98.39.12',
  port: 80 }
