[2016-11-30 16:56:58.520] [TRACE] 酷6 - DealWith instantiation ...
[2016-11-30 16:56:58.528] [TRACE] 酷6 - spiderCore instantiation ...
[2016-11-30 16:56:58.530] [TRACE] 酷6 - 启动函数
[2016-11-30 16:56:58.561] [DEBUG] 酷6 - 任务信息数据库连接建立...成功
[2016-11-30 16:56:58.563] [DEBUG] 酷6 - 缓存队列数据库连接建立...成功
[2016-11-30 16:56:58.565] [DEBUG] 酷6 - 创建数据库连接完毕
[2016-11-30 16:56:58.566] [INFO] 酷6 - { id: '24587504', name: '24587504的博客', p: '14' }
[2016-11-30 16:56:59.592] [ERROR] 酷6 - occur error :  { Error: getaddrinfo ENOTFOUND staging.caihongip.com staging.caihongip.com:80
    at errnoException (dns.js:28:10)
    at GetAddrInfoReqWrap.onlookup [as oncomplete] (dns.js:79:26)
  code: 'ENOTFOUND',
  errno: 'ENOTFOUND',
  syscall: 'getaddrinfo',
  hostname: 'staging.caihongip.com',
  host: 'staging.caihongip.com',
  port: 80 }
[2016-11-30 16:57:20.615] [ERROR] 酷6 - occur error :  { Error: connect ETIMEDOUT 100.98.39.12:80
    at Object.exports._errnoException (util.js:1007:11)
    at exports._exceptionWithHostPort (util.js:1030:20)
    at TCPConnectWrap.afterConnect [as oncomplete] (net.js:1080:14)
  code: 'ETIMEDOUT',
  errno: 'ETIMEDOUT',
  syscall: 'connect',
  address: '100.98.39.12',
  port: 80 }
[2016-11-30 16:57:20.622] [DEBUG] 酷6 - 开始获取视频总数
[2016-11-30 16:57:36.276] [DEBUG] 酷6 - 酷6获取视频总数状态码错误:502
[2016-11-30 16:57:36.279] [DEBUG] 酷6 - task error: 14:24587504
[2016-11-30 16:57:57.298] [ERROR] 酷6 - occur error :  { Error: connect ETIMEDOUT 100.98.39.12:80
    at Object.exports._errnoException (util.js:1007:11)
    at exports._exceptionWithHostPort (util.js:1030:20)
    at TCPConnectWrap.afterConnect [as oncomplete] (net.js:1080:14)
  code: 'ETIMEDOUT',
  errno: 'ETIMEDOUT',
  syscall: 'connect',
  address: '100.98.39.12',
  port: 80 }
