[2016-11-30 18:18:38.570] [TRACE] 酷6 - DealWith instantiation ...
[2016-11-30 18:18:38.570] [TRACE] 酷6 - spiderCore instantiation ...
[2016-11-30 18:18:38.570] [TRACE] 酷6 - 启动函数
[2016-11-30 18:18:38.601] [DEBUG] 酷6 - 任务信息数据库连接建立...成功
[2016-11-30 18:18:38.601] [DEBUG] 酷6 - 缓存队列数据库连接建立...成功
[2016-11-30 18:18:38.601] [DEBUG] 酷6 - 创建数据库连接完毕
[2016-11-30 18:18:38.601] [INFO] 酷6 - { id: '22743970', name: 'DS女老诗', p: '14' }
[2016-11-30 18:18:40.039] [ERROR] 酷6 - occur error :  { Error: getaddrinfo ENOTFOUND staging.caihongip.com staging.caihongip.com:80
    at errnoException (dns.js:28:10)
    at GetAddrInfoReqWrap.onlookup [as oncomplete] (dns.js:79:26)
  code: 'ENOTFOUND',
  errno: 'ENOTFOUND',
  syscall: 'getaddrinfo',
  hostname: 'staging.caihongip.com',
  host: 'staging.caihongip.com',
  port: 80 }
[2016-11-30 18:19:01.086] [ERROR] 酷6 - occur error :  { Error: connect ETIMEDOUT 100.98.39.12:80
    at Object.exports._errnoException (util.js:1007:11)
    at exports._exceptionWithHostPort (util.js:1030:20)
    at TCPConnectWrap.afterConnect [as oncomplete] (net.js:1080:14)
  code: 'ETIMEDOUT',
  errno: 'ETIMEDOUT',
  syscall: 'connect',
  address: '100.98.39.12',
  port: 80 }
[2016-11-30 18:19:01.086] [DEBUG] 酷6 - 开始获取视频总数
[2016-11-30 18:19:03.426] [DEBUG] 酷6 - 开始获取第1页视频列表
[2016-11-30 18:19:24.617] [ERROR] 酷6 - json数据解析失败
