[2016-11-30 19:13:00.749] [TRACE] 酷6 - DealWith instantiation ...
[2016-11-30 19:13:00.749] [TRACE] 酷6 - spiderCore instantiation ...
[2016-11-30 19:13:00.749] [TRACE] 酷6 - 启动函数
[2016-11-30 19:13:00.792] [DEBUG] 酷6 - 任务信息数据库连接建立...成功
[2016-11-30 19:13:00.795] [DEBUG] 酷6 - 缓存队列数据库连接建立...成功
[2016-11-30 19:13:00.797] [DEBUG] 酷6 - 创建数据库连接完毕
[2016-11-30 19:13:00.797] [INFO] 酷6 - { id: '24332580', name: 'UNIVERSE', p: '14' }
[2016-11-30 19:13:01.584] [ERROR] 酷6 - occur error :  { Error: getaddrinfo ENOTFOUND staging.caihongip.com staging.caihongip.com:80
    at errnoException (dns.js:28:10)
    at GetAddrInfoReqWrap.onlookup [as oncomplete] (dns.js:79:26)
  code: 'ENOTFOUND',
  errno: 'ENOTFOUND',
  syscall: 'getaddrinfo',
  hostname: 'staging.caihongip.com',
  host: 'staging.caihongip.com',
  port: 80 }
[2016-11-30 19:13:22.559] [ERROR] 酷6 - occur error :  { Error: connect ETIMEDOUT 100.98.39.12:80
    at Object.exports._errnoException (util.js:1007:11)
    at exports._exceptionWithHostPort (util.js:1030:20)
    at TCPConnectWrap.afterConnect [as oncomplete] (net.js:1080:14)
  code: 'ETIMEDOUT',
  errno: 'ETIMEDOUT',
  syscall: 'connect',
  address: '100.98.39.12',
  port: 80 }
[2016-11-30 19:13:22.564] [DEBUG] 酷6 - 开始获取视频总数
[2016-11-30 19:13:28.701] [DEBUG] 酷6 - 开始获取第1页视频列表
[2016-11-30 19:13:30.004] [DEBUG] 酷6 - 资讯  || 标题
[2016-11-30 19:13:30.013] [DEBUG] 酷6 - 酷6视频 vtDrQ52rIj2xkoe52u8Anw.. 加入缓存队列
[2016-11-30 19:13:30.161] [DEBUG] 酷6 - 资讯  || 标题
[2016-11-30 19:13:30.168] [DEBUG] 酷6 - 酷6视频 Jcio62AcGSQSPCQ6LPStdw.. 加入缓存队列
[2016-11-30 19:13:30.315] [DEBUG] 酷6 - 资讯  || 标题
[2016-11-30 19:13:30.315] [DEBUG] 酷6 - 酷6视频 LZfPcdN7mlvp7d3vhZ_abA.. 加入缓存队列
[2016-11-30 19:13:30.464] [DEBUG] 酷6 - 娱乐和明星  || 标题
[2016-11-30 19:13:30.469] [DEBUG] 酷6 - 酷6视频 9o14Q6LNvl18mA74IicVWA.. 加入缓存队列
