[2016-11-30 17:19:42.899] [TRACE] 酷6 - DealWith instantiation ...
[2016-11-30 17:19:42.899] [TRACE] 酷6 - spiderCore instantiation ...
[2016-11-30 17:19:42.899] [TRACE] 酷6 - 启动函数
[2016-11-30 17:19:42.930] [DEBUG] 酷6 - 任务信息数据库连接建立...成功
[2016-11-30 17:19:42.930] [DEBUG] 酷6 - 缓存队列数据库连接建立...成功
[2016-11-30 17:19:42.930] [DEBUG] 酷6 - 创建数据库连接完毕
[2016-11-30 17:19:42.930] [INFO] 酷6 - { id: '22743970', name: 'DS女老诗', p: '14' }
[2016-11-30 17:19:44.117] [ERROR] 酷6 - occur error :  { Error: getaddrinfo ENOTFOUND staging.caihongip.com staging.caihongip.com:80
    at errnoException (dns.js:28:10)
    at GetAddrInfoReqWrap.onlookup [as oncomplete] (dns.js:79:26)
  code: 'ENOTFOUND',
  errno: 'ENOTFOUND',
  syscall: 'getaddrinfo',
  hostname: 'staging.caihongip.com',
  host: 'staging.caihongip.com',
  port: 80 }
[2016-11-30 17:20:05.157] [ERROR] 酷6 - occur error :  { Error: connect ETIMEDOUT 100.98.39.12:80
    at Object.exports._errnoException (util.js:1007:11)
    at exports._exceptionWithHostPort (util.js:1030:20)
    at TCPConnectWrap.afterConnect [as oncomplete] (net.js:1080:14)
  code: 'ETIMEDOUT',
  errno: 'ETIMEDOUT',
  syscall: 'connect',
  address: '100.98.39.12',
  port: 80 }
[2016-11-30 17:20:05.157] [DEBUG] 酷6 - 开始获取视频总数
[2016-11-30 17:20:06.951] [DEBUG] 酷6 - 开始获取第1页视频列表
[2016-11-30 17:20:10.198] [DEBUG] 酷6 - 【萝莉侃剧】极品家丁男生福利IP的正确打开方式标题
[2016-11-30 17:20:10.198] [DEBUG] 酷6 - object标签
[2016-11-30 17:20:10.214] [DEBUG] 酷6 - 酷6视频 DrPWNmV0UK8uGGvz_XrbvQ.. 加入缓存队列
[2016-11-30 17:20:10.276] [DEBUG] 酷6 - 【萝莉侃剧】大明赌神把妹救国两不误标题
[2016-11-30 17:20:10.276] [DEBUG] 酷6 - object标签
[2016-11-30 17:20:10.292] [DEBUG] 酷6 - 酷6视频 0MFW3bgO89E3PBHUdRJpsg.. 加入缓存队列
[2016-11-30 17:20:10.354] [DEBUG] 酷6 - 【萝莉说美女】整容三女神如何选择四美男标题
[2016-11-30 17:20:10.370] [DEBUG] 酷6 - object标签
[2016-11-30 17:20:10.370] [DEBUG] 酷6 - 酷6视频 4PioRrURpEKcs9OUwk3r4Q.. 加入缓存队列
[2016-11-30 17:20:10.464] [DEBUG] 酷6 - 【萝莉侃剧】神还原陈二狗的妖孽人生标题
[2016-11-30 17:20:10.464] [DEBUG] 酷6 - object标签
[2016-11-30 17:20:10.464] [DEBUG] 酷6 - 酷6视频 omr_6PcdVVaACw050QwUlQ.. 加入缓存队列
[2016-11-30 17:20:10.542] [DEBUG] 酷6 - 【萝莉说美女】娱乐圈离婚后净身出户的女明星标题
[2016-11-30 17:20:10.542] [DEBUG] 酷6 - object标签
[2016-11-30 17:20:10.557] [DEBUG] 酷6 - 酷6视频 VmOkH3ONFaPnJjtK7Lxbog.. 加入缓存队列
[2016-11-30 17:20:10.620] [DEBUG] 酷6 - 【萝莉侃剧】女间谍失身搓澡工 《冒牌间谍》有剧毒标题
[2016-11-30 17:20:10.635] [DEBUG] 酷6 - object标签
[2016-11-30 17:20:10.635] [DEBUG] 酷6 - 酷6视频 mFtVxHiZkWYJBVSG0BeXhg.. 加入缓存队列
[2016-11-30 17:20:10.682] [DEBUG] 酷6 - 【萝莉侃剧】锦绣未央四大核能绝密看点标题
[2016-11-30 17:20:10.698] [DEBUG] 酷6 - object标签
[2016-11-30 17:20:10.698] [DEBUG] 酷6 - 酷6视频 dZhAs50Ov-Y6y877V2pNHw.. 加入缓存队列
[2016-11-30 17:20:10.760] [DEBUG] 酷6 - 【萝莉说趣事】苹果三星再燃战火双双爆破标题
[2016-11-30 17:20:10.760] [DEBUG] 酷6 - object标签
[2016-11-30 17:20:10.760] [DEBUG] 酷6 - 酷6视频 Z0N7N2jomNr7UPaDe0eDUg.. 加入缓存队列
[2016-11-30 17:20:10.822] [DEBUG] 酷6 - 【萝莉侃剧】欢喜密探玩转半个娱乐圈标题
[2016-11-30 17:20:10.822] [DEBUG] 酷6 - object标签
[2016-11-30 17:20:10.822] [DEBUG] 酷6 - 酷6视频 xo95EX4kFlMVAUprKfnXgQ.. 加入缓存队列
[2016-11-30 17:20:10.936] [DEBUG] 酷6 - 【萝莉说美女】娱乐圈全能炒作女星大盘点标题
[2016-11-30 17:20:10.936] [DEBUG] 酷6 - object标签
[2016-11-30 17:20:10.951] [DEBUG] 酷6 - 酷6视频 KeGDSch5CY7BebucaO_IOw.. 加入缓存队列
[2016-11-30 17:20:11.014] [DEBUG] 酷6 - 【萝莉说趣事】去年人生中最后悔的双11标题
[2016-11-30 17:20:11.029] [DEBUG] 酷6 - object标签
[2016-11-30 17:20:11.029] [DEBUG] 酷6 - 酷6视频 tqMY1hSJEpJK95BNZOh43A.. 加入缓存队列
[2016-11-30 17:20:11.123] [DEBUG] 酷6 - 【萝莉侃剧】盘点影视剧中的超龄男神标题
[2016-11-30 17:20:11.123] [DEBUG] 酷6 - object标签
[2016-11-30 17:20:11.123] [DEBUG] 酷6 - 酷6视频 56S7Dx5jPM-Uz_0sOFnPtg.. 加入缓存队列
[2016-11-30 17:20:11.201] [DEBUG] 酷6 - 【萝莉说趣事】技术贴！爆笑双十一疯狂购物指南标题
[2016-11-30 17:20:11.216] [DEBUG] 酷6 - object标签
[2016-11-30 17:20:11.216] [DEBUG] 酷6 - 酷6视频 Zv2Ehuak-dj5C6wwnV0tnA.. 加入缓存队列
[2016-11-30 17:20:11.279] [DEBUG] 酷6 - 【萝莉说趣事】万圣节搞笑作死趣事大盘点标题
[2016-11-30 17:20:11.294] [DEBUG] 酷6 - object标签
[2016-11-30 17:20:11.294] [DEBUG] 酷6 - 酷6视频 wljLXbyEh6nDk_HbSEatrA.. 加入缓存队列
[2016-11-30 17:20:11.357] [DEBUG] 酷6 - 【萝莉侃剧】五分钟剖析欢喜密探全员担当标题
[2016-11-30 17:20:11.372] [DEBUG] 酷6 - object标签
[2016-11-30 17:20:11.372] [DEBUG] 酷6 - 开始获取第2页视频列表
[2016-11-30 17:20:11.372] [DEBUG] 酷6 - 酷6视频 T3u-kAXGl_XFfcYfiFfKbQ.. 加入缓存队列
[2016-11-30 17:20:11.575] [DEBUG] 酷6 - 【萝莉说趣事】娱乐圈那些污无止境的老司机标题
[2016-11-30 17:20:11.591] [DEBUG] 酷6 - object标签
[2016-11-30 17:20:11.591] [DEBUG] 酷6 - 酷6视频 DQXeOylqBfviB6S7BCCwMg.. 加入缓存队列
[2016-11-30 17:20:11.653] [DEBUG] 酷6 - 【萝莉说美女】娱乐圈和父母反目成仇的女明星标题
[2016-11-30 17:20:11.653] [DEBUG] 酷6 - object标签
[2016-11-30 17:20:11.669] [DEBUG] 酷6 - 酷6视频 xvUMw9a-cvA5xkMH_HKR9w.. 加入缓存队列
[2016-11-30 17:20:11.747] [DEBUG] 酷6 - 【萝莉侃剧】青云志之碧瑶小凡甜腻日常标题
[2016-11-30 17:20:11.747] [DEBUG] 酷6 - object标签
[2016-11-30 17:20:11.747] [DEBUG] 酷6 - 酷6视频 8XWZdV3k1ayPvTD6pYDk2g.. 加入缓存队列
