[2016-11-30 18:34:34.419] [TRACE] 酷6 - DealWith instantiation ...
[2016-11-30 18:34:34.426] [TRACE] 酷6 - spiderCore instantiation ...
[2016-11-30 18:34:34.427] [TRACE] 酷6 - 启动函数
[2016-11-30 18:34:34.446] [DEBUG] 酷6 - 任务信息数据库连接建立...成功
[2016-11-30 18:34:34.446] [DEBUG] 酷6 - 缓存队列数据库连接建立...成功
[2016-11-30 18:34:34.446] [DEBUG] 酷6 - 创建数据库连接完毕
[2016-11-30 18:34:34.461] [INFO] 酷6 - { id: '22743970', name: 'DS女老诗', p: '14' }
[2016-11-30 18:34:34.987] [ERROR] 酷6 - occur error :  { Error: getaddrinfo ENOTFOUND staging.caihongip.com staging.caihongip.com:80
    at errnoException (dns.js:28:10)
    at GetAddrInfoReqWrap.onlookup [as oncomplete] (dns.js:79:26)
  code: 'ENOTFOUND',
  errno: 'ENOTFOUND',
  syscall: 'getaddrinfo',
  hostname: 'staging.caihongip.com',
  host: 'staging.caihongip.com',
  port: 80 }
[2016-11-30 18:34:56.058] [ERROR] 酷6 - occur error :  { Error: connect ETIMEDOUT 100.98.39.12:80
    at Object.exports._errnoException (util.js:1007:11)
    at exports._exceptionWithHostPort (util.js:1030:20)
    at TCPConnectWrap.afterConnect [as oncomplete] (net.js:1080:14)
  code: 'ETIMEDOUT',
  errno: 'ETIMEDOUT',
  syscall: 'connect',
  address: '100.98.39.12',
  port: 80 }
[2016-11-30 18:34:56.074] [DEBUG] 酷6 - 开始获取视频总数
[2016-11-30 18:34:57.961] [DEBUG] 酷6 - 开始获取第1页视频列表
[2016-11-30 18:34:58.673] [DEBUG] 酷6 - DS女老诗,萝莉侃剧,极品家丁,陈赫尹正,极品家丁电视剧  || 标签
[2016-11-30 18:34:58.702] [DEBUG] 酷6 - 酷6视频 DrPWNmV0UK8uGGvz_XrbvQ.. 加入缓存队列
[2016-11-30 18:34:58.886] [DEBUG] 酷6 - DS女老诗,赌神,萝莉侃剧,周润发,大明赌神  || 标签
[2016-11-30 18:34:58.895] [DEBUG] 酷6 - 酷6视频 0MFW3bgO89E3PBHUdRJpsg.. 加入缓存队列
[2016-11-30 18:34:59.058] [DEBUG] 酷6 - DS女老诗,萝莉说美女,柳岩,张柏芝,女神的选择  || 标签
[2016-11-30 18:34:59.074] [DEBUG] 酷6 - 酷6视频 4PioRrURpEKcs9OUwk3r4Q.. 加入缓存队列
[2016-11-30 18:34:59.268] [DEBUG] 酷6 - DS女老诗,陈二狗,萝莉侃剧,陈二狗的妖孽人生,搞笑  || 标签
[2016-11-30 18:34:59.279] [DEBUG] 酷6 - 酷6视频 omr_6PcdVVaACw050QwUlQ.. 加入缓存队列
[2016-11-30 18:34:59.462] [DEBUG] 酷6 - DS女老诗,萝莉说美女,离婚女星,薛之谦,美女  || 标签
[2016-11-30 18:34:59.462] [DEBUG] 酷6 - 酷6视频 VmOkH3ONFaPnJjtK7Lxbog.. 加入缓存队列
[2016-11-30 18:34:59.668] [DEBUG] 酷6 - DS女老诗,萝莉侃剧,冒牌间谍,女间谍,搞笑  || 标签
[2016-11-30 18:34:59.674] [DEBUG] 酷6 - 酷6视频 mFtVxHiZkWYJBVSG0BeXhg.. 加入缓存队列
[2016-11-30 18:34:59.885] [DEBUG] 酷6 - DS女老诗,锦绣未央,萝莉侃就,锦绣未央电视剧,唐嫣罗晋  || 标签
[2016-11-30 18:34:59.893] [DEBUG] 酷6 - 酷6视频 dZhAs50Ov-Y6y877V2pNHw.. 加入缓存队列
