[2016-11-30 15:55:52.362] [TRACE] 酷6 - DealWith instantiation ...
[2016-11-30 15:55:52.377] [TRACE] 酷6 - spiderCore instantiation ...
[2016-11-30 15:55:52.377] [TRACE] 酷6 - 启动函数
[2016-11-30 15:55:52.408] [DEBUG] 酷6 - 任务信息数据库连接建立...成功
[2016-11-30 15:55:52.408] [DEBUG] 酷6 - 缓存队列数据库连接建立...成功
[2016-11-30 15:55:52.408] [DEBUG] 酷6 - 创建数据库连接完毕
[2016-11-30 15:55:52.408] [INFO] 酷6 - { id: '24875965', name: '陈翔六点半', p: '14' }
[2016-11-30 15:55:54.008] [ERROR] 酷6 - occur error :  { Error: getaddrinfo ENOTFOUND staging.caihongip.com staging.caihongip.com:80
    at errnoException (dns.js:28:10)
    at GetAddrInfoReqWrap.onlookup [as oncomplete] (dns.js:79:26)
  code: 'ENOTFOUND',
  errno: 'ENOTFOUND',
  syscall: 'getaddrinfo',
  hostname: 'staging.caihongip.com',
  host: 'staging.caihongip.com',
  port: 80 }
[2016-11-30 15:56:15.022] [ERROR] 酷6 - occur error :  { Error: connect ETIMEDOUT 100.98.39.12:80
    at Object.exports._errnoException (util.js:1007:11)
    at exports._exceptionWithHostPort (util.js:1030:20)
    at TCPConnectWrap.afterConnect [as oncomplete] (net.js:1080:14)
  code: 'ETIMEDOUT',
  errno: 'ETIMEDOUT',
  syscall: 'connect',
  address: '100.98.39.12',
  port: 80 }
[2016-11-30 15:56:15.022] [DEBUG] 酷6 - 开始获取视频总数
[2016-11-30 15:56:15.038] [DEBUG] 酷6 - http://my.ku6.com/channel/getuploadvideos?channel=24875965
[2016-11-30 15:56:18.585] [DEBUG] 酷6 - 开始获取第1页视频列表
[2016-11-30 15:56:18.750] [DEBUG] 酷6 - 开始获取第2页视频列表
[2016-11-30 15:56:18.765] [DEBUG] 酷6 - 酷6视频 axah0gJ5aUycxX-XJVwiJg.. 加入缓存队列
[2016-11-30 15:56:18.765] [DEBUG] 酷6 - 酷6视频 0iKPluBS72wwHemtwgmE2g.. 加入缓存队列
[2016-11-30 15:56:18.765] [DEBUG] 酷6 - 酷6视频 5lDq5GN09OGKleSDl0rI5Q.. 加入缓存队列
[2016-11-30 15:56:18.765] [DEBUG] 酷6 - 酷6视频 w57IyfSjvjtvWqNLL8rFHw.. 加入缓存队列
[2016-11-30 15:56:18.765] [DEBUG] 酷6 - 酷6视频 8ybzWg7d5wiKJtifXIc11g.. 加入缓存队列
[2016-11-30 15:56:18.781] [DEBUG] 酷6 - 酷6视频 iV1lBa4pVnzGtDc4Bxg4mg.. 加入缓存队列
[2016-11-30 15:56:18.781] [DEBUG] 酷6 - 酷6视频 N8Gs4ApP9uKfoGDsmDTitg.. 加入缓存队列
[2016-11-30 15:56:18.781] [DEBUG] 酷6 - 酷6视频 _FlHI7tk7NNJeZc7yzIG6A.. 加入缓存队列
[2016-11-30 15:56:18.781] [DEBUG] 酷6 - 酷6视频 IZw7494Oem-62eXk4E_Jyw.. 加入缓存队列
[2016-11-30 15:56:18.796] [DEBUG] 酷6 - 酷6视频 6VwTx5dw9P8_EUQYxli_LQ.. 加入缓存队列
[2016-11-30 15:56:18.796] [DEBUG] 酷6 - 酷6视频 rH0pt4DUOPuqb_jK1qzN_Q.. 加入缓存队列
[2016-11-30 15:56:18.796] [DEBUG] 酷6 - 酷6视频 a8orSzgXEGJ5Tuv_YSDsEw.. 加入缓存队列
[2016-11-30 15:56:18.796] [DEBUG] 酷6 - 酷6视频 4Y3gd0JfjD62Cl34HtEmmg.. 加入缓存队列
[2016-11-30 15:56:18.796] [DEBUG] 酷6 - 酷6视频 E-3DY-AJ6gLbE8CL5zfyCg.. 加入缓存队列
[2016-11-30 15:56:18.796] [DEBUG] 酷6 - 酷6视频 6ieIfYq0GvNh361t3AvaYQ.. 加入缓存队列
[2016-11-30 15:56:18.796] [DEBUG] 酷6 - 酷6视频 qiGIqNLQrfuaOPKoFhRssQ.. 加入缓存队列
[2016-11-30 15:56:18.974] [DEBUG] 酷6 - string
[2016-11-30 15:56:18.974] [DEBUG] 酷6 - string
[2016-11-30 15:56:18.974] [DEBUG] 酷6 - string
[2016-11-30 15:56:18.991] [DEBUG] 酷6 - string
[2016-11-30 15:56:18.991] [DEBUG] 酷6 - string
[2016-11-30 15:56:18.991] [DEBUG] 酷6 - string
[2016-11-30 15:56:19.007] [DEBUG] 酷6 - string
[2016-11-30 15:56:19.007] [DEBUG] 酷6 - string
[2016-11-30 15:56:19.022] [DEBUG] 酷6 - string
[2016-11-30 15:56:19.022] [DEBUG] 酷6 - string
[2016-11-30 15:56:19.022] [DEBUG] 酷6 - string
[2016-11-30 15:56:19.022] [DEBUG] 酷6 - string
[2016-11-30 15:56:19.022] [DEBUG] 酷6 - string
[2016-11-30 15:56:19.022] [DEBUG] 酷6 - string
[2016-11-30 15:56:19.038] [DEBUG] 酷6 - string
[2016-11-30 15:56:19.038] [DEBUG] 酷6 - string
[2016-11-30 15:56:19.928] [DEBUG] 酷6 - 开始获取第3页视频列表
[2016-11-30 15:56:19.959] [DEBUG] 酷6 - 酷6视频 pXghSy_4ej9gHiM601TO6A.. 加入缓存队列
[2016-11-30 15:56:19.959] [DEBUG] 酷6 - 酷6视频 CTQSt0nPalofUkRD-4myeQ.. 加入缓存队列
[2016-11-30 15:56:19.959] [DEBUG] 酷6 - 酷6视频 VL3ekJfejKJwB0oVsLk8Gg.. 加入缓存队列
[2016-11-30 15:56:19.959] [DEBUG] 酷6 - 酷6视频 WjKfPuAke49pu7qyZMZpng.. 加入缓存队列
[2016-11-30 15:56:19.975] [DEBUG] 酷6 - 酷6视频 7khF8KvyUPjqgLgNVv6o8w.. 加入缓存队列
[2016-11-30 15:56:19.975] [DEBUG] 酷6 - 酷6视频 w5y2JpgRZ-AH6ZvdhBHWXA.. 加入缓存队列
[2016-11-30 15:56:19.975] [DEBUG] 酷6 - 酷6视频 TXbIXmITAfupJEcVSI5KrQ.. 加入缓存队列
[2016-11-30 15:56:19.975] [DEBUG] 酷6 - 酷6视频 o3nj3RJDWt-_rswwHhG4Vw.. 加入缓存队列
[2016-11-30 15:56:19.975] [DEBUG] 酷6 - 酷6视频 4fgf-dEFJ71SSzXmRKueVg.. 加入缓存队列
[2016-11-30 15:56:19.975] [DEBUG] 酷6 - 酷6视频 fZU4iQvhnJhJHd9NRAVhng.. 加入缓存队列
[2016-11-30 15:56:19.975] [DEBUG] 酷6 - 酷6视频 0X9PD4JsMzTlosjywYAglQ.. 加入缓存队列
[2016-11-30 15:56:19.975] [DEBUG] 酷6 - 酷6视频 qdXqTC7Wmj7AjNY1GN_xnQ.. 加入缓存队列
[2016-11-30 15:56:19.975] [DEBUG] 酷6 - 酷6视频 zD8fdIZSXtxWoAnAJNbd9w.. 加入缓存队列
[2016-11-30 15:56:19.991] [DEBUG] 酷6 - 酷6视频 M--6T_zqEez7quSrHM5HSQ.. 加入缓存队列
[2016-11-30 15:56:19.991] [DEBUG] 酷6 - 酷6视频 nl6KTsrVpO1czgFioJRSJg.. 加入缓存队列
[2016-11-30 15:56:19.991] [DEBUG] 酷6 - 酷6视频 rGKsU7MTBHUciSlt56etLw.. 加入缓存队列
[2016-11-30 15:56:19.991] [DEBUG] 酷6 - 酷6视频 EEYIymHAaOaUWE2Ib6LFfQ.. 加入缓存队列
[2016-11-30 15:56:19.991] [DEBUG] 酷6 - 酷6视频 huiU3zf4nc7hUaDnbi13nA.. 加入缓存队列
[2016-11-30 15:56:19.991] [DEBUG] 酷6 - 酷6视频 BDMz9eZ8M_syCNZHoZ3WYQ.. 加入缓存队列
[2016-11-30 15:56:20.147] [DEBUG] 酷6 - 开始获取第4页视频列表
