[2016-11-30 16:32:56.050] [TRACE] 酷6 - DealWith instantiation ...
[2016-11-30 16:32:56.065] [TRACE] 酷6 - spiderCore instantiation ...
[2016-11-30 16:32:56.065] [TRACE] 酷6 - 启动函数
[2016-11-30 16:32:56.096] [DEBUG] 酷6 - 任务信息数据库连接建立...成功
[2016-11-30 16:32:56.096] [DEBUG] 酷6 - 缓存队列数据库连接建立...成功
[2016-11-30 16:32:56.096] [DEBUG] 酷6 - 创建数据库连接完毕
[2016-11-30 16:32:56.096] [INFO] 酷6 - { id: '24875965', name: '陈翔六点半', p: '14' }
[2016-11-30 16:32:56.621] [ERROR] 酷6 - occur error :  { Error: getaddrinfo ENOTFOUND staging.caihongip.com staging.caihongip.com:80
    at errnoException (dns.js:28:10)
    at GetAddrInfoReqWrap.onlookup [as oncomplete] (dns.js:79:26)
  code: 'ENOTFOUND',
  errno: 'ENOTFOUND',
  syscall: 'getaddrinfo',
  hostname: 'staging.caihongip.com',
  host: 'staging.caihongip.com',
  port: 80 }
[2016-11-30 16:33:17.690] [ERROR] 酷6 - occur error :  { Error: connect ETIMEDOUT 100.98.39.12:80
    at Object.exports._errnoException (util.js:1007:11)
    at exports._exceptionWithHostPort (util.js:1030:20)
    at TCPConnectWrap.afterConnect [as oncomplete] (net.js:1080:14)
  code: 'ETIMEDOUT',
  errno: 'ETIMEDOUT',
  syscall: 'connect',
  address: '100.98.39.12',
  port: 80 }
[2016-11-30 16:33:17.697] [DEBUG] 酷6 - 开始获取视频总数
[2016-11-30 16:33:19.075] [DEBUG] 酷6 - 开始获取第1页视频列表
[2016-11-30 16:33:19.348] [DEBUG] 酷6 - undefined
[2016-11-30 16:33:19.348] [DEBUG] 酷6 - 酷6视频 axah0gJ5aUycxX-XJVwiJg.. 加入缓存队列
[2016-11-30 16:33:19.527] [DEBUG] 酷6 - undefined
[2016-11-30 16:33:19.531] [DEBUG] 酷6 - 酷6视频 0iKPluBS72wwHemtwgmE2g.. 加入缓存队列
[2016-11-30 16:33:19.679] [DEBUG] 酷6 - undefined
[2016-11-30 16:33:19.682] [DEBUG] 酷6 - 酷6视频 5lDq5GN09OGKleSDl0rI5Q.. 加入缓存队列
[2016-11-30 16:33:19.839] [DEBUG] 酷6 - undefined
[2016-11-30 16:33:19.844] [DEBUG] 酷6 - 酷6视频 w57IyfSjvjtvWqNLL8rFHw.. 加入缓存队列
[2016-11-30 16:33:19.971] [DEBUG] 酷6 - undefined
[2016-11-30 16:33:19.971] [DEBUG] 酷6 - 酷6视频 8ybzWg7d5wiKJtifXIc11g.. 加入缓存队列
[2016-11-30 16:33:20.144] [DEBUG] 酷6 - undefined
[2016-11-30 16:33:20.144] [DEBUG] 酷6 - 酷6视频 iV1lBa4pVnzGtDc4Bxg4mg.. 加入缓存队列
[2016-11-30 16:33:20.310] [DEBUG] 酷6 - undefined
[2016-11-30 16:33:20.310] [DEBUG] 酷6 - 酷6视频 N8Gs4ApP9uKfoGDsmDTitg.. 加入缓存队列
[2016-11-30 16:33:20.488] [DEBUG] 酷6 - undefined
[2016-11-30 16:33:20.488] [DEBUG] 酷6 - 酷6视频 _FlHI7tk7NNJeZc7yzIG6A.. 加入缓存队列
[2016-11-30 16:33:20.648] [DEBUG] 酷6 - undefined
[2016-11-30 16:33:20.658] [DEBUG] 酷6 - 酷6视频 IZw7494Oem-62eXk4E_Jyw.. 加入缓存队列
[2016-11-30 16:33:20.841] [DEBUG] 酷6 - undefined
[2016-11-30 16:33:20.846] [DEBUG] 酷6 - 酷6视频 6VwTx5dw9P8_EUQYxli_LQ.. 加入缓存队列
[2016-11-30 16:33:22.487] [DEBUG] 酷6 - undefined
[2016-11-30 16:33:22.507] [DEBUG] 酷6 - 酷6视频 rH0pt4DUOPuqb_jK1qzN_Q.. 加入缓存队列
[2016-11-30 16:33:22.677] [DEBUG] 酷6 - undefined
[2016-11-30 16:33:22.686] [DEBUG] 酷6 - 酷6视频 a8orSzgXEGJ5Tuv_YSDsEw.. 加入缓存队列
[2016-11-30 16:33:22.845] [DEBUG] 酷6 - undefined
[2016-11-30 16:33:22.846] [DEBUG] 酷6 - 酷6视频 4Y3gd0JfjD62Cl34HtEmmg.. 加入缓存队列
[2016-11-30 16:33:22.986] [DEBUG] 酷6 - undefined
[2016-11-30 16:33:23.003] [DEBUG] 酷6 - 酷6视频 E-3DY-AJ6gLbE8CL5zfyCg.. 加入缓存队列
[2016-11-30 16:33:23.152] [DEBUG] 酷6 - undefined
[2016-11-30 16:33:23.168] [DEBUG] 酷6 - 酷6视频 6ieIfYq0GvNh361t3AvaYQ.. 加入缓存队列
[2016-11-30 16:33:23.335] [DEBUG] 酷6 - undefined
[2016-11-30 16:33:23.340] [DEBUG] 酷6 - 开始获取第2页视频列表
[2016-11-30 16:33:23.347] [DEBUG] 酷6 - 酷6视频 qiGIqNLQrfuaOPKoFhRssQ.. 加入缓存队列
[2016-11-30 16:33:23.629] [DEBUG] 酷6 - undefined
[2016-11-30 16:33:23.629] [DEBUG] 酷6 - 酷6视频 pXghSy_4ej9gHiM601TO6A.. 加入缓存队列
[2016-11-30 16:33:23.793] [DEBUG] 酷6 - undefined
[2016-11-30 16:33:23.793] [DEBUG] 酷6 - 酷6视频 CTQSt0nPalofUkRD-4myeQ.. 加入缓存队列
[2016-11-30 16:33:23.940] [DEBUG] 酷6 - undefined
[2016-11-30 16:33:23.940] [DEBUG] 酷6 - 酷6视频 VL3ekJfejKJwB0oVsLk8Gg.. 加入缓存队列
[2016-11-30 16:33:24.081] [DEBUG] 酷6 - undefined
[2016-11-30 16:33:24.097] [DEBUG] 酷6 - 酷6视频 WjKfPuAke49pu7qyZMZpng.. 加入缓存队列
[2016-11-30 16:33:24.246] [DEBUG] 酷6 - undefined
[2016-11-30 16:33:24.246] [DEBUG] 酷6 - 酷6视频 7khF8KvyUPjqgLgNVv6o8w.. 加入缓存队列
[2016-11-30 16:33:24.393] [DEBUG] 酷6 - undefined
[2016-11-30 16:33:24.393] [DEBUG] 酷6 - 酷6视频 w5y2JpgRZ-AH6ZvdhBHWXA.. 加入缓存队列
