[2016-11-30 17:18:03.231] [TRACE] 酷6 - DealWith instantiation ...
[2016-11-30 17:18:03.237] [TRACE] 酷6 - spiderCore instantiation ...
[2016-11-30 17:18:03.240] [TRACE] 酷6 - 启动函数
[2016-11-30 17:18:03.259] [DEBUG] 酷6 - 任务信息数据库连接建立...成功
[2016-11-30 17:18:03.259] [DEBUG] 酷6 - 缓存队列数据库连接建立...成功
[2016-11-30 17:18:03.259] [DEBUG] 酷6 - 创建数据库连接完毕
[2016-11-30 17:18:03.259] [INFO] 酷6 - { id: '22743970', name: 'DS女老诗', p: '14' }
[2016-11-30 17:18:03.708] [ERROR] 酷6 - occur error :  { Error: getaddrinfo ENOTFOUND staging.caihongip.com staging.caihongip.com:80
    at errnoException (dns.js:28:10)
    at GetAddrInfoReqWrap.onlookup [as oncomplete] (dns.js:79:26)
  code: 'ENOTFOUND',
  errno: 'ENOTFOUND',
  syscall: 'getaddrinfo',
  hostname: 'staging.caihongip.com',
  host: 'staging.caihongip.com',
  port: 80 }
[2016-11-30 17:18:24.807] [ERROR] 酷6 - occur error :  { Error: connect ETIMEDOUT 100.98.39.12:80
    at Object.exports._errnoException (util.js:1007:11)
    at exports._exceptionWithHostPort (util.js:1030:20)
    at TCPConnectWrap.afterConnect [as oncomplete] (net.js:1080:14)
  code: 'ETIMEDOUT',
  errno: 'ETIMEDOUT',
  syscall: 'connect',
  address: '100.98.39.12',
  port: 80 }
[2016-11-30 17:18:24.807] [DEBUG] 酷6 - 开始获取视频总数
[2016-11-30 17:18:25.984] [DEBUG] 酷6 - 开始获取第1页视频列表
[2016-11-30 17:18:26.515] [DEBUG] 酷6 - 【萝莉侃剧】极品家丁男生福利IP的正确打开方式标题
[2016-11-30 17:18:26.515] [DEBUG] 酷6 - DS女老诗,萝莉侃剧,极品家丁,陈赫尹正,极品家丁电视剧标签
[2016-11-30 17:18:26.546] [DEBUG] 酷6 - 酷6视频 DrPWNmV0UK8uGGvz_XrbvQ.. 加入缓存队列
[2016-11-30 17:18:26.624] [DEBUG] 酷6 - 【萝莉侃剧】大明赌神把妹救国两不误标题
[2016-11-30 17:18:26.624] [DEBUG] 酷6 - DS女老诗,赌神,萝莉侃剧,周润发,大明赌神标签
[2016-11-30 17:18:26.640] [DEBUG] 酷6 - 酷6视频 0MFW3bgO89E3PBHUdRJpsg.. 加入缓存队列
[2016-11-30 17:18:26.744] [DEBUG] 酷6 - 【萝莉说美女】整容三女神如何选择四美男标题
[2016-11-30 17:18:26.744] [DEBUG] 酷6 - DS女老诗,萝莉说美女,柳岩,张柏芝,女神的选择标签
[2016-11-30 17:18:26.744] [DEBUG] 酷6 - 酷6视频 4PioRrURpEKcs9OUwk3r4Q.. 加入缓存队列
[2016-11-30 17:18:26.875] [DEBUG] 酷6 - 【萝莉侃剧】神还原陈二狗的妖孽人生标题
[2016-11-30 17:18:26.875] [DEBUG] 酷6 - DS女老诗,陈二狗,萝莉侃剧,陈二狗的妖孽人生,搞笑标签
[2016-11-30 17:18:26.890] [DEBUG] 酷6 - 酷6视频 omr_6PcdVVaACw050QwUlQ.. 加入缓存队列
[2016-11-30 17:18:26.984] [DEBUG] 酷6 - 【萝莉说美女】娱乐圈离婚后净身出户的女明星标题
[2016-11-30 17:18:27.000] [DEBUG] 酷6 - DS女老诗,萝莉说美女,离婚女星,薛之谦,美女标签
[2016-11-30 17:18:27.000] [DEBUG] 酷6 - 酷6视频 VmOkH3ONFaPnJjtK7Lxbog.. 加入缓存队列
[2016-11-30 17:18:27.062] [DEBUG] 酷6 - 【萝莉侃剧】女间谍失身搓澡工 《冒牌间谍》有剧毒标题
[2016-11-30 17:18:27.062] [DEBUG] 酷6 - DS女老诗,萝莉侃剧,冒牌间谍,女间谍,搞笑标签
[2016-11-30 17:18:27.078] [DEBUG] 酷6 - 酷6视频 mFtVxHiZkWYJBVSG0BeXhg.. 加入缓存队列
[2016-11-30 17:18:27.158] [DEBUG] 酷6 - 【萝莉侃剧】锦绣未央四大核能绝密看点标题
[2016-11-30 17:18:27.162] [DEBUG] 酷6 - DS女老诗,锦绣未央,萝莉侃就,锦绣未央电视剧,唐嫣罗晋标签
[2016-11-30 17:18:27.183] [DEBUG] 酷6 - 酷6视频 dZhAs50Ov-Y6y877V2pNHw.. 加入缓存队列
[2016-11-30 17:18:27.244] [DEBUG] 酷6 - 【萝莉说趣事】苹果三星再燃战火双双爆破标题
[2016-11-30 17:18:27.244] [DEBUG] 酷6 - DS女老诗,萝莉说趣事,苹果三星,趣事,搞笑标签
[2016-11-30 17:18:27.259] [DEBUG] 酷6 - 酷6视频 Z0N7N2jomNr7UPaDe0eDUg.. 加入缓存队列
[2016-11-30 17:18:27.322] [DEBUG] 酷6 - 【萝莉侃剧】欢喜密探玩转半个娱乐圈标题
[2016-11-30 17:18:27.338] [DEBUG] 酷6 - DS女老诗,萝莉侃剧,欢喜密探,赵丽颖,包贝尔标签
[2016-11-30 17:18:27.345] [DEBUG] 酷6 - 酷6视频 xo95EX4kFlMVAUprKfnXgQ.. 加入缓存队列
[2016-11-30 17:18:27.406] [DEBUG] 酷6 - 【萝莉说美女】娱乐圈全能炒作女星大盘点标题
[2016-11-30 17:18:27.406] [DEBUG] 酷6 - DS女老诗,萝莉说美女,炒作女星,美女炒作,美女标签
[2016-11-30 17:18:27.422] [DEBUG] 酷6 - 酷6视频 KeGDSch5CY7BebucaO_IOw.. 加入缓存队列
