[2016-12-08 14:44:21.124] [TRACE] QQ空间 - DealWith instantiation ...
[2016-12-08 14:44:21.124] [TRACE] QQ空间 - spiderCore instantiation ...
[2016-12-08 14:44:21.124] [TRACE] QQ空间 - 启动函数
[2016-12-08 14:44:21.157] [DEBUG] QQ空间 - 任务信息数据库连接建立...成功
[2016-12-08 14:44:21.157] [DEBUG] QQ空间 - 缓存队列数据库连接建立...成功
[2016-12-08 14:44:21.157] [DEBUG] QQ空间 - 创建数据库连接完毕
[2016-12-08 14:44:21.157] [INFO] QQ空间 - { id: '1801052304', name: '一宠天下', p: '28' }
[2016-12-08 14:44:21.503] [DEBUG] QQ空间 - 0 || 0++++++1
[2016-12-08 14:44:21.942] [DEBUG] QQ空间 - 真没发现，哈士奇还有这用处，一下子感觉值了【点击头像关注空间，获取更多精彩视频】
[2016-12-08 14:44:22.609] [DEBUG] QQ空间 - 听说哈士奇是撒手没，作死的我试了下【点击头像关注空间，获取更多精彩视频】
[2016-12-08 14:44:23.031] [DEBUG] QQ空间 - 面对这东西，小老虎一脸蒙逼，这回迷茫了！【点击头像关注空间，获取更多精彩视频】
[2016-12-08 14:44:23.449] [DEBUG] QQ空间 - 两只小柴犬打架，瞬间被萌化！【点击头像关注空间，获取更多精彩视频】
[2016-12-08 14:44:23.840] [DEBUG] QQ空间 - 藏獒忠心护主的真实故事，看了忒激动了【点击头像关注空间，获取更多精彩视频】
[2016-12-08 14:44:24.530] [DEBUG] QQ空间 - 女主人锻炼身体，旁边金毛犬热心加油数数，实在太有爱了【点击头像关注空间，获取更多精彩视频】
[2016-12-08 14:44:24.963] [DEBUG] QQ空间 - 呆萌金毛，看到女主人竟然抢自己吃的，狗狗的反应简直萌翻啦！【点击头像关注空间，获取更多精彩视频】
[2016-12-08 14:44:25.458] [DEBUG] QQ空间 - 狗狗在主人怀里装死 但是听到“饭点”到了 还是扛不住啊【点击头像关注空间，获取更多精彩视频】
[2016-12-08 14:44:25.886] [DEBUG] QQ空间 - 小宝宝突然伸手抢走饼干，没想到德国狼狗的反应超暖心！【点击头像关注空间，获取更多精彩视频】
[2016-12-08 14:44:26.312] [DEBUG] QQ空间 - 主人抢了狗窝，狗狗的反应让人笑翻！【点击头像关注空间，获取更多精彩视频】
[2016-12-08 14:44:26.335] [DEBUG] QQ空间 - 10++++
[2016-12-08 14:44:26.585] [DEBUG] QQ空间 - 10 || 1++++++2
[2016-12-08 14:44:26.999] [DEBUG] QQ空间 - 真没发现，哈士奇还有这用处，一下子感觉值了【点击头像关注空间，获取更多精彩视频】
[2016-12-08 14:44:27.402] [DEBUG] QQ空间 - 听说哈士奇是撒手没，作死的我试了下【点击头像关注空间，获取更多精彩视频】
[2016-12-08 14:44:27.856] [DEBUG] QQ空间 - 面对这东西，小老虎一脸蒙逼，这回迷茫了！【点击头像关注空间，获取更多精彩视频】
[2016-12-08 14:44:28.232] [DEBUG] QQ空间 - 两只小柴犬打架，瞬间被萌化！【点击头像关注空间，获取更多精彩视频】
[2016-12-08 14:44:28.650] [DEBUG] QQ空间 - 藏獒忠心护主的真实故事，看了忒激动了【点击头像关注空间，获取更多精彩视频】
[2016-12-08 14:44:29.092] [DEBUG] QQ空间 - 女主人锻炼身体，旁边金毛犬热心加油数数，实在太有爱了【点击头像关注空间，获取更多精彩视频】
[2016-12-08 14:44:29.418] [DEBUG] QQ空间 - 呆萌金毛，看到女主人竟然抢自己吃的，狗狗的反应简直萌翻啦！【点击头像关注空间，获取更多精彩视频】
[2016-12-08 14:44:29.886] [DEBUG] QQ空间 - 狗狗在主人怀里装死 但是听到“饭点”到了 还是扛不住啊【点击头像关注空间，获取更多精彩视频】
[2016-12-08 14:44:30.355] [DEBUG] QQ空间 - 小宝宝突然伸手抢走饼干，没想到德国狼狗的反应超暖心！【点击头像关注空间，获取更多精彩视频】
[2016-12-08 14:44:30.821] [DEBUG] QQ空间 - 主人抢了狗窝，狗狗的反应让人笑翻！【点击头像关注空间，获取更多精彩视频】
[2016-12-08 14:44:30.827] [DEBUG] QQ空间 - 10++++
[2016-12-08 14:44:31.062] [DEBUG] QQ空间 - 20 || 2++++++3
[2016-12-08 14:44:31.465] [DEBUG] QQ空间 - 真没发现，哈士奇还有这用处，一下子感觉值了【点击头像关注空间，获取更多精彩视频】
[2016-12-08 14:44:31.918] [DEBUG] QQ空间 - 听说哈士奇是撒手没，作死的我试了下【点击头像关注空间，获取更多精彩视频】
[2016-12-08 14:44:32.296] [DEBUG] QQ空间 - 面对这东西，小老虎一脸蒙逼，这回迷茫了！【点击头像关注空间，获取更多精彩视频】
[2016-12-08 14:44:32.684] [DEBUG] QQ空间 - 两只小柴犬打架，瞬间被萌化！【点击头像关注空间，获取更多精彩视频】
[2016-12-08 14:44:33.107] [DEBUG] QQ空间 - 藏獒忠心护主的真实故事，看了忒激动了【点击头像关注空间，获取更多精彩视频】
[2016-12-08 14:44:33.720] [DEBUG] QQ空间 - 女主人锻炼身体，旁边金毛犬热心加油数数，实在太有爱了【点击头像关注空间，获取更多精彩视频】
[2016-12-08 14:44:34.120] [DEBUG] QQ空间 - 呆萌金毛，看到女主人竟然抢自己吃的，狗狗的反应简直萌翻啦！【点击头像关注空间，获取更多精彩视频】
[2016-12-08 14:44:34.548] [DEBUG] QQ空间 - 狗狗在主人怀里装死 但是听到“饭点”到了 还是扛不住啊【点击头像关注空间，获取更多精彩视频】
[2016-12-08 14:44:34.903] [DEBUG] QQ空间 - 小宝宝突然伸手抢走饼干，没想到德国狼狗的反应超暖心！【点击头像关注空间，获取更多精彩视频】
