[2016-12-08 19:04:38.044] [TRACE] QQ空间 - DealWith instantiation ...
[2016-12-08 19:04:38.054] [TRACE] QQ空间 - spiderCore instantiation ...
[2016-12-08 19:04:38.056] [TRACE] QQ空间 - 启动函数
[2016-12-08 19:04:38.086] [DEBUG] QQ空间 - 任务信息数据库连接建立...成功
[2016-12-08 19:04:38.088] [DEBUG] QQ空间 - 缓存队列数据库连接建立...成功
[2016-12-08 19:04:38.090] [DEBUG] QQ空间 - 创建数据库连接完毕
[2016-12-08 19:04:38.092] [INFO] QQ空间 - { id: '2513883391', name: '陈翔六点半', p: '28' }
[2016-12-08 19:04:39.073] [DEBUG] QQ空间 - 116
[2016-12-08 19:04:39.447] [DEBUG] QQ空间 - 188
[2016-12-08 19:04:39.786] [DEBUG] QQ空间 - 106
[2016-12-08 19:04:40.147] [DEBUG] QQ空间 - 128
[2016-12-08 19:04:40.436] [DEBUG] QQ空间 - 128
[2016-12-08 19:04:40.748] [DEBUG] QQ空间 - 85
[2016-12-08 19:04:41.127] [DEBUG] QQ空间 - 72
[2016-12-08 19:04:41.495] [DEBUG] QQ空间 - 69
[2016-12-08 19:04:41.846] [DEBUG] QQ空间 - 192
[2016-12-08 19:04:42.259] [DEBUG] QQ空间 - 52
[2016-12-08 19:04:42.595] [DEBUG] QQ空间 - 116
[2016-12-08 19:04:42.936] [DEBUG] QQ空间 - 69
[2016-12-08 19:04:43.320] [DEBUG] QQ空间 - 283
