[2016-12-08 14:43:06.480] [TRACE] QQ空间 - DealWith instantiation ...
[2016-12-08 14:43:06.495] [TRACE] QQ空间 - spiderCore instantiation ...
[2016-12-08 14:43:06.495] [TRACE] QQ空间 - 启动函数
[2016-12-08 14:43:06.511] [DEBUG] QQ空间 - 任务信息数据库连接建立...成功
[2016-12-08 14:43:06.527] [DEBUG] QQ空间 - 缓存队列数据库连接建立...成功
[2016-12-08 14:43:06.527] [DEBUG] QQ空间 - 创建数据库连接完毕
[2016-12-08 14:43:06.527] [INFO] QQ空间 - { id: '1801052304', name: '一宠天下', p: '28' }
[2016-12-08 14:43:06.903] [DEBUG] QQ空间 - 10
[2016-12-08 14:43:07.434] [DEBUG] QQ空间 - 真没发现，哈士奇还有这用处，一下子感觉值了【点击头像关注空间，获取更多精彩视频】
[2016-12-08 14:43:07.903] [DEBUG] QQ空间 - 听说哈士奇是撒手没，作死的我试了下【点击头像关注空间，获取更多精彩视频】
[2016-12-08 14:43:08.337] [DEBUG] QQ空间 - 面对这东西，小老虎一脸蒙逼，这回迷茫了！【点击头像关注空间，获取更多精彩视频】
[2016-12-08 14:43:08.766] [DEBUG] QQ空间 - 两只小柴犬打架，瞬间被萌化！【点击头像关注空间，获取更多精彩视频】
[2016-12-08 14:43:09.205] [DEBUG] QQ空间 - 藏獒忠心护主的真实故事，看了忒激动了【点击头像关注空间，获取更多精彩视频】
[2016-12-08 14:43:09.846] [DEBUG] QQ空间 - 女主人锻炼身体，旁边金毛犬热心加油数数，实在太有爱了【点击头像关注空间，获取更多精彩视频】
[2016-12-08 14:43:10.321] [DEBUG] QQ空间 - 呆萌金毛，看到女主人竟然抢自己吃的，狗狗的反应简直萌翻啦！【点击头像关注空间，获取更多精彩视频】
[2016-12-08 14:43:10.719] [DEBUG] QQ空间 - 狗狗在主人怀里装死 但是听到“饭点”到了 还是扛不住啊【点击头像关注空间，获取更多精彩视频】
[2016-12-08 14:43:11.142] [DEBUG] QQ空间 - 小宝宝突然伸手抢走饼干，没想到德国狼狗的反应超暖心！【点击头像关注空间，获取更多精彩视频】
[2016-12-08 14:43:11.484] [DEBUG] QQ空间 - 主人抢了狗窝，狗狗的反应让人笑翻！【点击头像关注空间，获取更多精彩视频】
[2016-12-08 14:43:11.499] [DEBUG] QQ空间 - 10++++
[2016-12-08 14:43:11.735] [DEBUG] QQ空间 - 10
[2016-12-08 14:43:12.124] [DEBUG] QQ空间 - 真没发现，哈士奇还有这用处，一下子感觉值了【点击头像关注空间，获取更多精彩视频】
[2016-12-08 14:43:12.548] [DEBUG] QQ空间 - 听说哈士奇是撒手没，作死的我试了下【点击头像关注空间，获取更多精彩视频】
[2016-12-08 14:43:12.965] [DEBUG] QQ空间 - 面对这东西，小老虎一脸蒙逼，这回迷茫了！【点击头像关注空间，获取更多精彩视频】
[2016-12-08 14:43:13.403] [DEBUG] QQ空间 - 两只小柴犬打架，瞬间被萌化！【点击头像关注空间，获取更多精彩视频】
[2016-12-08 14:43:13.717] [DEBUG] QQ空间 - 藏獒忠心护主的真实故事，看了忒激动了【点击头像关注空间，获取更多精彩视频】
[2016-12-08 14:43:14.194] [DEBUG] QQ空间 - 女主人锻炼身体，旁边金毛犬热心加油数数，实在太有爱了【点击头像关注空间，获取更多精彩视频】
[2016-12-08 14:43:14.609] [DEBUG] QQ空间 - 呆萌金毛，看到女主人竟然抢自己吃的，狗狗的反应简直萌翻啦！【点击头像关注空间，获取更多精彩视频】
[2016-12-08 14:43:15.032] [DEBUG] QQ空间 - 狗狗在主人怀里装死 但是听到“饭点”到了 还是扛不住啊【点击头像关注空间，获取更多精彩视频】
[2016-12-08 14:43:15.402] [DEBUG] QQ空间 - 小宝宝突然伸手抢走饼干，没想到德国狼狗的反应超暖心！【点击头像关注空间，获取更多精彩视频】
[2016-12-08 14:43:15.736] [DEBUG] QQ空间 - 主人抢了狗窝，狗狗的反应让人笑翻！【点击头像关注空间，获取更多精彩视频】
[2016-12-08 14:43:15.736] [DEBUG] QQ空间 - 10++++
[2016-12-08 14:43:15.982] [DEBUG] QQ空间 - 10
[2016-12-08 14:43:16.350] [DEBUG] QQ空间 - 真没发现，哈士奇还有这用处，一下子感觉值了【点击头像关注空间，获取更多精彩视频】
