[2016-12-08 19:01:53.687] [TRACE] QQ空间 - DealWith instantiation ...
[2016-12-08 19:01:53.694] [TRACE] QQ空间 - spiderCore instantiation ...
[2016-12-08 19:01:53.696] [TRACE] QQ空间 - 启动函数
[2016-12-08 19:01:53.726] [DEBUG] QQ空间 - 任务信息数据库连接建立...成功
[2016-12-08 19:01:53.728] [DEBUG] QQ空间 - 缓存队列数据库连接建立...成功
[2016-12-08 19:01:53.730] [DEBUG] QQ空间 - 创建数据库连接完毕
[2016-12-08 19:01:53.732] [INFO] QQ空间 - { id: '2513883391', name: '陈翔六点半', p: '28' }
[2016-12-08 19:01:54.729] [DEBUG] QQ空间 - 116
[2016-12-08 19:01:55.001] [DEBUG] QQ空间 - 188
[2016-12-08 19:01:55.333] [DEBUG] QQ空间 - 106
[2016-12-08 19:01:55.718] [DEBUG] QQ空间 - 128
[2016-12-08 19:01:56.062] [DEBUG] QQ空间 - 128
[2016-12-08 19:01:56.397] [DEBUG] QQ空间 - 85
[2016-12-08 19:01:56.693] [DEBUG] QQ空间 - 72
[2016-12-08 19:01:57.026] [DEBUG] QQ空间 - 69
[2016-12-08 19:01:57.383] [DEBUG] QQ空间 - 192
[2016-12-08 19:01:57.770] [DEBUG] QQ空间 - 52
[2016-12-08 19:01:58.143] [DEBUG] QQ空间 - 116
[2016-12-08 19:01:58.492] [DEBUG] QQ空间 - 69
[2016-12-08 19:01:58.889] [DEBUG] QQ空间 - 283
[2016-12-08 19:01:59.224] [DEBUG] QQ空间 - 79
[2016-12-08 19:01:59.573] [DEBUG] QQ空间 - 43
[2016-12-08 19:01:59.909] [DEBUG] QQ空间 - 136
[2016-12-08 19:02:00.213] [DEBUG] QQ空间 - 94
[2016-12-08 19:02:00.574] [DEBUG] QQ空间 - 77
[2016-12-08 19:02:00.943] [DEBUG] QQ空间 - 66
[2016-12-08 19:02:01.300] [DEBUG] QQ空间 - 151
[2016-12-08 19:02:02.247] [DEBUG] QQ空间 - 116
[2016-12-08 19:02:02.548] [DEBUG] QQ空间 - 69
[2016-12-08 19:02:02.915] [DEBUG] QQ空间 - 283
[2016-12-08 19:02:03.260] [DEBUG] QQ空间 - 79
[2016-12-08 19:02:03.647] [DEBUG] QQ空间 - 43
[2016-12-08 19:02:04.031] [DEBUG] QQ空间 - 136
[2016-12-08 19:02:04.371] [DEBUG] QQ空间 - 94
[2016-12-08 19:02:04.767] [DEBUG] QQ空间 - 77
[2016-12-08 19:02:05.120] [DEBUG] QQ空间 - 66
[2016-12-08 19:02:05.504] [DEBUG] QQ空间 - 151
[2016-12-08 19:02:05.832] [DEBUG] QQ空间 - 72
[2016-12-08 19:02:06.153] [DEBUG] QQ空间 - 138
[2016-12-08 19:02:06.478] [DEBUG] QQ空间 - 52
[2016-12-08 19:02:06.882] [DEBUG] QQ空间 - 449
[2016-12-08 19:02:07.218] [DEBUG] QQ空间 - 103
[2016-12-08 19:02:07.544] [DEBUG] QQ空间 - 57
[2016-12-08 19:02:07.944] [DEBUG] QQ空间 - 39
[2016-12-08 19:02:08.311] [DEBUG] QQ空间 - 55
[2016-12-08 19:02:08.633] [DEBUG] QQ空间 - 75
[2016-12-08 19:02:08.982] [DEBUG] QQ空间 - 60
[2016-12-08 19:02:09.726] [DEBUG] QQ空间 - 72
[2016-12-08 19:02:10.032] [DEBUG] QQ空间 - 138
[2016-12-08 19:02:10.350] [DEBUG] QQ空间 - 52
[2016-12-08 19:02:10.724] [DEBUG] QQ空间 - 449
[2016-12-08 19:02:11.048] [DEBUG] QQ空间 - 103
[2016-12-08 19:02:11.363] [DEBUG] QQ空间 - 57
[2016-12-08 19:02:11.763] [DEBUG] QQ空间 - 39
[2016-12-08 19:02:12.123] [DEBUG] QQ空间 - 55
[2016-12-08 19:02:12.486] [DEBUG] QQ空间 - 75
[2016-12-08 19:02:12.891] [DEBUG] QQ空间 - 60
[2016-12-08 19:02:13.214] [DEBUG] QQ空间 - 48
[2016-12-08 19:02:13.596] [DEBUG] QQ空间 - 57
[2016-12-08 19:02:13.991] [DEBUG] QQ空间 - 115
[2016-12-08 19:02:14.379] [DEBUG] QQ空间 - 202
[2016-12-08 19:02:14.680] [DEBUG] QQ空间 - 79
[2016-12-08 19:02:15.004] [DEBUG] QQ空间 - 62
[2016-12-08 19:02:15.328] [DEBUG] QQ空间 - 254
[2016-12-08 19:02:15.677] [DEBUG] QQ空间 - 54
[2016-12-08 19:02:15.981] [DEBUG] QQ空间 - 180
[2016-12-08 19:02:16.804] [DEBUG] QQ空间 - 48
[2016-12-08 19:02:17.149] [DEBUG] QQ空间 - 57
[2016-12-08 19:02:17.551] [DEBUG] QQ空间 - 115
[2016-12-08 19:02:17.919] [DEBUG] QQ空间 - 202
[2016-12-08 19:02:18.224] [DEBUG] QQ空间 - 79
[2016-12-08 19:02:18.551] [DEBUG] QQ空间 - 62
[2016-12-08 19:02:18.909] [DEBUG] QQ空间 - 254
[2016-12-08 19:02:19.285] [DEBUG] QQ空间 - 54
[2016-12-08 19:02:19.632] [DEBUG] QQ空间 - 180
[2016-12-08 19:02:19.958] [DEBUG] QQ空间 - 80
[2016-12-08 19:02:20.475] [DEBUG] QQ空间 - 73
[2016-12-08 19:02:20.837] [DEBUG] QQ空间 - 69
[2016-12-08 19:02:21.190] [DEBUG] QQ空间 - 68
[2016-12-08 19:02:21.505] [DEBUG] QQ空间 - 60
[2016-12-08 19:02:21.894] [DEBUG] QQ空间 - 299
[2016-12-08 19:02:22.201] [DEBUG] QQ空间 - 74
[2016-12-08 19:02:22.526] [DEBUG] QQ空间 - 83
