[2016-12-08 14:48:05.369] [TRACE] QQ空间 - DealWith instantiation ...
[2016-12-08 14:48:05.376] [TRACE] QQ空间 - spiderCore instantiation ...
[2016-12-08 14:48:05.378] [TRACE] QQ空间 - 启动函数
[2016-12-08 14:48:05.409] [DEBUG] QQ空间 - 任务信息数据库连接建立...成功
[2016-12-08 14:48:05.413] [DEBUG] QQ空间 - 缓存队列数据库连接建立...成功
[2016-12-08 14:48:05.416] [DEBUG] QQ空间 - 创建数据库连接完毕
[2016-12-08 14:48:05.419] [INFO] QQ空间 - { id: '1801052304', name: '一宠天下', p: '28' }
[2016-12-08 14:48:05.705] [DEBUG] QQ空间 - 10 || 0++++++1
[2016-12-08 14:48:06.145] [DEBUG] QQ空间 - 熟睡中的金毛听见主人说要出门，画风突变！【点击头像关注空间，获取更多精彩视频】
[2016-12-08 14:48:06.592] [DEBUG] QQ空间 - 老虎被主人当成哈士奇养，结果长大后成了这怂样！【点击头像关注空间，获取更多精彩视频】
[2016-12-08 14:48:07.051] [DEBUG] QQ空间 - 女主回家发现老公和金毛在一起，顿时有了想要离家出走的冲动！【点击头像关注空间，获取更多精彩视频】
[2016-12-08 14:48:07.478] [DEBUG] QQ空间 - 狗狗一听主人要出去喝酒上网，立马把钱包藏起来，真是成精了这汪【点击头像关注空间，获取更多精彩视频】
[2016-12-08 14:48:07.910] [DEBUG] QQ空间 - 小伙子你确定每晚都这样装瞎子好吗【点击头像关注空间，获取更多精彩视频】
[2016-12-08 14:48:08.349] [DEBUG] QQ空间 - 宠物火冒三丈 主人忍俊不禁 （宠物生气集锦）【点击头像关注空间，获取更多精彩视频】
[2016-12-08 14:48:08.799] [DEBUG] QQ空间 - 太尼玛搞笑了 这些猴子派来的逗比吗【点击头像关注空间，获取更多精彩视频】
[2016-12-08 14:48:09.544] [DEBUG] QQ空间 - 搞笑的宠物，这是在敲鼓吗【点击头像关注空间，获取更多精彩视频】
[2016-12-08 14:48:09.957] [DEBUG] QQ空间 - 宠物是小朋友的帮手【点击头像关注空间，获取更多精彩视频】
[2016-12-08 14:48:10.454] [DEBUG] QQ空间 - 狗狗听到主人喊城管来了，马上做出反应，结果看完彻底笑喷我了【点击头像关注空间，获取更多精彩视频】
[2016-12-08 14:48:10.454] [DEBUG] QQ空间 - 10++++
[2016-12-08 14:48:10.705] [DEBUG] QQ空间 - 20 || 1++++++2
[2016-12-08 14:48:11.181] [DEBUG] QQ空间 - 狗狗在主人怀里装死，主人全力配合，结果狗狗的反应笑倒所有人【点击头像关注空间，获取更多精彩视频】
[2016-12-08 14:48:11.560] [DEBUG] QQ空间 - 金毛在外面被欺负了，回家找主人告状！【点击头像关注空间，获取更多精彩视频】
[2016-12-08 14:48:11.998] [DEBUG] QQ空间 - 狗狗在家正嗨，忽然听到主人说表弟来了，狗狗的反应瞬间让人笑疯【点击头像关注空间，获取更多精彩视频】
[2016-12-08 14:48:12.332] [DEBUG] QQ空间 - 松狮吵醒了主人，主人让它小声点，没想到狗狗真的不咬玩具了【点击头像关注空间，获取更多精彩视频】
[2016-12-08 14:48:12.966] [DEBUG] QQ空间 - 这两只不正经的狗，是狗狗届的两朵奇葩.【点击头像关注空间，获取更多精彩视频】
[2016-12-08 14:48:13.393] [DEBUG] QQ空间 - 狗狗被主人当枕头睡，金毛生气了，等主人睡着后狗狗的行为笑喷我！【点击头像关注空间，获取更多精彩视频】
[2016-12-08 14:48:13.824] [DEBUG] QQ空间 - 我想我还是低估了泰迪，这样都能上去【点击头像关注空间，获取更多精彩视频】
[2016-12-08 14:48:14.224] [DEBUG] QQ空间 - 小奶狗打架，气势一定不能输，但后面你一口我一口简直萌翻了！【点击头像关注空间，获取更多精彩视频】
[2016-12-08 14:48:14.646] [DEBUG] QQ空间 - 狗狗在外面玩得正嗨，忽然听到要主人回去，接下来狗狗的反应绝了【点击头像关注空间，获取更多精彩视频】
[2016-12-08 14:48:15.134] [DEBUG] QQ空间 - 小主人被罚站，狗狗的反应让所有人都吃惊【点击头像关注空间，获取更多精彩视频】
[2016-12-08 14:48:15.134] [DEBUG] QQ空间 - 10++++
[2016-12-08 14:48:15.406] [DEBUG] QQ空间 - 30 || 2++++++3
[2016-12-08 14:48:15.865] [DEBUG] QQ空间 - 主人抢了狗窝，狗狗的反应让人笑翻【点击头像关注空间，获取更多精彩视频】
[2016-12-08 14:48:16.343] [DEBUG] QQ空间 - 宝宝想爬行，却被狗狗用前爪压住，接下来狗狗的举止更令爸妈笑翻【点击头像关注空间，获取更多精彩视频】
[2016-12-08 14:48:17.059] [DEBUG] QQ空间 - 两只金毛刨土刨出个螃蟹，主人问谁刨出来的时，回答的动作亮了！
[2016-12-08 14:48:17.722] [DEBUG] QQ空间 - 萌宠已成精，快来看看它们的万圣节cosplay，你最中意哪只萌宠？【点击头像关注空间，获取更多精彩视频】
[2016-12-08 14:48:18.190] [DEBUG] QQ空间 - 主人给小狗洗澡，小狗在洗手盆里都快浮起来了，哼哼唧唧好可爱！【点击头像关注空间，获取更多精彩视频】
[2016-12-08 14:48:18.675] [DEBUG] QQ空间 - 汪星人要拉粑粑主人说忙，汪星人跑去自己坐马桶，主人都看愣了【点击头像关注空间，获取更多精彩视频】
[2016-12-08 14:48:19.101] [DEBUG] QQ空间 - 主人在一边认真工作，狗狗惬意的躺在旁边，好似领导在旁边监督【点击头像关注空间，获取更多精彩视频】
[2016-12-08 14:48:19.513] [DEBUG] QQ空间 - 主人因动弹不得无法拿毛巾，结果狗狗接下的反应瞬间看傻所有人【点击头像关注空间，获取更多精彩视频】
[2016-12-08 14:48:19.917] [DEBUG] QQ空间 - 小泰迪宝宝想喝奶，自己跑去拿碗跟调羹，太可爱了！【点击头像关注空间，获取更多精彩视频】

[2016-12-08 14:48:20.348] [DEBUG] QQ空间 - 主人给小二哈喂少了，奶声奶气的大骂主人买不起狗粮，场面太逗了【点击头像关注空间，获取更多精彩视频】
[2016-12-08 14:48:20.348] [DEBUG] QQ空间 - 10++++
[2016-12-08 14:48:20.623] [DEBUG] QQ空间 - 40 || 3++++++4
[2016-12-08 14:48:21.060] [DEBUG] QQ空间 - 一到饭点，狗狗就会蹲在这个角落眼睁睁地看着【点击头像关注空间，获取更多精彩视频】
[2016-12-08 14:48:21.513] [DEBUG] QQ空间 - 遇见这样自私神经质的汪星人叫主人很无语！【点击头像关注空间，获取更多精彩视频】
[2016-12-08 14:48:21.946] [DEBUG] QQ空间 - 一只和猫咪同住的狗狗，醒来后怕吵醒喵咪，一直保持同一姿势。【点击头像关注空间，获取更多精彩视频】
[2016-12-08 14:48:22.405] [DEBUG] QQ空间 - 你的猫咪孤单在家时，它是这样的！【点击头像关注空间，获取更多精彩视频】
[2016-12-08 14:48:22.809] [DEBUG] QQ空间 - 猫咪强行睡狗狗的床，狗狗开始想凑合挤挤，看着实在挤不了走开了【点击头像关注空间，获取更多精彩视频】
[2016-12-08 14:48:23.227] [DEBUG] QQ空间 - 猫猫妈妈病逝后，小猫就一直跟着金毛妈妈！暖暖的全是爱！【点击头像关注空间，获取更多精彩视频】
[2016-12-08 14:48:23.683] [DEBUG] QQ空间 - 女主人准备睡觉，猫咪突然一口咬住被子，接下来的这幕让她笑哭！【点击头像关注空间，获取更多精彩视频】
[2016-12-08 14:48:24.093] [DEBUG] QQ空间 - 猫猫妈妈病逝后，小猫就一直跟着金毛妈妈！暖暖的全是爱！【点击头像关注空间，获取更多精彩视频】 
[2016-12-08 14:48:24.530] [DEBUG] QQ空间 - 男主人玩手机，猫咪爬到了他的身上，接下来的这幕让人一阵嫉妒！【点击头像关注空间，获取更多精彩视频】
[2016-12-08 14:48:24.952] [DEBUG] QQ空间 - 外国狗狗模仿主人说话 英语交流毫无压力【点击头像关注空间，获取更多精彩视频】
[2016-12-08 14:48:24.958] [DEBUG] QQ空间 - 10++++
[2016-12-08 14:48:25.237] [DEBUG] QQ空间 - 50 || 4++++++5
[2016-12-08 14:48:25.660] [DEBUG] QQ空间 - 在主人伤心难过的时候，狗狗是这么做的，好感动！【点击头像关注空间，获取更多精彩视频】
[2016-12-08 14:48:26.140] [DEBUG] QQ空间 - 主人回家，发现到狗狗把沙发给咬烂了，但当看到狗狗后瞬间笑了！【点击头像关注空间，获取更多精彩视频】
[2016-12-08 14:48:26.565] [DEBUG] QQ空间 - 真实记录：两个狗狗相爱的故事。看完好多人都哭了【点击头像关注空间，获取更多精彩视频】
[2016-12-08 14:48:27.025] [DEBUG] QQ空间 - 汪星人成精了，骑的这么溜啊【点击头像关注空间，获取更多精彩视频】
[2016-12-08 14:48:27.482] [DEBUG] QQ空间 - 这汪星人比一般的人都聪明，五体投地了【点击头像关注空间，获取更多精彩视频】
[2016-12-08 14:48:27.926] [DEBUG] QQ空间 - 主人做俯卧撑，狗狗跑过来，这姿势，一看就不是什么正经狗狗【点击头像关注空间，获取更多精彩视频】
[2016-12-08 14:48:28.412] [DEBUG] QQ空间 - 这个女人用狗代替了自己的老公，真幸福【点击头像关注空间，获取更多精彩视频】

[2016-12-08 14:48:28.882] [DEBUG] QQ空间 - 小女孩张大嘴发出怒吼吓唬两只大狗狗，没想到被狗狗会错了意！【点击头像关注空间，获取更多精彩视频】

[2016-12-08 14:48:29.321] [DEBUG] QQ空间 - 原以为狗狗只是爬上去而已，结果它竟然还晃起来了【点击头像关注空间，获取更多精彩视频】

[2016-12-08 14:48:29.771] [DEBUG] QQ空间 - 一只被女主人玩坏了的狗狗：说出来你不信，是衣服先动的【点击头像关注空间，获取更多精彩视频】

[2016-12-08 14:48:29.786] [DEBUG] QQ空间 - 10++++
[2016-12-08 14:48:30.061] [DEBUG] QQ空间 - 60 || 5++++++6
[2016-12-08 14:48:30.498] [DEBUG] QQ空间 - 谁都不可以欺负我爸爸，我来保护他，宠物太霸道【点击头像关注空间，获取更多精彩视频】

[2016-12-08 14:48:30.925] [DEBUG] QQ空间 - 小布的日常生活，“如果你也有养狗狗 可以细细品味这个视频”【点击头像关注空间，获取更多精彩视频】

[2016-12-08 14:48:31.395] [DEBUG] QQ空间 - 萝莉与大叔酱，萌宠乐园，这里有你喜爱的宠物！【点击头像关注空间，获取更多精彩视频】

[2016-12-08 14:48:31.827] [DEBUG] QQ空间 - 其实 ，是狗狗陪着我们度过了一个又一个的人生关卡！【点击头像关注空间，获取更多精彩视频】

[2016-12-08 14:48:32.237] [DEBUG] QQ空间 - 主人新领养了两只狗狗，这下可把家里的猫猫折腾坏了！【点击头像关注空间，获取更多精彩视频】
[2016-12-08 14:48:32.690] [DEBUG] QQ空间 - 汪星人与扫地机器人 不只喵星人可以御驾巡山【点击头像关注空间，获取更多精彩视频】
[2016-12-08 14:48:33.175] [DEBUG] QQ空间 - 这么可爱的小狗狗，萌死了！【点击头像关注空间，获取更多精彩视频】
[2016-12-08 14:48:33.640] [DEBUG] QQ空间 - 主人问狗狗，是谁拉的粑粑，结果狗狗的回答让所有人都忍不住笑【点击头像关注空间，获取更多精彩视频】
[2016-12-08 14:48:34.333] [DEBUG] QQ空间 - 汪星人告诉你，什么叫困成狗【点击头像关注空间，获取更多精彩视频】
[2016-12-08 14:48:34.768] [DEBUG] QQ空间 - 女主人给猫咪刷牙，这熟练地手法，看的出来猫咪的内心是拒绝的！【点击头像关注空间，获取更多精彩视频】
[2016-12-08 14:48:34.768] [DEBUG] QQ空间 - 10++++
[2016-12-08 14:48:35.115] [DEBUG] QQ空间 - 70 || 6++++++7
[2016-12-08 14:48:35.533] [DEBUG] QQ空间 - 一俄罗斯大妈训斥汪星人，汪星人一脸看破红尘僧无可恋！【点击头像关注空间，获取更多精彩视频】
[2016-12-08 14:48:36.036] [DEBUG] QQ空间 - 主人悲伤，狗狗也跟着一起悲伤【点击头像关注空间，获取更多精彩视频】
[2016-12-08 14:48:36.443] [DEBUG] QQ空间 - 这个女人用狗代替了自己的老公，真幸福【点击头像关注空间，获取更多精彩视频】

[2016-12-08 14:48:36.832] [DEBUG] QQ空间 - 原以为狗狗只是爬上去而已，结果它竟然还晃起【点击头像关注空间，获取更多精彩视频】

[2016-12-08 14:48:37.159] [DEBUG] QQ空间 - 主人说：别人说你丑怎么办，结果狗狗的反应惊到我了，这汪成精了【点击头像关注空间，获取更多精彩视频】

[2016-12-08 14:48:37.561] [DEBUG] QQ空间 - 主人一说要吸烟，狗狗立马做出这个动作，成精了这汪【点击头像关注空间，获取更多精彩视频】

[2016-12-08 14:48:38.191] [DEBUG] QQ空间 - 这金毛成精了，真的成精了【点击头像关注空间，获取更多精彩视频】

[2016-12-08 14:48:38.591] [DEBUG] QQ空间 - 懒洋洋的biaji熊 ，看着看着恨不得睡个回笼觉去 ，早安哦！【点击头像关注空间，获取更多精彩视频】
[2016-12-08 14:48:39.013] [DEBUG] QQ空间 - 本王吃饭，就需要后宫佳丽们看着！高标准！【点击头像关注空间，获取更多精彩视频】
[2016-12-08 14:48:39.467] [DEBUG] QQ空间 - 爱生气的大金毛，生气除了皱鼻子其他也不会了 ！【点击头像关注空间，获取更多精彩视频】
[2016-12-08 14:48:39.471] [DEBUG] QQ空间 - 10++++
[2016-12-08 14:48:39.722] [DEBUG] QQ空间 - 80 || 7++++++8
[2016-12-08 14:48:40.165] [DEBUG] QQ空间 - 魔性的声音来，～玻璃心别看，它们吃的是兔子哦！【点击头像关注空间，获取更多精彩视频】
[2016-12-08 14:48:40.607] [DEBUG] QQ空间 - 我准备拿着这段视频，去物业讨要工资，至少给个鸡腿啥的！【点击头像关注空间，获取更多精彩视频】
[2016-12-08 14:48:41.126] [DEBUG] QQ空间 - 晚安，小宠们先睡了，宠物奶家军！【点击头像关注空间，获取更多精彩视频】
[2016-12-08 14:48:41.464] [DEBUG] QQ空间 - 主人故意疼爱假狗，柴犬这就吃醋啦，竟愤怒地打假狗【点击头像关注空间，获取更多精彩视频】
[2016-12-08 14:48:41.864] [DEBUG] QQ空间 - 人类套路深，狗狗好伤心【点击头像关注空间，获取更多精彩视频】
[2016-12-08 14:48:42.287] [DEBUG] QQ空间 - 这只金毛狗被她主人玩坏了，这主人太可爱了【点击头像关注空间，获取更多精彩视频】
[2016-12-08 14:48:42.675] [DEBUG] QQ空间 - 主人抱着柴犬，无意中问到剪指甲好不好【点击头像关注空间，获取更多精彩视频】
[2016-12-08 14:48:43.119] [DEBUG] QQ空间 - 主人唱歌太难听被嫌弃，狗狗没忍住一巴掌上来，主人笑懵了【点击头像关注空间，获取更多精彩视频】
[2016-12-08 14:48:43.576] [DEBUG] QQ空间 - 主人只想给狗狗个热情拥抱，谁知道这家伙居然瞬间瘫痪了，太逗了【点击头像关注空间，获取更多精彩视频】
[2016-12-08 14:48:44.044] [DEBUG] QQ空间 - 一只啥技能也不会，专门卖萌的小臭汪，直播都不带看镜头的！【点击头像关注空间，获取更多精彩视频】
[2016-12-08 14:48:44.044] [DEBUG] QQ空间 - 10++++
[2016-12-08 14:48:44.437] [DEBUG] QQ空间 - 90 || 8++++++9
[2016-12-08 14:48:44.894] [DEBUG] QQ空间 - 这个小公主最近不知道想什么，动不动就蹲着撒娇。看着好累！【点击头像关注空间，获取更多精彩视频】
[2016-12-08 14:48:45.296] [DEBUG] QQ空间 - 看仔仔好斯文，我们暖暖在家除了睡觉时间，都很顽皮！【点击头像关注空间，获取更多精彩视频】
[2016-12-08 14:48:45.706] [DEBUG] QQ空间 - 相爱相杀！39秒泰迪的眼神亮了，没想到是这样的结局！【点击头像关注空间，获取更多精彩视频】
[2016-12-08 14:48:46.372] [DEBUG] QQ空间 - 哞式按摩，如有需要，提前预约！【点击头像关注空间，获取更多精彩视频】
[2016-12-08 14:48:46.828] [DEBUG] QQ空间 - 泰迪大战金毛！某汪星人完胜！求地板心理阴影？【点击头像关注空间，获取更多精彩视频】 
[2016-12-08 14:48:47.253] [DEBUG] QQ空间 - 这只萨摩耶太坏了，故意把猫从楼梯上推下去，后果很严重【点击头像关注空间，获取更多精彩视频】
[2016-12-08 14:48:47.736] [DEBUG] QQ空间 - 主人被绑，看狗狗怎么做？【点击头像关注空间，获取更多精彩视频】
[2016-12-08 14:48:48.191] [DEBUG] QQ空间 - 主人让小金毛在家看宝宝的后果，最后太逗了，主人内心是崩溃的【点击头像关注空间，获取更多精彩视频】
[2016-12-08 14:48:48.638] [DEBUG] QQ空间 - 主人不在家，狗狗竟把宝宝照顾的这么周到【点击头像关注空间，获取更多精彩视频】
[2016-12-08 14:48:49.091] [DEBUG] QQ空间 - 喂肉肉教小萨摩耶击掌，它的手好短哦【点击头像关注空间，获取更多精彩视频】
[2016-12-08 14:48:49.091] [DEBUG] QQ空间 - 10++++
[2016-12-08 14:48:49.498] [DEBUG] QQ空间 - 100 || 9++++++10
[2016-12-08 14:48:49.971] [DEBUG] QQ空间 - 也就看了三遍，每遍都有不一样的感受，最后就觉得铲屎官真细心【点击头像关注空间，获取更多精彩视频】
[2016-12-08 14:48:50.483] [DEBUG] QQ空间 - 一只被宠坏了的大金毛，幸福死了【点击头像关注空间，获取更多精彩视频】
[2016-12-08 14:48:50.859] [DEBUG] QQ空间 - 主人带金毛演戏，谁知回家后金毛仍在戏中，太逗了！【点击头像关注空间，获取更多精彩视频】
[2016-12-08 14:48:51.343] [DEBUG] QQ空间 - 泰迪真是不管对方是什么都敢日，这次碰到阿拉斯加犬遭报应了吧【点击头像关注空间，获取更多精彩视频】

[2016-12-08 14:48:51.768] [DEBUG] QQ空间 - 这特么谁做的视频，阿汪不过想暗爽一下而已【点击头像关注空间，获取更多精彩视频】

[2016-12-08 14:48:52.210] [DEBUG] QQ空间 - 泰迪与泰迪相遇简直可怕，主人拉都拉不住，小婊砸你知道我是谁吗【点击头像关注空间，获取更多精彩视频】

[2016-12-08 14:48:52.647] [DEBUG] QQ空间 - 再牛逼的大黄狗也干不过发飙的老母猪【点击头像关注空间，获取更多精彩视频】

[2016-12-08 14:48:53.076] [DEBUG] QQ空间 - 这只狗狗懂人话，听到枪声就装死【点击头像关注空间，获取更多精彩视频】
[2016-12-08 14:48:53.609] [DEBUG] QQ空间 - 主人给狗狗穿鞋子后，狗狗连路都不会走了，走路姿势太逗了【点击头像关注空间，获取更多精彩视频】
[2016-12-08 14:48:54.060] [DEBUG] QQ空间 - 原来这么多年，我不会做家务都是因为缺一条这样的汪星人啊【点击头像关注空间，获取更多精彩视频】
[2016-12-08 14:48:54.060] [DEBUG] QQ空间 - 10++++
[2016-12-08 14:48:54.482] [DEBUG] QQ空间 - 110 || 10++++++11
[2016-12-08 14:48:54.917] [DEBUG] QQ空间 - 又猛又萌！这家人与160斤斗牛犬一起生活！【点击头像关注空间，获取更多精彩视频】
[2016-12-08 14:48:55.418] [DEBUG] QQ空间 - 小金毛为了躲避洗澡装死，二逼主人使出了杀手锏【点击头像关注空间，获取更多精彩视频】
[2016-12-08 14:48:55.749] [DEBUG] QQ空间 - 主人又抱了一个小哈士奇回来，二哈看到后激动坏了【点击头像关注空间，获取更多精彩视频】

[2016-12-08 14:48:56.214] [DEBUG] QQ空间 - 主人问狗狗你俩谁先吃，结果狗狗用行动作出了回答，太有爱了【点击头像关注空间，获取更多精彩视频】

[2016-12-08 14:48:56.580] [DEBUG] QQ空间 - 当哈士奇遇见阿拉斯加 吵架本事一流【点击头像关注空间，获取更多精彩视频】

[2016-12-08 14:48:57.018] [DEBUG] QQ空间 - 男主人威胁不给狗狗吃的，狗狗生气了找妈妈，结局笑喷【点击头像关注空间，获取更多精彩视频】

[2016-12-08 14:48:57.467] [DEBUG] QQ空间 - 汪星人当小主人的肉垫沙发！太贴心了【点击头像关注空间，获取更多精彩视频】
[2016-12-08 14:48:57.897] [DEBUG] QQ空间 - 主人正在蹲坑，结果哈士奇宝宝们破门而入！【点击头像关注空间，获取更多精彩视频】
[2016-12-08 14:48:58.322] [DEBUG] QQ空间 - 主人给狗狗剪指甲，狗狗叫得这么撕心裂肺，疼死狗狗了【点击头像关注空间，获取更多精彩视频】
[2016-12-08 14:48:58.788] [DEBUG] QQ空间 - 原以为狗狗只是爬上去而已，结果它竟然还晃起来了【点击头像关注空间，获取更多精彩视频】
[2016-12-08 14:48:58.788] [DEBUG] QQ空间 - 10++++
[2016-12-08 14:48:59.112] [DEBUG] QQ空间 - 120 || 11++++++12
[2016-12-08 14:48:59.545] [DEBUG] QQ空间 - 主人赖床不起来，女主无奈找二哈帮忙，结果狗狗的行为让人笑崩【点击头像关注空间，获取更多精彩视频】
[2016-12-08 14:49:00.029] [DEBUG] QQ空间 - 主人这下玩爽了！狗狗却被拍懵逼了！【点击头像关注空间，获取更多精彩视频】
[2016-12-08 14:49:00.433] [DEBUG] QQ空间 - 主人抢了狗窝，狗狗的反应让人笑翻【点击头像关注空间，获取更多精彩视频】

[2016-12-08 14:49:00.784] [DEBUG] QQ空间 - 主人为了气哈士奇, 不停的抚摸旁边的金毛, 结果二哈变身醋王【点击头像关注空间，获取更多精彩视频】

[2016-12-08 14:49:01.126] [DEBUG] QQ空间 - 主人让狗狗挑选礼物，当被问给女朋友时，所有人都忍不住笑啦【点击头像关注空间，获取更多精彩视频】

[2016-12-08 14:49:01.509] [DEBUG] QQ空间 - 主人钓了一条鱼给金毛玩，金毛的反应太逗了！【点击头像关注空间，获取更多精彩视频】

[2016-12-08 14:49:01.909] [DEBUG] QQ空间 - 上一秒金毛还安静躺在女主怀里，男主一句“出去溜”画风突变【点击头像关注空间，获取更多精彩视频】

[2016-12-08 14:49:02.361] [DEBUG] QQ空间 - 看到主人在水中，二哈竟然吓到要把泳池的水喝完来救主人！【点击头像关注空间，获取更多精彩视频】

[2016-12-08 14:49:02.772] [DEBUG] QQ空间 - 金毛在外面被欺负了，回家找主人告状！【点击头像关注空间，获取更多精彩视频】

[2016-12-08 14:49:03.226] [DEBUG] QQ空间 - 狗狗梦中喝奶奶，不料下错了嘴，结果狗狗接下的反应笑疯所有人【点击头像关注空间，获取更多精彩视频】

[2016-12-08 14:49:03.242] [DEBUG] QQ空间 - 10++++
[2016-12-08 14:49:03.644] [DEBUG] QQ空间 - 130 || 12++++++13
[2016-12-08 14:49:04.103] [DEBUG] QQ空间 - 狗狗在家正嗨，忽然听到主人说表弟来了，狗狗的反应瞬间让人笑疯【点击头像关注空间，获取更多精彩视频】

[2016-12-08 14:49:04.529] [DEBUG] QQ空间 - 变脸就在一瞬间，因为看到饭桶过来了，也是够够的！【点击头像关注空间，获取更多精彩视频】
[2016-12-08 14:49:04.981] [DEBUG] QQ空间 - 天天下雨，都不能出去玩，狗狗蓝瘦香菇！【点击头像关注空间，获取更多精彩视频】
[2016-12-08 14:49:05.415] [DEBUG] QQ空间 - 发现一个小疯子，每次回老家见到这个沙发都这么兴奋，至于吗?【点击头像关注空间，获取更多精彩视频】
[2016-12-08 14:49:05.805] [DEBUG] QQ空间 - 汪星人想要调戏喵星人，结果却出乎意料！【点击头像关注空间，获取更多精彩视频】
[2016-12-08 14:49:06.190] [DEBUG] QQ空间 - 可怜的汪星人和喵星人，惨遭主人调戏！【点击头像关注空间，获取更多精彩视频】
[2016-12-08 14:49:06.662] [DEBUG] QQ空间 - 汪星人终于受不了喵星人的欺负，开始反抗啦【点击头像关注空间，获取更多精彩视频】
[2016-12-08 14:49:07.126] [DEBUG] QQ空间 - 主人录下了小奶猫的叫声, 然后喵妈妈竟然把手机叼走了【点击头像关注空间，获取更多精彩视频】
[2016-12-08 14:49:07.569] [DEBUG] QQ空间 - 小猫用尾巴钓鱼 不是传说是神奇【点击头像关注空间，获取更多精彩视频】
[2016-12-08 14:49:07.974] [DEBUG] QQ空间 - 主人不在家，小猫把家弄成了这样，让人哭笑不得【点击头像关注空间，获取更多精彩视频】
[2016-12-08 14:49:07.990] [DEBUG] QQ空间 - 10++++
[2016-12-08 14:49:08.327] [DEBUG] QQ空间 - 140 || 13++++++14
[2016-12-08 14:49:08.816] [DEBUG] QQ空间 - 小猫咪刚睡醒，主人就过来逗弄，猫咪的反应萌的想抱走【点击头像关注空间，获取更多精彩视频】
[2016-12-08 14:49:09.270] [DEBUG] QQ空间 - 小宝宝抓住喵星人尾巴，遭喵星人尾巴无情攻击，萌翻了！【点击头像关注空间，获取更多精彩视频】
[2016-12-08 14:49:09.737] [DEBUG] QQ空间 - 小猫崽和小狗崽第一次相遇的情景，萌翻了【点击头像关注空间，获取更多精彩视频】
[2016-12-08 14:49:10.152] [DEBUG] QQ空间 - 主人没给柯基宝宝断尾，没想到长大后收获意外惊喜【点击头像关注空间，获取更多精彩视频】
[2016-12-08 14:49:10.486] [DEBUG] QQ空间 - 主人教训犯错的金毛，金毛的反应让主人无语了【点击头像关注空间，获取更多精彩视频】
[2016-12-08 14:49:10.905] [DEBUG] QQ空间 - 调皮柯基偷进房间干坏事，被主人当场抓住，竟装没事汪一样跑出去【点击头像关注空间，获取更多精彩视频】

[2016-12-08 14:49:11.394] [DEBUG] QQ空间 - 世界上最聪明的金毛，没有之一！可惜主人是脑残！【点击头像关注空间，获取更多精彩视频】

[2016-12-08 14:49:11.736] [DEBUG] QQ空间 - 主人教训犯错的金毛，金毛的反应让主人无语了【点击头像关注空间，获取更多精彩视频】

[2016-12-08 14:49:12.205] [DEBUG] QQ空间 - 小家伙们会自己喝奶奶了，小奶狗成长记！【点击头像关注空间，获取更多精彩视频】

[2016-12-08 14:49:12.607] [DEBUG] QQ空间 - 大眼波妈的黏人时间、小甜心太爱你了!【点击头像关注空间，获取更多精彩视频】

[2016-12-08 14:49:12.622] [DEBUG] QQ空间 - 10++++
[2016-12-08 14:49:13.025] [DEBUG] QQ空间 - 150 || 14++++++15
[2016-12-08 14:49:13.467] [DEBUG] QQ空间 - 这泰迪咋天天这样，我家的咋不正常点呢？【点击头像关注空间，获取更多精彩视频】

[2016-12-08 14:49:13.867] [DEBUG] QQ空间 - 这个小狗很享受，为什么泰迪的主人都是女生！【点击头像关注空间，获取更多精彩视频】

[2016-12-08 14:49:14.332] [DEBUG] QQ空间 - 这姿势够销魂，萌宠金毛狗狗，有你在生活更精彩【点击头像关注空间，获取更多精彩视频】

[2016-12-08 14:49:14.783] [DEBUG] QQ空间 - 金毛不想理你，并向你丢了一个泰迪，你敢要吗？【点击头像关注空间，获取更多精彩视频】

[2016-12-08 14:49:15.205] [DEBUG] QQ空间 - 女主人怕猫咪睡觉冷，把它包被子里，接下来的这幕让人大呼可爱！【点击头像关注空间，获取更多精彩视频】
[2016-12-08 14:49:15.623] [DEBUG] QQ空间 - 我家的那只猫咪太犯二了 尽量不要笑【点击头像关注空间，获取更多精彩视频】
[2016-12-08 14:49:16.135] [DEBUG] QQ空间 - 女主人趁猫咪休息时给它画眉毛，没想到它的反应会这么的呆萌~【点击头像关注空间，获取更多精彩视频】
[2016-12-08 14:49:16.591] [DEBUG] QQ空间 - 小猫挑战大猫，冲上去一脚被踢开，还不服【点击头像关注空间，获取更多精彩视频】
[2016-12-08 14:49:17.031] [DEBUG] QQ空间 - 小奶狗一旦抽风的时候喵星人都吓傻了！【点击头像关注空间，获取更多精彩视频】
[2016-12-08 14:49:17.456] [DEBUG] QQ空间 - 这只狗狗成精了，睡觉前祈祷、还会自己盖被子【点击头像关注空间，获取更多精彩视频】
[2016-12-08 14:49:17.463] [DEBUG] QQ空间 - 10++++
[2016-12-08 14:49:17.811] [DEBUG] QQ空间 - 160 || 15++++++16
[2016-12-08 14:49:18.512] [DEBUG] QQ空间 - 主人藏门后狗狗找不着 画面笑翻众人【点击头像关注空间，获取更多精彩视频】

[2016-12-08 14:49:18.966] [DEBUG] QQ空间 - 女主人假装打男主人，家里的哈士奇大怒：你再敢动他试试【点击头像关注空间，获取更多精彩视频】

[2016-12-08 14:49:19.380] [DEBUG] QQ空间 - 小泰迪宝宝想喝奶，自己跑去拿碗跟调羹，太可爱了【点击头像关注空间，获取更多精彩视频】

[2016-12-08 14:49:19.787] [DEBUG] QQ空间 - 四只小泰迪陪小主人看动画片，好乖啊！【点击头像关注空间，获取更多精彩视频】

[2016-12-08 14:49:20.122] [DEBUG] QQ空间 - 主人发现狗狗独自在浴池里冲凉 网友：这真太好看了【点击头像关注空间，获取更多精彩视频】

[2016-12-08 14:49:20.568] [DEBUG] QQ空间 - 主银把柯基小短腿抱起来擦屁屁，没想到柯基小短腿居然不停的在游【点击头像关注空间，获取更多精彩视频】
[2016-12-08 14:49:20.997] [DEBUG] QQ空间 - 主人服完兵役回来，柯基小短腿激动的跑过来【点击头像关注空间，获取更多精彩视频】
[2016-12-08 14:49:21.440] [DEBUG] QQ空间 - 幼儿时的柯基太可萌啦，肥嘟嘟的身子扭来扭去，都看不到腿啦【点击头像关注空间，获取更多精彩视频】
[2016-12-08 14:49:21.906] [DEBUG] QQ空间 - 一只有性格的狗狗，主人给它东西，不是喜欢的都不要【点击头像关注空间，获取更多精彩视频】
[2016-12-08 14:49:22.364] [DEBUG] QQ空间 - 这小狗狗天生就是卖萌的，它绝对是狗狗当中最会卖萌的【点击头像关注空间，获取更多精彩视频】
[2016-12-08 14:49:22.364] [DEBUG] QQ空间 - 10++++
[2016-12-08 14:49:22.752] [DEBUG] QQ空间 - 170 || 16++++++17
[2016-12-08 14:49:23.200] [DEBUG] QQ空间 - 主人发现狗狗正在拆家，傻狗抬头一脸懵B【点击头像关注空间，获取更多精彩视频】
[2016-12-08 14:49:23.607] [DEBUG] QQ空间 - 养了这么迷你的狗狗，主人抱它都不敢用太大力！
[2016-12-08 14:49:24.123] [DEBUG] QQ空间 - 小宝贝和小美洲豹一起喝奶，豹：别碰我，各喝各的【点击头像关注空间，获取更多精彩视频】

[2016-12-08 14:49:24.469] [DEBUG] QQ空间 - 可爱狗狗趴着像个小毛球了【点击头像关注空间，获取更多精彩视频】
[2016-12-08 14:49:24.865] [DEBUG] QQ空间 - 这狗狗要成精了，竟然和人跳完了一段华尔兹【点击头像关注空间，获取更多精彩视频】
[2016-12-08 14:49:25.298] [DEBUG] QQ空间 - 小女孩唱着歌给大黑狗洗澡，狗狗站着一动不动，好乖啊！【点击头像关注空间，获取更多精彩视频】
[2016-12-08 14:49:25.643] [DEBUG] QQ空间 - 小宝宝突然直接躲进狗狗的怀里！爸爸妈妈在一边笑坏！【点击头像关注空间，获取更多精彩视频】
[2016-12-08 14:49:25.997] [DEBUG] QQ空间 - 小动物间跨越种族的爱情【点击头像关注空间，获取更多精彩视频】
[2016-12-08 14:49:26.395] [DEBUG] QQ空间 - 主人一说去买吃的，泰迪就马上扭头去拿钱，成精了【点击头像关注空间，获取更多精彩视频】

[2016-12-08 14:49:26.864] [DEBUG] QQ空间 - 主人为了气哈士奇, 不停的抚摸旁边的金毛, 结果二哈变身醋王【点击头像关注空间，获取更多精彩视频】

[2016-12-08 14:49:26.864] [DEBUG] QQ空间 - 10++++
[2016-12-08 14:49:27.283] [DEBUG] QQ空间 - 180 || 17++++++18
[2016-12-08 14:49:27.658] [DEBUG] QQ空间 - 只剩一瓶酸奶，狗狗本想主人自己喝，还是忍不住去拿碗了！【点击头像关注空间，获取更多精彩视频】

[2016-12-08 14:49:28.014] [DEBUG] QQ空间 - 一只被哈士奇带大的猫咪，这一举一动分明就是一只狗【点击头像关注空间，获取更多精彩视频】
[2016-12-08 14:49:28.460] [DEBUG] QQ空间 - 两只二货哈士奇不让主人出门上班竟然堵门, 蠢翻了【点击头像关注空间，获取更多精彩视频】

[2016-12-08 14:49:28.942] [DEBUG] QQ空间 - 这只狗狗竟然对瞎眼的主人做了这件事，让全球泪奔了！【点击头像关注空间，获取更多精彩视频】
[2016-12-08 14:49:29.444] [DEBUG] QQ空间 - 有起床气的狗狗【点击头像关注空间，获取更多精彩视频】
[2016-12-08 14:49:29.908] [DEBUG] QQ空间 - 主人进厕所半天不出来，结果狗狗竟背着他做出这种事，笑疯女主了【点击头像关注空间，获取更多精彩视频】
[2016-12-08 14:49:30.548] [DEBUG] QQ空间 - 鹦鹉推开门发现主人不在，于是狂笑起来【点击头像关注空间，获取更多精彩视频】
[2016-12-08 14:49:31.073] [DEBUG] QQ空间 - 买来的鹦鹉叫了一声 吓得喵星人怀疑人生【点击头像关注空间，获取更多精彩视频】
[2016-12-08 14:49:31.448] [DEBUG] QQ空间 - 永远不要和狗狗玩捉迷藏，尤其是金毛，绝对把你二哭【点击头像关注空间，获取更多精彩视频】

[2016-12-08 14:49:31.946] [DEBUG] QQ空间 - 强悍！狗狗为了食物竟然叫出了“妈妈”【点击头像关注空间，获取更多精彩视频】

[2016-12-08 14:49:31.953] [DEBUG] QQ空间 - 10++++
[2016-12-08 14:49:32.374] [DEBUG] QQ空间 - 190 || 18++++++19
[2016-12-08 14:49:32.827] [DEBUG] QQ空间 - 为了买好吃的，狗狗又藏钱啦！怎么这么搞笑！【点击头像关注空间，获取更多精彩视频】

[2016-12-08 14:49:33.163] [DEBUG] QQ空间 - 泰迪发脾气不肯回家，金毛叼起它就往家里跑。当老大的真不容易啊【点击头像关注空间，获取更多精彩视频】

[2016-12-08 14:49:33.534] [DEBUG] QQ空间 - 主人嫌泰迪衣服太脏不给洗，结果狗狗就自己爬进了洗衣机【点击头像关注空间，获取更多精彩视频】

[2016-12-08 14:49:33.968] [DEBUG] QQ空间 - 主人出门忘记带上狗狗，结果狗狗看到主人回来后，瞬间爆发了【点击头像关注空间，获取更多精彩视频】

[2016-12-08 14:49:34.422] [DEBUG] QQ空间 - 两只哈士奇当着女主人的面，干起这种事！【点击头像关注空间，获取更多精彩视频】

[2016-12-08 14:49:34.898] [DEBUG] QQ空间 - 主人叫金毛抱抱弟弟，最后成抱打弟弟了，泰迪一脸懵圈！【点击头像关注空间，获取更多精彩视频】
[2016-12-08 14:49:35.343] [DEBUG] QQ空间 - 两只金毛弄脏自己怕主人骂，竟然恶人先告状！【点击头像关注空间，获取更多精彩视频】
[2016-12-08 14:49:35.966] [DEBUG] QQ空间 - 金毛在外面被欺负了，回家找主人告状！【点击头像关注空间，获取更多精彩视频】
[2016-12-08 14:49:36.403] [DEBUG] QQ空间 - 金毛搞破坏，被骂以后的表现把女主人笑的直不起腰来.【点击头像关注空间，获取更多精彩视频】
[2016-12-08 14:49:36.899] [DEBUG] QQ空间 - 小金毛犯错主人要“打”它，它的大哥立马就不愿意了！【点击头像关注空间，获取更多精彩视频】
[2016-12-08 14:49:36.916] [DEBUG] QQ空间 - 10++++
[2016-12-08 14:49:37.252] [DEBUG] QQ空间 - 200 || 19++++++20
[2016-12-08 14:49:37.544] [DEBUG] QQ空间 - 听到主人说要把弟弟发走，金毛开心的去拿胶布封箱！【点击头像关注空间，获取更多精彩视频】
[2016-12-08 14:49:38.013] [DEBUG] QQ空间 - 主人为金毛拍照留念，狗狗一脸好认真，看到最后我彻底被征服了【点击头像关注空间，获取更多精彩视频】
[2016-12-08 14:49:38.497] [DEBUG] QQ空间 - 主人和二哈打架，互扇耳光啪啪的【点击头像关注空间，获取更多精彩视频】
[2016-12-08 14:49:38.941] [DEBUG] QQ空间 - 主人让狗狗严肃别笑，狗狗瞬间切换表情堪称影帝【点击头像关注空间，获取更多精彩视频】
[2016-12-08 14:49:39.363] [DEBUG] QQ空间 - 汪星人偷吃桌子上的食物被主人发现.【点击头像关注空间，获取更多精彩视频】
[2016-12-08 14:49:39.773] [DEBUG] QQ空间 - 这么能干的德牧，给多少钱都不换【点击头像关注空间，获取更多精彩视频】
[2016-12-08 14:49:40.174] [DEBUG] QQ空间 - 小狼犬：好想咬他喔，不我要忍住【点击头像关注空间，获取更多精彩视频】
[2016-12-08 14:49:40.559] [DEBUG] QQ空间 - 狗狗坐自行车上瘾，不愿停下来了！【点击头像关注空间，获取更多精彩视频】
[2016-12-08 14:49:41.154] [DEBUG] QQ空间 - 金毛给弟弟洗澡，萌我一脸血！已成精。【点击头像关注空间，获取更多精彩视频】
[2016-12-08 14:49:41.611] [DEBUG] QQ空间 - 主人发现狗狗独自在浴池里冲凉 网友：这真特么太感伤了。【点击头像关注空间，获取更多精彩视频】
[2016-12-08 14:49:41.611] [DEBUG] QQ空间 - 10++++
[2016-12-08 14:49:42.048] [DEBUG] QQ空间 - 210 || 20++++++21
[2016-12-08 14:49:42.441] [DEBUG] QQ空间 - 面对火腿肠和酸奶，俩金毛的反应太逗了！【点击头像关注空间，获取更多精彩视频】
[2016-12-08 14:49:42.914] [DEBUG] QQ空间 - 肚子大就是吃货吗？我只不过身材小，所以显得肚子大好嘛？【点击头像关注空间，获取更多精彩视频】
[2016-12-08 14:49:44.466] [DEBUG] QQ空间 - 主人钓了一条鱼给金毛玩，金毛的反应太逗了！【点击头像关注空间，获取更多精彩视频】
[2016-12-08 14:49:44.877] [DEBUG] QQ空间 - 主人说：别人说你丑怎么办，结果狗狗的反应惊到我了，这汪成精了【点击头像关注空间，获取更多精彩视频】
[2016-12-08 14:49:45.295] [DEBUG] QQ空间 - 汪星人看到主人在训练另一只狗狗接东西，心痒痒决定一试，结果【点击头像关注空间，获取更多精彩视频】
[2016-12-08 14:49:45.724] [DEBUG] QQ空间 - 一只会拍马屁的汪星人，每次都怕你来这招，哈哈主人服了【点击头像关注空间，获取更多精彩视频】
[2016-12-08 14:49:46.227] [DEBUG] QQ空间 - 主人故意冷落自己的狗狗，狗狗一副痛心的样子：丫的，走错门了？【点击头像关注空间，获取更多精彩视频】
[2016-12-08 14:49:46.630] [DEBUG] QQ空间 - 以为主人没买空调，狗狗生气不给主人进门，零食都哄不了！【点击头像关注空间，获取更多精彩视频】

[2016-12-08 14:49:47.022] [DEBUG] QQ空间 - 崽崽：终于放学了，粑粑来接我，好嗨心【点击头像关注空间，获取更多精彩视频】

[2016-12-08 14:49:47.474] [DEBUG] QQ空间 - 崽胖都快成精了，让干嘛就干嘛。【点击头像关注空间，获取更多精彩视频】

[2016-12-08 14:49:47.476] [DEBUG] QQ空间 - 10++++
[2016-12-08 14:49:47.826] [DEBUG] QQ空间 - 220 || 21++++++22
[2016-12-08 14:49:48.220] [DEBUG] QQ空间 - 泰迪背着书包跟孩子一起放学回家。【点击头像关注空间，获取更多精彩视频】

[2016-12-08 14:49:48.622] [DEBUG] QQ空间 - 空调回来了，崽崽没话说了吧！可爱【点击头像关注空间，获取更多精彩视频】

[2016-12-08 14:49:49.025] [DEBUG] QQ空间 - 宝宝开车带狗狗去兜风！狗狗：我掉下来了！【点击头像关注空间，获取更多精彩视频】
[2016-12-08 14:49:49.411] [DEBUG] QQ空间 - 狗狗出门还要照镜子，太逗了啊！【点击头像关注空间，获取更多精彩视频】
[2016-12-08 14:49:49.817] [DEBUG] QQ空间 - 一开始我以为又是一个气愤的视频，结果！【点击头像关注空间，获取更多精彩视频】
[2016-12-08 14:49:50.271] [DEBUG] QQ空间 - 这是我见过最凶的熊猫宝宝，但这个叫声让我先笑会【点击头像关注空间，获取更多精彩视频】
[2016-12-08 14:49:50.690] [DEBUG] QQ空间 - 这只猫要逆天了，做的这个动作让主人哭笑不得【点击头像关注空间，获取更多精彩视频】
[2016-12-08 14:49:51.149] [DEBUG] QQ空间 - 主人用碗扣住激光，当主人把碗掀开的时候 狗狗的反应太逗了！【点击头像关注空间，获取更多精彩视频】
[2016-12-08 14:49:51.561] [DEBUG] QQ空间 - 这只狗狗会梦游，睡觉的时候突然醒来做出了这怪异的动作，吓坏主【点击头像关注空间，获取更多精彩视频】
[2016-12-08 14:49:51.972] [DEBUG] QQ空间 - 主人担心狗狗在家里太寂寞，发明了一个可以跟狗狗视频聊天的科技【点击头像关注空间，获取更多精彩视频】
[2016-12-08 14:49:51.972] [DEBUG] QQ空间 - 10++++
[2016-12-08 14:49:52.283] [DEBUG] QQ空间 - 230 || 22++++++23
[2016-12-08 14:49:52.640] [DEBUG] QQ空间 - 主人在家给小泰迪剪头发，泰迪看着新发型内心是崩溃的【点击头像关注空间，获取更多精彩视频】
[2016-12-08 14:49:53.012] [DEBUG] QQ空间 - 三只法斗小奶狗，只会爬不会走萌萌哒！【点击头像关注空间，获取更多精彩视频】
[2016-12-08 14:49:53.372] [DEBUG] QQ空间 - 泰迪才两个月，意想不到能如此聪明【点击头像关注空间，获取更多精彩视频】
[2016-12-08 14:49:53.767] [DEBUG] QQ空间 - 你问小奶狗中谁最可爱？当然是柯基宝宝！【点击头像关注空间，获取更多精彩视频】

[2016-12-08 14:49:54.123] [DEBUG] QQ空间 - 萌到吐血的小博美，混在一堆布娃娃里差点没找出来！【点击头像关注空间，获取更多精彩视频】

[2016-12-08 14:49:54.528] [DEBUG] QQ空间 - 3只萌宝宝求抱抱，好想要一只，看着都流口水了。【点击头像关注空间，获取更多精彩视频】

[2016-12-08 14:49:54.939] [DEBUG] QQ空间 - 狗狗在主人面前告了泰迪一状，结果惨了。【点击头像关注空间，获取更多精彩视频】
[2016-12-08 14:49:55.348] [DEBUG] QQ空间 - 狗狗们排排睡，亲完就装睡，太萌了吧！【点击头像关注空间，获取更多精彩视频】
[2016-12-08 14:49:55.718] [DEBUG] QQ空间 - 狗狗本来玩的挺嗨，结果一听到外婆的声音，立马这个反应，笑哭。【点击头像关注空间，获取更多精彩视频】
[2016-12-08 14:49:56.090] [DEBUG] QQ空间 - 狗狗抱着娃娃，慢慢地睡着了。【点击头像关注空间，获取更多精彩视频】
[2016-12-08 14:49:56.093] [DEBUG] QQ空间 - 10++++
[2016-12-08 14:49:56.431] [DEBUG] QQ空间 - 240 || 23++++++24
[2016-12-08 14:49:56.799] [DEBUG] QQ空间 - 成精了的小家伙！美容时看见剪子抱拳求饶，我们求放过啊！【点击头像关注空间，获取更多精彩视频】
[2016-12-08 14:49:57.122] [DEBUG] QQ空间 - 3只萌宝宝求抱抱，好想要一只。【点击头像关注空间，获取更多精彩视频】
[2016-12-08 14:49:57.485] [DEBUG] QQ空间 - 主人带着“时髦狗狗”遛弯，迷倒一大片,表情简直萌化了！【点击头像关注空间，获取更多精彩视频】
[2016-12-08 14:49:57.833] [DEBUG] QQ空间 - 永远不要和狗狗玩捉迷藏，尤其是金毛，绝对把你二哭【点击头像关注空间，获取更多精彩视频】
[2016-12-08 14:49:58.195] [DEBUG] QQ空间 - 主人要求亲亲，不料狗狗却以这种方式拒绝，真是笑翻网友了【点击头像关注空间，获取更多精彩视频】
[2016-12-08 14:49:58.580] [DEBUG] QQ空间 - 主人让狗狗挑选礼物，当被问给女朋友时，所有人都忍不住笑啦【点击头像关注空间，获取更多精彩视频】
[2016-12-08 14:49:58.864] [DEBUG] QQ空间 - 舌头这么长，根本不需要吸管嘛【点击头像关注空间，获取更多精彩视频】
[2016-12-08 14:49:59.205] [DEBUG] QQ空间 - 小样的，这吃萝卜的速度也是可以【点击头像关注空间，获取更多精彩视频】
[2016-12-08 14:49:59.549] [DEBUG] QQ空间 - 天惹，活捉一只偷菜的小胖喵，萌哭【点击头像关注空间，获取更多精彩视频】
[2016-12-08 14:49:59.942] [DEBUG] QQ空间 - 自从在动物园见过蛇之后，猫咪觉得自己是条蛇，就不会好好走路了【点击头像关注空间，获取更多精彩视频】
[2016-12-08 14:49:59.964] [DEBUG] QQ空间 - 10++++
[2016-12-08 14:50:00.310] [DEBUG] QQ空间 - 250 || 24++++++25
[2016-12-08 14:50:00.705] [DEBUG] QQ空间 - 女主人喂猫咪饼干时突然换成了肉干，猫咪发现后一脸大写的嫌弃！【点击头像关注空间，获取更多精彩视频】
[2016-12-08 14:50:01.123] [DEBUG] QQ空间 - 主人开车带狗狗出去玩，结果打开油门的瞬间，所有人都忍不住笑翻【点击头像关注空间，获取更多精彩视频】
[2016-12-08 14:50:01.452] [DEBUG] QQ空间 - 鸡蛋煮好后，逗狗狗说不给它吃，立马装生气了【点击头像关注空间，获取更多精彩视频】

[2016-12-08 14:50:01.798] [DEBUG] QQ空间 - 小女孩张嘴吓狗狗，没想到狗狗会意错了，哈哈【点击头像关注空间，获取更多精彩视频】

[2016-12-08 14:50:02.194] [DEBUG] QQ空间 - 主人太贴心！惯得小泰迪成这样！都成狗保姆了吧。【点击头像关注空间，获取更多精彩视频】
[2016-12-08 14:50:02.536] [DEBUG] QQ空间 - 萌化了，大金毛背着两只小金毛出门溜溜！【点击头像关注空间，获取更多精彩视频】
[2016-12-08 14:50:02.874] [DEBUG] QQ空间 - 两只金毛打架，另一只去劝和，没猜中这结局。【点击头像关注空间，获取更多精彩视频】

[2016-12-08 14:50:03.427] [DEBUG] QQ空间 - 一招制服不听话的汪星人，屡试不爽【点击头像关注空间，获取更多精彩视频】
[2016-12-08 14:50:03.974] [DEBUG] QQ空间 - 松狮粑粑你这样带宝宝，不怕被老婆揍吗【点击头像关注空间，获取更多精彩视频】
[2016-12-08 14:50:04.348] [DEBUG] QQ空间 - 主人 这黑色的不是我生的，我怎么会生出这玩意！【点击头像关注空间，获取更多精彩视频】
[2016-12-08 14:50:04.363] [DEBUG] QQ空间 - 10++++
[2016-12-08 14:50:04.799] [DEBUG] QQ空间 - 260 || 25++++++26
[2016-12-08 14:50:05.169] [DEBUG] QQ空间 - 汪星人挖洞挖着挖着就睡着了，女主人已经被蠢哭【点击头像关注空间，获取更多精彩视频】
[2016-12-08 14:50:05.610] [DEBUG] QQ空间 - 主人想测试下狗狗的下水能力， 没想到狗狗立马露出本性，太萌了【点击头像关注空间，获取更多精彩视频】
[2016-12-08 14:50:05.940] [DEBUG] QQ空间 - 看到小主人在爸爸怀里，这下狗狗不乐意了，让人好尴尬！【点击头像关注空间，获取更多精彩视频】
[2016-12-08 14:50:06.286] [DEBUG] QQ空间 - 狗狗悄悄躲进宝宝摇篮里，妈妈掀开被子才看到温暖一幕.【点击头像关注空间，获取更多精彩视频】
[2016-12-08 14:50:06.690] [DEBUG] QQ空间 - 狗狗真负责，主人不在家自己照顾起了婴儿宝宝。【点击头像关注空间，获取更多精彩视频】
[2016-12-08 14:50:07.144] [DEBUG] QQ空间 - 小主人背着狗狗让它睡觉，像妈妈带孩子，好可可爱。【点击头像关注空间，获取更多精彩视频】
[2016-12-08 14:50:07.593] [DEBUG] QQ空间 - 这宝宝被狗狗当作妈妈了，翻滚吧牛宝宝。【点击头像关注空间，获取更多精彩视频】
[2016-12-08 14:50:08.047] [DEBUG] QQ空间 - 一只会收碗的巴哥犬，真是主人的好帮手【点击头像关注空间，获取更多精彩视频】
[2016-12-08 14:50:08.438] [DEBUG] QQ空间 - 主人给金毛一块钱不理睬，换做一百金毛的表情亮了！【点击头像关注空间，获取更多精彩视频】
[2016-12-08 14:50:08.890] [DEBUG] QQ空间 - 主人故意在巴哥犬面前吃东西，可怜的它边低声哀求边咽口水【点击头像关注空间，获取更多精彩视频】
[2016-12-08 14:50:08.890] [DEBUG] QQ空间 - 10++++
[2016-12-08 14:50:09.260] [DEBUG] QQ空间 - 270 || 26++++++27
[2016-12-08 14:50:09.676] [DEBUG] QQ空间 - 一窝不足月的萨摩耶幼犬，个个小圆球好可爱。【点击头像关注空间，获取更多精彩视频】
[2016-12-08 14:50:10.118] [DEBUG] QQ空间 - 困到不行的小金毛躺在主人怀里东倒西歪，萌萌的。【点击头像关注空间，获取更多精彩视频】
[2016-12-08 14:50:10.530] [DEBUG] QQ空间 - 一窝软萌的拉布拉多宝宝，主人真是太幸福了，最招人喜欢的狗狗！【点击头像关注空间，获取更多精彩视频】
[2016-12-08 14:50:10.985] [DEBUG] QQ空间 - 主人教训犯错的金毛，金毛的反应让主人无语了！【点击头像关注空间，获取更多精彩视频】
[2016-12-08 14:50:11.390] [DEBUG] QQ空间 - 主人叫金毛抱抱弟弟，最后成抱打弟弟了，泰迪一脸懵圈！【点击头像关注空间，获取更多精彩视频】
[2016-12-08 14:50:11.784] [DEBUG] QQ空间 - 主人出去吃饭回来就变成这样，金毛：叫你出去不带我，让你没的穿【点击头像关注空间，获取更多精彩视频】
[2016-12-08 14:50:12.175] [DEBUG] QQ空间 - 演技爆棚，小哈士奇下床，以为自己摔死了，吓得满地打滚【点击头像关注空间，获取更多精彩视频】
[2016-12-08 14:50:12.645] [DEBUG] QQ空间 - 听到主人说要把弟弟发走，金毛开心的去拿胶布封箱！【点击头像关注空间，获取更多精彩视频】
[2016-12-08 14:50:12.985] [DEBUG] QQ空间 - 主人让狗狗挑选礼物，当被问给女朋友时，所有人都忍不住笑啦【点击头像关注空间，获取更多精彩视频】

[2016-12-08 14:50:13.391] [DEBUG] QQ空间 - 主人抢了狗窝，狗狗的反应让人笑翻【点击头像关注空间，获取更多精彩视频】

[2016-12-08 14:50:13.391] [DEBUG] QQ空间 - 10++++
[2016-12-08 14:50:13.721] [DEBUG] QQ空间 - 280 || 27++++++28
[2016-12-08 14:50:14.157] [DEBUG] QQ空间 - 你为啥打我的脸？受了委屈的喵星人唠叨个没完！看着它咋想笑呢？【点击头像关注空间，获取更多精彩视频】
[2016-12-08 14:50:14.499] [DEBUG] QQ空间 - 猫咪跟他的主人一起唱儿歌只唱3句，但每句都会可爱到偷走你的心【点击头像关注空间，获取更多精彩视频】
[2016-12-08 14:50:14.926] [DEBUG] QQ空间 - 猫咪正在睡觉，主人在它旁边放了一根香蕉，看看猫咪的反应！【点击头像关注空间，获取更多精彩视频】
[2016-12-08 14:50:15.487] [DEBUG] QQ空间 - 主人给狗狗听手机铃声，谁知道这家伙居然瞬间萌爆了【点击头像关注空间，获取更多精彩视频】

[2016-12-08 14:50:15.866] [DEBUG] QQ空间 - 泰迪晚上不睡觉非要看电视，任凭主人怎么叫都不走，啥电视呀？【点击头像关注空间，获取更多精彩视频】

[2016-12-08 14:50:16.237] [DEBUG] QQ空间 - 你问小奶狗中谁最可爱？当然是柯基宝宝！【点击头像关注空间，获取更多精彩视频】
[2016-12-08 14:50:16.571] [DEBUG] QQ空间 - 吃盆肉肉要绕着盘子走一圈，铲屎官表示，你那美，随便怎么吃啦。【点击头像关注空间，获取更多精彩视频】
[2016-12-08 14:50:17.014] [DEBUG] QQ空间 - 吃完奶就都乖乖睡觉 ，听话的宝宝们，好喜欢！【点击头像关注空间，获取更多精彩视频】
[2016-12-08 14:50:17.413] [DEBUG] QQ空间 - 一位母亲用相机真实的纪录了狗狗照顾自己宝宝的全过程【点击头像关注空间，获取更多精彩视频】
[2016-12-08 14:50:17.884] [DEBUG] QQ空间 - 一群成精的狗狗，照看宝宝一个比一个厉害【点击头像关注空间，获取更多精彩视频】
[2016-12-08 14:50:17.884] [DEBUG] QQ空间 - 10++++
[2016-12-08 14:50:18.268] [DEBUG] QQ空间 - 290 || 28++++++29
[2016-12-08 14:50:18.710] [DEBUG] QQ空间 - 汪星人第一次见到小喵星人【点击头像关注空间，获取更多精彩视频】
[2016-12-08 14:50:19.112] [DEBUG] QQ空间 - 一窝小狗狗等饭吃，萌出一脸血【点击头像关注空间，获取更多精彩视频】
[2016-12-08 14:50:19.534] [DEBUG] QQ空间 - 崽崽：汪走路用两只脚，奔跑用四只脚，就是这么傲娇，哼！【点击头像关注空间，获取更多精彩视频】
[2016-12-08 14:50:20.021] [DEBUG] QQ空间 - 崽崽：粑粑，汪不要吃药，你不要骗我了，我就不吃【点击头像关注空间，获取更多精彩视频】
[2016-12-08 14:50:20.386] [DEBUG] QQ空间 - 一个柠檬引发的事故，阿拉斯加你不要生气了【点击头像关注空间，获取更多精彩视频】
[2016-12-08 14:50:20.784] [DEBUG] QQ空间 - 趴在主人的身上甜甜的撒娇【点击头像关注空间，获取更多精彩视频】
[2016-12-08 14:50:21.175] [DEBUG] QQ空间 - 一只柴犬急得直跺脚，这小模样萌死了【点击头像关注空间，获取更多精彩视频】
[2016-12-08 14:50:21.819] [DEBUG] QQ空间 - 泰迪与泰迪相遇简直可怕，主人拉都拉不住，小婊砸你知道我是谁吗【点击头像关注空间，获取更多精彩视频】

[2016-12-08 14:50:22.222] [DEBUG] QQ空间 - 这是泰迪被黑得最惨的一次！【点击头像关注空间，获取更多精彩视频】

[2016-12-08 14:50:22.644] [DEBUG] QQ空间 - 小泰迪你这样肆无忌惮的好吗，你家主人还在边上看着呢【点击头像关注空间，获取更多精彩视频】

[2016-12-08 14:50:22.651] [DEBUG] QQ空间 - 10++++
[2016-12-08 14:50:23.080] [DEBUG] QQ空间 - 300 || 29++++++30
[2016-12-08 14:50:23.525] [DEBUG] QQ空间 - 小狗狗跟麻麻走失，找到妈妈的表情可爱死了【点击头像关注空间，获取更多精彩视频】
[2016-12-08 14:50:23.932] [DEBUG] QQ空间 - 女主人假装要打可爱狗狗，结果小萌汪的反应，真是萌的一塌糊涂啊【点击头像关注空间，获取更多精彩视频】
[2016-12-08 14:50:24.422] [DEBUG] QQ空间 - 主人问一声“洗澡吗”？狗狗的反应让主人醉了！【点击头像关注空间，获取更多精彩视频】
[2016-12-08 14:50:24.768] [DEBUG] QQ空间 - 送走丢的狗去找主人，自家狗狗舍不得，拦着不让！【点击头像关注空间，获取更多精彩视频】
[2016-12-08 14:50:25.128] [DEBUG] QQ空间 - 
[2016-12-08 14:50:25.442] [DEBUG] QQ空间 - 
[2016-12-08 14:50:26.030] [DEBUG] QQ空间 - 
[2016-12-08 14:50:29.396] [DEBUG] QQ空间 - 
[2016-12-08 14:50:29.932] [DEBUG] QQ空间 - 主人在买鞋，他家大金毛就这么趴在店里，这汪基本上是废了！笑哭【点击头像关注空间，获取更多精彩视频】

[2016-12-08 14:50:30.344] [DEBUG] QQ空间 - 这哥们儿骂狗狗太有才了！狗狗忍不住用手打他【点击头像关注空间，获取更多精彩视频】

[2016-12-08 14:50:30.344] [DEBUG] QQ空间 - 10++++
[2016-12-08 14:50:30.865] [DEBUG] QQ空间 - 310 || 30++++++31
[2016-12-08 14:50:31.196] [DEBUG] QQ空间 - 听到主人说要把弟弟发走，金毛开心的去拿胶布封箱！【点击头像关注空间，获取更多精彩视频】

[2016-12-08 14:50:31.599] [DEBUG] QQ空间 - 玩捉迷藏，尤其是金毛，绝对把你二哭【点击头像关注空间，获取更多精彩视频】

[2016-12-08 14:50:32.014] [DEBUG] QQ空间 - 一只在汽修厂上班的金毛·逆天神犬无所不能【点击头像关注空间，获取更多精彩视频】

[2016-12-08 14:50:32.411] [DEBUG] QQ空间 - 喵星人一直对著镜子弄自己的耳朵，想把耳朵弄扁，变成摺耳喵爱美【点击头像关注空间，获取更多精彩视频】
[2016-12-08 14:50:32.817] [DEBUG] QQ空间 - 一只被二哈带大的猫咪，这一举一动都有二的影子啊！【点击头像关注空间，获取更多精彩视频】
[2016-12-08 14:50:33.284] [DEBUG] QQ空间 - 夏天给猫咪准备些冰块吧【点击头像关注空间，获取更多精彩视频】
[2016-12-08 14:50:33.690] [DEBUG] QQ空间 - 这才是真正的躲猫猫，可爱的喵星人【点击头像关注空间，获取更多精彩视频】
[2016-12-08 14:50:34.076] [DEBUG] QQ空间 - 狗狗在主人怀里装死，主人全力配合，结果狗狗的反应笑倒所有人。【点击头像关注空间，获取更多精彩视频】
[2016-12-08 14:50:34.423] [DEBUG] QQ空间 - 这个小女孩可不好惹啊！你看他身边有两只保镖伯恩山犬【点击头像关注空间，获取更多精彩视频】
[2016-12-08 14:50:34.753] [DEBUG] QQ空间 - 小夫妻拿玩具熊作弄狗狗，狗狗干了一件事让他们终身难忘！【点击头像关注空间，获取更多精彩视频】
[2016-12-08 14:50:34.753] [DEBUG] QQ空间 - 10++++
[2016-12-08 14:50:35.237] [DEBUG] QQ空间 - 320 || 31++++++32
[2016-12-08 14:50:35.659] [DEBUG] QQ空间 - 主人给狗狗在院里装了个新玩具，结果狗狗看到的瞬间，彻底失控了【点击头像关注空间，获取更多精彩视频】
[2016-12-08 14:50:36.029] [DEBUG] QQ空间 - 主人出门忘记带上狗狗，结果狗狗看到主人回来后，瞬间爆发了【点击头像关注空间，获取更多精彩视频】
[2016-12-08 14:50:36.364] [DEBUG] QQ空间 - 狗狗被爸爸打了，宝宝的反应让爸爸都吃惊了，真是亲兄弟啊！【点击头像关注空间，获取更多精彩视频】

[2016-12-08 14:50:36.727] [DEBUG] QQ空间 - 狗狗在外面玩得正嗨，忽然听到要主人回去，接下来狗狗的反应绝了。【点击头像关注空间，获取更多精彩视频】

[2016-12-08 14:50:37.107] [DEBUG] QQ空间 - 主人带回家一只刺猬，猫咪伸手去碰被扎疼立马弹开，有点懵了【点击头像关注空间，获取更多精彩视频】
[2016-12-08 14:50:37.467] [DEBUG] QQ空间 - 主人给猫做的打地鼠机，猫咪玩的好开心【点击头像关注空间，获取更多精彩视频】
[2016-12-08 14:50:37.839] [DEBUG] QQ空间 - 主人埋葬死去的狗狗，结果狗狗的同伴跑过来， 它的反应让人泪崩【点击头像关注空间，获取更多精彩视频】

[2016-12-08 14:50:38.207] [DEBUG] QQ空间 - 金毛：有什么冲我来，别为难我儿子，小儿子一脸懵，太可爱啦.【点击头像关注空间，获取更多精彩视频】
[2016-12-08 14:50:38.585] [DEBUG] QQ空间 - 主人带上猴王面具，把小猴子吓得不轻，太逗了！【点击头像关注空间，获取更多精彩视频】
[2016-12-08 14:50:38.938] [DEBUG] QQ空间 - 家有萌宠博美，华丽大变身， 谁也不知道它有多少秘密！【点击头像关注空间，获取更多精彩视频】
[2016-12-08 14:50:38.953] [DEBUG] QQ空间 - 10++++
[2016-12-08 14:50:39.313] [DEBUG] QQ空间 - 330 || 32++++++33
[2016-12-08 14:50:39.710] [DEBUG] QQ空间 - 这只鹦鹉太嚣张，看狗狗漂亮的反击，这谁家的狗狗太机智了【点击头像关注空间，获取更多精彩视频】
[2016-12-08 14:50:40.077] [DEBUG] QQ空间 - 听见女主人要赶自己下床，小公举泰迪竟然这么做，萌的心肝儿直颤【点击头像关注空间，获取更多精彩视频】
[2016-12-08 14:50:40.466] [DEBUG] QQ空间 - 汪星人挑战喵星人，结果悲剧了【点击头像关注空间，获取更多精彩视频】
[2016-12-08 14:50:40.817] [DEBUG] QQ空间 - 我从未见过如此厚颜无耻的动物们【点击头像关注空间，获取更多精彩视频】
[2016-12-08 14:50:41.191] [DEBUG] QQ空间 - 太可爱了，这个狗狗是什么品种的，长不大啊【点击头像关注空间，获取更多精彩视频】
[2016-12-08 14:50:41.545] [DEBUG] QQ空间 - 一群巨萌的小可爱！我要是有一只做梦都会笑的~【点击头像关注空间，获取更多精彩视频】
[2016-12-08 14:50:41.912] [DEBUG] QQ空间 - 这只金毛睡死过去了，主人怎么叫都不睁眼睛，是熬夜了吗？【点击头像关注空间，获取更多精彩视频】
[2016-12-08 14:50:42.253] [DEBUG] QQ空间 - 狗狗想要主人摸摸，那表情真到位！【点击头像关注空间，获取更多精彩视频】
[2016-12-08 14:50:42.675] [DEBUG] QQ空间 - 狗狗发现主人不在，偷吃了桌上的食物，没想到主人早已放好摄像机。【点击头像关注空间，获取更多精彩视频】
[2016-12-08 14:50:43.071] [DEBUG] QQ空间 - 太坏了，这些心机狗狗的主人被这些狗狗给整惨了啊！【点击头像关注空间，获取更多精彩视频】

[2016-12-08 14:50:43.071] [DEBUG] QQ空间 - 10++++
[2016-12-08 14:50:43.427] [DEBUG] QQ空间 - 340 || 33++++++34
[2016-12-08 14:50:43.834] [DEBUG] QQ空间 - 老虎被主人当成哈士奇养，结果长大后成了这怂样！【点击头像关注空间，获取更多精彩视频】

[2016-12-08 14:50:44.191] [DEBUG] QQ空间 - 老虎被主人当成哈士奇养，结果长大后成了这怂样！【点击头像关注空间，获取更多精彩视频】

[2016-12-08 14:50:44.530] [DEBUG] QQ空间 - 部队里的狗狗，喝水的样子好可爱。【点击头像关注空间，获取更多精彩视频】

[2016-12-08 14:50:44.866] [DEBUG] QQ空间 - 猫咪跟主人躲猫猫，突然男主人把门打开，结果猫猫的反应笑喷我了。【点击头像关注空间，获取更多精彩视频】

[2016-12-08 14:50:45.207] [DEBUG] QQ空间 - 汪满脸嫌弃的看了一眼主人：话说你到底会不会b-box【点击头像关注空间，获取更多精彩视频】
[2016-12-08 14:50:45.607] [DEBUG] QQ空间 - 主人睡午觉，狗狗进不了家，多次按响门铃才把主人叫出来，真聪明【点击头像关注空间，获取更多精彩视频】
[2016-12-08 14:50:45.970] [DEBUG] QQ空间 - 一只哈士奇成精了，这能和主人唠嗑一天啊，二哈：我要玩玩。【点击头像关注空间，获取更多精彩视频】

[2016-12-08 14:50:46.317] [DEBUG] QQ空间 - 女主人刚到家，身体瞬间就被热情的猫猫给攻陷了！浑身是猫！【点击头像关注空间，获取更多精彩视频】
[2016-12-08 14:50:46.922] [DEBUG] QQ空间 - 金毛：我都在你怀里了，你还玩手机，不许玩。【点击头像关注空间，获取更多精彩视频】
[2016-12-08 14:50:47.333] [DEBUG] QQ空间 - 趁男主人不在家，猫咪在女主人的怀里终于露出了本性！【点击头像关注空间，获取更多精彩视频】
[2016-12-08 14:50:47.333] [DEBUG] QQ空间 - 10++++
[2016-12-08 14:50:47.662] [DEBUG] QQ空间 - 350 || 34++++++35
[2016-12-08 14:50:48.033] [DEBUG] QQ空间 - 小狗狗四脚朝天伸懒腰，完全被萌化了【点击头像关注空间，获取更多精彩视频】
[2016-12-08 14:50:48.396] [DEBUG] QQ空间 - 主人专为小狗设计的喝奶工具，一只小狗一个奶瓶，喝奶的样子好逗【点击头像关注空间，获取更多精彩视频】
[2016-12-08 14:50:48.753] [DEBUG] QQ空间 - 这只胖法斗，小腿儿还时不时抖一抖，萌哭，你是要准备起飞了吗【点击头像关注空间，获取更多精彩视频】
[2016-12-08 14:50:49.143] [DEBUG] QQ空间 - 谁也拯救不了一只得了蛇精病的喵星人【点击头像关注空间，获取更多精彩视频】
[2016-12-08 14:50:49.529] [DEBUG] QQ空间 - 主人只给自己买新床单, 不给哈士奇买! 哈怒了, 后果很严重【点击头像关注空间，获取更多精彩视频】
[2016-12-08 14:50:49.926] [DEBUG] QQ空间 - 现在这金毛都成精啦，还会听电话了。就差自己开门出去玩了。【点击头像关注空间，获取更多精彩视频】
[2016-12-08 14:50:50.529] [DEBUG] QQ空间 - 看在大金毛快哭了的份儿上，破例赏块肉给它吃。【点击头像关注空间，获取更多精彩视频】
[2016-12-08 14:50:51.045] [DEBUG] QQ空间 - 第一次照镜子的金毛宝宝，是被自己迷晕了吗？【点击头像关注空间，获取更多精彩视频】
[2016-12-08 14:50:51.466] [DEBUG] QQ空间 - 主人下班回来一进屋，家里的一群哈士奇就激动地不要不要的。【点击头像关注空间，获取更多精彩视频】
[2016-12-08 14:50:51.886] [DEBUG] QQ空间 - 小猫在浴缸洗澡，把主人逗得大笑【点击头像关注空间，获取更多精彩视频】
[2016-12-08 14:50:51.886] [DEBUG] QQ空间 - 10++++
[2016-12-08 14:50:52.268] [DEBUG] QQ空间 - 360 || 35++++++36
[2016-12-08 14:50:52.592] [DEBUG] QQ空间 - 吓死朕了！给喵星人看恐怖片，全程表情丰富内心受到极大的冲击【点击头像关注空间，获取更多精彩视频】
[2016-12-08 14:50:52.913] [DEBUG] QQ空间 - 爪子与猫咪的一生，请不要再给猫咪修剪爪子了！【点击头像关注空间，获取更多精彩视频】
[2016-12-08 14:50:53.270] [DEBUG] QQ空间 - 太逗了，哈士奇打针，紧张地趴在主人怀里不敢看啊！【点击头像关注空间，获取更多精彩视频】
[2016-12-08 14:50:53.668] [DEBUG] QQ空间 - 两个二哈堵在门口不让主人出门上班，二哈真是不要脸。【点击头像关注空间，获取更多精彩视频】
[2016-12-08 14:50:54.003] [DEBUG] QQ空间 - 泰迪犬每次犯错就会自觉罚站，直到腿软才愿意离开【点击头像关注空间，获取更多精彩视频】

[2016-12-08 14:50:54.691] [DEBUG] QQ空间 - 狗狗见到主人突然叫妈妈，主人激动地快哭了！【点击头像关注空间，获取更多精彩视频】

[2016-12-08 14:50:55.048] [DEBUG] QQ空间 - 小女孩张嘴吓狗狗，没想到狗狗会意错了，哈哈【点击头像关注空间，获取更多精彩视频】

[2016-12-08 14:50:55.443] [DEBUG] QQ空间 - 主人给狗狗听手机铃声，谁知道这家伙居然瞬间萌爆了【点击头像关注空间，获取更多精彩视频】
[2016-12-08 14:50:55.818] [DEBUG] QQ空间 - 主人出门让汪星人在家，狗狗听懂后竟然跟主人吵了起来，笑喷我了【点击头像关注空间，获取更多精彩视频】
[2016-12-08 14:50:56.210] [DEBUG] QQ空间 - 小奶喵一边舔主人的脸庞，一边说悄悄话，长大要娶女主人，好可爱【点击头像关注空间，获取更多精彩视频】
[2016-12-08 14:50:56.213] [DEBUG] QQ空间 - 10++++
[2016-12-08 14:50:56.566] [DEBUG] QQ空间 - 370 || 36++++++37
[2016-12-08 14:50:56.974] [DEBUG] QQ空间 - 自从猫星人来家后，家里的比特犬走路就成这样了，你的霸气哪去了【点击头像关注空间，获取更多精彩视频】
[2016-12-08 14:50:57.344] [DEBUG] QQ空间 - 女主人刚走，家里的猫和狗就打起来了，结果中途主人回来。【点击头像关注空间，获取更多精彩视频】
[2016-12-08 14:50:57.785] [DEBUG] QQ空间 - 大狗狗啃骨头 小宝宝慢慢的靠近，接下来狗狗的反应让人心都化了。【点击头像关注空间，获取更多精彩视频】
[2016-12-08 14:50:58.132] [DEBUG] QQ空间 - 柴犬正在做美梦，小主人要把它当枕头，柴犬心甘情愿同意了！【点击头像关注空间，获取更多精彩视频】
[2016-12-08 14:50:58.471] [DEBUG] QQ空间 - 喵星人和汪星人一言不合就大打出手 喵星人果然火气大【点击头像关注空间，获取更多精彩视频】
[2016-12-08 14:50:58.828] [DEBUG] QQ空间 - 正在熟睡的小猫咪被猫妈妈弄醒了，一脸不爽的样子【点击头像关注空间，获取更多精彩视频】
[2016-12-08 14:50:59.194] [DEBUG] QQ空间 - 小萌猫搂着玩偶睡觉觉，还盖上小被子【点击头像关注空间，获取更多精彩视频】
[2016-12-08 14:50:59.549] [DEBUG] QQ空间 - 小猫咪偷吃小鱼干被主人质问，全程叽叽歪歪拒不交代罪行~【点击头像关注空间，获取更多精彩视频】
[2016-12-08 14:50:59.903] [DEBUG] QQ空间 - 主人要起床，喵星人死活抱着不撒手，别提多可爱了！【点击头像关注空间，获取更多精彩视频】
[2016-12-08 14:51:00.300] [DEBUG] QQ空间 - 金毛咬坏凉席被男主人训斥！接下来狗狗的反应逗死女主人！【点击头像关注空间，获取更多精彩视频】
[2016-12-08 14:51:00.316] [DEBUG] QQ空间 - 10++++
[2016-12-08 14:51:00.659] [DEBUG] QQ空间 - 380 || 37++++++38
[2016-12-08 14:51:00.999] [DEBUG] QQ空间 - 主人晚点出门，汪星人的反应把网友笑翻【点击头像关注空间，获取更多精彩视频】
[2016-12-08 14:51:01.431] [DEBUG] QQ空间 - 自从家里的狗狗快要”成精”，爆笑就停不下来了！【点击头像关注空间，获取更多精彩视频】
[2016-12-08 14:51:01.784] [DEBUG] QQ空间 - 一只被女主人玩坏了的狗狗：说出来你不信，是衣服先动的手【点击头像关注空间，获取更多精彩视频】

[2016-12-08 14:51:02.123] [DEBUG] QQ空间 - 原以为狗狗只是爬上去而已，结果它竟然还晃起来了【点击头像关注空间，获取更多精彩视频】

[2016-12-08 14:51:02.508] [DEBUG] QQ空间 - 女主人跟狗狗这样玩，最后竟然被狗狗给玩了！太逗比了！【点击头像关注空间，获取更多精彩视频】

[2016-12-08 14:51:02.873] [DEBUG] QQ空间 - 主人假装打女朋友，狗狗真的生气啦，真是太逗了【点击头像关注空间，获取更多精彩视频】

[2016-12-08 14:51:03.232] [DEBUG] QQ空间 - 小孩趴着逗小狗小狗不认识主人了【点击头像关注空间，获取更多精彩视频】

[2016-12-08 14:51:03.850] [DEBUG] QQ空间 - 女主人有条好奇的狗狗，瞧瞧里面藏了什么！【点击头像关注空间，获取更多精彩视频】

[2016-12-08 14:51:04.225] [DEBUG] QQ空间 - 狗狗偷吃肉干，被主人发现啦！好无辜的眼神！【点击头像关注空间，获取更多精彩视频】
[2016-12-08 14:51:04.866] [DEBUG] QQ空间 - 狗狗一听说要带漂亮的装饰，高兴得不行，跑得比运动员还快！【点击头像关注空间，获取更多精彩视频】
[2016-12-08 14:51:04.866] [DEBUG] QQ空间 - 10++++
[2016-12-08 14:51:05.206] [DEBUG] QQ空间 - 390 || 38++++++39
[2016-12-08 14:51:05.596] [DEBUG] QQ空间 - 狗狗为了吃花生，主动帮主人拿纸擦手！【点击头像关注空间，获取更多精彩视频】
[2016-12-08 14:51:05.981] [DEBUG] QQ空间 - 穿红裙子的泰迪上广场，惊艳了公园里好多人！【点击头像关注空间，获取更多精彩视频】
[2016-12-08 14:51:06.344] [DEBUG] QQ空间 - 狗狗发脾气不肯让玩具，不料被主人发现，结果狗狗的反应让人笑疯。【点击头像关注空间，获取更多精彩视频】
[2016-12-08 14:51:06.660] [DEBUG] QQ空间 - 萨摩耶到宠物店认识新朋友，一直兴奋地摇尾巴【点击头像关注空间，获取更多精彩视频】
[2016-12-08 14:51:06.999] [DEBUG] QQ空间 - 酥饼谁吃的 谁吃的？金毛给出的理由让旁边的泰迪好尴尬！【点击头像关注空间，获取更多精彩视频】
[2016-12-08 14:51:07.349] [DEBUG] QQ空间 - 我家金毛贷款到期了，咋整【点击头像关注空间，获取更多精彩视频】
[2016-12-08 14:51:07.706] [DEBUG] QQ空间 - 主人说信不信我给你剪了（舌头），萨摩耶的反应太萌了【点击头像关注空间，获取更多精彩视频】
[2016-12-08 14:51:08.041] [DEBUG] QQ空间 - 小阿拉斯加想要亲吻萨摩耶姐姐，二傻在一起真可爱【点击头像关注空间，获取更多精彩视频】
[2016-12-08 14:51:08.424] [DEBUG] QQ空间 - 小哈士奇看到一个球，叼起来就跑了，呆萌的样子笑屎人~【点击头像关注空间，获取更多精彩视频】
[2016-12-08 14:51:08.820] [DEBUG] QQ空间 - 用勺子给萨摩耶宝宝喂饭，简直萌翻了哇！【点击头像关注空间，获取更多精彩视频】
[2016-12-08 14:51:08.820] [DEBUG] QQ空间 - 10++++
[2016-12-08 14:51:09.160] [DEBUG] QQ空间 - 400 || 39++++++40
[2016-12-08 14:51:09.535] [DEBUG] QQ空间 - 一只肥上天的阿拉斯加 ,这货是奶奶养大的，一脸无辜呆萌！【点击头像关注空间，获取更多精彩视频】
[2016-12-08 14:51:09.901] [DEBUG] QQ空间 - 都说狗狗舔了柠檬会发狂，我回家也试了下，结果懵了！【点击头像关注空间，获取更多精彩视频】

[2016-12-08 14:51:10.319] [DEBUG] QQ空间 - 主人因动弹不得无法拿毛巾，结果狗狗接下的反应瞬间看傻所有人【点击头像关注空间，获取更多精彩视频】
[2016-12-08 14:51:10.722] [DEBUG] QQ空间 - 主人一说要吸烟，狗狗立马做出这个动作，成精了这汪.【点击头像关注空间，获取更多精彩视频】
[2016-12-08 14:51:11.090] [DEBUG] QQ空间 - 主人问狗狗你俩谁先吃，结果狗狗用行动作出了回答，太有爱了。【点击头像关注空间，获取更多精彩视频】
[2016-12-08 14:51:11.411] [DEBUG] QQ空间 - 喵星人的小伙伴丢了！到处张贴寻猫启事，谁能帮帮它？【点击头像关注空间，获取更多精彩视频】
[2016-12-08 14:51:11.784] [DEBUG] QQ空间 - 女主人有条好奇的狗狗，瞧瞧里面藏了什么！【点击头像关注空间，获取更多精彩视频】

[2016-12-08 14:51:12.172] [DEBUG] QQ空间 - 忠犬推残疾主人去摆摊修鞋 多年不离不弃【点击头像关注空间，获取更多精彩视频】

[2016-12-08 14:51:12.535] [DEBUG] QQ空间 - 那些被宠物调戏的女主人，畜生走开让我来！【点击头像关注空间，获取更多精彩视频】

[2016-12-08 14:51:12.836] [DEBUG] QQ空间 - 美女和狗狗洗澡被嫌弃 强扭的瓜不甜【点击头像关注空间，获取更多精彩视频】

[2016-12-08 14:51:12.851] [DEBUG] QQ空间 - 10++++
[2016-12-08 14:51:13.232] [DEBUG] QQ空间 - 410 || 40++++++41
[2016-12-08 14:51:13.581] [DEBUG] QQ空间 - 金毛太胖被主人一直嘲笑，当场就没跟主人留什么面子！生气了！【点击头像关注空间，获取更多精彩视频】
[2016-12-08 14:51:13.937] [DEBUG] QQ空间 - 一只老金毛，已经13岁了高龄，看见主人还是尽力在摇尾巴。【点击头像关注空间，获取更多精彩视频】
[2016-12-08 14:51:14.259] [DEBUG] QQ空间 - 金毛偷吃苹果死不承认，然而它的鼻子出卖了他！【点击头像关注空间，获取更多精彩视频】
[2016-12-08 14:51:14.655] [DEBUG] QQ空间 - 天太热了，主人给金毛洗澡，金毛一副爽翻了的模样，太好玩了。【点击头像关注空间，获取更多精彩视频】
[2016-12-08 14:51:14.988] [DEBUG] QQ空间 - 猫狗大战！大打出手！多大的仇多深的恨.【点击头像关注空间，获取更多精彩视频】
[2016-12-08 14:51:15.375] [DEBUG] QQ空间 - 给猫咪穿了双鞋子，猫咪的反应让主人笑岔气了！【点击头像关注空间，获取更多精彩视频】
[2016-12-08 14:51:15.722] [DEBUG] QQ空间 - 可怜的土鸡被猫咪掌抡11巴掌，竟然只是为了这顿饭！【点击头像关注空间，获取更多精彩视频】
[2016-12-08 14:51:16.057] [DEBUG] QQ空间 - 鹦鹉学唱歌，只是为了泡妹，好有趣。【点击头像关注空间，获取更多精彩视频】
[2016-12-08 14:51:16.391] [DEBUG] QQ空间 - 拍照咯！美人又惹事了，其它的奖励羊肉条让宝贝们开开心！【点击头像关注空间，获取更多精彩视频】
[2016-12-08 14:51:16.723] [DEBUG] QQ空间 - 一只会叫麻麻的喵星人，简直没sei了！【点击头像关注空间，获取更多精彩视频】
[2016-12-08 14:51:16.723] [DEBUG] QQ空间 - 10++++
[2016-12-08 14:51:17.078] [DEBUG] QQ空间 - 420 || 41++++++42
[2016-12-08 14:51:17.472] [DEBUG] QQ空间 - 男主人不停弹猫咪尾巴，猫咪直接受不了了：你再弹我就咬你了哦！【点击头像关注空间，获取更多精彩视频】
[2016-12-08 14:51:17.828] [DEBUG] QQ空间 - 你家的喵星人也是这样喝水的吗？真洋气，先让本宫闻闻有没有毒【点击头像关注空间，获取更多精彩视频】
[2016-12-08 14:51:18.207] [DEBUG] QQ空间 - 汪星人：主人抱下隔壁的泰迪，家里二哈就躲浴缸里吃醋骂人。【点击头像关注空间，获取更多精彩视频】
[2016-12-08 14:51:18.660] [DEBUG] QQ空间 - 从没见过这样的狗狗？懒出了新高度，主人你怎么看。【点击头像关注空间，获取更多精彩视频】
[2016-12-08 14:51:19.016] [DEBUG] QQ空间 - 看到女主人倒在地上，狗狗的表现也太急色了，大写的尴尬！【点击头像关注空间，获取更多精彩视频】

[2016-12-08 14:51:19.349] [DEBUG] QQ空间 - 惨！调戏发情萌宠的下场【点击头像关注空间，获取更多精彩视频】

[2016-12-08 14:51:19.707] [DEBUG] QQ空间 - 好你个小象哈，竟敢抱着美女不放，敢不敢让我也抱下！【点击头像关注空间，获取更多精彩视频】

[2016-12-08 14:51:20.076] [DEBUG] QQ空间 - 狗狗最喜欢陪女主人在床上玩耍了【点击头像关注空间，获取更多精彩视频】

[2016-12-08 14:51:20.464] [DEBUG] QQ空间 - 聪明的狗狗给主人送饭，棒棒的【点击头像关注空间，获取更多精彩视频】

[2016-12-08 14:51:20.833] [DEBUG] QQ空间 - 哈士奇叫主人起床，在床上磨蹭了片刻后，居然跟着主人一起睡着了。【点击头像关注空间，获取更多精彩视频】
[2016-12-08 14:51:20.849] [DEBUG] QQ空间 - 10++++
[2016-12-08 14:51:21.207] [DEBUG] QQ空间 - 430 || 42++++++43
[2016-12-08 14:51:21.545] [DEBUG] QQ空间 - 金毛几天没见主人，一看到主人回来，铲屎的，赶紧来给我挠痒痒.【点击头像关注空间，获取更多精彩视频】
[2016-12-08 14:51:21.834] [DEBUG] QQ空间 - 主人和哈士奇互相伤害，笑到肚子疼。【点击头像关注空间，获取更多精彩视频】
[2016-12-08 14:51:22.438] [DEBUG] QQ空间 - 这家伙太厉害，主人家一年到头都不缺鱼了呀。【点击头像关注空间，获取更多精彩视频】
[2016-12-08 14:51:22.775] [DEBUG] QQ空间 - 这家伙，看个电视都恨不得钻进去，佩服。【点击头像关注空间，获取更多精彩视频】
[2016-12-08 14:51:23.128] [DEBUG] QQ空间 - 这家伙，倒是真聪明，还可以这样？！【点击头像关注空间，获取更多精彩视频】
[2016-12-08 14:51:23.517] [DEBUG] QQ空间 - 主人假装突然倒地，想知道狗狗们是什么反应吗？【点击头像关注空间，获取更多精彩视频】

[2016-12-08 14:51:24.210] [DEBUG] QQ空间 - 隔壁家结婚，我家狗狗不让放炮！笑倒全村人。【点击头像关注空间，获取更多精彩视频】

[2016-12-08 14:51:24.549] [DEBUG] QQ空间 - 小宝宝抢了狗狗的饼干死活不给，爸爸在劝，狗狗都要落泪了.【点击头像关注空间，获取更多精彩视频】
[2016-12-08 14:51:24.922] [DEBUG] QQ空间 - 金毛害怕踩地毯，最后它想了一个让人笑到肚子痛的方法！【点击头像关注空间，获取更多精彩视频】
[2016-12-08 14:51:25.270] [DEBUG] QQ空间 - 自从哈士奇妈妈生了一窝傻宝宝，天天都能被折磨疯掉！【点击头像关注空间，获取更多精彩视频】
[2016-12-08 14:51:25.270] [DEBUG] QQ空间 - 10++++
[2016-12-08 14:51:25.659] [DEBUG] QQ空间 - 440 || 43++++++44
[2016-12-08 14:51:26.045] [DEBUG] QQ空间 - 主人把二哈的视频给德牧看，德牧的反应差点让人笑破肚皮！【点击头像关注空间，获取更多精彩视频】
[2016-12-08 14:51:26.378] [DEBUG] QQ空间 - 主人一说要吸烟，狗狗立马做出这个动作，成精了这汪【点击头像关注空间，获取更多精彩视频】

[2016-12-08 14:51:26.953] [DEBUG] QQ空间 - 两只汪星人把金毛的球弄破了，金毛委屈的表情亮了【点击头像关注空间，获取更多精彩视频】

[2016-12-08 14:51:27.328] [DEBUG] QQ空间 - 主人假装开枪，要二哈装死，蠢货竟然开口说不想死【点击头像关注空间，获取更多精彩视频】

[2016-12-08 14:51:27.691] [DEBUG] QQ空间 - 主人要金毛指认，咬坏狗粮袋子的凶手，幸灾乐祸的狗狗大义灭亲【点击头像关注空间，获取更多精彩视频】

[2016-12-08 14:51:27.962] [DEBUG] QQ空间 - 女主人假装打男主人，家里的汪星人暴怒：你再敢动他试试！【点击头像关注空间，获取更多精彩视频】

[2016-12-08 14:51:28.319] [DEBUG] QQ空间 - 她养了13只金毛，现在连洗澡都要......【点击头像关注空间，获取更多精彩视频】

[2016-12-08 14:51:28.669] [DEBUG] QQ空间 - 主人趴在枕头上装哭，看二哈神反应【点击头像关注空间，获取更多精彩视频】

[2016-12-08 14:51:29.033] [DEBUG] QQ空间 - 史上最2B的金毛，她又皮痒了【点击头像关注空间，获取更多精彩视频】

[2016-12-08 14:51:29.410] [DEBUG] QQ空间 - 男主人发脾气不肯出门，女主人怒了，没想到狗狗的行为让人都看傻【点击头像关注空间，获取更多精彩视频】

[2016-12-08 14:51:29.410] [DEBUG] QQ空间 - 10++++
[2016-12-08 14:51:29.706] [DEBUG] QQ空间 - 450 || 44++++++45
[2016-12-08 14:51:30.046] [DEBUG] QQ空间 - 只要10秒的视频却让我看了10遍，笑了一整天..【点击头像关注空间，获取更多精彩视频】
[2016-12-08 14:51:30.426] [DEBUG] QQ空间 - 爆笑：一只在夜店混久了的狗狗。【点击头像关注空间，获取更多精彩视频】
[2016-12-08 14:51:30.770] [DEBUG] QQ空间 - 主人服兵役和狗狗分开一年 重逢时爱犬一下失控了【点击头像关注空间，获取更多精彩视频】

[2016-12-08 14:51:31.127] [DEBUG] QQ空间 - 小金毛听到主人教训小主人 马上做出反应 太好玩啦【点击头像关注空间，获取更多精彩视频】

[2016-12-08 14:51:31.514] [DEBUG] QQ空间 - 养母把小狮子养大后放归，两年后小狮子竟在两百米外就认出了她【点击头像关注空间，获取更多精彩视频】

[2016-12-08 14:51:31.918] [DEBUG] QQ空间 - 小宝贝想摸狗狗又不敢，可狗狗的反应让爸爸乐坏了【点击头像关注空间，获取更多精彩视频】

[2016-12-08 14:51:32.285] [DEBUG] QQ空间 - 为保护4岁主人 德国牧羊犬拼死咬住对方不放【点击头像关注空间，获取更多精彩视频】

[2016-12-08 14:51:32.666] [DEBUG] QQ空间 - 主人带二哈出门遛弯，遇到别人家的狗抚摸了几下，回家二哈生气了.【点击头像关注空间，获取更多精彩视频】
[2016-12-08 14:51:33.001] [DEBUG] QQ空间 - 太逗了，哈士奇打针，紧张地趴在主人怀里不敢看啊！【点击头像关注空间，获取更多精彩视频】
[2016-12-08 14:51:33.399] [DEBUG] QQ空间 - 哈士奇为了吃麦当劳和主人吵架。【点击头像关注空间，获取更多精彩视频】
[2016-12-08 14:51:33.415] [DEBUG] QQ空间 - 10++++
[2016-12-08 14:51:33.786] [DEBUG] QQ空间 - 460 || 45++++++46
[2016-12-08 14:51:34.177] [DEBUG] QQ空间 - 安乐死狗狗闭眼的一瞬间，主人崩溃了！【点击头像关注空间，获取更多精彩视频】
[2016-12-08 14:51:34.572] [DEBUG] QQ空间 - 张学友永远无法被模仿的一首歌，跟着节奏嗨起来。【点击头像关注空间，获取更多精彩视频】
[2016-12-08 14:51:34.852] [DEBUG] QQ空间 - 主人醉酒睡在路中间，狗狗的行为让人吃惊！【点击头像关注空间，获取更多精彩视频】

[2016-12-08 14:51:35.238] [DEBUG] QQ空间 - 小狗狗守护小主人睡觉，紧接着发生的一幕太萌了【点击头像关注空间，获取更多精彩视频】

[2016-12-08 14:51:35.790] [DEBUG] QQ空间 - 狗狗被美女亲了一口之后，狗狗的反应把主人逗乐了不行。【点击头像关注空间，获取更多精彩视频】
[2016-12-08 14:51:36.156] [DEBUG] QQ空间 - 马来西亚四只小猫街头听演奏，为艺人捧场 ，萌爆了！【点击头像关注空间，获取更多精彩视频】
[2016-12-08 14:51:36.518] [DEBUG] QQ空间 - 太萌啦！主人给狗宝宝挠痒痒，它吐舌头卖萌幸福地尖叫【点击头像关注空间，获取更多精彩视频】
[2016-12-08 14:51:36.891] [DEBUG] QQ空间 - 男子街上走路，五只狼狗形影不离地保护他，配上德国战车进行曲。
[2016-12-08 14:51:37.253] [DEBUG] QQ空间 - 长大不得了 小女孩一人调教6只汪星人。【点击头像关注空间，获取更多精彩视频】
[2016-12-08 14:51:37.664] [DEBUG] QQ空间 - 佩服它们的定力，被小小婴儿折磨的无力回击的汪星人，看着好心塞。【点击头像关注空间，获取更多精彩视频】
[2016-12-08 14:51:37.664] [DEBUG] QQ空间 - 10++++
[2016-12-08 14:51:38.065] [DEBUG] QQ空间 - 470 || 46++++++47
[2016-12-08 14:51:38.442] [DEBUG] QQ空间 - 小哈士奇不想洗澡，向妈妈反抗不成，转身向爸爸求救！【点击头像关注空间，获取更多精彩视频】
[2016-12-08 14:51:38.835] [DEBUG] QQ空间 - 主人发现狗狗独自在浴池里冲凉 ，这真太有兴致了。【点击头像关注空间，获取更多精彩视频】
[2016-12-08 14:51:39.253] [DEBUG] QQ空间 - 主人太奸诈！原来对付话唠哈士奇诀窍，就是比它更话唠。【点击头像关注空间，获取更多精彩视频】
[2016-12-08 14:51:39.576] [DEBUG] QQ空间 - 主人在楼梯口放了一个呼啦圈，哈士奇蒙了，这反应太搞笑【点击头像关注空间，获取更多精彩视频】
[2016-12-08 14:51:39.950] [DEBUG] QQ空间 - 小阿拉斯加想要亲吻萨摩耶姐姐，可爱的雪橇二傻【点击头像关注空间，获取更多精彩视频】
[2016-12-08 14:51:40.313] [DEBUG] QQ空间 - 主人问狗狗你俩谁先吃，结果狗狗用行动作出了回答，太有爱了【点击头像关注空间，获取更多精彩视频】
[2016-12-08 14:51:40.722] [DEBUG] QQ空间 - 这只泰迪太神了，是人都想抱抱他！【点击头像关注空间，获取更多精彩视频】
[2016-12-08 14:51:41.045] [DEBUG] QQ空间 - 只剩一瓶酸奶，狗狗本想主人自己喝，还是忍不住去拿碗了！【点击头像关注空间，获取更多精彩视频】
[2016-12-08 14:51:41.444] [DEBUG] QQ空间 - 主人有事出门让老妈照看汪星人，老人家用手机拍下了感人的瞬间【点击头像关注空间，获取更多精彩视频】
[2016-12-08 14:51:41.813] [DEBUG] QQ空间 - 都说金毛很温顺老实？其实金毛的真面目是这样的。【点击头像关注空间，获取更多精彩视频】
[2016-12-08 14:51:41.813] [DEBUG] QQ空间 - 10++++
[2016-12-08 14:51:42.222] [DEBUG] QQ空间 - 480 || 47++++++48
[2016-12-08 14:51:42.576] [DEBUG] QQ空间 - 泰迪发脾气不肯回家，金毛叼起它就往家里跑。【点击头像关注空间，获取更多精彩视频】
[2016-12-08 14:51:42.952] [DEBUG] QQ空间 - 一只在汽修厂上班的金毛·逆天神犬无所不能【点击头像关注空间，获取更多精彩视频】

[2016-12-08 14:51:43.289] [DEBUG] QQ空间 - 主人一说要吸烟，狗狗立马做出这个动作，成精了这汪【点击头像关注空间，获取更多精彩视频】

[2016-12-08 14:51:43.624] [DEBUG] QQ空间 - 把老鹰当鸽子喂的阿拉斯加渔民，也是可以的。【点击头像关注空间，获取更多精彩视频】
[2016-12-08 14:51:43.999] [DEBUG] QQ空间 - 这个肚子，揉起来一定非常非常舒服。【点击头像关注空间，获取更多精彩视频】
[2016-12-08 14:51:44.344] [DEBUG] QQ空间 - 两只哈士奇吵架，泰迪无辜被黑，笑。【点击头像关注空间，获取更多精彩视频】
[2016-12-08 14:51:44.693] [DEBUG] QQ空间 - 小狗狗拎着自己饭碗到处找主人，饿了开饭吧【点击头像关注空间，获取更多精彩视频】
[2016-12-08 14:51:45.016] [DEBUG] QQ空间 - 汪星人想跟宝宝抢食物，结果却让人哭笑不得。【点击头像关注空间，获取更多精彩视频】
[2016-12-08 14:51:45.380] [DEBUG] QQ空间 - 小主人玩沙子累得挖不动了，狗狗过来帮忙，结果狗狗的反应笑疯啦【点击头像关注空间，获取更多精彩视频】
[2016-12-08 14:51:45.729] [DEBUG] QQ空间 - 主人吻宝宝惹狗狗吃醋，汪星人的动作把网友萌翻【点击头像关注空间，获取更多精彩视频】
[2016-12-08 14:51:45.734] [DEBUG] QQ空间 - 10++++
[2016-12-08 14:51:46.101] [DEBUG] QQ空间 - 490 || 48++++++49
[2016-12-08 14:51:46.471] [DEBUG] QQ空间 - 主人无耻，呆萌小狗已生无可恋【点击头像关注空间，获取更多精彩视频】
[2016-12-08 14:51:46.813] [DEBUG] QQ空间 - 小狗打扰猫咪睡觉，小喵一怒之下将其推下水池【点击头像关注空间，获取更多精彩视频】
[2016-12-08 14:51:47.098] [DEBUG] QQ空间 - 一群嗷嗷待哺的小奶狗，想找妈妈喝奶身高又不够，急的嗷嗷叫！【点击头像关注空间，获取更多精彩视频】
[2016-12-08 14:51:47.483] [DEBUG] QQ空间 - 小狗喝奶把狗妈摁倒在地，狗妈烦了给它们叼来一块骨头，太逗了！【点击头像关注空间，获取更多精彩视频】
[2016-12-08 14:51:47.864] [DEBUG] QQ空间 - 二哈坐公交超和谐，没有人指指点点，狗狗也很乖。
[2016-12-08 14:51:48.237] [DEBUG] QQ空间 - 都说狗狗舔了柠檬会发狂，我回家也试了下，笑翻了。【点击头像关注空间，获取更多精彩视频】
[2016-12-08 14:51:48.608] [DEBUG] QQ空间 - 雪豹为了给孩子猎食物而攻击羊群，却弄伤了自己的爪子，无功而返。
[2016-12-08 14:51:49.054] [DEBUG] QQ空间 - 二哈听到主人要带自己去看兽医，接下来的表情也是没谁了.
[2016-12-08 14:51:49.453] [DEBUG] QQ空间 - 一主人为了气二哈,不停的抚摸旁边的金毛，结果二哈哀怨的哟.
[2016-12-08 14:51:49.849] [DEBUG] QQ空间 - 哈士奇第一次见到小主人，母性大发，稀罕的不得了。
[2016-12-08 14:51:49.849] [DEBUG] QQ空间 - 10++++
[2016-12-08 14:51:50.222] [DEBUG] QQ空间 - 500 || 49++++++50
[2016-12-08 14:51:50.933] [DEBUG] QQ空间 - 刚出生的宝宝害怕家里的金毛，接下来的事，被金毛的眼神感动到了。
[2016-12-08 14:51:51.376] [DEBUG] QQ空间 - 被鸭子养大的金毛，就是有点蠢萌，一汪一鸭绝对萌的不要不要的！
[2016-12-08 14:51:51.753] [DEBUG] QQ空间 - 实拍：女主人被狗狗按到地上，再怎么挣扎也没用！【点击头像关注空间，获取更多精彩视频】

[2016-12-08 14:51:52.124] [DEBUG] QQ空间 - 主人把狗狗送宠物店一天，再去接时他的表现引人大笑【点击头像关注空间，获取更多精彩视频】

[2016-12-08 14:51:52.514] [DEBUG] QQ空间 - 人与野兽，超搞！【点击头像关注空间，获取更多精彩视频】

[2016-12-08 14:51:52.882] [DEBUG] QQ空间 - 小金毛听到主人教训小主人， 马上做出反应 ，太好玩啦。
[2016-12-08 14:51:53.262] [DEBUG] QQ空间 - 小小蛋横空出世，蛋蛋作为父亲喜极而泣
[2016-12-08 14:51:53.661] [DEBUG] QQ空间 - 当主人带回一直小鸡之后，哈士奇的表现让人刮目相看~【点击头像关注空间，获取更多精彩视频】
[2016-12-08 14:51:54.046] [DEBUG] QQ空间 - 闻主人臭脚狗狗转头作呕， 网友笑弯了腰。【点击头像关注空间，获取更多精彩视频】
[2016-12-08 14:51:54.413] [DEBUG] QQ空间 - 狗狗嫌主人鞋子太臭，叼出来一脚踢进垃圾车。【点击头像关注空间，获取更多精彩视频】
[2016-12-08 14:51:54.429] [DEBUG] QQ空间 - 10++++
[2016-12-08 14:51:54.754] [DEBUG] QQ空间 - 510 || 50++++++51
[2016-12-08 14:51:55.073] [DEBUG] QQ空间 - 遗弃小女孩被狗狗收养，共同生活五年中，一起吃腐肉！【点击头像关注空间，获取更多精彩视频】
[2016-12-08 14:51:55.438] [DEBUG] QQ空间 - 六只小柯基从刚出生到升级当父母，一年时间主人用摄像机全程记录。【点击头像关注空间，获取更多精彩视频】
[2016-12-08 14:51:55.827] [DEBUG] QQ空间 - 这狗真可怕，女人还是不要养狗好。【点击头像关注空间，获取更多精彩视频】
[2016-12-08 14:51:56.193] [DEBUG] QQ空间 - 宠物狗狗_排排坐，等好吃的～
[2016-12-08 14:51:56.543] [DEBUG] QQ空间 - 主人让狗狗睡凉席，狗狗自己就抱着枕头过来睡觉，太可爱了！【点击头像关注空间，获取更多精彩视频】

[2016-12-08 14:51:56.894] [DEBUG] QQ空间 - 崽胖都快成精了，让干嘛就干嘛。【点击头像关注空间，获取更多精彩视频】

[2016-12-08 14:51:57.222] [DEBUG] QQ空间 - 为了买好吃的，狗狗又藏钱啦！怎么这么搞笑！【点击头像关注空间，获取更多精彩视频】

[2016-12-08 14:51:57.595] [DEBUG] QQ空间 - 泰迪晚上不睡觉非要看电视，任凭主人怎么叫都不走，啥电视呀？【点击头像关注空间，获取更多精彩视频】

[2016-12-08 14:51:57.954] [DEBUG] QQ空间 - 这只哈士奇为了维护自己的体重隐私，抵死不上称。
[2016-12-08 14:51:58.349] [DEBUG] QQ空间 - 喵星人和小刺猬想玩亲亲，却怕刺，怎么办？【点击头像关注空间，获取更多精彩视频】
[2016-12-08 14:51:58.349] [DEBUG] QQ空间 - 10++++
[2016-12-08 14:51:58.691] [DEBUG] QQ空间 - 520 || 51++++++52
[2016-12-08 14:51:59.061] [DEBUG] QQ空间 - 请把我的爸爸抓起来，感动了千万人！
[2016-12-08 14:51:59.443] [DEBUG] QQ空间 - 宝宝抢了狗窝，狗狗的反应让人笑翻【点击头像关注空间，获取更多精彩视频】
[2016-12-08 14:51:59.850] [DEBUG] QQ空间 - 萌呆了， 卖萌小猫咪向美女索吻，不给还闹腾。【点击头像关注空间，获取更多精彩视频】
[2016-12-08 14:52:00.253] [DEBUG] QQ空间 - 起床了起床了…唔…再眯两分钟好了 好可爱【点击头像关注空间，获取更多精彩视频】
[2016-12-08 14:52:00.608] [DEBUG] QQ空间 - 你是老虎你知道吗？被一只小狗追着跑，会好没面子的。【点击头像关注空间，获取更多精彩视频】
[2016-12-08 14:52:00.983] [DEBUG] QQ空间 - 小狗打扰猫咪睡觉，猫咪生气把小狗推下水池。小狗打扰猫咪睡觉，猫咪生气把小狗推下水池
[2016-12-08 14:52:01.422] [DEBUG] QQ空间 - 养这么一群拉布拉多小狗，到了开饭时间场面可壮观了，太好玩了！【点击头像关注空间，获取更多精彩视频】
[2016-12-08 14:52:01.801] [DEBUG] QQ空间 - 长大不得了 ，小女孩一人调教6只汪星人，游刃有余。【点击头像关注空间，获取更多精彩视频】
[2016-12-08 14:52:02.124] [DEBUG] QQ空间 - 主人把二哈关在门外看它怎么办？哈士奇耐心的等待后，自己开门了【点击头像关注空间，获取更多精彩视频】

[2016-12-08 14:52:02.514] [DEBUG] QQ空间 - 这些哈士奇，蠢萌蠢萌的，总有一个会让你大笑【点击头像关注空间，获取更多精彩视频】

[2016-12-08 14:52:02.530] [DEBUG] QQ空间 - 10++++
[2016-12-08 14:52:02.835] [DEBUG] QQ空间 - 530 || 52++++++53
[2016-12-08 14:52:03.201] [DEBUG] QQ空间 - 这里有一只打针就会叫妈妈的哈士奇【点击头像关注空间，获取更多精彩视频】

[2016-12-08 14:52:03.550] [DEBUG] QQ空间 - 小哈士奇看到一个球，叼起来就跑了，呆萌的样子笑屎人【点击头像关注空间，获取更多精彩视频】

[2016-12-08 14:52:03.876] [DEBUG] QQ空间 - 小哈士奇一声猫叫，超萌！【点击头像关注空间，获取更多精彩视频】

[2016-12-08 14:52:04.269] [DEBUG] QQ空间 - 可怜的狗妈妈，被饿坏的小狗们追得无路可逃。没有奶水好难过。【点击头像关注空间，获取更多精彩视频】
[2016-12-08 14:52:04.690] [DEBUG] QQ空间 - 霸道女总裁爱上恶霸犬，非一般的女人养非一般的宠物！【点击头像关注空间，获取更多精彩视频】
[2016-12-08 14:52:05.052] [DEBUG] QQ空间 - 这只狗上辈子绝对是流氓！【点击头像关注空间，获取更多精彩视频】
[2016-12-08 14:52:05.375] [DEBUG] QQ空间 - 最萌的队形， 警犬叼饭盆排队吃饭，从不插队。【点击头像关注空间，获取更多精彩视频】
[2016-12-08 14:52:05.735] [DEBUG] QQ空间 - 女主人跟狗狗这样玩，最后竟然被狗狗给玩了！太逗比了！【点击头像关注空间，获取更多精彩视频】
[2016-12-08 14:52:06.110] [DEBUG] QQ空间 - 狗狗发现女主人晕倒后，奋不顾身爬上高塔营救。【点击头像关注空间，获取更多精彩视频】
[2016-12-08 14:52:06.508] [DEBUG] QQ空间 - 笑喷，当狗狗遭遇企鹅，偷亲后竟然转身就跑。【点击头像关注空间，获取更多精彩视频】
[2016-12-08 14:52:06.524] [DEBUG] QQ空间 - 10++++
[2016-12-08 14:52:06.933] [DEBUG] QQ空间 - 540 || 53++++++54
[2016-12-08 14:52:07.287] [DEBUG] QQ空间 - 听说这个视频会对单身狗造成10000000暴击伤害。【点击头像关注空间，获取更多精彩视频】
[2016-12-08 14:52:07.676] [DEBUG] QQ空间 - 当你跟喵星人对视时，你的压力有多大？国外小哥和自家猫咪倾情演绎。【点击头像关注空间，获取更多精彩视频】
[2016-12-08 14:52:08.113] [DEBUG] QQ空间 - 狗狗听到有人喊救命，带着主人去救人。【点击头像关注空间，获取更多精彩视频】
[2016-12-08 14:52:08.462] [DEBUG] QQ空间 - 狗狗看主人约会美女，居然不给主人面子，坐旁边不搭理他.【点击头像关注空间，获取更多精彩视频】
[2016-12-08 14:52:09.078] [DEBUG] QQ空间 - 狗狗听到小苹果后，居然跟着节奏动起来，好可爱。【点击头像关注空间，获取更多精彩视频】
[2016-12-08 14:52:09.469] [DEBUG] QQ空间 - 狗狗找到了死去的主人的照片，高兴得停不下来。【点击头像关注空间，获取更多精彩视频】
[2016-12-08 14:52:09.866] [DEBUG] QQ空间 - 狗狗为了保护主人，跟主人老婆吵起来了，泰迪真是好样的【点击头像关注空间，获取更多精彩视频】

[2016-12-08 14:52:10.269] [DEBUG] QQ空间 - 很会扮委屈的泰迪，乱咬被罚站【点击头像关注空间，获取更多精彩视频】

[2016-12-08 14:52:10.655] [DEBUG] QQ空间 - 可爱的小泰迪狗狗，哭闹起来像个孩子【点击头像关注空间，获取更多精彩视频】

[2016-12-08 14:52:11.035] [DEBUG] QQ空间 - 小泰迪干架，爹妈来了立马老实装可怜，智商无敌啦【点击头像关注空间，获取更多精彩视频】

[2016-12-08 14:52:11.035] [DEBUG] QQ空间 - 10++++
[2016-12-08 14:52:11.372] [DEBUG] QQ空间 - 550 || 54++++++55
[2016-12-08 14:52:11.819] [DEBUG] QQ空间 - 狗狗梦中喝奶奶，不料下错了嘴，结果狗狗接下的反应笑疯所有人。【点击头像关注空间，获取更多精彩视频】
[2016-12-08 14:52:12.207] [DEBUG] QQ空间 - 做了10年导盲犬 年迈狗狗再回家一刻让人落泪。【点击头像关注空间，获取更多精彩视频】
[2016-12-08 14:52:12.530] [DEBUG] QQ空间 - 主人服兵役和狗狗分开一年 重逢时爱犬一下失控了。【点击头像关注空间，获取更多精彩视频】
[2016-12-08 14:52:12.950] [DEBUG] QQ空间 - 两条德牧第一次迎接小主人进门，狗狗真通人性，满满都是爱！【点击头像关注空间，获取更多精彩视频】
[2016-12-08 14:52:13.338] [DEBUG] QQ空间 - 看见有坏狗在欺负金毛，萨摩立即挺身相助，保护好朋友赶走坏蛋。【点击头像关注空间，获取更多精彩视频】

[2016-12-08 14:52:13.691] [DEBUG] QQ空间 - 忠心护主的拉布拉多，看到小伙伴凶主人，立马上前教训保护主人。【点击头像关注空间，获取更多精彩视频】

[2016-12-08 14:52:14.065] [DEBUG] QQ空间 - 狗狗犯错，被罚站挨骂，还会用手护脸。。。【点击头像关注空间，获取更多精彩视频】
[2016-12-08 14:52:14.424] [DEBUG] QQ空间 - 一群狗狗在床上玩，当主人说“吃不吃肉肉”的那一瞬间，我无语了。【点击头像关注空间，获取更多精彩视频】
[2016-12-08 14:52:14.854] [DEBUG] QQ空间 - 狗狗吃饭被打搅，被逼急了，说出了人话。【点击头像关注空间，获取更多精彩视频】
[2016-12-08 14:52:15.175] [DEBUG] QQ空间 - 当汪星人被主银责备的时候，呆萌呆萌的,好像小海豹啊 .【点击头像关注空间，获取更多精彩视频】
[2016-12-08 14:52:15.175] [DEBUG] QQ空间 - 10++++
[2016-12-08 14:52:15.565] [DEBUG] QQ空间 - 560 || 55++++++56
[2016-12-08 14:52:15.990] [DEBUG] QQ空间 - 女主人做瑜伽，狗狗非要各种捣乱【点击头像关注空间，获取更多精彩视频】

[2016-12-08 14:52:16.424] [DEBUG] QQ空间 - 太逗了，哈士奇打针，紧张地趴在主人怀里不敢看啊！【点击头像关注空间，获取更多精彩视频】

[2016-12-08 14:52:16.819] [DEBUG] QQ空间 - 女主人有条好奇的狗狗，瞧瞧里面藏了什么！【点击头像关注空间，获取更多精彩视频】

[2016-12-08 14:52:17.222] [DEBUG] QQ空间 - 女主人洗澡忘记关门，哈士奇冲进来非要跟女主人一起洗【点击头像关注空间，获取更多精彩视频】
[2016-12-08 14:52:17.623] [DEBUG] QQ空间 - 神配音，这是只被主人玩坏的狗狗，小生佩服。
[2016-12-08 14:52:17.999] [DEBUG] QQ空间 - 主人蒸了一只帝王蟹，被吃货金毛看见了，狗狗把嘴放到盘里等着！
[2016-12-08 14:52:18.382] [DEBUG] QQ空间 - 主人要金毛指认，咬坏狗粮袋子的凶手，幸灾乐祸的狗狗大义灭亲。
[2016-12-08 14:52:18.754] [DEBUG] QQ空间 - 外国人好有爱，从涵洞中救出流浪狗后发现洞中还有七只狗宝宝。
[2016-12-08 14:52:19.160] [DEBUG] QQ空间 - 金毛咬坏凉席被男主人训斥！接下来狗狗的反应逗死女主人！
[2016-12-08 14:52:19.574] [DEBUG] QQ空间 - 主人给金毛洗澡，另一只金毛不仅帮浇水还用爪子压着它，太好玩了。
[2016-12-08 14:52:19.590] [DEBUG] QQ空间 - 10++++
[2016-12-08 14:52:19.885] [DEBUG] QQ空间 - 570 || 56++++++57
[2016-12-08 14:52:20.287] [DEBUG] QQ空间 - 萌死人！金毛口叼泰迪出门溜溜！【点击头像关注空间，获取更多精彩视频】

[2016-12-08 14:52:20.692] [DEBUG] QQ空间 - 狗狗吃饭被打搅，被逼急了，说出了人话【点击头像关注空间，获取更多精彩视频】

[2016-12-08 14:52:20.976] [DEBUG] QQ空间 - 狗狗被爸爸打了，宝宝的反应让爸爸都吃惊了，真是亲兄弟啊！【点击头像关注空间，获取更多精彩视频】

[2016-12-08 14:52:21.345] [DEBUG] QQ空间 - 大只金毛带小只金毛散步！转身就翻脸！【点击头像关注空间，获取更多精彩视频】
[2016-12-08 14:52:21.723] [DEBUG] QQ空间 - 【点击头像关注空间，获取更多精彩视频】
[2016-12-08 14:52:22.150] [DEBUG] QQ空间 - 烦人的鹦鹉老是拽胡子，猫咪内心崩溃。
[2016-12-08 14:52:22.532] [DEBUG] QQ空间 - 猫咪抓到了一只老鼠，它的友好举动让老鼠心如死灰。
[2016-12-08 14:52:23.130] [DEBUG] QQ空间 - 金毛想喝水是这么做的，简直不要太聪明。
[2016-12-08 14:52:23.481] [DEBUG] QQ空间 - 两只汪星人把金毛的球弄破了，金毛委屈的表情亮了。
[2016-12-08 14:52:23.862] [DEBUG] QQ空间 - 
[2016-12-08 14:52:23.862] [DEBUG] QQ空间 - 10++++
[2016-12-08 14:52:24.319] [DEBUG] QQ空间 - 580 || 57++++++58
[2016-12-08 14:52:24.722] [DEBUG] QQ空间 - 哈哈，你们都抓不到我吧。小妞我自带防御系统。
[2016-12-08 14:52:25.161] [DEBUG] QQ空间 - 狗狗死不让主人起床！只要一掀被子哈士奇反应超激烈！【点击头像关注空间，获取更多精彩视频】

[2016-12-08 14:52:25.546] [DEBUG] QQ空间 - 当主人说想要尝试狗肉时，狗狗的表情瞬间亮了【点击头像关注空间，获取更多精彩视频】

[2016-12-08 14:52:26.015] [DEBUG] QQ空间 - 柴犬狗狗睡觉前与主人争夺被褥大战，无耻的赖在主人床上【点击头像关注空间，获取更多精彩视频】

[2016-12-08 14:52:26.380] [DEBUG] QQ空间 - 一只猫咪无意闯进一间堆满乒乓球的房间，结果是这只猫累瘫了。【点击头像关注空间，获取更多精彩视频】

[2016-12-08 14:52:26.743] [DEBUG] QQ空间 - 电话响了，家里的猫咪犹豫了好久，最后居然接了。【点击头像关注空间，获取更多精彩视频】

[2016-12-08 14:52:27.099] [DEBUG] QQ空间 - 百年罕见，老虎回归自然，车笼打开刹那间激动人心。【点击头像关注空间，获取更多精彩视频】

[2016-12-08 14:52:27.483] [DEBUG] QQ空间 - 三分钟看尽恶搞动物，哥抽的不是烟，是寂寞。【点击头像关注空间，获取更多精彩视频】

[2016-12-08 14:52:27.829] [DEBUG] QQ空间 - 养母把小狮子养大后放归，两年后小狮子竟在两百米外就认出了她。【点击头像关注空间，获取更多精彩视频】

[2016-12-08 14:52:28.209] [DEBUG] QQ空间 - 简直毫无尊严，主人你给我等着，算了吃吃个香蕉先，香蕉是无辜的。【点击头像关注空间，获取更多精彩视频】

[2016-12-08 14:52:28.209] [DEBUG] QQ空间 - 10++++
[2016-12-08 14:52:28.589] [DEBUG] QQ空间 - 590 || 58++++++59
[2016-12-08 14:52:28.912] [DEBUG] QQ空间 - 狗狗跟主人自拍的时候咧着嘴大笑，直接是抢镜头啊。【点击头像关注空间，获取更多精彩视频】
[2016-12-08 14:52:29.299] [DEBUG] QQ空间 - 七年后，被救小狐狸再见恩人 场面一度失控，感动了无数网友。【点击头像关注空间，获取更多精彩视频】

[2016-12-08 14:52:29.660] [DEBUG] QQ空间 - 人让汪星人温柔点才能吃到酸奶二哈居然····【点击头像关注空间，获取更多精彩视频】

[2016-12-08 14:52:30.049] [DEBUG] QQ空间 - 为了跟喵星人玩，哈士奇连尊严都舍弃了，实在让人喷饭。【点击头像关注空间，获取更多精彩视频】

[2016-12-08 14:52:30.444] [DEBUG] QQ空间 - 当主人带回一直小鸡之后，哈士奇的表现让人刮目相看。【点击头像关注空间，获取更多精彩视频】

[2016-12-08 14:52:30.845] [DEBUG] QQ空间 - 狗狗偷吃香肠，被主人发现后，装模作样，可惜嘴大漏风叼不住。【点击头像关注空间，获取更多精彩视频】
[2016-12-08 14:52:31.206] [DEBUG] QQ空间 - 主人一说要吸烟，狗狗立马做出这个动作，成精了这汪。【点击头像关注空间，获取更多精彩视频】
[2016-12-08 14:52:31.547] [DEBUG] QQ空间 - 喵星人的逆天世界，狗狗被欺负的不敢回家了，这世界还有天理吗？【点击头像关注空间，获取更多精彩视频】
[2016-12-08 14:52:31.866] [DEBUG] QQ空间 - 最好的的朋友，就是小的有老大罩着，你看这里就有一对模范。【点击头像关注空间，获取更多精彩视频】
[2016-12-08 14:52:32.240] [DEBUG] QQ空间 - 愁人，外边打雷下雨伦家肯定也好怕怕滴 ，为了次零食什么都不是事。【点击头像关注空间，获取更多精彩视频】
[2016-12-08 14:52:32.256] [DEBUG] QQ空间 - 10++++
[2016-12-08 14:52:32.660] [DEBUG] QQ空间 - 600 || 59++++++60
[2016-12-08 14:52:33.015] [DEBUG] QQ空间 - 今天来玩食物，但我只想玩苹果，男主人卻硬要抢我的玩具。【点击头像关注空间，获取更多精彩视频】
[2016-12-08 14:52:33.335] [DEBUG] QQ空间 - 这泰迪成精了！动作实在太像人了！【点击头像关注空间，获取更多精彩视频】

[2016-12-08 14:52:33.707] [DEBUG] QQ空间 - 汪星人想要调戏喵星人，结果却出乎意料，哈哈。【点击头像关注空间，获取更多精彩视频】
[2016-12-08 14:52:34.072] [DEBUG] QQ空间 - 乌龟啃小猫咪的脚趾头，小猫咪的反应太萌了，一个吃货一个睡货！【点击头像关注空间，获取更多精彩视频】
[2016-12-08 14:52:34.439] [DEBUG] QQ空间 - 主人意外身亡，狗狗车站苦等10年，直到女主人意外发现了它。【点击头像关注空间，获取更多精彩视频】
[2016-12-08 14:52:34.801] [DEBUG] QQ空间 - 忠诚的狗狗冒死万里归乡寻主人，感动全世界，不亚于孟姜女哭长城。【点击头像关注空间，获取更多精彩视频】
[2016-12-08 14:52:35.160] [DEBUG] QQ空间 - 中华好犬 老人不治身亡,狗狗戴孝死守家门谁也不让进！【点击头像关注空间，获取更多精彩视频】
[2016-12-08 14:52:35.502] [DEBUG] QQ空间 - 狗狗教宝宝爬行，操碎了心，超有爱！狗狗教宝宝爬行，操碎了心，超有爱！
[2016-12-08 14:52:35.913] [DEBUG] QQ空间 - 主人发现狗狗嘴鼓鼓的，还不吭声，狗狗张嘴后主人笑坏了。【点击头像关注空间，获取更多精彩视频】
[2016-12-08 14:52:36.286] [DEBUG] QQ空间 - 原以为狗狗是在电梯门口守候着主人，可是却没有猜到结局。【点击头像关注空间，获取更多精彩视频】
[2016-12-08 14:52:36.286] [DEBUG] QQ空间 - 10++++
[2016-12-08 14:52:36.608] [DEBUG] QQ空间 - 610 || 60++++++61
[2016-12-08 14:52:37.002] [DEBUG] QQ空间 - 主人在高高桌子上下不来，狗狗表示我来救你！【点击头像关注空间，获取更多精彩视频】
[2016-12-08 14:52:37.381] [DEBUG] QQ空间 - 狗狗不想在家看家，跟主人装可怜想去玩，还自己去拿绳子！【点击头像关注空间，获取更多精彩视频】
[2016-12-08 14:52:37.785] [DEBUG] QQ空间 - 为了买好吃的，狗狗又藏钱啦！怎么这么搞笑！【点击头像关注空间，获取更多精彩视频】
[2016-12-08 14:52:38.229] [DEBUG] QQ空间 - 狗狗的媳妇被主人欺负了，狗狗竟然躲到床上哭了，太萌啦！【点击头像关注空间，获取更多精彩视频】
[2016-12-08 14:52:38.565] [DEBUG] QQ空间 - 狗狗进家门前，竟催促主人帮自己擦脚”还擦不擦，不擦我就进了“.【点击头像关注空间，获取更多精彩视频】
[2016-12-08 14:52:38.964] [DEBUG] QQ空间 - 男子给一只狗狗做人工呼吸，当狗狗醒来的那一刻，把我感动哭了！【点击头像关注空间，获取更多精彩视频】
[2016-12-08 14:52:39.334] [DEBUG] QQ空间 - 哎呀，吃的有点多了，跑起来老费劲了——小阿拉斯加独白。【点击头像关注空间，获取更多精彩视频】
[2016-12-08 14:52:39.708] [DEBUG] QQ空间 - 遇到保安哈士奇立马跑上去打个招呼，听到主人夸它可开心了呢【点击头像关注空间，获取更多精彩视频】
[2016-12-08 14:52:40.123] [DEBUG] QQ空间 - 为了跟喵星人玩，哈士奇连尊严都舍弃了，实在让人喷饭【点击头像关注空间，获取更多精彩视频】

[2016-12-08 14:52:40.499] [DEBUG] QQ空间 - 主人喂食哈士奇，把哈士奇逗的不行不行的【点击头像关注空间，获取更多精彩视频】
[2016-12-08 14:52:40.499] [DEBUG] QQ空间 - 10++++
[2016-12-08 14:52:40.883] [DEBUG] QQ空间 - 620 || 61++++++62
[2016-12-08 14:52:41.329] [DEBUG] QQ空间 - 小狗狗蹲在地上独自哭泣，还好有同伴过来安慰它。【点击头像关注空间，获取更多精彩视频】
[2016-12-08 14:52:41.691] [DEBUG] QQ空间 - 妈妈教孩子说话，结果狗狗急了叫“妈妈，惊人。【点击头像关注空间，获取更多精彩视频】
[2016-12-08 14:52:42.045] [DEBUG] QQ空间 - 招财小泰迪，看到有客人进门主动迎接，太会做生意了。【点击头像关注空间，获取更多精彩视频】
[2016-12-08 14:52:42.391] [DEBUG] QQ空间 - 这是谁家的泰迪狗呀，太可爱了！好想买一只回家。【点击头像关注空间，获取更多精彩视频】
[2016-12-08 14:52:42.754] [DEBUG] QQ空间 - 一说留在姥姥家过夜，狗狗就急得要哭了！跟主人撒娇！【点击头像关注空间，获取更多精彩视频】
[2016-12-08 14:52:43.113] [DEBUG] QQ空间 - 狗狗去医院打针，针头刚被动，狗狗接下来的举动笑翻众人！【点击头像关注空间，获取更多精彩视频】
[2016-12-08 14:52:43.486] [DEBUG] QQ空间 - 老人临终前把器官捐给了别人，但狗狗一眼就认了出来！泪奔！【点击头像关注空间，获取更多精彩视频】
[2016-12-08 14:52:43.881] [DEBUG] QQ空间 - 狗狗走失数十天后到家，家里猫咪的反应把主人都感动了！【点击头像关注空间，获取更多精彩视频】
[2016-12-08 14:52:44.269] [DEBUG] QQ空间 - 主人太无良，拿只玩具狗欺骗自家宝贝，结果小狗狗护食。【点击头像关注空间，获取更多精彩视频】
[2016-12-08 14:52:44.699] [DEBUG] QQ空间 - 流浪狗为了不让孩子受苦，竟然做出了人类才有的举动，感动哭了！【点击头像关注空间，获取更多精彩视频】
[2016-12-08 14:52:44.715] [DEBUG] QQ空间 - 10++++
[2016-12-08 14:52:45.066] [DEBUG] QQ空间 - 630 || 62++++++63
[2016-12-08 14:52:45.431] [DEBUG] QQ空间 - 6年前他们收养了一只狗狗 没想到它竟然会这样报恩。【点击头像关注空间，获取更多精彩视频】
[2016-12-08 14:52:45.802] [DEBUG] QQ空间 - 当主人听到自家狗狗突然叫妈妈了，主人激动的差点哭了起来。【点击头像关注空间，获取更多精彩视频】
[2016-12-08 14:52:46.144] [DEBUG] QQ空间 - 婴儿跑到大狗面前亲了两大口后，大狗的反应太有爱了。【点击头像关注空间，获取更多精彩视频】

[2016-12-08 14:52:46.515] [DEBUG] QQ空间 - 当刚会走路的小宝宝牵着上百斤的大狗时，这反差太萌。【点击头像关注空间，获取更多精彩视频】

[2016-12-08 14:52:46.885] [DEBUG] QQ空间 - 就算想也不敢哭，怕吵醒怀里的狗狗，责任心的养成。【点击头像关注空间，获取更多精彩视频】

[2016-12-08 14:52:47.253] [DEBUG] QQ空间 - 爸爸教女儿学狗叫，旁边的狗狗实在看不下去了，于是【点击头像关注空间，获取更多精彩视频】
[2016-12-08 14:52:47.722] [DEBUG] QQ空间 - 就算想也不敢哭，怕吵醒怀里的狗狗，责任心的养成中。【点击头像关注空间，获取更多精彩视频】

[2016-12-08 14:52:48.141] [DEBUG] QQ空间 - 逗死我了！刚满月的阿拉斯加宝宝发脾气，笑喷。【点击头像关注空间，获取更多精彩视频】

[2016-12-08 14:52:48.503] [DEBUG] QQ空间 - 当一只哈士奇对你说 I love you!太可爱了太想亲亲它。【点击头像关注空间，获取更多精彩视频】

[2016-12-08 14:52:48.914] [DEBUG] QQ空间 - 视频中的狗狗趁主人不注意竟然偷吸小主人的奶嘴，主人试图拿回奶嘴，被这只狗狗奋力阻止，简直一千万个不愿意啊~真是只童心未泯的狗狗~【点击头像关注空间，获取更多精彩视频】

[2016-12-08 14:52:48.918] [DEBUG] QQ空间 - 10++++
[2016-12-08 14:52:49.246] [DEBUG] QQ空间 - 640 || 63++++++64
[2016-12-08 14:52:49.567] [DEBUG] QQ空间 - 女子孩子被拐，围观民众误会反帮倒忙，只有特种兵拔腿就追。【点击头像关注空间，获取更多精彩视频】
[2016-12-08 14:52:49.922] [DEBUG] QQ空间 - 大狗狗啃骨头 小宝宝慢慢的靠近，接下来狗狗的反应让人心都化了。【点击头像关注空间，获取更多精彩视频】
[2016-12-08 14:52:50.382] [DEBUG] QQ空间 - 生日主人送我一个奶嘴呢，感觉自己萌萌哒呢，让我眯个眼睛安静的吸会奶嘴吧。【点击头像关注空间，获取更多精彩视频】
[2016-12-08 14:52:50.770] [DEBUG] QQ空间 - 别动我，让我再眯会。宠物太搞笑主人架不住【点击头像关注空间，获取更多精彩视频】
[2016-12-08 14:52:51.123] [DEBUG] QQ空间 - 本来想让宝宝喊妈妈，结果边上汪星人实在忍不住了，哈哈哈。【点击头像关注空间，获取更多精彩视频】
[2016-12-08 14:52:51.539] [DEBUG] QQ空间 - 快要下雨了，狗狗咬着缰绳，使劲拉着马儿往家走。【点击头像关注空间，获取更多精彩视频】
[2016-12-08 14:52:51.936] [DEBUG] QQ空间 - 狗狗趴在沙发上看电视，当主人让它睡觉去时，看他磨蹭的懒样！【点击头像关注空间，获取更多精彩视频】

[2016-12-08 14:52:52.272] [DEBUG] QQ空间 - 狗狗照顾小孩子，原来是这样的。【点击头像关注空间，获取更多精彩视频】

[2016-12-08 14:52:52.632] [DEBUG] QQ空间 - 主人买回来一张水床，喵星人兴奋得不愿意下床了。【点击头像关注空间，获取更多精彩视频】

[2016-12-08 14:52:53.035] [DEBUG] QQ空间 - 主人赖床，猫和狗去叫，它们的区别令人笑翻。【点击头像关注空间，获取更多精彩视频】

[2016-12-08 14:52:53.035] [DEBUG] QQ空间 - 10++++
[2016-12-08 14:52:53.398] [DEBUG] QQ空间 - 650 || 64++++++65
[2016-12-08 14:52:53.708] [DEBUG] QQ空间 - 主人醉酒睡在路中间，狗狗的行为让人吃惊！【点击头像关注空间，获取更多精彩视频】
[2016-12-08 14:52:54.093] [DEBUG] QQ空间 - 主人以为来电话了，鹦鹉完美模仿iPhone铃声。【点击头像关注空间，获取更多精彩视频】
[2016-12-08 14:52:54.499] [DEBUG] QQ空间 - 鹦鹉演唱《纤夫的爱》，唱着唱着还忘词了，多亏有同伴提醒！【点击头像关注空间，获取更多精彩视频】
[2016-12-08 14:52:54.852] [DEBUG] QQ空间 - 鹦鹉听到儿歌后，35秒后开挂了，小的佩服。
[2016-12-08 14:52:55.228] [DEBUG] QQ空间 - 鹦鹉唱爸爸去哪儿，颤音抖得好可爱。鹦鹉唱爸爸去哪儿，颤音抖得好可爱
[2016-12-08 14:52:55.612] [DEBUG] QQ空间 - 狗狗犯错，被罚站挨骂，还会用手护脸。。。【点击头像关注空间，获取更多精彩视频】
[2016-12-08 14:52:55.983] [DEBUG] QQ空间 - 山东-鹦鹉被主人落在公交车上，自报回家线索获救。【点击头像关注空间，获取更多精彩视频】
[2016-12-08 14:52:56.366] [DEBUG] QQ空间 - 鹦鹉偷喝了酒，竟会竟然在家里发起酒疯，说出了好多酒话来。【点击头像关注空间，获取更多精彩视频】
[2016-12-08 14:52:56.680] [DEBUG] QQ空间 - 主人向鹦鹉问好，它竟回答说好个屁，然后还不怀好意地笑了。【点击头像关注空间，获取更多精彩视频】
[2016-12-08 14:52:57.100] [DEBUG] QQ空间 - 主人脚臭，鹦鹉一边一脸嫌弃又不断上前去闻，太好玩了。【点击头像关注空间，获取更多精彩视频】
[2016-12-08 14:52:57.102] [DEBUG] QQ空间 - 10++++
[2016-12-08 14:52:57.471] [DEBUG] QQ空间 - 660 || 65++++++66
[2016-12-08 14:52:57.860] [DEBUG] QQ空间 - 当猫遇上老虎，感觉猫咪已经翻脸了。真实版。
老虎：师傅，徒儿已经长大，可否下山！猫：你还太嫩，不可！然后就厮打起来！
[2016-12-08 14:52:58.228] [DEBUG] QQ空间 - 遇见老虎后要学这个鹿，挺胸抬头怒视！这样死的比较有尊严！【点击头像关注空间，获取更多精彩视频】
[2016-12-08 14:52:58.566] [DEBUG] QQ空间 - 最激烈的战斗和攻击：黑犀牛和狮子搏斗。【点击头像关注空间，获取更多精彩视频】
[2016-12-08 14:52:58.914] [DEBUG] QQ空间 - 巨大的东北虎，重达300公斤，老虎之王。【点击头像关注空间，获取更多精彩视频】
[2016-12-08 14:52:59.255] [DEBUG] QQ空间 - 一群大学生收养了五只失去妈妈的小柯基，毕业典礼变成了狗狗秀。【点击头像关注空间，获取更多精彩视频】
[2016-12-08 14:52:59.660] [DEBUG] QQ空间 - 聪明的狗狗给主人送饭，棒棒的，中华田园狗。【点击头像关注空间，获取更多精彩视频】
[2016-12-08 14:53:00.068] [DEBUG] QQ空间 - 终于见到比自己还要矮的狗狗，柯基可得意了，以大欺小的小坏蛋。【点击头像关注空间，获取更多精彩视频】
[2016-12-08 14:53:00.397] [DEBUG] QQ空间 - 主人带回一只兔子给柯基宝宝当伙伴，没想到兔子把柯基玩坏了.【点击头像关注空间，获取更多精彩视频】
[2016-12-08 14:53:00.754] [DEBUG] QQ空间 - 五头雄狮组成团，战斗力强到爆！一个狮群迅速被改朝换代，霸气。【点击头像关注空间，获取更多精彩视频】
[2016-12-08 14:53:01.104] [DEBUG] QQ空间 - 入侵狮王挑战领地狮王，一场世界大战在所难免。【点击头像关注空间，获取更多精彩视频】
[2016-12-08 14:53:01.104] [DEBUG] QQ空间 - 10++++
[2016-12-08 14:53:01.499] [DEBUG] QQ空间 - 670 || 66++++++67
[2016-12-08 14:53:01.881] [DEBUG] QQ空间 - 单身汪主动寻找爱情，不需要主人撮合，佩服！【点击头像关注空间，获取更多精彩视频】
[2016-12-08 14:53:02.208] [DEBUG] QQ空间 - 可爱的小泰迪不到三天被我驯服了，很满意。【点击头像关注空间，获取更多精彩视频】
[2016-12-08 14:53:02.596] [DEBUG] QQ空间 - 巨大的雄狮，东北虎看到也会吓一跳，两王相争。【点击头像关注空间，获取更多精彩视频】
[2016-12-08 14:53:03.014] [DEBUG] QQ空间 - 慢镜头下各种的猫科动物瞬间，老虎太优雅，霸气侧漏。【点击头像关注空间，获取更多精彩视频】
[2016-12-08 14:53:03.386] [DEBUG] QQ空间 - 小边牧就跟这垃圾桶过不去了，把自己也转晕了【点击头像关注空间，获取更多精彩视频】
[2016-12-08 14:53:03.723] [DEBUG] QQ空间 - 当人类的宝宝无意陷入险境，狗狗不顾一切冲去救助，感动无言以表。【点击头像关注空间，获取更多精彩视频】
[2016-12-08 14:53:04.100] [DEBUG] QQ空间 - 哈士奇嫌小主人太吵没法睡午觉，竟要离家出走，接下来的一幕笑惨。【点击头像关注空间，获取更多精彩视频】
[2016-12-08 14:53:04.484] [DEBUG] QQ空间 - 四只狗狗排队回家，懂得抬脚让主人擦，接下来还会等主人一起进屋。【点击头像关注空间，获取更多精彩视频】
[2016-12-08 14:53:04.851] [DEBUG] QQ空间 - 今天妈妈不在家，哈士奇叫宝宝别边流口水边哭啦，实在是太萌了！【点击头像关注空间，获取更多精彩视频】
[2016-12-08 14:53:05.191] [DEBUG] QQ空间 - 狗狗的食堂，这么听话的狗狗，万一这个场景失控了咋办?【点击头像关注空间，获取更多精彩视频】
[2016-12-08 14:53:05.207] [DEBUG] QQ空间 - 10++++
[2016-12-08 14:53:05.545] [DEBUG] QQ空间 - 680 || 67++++++68
[2016-12-08 14:53:05.886] [DEBUG] QQ空间 - 麻麻拍封面太慢了，宝宝只能装睡了……哈哈，但你装的很可爱。【点击头像关注空间，获取更多精彩视频】
[2016-12-08 14:53:06.223] [DEBUG] QQ空间 - 好友爱的画面，狗狗哄宝宝睡觉，从来没教过摇过摇摇篮的，惊呆啦。【点击头像关注空间，获取更多精彩视频】
[2016-12-08 14:53:06.593] [DEBUG] QQ空间 - 爆笑泰迪偷吃甘蔗！最后被发现的表情笑死我了.转身就逃【点击头像关注空间，获取更多精彩视频】
[2016-12-08 14:53:06.961] [DEBUG] QQ空间 - 好感人！地震后，小主人来找小狗，见面的时候狗狗居然都哭了.【点击头像关注空间，获取更多精彩视频】
[2016-12-08 14:53:07.350] [DEBUG] QQ空间 - 好感人！地震后，小主人来找小狗，见面的时候狗狗居然都哭了。超感人【点击头像关注空间，获取更多精彩视频】
[2016-12-08 14:53:07.758] [DEBUG] QQ空间 - 这5个哈士奇拒绝洗澡的短片，绝对让你捧腹大笑【点击头像关注空间，获取更多精彩视频】
[2016-12-08 14:53:08.093] [DEBUG] QQ空间 - 我怎么都觉得这孩子，向日本鬼子进村啊，不忍直视了。【点击头像关注空间，获取更多精彩视频】
[2016-12-08 14:53:08.507] [DEBUG] QQ空间 - 最好不要让小德牧跟二哈一起长大，后果不堪设想 这只德牧废了！【点击头像关注空间，获取更多精彩视频】
[2016-12-08 14:53:08.881] [DEBUG] QQ空间 - 主人把二哈的视频给德牧看，德牧的反应差点让人笑破肚皮！【点击头像关注空间，获取更多精彩视频】
[2016-12-08 14:53:09.243] [DEBUG] QQ空间 - 哈士奇自己在家狼叫听到主人开门，2哈亮了，可能经常被打吧【点击头像关注空间，获取更多精彩视频】
[2016-12-08 14:53:09.243] [DEBUG] QQ空间 - 10++++
[2016-12-08 14:53:09.596] [DEBUG] QQ空间 - 690 || 68++++++69
[2016-12-08 14:53:09.938] [DEBUG] QQ空间 - 奇葩主人居然跟二哈吵起来了，二哈一怒之下怒吞狗腿【点击头像关注空间，获取更多精彩视频】
[2016-12-08 14:53:10.562] [DEBUG] QQ空间 - 小宝宝冲着哈士奇大叫，接下来的一幕让所有人傻眼了【点击头像关注空间，获取更多精彩视频】
[2016-12-08 14:53:11.018] [DEBUG] QQ空间 - 宝宝们不会游泳，最后连狗狗都看不下去了，跳下去教他们.....狗狗教宝宝们如何游泳，画面太和谐了~【点击头像关注空间，获取更多精彩视频】
[2016-12-08 14:53:11.439] [DEBUG] QQ空间 - 没有女票咋了！暗恋我的人多！只是我不给那些女粉丝机会！【点击头像关注空间，获取更多精彩视频】
[2016-12-08 14:53:11.914] [DEBUG] QQ空间 - 狗狗在家正嗨，忽然听到主人回来的声音，接下来狗狗的反应绝了啊。【点击头像关注空间，获取更多精彩视频】
[2016-12-08 14:53:12.254] [DEBUG] QQ空间 - 宠物猫咪和搞笑宝宝的相处，温馨又搞笑，已惊呆。【点击头像关注空间，获取更多精彩视频】
[2016-12-08 14:53:12.676] [DEBUG] QQ空间 - 主人，你不陪我玩，我恨你，哼！不陪我玩，恨你【点击头像关注空间，获取更多精彩视频】
[2016-12-08 14:53:13.026] [DEBUG] QQ空间 - 主人太偏心你怎么能因为金毛漂亮，就先把球扔给他呢，边牧不服气【点击头像关注空间，获取更多精彩视频】
[2016-12-08 14:53:13.356] [DEBUG] QQ空间 - 只要有吃的，就会眼睛不转盯着吃的，二哈你这个吃货【点击头像关注空间，获取更多精彩视频】
[2016-12-08 14:53:13.723] [DEBUG] QQ空间 - 家里狗狗经常失踪，等主人找到它后，忍不住流泪了【点击头像关注空间，获取更多精彩视频】
[2016-12-08 14:53:13.723] [DEBUG] QQ空间 - 10++++
[2016-12-08 14:53:14.095] [DEBUG] QQ空间 - 700 || 69++++++70
[2016-12-08 14:53:14.413] [DEBUG] QQ空间 - 狗狗搞笑篇，不管笑点高低，遇见它们注定开心一夏。【点击头像关注空间，获取更多精彩视频】
[2016-12-08 14:53:14.770] [DEBUG] QQ空间 - 聪明小狗会买菜，不找零钱绝不走，主持人最后这一句话也有内涵。【点击头像关注空间，获取更多精彩视频】
[2016-12-08 14:53:15.133] [DEBUG] QQ空间 - 穷主人想骑自行车，狗狗去公园抢了一辆，物主找过来的时候狗狗.【点击头像关注空间，获取更多精彩视频】
[2016-12-08 14:53:15.499] [DEBUG] QQ空间 - 主人正准备离开，狗狗不停地叫，把主人带到一个地方，奇迹发生了.【点击头像关注空间，获取更多精彩视频】
[2016-12-08 14:53:15.935] [DEBUG] QQ空间 - 一只抱着粑粑手的萨摩耶小狗狗，太可爱，太可爱了！【点击头像关注空间，获取更多精彩视频】

[2016-12-08 14:53:16.319] [DEBUG] QQ空间 - 主人带二哈去看喷泉，没有想到这二货居然用屁屁去堵喷口【点击头像关注空间，获取更多精彩视频】

[2016-12-08 14:53:16.676] [DEBUG] QQ空间 - 狗狗走丢商场，满眼委屈，当看到小主人的那一刻泪崩【点击头像关注空间，获取更多精彩视频】
[2016-12-08 14:53:17.240] [DEBUG] QQ空间 - 狗狗吃饭被打搅，被逼急了，说出了人话【点击头像关注空间，获取更多精彩视频】
[2016-12-08 14:53:17.660] [DEBUG] QQ空间 - 当主人带回一直小鸡之后，哈士奇的表现让人刮目相看【点击头像关注空间，获取更多精彩视频】
[2016-12-08 14:53:18.002] [DEBUG] QQ空间 - 当你觉得自己很拉风，生活却给你当头一棒！【点击头像关注空间，获取更多精彩视频】
[2016-12-08 14:53:18.002] [DEBUG] QQ空间 - 10++++
[2016-12-08 14:53:18.329] [DEBUG] QQ空间 - 710 || 70++++++71
[2016-12-08 14:53:18.742] [DEBUG] QQ空间 - 女主人假装打男主人，家里的汪星人暴怒：你再敢动他试试！【点击头像关注空间，获取更多精彩视频】

[2016-12-08 14:53:19.124] [DEBUG] QQ空间 - 笑惨了，一个赖上主人纤纤玉手的小博美【点击头像关注空间，获取更多精彩视频】

[2016-12-08 14:53:19.499] [DEBUG] QQ空间 - 萨摩，你跟一个二哈较什么劲呢？你们都属于傻类的【点击头像关注空间，获取更多精彩视频】

[2016-12-08 14:53:19.860] [DEBUG] QQ空间 - 崽崽给大家弹钢琴《小星星》，聪明呆萌钢琴小神狗，主人很欣慰啊【点击头像关注空间，获取更多精彩视频】
[2016-12-08 14:53:20.238] [DEBUG] QQ空间 - 我竟然以为是毛绒玩具！要不要这么可爱！【点击头像关注空间，获取更多精彩视频】

[2016-12-08 14:53:20.616] [DEBUG] QQ空间 - 彩虹慕斯，感谢我的生命中有你们的存， 当礼物送给父母。【点击头像关注空间，获取更多精彩视频】
[2016-12-08 14:53:21.030] [DEBUG] QQ空间 - 小仓鼠趴在自己的小床上不肯睡觉，主人抚摸才才睡，真是太萌了！【点击头像关注空间，获取更多精彩视频】
[2016-12-08 14:53:21.366] [DEBUG] QQ空间 - 和小猫们一起睡觉的狗狗，醒来后怕吵醒小猫而一直保持不动！【点击头像关注空间，获取更多精彩视频】
[2016-12-08 14:53:21.773] [DEBUG] QQ空间 - 主人出门把小狗丢给猫咪照顾，猫咪的眼神欲哭无泪啊！感觉喵星人内心是崩溃的。【点击头像关注空间，获取更多精彩视频】
[2016-12-08 14:53:22.128] [DEBUG] QQ空间 - 猫咪被咬疼后迅速转身，看到是宝宝后做出了搞笑的举动，看我回击。【点击头像关注空间，获取更多精彩视频】
[2016-12-08 14:53:22.128] [DEBUG] QQ空间 - 10++++
[2016-12-08 14:53:22.483] [DEBUG] QQ空间 - 720 || 71++++++72
[2016-12-08 14:53:22.862] [DEBUG] QQ空间 - 女主人刚走，家里的猫和狗就打起来了，结果中途主人回来····【点击头像关注空间，获取更多精彩视频】
[2016-12-08 14:53:23.254] [DEBUG] QQ空间 - 狗狗机场接主人，当它见到多年未见的女主人之后，狗狗众人泪奔！它什么都知道，它就是不会说话。【点击头像关注空间，获取更多精彩视频】
[2016-12-08 14:53:23.608] [DEBUG] QQ空间 - 桌子上有碗面条，被小泰迪发现，这味道馋死汪了，主人快喂我【点击头像关注空间，获取更多精彩视频】
[2016-12-08 14:53:23.942] [DEBUG] QQ空间 - 主人追究地上知是谁扔的，小泰迪自行避让，这锅我可不背【点击头像关注空间，获取更多精彩视频】
[2016-12-08 14:53:24.313] [DEBUG] QQ空间 - 主人忙着打游戏没空搭理泰迪，狗狗就趴在手臂上睡着了【点击头像关注空间，获取更多精彩视频】
[2016-12-08 14:53:24.661] [DEBUG] QQ空间 - 主人我知道你不爱看镜头，可你拿我当挡箭牌使，你觉得合适吗？【点击头像关注空间，获取更多精彩视频】
[2016-12-08 14:53:25.047] [DEBUG] QQ空间 - 主人吃饭又不带我，那我就这么一直看着你，看到你羞愧为止【点击头像关注空间，获取更多精彩视频】
[2016-12-08 14:53:25.429] [DEBUG] QQ空间 - 真会享受！边牧躺在地上，主人亲自给他按摩，舒服得不想起来【点击头像关注空间，获取更多精彩视频】
[2016-12-08 14:53:25.802] [DEBUG] QQ空间 - 小萌汪懒癌发作，到哪儿都喜欢趴着，主人你就别管我了【点击头像关注空间，获取更多精彩视频】
[2016-12-08 14:53:26.160] [DEBUG] QQ空间 - 心机小泰迪，原本以为他听主人话好心跑过来，没想到转身又不见了【点击头像关注空间，获取更多精彩视频】
[2016-12-08 14:53:26.176] [DEBUG] QQ空间 - 10++++
[2016-12-08 14:53:26.515] [DEBUG] QQ空间 - 730 || 72++++++73
[2016-12-08 14:53:26.845] [DEBUG] QQ空间 - 主人公布晚点出门，狗狗表示很不满！【点击头像关注空间，获取更多精彩视频】
[2016-12-08 14:53:27.239] [DEBUG] QQ空间 - 一只狗狗不满自己的毛被剃，愤怒的站着跟主人理论【点击头像关注空间，获取更多精彩视频】
[2016-12-08 14:53:27.608] [DEBUG] QQ空间 - 主人为狗狗剪毛发，小眼睛闭紧怕剪到自己，实在是太萌了【点击头像关注空间，获取更多精彩视频】
[2016-12-08 14:53:27.978] [DEBUG] QQ空间 - 这次主人被打，热心小萌汪竟然没有护主，铲屎官懵逼了【点击头像关注空间，获取更多精彩视频】
[2016-12-08 14:53:28.301] [DEBUG] QQ空间 - 主人追究地上知是谁扔的，小泰迪自行避让，这锅我可不背【点击头像关注空间，获取更多精彩视频】
[2016-12-08 14:53:28.661] [DEBUG] QQ空间 - 主人忙着打游戏没空搭理泰迪，狗狗就趴在手臂上睡着了，萌哭我【点击头像关注空间，获取更多精彩视频】
[2016-12-08 14:53:28.970] [DEBUG] QQ空间 - 心疼主人总是被她老婆打，铲屎的如果没有我护着你，你该怎么办啊【点击头像关注空间，获取更多精彩视频】
[2016-12-08 14:53:29.302] [DEBUG] QQ空间 - 小柯基也是个舞蹈家哦，豆包别挡镜头，崽崽要跳舞啦【点击头像关注空间，获取更多精彩视频】
[2016-12-08 14:53:29.659] [DEBUG] QQ空间 - 小萌汪被主人抱起，不然早跑外面去了，让铲屎官老操心了【点击头像关注空间，获取更多精彩视频】
[2016-12-08 14:53:30.046] [DEBUG] QQ空间 - 小萌汪跟主人撒娇卖萌，想到外面去玩，结果失败趴椅子上不开心【点击头像关注空间，获取更多精彩视频】
[2016-12-08 14:53:30.062] [DEBUG] QQ空间 - 10++++
[2016-12-08 14:53:30.462] [DEBUG] QQ空间 - 740 || 73++++++74
[2016-12-08 14:53:30.893] [DEBUG] QQ空间 - 主人好啰嗦啊，为了早餐，金毛和小伙伴还是乖乖地听完主人的介绍【点击头像关注空间，获取更多精彩视频】
[2016-12-08 14:53:31.239] [DEBUG] QQ空间 - 小金毛听到主人教训小主人，马上做出反应，太好玩啦。【点击头像关注空间，获取更多精彩视频】
[2016-12-08 14:53:31.593] [DEBUG] QQ空间 - 小宝宝爬到巨大的狗狗面前，下一秒狗狗的举动暖到了我.【点击头像关注空间，获取更多精彩视频】
[2016-12-08 14:53:31.999] [DEBUG] QQ空间 - 主人安排喵星人盯着打印机，不料它被吓得一个劲地跳机械舞。【点击头像关注空间，获取更多精彩视频】
[2016-12-08 14:53:32.408] [DEBUG] QQ空间 - 主人无意间发现，家里的两条狗狗教小宝宝爬行，画面满满都是爱！【点击头像关注空间，获取更多精彩视频】
[2016-12-08 14:53:32.785] [DEBUG] QQ空间 - 女主人被劫 导盲犬站了出来：仅仅2分钟的视频，我却被感动哭了.【点击头像关注空间，获取更多精彩视频】
[2016-12-08 14:53:33.192] [DEBUG] QQ空间 - 小狗狗听到主人说自己太丑不要自己后，狗狗的惊到我了。【点击头像关注空间，获取更多精彩视频】
[2016-12-08 14:53:33.621] [DEBUG] QQ空间 - 绿色的竹林里， 坐着一对可爱的小美汪 ，娘儿俩相依为命。【点击头像关注空间，获取更多精彩视频】
[2016-12-08 14:53:33.991] [DEBUG] QQ空间 - 你陪我长大，我陪你变老，好有爱的画面啊。【点击头像关注空间，获取更多精彩视频】

[2016-12-08 14:53:34.345] [DEBUG] QQ空间 - 你们小声点，不要吵着汪老大了！看它呼噜打得多香。【点击头像关注空间，获取更多精彩视频】

[2016-12-08 14:53:34.345] [DEBUG] QQ空间 - 10++++
[2016-12-08 14:53:34.697] [DEBUG] QQ空间 - 750 || 74++++++75
[2016-12-08 14:53:35.050] [DEBUG] QQ空间 - 一条热爱滑板的酷猫，花式耍酷，人类你要和我来较量一场吗？【点击头像关注空间，获取更多精彩视频】
[2016-12-08 14:53:35.423] [DEBUG] QQ空间 - 看见主人过来，小萌汪也一脸不以为然的样子，朕很累了朕要睡觉【点击头像关注空间，获取更多精彩视频】
[2016-12-08 14:53:35.829] [DEBUG] QQ空间 - 呆萌泰迪跟主人玩耍，还不忘瞅着电视机不放，女主人会吃醋啦【点击头像关注空间，获取更多精彩视频】
[2016-12-08 14:53:36.258] [DEBUG] QQ空间 - 四只狗狗排队回家，懂得抬脚让主人擦，接下来还会等主人一起进屋【点击头像关注空间，获取更多精彩视频】

[2016-12-08 14:53:36.597] [DEBUG] QQ空间 - 家里的大狗狗会说话并且和主人聊了起来，这是要成精了！【点击头像关注空间，获取更多精彩视频】

[2016-12-08 14:53:37.015] [DEBUG] QQ空间 - 主人一说要吸烟，狗狗立马做出这个动作，成精了这汪【点击头像关注空间，获取更多精彩视频】

[2016-12-08 14:53:37.368] [DEBUG] QQ空间 - 主人训练泰迪犬，泰迪被调戏得发怒了，直接干起来了【点击头像关注空间，获取更多精彩视频】

[2016-12-08 14:53:37.770] [DEBUG] QQ空间 - 狗狗在家正嗨，忽然听到主人回来的声音，接下来狗狗的反应绝了啊【点击头像关注空间，获取更多精彩视频】

[2016-12-08 14:53:38.158] [DEBUG] QQ空间 - 有关泰迪犬的各种训练，朋友，你家的泰迪也是如此吗？【点击头像关注空间，获取更多精彩视频】
[2016-12-08 14:53:38.593] [DEBUG] QQ空间 - 主人第一次给小哈士奇宝宝洗澡，它居然一脸严肃想唬住主人！【点击头像关注空间，获取更多精彩视频】
[2016-12-08 14:53:38.609] [DEBUG] QQ空间 - 10++++
[2016-12-08 14:53:38.944] [DEBUG] QQ空间 - 760 || 75++++++76
[2016-12-08 14:53:39.336] [DEBUG] QQ空间 - 猫咪发现舔的不是自己的手，然后表情彻底让我凌乱了。【点击头像关注空间，获取更多精彩视频】
[2016-12-08 14:53:39.692] [DEBUG] QQ空间 - 【糖醋杏鲍菇】酸甜开胃菜，清凉一夏，美食来了。【点击头像关注空间，获取更多精彩视频】
[2016-12-08 14:53:40.071] [DEBUG] QQ空间 - 猫咪装死骗狗狗，真相大白后汪星人火大了！发誓”报仇“【点击头像关注空间，获取更多精彩视频】
[2016-12-08 14:53:40.525] [DEBUG] QQ空间 - 猫猫偷吃狗粮，被狗狗发现后竟然装死瞒过狗狗！简直就是影帝啊！【点击头像关注空间，获取更多精彩视频】
[2016-12-08 14:53:40.899] [DEBUG] QQ空间 - 懒羊羊,人家养宠物都是毛毛狗狗，看这位大侠，养的是····【点击头像关注空间，获取更多精彩视频】
[2016-12-08 14:53:41.264] [DEBUG] QQ空间 - 柯基，哥紋的不是刺青，哥紋的是.... 招牌（弱）【点击头像关注空间，获取更多精彩视频】
[2016-12-08 14:53:41.655] [DEBUG] QQ空间 - 果然是食肉动物！哈士奇大口大口的吃着活鸡，味道真好 【点击头像关注空间，获取更多精彩视频】
[2016-12-08 14:53:42.004] [DEBUG] QQ空间 - 听见外面有狗声，大边牧就一直门外看，弄得小伙伴一脸幽怨的看着
[2016-12-08 14:53:42.396] [DEBUG] QQ空间 - 狗狗最爱玩具出场，没想到玩起来这么疯，玩具耳朵都差点咬掉了【点击头像关注空间，获取更多精彩视频】
[2016-12-08 14:53:42.746] [DEBUG] QQ空间 -  宝宝们的夏天so happy ，我的世界因为有了你，没有风也摇摆。【点击头像关注空间，获取更多精彩视频】
[2016-12-08 14:53:42.762] [DEBUG] QQ空间 - 10++++
[2016-12-08 14:53:43.126] [DEBUG] QQ空间 - 770 || 76++++++77
[2016-12-08 14:53:43.538] [DEBUG] QQ空间 - 每个狗狗都有颗想当网红的心，它也不例外，看这阵势。【点击头像关注空间，获取更多精彩视频】
[2016-12-08 14:53:43.958] [DEBUG] QQ空间 - 我是一只穿金戴银的土豪猴，大王叫我来巡山，我把人间转一转。【点击头像关注空间，获取更多精彩视频】
[2016-12-08 14:53:44.317] [DEBUG] QQ空间 - 我家的长毛兔兔，不爱待在笼子里，老喜欢看看外面的世界，外面的世界很精彩！【点击头像关注空间，获取更多精彩视频】
[2016-12-08 14:53:44.889] [DEBUG] QQ空间 - 狗狗睡的正香，突然小主拉臭臭，狗狗的反应让主人大笑！【点击头像关注空间，获取更多精彩视频】
[2016-12-08 14:53:45.271] [DEBUG] QQ空间 - 小泰迪淡定如山，一脸茫然得看着博美乱吃醋，简直要抓狂的样子。【点击头像关注空间，获取更多精彩视频】
[2016-12-08 14:53:45.565] [DEBUG] QQ空间 - 下午晒太阳，突然跑来一只四个月大的小比熊，引来了玩伴。【点击头像关注空间，获取更多精彩视频】
[2016-12-08 14:53:45.946] [DEBUG] QQ空间 - 这家主人不寻常，养的一堆宠物，个个不一般。【点击头像关注空间，获取更多精彩视频】
[2016-12-08 14:53:46.369] [DEBUG] QQ空间 - 军人妈回家了！13年年终相聚，老金毛又哭又笑好心酸。【点击头像关注空间，获取更多精彩视频】
[2016-12-08 14:53:46.739] [DEBUG] QQ空间 - 吃到鼻子上了，慢慢舔吧，有没有注意到旁边有一只更可爱的【点击头像关注空间，获取更多精彩视频】
[2016-12-08 14:53:47.124] [DEBUG] QQ空间 - 看我们可爱的泰迪，大眼睛圆脸，小鼻子小耳朵小短腿！【点击头像关注空间，获取更多精彩视频】
[2016-12-08 14:53:47.144] [DEBUG] QQ空间 - 10++++
[2016-12-08 14:53:47.500] [DEBUG] QQ空间 - 780 || 77++++++78
[2016-12-08 14:53:47.880] [DEBUG] QQ空间 - 这是一只奔跑的动物，姑且将它认为长毛兔，哈哈。。。【点击头像关注空间，获取更多精彩视频】
[2016-12-08 14:53:48.177] [DEBUG] QQ空间 - 你们真的不是猴子请来的逗比吗。
[2016-12-08 14:53:48.520] [DEBUG] QQ空间 - 给宠物泰迪拍美美的照，看吧，每个pose摆的都很棒哦。【点击头像关注空间，获取更多精彩视频】
[2016-12-08 14:53:48.896] [DEBUG] QQ空间 - 宠物在路上，看着这画面听着歌，有种淡淡的忧伤啊。【点击头像关注空间，获取更多精彩视频】
[2016-12-08 14:53:49.254] [DEBUG] QQ空间 - 不争气的萨摩耶，遇到路人吃饭，直接上前要，主人好丢面啊【点击头像关注空间，获取更多精彩视频】
[2016-12-08 14:53:49.624] [DEBUG] QQ空间 - 戴上头套第三天带它出来玩各种撞，各种办法，主人比它还受伤【点击头像关注空间，获取更多精彩视频】
[2016-12-08 14:53:50.062] [DEBUG] QQ空间 - 吃货的本性难移啊！看到吃的口水都掉下来了，吓死宝宝了【点击头像关注空间，获取更多精彩视频】
[2016-12-08 14:53:50.427] [DEBUG] QQ空间 - 闹闹摘邻居家的小柿子，不管围栏的阻隔，就是想偷吃。【点击头像关注空间，获取更多精彩视频】
[2016-12-08 14:53:51.062] [DEBUG] QQ空间 - 小阿拉斯加想要亲吻萨摩耶姐姐，可爱的雪橇二傻了【点击头像关注空间，获取更多精彩视频】
[2016-12-08 14:53:51.484] [DEBUG] QQ空间 - 小泰迪生宝宝，见证奇迹的时刻，到了【点击头像关注空间，获取更多精彩视频】
[2016-12-08 14:53:51.500] [DEBUG] QQ空间 - 10++++
[2016-12-08 14:53:51.860] [DEBUG] QQ空间 - 790 || 78++++++79
[2016-12-08 14:53:52.254] [DEBUG] QQ空间 - 哈士奇的天敌竟然是小萝莉，它是典型的高冷男神，看起来严肃正经，实则是个逗比。【点击头像关注空间，获取更多精彩视频】
[2016-12-08 14:53:52.593] [DEBUG] QQ空间 - 至尊宝沐浴，这里有只不爱洗澡的小猴子，好不情愿啊。【点击头像关注空间，获取更多精彩视频】
[2016-12-08 14:53:53.018] [DEBUG] QQ空间 - 趁狗狗睡着修剪皮皮，不料柯基醒来后大怒！其实也没真咬啦，只是表达一下愤怒而已，狗真咬起来可不会只扯裤子这么简单。【点击头像关注空间，获取更多精彩视频】
[2016-12-08 14:53:53.398] [DEBUG] QQ空间 - 小金毛听到主人教训小主人 ，马上做出反应， 太好玩啦。金毛：哎哎有话好说别动手啊，哎！怎么还抄家伙了，放下放下，哎，手别指着他，他还小不懂事，哎，怎么又拿起来了，哎，我作为家里的一份子，维护家庭和谐我容易吗我，哎，你怎么又抄起家伙了，放下！【点击头像关注空间，获取更多精彩视频】
[2016-12-08 14:53:53.742] [DEBUG] QQ空间 - 小奶汪趴在主人身上睡觉，竟然把主人手指头当成奶嘴，实在萌爆啦。【点击头像关注空间，获取更多精彩视频】
[2016-12-08 14:53:54.143] [DEBUG] QQ空间 - 兔兔举重，太可爱了，兔子和兔子之间还是有差别的。【点击头像关注空间，获取更多精彩视频】
[2016-12-08 14:53:54.574] [DEBUG] QQ空间 - 仿佛看见失恋买醉的自己，狗狗怎么可以这么听话，搞笑【点击头像关注空间，获取更多精彩视频】
[2016-12-08 14:53:54.988] [DEBUG] QQ空间 - 五只泰迪狗狗跳绳……这是怎么练得啊，也太聪明了吧！喜欢它的朋友们都出来冒个泡儿吧。【点击头像关注空间，获取更多精彩视频】
[2016-12-08 14:53:55.407] [DEBUG] QQ空间 - 哈士奇以为主人带它出去，回头发现主人在玩手机上去一巴掌.哈士奇怒了 这个小眼神哈哈哈【点击头像关注空间，获取更多精彩视频】
[2016-12-08 14:53:55.739] [DEBUG] QQ空间 - 萌炸天！金毛为得到礼物拼命的讨好主人，节操碎了一地。【点击头像关注空间，获取更多精彩视频】
[2016-12-08 14:53:55.755] [DEBUG] QQ空间 - 10++++
[2016-12-08 14:53:56.150] [DEBUG] QQ空间 - 800 || 79++++++80
[2016-12-08 14:53:56.499] [DEBUG] QQ空间 - 大汪表示，虽然我长得比较大但是我颜值高啊，不要不喜欢我啊.【点击头像关注空间，获取更多精彩视频
[2016-12-08 14:53:56.860] [DEBUG] QQ空间 - 主人一说出去买吃的，狗狗就立马跑去拿钱，真是成精了！【点击头像关注空间，获取更多精彩视频】
[2016-12-08 14:53:57.329] [DEBUG] QQ空间 - 萨摩吃醋金毛跟别的小伙伴玩，不搭理自己，狗狗间的友谊我们不懂。【点击头像关注空间，获取更多精彩视频】
[2016-12-08 14:53:57.707] [DEBUG] QQ空间 - 猫宁，一颗赖床的白团团，你确定这是一只猫吗？【点击头像关注空间，获取更多精彩视频】
[2016-12-08 14:53:58.051] [DEBUG] QQ空间 - 【那些让人讨厌的秀恩爱方式】掐指一算七夕就是今天了，小宠陪单身狗过七夕，顺便今天男神来给say say那些让人讨厌的秀恩爱方式【点击头像关注空间，获取更多精彩视频】
[2016-12-08 14:53:58.447] [DEBUG] QQ空间 - 超级聪明的狗狗，可以训练成警犬了，超级腻害哎！有喜欢的亲吗？【点击头像关注空间，获取更多精彩视频】
[2016-12-08 14:53:58.770] [DEBUG] QQ空间 - 萌宠来袭，注意到跑过去打酱油的小白兔滴，举手【】}点击头像关注空间，获取更多精彩视频】
[2016-12-08 14:53:59.191] [DEBUG] QQ空间 -  一位目击者告诉我们 这只狗狗，被人从30英尺的桥上扔到水沟里，断了一只腿【点击头像关注空间，获取更多精彩视频】
[2016-12-08 14:53:59.577] [DEBUG] QQ空间 - 阿拉斯加装死赖在床上不下去，活脱脱一个逗比，求主人的心里阴影面积！【点击头像关注空间，获取更多精彩视频】
[2016-12-08 14:53:59.989] [DEBUG] QQ空间 - 豆豆 “姐姐我美吗？”臭屁的豆豆 #宠物##宠物狗狗##汪星人【点击头像关注空间，获取更多精彩视频】
[2016-12-08 14:53:59.989] [DEBUG] QQ空间 - 10++++
[2016-12-08 14:54:00.301] [DEBUG] QQ空间 - 810 || 80++++++81
[2016-12-08 14:54:00.660] [DEBUG] QQ空间 - 宠物泰迪，四个乖宝贝排队喝水～就是后面等着的那个好焦急嗷嗷【点击头像关注空间，获取更多精彩视频】
[2016-12-08 14:54:01.052] [DEBUG] QQ空间 - 豆豆 “臣妾做不到”……#宠物##宠物狗狗##汪星人这姿态【点击头像关注空间，获取更多精彩视频】
[2016-12-08 14:54:01.409] [DEBUG] QQ空间 - 我觉得它身上有一股奶香味，很想把它塞进鼻孔好好闻一下，你要不也来试试【点击头像关注空间，获取更多精彩视频】
[2016-12-08 14:54:01.770] [DEBUG] QQ空间 - 妈妈抱回一只小泰迪，丫头看到后生气了【点击头像关注空间，获取更多精彩视频】
[2016-12-08 14:54:02.124] [DEBUG] QQ空间 - 我的宠物兔子好妩媚，萌萌哒，萌死我啦
[2016-12-08 14:54:02.550] [DEBUG] QQ空间 - 小柯基下楼梯太搞笑了【点击头像关注空间，获取更多精彩视频】
[2016-12-08 14:54:02.938] [DEBUG] QQ空间 - 因倒不出来狗粮，狗狗只能对着罐子伤心发呆，连主人都看不下去了【点击头像关注空间，获取更多精彩视频】
[2016-12-08 14:54:03.304] [DEBUG] QQ空间 - 萨摩插在金毛和拉布拉多之间，这可不行，我媳妇只能和我玩【点击头像关注空间，获取更多精彩视频】
[2016-12-08 14:54:03.649] [DEBUG] QQ空间 - 小奶汪竟然扒在公狗身上找奶喝，给你个眼神，感受一下边牧的无奈【点击头像关注空间，获取更多精彩视频】
[2016-12-08 14:54:04.030] [DEBUG] QQ空间 - 明明是只大型犬，撒娇起来连喵星人都不是对手，你最可爱行了吧 【点击头像关注空间，获取更多精彩视频】
[2016-12-08 14:54:04.030] [DEBUG] QQ空间 - 10++++
[2016-12-08 14:54:04.372] [DEBUG] QQ空间 - 820 || 81++++++82
[2016-12-08 14:54:04.823] [DEBUG] QQ空间 - 地震过后，主人来找小狗，见面的时候狗狗居然哭了【点击头像关注空间，获取更多精彩视频】
[2016-12-08 14:54:05.192] [DEBUG] QQ空间 - 狗狗欺负小宝宝，被主人发现后，接下来一幕笑翻了。【点击头像关注空间，获取更多精彩视频】
[2016-12-08 14:54:05.576] [DEBUG] QQ空间 - 她结婚的这天，给狗狗绑上了摄像头，记录了狗狗眼中一天的婚礼！【点击头像关注空间，获取更多精彩视频】

[2016-12-08 14:54:05.928] [DEBUG] QQ空间 - 烈焰红唇！实拍超萌兔子吃山莓，萌化了诶。【点击头像关注空间，获取更多精彩视频】

[2016-12-08 14:54:06.284] [DEBUG] QQ空间 - 主人没跟狗狗打招呼就走了，接下来狗狗的反应，真的是太可怜了！【点击头像关注空间，获取更多精彩视频】
[2016-12-08 14:54:06.632] [DEBUG] QQ空间 - 两个混世魔王在一起，整天刀光剑影的，后来才知道···【点击头像关注空间，获取更多精彩视频】
[2016-12-08 14:54:07.009] [DEBUG] QQ空间 - 金毛一口吞掉一碗面，把德牧吓坏乐！吃相太凶残！【点击头像关注空间，获取更多精彩视频】
[2016-12-08 14:54:07.365] [DEBUG] QQ空间 - 每次带它去洗完澡，阿拉斯加都开心的扑在我身上【点击头像关注空间，获取更多精彩视频】
[2016-12-08 14:54:07.784] [DEBUG] QQ空间 - 可爱泰迪为了主人，和他老婆杠上了，面目狰狞你怎么还打人啊【点击头像关注空间，获取更多精彩视频】
[2016-12-08 14:54:07.800] [DEBUG] QQ空间 - 9++++
[2016-12-08 14:54:08.207] [DEBUG] QQ空间 - 830 || 82++++++83
[2016-12-08 14:54:08.620] [DEBUG] QQ空间 - 一点都不配合的小妖精，其实嘴好馋，求求你了。【点击头像关注空间，获取更多精彩视频】
[2016-12-08 14:54:08.990] [DEBUG] QQ空间 - 主人让狗狗保护这个穿西装的人，当歹徒突然拿出刀的那一瞬间.【点击头像关注空间，获取更多精彩视频】
[2016-12-08 14:54:09.361] [DEBUG] QQ空间 - 史上最逗的猫咪视频，终于被我找到了，笑的我肚子疼！【点击头像关注空间，获取更多精彩视频】
[2016-12-08 14:54:09.738] [DEBUG] QQ空间 - 猫咪突然打了主人一下，主人正疑惑，下一秒它的动作把主人逗乐乐。【点击头像关注空间，获取更多精彩视频】
[2016-12-08 14:54:10.124] [DEBUG] QQ空间 - 萌到炸裂！女生看到都萌醉了，可爱到跟玩偶一样。【点击头像关注空间，获取更多精彩视频】
[2016-12-08 14:54:10.467] [DEBUG] QQ空间 - 她养了13只金毛，天天与宠物为伴！现在连洗澡都要......【点击头像关注空间，获取更多精彩视频】
[2016-12-08 14:54:10.864] [DEBUG] QQ空间 - 泰迪“可可”剪毛记，咔嚓咔嚓，怎么感觉越理越丑咧。【点击头像关注空间，获取更多精彩视频】
[2016-12-08 14:54:11.222] [DEBUG] QQ空间 - 四川大妈教训犯错泰迪犬，狗狗一脸懵逼站墙角，吓坏宝宝了。【点击头像关注空间，获取更多精彩视频】
[2016-12-08 14:54:11.608] [DEBUG] QQ空间 - 这只狗狗出价再高，女主人也不会卖！狗狗简直太牛了！【点击头像关注空间，获取更多精彩视频】
[2016-12-08 14:54:11.921] [DEBUG] QQ空间 - 鬼畜版《客官不可以》，这谁做的，彻底被洗脑了，真是有毒！点击头像关注空间，获取更多精彩内容。
[2016-12-08 14:54:11.925] [DEBUG] QQ空间 - 10++++
[2016-12-08 14:54:12.291] [DEBUG] QQ空间 - 840 || 83++++++84
[2016-12-08 14:54:12.707] [DEBUG] QQ空间 - 老鼠由内向外咬墙打洞，狗狗静静的守在墙外，老鼠露头后瞬间悲剧。【点击头像关注空间，获取更多精彩视频】
[2016-12-08 14:54:13.054] [DEBUG] QQ空间 - 主人服兵役和狗狗分开一年 重逢时爱犬一下失控了，看得人眼泪飚。【点击头像关注空间，获取更多精彩视频】
[2016-12-08 14:54:13.437] [DEBUG] QQ空间 - 超感人，狗狗失踪7个月后和主人相认，眼泪忍忍不住了，照顾好宠物。【点击头像关注空间，获取更多精彩视频】
[2016-12-08 14:54:13.801] [DEBUG] QQ空间 - 笼中的狗狗不翼而飞，恰巧监控拍下这神秘过程，主人看后脑袋懵了。【点击头像关注空间，获取更多精彩视频】
[2016-12-08 14:54:14.195] [DEBUG] QQ空间 - 小狗狗守护小主人睡觉，紧接着发生的一幕太萌了。【点击头像关注空间，获取更多精彩视频】
[2016-12-08 14:54:14.598] [DEBUG] QQ空间 - 狗狗吃饭被打搅，被逼急了，说出了人话。【点击头像关注空间，获取更多精彩视频】
[2016-12-08 14:54:15.003] [DEBUG] QQ空间 - 每看到小主人爬行时，几只巴哥小崽就会跟上去。【点击头像关注空间，获取更多精彩视频】
[2016-12-08 14:54:15.406] [DEBUG] QQ空间 - 宝宝抢了狗窝，狗狗的反应让人笑翻.【点击头像关注空间，获取更多精彩视频】
[2016-12-08 14:54:15.794] [DEBUG] QQ空间 - 不会说话的宝宝命令狗狗出去，太可爱最后直接干起来了！有狗狗陪伴的小孩不会太孤单。【点击头像关注空间，获取更多精彩视频】
[2016-12-08 14:54:16.175] [DEBUG] QQ空间 - 偷拍小王子碎觉被鄙视了，呼噜声感受一下，我是来催你们吃下午茶的。【点击头像关注空间，获取更多精彩视频】
[2016-12-08 14:54:16.175] [DEBUG] QQ空间 - 10++++
[2016-12-08 14:54:16.411] [DEBUG] QQ空间 - 850 || 84++++++85
[2016-12-08 14:54:16.784] [DEBUG] QQ空间 - 主人醉酒睡在路中间，狗狗的行为让人吃惊！【点击头像关注空间，获取更多精彩视频】
[2016-12-08 14:54:17.175] [DEBUG] QQ空间 - 可爱泰迪狗狗一说洗澡就装睡，哎呦，眼睛都睁不开了喂。【点击头像关注空间，获取更多精彩视频】
[2016-12-08 14:54:17.529] [DEBUG] QQ空间 - 这卫生打扫的没谁了，最后笑喷，有这么求夸奖的么。【点击头像关注空间，获取更多精彩视频】
[2016-12-08 14:54:17.865] [DEBUG] QQ空间 - 唯有美食不可负，为了零嘴，连朋友都做不了吗？【点击头像关注空间，获取更多精彩视频】
[2016-12-08 14:54:17.865] [DEBUG] QQ空间 - 4++++
[2016-12-08 14:54:18.029] [DEBUG] QQ空间 - 860 || 85++++++86
[2016-12-08 14:54:18.045] [DEBUG] QQ空间 - 已经没有数据
