[2016-12-02 16:31:43.315] [TRACE] 微博 - DealWith instantiation ...
[2016-12-02 16:31:43.322] [TRACE] 微博 - spiderCore instantiation ...
[2016-12-02 16:31:43.324] [TRACE] 微博 - 启动函数
[2016-12-02 16:31:43.360] [DEBUG] 微博 - 缓存队列数据库连接建立...成功
[2016-12-02 16:31:43.362] [DEBUG] 微博 - 任务信息数据库连接建立...成功
[2016-12-02 16:31:43.364] [DEBUG] 微博 - 创建数据库连接完毕
[2016-12-02 16:31:43.366] [INFO] 微博 - { id: '5305147245', name: '365美食家常菜谱', p: '26' }
[2016-12-02 16:31:44.156] [DEBUG] 微博 - 17-----35409
[2016-12-02 16:31:44.428] [DEBUG] 微博 - 今日头条 2140227493 加入缓存队列
[2016-12-02 16:31:45.352] [DEBUG] 微博 - 32-----35409
[2016-12-02 16:31:45.620] [DEBUG] 微博 - 48-----35409
[2016-12-02 16:31:45.880] [DEBUG] 微博 - 66-----35409
[2016-12-02 16:31:46.533] [DEBUG] 微博 - 今日头条 3779904962 加入缓存队列
[2016-12-02 16:31:47.266] [DEBUG] 微博 - 76-----35409
[2016-12-02 16:31:47.765] [DEBUG] 微博 - 86-----35409
[2016-12-02 16:31:48.565] [DEBUG] 微博 - 98-----35409
[2016-12-02 16:31:48.626] [DEBUG] 微博 - 今日头条 1268518877 加入缓存队列
[2016-12-02 16:31:49.280] [DEBUG] 微博 - 115-----35409
[2016-12-02 16:31:49.628] [DEBUG] 微博 - 今日头条 3463207204 加入缓存队列
[2016-12-02 16:31:49.812] [DEBUG] 微博 - 125-----35409
[2016-12-02 16:31:50.392] [DEBUG] 微博 - 今日头条 3779904962 加入缓存队列
[2016-12-02 16:31:50.829] [DEBUG] 微博 - 135-----35409
[2016-12-02 16:31:52.556] [DEBUG] 微博 - 145-----35409
[2016-12-02 16:31:52.926] [DEBUG] 微博 - 155-----35409
[2016-12-02 16:31:53.186] [DEBUG] 微博 - 今日头条 5101863971 加入缓存队列
[2016-12-02 16:31:54.643] [DEBUG] 微博 - 165-----35409
[2016-12-02 16:31:55.075] [DEBUG] 微博 - 175-----35409
[2016-12-02 16:31:55.308] [DEBUG] 微博 - 185-----35409
[2016-12-02 16:31:55.464] [DEBUG] 微博 - 195-----35409
[2016-12-02 16:31:55.757] [DEBUG] 微博 - 205-----35409
[2016-12-02 16:31:55.890] [DEBUG] 微博 - 今日头条 3099016097 加入缓存队列
[2016-12-02 16:31:57.884] [DEBUG] 微博 - 215-----35409
[2016-12-02 16:31:58.010] [DEBUG] 微博 - 今日头条 3266142652 加入缓存队列
[2016-12-02 16:31:58.181] [DEBUG] 微博 - 225-----35409
[2016-12-02 16:31:58.476] [DEBUG] 微博 - 235-----35409
[2016-12-02 16:31:58.785] [DEBUG] 微博 - 245-----35409
[2016-12-02 16:31:59.160] [DEBUG] 微博 - 255-----35409
[2016-12-02 16:31:59.478] [DEBUG] 微博 - 今日头条 3463207204 加入缓存队列
[2016-12-02 16:31:59.836] [DEBUG] 微博 - 265-----35409
[2016-12-02 16:32:00.009] [DEBUG] 微博 - 今日头条 2670125917 加入缓存队列
[2016-12-02 16:32:00.683] [DEBUG] 微博 - 275-----35409
[2016-12-02 16:32:00.944] [DEBUG] 微博 - 285-----35409
[2016-12-02 16:32:01.440] [DEBUG] 微博 - 295-----35409
[2016-12-02 16:32:01.823] [DEBUG] 微博 - 305-----35409
[2016-12-02 16:32:03.452] [DEBUG] 微博 - 315-----35409
[2016-12-02 16:32:04.028] [DEBUG] 微博 - 今日头条 5101863971 加入缓存队列
[2016-12-02 16:32:04.464] [DEBUG] 微博 - 325-----35409
[2016-12-02 16:32:04.597] [DEBUG] 微博 - 今日头条 1008169975 加入缓存队列
[2016-12-02 16:32:04.891] [DEBUG] 微博 - 335-----35409
[2016-12-02 16:32:05.146] [DEBUG] 微博 - 345-----35409
[2016-12-02 16:32:05.242] [DEBUG] 微博 - 今日头条 2697416452 加入缓存队列
[2016-12-02 16:32:05.533] [DEBUG] 微博 - 354-----35410
[2016-12-02 16:32:05.637] [DEBUG] 微博 - 今日头条 undefined 加入缓存队列
[2016-12-02 16:32:05.937] [DEBUG] 微博 - 364-----35410
[2016-12-02 16:32:06.191] [DEBUG] 微博 - 374-----35410
[2016-12-02 16:32:06.410] [DEBUG] 微博 - 今日头条 2140227493 加入缓存队列
[2016-12-02 16:32:06.718] [DEBUG] 微博 - 384-----35410
[2016-12-02 16:32:06.818] [DEBUG] 微博 - 今日头条 1231317854 加入缓存队列
[2016-12-02 16:32:07.395] [DEBUG] 微博 - 今日头条 5541345550 加入缓存队列
[2016-12-02 16:32:07.618] [DEBUG] 微博 - 394-----35410
[2016-12-02 16:32:07.838] [DEBUG] 微博 - 404-----35410
[2016-12-02 16:32:07.944] [DEBUG] 微博 - 今日头条 1644395354 加入缓存队列
[2016-12-02 16:32:08.038] [DEBUG] 微博 - 今日头条 5729126469 加入缓存队列
[2016-12-02 16:32:08.170] [DEBUG] 微博 - 今日头条 2140227493 加入缓存队列
