[2016-12-02 17:01:54.354] [TRACE] 微博 - DealWith instantiation ...
[2016-12-02 17:01:54.361] [TRACE] 微博 - spiderCore instantiation ...
[2016-12-02 17:01:54.363] [TRACE] 微博 - 启动函数
[2016-12-02 17:01:54.391] [DEBUG] 微博 - 任务信息数据库连接建立...成功
[2016-12-02 17:01:54.393] [DEBUG] 微博 - 缓存队列数据库连接建立...成功
[2016-12-02 17:01:54.396] [DEBUG] 微博 - 创建数据库连接完毕
[2016-12-02 17:01:54.398] [INFO] 微博 - { id: '5305147245', name: '365美食家常菜谱', p: '26' }
[2016-12-02 17:01:55.790] [DEBUG] 微博 - 11-26 10:00
[2016-12-02 17:01:58.126] [DEBUG] 微博 - 今天 14:00
[2016-12-02 17:01:59.637] [DEBUG] 微博 - 12-01 22:00
[2016-12-02 17:01:59.971] [DEBUG] 微博 - 12-01 14:00
[2016-12-02 17:02:00.695] [DEBUG] 微博 - 12-01 10:00
[2016-12-02 17:02:01.726] [DEBUG] 微博 - 11-30 22:00
[2016-12-02 17:02:04.117] [DEBUG] 微博 - 11-29 22:00
[2016-12-02 17:02:05.022] [DEBUG] 微博 - 11-29 15:00
[2016-12-02 17:02:06.482] [DEBUG] 微博 - 11-28 19:00
[2016-12-02 17:02:07.380] [DEBUG] 微博 - 11-28 13:41
[2016-12-02 17:02:09.332] [DEBUG] 微博 - 11-27 15:00
[2016-12-02 17:02:09.735] [DEBUG] 微博 - 11-27 10:00
[2016-12-02 17:02:10.476] [DEBUG] 微博 - 11-26 19:00
[2016-12-02 17:02:11.118] [DEBUG] 微博 - 11-26 09:30
[2016-12-02 17:02:11.621] [DEBUG] 微博 - 11-25 14:00
[2016-12-02 17:02:12.683] [DEBUG] 微博 - 11-24 20:00
[2016-12-02 17:02:12.799] [DEBUG] 微博 - 11-24 14:00
[2016-12-02 17:02:13.063] [DEBUG] 微博 - 11-23 20:00
[2016-12-02 17:02:15.375] [DEBUG] 微博 - 11-23 18:00
[2016-12-02 17:02:17.253] [DEBUG] 微博 - 11-22 10:00
