[2016-12-02 16:24:59.306] [TRACE] 微博 - DealWith instantiation ...
[2016-12-02 16:24:59.313] [TRACE] 微博 - spiderCore instantiation ...
[2016-12-02 16:24:59.314] [TRACE] 微博 - 启动函数
[2016-12-02 16:24:59.344] [DEBUG] 微博 - 任务信息数据库连接建立...成功
[2016-12-02 16:24:59.347] [DEBUG] 微博 - 缓存队列数据库连接建立...成功
[2016-12-02 16:24:59.349] [DEBUG] 微博 - 创建数据库连接完毕
[2016-12-02 16:24:59.350] [INFO] 微博 - { id: '5305147245', name: '365美食家常菜谱', p: '26' }
[2016-12-02 16:24:59.788] [DEBUG] 微博 - 1
[2016-12-02 16:24:59.924] [DEBUG] 微博 - 今日头条 2140227493 加入缓存队列
[2016-12-02 16:25:00.636] [DEBUG] 微博 - 4
[2016-12-02 16:25:00.831] [DEBUG] 微博 - 今日头条 3779904962 加入缓存队列
[2016-12-02 16:25:01.432] [DEBUG] 微博 - 7
[2016-12-02 16:25:01.504] [DEBUG] 微博 - 今日头条 1268518877 加入缓存队列
[2016-12-02 16:25:01.699] [DEBUG] 微博 - 9
[2016-12-02 16:25:01.917] [DEBUG] 微博 - 今日头条 3779904962 加入缓存队列
[2016-12-02 16:25:02.112] [DEBUG] 微博 - 11
[2016-12-02 16:25:02.693] [DEBUG] 微博 - 今日头条 5101863971 加入缓存队列
[2016-12-02 16:25:04.939] [DEBUG] 微博 - 17
[2016-12-02 16:25:05.043] [DEBUG] 微博 - 今日头条 3099016097 加入缓存队列
[2016-12-02 16:25:07.044] [DEBUG] 微博 - 22
[2016-12-02 16:25:07.170] [DEBUG] 微博 - 今日头条 3463207204 加入缓存队列
[2016-12-02 16:25:08.509] [DEBUG] 微博 - 27
[2016-12-02 16:25:08.814] [DEBUG] 微博 - 今日头条 5101863971 加入缓存队列
[2016-12-02 16:25:09.274] [DEBUG] 微博 - 30
[2016-12-02 16:25:09.409] [DEBUG] 微博 - 今日头条 2697416452 加入缓存队列
[2016-12-02 16:25:09.796] [DEBUG] 微博 - 32
[2016-12-02 16:25:09.949] [DEBUG] 微博 - 今日头条 undefined 加入缓存队列
[2016-12-02 16:25:10.613] [DEBUG] 微博 - 35
[2016-12-02 16:25:10.681] [DEBUG] 微博 - 36
[2016-12-02 16:25:10.686] [DEBUG] 微博 - 今日头条 1231317854 加入缓存队列
[2016-12-02 16:25:10.816] [DEBUG] 微博 - 今日头条 5541345550 加入缓存队列
[2016-12-02 16:25:11.217] [DEBUG] 微博 - 38
[2016-12-02 16:25:11.295] [DEBUG] 微博 - 39
[2016-12-02 16:25:11.298] [DEBUG] 微博 - 今日头条 5971792547 加入缓存队列
[2016-12-02 16:25:11.608] [DEBUG] 微博 - 40
[2016-12-02 16:25:11.613] [DEBUG] 微博 - 今日头条 5879823459 加入缓存队列
[2016-12-02 16:25:11.674] [DEBUG] 微博 - 41
[2016-12-02 16:25:11.677] [DEBUG] 微博 - 今日头条 3779904962 加入缓存队列
[2016-12-02 16:25:13.303] [DEBUG] 微博 - 今日头条 3266142652 加入缓存队列
[2016-12-02 16:25:13.700] [DEBUG] 微博 - 43
[2016-12-02 16:25:13.783] [DEBUG] 微博 - 44
[2016-12-02 16:25:13.785] [DEBUG] 微博 - 今日头条 2063577765 加入缓存队列
[2016-12-02 16:25:13.860] [DEBUG] 微博 - 45
[2016-12-02 16:25:13.884] [DEBUG] 微博 - 今日头条 5465835912 加入缓存队列
[2016-12-02 16:25:13.959] [DEBUG] 微博 - 今日头条 5305147245 加入缓存队列
[2016-12-02 16:25:14.522] [DEBUG] 微博 - 47
[2016-12-02 16:25:14.638] [DEBUG] 微博 - 今日头条 2995631244 加入缓存队列
[2016-12-02 16:25:15.103] [DEBUG] 微博 - 49
[2016-12-02 16:25:15.168] [DEBUG] 微博 - 50
[2016-12-02 16:25:15.171] [DEBUG] 微博 - 今日头条 5305147245 加入缓存队列
[2016-12-02 16:25:15.568] [DEBUG] 微博 - 今日头条 2697416452 加入缓存队列
[2016-12-02 16:25:16.105] [DEBUG] 微博 - 52
[2016-12-02 16:25:16.199] [DEBUG] 微博 - 53
[2016-12-02 16:25:16.205] [DEBUG] 微博 - 今日头条 5101863971 加入缓存队列
[2016-12-02 16:25:16.273] [DEBUG] 微博 - 54
[2016-12-02 16:25:16.278] [DEBUG] 微博 - 今日头条 5741801557 加入缓存队列
[2016-12-02 16:25:16.455] [DEBUG] 微博 - 55
[2016-12-02 16:25:16.465] [DEBUG] 微博 - 今日头条 2617700277 加入缓存队列
[2016-12-02 16:25:18.096] [DEBUG] 微博 - 今日头条 5305147245 加入缓存队列
[2016-12-02 16:25:19.916] [DEBUG] 微博 - 57
[2016-12-02 16:25:20.245] [DEBUG] 微博 - 58
[2016-12-02 16:25:20.250] [DEBUG] 微博 - 今日头条 5686734198 加入缓存队列
[2016-12-02 16:25:20.649] [DEBUG] 微博 - 59
[2016-12-02 16:25:20.654] [DEBUG] 微博 - 今日头条 3900270312 加入缓存队列
[2016-12-02 16:25:20.731] [DEBUG] 微博 - 60
[2016-12-02 16:25:20.738] [DEBUG] 微博 - 今日头条 5722634120 加入缓存队列
[2016-12-02 16:25:20.891] [DEBUG] 微博 - 61
[2016-12-02 16:25:20.895] [DEBUG] 微博 - 今日头条 5305147245 加入缓存队列
[2016-12-02 16:25:20.973] [DEBUG] 微博 - 今日头条 5305147245 加入缓存队列
[2016-12-02 16:25:21.135] [DEBUG] 微博 - 63
[2016-12-02 16:25:21.215] [DEBUG] 微博 - 64
[2016-12-02 16:25:21.223] [DEBUG] 微博 - 今日头条 5896975985 加入缓存队列
[2016-12-02 16:25:21.602] [DEBUG] 微博 - 65
[2016-12-02 16:25:21.609] [DEBUG] 微博 - 今日头条 5305147245 加入缓存队列
[2016-12-02 16:25:21.678] [DEBUG] 微博 - 66
[2016-12-02 16:25:21.684] [DEBUG] 微博 - 今日头条 2694278853 加入缓存队列
[2016-12-02 16:25:21.840] [DEBUG] 微博 - 今日头条 5305147245 加入缓存队列
[2016-12-02 16:25:22.090] [DEBUG] 微博 - 68
[2016-12-02 16:25:22.177] [DEBUG] 微博 - 今日头条 5879823459 加入缓存队列
[2016-12-02 16:25:22.317] [DEBUG] 微博 - 70
[2016-12-02 16:25:24.424] [DEBUG] 微博 - 71
[2016-12-02 16:25:24.426] [DEBUG] 微博 - 今日头条 1749220481 加入缓存队列
[2016-12-02 16:25:24.593] [DEBUG] 微博 - 72
[2016-12-02 16:25:24.613] [DEBUG] 微博 - 今日头条 5305147245 加入缓存队列
[2016-12-02 16:25:25.918] [DEBUG] 微博 - 今日头条 1005570772 加入缓存队列
[2016-12-02 16:25:26.073] [DEBUG] 微博 - 74
[2016-12-02 16:25:26.359] [DEBUG] 微博 - 75
[2016-12-02 16:25:26.364] [DEBUG] 微博 - 今日头条 1871110130 加入缓存队列
[2016-12-02 16:25:26.508] [DEBUG] 微博 - 76
[2016-12-02 16:25:26.512] [DEBUG] 微博 - 今日头条 5305147245 加入缓存队列
[2016-12-02 16:25:26.616] [DEBUG] 微博 - 77
[2016-12-02 16:25:26.620] [DEBUG] 微博 - 今日头条 5893789485 加入缓存队列
[2016-12-02 16:25:26.962] [DEBUG] 微博 - 78
[2016-12-02 16:25:26.968] [DEBUG] 微博 - 今日头条 5971792547 加入缓存队列
[2016-12-02 16:25:27.068] [DEBUG] 微博 - 今日头条 5305147245 加入缓存队列
[2016-12-02 16:25:27.442] [DEBUG] 微博 - 80
[2016-12-02 16:25:27.964] [DEBUG] 微博 - 81
[2016-12-02 16:25:27.967] [DEBUG] 微博 - 今日头条 2451876495 加入缓存队列
