[2016-12-02 16:14:34.857] [TRACE] 微博 - DealWith instantiation ...
[2016-12-02 16:14:34.865] [TRACE] 微博 - spiderCore instantiation ...
[2016-12-02 16:14:34.868] [TRACE] 微博 - 启动函数
[2016-12-02 16:14:34.898] [DEBUG] 微博 - 任务信息数据库连接建立...成功
[2016-12-02 16:14:34.900] [DEBUG] 微博 - 缓存队列数据库连接建立...成功
[2016-12-02 16:14:34.902] [DEBUG] 微博 - 创建数据库连接完毕
[2016-12-02 16:14:34.904] [INFO] 微博 - { id: '5305147245', name: '365美食家常菜谱', p: '26' }
[2016-12-02 16:14:35.930] [DEBUG] 微博 - 0
[2016-12-02 16:14:35.935] [DEBUG] 微博 - 1
[2016-12-02 16:14:35.938] [DEBUG] 微博 - 2
[2016-12-02 16:14:35.940] [DEBUG] 微博 - 3
[2016-12-02 16:14:35.943] [DEBUG] 微博 - 4
[2016-12-02 16:14:35.946] [DEBUG] 微博 - 5
[2016-12-02 16:14:35.947] [DEBUG] 微博 - 6
[2016-12-02 16:14:35.950] [DEBUG] 微博 - 7
[2016-12-02 16:14:35.951] [DEBUG] 微博 - 8
[2016-12-02 16:14:35.954] [DEBUG] 微博 - 9
[2016-12-02 16:14:35.955] [DEBUG] 微博 - 10
[2016-12-02 16:14:35.966] [DEBUG] 微博 - 11
[2016-12-02 16:14:35.971] [DEBUG] 微博 - 12
[2016-12-02 16:14:35.972] [DEBUG] 微博 - 13
[2016-12-02 16:14:35.975] [DEBUG] 微博 - 14
[2016-12-02 16:14:35.976] [DEBUG] 微博 - 15
[2016-12-02 16:14:35.977] [DEBUG] 微博 - 16
[2016-12-02 16:14:35.980] [DEBUG] 微博 - 今日头条 2140227493 加入缓存队列
