[2017-01-06 14:57:55.176] [TRACE] 新蓝网 - DealWith instantiation ...
[2017-01-06 14:57:55.189] [TRACE] 新蓝网 - spiderCore instantiation ...
[2017-01-06 14:57:55.191] [TRACE] 新蓝网 - 启动函数
[2017-01-06 14:57:55.224] [DEBUG] 新蓝网 - 任务信息数据库连接建立...成功
[2017-01-06 14:57:55.227] [DEBUG] 新蓝网 - 缓存队列数据库连接建立...成功
[2017-01-06 14:57:55.230] [DEBUG] 新蓝网 - 创建数据库连接完毕
[2017-01-06 14:57:55.583] [DEBUG] 新蓝网 - 新蓝网 286423 加入缓存队列
[2017-01-06 14:57:55.703] [DEBUG] 新蓝网 - 新蓝网 286421 加入缓存队列
[2017-01-06 14:57:55.823] [DEBUG] 新蓝网 - 新蓝网 286420 加入缓存队列
[2017-01-06 14:57:55.955] [DEBUG] 新蓝网 - 新蓝网 286419 加入缓存队列
[2017-01-06 14:57:56.296] [DEBUG] 新蓝网 - 新蓝网 286418 加入缓存队列
[2017-01-06 14:57:56.416] [DEBUG] 新蓝网 - 新蓝网 286417 加入缓存队列
[2017-01-06 14:57:56.527] [DEBUG] 新蓝网 - 新蓝网 286416 加入缓存队列
[2017-01-06 14:57:56.666] [DEBUG] 新蓝网 - 新蓝网 286415 加入缓存队列
[2017-01-06 14:57:56.776] [DEBUG] 新蓝网 - 新蓝网 286414 加入缓存队列
[2017-01-06 14:57:56.894] [DEBUG] 新蓝网 - 新蓝网 286413 加入缓存队列
[2017-01-06 14:57:57.036] [DEBUG] 新蓝网 - 新蓝网 286412 加入缓存队列
[2017-01-06 14:57:57.168] [DEBUG] 新蓝网 - 新蓝网 286411 加入缓存队列
[2017-01-06 14:57:57.296] [DEBUG] 新蓝网 - 新蓝网 286410 加入缓存队列
[2017-01-06 14:57:57.415] [DEBUG] 新蓝网 - 新蓝网 286409 加入缓存队列
[2017-01-06 14:57:57.526] [DEBUG] 新蓝网 - 新蓝网 286408 加入缓存队列
[2017-01-06 14:57:57.649] [DEBUG] 新蓝网 - 新蓝网 286407 加入缓存队列
[2017-01-06 14:57:58.893] [DEBUG] 新蓝网 - 新蓝网 286406 加入缓存队列
[2017-01-06 14:57:59.035] [DEBUG] 新蓝网 - 新蓝网 280098 加入缓存队列
[2017-01-06 14:57:59.157] [DEBUG] 新蓝网 - 新蓝网 280097 加入缓存队列
[2017-01-06 14:57:59.537] [DEBUG] 新蓝网 - 新蓝网 280096 加入缓存队列
[2017-01-06 14:57:59.658] [DEBUG] 新蓝网 - 新蓝网 280095 加入缓存队列
[2017-01-06 14:57:59.785] [DEBUG] 新蓝网 - 新蓝网 280094 加入缓存队列
[2017-01-06 14:58:01.056] [DEBUG] 新蓝网 - 新蓝网 280093 加入缓存队列
[2017-01-06 14:58:01.199] [DEBUG] 新蓝网 - 新蓝网 279645 加入缓存队列
[2017-01-06 14:58:01.296] [DEBUG] 新蓝网 - 新蓝网 279644 加入缓存队列
[2017-01-06 14:58:01.421] [DEBUG] 新蓝网 - 新蓝网 279643 加入缓存队列
[2017-01-06 14:58:01.536] [DEBUG] 新蓝网 - 新蓝网 279642 加入缓存队列
[2017-01-06 14:58:01.680] [DEBUG] 新蓝网 - 新蓝网 279641 加入缓存队列
[2017-01-06 14:58:01.789] [DEBUG] 新蓝网 - 新蓝网 279640 加入缓存队列
[2017-01-06 14:58:01.925] [DEBUG] 新蓝网 - 新蓝网 279639 加入缓存队列
[2017-01-06 14:58:02.047] [DEBUG] 新蓝网 - 新蓝网 279638 加入缓存队列
[2017-01-06 14:58:02.183] [DEBUG] 新蓝网 - 新蓝网 279637 加入缓存队列
[2017-01-06 14:58:02.296] [DEBUG] 新蓝网 - 新蓝网 279636 加入缓存队列
[2017-01-06 14:58:02.423] [DEBUG] 新蓝网 - 新蓝网 279635 加入缓存队列
[2017-01-06 14:58:02.546] [DEBUG] 新蓝网 - 新蓝网 279634 加入缓存队列
[2017-01-06 14:58:03.632] [DEBUG] 新蓝网 - 新蓝网 279633 加入缓存队列
[2017-01-06 14:58:03.752] [DEBUG] 新蓝网 - 新蓝网 279632 加入缓存队列
[2017-01-06 14:58:03.884] [DEBUG] 新蓝网 - 新蓝网 279631 加入缓存队列
[2017-01-06 14:58:04.016] [DEBUG] 新蓝网 - 新蓝网 279630 加入缓存队列
[2017-01-06 14:58:04.129] [DEBUG] 新蓝网 - 新蓝网 279629 加入缓存队列
[2017-01-06 14:58:04.238] [DEBUG] 新蓝网 - 新蓝网 279628 加入缓存队列
[2017-01-06 14:58:04.345] [DEBUG] 新蓝网 - 新蓝网 276544 加入缓存队列
[2017-01-06 14:58:05.604] [DEBUG] 新蓝网 - 新蓝网 275530 加入缓存队列
[2017-01-06 14:58:05.717] [DEBUG] 新蓝网 - 新蓝网 275529 加入缓存队列
[2017-01-06 14:58:05.835] [DEBUG] 新蓝网 - 新蓝网 275528 加入缓存队列
[2017-01-06 14:58:05.947] [DEBUG] 新蓝网 - 新蓝网 275527 加入缓存队列
[2017-01-06 14:58:06.066] [DEBUG] 新蓝网 - 新蓝网 275526 加入缓存队列
[2017-01-06 14:58:06.190] [DEBUG] 新蓝网 - 新蓝网 275525 加入缓存队列
[2017-01-06 14:58:09.274] [DEBUG] 新蓝网 - 新蓝网 275524 加入缓存队列
[2017-01-06 14:58:10.546] [DEBUG] 新蓝网 - 新蓝网 275523 加入缓存队列
[2017-01-06 14:58:10.675] [DEBUG] 新蓝网 - 新蓝网 275522 加入缓存队列
[2017-01-06 14:58:10.785] [DEBUG] 新蓝网 - 新蓝网 275521 加入缓存队列
[2017-01-06 14:58:10.914] [DEBUG] 新蓝网 - 新蓝网 275520 加入缓存队列
[2017-01-06 14:58:11.036] [DEBUG] 新蓝网 - 新蓝网 275519 加入缓存队列
[2017-01-06 14:58:11.160] [DEBUG] 新蓝网 - 新蓝网 275518 加入缓存队列
[2017-01-06 14:58:11.265] [DEBUG] 新蓝网 - 新蓝网 275517 加入缓存队列
[2017-01-06 14:58:11.393] [DEBUG] 新蓝网 - 新蓝网 275516 加入缓存队列
[2017-01-06 14:58:12.870] [DEBUG] 新蓝网 - 新蓝网 272470 加入缓存队列
[2017-01-06 14:58:20.296] [DEBUG] 新蓝网 - 新蓝网 272469 加入缓存队列
[2017-01-06 14:58:20.411] [DEBUG] 新蓝网 - 新蓝网 272468 加入缓存队列
[2017-01-06 14:58:20.527] [DEBUG] 新蓝网 - 新蓝网 272467 加入缓存队列
[2017-01-06 14:58:21.383] [DEBUG] 新蓝网 - 新蓝网 272466 加入缓存队列
[2017-01-06 14:58:21.766] [DEBUG] 新蓝网 - 新蓝网 272465 加入缓存队列
[2017-01-06 14:58:21.897] [DEBUG] 新蓝网 - 新蓝网 272464 加入缓存队列
[2017-01-06 14:58:22.006] [DEBUG] 新蓝网 - 新蓝网 272463 加入缓存队列
[2017-01-06 14:58:22.121] [DEBUG] 新蓝网 - 新蓝网 272462 加入缓存队列
[2017-01-06 14:58:22.236] [DEBUG] 新蓝网 - 新蓝网 272461 加入缓存队列
[2017-01-06 14:58:22.346] [DEBUG] 新蓝网 - 新蓝网 272460 加入缓存队列
[2017-01-06 14:58:22.469] [DEBUG] 新蓝网 - 新蓝网 272459 加入缓存队列
[2017-01-06 14:58:22.597] [DEBUG] 新蓝网 - 新蓝网 272458 加入缓存队列
[2017-01-06 14:58:22.938] [DEBUG] 新蓝网 - 新蓝网 272457 加入缓存队列
[2017-01-06 14:58:23.047] [DEBUG] 新蓝网 - 新蓝网 272456 加入缓存队列
[2017-01-06 14:58:23.159] [DEBUG] 新蓝网 - 新蓝网 268834 加入缓存队列
[2017-01-06 14:58:23.282] [DEBUG] 新蓝网 - 新蓝网 268833 加入缓存队列
[2017-01-06 14:58:23.400] [DEBUG] 新蓝网 - 新蓝网 268832 加入缓存队列
[2017-01-06 14:58:23.512] [DEBUG] 新蓝网 - 新蓝网 268831 加入缓存队列
[2017-01-06 14:58:23.648] [DEBUG] 新蓝网 - 新蓝网 268830 加入缓存队列
[2017-01-06 14:58:23.769] [DEBUG] 新蓝网 - 新蓝网 268829 加入缓存队列
[2017-01-06 14:58:24.557] [DEBUG] 新蓝网 - 新蓝网 268828 加入缓存队列
[2017-01-06 14:58:24.680] [DEBUG] 新蓝网 - 新蓝网 268827 加入缓存队列
[2017-01-06 14:58:24.786] [DEBUG] 新蓝网 - 新蓝网 268826 加入缓存队列
[2017-01-06 14:58:25.132] [DEBUG] 新蓝网 - 新蓝网 268825 加入缓存队列
[2017-01-06 14:58:25.256] [DEBUG] 新蓝网 - 新蓝网 268824 加入缓存队列
[2017-01-06 14:58:25.381] [DEBUG] 新蓝网 - 新蓝网 268823 加入缓存队列
[2017-01-06 14:58:25.505] [DEBUG] 新蓝网 - 新蓝网 264818 加入缓存队列
[2017-01-06 14:58:25.627] [DEBUG] 新蓝网 - 新蓝网 264817 加入缓存队列
[2017-01-06 14:58:25.739] [DEBUG] 新蓝网 - 新蓝网 264816 加入缓存队列
[2017-01-06 14:58:25.846] [DEBUG] 新蓝网 - 新蓝网 264815 加入缓存队列
[2017-01-06 14:58:25.978] [DEBUG] 新蓝网 - 新蓝网 264814 加入缓存队列
[2017-01-06 14:58:26.115] [DEBUG] 新蓝网 - 新蓝网 264813 加入缓存队列
[2017-01-06 14:58:26.219] [DEBUG] 新蓝网 - 新蓝网 264810 加入缓存队列
[2017-01-06 14:58:26.346] [DEBUG] 新蓝网 - 新蓝网 264809 加入缓存队列
[2017-01-06 14:58:26.468] [DEBUG] 新蓝网 - 新蓝网 264808 加入缓存队列
[2017-01-06 14:58:26.580] [DEBUG] 新蓝网 - 新蓝网 264807 加入缓存队列
[2017-01-06 14:58:26.702] [DEBUG] 新蓝网 - 新蓝网 264806 加入缓存队列
[2017-01-06 14:58:26.816] [DEBUG] 新蓝网 - 新蓝网 264805 加入缓存队列
[2017-01-06 14:58:28.104] [DEBUG] 新蓝网 - 新蓝网 264804 加入缓存队列
[2017-01-06 14:58:28.237] [DEBUG] 新蓝网 - 新蓝网 262575 加入缓存队列
[2017-01-06 14:58:29.541] [DEBUG] 新蓝网 - 新蓝网 262574 加入缓存队列
[2017-01-06 14:58:29.666] [DEBUG] 新蓝网 - 新蓝网 262573 加入缓存队列
[2017-01-06 14:58:29.668] [DEBUG] 新蓝网 - 100
[2017-01-06 14:58:29.672] [DEBUG] 新蓝网 - undefined
[2017-01-06 14:58:29.674] [DEBUG] 新蓝网 - end
