[2017-01-06 14:53:08.772] [TRACE] 新蓝网 - DealWith instantiation ...
[2017-01-06 14:53:08.782] [TRACE] 新蓝网 - spiderCore instantiation ...
[2017-01-06 14:53:08.782] [TRACE] 新蓝网 - 启动函数
[2017-01-06 14:53:08.812] [DEBUG] 新蓝网 - 任务信息数据库连接建立...成功
[2017-01-06 14:53:08.822] [DEBUG] 新蓝网 - 缓存队列数据库连接建立...成功
[2017-01-06 14:53:08.822] [DEBUG] 新蓝网 - 创建数据库连接完毕
[2017-01-06 14:53:09.112] [DEBUG] 新蓝网 - 新蓝网 286423 加入缓存队列
[2017-01-06 14:53:09.438] [DEBUG] 新蓝网 - 新蓝网 286421 加入缓存队列
[2017-01-06 14:53:09.552] [DEBUG] 新蓝网 - 新蓝网 286420 加入缓存队列
[2017-01-06 14:53:09.726] [DEBUG] 新蓝网 - 新蓝网 286419 加入缓存队列
[2017-01-06 14:53:09.889] [DEBUG] 新蓝网 - 新蓝网 286418 加入缓存队列
[2017-01-06 14:53:10.011] [DEBUG] 新蓝网 - 新蓝网 286417 加入缓存队列
[2017-01-06 14:53:10.141] [DEBUG] 新蓝网 - 新蓝网 286416 加入缓存队列
[2017-01-06 14:53:10.272] [DEBUG] 新蓝网 - 新蓝网 286415 加入缓存队列
[2017-01-06 14:53:10.414] [DEBUG] 新蓝网 - 新蓝网 286414 加入缓存队列
[2017-01-06 14:53:10.567] [DEBUG] 新蓝网 - 新蓝网 286413 加入缓存队列
[2017-01-06 14:53:10.691] [DEBUG] 新蓝网 - 新蓝网 286412 加入缓存队列
[2017-01-06 14:53:12.172] [DEBUG] 新蓝网 - 新蓝网 286411 加入缓存队列
[2017-01-06 14:53:12.282] [DEBUG] 新蓝网 - 新蓝网 286410 加入缓存队列
[2017-01-06 14:53:12.433] [DEBUG] 新蓝网 - 新蓝网 286409 加入缓存队列
[2017-01-06 14:53:12.561] [DEBUG] 新蓝网 - 新蓝网 286408 加入缓存队列
[2017-01-06 14:53:12.682] [DEBUG] 新蓝网 - 新蓝网 286407 加入缓存队列
[2017-01-06 14:53:12.801] [DEBUG] 新蓝网 - 新蓝网 286406 加入缓存队列
[2017-01-06 14:53:12.933] [DEBUG] 新蓝网 - 新蓝网 280098 加入缓存队列
[2017-01-06 14:53:13.052] [DEBUG] 新蓝网 - 新蓝网 280097 加入缓存队列
[2017-01-06 14:53:13.182] [DEBUG] 新蓝网 - 新蓝网 280096 加入缓存队列
[2017-01-06 14:53:20.748] [DEBUG] 新蓝网 - 新蓝网 280095 加入缓存队列
[2017-01-06 14:53:20.882] [DEBUG] 新蓝网 - 新蓝网 280094 加入缓存队列
[2017-01-06 14:53:20.998] [DEBUG] 新蓝网 - 新蓝网 280093 加入缓存队列
[2017-01-06 14:53:21.113] [DEBUG] 新蓝网 - 新蓝网 279645 加入缓存队列
[2017-01-06 14:53:21.229] [DEBUG] 新蓝网 - 新蓝网 279644 加入缓存队列
[2017-01-06 14:53:21.557] [DEBUG] 新蓝网 - 新蓝网 279643 加入缓存队列
[2017-01-06 14:53:21.923] [DEBUG] 新蓝网 - 新蓝网 279642 加入缓存队列
[2017-01-06 14:53:22.033] [DEBUG] 新蓝网 - 新蓝网 279641 加入缓存队列
[2017-01-06 14:53:22.158] [DEBUG] 新蓝网 - 新蓝网 279640 加入缓存队列
[2017-01-06 14:53:23.650] [DEBUG] 新蓝网 - 新蓝网 279639 加入缓存队列
[2017-01-06 14:53:24.831] [DEBUG] 新蓝网 - 新蓝网 279638 加入缓存队列
[2017-01-06 14:53:25.008] [DEBUG] 新蓝网 - 新蓝网 279637 加入缓存队列
[2017-01-06 14:53:25.141] [DEBUG] 新蓝网 - 新蓝网 279636 加入缓存队列
[2017-01-06 14:53:25.448] [DEBUG] 新蓝网 - 新蓝网 279635 加入缓存队列
[2017-01-06 14:53:25.581] [DEBUG] 新蓝网 - 新蓝网 279634 加入缓存队列
[2017-01-06 14:53:25.693] [DEBUG] 新蓝网 - 新蓝网 279633 加入缓存队列
[2017-01-06 14:53:25.810] [DEBUG] 新蓝网 - 新蓝网 279632 加入缓存队列
[2017-01-06 14:53:25.914] [DEBUG] 新蓝网 - 新蓝网 279631 加入缓存队列
[2017-01-06 14:53:26.041] [DEBUG] 新蓝网 - 新蓝网 279630 加入缓存队列
[2017-01-06 14:53:26.151] [DEBUG] 新蓝网 - 新蓝网 279629 加入缓存队列
[2017-01-06 14:53:26.476] [DEBUG] 新蓝网 - 新蓝网 279628 加入缓存队列
[2017-01-06 14:53:26.648] [DEBUG] 新蓝网 - 新蓝网 276544 加入缓存队列
[2017-01-06 14:53:26.771] [DEBUG] 新蓝网 - 新蓝网 275530 加入缓存队列
[2017-01-06 14:53:26.875] [DEBUG] 新蓝网 - 新蓝网 275529 加入缓存队列
[2017-01-06 14:53:26.972] [DEBUG] 新蓝网 - 新蓝网 275528 加入缓存队列
[2017-01-06 14:53:27.106] [DEBUG] 新蓝网 - 新蓝网 275527 加入缓存队列
[2017-01-06 14:53:27.244] [DEBUG] 新蓝网 - 新蓝网 275526 加入缓存队列
[2017-01-06 14:53:27.367] [DEBUG] 新蓝网 - 新蓝网 275525 加入缓存队列
[2017-01-06 14:53:27.472] [DEBUG] 新蓝网 - 新蓝网 275524 加入缓存队列
[2017-01-06 14:53:27.831] [DEBUG] 新蓝网 - 新蓝网 275523 加入缓存队列
[2017-01-06 14:53:27.952] [DEBUG] 新蓝网 - 新蓝网 275522 加入缓存队列
[2017-01-06 14:53:28.074] [DEBUG] 新蓝网 - 新蓝网 275521 加入缓存队列
[2017-01-06 14:53:28.196] [DEBUG] 新蓝网 - 新蓝网 275520 加入缓存队列
[2017-01-06 14:53:28.321] [DEBUG] 新蓝网 - 新蓝网 275519 加入缓存队列
[2017-01-06 14:53:28.423] [DEBUG] 新蓝网 - 新蓝网 275518 加入缓存队列
[2017-01-06 14:53:28.541] [DEBUG] 新蓝网 - 新蓝网 275517 加入缓存队列
[2017-01-06 14:53:28.671] [DEBUG] 新蓝网 - 新蓝网 275516 加入缓存队列
[2017-01-06 14:53:28.781] [DEBUG] 新蓝网 - 新蓝网 272470 加入缓存队列
[2017-01-06 14:53:30.004] [DEBUG] 新蓝网 - 新蓝网 272469 加入缓存队列
[2017-01-06 14:53:30.122] [DEBUG] 新蓝网 - 新蓝网 272468 加入缓存队列
[2017-01-06 14:53:30.251] [DEBUG] 新蓝网 - 新蓝网 272467 加入缓存队列
[2017-01-06 14:53:30.437] [DEBUG] 新蓝网 - 新蓝网 272466 加入缓存队列
[2017-01-06 14:53:31.867] [DEBUG] 新蓝网 - 新蓝网 272465 加入缓存队列
[2017-01-06 14:53:31.972] [DEBUG] 新蓝网 - 新蓝网 272464 加入缓存队列
[2017-01-06 14:53:32.108] [DEBUG] 新蓝网 - 新蓝网 272463 加入缓存队列
[2017-01-06 14:53:32.224] [DEBUG] 新蓝网 - 新蓝网 272462 加入缓存队列
[2017-01-06 14:53:32.341] [DEBUG] 新蓝网 - 新蓝网 272461 加入缓存队列
[2017-01-06 14:53:32.463] [DEBUG] 新蓝网 - 新蓝网 272460 加入缓存队列
[2017-01-06 14:53:32.580] [DEBUG] 新蓝网 - 新蓝网 272459 加入缓存队列
[2017-01-06 14:53:33.793] [DEBUG] 新蓝网 - 新蓝网 272458 加入缓存队列
[2017-01-06 14:53:33.918] [DEBUG] 新蓝网 - 新蓝网 272457 加入缓存队列
[2017-01-06 14:53:34.042] [DEBUG] 新蓝网 - 新蓝网 272456 加入缓存队列
[2017-01-06 14:53:34.173] [DEBUG] 新蓝网 - 新蓝网 268834 加入缓存队列
[2017-01-06 14:53:34.301] [DEBUG] 新蓝网 - 新蓝网 268833 加入缓存队列
[2017-01-06 14:53:34.420] [DEBUG] 新蓝网 - 新蓝网 268832 加入缓存队列
[2017-01-06 14:53:34.542] [DEBUG] 新蓝网 - 新蓝网 268831 加入缓存队列
[2017-01-06 14:53:35.811] [DEBUG] 新蓝网 - 新蓝网 268830 加入缓存队列
[2017-01-06 14:53:35.930] [DEBUG] 新蓝网 - 新蓝网 268829 加入缓存队列
[2017-01-06 14:53:36.043] [DEBUG] 新蓝网 - 新蓝网 268828 加入缓存队列
[2017-01-06 14:53:36.167] [DEBUG] 新蓝网 - 新蓝网 268827 加入缓存队列
[2017-01-06 14:53:36.293] [DEBUG] 新蓝网 - 新蓝网 268826 加入缓存队列
[2017-01-06 14:53:36.401] [DEBUG] 新蓝网 - 新蓝网 268825 加入缓存队列
[2017-01-06 14:53:36.516] [DEBUG] 新蓝网 - 新蓝网 268824 加入缓存队列
[2017-01-06 14:53:36.631] [DEBUG] 新蓝网 - 新蓝网 268823 加入缓存队列
[2017-01-06 14:53:36.741] [DEBUG] 新蓝网 - 新蓝网 264818 加入缓存队列
[2017-01-06 14:53:37.062] [DEBUG] 新蓝网 - 新蓝网 264817 加入缓存队列
[2017-01-06 14:53:37.206] [DEBUG] 新蓝网 - 新蓝网 264816 加入缓存队列
[2017-01-06 14:53:37.331] [DEBUG] 新蓝网 - 新蓝网 264815 加入缓存队列
[2017-01-06 14:53:37.453] [DEBUG] 新蓝网 - 新蓝网 264814 加入缓存队列
[2017-01-06 14:53:37.562] [DEBUG] 新蓝网 - 新蓝网 264813 加入缓存队列
[2017-01-06 14:53:37.691] [DEBUG] 新蓝网 - 新蓝网 264810 加入缓存队列
[2017-01-06 14:53:38.011] [DEBUG] 新蓝网 - 新蓝网 264809 加入缓存队列
[2017-01-06 14:53:38.134] [DEBUG] 新蓝网 - 新蓝网 264808 加入缓存队列
[2017-01-06 14:53:38.433] [DEBUG] 新蓝网 - 新蓝网 264807 加入缓存队列
[2017-01-06 14:53:38.562] [DEBUG] 新蓝网 - 新蓝网 264806 加入缓存队列
[2017-01-06 14:53:38.697] [DEBUG] 新蓝网 - 新蓝网 264805 加入缓存队列
[2017-01-06 14:53:38.821] [DEBUG] 新蓝网 - 新蓝网 264804 加入缓存队列
[2017-01-06 14:53:38.984] [DEBUG] 新蓝网 - 新蓝网 262575 加入缓存队列
[2017-01-06 14:53:40.260] [DEBUG] 新蓝网 - 新蓝网 262574 加入缓存队列
[2017-01-06 14:53:40.588] [DEBUG] 新蓝网 - 新蓝网 262573 加入缓存队列
[2017-01-06 14:53:40.591] [DEBUG] 新蓝网 - 100
[2017-01-06 14:53:40.596] [DEBUG] 新蓝网 - undefined
[2017-01-06 14:53:40.597] [DEBUG] 新蓝网 - end
