[2017-01-05 20:42:18.424] [TRACE] 新蓝网 - DealWith instantiation ...
[2017-01-05 20:42:18.434] [TRACE] 新蓝网 - spiderCore instantiation ...
[2017-01-05 20:42:18.434] [TRACE] 新蓝网 - 启动函数
[2017-01-05 20:42:18.474] [DEBUG] 新蓝网 - 任务信息数据库连接建立...成功
[2017-01-05 20:42:18.474] [DEBUG] 新蓝网 - 缓存队列数据库连接建立...成功
[2017-01-05 20:42:18.474] [DEBUG] 新蓝网 - 创建数据库连接完毕
[2017-01-05 20:42:18.724] [DEBUG] 新蓝网 - 9
[2017-01-05 20:42:18.732] [DEBUG] 新蓝网 - 新蓝网 144916 加入缓存队列
[2017-01-05 20:42:18.846] [DEBUG] 新蓝网 - 2
[2017-01-05 20:42:18.852] [DEBUG] 新蓝网 - 新蓝网 144917 加入缓存队列
[2017-01-05 20:42:18.952] [DEBUG] 新蓝网 - 7
[2017-01-05 20:42:18.952] [DEBUG] 新蓝网 - 新蓝网 144918 加入缓存队列
[2017-01-05 20:42:19.056] [DEBUG] 新蓝网 - 2
[2017-01-05 20:42:19.066] [DEBUG] 新蓝网 - 新蓝网 144923 加入缓存队列
[2017-01-05 20:42:19.223] [DEBUG] 新蓝网 - 4
[2017-01-05 20:42:19.234] [DEBUG] 新蓝网 - 新蓝网 144946 加入缓存队列
[2017-01-05 20:42:19.341] [DEBUG] 新蓝网 - 4
[2017-01-05 20:42:19.347] [DEBUG] 新蓝网 - 新蓝网 144947 加入缓存队列
[2017-01-05 20:42:19.442] [DEBUG] 新蓝网 - 4
[2017-01-05 20:42:19.452] [DEBUG] 新蓝网 - 新蓝网 144948 加入缓存队列
[2017-01-05 20:42:19.550] [DEBUG] 新蓝网 - 2
[2017-01-05 20:42:19.550] [DEBUG] 新蓝网 - 新蓝网 144949 加入缓存队列
[2017-01-05 20:42:19.660] [DEBUG] 新蓝网 - 4
[2017-01-05 20:42:19.666] [DEBUG] 新蓝网 - 新蓝网 144950 加入缓存队列
