[2017-01-05 20:42:49.721] [TRACE] 新蓝网 - DealWith instantiation ...
[2017-01-05 20:42:49.733] [TRACE] 新蓝网 - spiderCore instantiation ...
[2017-01-05 20:42:49.734] [TRACE] 新蓝网 - 启动函数
[2017-01-05 20:42:49.763] [DEBUG] 新蓝网 - 任务信息数据库连接建立...成功
[2017-01-05 20:42:49.768] [DEBUG] 新蓝网 - 缓存队列数据库连接建立...成功
[2017-01-05 20:42:49.770] [DEBUG] 新蓝网 - 创建数据库连接完毕
[2017-01-05 20:42:49.982] [DEBUG] 新蓝网 - 9
[2017-01-05 20:42:49.992] [DEBUG] 新蓝网 - 新蓝网 144916 加入缓存队列
[2017-01-05 20:42:50.097] [DEBUG] 新蓝网 - 2
[2017-01-05 20:42:50.115] [DEBUG] 新蓝网 - 新蓝网 144917 加入缓存队列
[2017-01-05 20:42:50.220] [DEBUG] 新蓝网 - 7
[2017-01-05 20:42:50.228] [DEBUG] 新蓝网 - 新蓝网 144918 加入缓存队列
[2017-01-05 20:42:50.353] [DEBUG] 新蓝网 - 2
[2017-01-05 20:42:50.362] [DEBUG] 新蓝网 - 新蓝网 144923 加入缓存队列
[2017-01-05 20:42:50.462] [DEBUG] 新蓝网 - 4
[2017-01-05 20:42:50.472] [DEBUG] 新蓝网 - 新蓝网 144946 加入缓存队列
[2017-01-05 20:42:50.579] [DEBUG] 新蓝网 - 4
[2017-01-05 20:42:50.589] [DEBUG] 新蓝网 - 新蓝网 144947 加入缓存队列
[2017-01-05 20:42:50.694] [DEBUG] 新蓝网 - 4
[2017-01-05 20:42:50.701] [DEBUG] 新蓝网 - 新蓝网 144948 加入缓存队列
[2017-01-05 20:42:50.810] [DEBUG] 新蓝网 - 2
[2017-01-05 20:42:50.819] [DEBUG] 新蓝网 - 新蓝网 144949 加入缓存队列
[2017-01-05 20:42:50.922] [DEBUG] 新蓝网 - 4
[2017-01-05 20:42:50.932] [DEBUG] 新蓝网 - 新蓝网 144950 加入缓存队列
