[2017-01-05 20:48:30.315] [TRACE] 新蓝网 - DealWith instantiation ...
[2017-01-05 20:48:30.326] [TRACE] 新蓝网 - spiderCore instantiation ...
[2017-01-05 20:48:30.328] [TRACE] 新蓝网 - 启动函数
[2017-01-05 20:48:30.362] [DEBUG] 新蓝网 - 任务信息数据库连接建立...成功
[2017-01-05 20:48:30.365] [DEBUG] 新蓝网 - 缓存队列数据库连接建立...成功
[2017-01-05 20:48:30.367] [DEBUG] 新蓝网 - 创建数据库连接完毕
[2017-01-05 20:48:30.628] [DEBUG] 新蓝网 - { result: '200', total: 0, data: [], rule: 0, authData: [] }
[2017-01-05 20:48:30.655] [DEBUG] 新蓝网 - 9
[2017-01-05 20:48:30.664] [DEBUG] 新蓝网 - 新蓝网 144916 加入缓存队列
[2017-01-05 20:48:30.758] [DEBUG] 新蓝网 - { result: '200', total: 0, data: [], rule: 0, authData: [] }
[2017-01-05 20:48:30.770] [DEBUG] 新蓝网 - 2
[2017-01-05 20:48:30.778] [DEBUG] 新蓝网 - 新蓝网 144917 加入缓存队列
[2017-01-05 20:48:30.862] [DEBUG] 新蓝网 - { result: '200', total: 0, data: [], rule: 0, authData: [] }
[2017-01-05 20:48:30.887] [DEBUG] 新蓝网 - 7
[2017-01-05 20:48:30.898] [DEBUG] 新蓝网 - 新蓝网 144918 加入缓存队列
[2017-01-05 20:48:30.980] [DEBUG] 新蓝网 - { result: '200', total: 0, data: [], rule: 0, authData: [] }
[2017-01-05 20:48:31.000] [DEBUG] 新蓝网 - 2
[2017-01-05 20:48:31.010] [DEBUG] 新蓝网 - 新蓝网 144923 加入缓存队列
[2017-01-05 20:48:31.124] [DEBUG] 新蓝网 - { result: '200', total: 0, data: [], rule: 0, authData: [] }
[2017-01-05 20:48:31.147] [DEBUG] 新蓝网 - 4
[2017-01-05 20:48:31.155] [DEBUG] 新蓝网 - 新蓝网 144946 加入缓存队列
[2017-01-05 20:48:31.228] [DEBUG] 新蓝网 - { result: '200', total: 0, data: [], rule: 0, authData: [] }
[2017-01-05 20:48:31.264] [DEBUG] 新蓝网 - 4
[2017-01-05 20:48:31.271] [DEBUG] 新蓝网 - 新蓝网 144947 加入缓存队列
[2017-01-05 20:48:31.349] [DEBUG] 新蓝网 - { result: '200', total: 0, data: [], rule: 0, authData: [] }
[2017-01-05 20:48:31.370] [DEBUG] 新蓝网 - 4
[2017-01-05 20:48:31.378] [DEBUG] 新蓝网 - 新蓝网 144948 加入缓存队列
[2017-01-05 20:48:31.449] [DEBUG] 新蓝网 - { result: '200', total: 0, data: [], rule: 0, authData: [] }
[2017-01-05 20:48:31.469] [DEBUG] 新蓝网 - 2
[2017-01-05 20:48:31.479] [DEBUG] 新蓝网 - 新蓝网 144949 加入缓存队列
