[2017-01-06 14:54:04.782] [TRACE] 新蓝网 - DealWith instantiation ...
[2017-01-06 14:54:04.792] [TRACE] 新蓝网 - spiderCore instantiation ...
[2017-01-06 14:54:04.802] [TRACE] 新蓝网 - 启动函数
[2017-01-06 14:54:04.832] [DEBUG] 新蓝网 - 任务信息数据库连接建立...成功
[2017-01-06 14:54:04.832] [DEBUG] 新蓝网 - 缓存队列数据库连接建立...成功
[2017-01-06 14:54:04.832] [DEBUG] 新蓝网 - 创建数据库连接完毕
[2017-01-06 14:54:05.124] [DEBUG] 新蓝网 - 新蓝网 144916 加入缓存队列
[2017-01-06 14:54:05.236] [DEBUG] 新蓝网 - 新蓝网 144917 加入缓存队列
[2017-01-06 14:54:05.567] [DEBUG] 新蓝网 - 新蓝网 144918 加入缓存队列
[2017-01-06 14:54:05.685] [DEBUG] 新蓝网 - 新蓝网 144923 加入缓存队列
[2017-01-06 14:54:05.806] [DEBUG] 新蓝网 - 新蓝网 144946 加入缓存队列
[2017-01-06 14:54:05.927] [DEBUG] 新蓝网 - 新蓝网 144947 加入缓存队列
[2017-01-06 14:54:06.052] [DEBUG] 新蓝网 - 新蓝网 144948 加入缓存队列
[2017-01-06 14:54:06.174] [DEBUG] 新蓝网 - 新蓝网 144949 加入缓存队列
[2017-01-06 14:54:06.295] [DEBUG] 新蓝网 - 新蓝网 144950 加入缓存队列
[2017-01-06 14:54:06.621] [DEBUG] 新蓝网 - 新蓝网 144951 加入缓存队列
[2017-01-06 14:54:06.734] [DEBUG] 新蓝网 - 新蓝网 145376 加入缓存队列
[2017-01-06 14:54:08.417] [DEBUG] 新蓝网 - 新蓝网 145377 加入缓存队列
[2017-01-06 14:54:09.509] [DEBUG] 新蓝网 - 新蓝网 145379 加入缓存队列
[2017-01-06 14:54:09.621] [DEBUG] 新蓝网 - 新蓝网 145380 加入缓存队列
[2017-01-06 14:54:09.741] [DEBUG] 新蓝网 - 新蓝网 145799 加入缓存队列
[2017-01-06 14:54:09.862] [DEBUG] 新蓝网 - 新蓝网 145800 加入缓存队列
[2017-01-06 14:54:09.973] [DEBUG] 新蓝网 - 新蓝网 147048 加入缓存队列
[2017-01-06 14:54:10.079] [DEBUG] 新蓝网 - 新蓝网 147049 加入缓存队列
[2017-01-06 14:54:10.209] [DEBUG] 新蓝网 - 新蓝网 147050 加入缓存队列
[2017-01-06 14:54:10.330] [DEBUG] 新蓝网 - 新蓝网 147051 加入缓存队列
[2017-01-06 14:54:11.642] [DEBUG] 新蓝网 - 新蓝网 147593 加入缓存队列
[2017-01-06 14:54:11.762] [DEBUG] 新蓝网 - 新蓝网 147594 加入缓存队列
[2017-01-06 14:54:11.885] [DEBUG] 新蓝网 - 新蓝网 147653 加入缓存队列
[2017-01-06 14:54:11.993] [DEBUG] 新蓝网 - 新蓝网 147654 加入缓存队列
[2017-01-06 14:54:12.102] [DEBUG] 新蓝网 - 新蓝网 148071 加入缓存队列
[2017-01-06 14:54:13.386] [DEBUG] 新蓝网 - 新蓝网 148072 加入缓存队列
[2017-01-06 14:54:20.303] [DEBUG] 新蓝网 - 新蓝网 148535 加入缓存队列
[2017-01-06 14:54:20.417] [DEBUG] 新蓝网 - 新蓝网 148536 加入缓存队列
[2017-01-06 14:54:20.773] [DEBUG] 新蓝网 - 新蓝网 149002 加入缓存队列
[2017-01-06 14:54:20.890] [DEBUG] 新蓝网 - 新蓝网 149003 加入缓存队列
[2017-01-06 14:54:21.004] [DEBUG] 新蓝网 - 新蓝网 149004 加入缓存队列
[2017-01-06 14:54:21.131] [DEBUG] 新蓝网 - 新蓝网 149006 加入缓存队列
[2017-01-06 14:54:21.251] [DEBUG] 新蓝网 - 新蓝网 150073 加入缓存队列
[2017-01-06 14:54:21.357] [DEBUG] 新蓝网 - 新蓝网 150076 加入缓存队列
[2017-01-06 14:54:21.471] [DEBUG] 新蓝网 - 新蓝网 154112 加入缓存队列
[2017-01-06 14:54:21.583] [DEBUG] 新蓝网 - 新蓝网 163491 加入缓存队列
[2017-01-06 14:54:22.859] [DEBUG] 新蓝网 - 新蓝网 165718 加入缓存队列
[2017-01-06 14:54:22.973] [DEBUG] 新蓝网 - 新蓝网 175258 加入缓存队列
[2017-01-06 14:54:23.291] [DEBUG] 新蓝网 - 新蓝网 184398 加入缓存队列
[2017-01-06 14:54:23.418] [DEBUG] 新蓝网 - 新蓝网 184409 加入缓存队列
[2017-01-06 14:54:23.532] [DEBUG] 新蓝网 - 新蓝网 184410 加入缓存队列
[2017-01-06 14:54:23.532] [DEBUG] 新蓝网 - 41
[2017-01-06 14:54:23.542] [DEBUG] 新蓝网 - undefined
[2017-01-06 14:54:23.552] [DEBUG] 新蓝网 - end
