[2017-01-05 20:40:33.227] [TRACE] 新蓝网 - DealWith instantiation ...
[2017-01-05 20:40:33.238] [TRACE] 新蓝网 - spiderCore instantiation ...
[2017-01-05 20:40:33.239] [TRACE] 新蓝网 - 启动函数
[2017-01-05 20:40:33.271] [DEBUG] 新蓝网 - 任务信息数据库连接建立...成功
[2017-01-05 20:40:33.273] [DEBUG] 新蓝网 - 缓存队列数据库连接建立...成功
[2017-01-05 20:40:33.274] [DEBUG] 新蓝网 - 创建数据库连接完毕
[2017-01-05 20:40:33.501] [DEBUG] 新蓝网 - { alertMessage: '服务异常，请稍候再试', state: 1 }
[2017-01-05 20:40:33.537] [DEBUG] 新蓝网 - undefined
[2017-01-05 20:40:33.547] [DEBUG] 新蓝网 - 新蓝网 144916 加入缓存队列
[2017-01-05 20:40:33.626] [DEBUG] 新蓝网 - { alertMessage: '服务异常，请稍候再试', state: 1 }
[2017-01-05 20:40:33.649] [DEBUG] 新蓝网 - undefined
[2017-01-05 20:40:33.655] [DEBUG] 新蓝网 - 新蓝网 144917 加入缓存队列
[2017-01-05 20:40:33.747] [DEBUG] 新蓝网 - { alertMessage: '服务异常，请稍候再试', state: 1 }
[2017-01-05 20:40:33.771] [DEBUG] 新蓝网 - undefined
[2017-01-05 20:40:33.782] [DEBUG] 新蓝网 - 新蓝网 144918 加入缓存队列
[2017-01-05 20:40:33.875] [DEBUG] 新蓝网 - { alertMessage: '服务异常，请稍候再试', state: 1 }
[2017-01-05 20:40:33.922] [DEBUG] 新蓝网 - undefined
[2017-01-05 20:40:33.932] [DEBUG] 新蓝网 - 新蓝网 144923 加入缓存队列
[2017-01-05 20:40:34.016] [DEBUG] 新蓝网 - { alertMessage: '服务异常，请稍候再试', state: 1 }
[2017-01-05 20:40:34.056] [DEBUG] 新蓝网 - undefined
[2017-01-05 20:40:34.066] [DEBUG] 新蓝网 - 新蓝网 144946 加入缓存队列
[2017-01-05 20:40:34.133] [DEBUG] 新蓝网 - { alertMessage: '服务异常，请稍候再试', state: 1 }
[2017-01-05 20:40:34.165] [DEBUG] 新蓝网 - undefined
[2017-01-05 20:40:34.171] [DEBUG] 新蓝网 - 新蓝网 144947 加入缓存队列
[2017-01-05 20:40:34.252] [DEBUG] 新蓝网 - { alertMessage: '服务异常，请稍候再试', state: 1 }
[2017-01-05 20:40:34.290] [DEBUG] 新蓝网 - undefined
[2017-01-05 20:40:34.299] [DEBUG] 新蓝网 - 新蓝网 144948 加入缓存队列
