[2017-01-05 18:20:02.889] [TRACE] 新蓝网 - DealWith instantiation ...
[2017-01-05 18:20:02.909] [TRACE] 新蓝网 - spiderCore instantiation ...
[2017-01-05 18:20:02.909] [TRACE] 新蓝网 - 启动函数
[2017-01-05 18:20:02.942] [DEBUG] 新蓝网 - 任务信息数据库连接建立...成功
[2017-01-05 18:20:02.946] [DEBUG] 新蓝网 - 缓存队列数据库连接建立...成功
[2017-01-05 18:20:02.947] [DEBUG] 新蓝网 - 创建数据库连接完毕
[2017-01-05 18:20:03.070] [DEBUG] 新蓝网 - http://proxy.app.cztv.com/getCommentList.do?videoId=184410&page=1&pageSize=20
[2017-01-06 14:43:42.173] [TRACE] 新蓝网 - DealWith instantiation ...
[2017-01-06 14:43:42.183] [TRACE] 新蓝网 - spiderCore instantiation ...
[2017-01-06 14:43:42.185] [TRACE] 新蓝网 - 启动函数
[2017-01-06 14:43:42.216] [DEBUG] 新蓝网 - 任务信息数据库连接建立...成功
[2017-01-06 14:43:42.218] [DEBUG] 新蓝网 - 缓存队列数据库连接建立...成功
[2017-01-06 14:43:42.220] [DEBUG] 新蓝网 - 创建数据库连接完毕
[2017-01-06 14:43:42.544] [DEBUG] 新蓝网 - 新蓝网 286423 加入缓存队列
[2017-01-06 14:43:42.668] [DEBUG] 新蓝网 - 新蓝网 286421 加入缓存队列
[2017-01-06 14:43:42.791] [DEBUG] 新蓝网 - 新蓝网 286420 加入缓存队列
[2017-01-06 14:43:42.910] [DEBUG] 新蓝网 - 新蓝网 286419 加入缓存队列
[2017-01-06 14:43:43.036] [DEBUG] 新蓝网 - 新蓝网 286418 加入缓存队列
[2017-01-06 14:43:43.168] [DEBUG] 新蓝网 - 新蓝网 286417 加入缓存队列
[2017-01-06 14:43:43.281] [DEBUG] 新蓝网 - 新蓝网 286416 加入缓存队列
[2017-01-06 14:43:43.407] [DEBUG] 新蓝网 - 新蓝网 286415 加入缓存队列
[2017-01-06 14:43:43.514] [DEBUG] 新蓝网 - 新蓝网 286414 加入缓存队列
[2017-01-06 14:43:43.856] [DEBUG] 新蓝网 - 新蓝网 286413 加入缓存队列
[2017-01-06 14:43:43.973] [DEBUG] 新蓝网 - 新蓝网 286412 加入缓存队列
[2017-01-06 14:43:44.086] [DEBUG] 新蓝网 - 新蓝网 286411 加入缓存队列
[2017-01-06 14:43:44.205] [DEBUG] 新蓝网 - 新蓝网 286410 加入缓存队列
[2017-01-06 14:43:48.014] [DEBUG] 新蓝网 - 新蓝网 286409 加入缓存队列
[2017-01-06 14:43:48.145] [DEBUG] 新蓝网 - 新蓝网 286408 加入缓存队列
[2017-01-06 14:43:49.291] [DEBUG] 新蓝网 - 新蓝网 286407 加入缓存队列
[2017-01-06 14:43:49.413] [DEBUG] 新蓝网 - 新蓝网 286406 加入缓存队列
[2017-01-06 14:43:49.534] [DEBUG] 新蓝网 - 新蓝网 280098 加入缓存队列
[2017-01-06 14:43:49.647] [DEBUG] 新蓝网 - 新蓝网 280097 加入缓存队列
[2017-01-06 14:43:49.761] [DEBUG] 新蓝网 - 新蓝网 280096 加入缓存队列
[2017-01-06 14:43:49.884] [DEBUG] 新蓝网 - 新蓝网 280095 加入缓存队列
[2017-01-06 14:43:50.005] [DEBUG] 新蓝网 - 新蓝网 280094 加入缓存队列
[2017-01-06 14:43:50.123] [DEBUG] 新蓝网 - 新蓝网 280093 加入缓存队列
[2017-01-06 14:43:50.251] [DEBUG] 新蓝网 - 新蓝网 279645 加入缓存队列
[2017-01-06 14:43:51.536] [DEBUG] 新蓝网 - 新蓝网 279644 加入缓存队列
[2017-01-06 14:43:51.661] [DEBUG] 新蓝网 - 新蓝网 279643 加入缓存队列
[2017-01-06 14:43:51.771] [DEBUG] 新蓝网 - 新蓝网 279642 加入缓存队列
[2017-01-06 14:43:51.897] [DEBUG] 新蓝网 - 新蓝网 279641 加入缓存队列
[2017-01-06 14:43:52.022] [DEBUG] 新蓝网 - 新蓝网 279640 加入缓存队列
[2017-01-06 14:43:52.350] [DEBUG] 新蓝网 - 新蓝网 279639 加入缓存队列
[2017-01-06 14:43:52.473] [DEBUG] 新蓝网 - 新蓝网 279638 加入缓存队列
[2017-01-06 14:43:52.605] [DEBUG] 新蓝网 - 新蓝网 279637 加入缓存队列
[2017-01-06 14:43:52.727] [DEBUG] 新蓝网 - 新蓝网 279636 加入缓存队列
[2017-01-06 14:43:52.858] [DEBUG] 新蓝网 - 新蓝网 279635 加入缓存队列
[2017-01-06 14:43:52.964] [DEBUG] 新蓝网 - 新蓝网 279634 加入缓存队列
[2017-01-06 14:43:53.074] [DEBUG] 新蓝网 - 新蓝网 279633 加入缓存队列
[2017-01-06 14:43:53.207] [DEBUG] 新蓝网 - 新蓝网 279632 加入缓存队列
[2017-01-06 14:43:53.331] [DEBUG] 新蓝网 - 新蓝网 279631 加入缓存队列
[2017-01-06 14:43:53.453] [DEBUG] 新蓝网 - 新蓝网 279630 加入缓存队列
[2017-01-06 14:43:53.571] [DEBUG] 新蓝网 - 新蓝网 279629 加入缓存队列
[2017-01-06 14:43:53.893] [DEBUG] 新蓝网 - 新蓝网 279628 加入缓存队列
[2017-01-06 14:43:54.016] [DEBUG] 新蓝网 - 新蓝网 276544 加入缓存队列
[2017-01-06 14:43:54.126] [DEBUG] 新蓝网 - 新蓝网 275530 加入缓存队列
[2017-01-06 14:43:54.249] [DEBUG] 新蓝网 - 新蓝网 275529 加入缓存队列
[2017-01-06 14:43:55.717] [DEBUG] 新蓝网 - 新蓝网 275528 加入缓存队列
[2017-01-06 14:43:55.822] [DEBUG] 新蓝网 - 新蓝网 275527 加入缓存队列
[2017-01-06 14:43:55.930] [DEBUG] 新蓝网 - 新蓝网 275526 加入缓存队列
[2017-01-06 14:43:56.038] [DEBUG] 新蓝网 - 新蓝网 275525 加入缓存队列
[2017-01-06 14:43:56.161] [DEBUG] 新蓝网 - 新蓝网 275524 加入缓存队列
[2017-01-06 14:43:56.280] [DEBUG] 新蓝网 - 新蓝网 275523 加入缓存队列
[2017-01-06 14:43:56.387] [DEBUG] 新蓝网 - 新蓝网 275522 加入缓存队列
[2017-01-06 14:43:57.871] [DEBUG] 新蓝网 - 新蓝网 275521 加入缓存队列
[2017-01-06 14:43:57.984] [DEBUG] 新蓝网 - 新蓝网 275520 加入缓存队列
[2017-01-06 14:43:58.101] [DEBUG] 新蓝网 - 新蓝网 275519 加入缓存队列
[2017-01-06 14:43:58.225] [DEBUG] 新蓝网 - 新蓝网 275518 加入缓存队列
[2017-01-06 14:43:58.331] [DEBUG] 新蓝网 - 新蓝网 275517 加入缓存队列
[2017-01-06 14:43:58.453] [DEBUG] 新蓝网 - 新蓝网 275516 加入缓存队列
[2017-01-06 14:43:58.583] [DEBUG] 新蓝网 - 新蓝网 272470 加入缓存队列
[2017-01-06 14:43:58.708] [DEBUG] 新蓝网 - 新蓝网 272469 加入缓存队列
[2017-01-06 14:43:58.821] [DEBUG] 新蓝网 - 新蓝网 272468 加入缓存队列
[2017-01-06 14:43:58.963] [DEBUG] 新蓝网 - 新蓝网 272467 加入缓存队列
[2017-01-06 14:43:59.089] [DEBUG] 新蓝网 - 新蓝网 272466 加入缓存队列
[2017-01-06 14:43:59.205] [DEBUG] 新蓝网 - 新蓝网 272465 加入缓存队列
[2017-01-06 14:43:59.331] [DEBUG] 新蓝网 - 新蓝网 272464 加入缓存队列
[2017-01-06 14:43:59.453] [DEBUG] 新蓝网 - 新蓝网 272463 加入缓存队列
[2017-01-06 14:43:59.574] [DEBUG] 新蓝网 - 新蓝网 272462 加入缓存队列
[2017-01-06 14:43:59.680] [DEBUG] 新蓝网 - 新蓝网 272461 加入缓存队列
[2017-01-06 14:43:59.781] [DEBUG] 新蓝网 - 新蓝网 272460 加入缓存队列
[2017-01-06 14:43:59.905] [DEBUG] 新蓝网 - 新蓝网 272459 加入缓存队列
[2017-01-06 14:44:00.014] [DEBUG] 新蓝网 - 新蓝网 272458 加入缓存队列
[2017-01-06 14:44:00.140] [DEBUG] 新蓝网 - 新蓝网 272457 加入缓存队列
[2017-01-06 14:44:00.269] [DEBUG] 新蓝网 - 新蓝网 272456 加入缓存队列
[2017-01-06 14:44:01.791] [DEBUG] 新蓝网 - 新蓝网 268834 加入缓存队列
[2017-01-06 14:44:01.908] [DEBUG] 新蓝网 - 新蓝网 268833 加入缓存队列
[2017-01-06 14:44:02.007] [DEBUG] 新蓝网 - 新蓝网 268832 加入缓存队列
[2017-01-06 14:44:02.144] [DEBUG] 新蓝网 - 新蓝网 268831 加入缓存队列
[2017-01-06 14:44:02.484] [DEBUG] 新蓝网 - 新蓝网 268830 加入缓存队列
[2017-01-06 14:44:02.600] [DEBUG] 新蓝网 - 新蓝网 268829 加入缓存队列
[2017-01-06 14:44:02.733] [DEBUG] 新蓝网 - 新蓝网 268828 加入缓存队列
[2017-01-06 14:44:02.831] [DEBUG] 新蓝网 - 新蓝网 268827 加入缓存队列
[2017-01-06 14:44:02.950] [DEBUG] 新蓝网 - 新蓝网 268826 加入缓存队列
[2017-01-06 14:44:03.067] [DEBUG] 新蓝网 - 新蓝网 268825 加入缓存队列
[2017-01-06 14:44:03.187] [DEBUG] 新蓝网 - 新蓝网 268824 加入缓存队列
[2017-01-06 14:44:03.321] [DEBUG] 新蓝网 - 新蓝网 268823 加入缓存队列
[2017-01-06 14:44:03.443] [DEBUG] 新蓝网 - 新蓝网 264818 加入缓存队列
[2017-01-06 14:44:03.554] [DEBUG] 新蓝网 - 新蓝网 264817 加入缓存队列
[2017-01-06 14:44:03.688] [DEBUG] 新蓝网 - 新蓝网 264816 加入缓存队列
[2017-01-06 14:44:03.791] [DEBUG] 新蓝网 - 新蓝网 264815 加入缓存队列
[2017-01-06 14:44:03.906] [DEBUG] 新蓝网 - 新蓝网 264814 加入缓存队列
[2017-01-06 14:44:04.025] [DEBUG] 新蓝网 - 新蓝网 264813 加入缓存队列
[2017-01-06 14:44:04.146] [DEBUG] 新蓝网 - 新蓝网 264810 加入缓存队列
[2017-01-06 14:44:05.627] [DEBUG] 新蓝网 - 新蓝网 264809 加入缓存队列
[2017-01-06 14:44:05.740] [DEBUG] 新蓝网 - 新蓝网 264808 加入缓存队列
[2017-01-06 14:44:05.865] [DEBUG] 新蓝网 - 新蓝网 264807 加入缓存队列
[2017-01-06 14:44:05.971] [DEBUG] 新蓝网 - 新蓝网 264806 加入缓存队列
[2017-01-06 14:44:06.087] [DEBUG] 新蓝网 - 新蓝网 264805 加入缓存队列
[2017-01-06 14:44:06.211] [DEBUG] 新蓝网 - 新蓝网 264804 加入缓存队列
[2017-01-06 14:44:06.316] [DEBUG] 新蓝网 - 新蓝网 262575 加入缓存队列
[2017-01-06 14:44:07.616] [DEBUG] 新蓝网 - 新蓝网 262574 加入缓存队列
