[2017-01-05 20:49:17.866] [TRACE] 新蓝网 - DealWith instantiation ...
[2017-01-05 20:49:17.878] [TRACE] 新蓝网 - spiderCore instantiation ...
[2017-01-05 20:49:17.881] [TRACE] 新蓝网 - 启动函数
[2017-01-05 20:49:17.910] [DEBUG] 新蓝网 - 任务信息数据库连接建立...成功
[2017-01-05 20:49:17.910] [DEBUG] 新蓝网 - 缓存队列数据库连接建立...成功
[2017-01-05 20:49:17.910] [DEBUG] 新蓝网 - 创建数据库连接完毕
[2017-01-05 20:49:18.151] [DEBUG] 新蓝网 - 9
[2017-01-05 20:49:18.161] [DEBUG] 新蓝网 - 新蓝网 144916 加入缓存队列
[2017-01-05 20:49:18.257] [DEBUG] 新蓝网 - 2
[2017-01-05 20:49:18.263] [DEBUG] 新蓝网 - 新蓝网 144917 加入缓存队列
[2017-01-05 20:49:18.378] [DEBUG] 新蓝网 - 7
[2017-01-05 20:49:18.387] [DEBUG] 新蓝网 - 新蓝网 144918 加入缓存队列
[2017-01-05 20:49:18.500] [DEBUG] 新蓝网 - 2
[2017-01-05 20:49:18.510] [DEBUG] 新蓝网 - 新蓝网 144923 加入缓存队列
[2017-01-05 20:49:18.650] [DEBUG] 新蓝网 - 4
[2017-01-05 20:49:18.658] [DEBUG] 新蓝网 - 新蓝网 144946 加入缓存队列
[2017-01-05 20:49:18.765] [DEBUG] 新蓝网 - 4
[2017-01-05 20:49:18.773] [DEBUG] 新蓝网 - 新蓝网 144947 加入缓存队列
[2017-01-05 20:49:18.888] [DEBUG] 新蓝网 - 4
[2017-01-05 20:49:18.897] [DEBUG] 新蓝网 - 新蓝网 144948 加入缓存队列
[2017-01-05 20:49:19.030] [DEBUG] 新蓝网 - 2
[2017-01-05 20:49:19.038] [DEBUG] 新蓝网 - 新蓝网 144949 加入缓存队列
[2017-01-05 20:49:19.178] [DEBUG] 新蓝网 - 4
[2017-01-05 20:49:19.184] [DEBUG] 新蓝网 - 新蓝网 144950 加入缓存队列
[2017-01-05 20:49:19.298] [DEBUG] 新蓝网 - 28
[2017-01-05 20:49:19.304] [DEBUG] 新蓝网 - 新蓝网 144951 加入缓存队列
[2017-01-05 20:49:20.730] [DEBUG] 新蓝网 - 9
[2017-01-05 20:49:20.735] [DEBUG] 新蓝网 - 新蓝网 145376 加入缓存队列
[2017-01-05 20:49:20.847] [DEBUG] 新蓝网 - 4
[2017-01-05 20:49:20.854] [DEBUG] 新蓝网 - 新蓝网 145377 加入缓存队列
[2017-01-05 20:49:20.961] [DEBUG] 新蓝网 - 2
[2017-01-05 20:49:20.971] [DEBUG] 新蓝网 - 新蓝网 145379 加入缓存队列
[2017-01-05 20:49:21.159] [DEBUG] 新蓝网 - 4
[2017-01-05 20:49:21.166] [DEBUG] 新蓝网 - 新蓝网 145380 加入缓存队列
[2017-01-05 20:49:21.298] [DEBUG] 新蓝网 - 1
[2017-01-05 20:49:21.306] [DEBUG] 新蓝网 - 新蓝网 145799 加入缓存队列
[2017-01-05 20:49:21.420] [DEBUG] 新蓝网 - 3
[2017-01-05 20:49:21.430] [DEBUG] 新蓝网 - 新蓝网 145800 加入缓存队列
[2017-01-05 20:49:21.579] [DEBUG] 新蓝网 - 1
[2017-01-05 20:49:21.579] [DEBUG] 新蓝网 - 新蓝网 147048 加入缓存队列
[2017-01-05 20:49:21.731] [DEBUG] 新蓝网 - 2
[2017-01-05 20:49:21.739] [DEBUG] 新蓝网 - 新蓝网 147049 加入缓存队列
[2017-01-05 20:49:21.856] [DEBUG] 新蓝网 - 4
[2017-01-05 20:49:21.861] [DEBUG] 新蓝网 - 新蓝网 147050 加入缓存队列
[2017-01-05 20:49:22.028] [DEBUG] 新蓝网 - 3
[2017-01-05 20:49:22.036] [DEBUG] 新蓝网 - 新蓝网 147051 加入缓存队列
[2017-01-05 20:49:22.135] [DEBUG] 新蓝网 - 4
[2017-01-05 20:49:22.148] [DEBUG] 新蓝网 - 新蓝网 147593 加入缓存队列
[2017-01-05 20:49:22.272] [DEBUG] 新蓝网 - 3
[2017-01-05 20:49:22.278] [DEBUG] 新蓝网 - 新蓝网 147594 加入缓存队列
[2017-01-05 20:49:22.410] [DEBUG] 新蓝网 - 3
[2017-01-05 20:49:22.410] [DEBUG] 新蓝网 - 新蓝网 147653 加入缓存队列
[2017-01-05 20:49:22.549] [DEBUG] 新蓝网 - 4
[2017-01-05 20:49:22.549] [DEBUG] 新蓝网 - 新蓝网 147654 加入缓存队列
[2017-01-05 20:49:22.680] [DEBUG] 新蓝网 - 0
[2017-01-05 20:49:22.694] [DEBUG] 新蓝网 - 新蓝网 148071 加入缓存队列
[2017-01-05 20:49:22.822] [DEBUG] 新蓝网 - 6
[2017-01-05 20:49:22.829] [DEBUG] 新蓝网 - 新蓝网 148072 加入缓存队列
[2017-01-05 20:49:24.319] [DEBUG] 新蓝网 - 11
[2017-01-05 20:49:24.324] [DEBUG] 新蓝网 - 新蓝网 148535 加入缓存队列
[2017-01-05 20:49:24.430] [DEBUG] 新蓝网 - 6
[2017-01-05 20:49:24.430] [DEBUG] 新蓝网 - 新蓝网 148536 加入缓存队列
[2017-01-05 20:49:24.539] [DEBUG] 新蓝网 - 2
[2017-01-05 20:49:24.539] [DEBUG] 新蓝网 - 新蓝网 149002 加入缓存队列
[2017-01-05 20:49:24.683] [DEBUG] 新蓝网 - 2
[2017-01-05 20:49:24.688] [DEBUG] 新蓝网 - 新蓝网 149003 加入缓存队列
[2017-01-05 20:49:24.858] [DEBUG] 新蓝网 - 3
[2017-01-05 20:49:24.865] [DEBUG] 新蓝网 - 新蓝网 149004 加入缓存队列
