[2017-01-06 14:57:05.871] [TRACE] 新蓝网 - DealWith instantiation ...
[2017-01-06 14:57:05.884] [TRACE] 新蓝网 - spiderCore instantiation ...
[2017-01-06 14:57:05.886] [TRACE] 新蓝网 - 启动函数
[2017-01-06 14:57:05.920] [DEBUG] 新蓝网 - 任务信息数据库连接建立...成功
[2017-01-06 14:57:05.922] [DEBUG] 新蓝网 - 缓存队列数据库连接建立...成功
[2017-01-06 14:57:05.923] [DEBUG] 新蓝网 - 创建数据库连接完毕
[2017-01-06 14:57:07.545] [DEBUG] 新蓝网 - 新蓝网 144916 加入缓存队列
[2017-01-06 14:57:07.698] [DEBUG] 新蓝网 - 新蓝网 144917 加入缓存队列
[2017-01-06 14:57:07.818] [DEBUG] 新蓝网 - 新蓝网 144918 加入缓存队列
[2017-01-06 14:57:07.947] [DEBUG] 新蓝网 - 新蓝网 144923 加入缓存队列
[2017-01-06 14:57:08.083] [DEBUG] 新蓝网 - 新蓝网 144946 加入缓存队列
[2017-01-06 14:57:08.215] [DEBUG] 新蓝网 - 新蓝网 144947 加入缓存队列
[2017-01-06 14:57:08.557] [DEBUG] 新蓝网 - 新蓝网 144948 加入缓存队列
[2017-01-06 14:57:09.873] [DEBUG] 新蓝网 - 新蓝网 144949 加入缓存队列
[2017-01-06 14:57:09.987] [DEBUG] 新蓝网 - 新蓝网 144950 加入缓存队列
[2017-01-06 14:57:10.110] [DEBUG] 新蓝网 - 新蓝网 144951 加入缓存队列
[2017-01-06 14:57:10.226] [DEBUG] 新蓝网 - 新蓝网 145376 加入缓存队列
[2017-01-06 14:57:10.335] [DEBUG] 新蓝网 - 新蓝网 145377 加入缓存队列
[2017-01-06 14:57:10.466] [DEBUG] 新蓝网 - 新蓝网 145379 加入缓存队列
[2017-01-06 14:57:11.555] [DEBUG] 新蓝网 - 新蓝网 145380 加入缓存队列
[2017-01-06 14:57:11.684] [DEBUG] 新蓝网 - 新蓝网 145799 加入缓存队列
[2017-01-06 14:57:11.805] [DEBUG] 新蓝网 - 新蓝网 145800 加入缓存队列
[2017-01-06 14:57:19.908] [DEBUG] 新蓝网 - 新蓝网 147048 加入缓存队列
[2017-01-06 14:57:20.015] [DEBUG] 新蓝网 - 新蓝网 147049 加入缓存队列
[2017-01-06 14:57:21.119] [DEBUG] 新蓝网 - 新蓝网 147050 加入缓存队列
[2017-01-06 14:57:21.236] [DEBUG] 新蓝网 - 新蓝网 147051 加入缓存队列
[2017-01-06 14:57:21.365] [DEBUG] 新蓝网 - 新蓝网 147593 加入缓存队列
[2017-01-06 14:57:21.486] [DEBUG] 新蓝网 - 新蓝网 147594 加入缓存队列
[2017-01-06 14:57:21.608] [DEBUG] 新蓝网 - 新蓝网 147653 加入缓存队列
[2017-01-06 14:57:21.714] [DEBUG] 新蓝网 - 新蓝网 147654 加入缓存队列
[2017-01-06 14:57:23.181] [DEBUG] 新蓝网 - 新蓝网 148071 加入缓存队列
[2017-01-06 14:57:23.294] [DEBUG] 新蓝网 - 新蓝网 148072 加入缓存队列
[2017-01-06 14:57:23.415] [DEBUG] 新蓝网 - 新蓝网 148535 加入缓存队列
[2017-01-06 14:57:23.546] [DEBUG] 新蓝网 - 新蓝网 148536 加入缓存队列
[2017-01-06 14:57:23.878] [DEBUG] 新蓝网 - 新蓝网 149002 加入缓存队列
[2017-01-06 14:57:23.990] [DEBUG] 新蓝网 - 新蓝网 149003 加入缓存队列
[2017-01-06 14:57:24.097] [DEBUG] 新蓝网 - 新蓝网 149004 加入缓存队列
[2017-01-06 14:57:24.213] [DEBUG] 新蓝网 - 新蓝网 149006 加入缓存队列
[2017-01-06 14:57:25.754] [DEBUG] 新蓝网 - 新蓝网 150073 加入缓存队列
[2017-01-06 14:57:25.911] [DEBUG] 新蓝网 - 新蓝网 150076 加入缓存队列
[2017-01-06 14:57:26.035] [DEBUG] 新蓝网 - 新蓝网 154112 加入缓存队列
[2017-01-06 14:57:26.167] [DEBUG] 新蓝网 - 新蓝网 163491 加入缓存队列
[2017-01-06 14:57:26.314] [DEBUG] 新蓝网 - 新蓝网 165718 加入缓存队列
[2017-01-06 14:57:26.436] [DEBUG] 新蓝网 - 新蓝网 175258 加入缓存队列
[2017-01-06 14:57:26.565] [DEBUG] 新蓝网 - 新蓝网 184398 加入缓存队列
[2017-01-06 14:57:26.688] [DEBUG] 新蓝网 - 新蓝网 184409 加入缓存队列
[2017-01-06 14:57:26.806] [DEBUG] 新蓝网 - 新蓝网 184410 加入缓存队列
[2017-01-06 14:57:26.806] [DEBUG] 新蓝网 - 41
[2017-01-06 14:57:26.816] [DEBUG] 新蓝网 - undefined
[2017-01-06 14:57:26.816] [DEBUG] 新蓝网 - end
