[2017-01-05 20:49:27.591] [TRACE] 新蓝网 - DealWith instantiation ...
[2017-01-05 20:49:27.601] [TRACE] 新蓝网 - spiderCore instantiation ...
[2017-01-05 20:49:27.611] [TRACE] 新蓝网 - 启动函数
[2017-01-05 20:49:27.639] [DEBUG] 新蓝网 - 任务信息数据库连接建立...成功
[2017-01-05 20:49:27.642] [DEBUG] 新蓝网 - 缓存队列数据库连接建立...成功
[2017-01-05 20:49:27.644] [DEBUG] 新蓝网 - 创建数据库连接完毕
[2017-01-05 20:49:27.843] [DEBUG] 新蓝网 - 0
[2017-01-05 20:49:27.850] [DEBUG] 新蓝网 - 新蓝网 144916 加入缓存队列
[2017-01-05 20:49:27.935] [DEBUG] 新蓝网 - 0
[2017-01-05 20:49:27.945] [DEBUG] 新蓝网 - 新蓝网 144917 加入缓存队列
[2017-01-05 20:49:28.295] [DEBUG] 新蓝网 - 0
[2017-01-05 20:49:28.301] [DEBUG] 新蓝网 - 新蓝网 144918 加入缓存队列
[2017-01-05 20:49:29.569] [DEBUG] 新蓝网 - 0
[2017-01-05 20:49:29.589] [DEBUG] 新蓝网 - 新蓝网 144923 加入缓存队列
[2017-01-05 20:49:29.684] [DEBUG] 新蓝网 - 0
[2017-01-05 20:49:29.690] [DEBUG] 新蓝网 - 新蓝网 144946 加入缓存队列
[2017-01-05 20:49:29.783] [DEBUG] 新蓝网 - 0
[2017-01-05 20:49:29.793] [DEBUG] 新蓝网 - 新蓝网 144947 加入缓存队列
[2017-01-05 20:49:29.881] [DEBUG] 新蓝网 - 0
[2017-01-05 20:49:29.888] [DEBUG] 新蓝网 - 新蓝网 144948 加入缓存队列
[2017-01-05 20:49:29.978] [DEBUG] 新蓝网 - 0
[2017-01-05 20:49:29.978] [DEBUG] 新蓝网 - 新蓝网 144949 加入缓存队列
[2017-01-05 20:49:30.079] [DEBUG] 新蓝网 - 0
[2017-01-05 20:49:30.079] [DEBUG] 新蓝网 - 新蓝网 144950 加入缓存队列
[2017-01-05 20:49:30.188] [DEBUG] 新蓝网 - 0
[2017-01-05 20:49:30.197] [DEBUG] 新蓝网 - 新蓝网 144951 加入缓存队列
[2017-01-05 20:49:30.290] [DEBUG] 新蓝网 - 0
[2017-01-05 20:49:30.299] [DEBUG] 新蓝网 - 新蓝网 145376 加入缓存队列
[2017-01-05 20:49:30.397] [DEBUG] 新蓝网 - 0
[2017-01-05 20:49:30.406] [DEBUG] 新蓝网 - 新蓝网 145377 加入缓存队列
[2017-01-05 20:49:30.518] [DEBUG] 新蓝网 - 0
[2017-01-05 20:49:30.529] [DEBUG] 新蓝网 - 新蓝网 145379 加入缓存队列
[2017-01-05 20:49:30.634] [DEBUG] 新蓝网 - 0
[2017-01-05 20:49:30.644] [DEBUG] 新蓝网 - 新蓝网 145380 加入缓存队列
[2017-01-05 20:49:30.725] [DEBUG] 新蓝网 - 0
[2017-01-05 20:49:30.738] [DEBUG] 新蓝网 - 新蓝网 145799 加入缓存队列
[2017-01-05 20:49:30.825] [DEBUG] 新蓝网 - 0
[2017-01-05 20:49:30.838] [DEBUG] 新蓝网 - 新蓝网 145800 加入缓存队列
[2017-01-05 20:49:30.929] [DEBUG] 新蓝网 - 0
[2017-01-05 20:49:30.929] [DEBUG] 新蓝网 - 新蓝网 147048 加入缓存队列
[2017-01-05 20:49:31.035] [DEBUG] 新蓝网 - 0
[2017-01-05 20:49:31.039] [DEBUG] 新蓝网 - 新蓝网 147049 加入缓存队列
[2017-01-05 20:49:31.132] [DEBUG] 新蓝网 - 0
[2017-01-05 20:49:31.142] [DEBUG] 新蓝网 - 新蓝网 147050 加入缓存队列
[2017-01-05 20:49:31.240] [DEBUG] 新蓝网 - 0
[2017-01-05 20:49:31.247] [DEBUG] 新蓝网 - 新蓝网 147051 加入缓存队列
[2017-01-05 20:49:31.360] [DEBUG] 新蓝网 - 0
[2017-01-05 20:49:31.377] [DEBUG] 新蓝网 - 新蓝网 147593 加入缓存队列
[2017-01-05 20:49:31.469] [DEBUG] 新蓝网 - 0
[2017-01-05 20:49:31.469] [DEBUG] 新蓝网 - 新蓝网 147594 加入缓存队列
[2017-01-05 20:49:33.119] [DEBUG] 新蓝网 - 0
[2017-01-05 20:49:33.136] [DEBUG] 新蓝网 - 新蓝网 147653 加入缓存队列
[2017-01-05 20:49:33.235] [DEBUG] 新蓝网 - 0
[2017-01-05 20:49:33.242] [DEBUG] 新蓝网 - 新蓝网 147654 加入缓存队列
[2017-01-05 20:49:33.348] [DEBUG] 新蓝网 - 0
[2017-01-05 20:49:33.352] [DEBUG] 新蓝网 - 新蓝网 148071 加入缓存队列
[2017-01-05 20:49:33.449] [DEBUG] 新蓝网 - 0
[2017-01-05 20:49:33.459] [DEBUG] 新蓝网 - 新蓝网 148072 加入缓存队列
[2017-01-05 20:49:33.559] [DEBUG] 新蓝网 - 0
[2017-01-05 20:49:33.569] [DEBUG] 新蓝网 - 新蓝网 148535 加入缓存队列
[2017-01-05 20:49:33.676] [DEBUG] 新蓝网 - 0
[2017-01-05 20:49:33.683] [DEBUG] 新蓝网 - 新蓝网 148536 加入缓存队列
[2017-01-05 20:49:33.795] [DEBUG] 新蓝网 - 0
[2017-01-05 20:49:33.801] [DEBUG] 新蓝网 - 新蓝网 149002 加入缓存队列
