[2017-01-05 18:46:16.752] [TRACE] 新蓝网 - DealWith instantiation ...
[2017-01-05 18:46:16.776] [TRACE] 新蓝网 - spiderCore instantiation ...
[2017-01-05 18:46:16.778] [TRACE] 新蓝网 - 启动函数
[2017-01-05 18:46:16.812] [DEBUG] 新蓝网 - 任务信息数据库连接建立...成功
[2017-01-05 18:46:16.812] [DEBUG] 新蓝网 - 缓存队列数据库连接建立...成功
[2017-01-05 18:46:16.812] [DEBUG] 新蓝网 - 创建数据库连接完毕
[2017-01-05 18:46:16.940] [DEBUG] 新蓝网 - http://proxy.app.cztv.com/getCommentList.do?videoId=184410&page=1&pageSize=20
[2017-01-05 18:46:17.022] [DEBUG] 新蓝网 - { alertMessage: '服务异常，请稍候再试', state: 1 }
[2017-01-05 18:46:17.054] [DEBUG] 新蓝网 - http://proxy.app.cztv.com/getCommentList.do?videoId=184410&page=1&pageSize=20
[2017-01-05 18:46:17.061] [DEBUG] 新蓝网 - 新蓝网 144916 加入缓存队列
[2017-01-05 18:46:17.134] [DEBUG] 新蓝网 - { alertMessage: '服务异常，请稍候再试', state: 1 }
[2017-01-05 18:46:17.137] [DEBUG] 新蓝网 - http://proxy.app.cztv.com/getCommentList.do?videoId=184410&page=1&pageSize=20
[2017-01-05 18:46:17.140] [DEBUG] 新蓝网 - 新蓝网 144917 加入缓存队列
[2017-01-05 18:46:17.214] [DEBUG] 新蓝网 - { alertMessage: '服务异常，请稍候再试', state: 1 }
[2017-01-05 18:46:17.219] [DEBUG] 新蓝网 - http://proxy.app.cztv.com/getCommentList.do?videoId=184410&page=1&pageSize=20
[2017-01-05 18:46:17.224] [DEBUG] 新蓝网 - 新蓝网 144918 加入缓存队列
[2017-01-05 18:46:18.398] [DEBUG] 新蓝网 - { alertMessage: '服务异常，请稍候再试', state: 1 }
[2017-01-05 18:46:18.408] [DEBUG] 新蓝网 - http://proxy.app.cztv.com/getCommentList.do?videoId=184410&page=1&pageSize=20
[2017-01-05 18:46:18.408] [DEBUG] 新蓝网 - 新蓝网 144923 加入缓存队列
[2017-01-05 18:46:18.489] [DEBUG] 新蓝网 - { alertMessage: '服务异常，请稍候再试', state: 1 }
[2017-01-05 18:46:18.499] [DEBUG] 新蓝网 - http://proxy.app.cztv.com/getCommentList.do?videoId=184410&page=1&pageSize=20
[2017-01-05 18:46:18.499] [DEBUG] 新蓝网 - 新蓝网 144946 加入缓存队列
[2017-01-05 18:46:18.585] [DEBUG] 新蓝网 - { alertMessage: '服务异常，请稍候再试', state: 1 }
[2017-01-05 18:46:18.588] [DEBUG] 新蓝网 - http://proxy.app.cztv.com/getCommentList.do?videoId=184410&page=1&pageSize=20
[2017-01-05 18:46:18.594] [DEBUG] 新蓝网 - 新蓝网 144947 加入缓存队列
[2017-01-05 18:46:18.665] [DEBUG] 新蓝网 - { alertMessage: '服务异常，请稍候再试', state: 1 }
[2017-01-05 18:46:18.669] [DEBUG] 新蓝网 - http://proxy.app.cztv.com/getCommentList.do?videoId=184410&page=1&pageSize=20
[2017-01-05 18:46:18.677] [DEBUG] 新蓝网 - 新蓝网 144948 加入缓存队列
[2017-01-05 18:46:18.772] [DEBUG] 新蓝网 - { alertMessage: '服务异常，请稍候再试', state: 1 }
[2017-01-05 18:46:18.781] [DEBUG] 新蓝网 - http://proxy.app.cztv.com/getCommentList.do?videoId=184410&page=1&pageSize=20
[2017-01-05 18:46:18.785] [DEBUG] 新蓝网 - 新蓝网 144949 加入缓存队列
[2017-01-05 18:46:18.855] [DEBUG] 新蓝网 - { alertMessage: '服务异常，请稍候再试', state: 1 }
[2017-01-05 18:46:18.865] [DEBUG] 新蓝网 - http://proxy.app.cztv.com/getCommentList.do?videoId=184410&page=1&pageSize=20
[2017-01-05 18:46:18.865] [DEBUG] 新蓝网 - 新蓝网 144950 加入缓存队列
[2017-01-05 18:46:20.138] [DEBUG] 新蓝网 - { alertMessage: '服务异常，请稍候再试', state: 1 }
[2017-01-05 18:46:20.141] [DEBUG] 新蓝网 - http://proxy.app.cztv.com/getCommentList.do?videoId=184410&page=1&pageSize=20
[2017-01-05 18:46:20.146] [DEBUG] 新蓝网 - 新蓝网 144951 加入缓存队列
[2017-01-05 18:46:20.218] [DEBUG] 新蓝网 - { alertMessage: '服务异常，请稍候再试', state: 1 }
[2017-01-05 18:46:20.218] [DEBUG] 新蓝网 - http://proxy.app.cztv.com/getCommentList.do?videoId=184410&page=1&pageSize=20
[2017-01-05 18:46:20.228] [DEBUG] 新蓝网 - 新蓝网 145376 加入缓存队列
[2017-01-05 18:46:20.301] [DEBUG] 新蓝网 - { alertMessage: '服务异常，请稍候再试', state: 1 }
[2017-01-05 18:46:20.301] [DEBUG] 新蓝网 - http://proxy.app.cztv.com/getCommentList.do?videoId=184410&page=1&pageSize=20
[2017-01-05 18:46:20.311] [DEBUG] 新蓝网 - 新蓝网 145377 加入缓存队列
[2017-01-05 18:46:20.397] [DEBUG] 新蓝网 - { alertMessage: '服务异常，请稍候再试', state: 1 }
[2017-01-05 18:46:20.397] [DEBUG] 新蓝网 - http://proxy.app.cztv.com/getCommentList.do?videoId=184410&page=1&pageSize=20
[2017-01-05 18:46:20.407] [DEBUG] 新蓝网 - 新蓝网 145379 加入缓存队列
[2017-01-05 18:46:20.488] [DEBUG] 新蓝网 - { alertMessage: '服务异常，请稍候再试', state: 1 }
[2017-01-05 18:46:20.488] [DEBUG] 新蓝网 - http://proxy.app.cztv.com/getCommentList.do?videoId=184410&page=1&pageSize=20
[2017-01-05 18:46:20.498] [DEBUG] 新蓝网 - 新蓝网 145380 加入缓存队列
[2017-01-05 18:46:20.570] [DEBUG] 新蓝网 - { alertMessage: '服务异常，请稍候再试', state: 1 }
[2017-01-05 18:46:20.582] [DEBUG] 新蓝网 - http://proxy.app.cztv.com/getCommentList.do?videoId=184410&page=1&pageSize=20
[2017-01-05 18:46:20.586] [DEBUG] 新蓝网 - 新蓝网 145799 加入缓存队列
[2017-01-05 18:46:20.678] [DEBUG] 新蓝网 - { alertMessage: '服务异常，请稍候再试', state: 1 }
[2017-01-05 18:46:20.681] [DEBUG] 新蓝网 - http://proxy.app.cztv.com/getCommentList.do?videoId=184410&page=1&pageSize=20
[2017-01-05 18:46:20.686] [DEBUG] 新蓝网 - 新蓝网 145800 加入缓存队列
[2017-01-05 18:46:20.752] [DEBUG] 新蓝网 - { alertMessage: '服务异常，请稍候再试', state: 1 }
[2017-01-05 18:46:20.762] [DEBUG] 新蓝网 - http://proxy.app.cztv.com/getCommentList.do?videoId=184410&page=1&pageSize=20
[2017-01-05 18:46:20.766] [DEBUG] 新蓝网 - 新蓝网 147048 加入缓存队列
[2017-01-05 18:46:20.851] [DEBUG] 新蓝网 - { alertMessage: '服务异常，请稍候再试', state: 1 }
[2017-01-05 18:46:20.851] [DEBUG] 新蓝网 - http://proxy.app.cztv.com/getCommentList.do?videoId=184410&page=1&pageSize=20
[2017-01-05 18:46:20.861] [DEBUG] 新蓝网 - 新蓝网 147049 加入缓存队列
[2017-01-05 18:46:20.925] [DEBUG] 新蓝网 - { alertMessage: '服务异常，请稍候再试', state: 1 }
[2017-01-05 18:46:20.935] [DEBUG] 新蓝网 - http://proxy.app.cztv.com/getCommentList.do?videoId=184410&page=1&pageSize=20
[2017-01-05 18:46:20.935] [DEBUG] 新蓝网 - 新蓝网 147050 加入缓存队列
[2017-01-05 18:46:21.016] [DEBUG] 新蓝网 - { alertMessage: '服务异常，请稍候再试', state: 1 }
[2017-01-05 18:46:21.026] [DEBUG] 新蓝网 - http://proxy.app.cztv.com/getCommentList.do?videoId=184410&page=1&pageSize=20
[2017-01-05 18:46:21.037] [DEBUG] 新蓝网 - 新蓝网 147051 加入缓存队列
[2017-01-05 18:46:21.107] [DEBUG] 新蓝网 - { alertMessage: '服务异常，请稍候再试', state: 1 }
[2017-01-05 18:46:21.110] [DEBUG] 新蓝网 - http://proxy.app.cztv.com/getCommentList.do?videoId=184410&page=1&pageSize=20
[2017-01-05 18:46:21.115] [DEBUG] 新蓝网 - 新蓝网 147593 加入缓存队列
[2017-01-05 18:46:21.187] [DEBUG] 新蓝网 - { alertMessage: '服务异常，请稍候再试', state: 1 }
[2017-01-05 18:46:21.188] [DEBUG] 新蓝网 - http://proxy.app.cztv.com/getCommentList.do?videoId=184410&page=1&pageSize=20
[2017-01-05 18:46:21.188] [DEBUG] 新蓝网 - 新蓝网 147594 加入缓存队列
[2017-01-05 18:46:21.264] [DEBUG] 新蓝网 - { alertMessage: '服务异常，请稍候再试', state: 1 }
[2017-01-05 18:46:21.271] [DEBUG] 新蓝网 - http://proxy.app.cztv.com/getCommentList.do?videoId=184410&page=1&pageSize=20
[2017-01-05 18:46:21.278] [DEBUG] 新蓝网 - 新蓝网 147653 加入缓存队列
[2017-01-05 18:46:21.684] [DEBUG] 新蓝网 - { alertMessage: '服务异常，请稍候再试', state: 1 }
[2017-01-05 18:46:21.687] [DEBUG] 新蓝网 - http://proxy.app.cztv.com/getCommentList.do?videoId=184410&page=1&pageSize=20
[2017-01-05 18:46:21.698] [DEBUG] 新蓝网 - 新蓝网 147654 加入缓存队列
[2017-01-05 18:46:21.772] [DEBUG] 新蓝网 - { alertMessage: '服务异常，请稍候再试', state: 1 }
[2017-01-05 18:46:21.779] [DEBUG] 新蓝网 - http://proxy.app.cztv.com/getCommentList.do?videoId=184410&page=1&pageSize=20
[2017-01-05 18:46:21.783] [DEBUG] 新蓝网 - 新蓝网 148071 加入缓存队列
[2017-01-05 18:46:21.843] [DEBUG] 新蓝网 - { alertMessage: '服务异常，请稍候再试', state: 1 }
[2017-01-05 18:46:21.853] [DEBUG] 新蓝网 - http://proxy.app.cztv.com/getCommentList.do?videoId=184410&page=1&pageSize=20
[2017-01-05 18:46:21.853] [DEBUG] 新蓝网 - 新蓝网 148072 加入缓存队列
[2017-01-05 18:46:21.936] [DEBUG] 新蓝网 - { alertMessage: '服务异常，请稍候再试', state: 1 }
[2017-01-05 18:46:21.936] [DEBUG] 新蓝网 - http://proxy.app.cztv.com/getCommentList.do?videoId=184410&page=1&pageSize=20
[2017-01-05 18:46:21.936] [DEBUG] 新蓝网 - 新蓝网 148535 加入缓存队列
[2017-01-05 18:46:22.017] [DEBUG] 新蓝网 - { alertMessage: '服务异常，请稍候再试', state: 1 }
[2017-01-05 18:46:22.027] [DEBUG] 新蓝网 - http://proxy.app.cztv.com/getCommentList.do?videoId=184410&page=1&pageSize=20
[2017-01-05 18:46:22.040] [DEBUG] 新蓝网 - 新蓝网 148536 加入缓存队列
[2017-01-05 18:46:22.126] [DEBUG] 新蓝网 - { alertMessage: '服务异常，请稍候再试', state: 1 }
[2017-01-05 18:46:22.129] [DEBUG] 新蓝网 - http://proxy.app.cztv.com/getCommentList.do?videoId=184410&page=1&pageSize=20
[2017-01-05 18:46:22.133] [DEBUG] 新蓝网 - 新蓝网 149002 加入缓存队列
[2017-01-05 18:46:22.198] [DEBUG] 新蓝网 - { alertMessage: '服务异常，请稍候再试', state: 1 }
[2017-01-05 18:46:22.208] [DEBUG] 新蓝网 - http://proxy.app.cztv.com/getCommentList.do?videoId=184410&page=1&pageSize=20
[2017-01-05 18:46:22.208] [DEBUG] 新蓝网 - 新蓝网 149003 加入缓存队列
[2017-01-05 18:46:22.290] [DEBUG] 新蓝网 - { alertMessage: '服务异常，请稍候再试', state: 1 }
[2017-01-05 18:46:22.294] [DEBUG] 新蓝网 - http://proxy.app.cztv.com/getCommentList.do?videoId=184410&page=1&pageSize=20
[2017-01-05 18:46:22.300] [DEBUG] 新蓝网 - 新蓝网 149004 加入缓存队列
[2017-01-05 18:46:22.382] [DEBUG] 新蓝网 - { alertMessage: '服务异常，请稍候再试', state: 1 }
[2017-01-05 18:46:22.382] [DEBUG] 新蓝网 - http://proxy.app.cztv.com/getCommentList.do?videoId=184410&page=1&pageSize=20
[2017-01-05 18:46:22.396] [DEBUG] 新蓝网 - 新蓝网 149006 加入缓存队列
[2017-01-05 18:46:22.454] [DEBUG] 新蓝网 - { alertMessage: '服务异常，请稍候再试', state: 1 }
[2017-01-05 18:46:22.464] [DEBUG] 新蓝网 - http://proxy.app.cztv.com/getCommentList.do?videoId=184410&page=1&pageSize=20
[2017-01-05 18:46:22.464] [DEBUG] 新蓝网 - 新蓝网 150073 加入缓存队列
[2017-01-05 18:46:22.545] [DEBUG] 新蓝网 - { alertMessage: '服务异常，请稍候再试', state: 1 }
[2017-01-05 18:46:22.548] [DEBUG] 新蓝网 - http://proxy.app.cztv.com/getCommentList.do?videoId=184410&page=1&pageSize=20
[2017-01-05 18:46:22.551] [DEBUG] 新蓝网 - 新蓝网 150076 加入缓存队列
[2017-01-05 18:46:22.629] [DEBUG] 新蓝网 - { alertMessage: '服务异常，请稍候再试', state: 1 }
[2017-01-05 18:46:22.632] [DEBUG] 新蓝网 - http://proxy.app.cztv.com/getCommentList.do?videoId=184410&page=1&pageSize=20
[2017-01-05 18:46:22.635] [DEBUG] 新蓝网 - 新蓝网 154112 加入缓存队列
[2017-01-05 18:46:22.708] [DEBUG] 新蓝网 - { alertMessage: '服务异常，请稍候再试', state: 1 }
[2017-01-05 18:46:22.718] [DEBUG] 新蓝网 - http://proxy.app.cztv.com/getCommentList.do?videoId=184410&page=1&pageSize=20
[2017-01-05 18:46:22.718] [DEBUG] 新蓝网 - 新蓝网 163491 加入缓存队列
[2017-01-05 18:46:22.802] [DEBUG] 新蓝网 - { alertMessage: '服务异常，请稍候再试', state: 1 }
[2017-01-05 18:46:22.802] [DEBUG] 新蓝网 - http://proxy.app.cztv.com/getCommentList.do?videoId=184410&page=1&pageSize=20
[2017-01-05 18:46:22.802] [DEBUG] 新蓝网 - 新蓝网 165718 加入缓存队列
[2017-01-05 18:46:22.896] [DEBUG] 新蓝网 - { alertMessage: '服务异常，请稍候再试', state: 1 }
[2017-01-05 18:46:22.899] [DEBUG] 新蓝网 - http://proxy.app.cztv.com/getCommentList.do?videoId=184410&page=1&pageSize=20
[2017-01-05 18:46:22.902] [DEBUG] 新蓝网 - 新蓝网 175258 加入缓存队列
[2017-01-05 18:46:22.966] [DEBUG] 新蓝网 - { alertMessage: '服务异常，请稍候再试', state: 1 }
[2017-01-05 18:46:22.978] [DEBUG] 新蓝网 - http://proxy.app.cztv.com/getCommentList.do?videoId=184410&page=1&pageSize=20
[2017-01-05 18:46:22.980] [DEBUG] 新蓝网 - 新蓝网 184398 加入缓存队列
[2017-01-05 18:46:23.069] [DEBUG] 新蓝网 - { alertMessage: '服务异常，请稍候再试', state: 1 }
[2017-01-05 18:46:23.071] [DEBUG] 新蓝网 - http://proxy.app.cztv.com/getCommentList.do?videoId=184410&page=1&pageSize=20
[2017-01-05 18:46:23.074] [DEBUG] 新蓝网 - 新蓝网 184409 加入缓存队列
[2017-01-05 18:46:23.142] [DEBUG] 新蓝网 - { alertMessage: '服务异常，请稍候再试', state: 1 }
[2017-01-05 18:46:23.152] [DEBUG] 新蓝网 - 41
[2017-01-05 18:46:23.154] [DEBUG] 新蓝网 - undefined
[2017-01-05 18:46:23.156] [DEBUG] 新蓝网 - end
[2017-01-05 18:46:23.158] [DEBUG] 新蓝网 - 新蓝网 184410 加入缓存队列
