[2017-01-06 14:56:28.173] [TRACE] 新蓝网 - DealWith instantiation ...
[2017-01-06 14:56:28.184] [TRACE] 新蓝网 - spiderCore instantiation ...
[2017-01-06 14:56:28.186] [TRACE] 新蓝网 - 启动函数
[2017-01-06 14:56:28.215] [DEBUG] 新蓝网 - 任务信息数据库连接建立...成功
[2017-01-06 14:56:28.216] [DEBUG] 新蓝网 - 缓存队列数据库连接建立...成功
[2017-01-06 14:56:28.218] [DEBUG] 新蓝网 - 创建数据库连接完毕
[2017-01-06 14:56:28.465] [DEBUG] 新蓝网 - 新蓝网 144916 加入缓存队列
[2017-01-06 14:56:28.867] [DEBUG] 新蓝网 - 新蓝网 144917 加入缓存队列
[2017-01-06 14:56:28.990] [DEBUG] 新蓝网 - 新蓝网 144918 加入缓存队列
[2017-01-06 14:56:30.647] [DEBUG] 新蓝网 - 新蓝网 144923 加入缓存队列
[2017-01-06 14:56:32.152] [DEBUG] 新蓝网 - 新蓝网 144946 加入缓存队列
[2017-01-06 14:56:32.273] [DEBUG] 新蓝网 - 新蓝网 144947 加入缓存队列
[2017-01-06 14:56:33.579] [DEBUG] 新蓝网 - 新蓝网 144948 加入缓存队列
[2017-01-06 14:56:33.701] [DEBUG] 新蓝网 - 新蓝网 144949 加入缓存队列
[2017-01-06 14:56:35.181] [DEBUG] 新蓝网 - 新蓝网 144950 加入缓存队列
[2017-01-06 14:56:36.455] [DEBUG] 新蓝网 - 新蓝网 144951 加入缓存队列
[2017-01-06 14:56:36.583] [DEBUG] 新蓝网 - 新蓝网 145376 加入缓存队列
[2017-01-06 14:56:36.697] [DEBUG] 新蓝网 - 新蓝网 145377 加入缓存队列
[2017-01-06 14:56:36.814] [DEBUG] 新蓝网 - 新蓝网 145379 加入缓存队列
[2017-01-06 14:56:36.925] [DEBUG] 新蓝网 - 新蓝网 145380 加入缓存队列
[2017-01-06 14:56:37.044] [DEBUG] 新蓝网 - 新蓝网 145799 加入缓存队列
[2017-01-06 14:56:37.163] [DEBUG] 新蓝网 - 新蓝网 145800 加入缓存队列
[2017-01-06 14:56:37.283] [DEBUG] 新蓝网 - 新蓝网 147048 加入缓存队列
[2017-01-06 14:56:37.631] [DEBUG] 新蓝网 - 新蓝网 147049 加入缓存队列
[2017-01-06 14:56:37.965] [DEBUG] 新蓝网 - 新蓝网 147050 加入缓存队列
[2017-01-06 14:56:38.090] [DEBUG] 新蓝网 - 新蓝网 147051 加入缓存队列
[2017-01-06 14:56:38.425] [DEBUG] 新蓝网 - 新蓝网 147593 加入缓存队列
[2017-01-06 14:56:38.536] [DEBUG] 新蓝网 - 新蓝网 147594 加入缓存队列
[2017-01-06 14:56:38.661] [DEBUG] 新蓝网 - 新蓝网 147653 加入缓存队列
[2017-01-06 14:56:38.774] [DEBUG] 新蓝网 - 新蓝网 147654 加入缓存队列
[2017-01-06 14:56:38.902] [DEBUG] 新蓝网 - 新蓝网 148071 加入缓存队列
[2017-01-06 14:56:40.006] [DEBUG] 新蓝网 - 新蓝网 148072 加入缓存队列
[2017-01-06 14:56:40.121] [DEBUG] 新蓝网 - 新蓝网 148535 加入缓存队列
[2017-01-06 14:56:40.243] [DEBUG] 新蓝网 - 新蓝网 148536 加入缓存队列
[2017-01-06 14:56:40.366] [DEBUG] 新蓝网 - 新蓝网 149002 加入缓存队列
[2017-01-06 14:56:40.698] [DEBUG] 新蓝网 - 新蓝网 149003 加入缓存队列
[2017-01-06 14:56:40.813] [DEBUG] 新蓝网 - 新蓝网 149004 加入缓存队列
[2017-01-06 14:56:40.917] [DEBUG] 新蓝网 - 新蓝网 149006 加入缓存队列
[2017-01-06 14:56:41.044] [DEBUG] 新蓝网 - 新蓝网 150073 加入缓存队列
[2017-01-06 14:56:41.153] [DEBUG] 新蓝网 - 新蓝网 150076 加入缓存队列
[2017-01-06 14:56:41.946] [DEBUG] 新蓝网 - 新蓝网 154112 加入缓存队列
[2017-01-06 14:56:42.054] [DEBUG] 新蓝网 - 新蓝网 163491 加入缓存队列
[2017-01-06 14:56:42.184] [DEBUG] 新蓝网 - 新蓝网 165718 加入缓存队列
[2017-01-06 14:56:42.303] [DEBUG] 新蓝网 - 新蓝网 175258 加入缓存队列
[2017-01-06 14:56:42.435] [DEBUG] 新蓝网 - 新蓝网 184398 加入缓存队列
[2017-01-06 14:56:42.544] [DEBUG] 新蓝网 - 新蓝网 184409 加入缓存队列
[2017-01-06 14:56:48.078] [DEBUG] 新蓝网 - 新蓝网 184410 加入缓存队列
[2017-01-06 14:56:48.081] [DEBUG] 新蓝网 - 41
[2017-01-06 14:56:48.084] [DEBUG] 新蓝网 - undefined
[2017-01-06 14:56:48.087] [DEBUG] 新蓝网 - end
