[2017-01-05 20:43:03.492] [TRACE] 新蓝网 - DealWith instantiation ...
[2017-01-05 20:43:03.501] [TRACE] 新蓝网 - spiderCore instantiation ...
[2017-01-05 20:43:03.503] [TRACE] 新蓝网 - 启动函数
[2017-01-05 20:43:03.525] [DEBUG] 新蓝网 - 任务信息数据库连接建立...成功
[2017-01-05 20:43:03.535] [DEBUG] 新蓝网 - 缓存队列数据库连接建立...成功
[2017-01-05 20:43:03.535] [DEBUG] 新蓝网 - 创建数据库连接完毕
[2017-01-05 20:43:03.770] [DEBUG] 新蓝网 - { alertMessage: '服务异常，请稍候再试', state: 1 }
[2017-01-05 20:43:03.795] [DEBUG] 新蓝网 - 9
[2017-01-05 20:43:03.803] [DEBUG] 新蓝网 - 新蓝网 144916 加入缓存队列
[2017-01-05 20:43:03.883] [DEBUG] 新蓝网 - { alertMessage: '服务异常，请稍候再试', state: 1 }
[2017-01-05 20:43:03.897] [DEBUG] 新蓝网 - 2
[2017-01-05 20:43:03.906] [DEBUG] 新蓝网 - 新蓝网 144917 加入缓存队列
[2017-01-05 20:43:03.997] [DEBUG] 新蓝网 - { alertMessage: '服务异常，请稍候再试', state: 1 }
[2017-01-05 20:43:03.997] [DEBUG] 新蓝网 - 7
[2017-01-05 20:43:04.007] [DEBUG] 新蓝网 - 新蓝网 144918 加入缓存队列
[2017-01-05 20:43:04.088] [DEBUG] 新蓝网 - { alertMessage: '服务异常，请稍候再试', state: 1 }
[2017-01-05 20:43:04.088] [DEBUG] 新蓝网 - 2
[2017-01-05 20:43:04.108] [DEBUG] 新蓝网 - 新蓝网 144923 加入缓存队列
[2017-01-05 20:43:04.182] [DEBUG] 新蓝网 - { alertMessage: '服务异常，请稍候再试', state: 1 }
[2017-01-05 20:43:04.450] [DEBUG] 新蓝网 - 4
[2017-01-05 20:43:04.454] [DEBUG] 新蓝网 - 新蓝网 144946 加入缓存队列
[2017-01-05 20:43:04.529] [DEBUG] 新蓝网 - { alertMessage: '服务异常，请稍候再试', state: 1 }
[2017-01-05 20:43:04.549] [DEBUG] 新蓝网 - 4
[2017-01-05 20:43:04.569] [DEBUG] 新蓝网 - 新蓝网 144947 加入缓存队列
[2017-01-05 20:43:04.663] [DEBUG] 新蓝网 - { alertMessage: '服务异常，请稍候再试', state: 1 }
[2017-01-05 20:43:04.680] [DEBUG] 新蓝网 - 4
[2017-01-05 20:43:04.687] [DEBUG] 新蓝网 - 新蓝网 144948 加入缓存队列
[2017-01-05 20:43:04.763] [DEBUG] 新蓝网 - { alertMessage: '服务异常，请稍候再试', state: 1 }
[2017-01-05 20:43:04.780] [DEBUG] 新蓝网 - 2
[2017-01-05 20:43:04.786] [DEBUG] 新蓝网 - 新蓝网 144949 加入缓存队列
[2017-01-05 20:43:04.854] [DEBUG] 新蓝网 - { alertMessage: '服务异常，请稍候再试', state: 1 }
[2017-01-05 20:43:04.879] [DEBUG] 新蓝网 - 4
[2017-01-05 20:43:04.886] [DEBUG] 新蓝网 - 新蓝网 144950 加入缓存队列
[2017-01-05 20:43:04.963] [DEBUG] 新蓝网 - { alertMessage: '服务异常，请稍候再试', state: 1 }
[2017-01-05 20:43:04.963] [DEBUG] 新蓝网 - 28
[2017-01-05 20:43:04.973] [DEBUG] 新蓝网 - 新蓝网 144951 加入缓存队列
[2017-01-05 20:43:05.047] [DEBUG] 新蓝网 - { alertMessage: '服务异常，请稍候再试', state: 1 }
[2017-01-05 20:43:05.075] [DEBUG] 新蓝网 - 9
[2017-01-05 20:43:05.085] [DEBUG] 新蓝网 - 新蓝网 145376 加入缓存队列
[2017-01-05 20:43:05.151] [DEBUG] 新蓝网 - { alertMessage: '服务异常，请稍候再试', state: 1 }
[2017-01-05 20:43:05.199] [DEBUG] 新蓝网 - 4
[2017-01-05 20:43:05.206] [DEBUG] 新蓝网 - 新蓝网 145377 加入缓存队列
[2017-01-05 20:43:05.274] [DEBUG] 新蓝网 - { alertMessage: '服务异常，请稍候再试', state: 1 }
[2017-01-05 20:43:05.310] [DEBUG] 新蓝网 - 2
[2017-01-05 20:43:05.316] [DEBUG] 新蓝网 - 新蓝网 145379 加入缓存队列
[2017-01-05 20:43:05.407] [DEBUG] 新蓝网 - { alertMessage: '服务异常，请稍候再试', state: 1 }
[2017-01-05 20:43:05.437] [DEBUG] 新蓝网 - 4
[2017-01-05 20:43:05.447] [DEBUG] 新蓝网 - 新蓝网 145380 加入缓存队列
[2017-01-05 20:43:05.521] [DEBUG] 新蓝网 - { alertMessage: '服务异常，请稍候再试', state: 1 }
[2017-01-05 20:43:05.551] [DEBUG] 新蓝网 - 1
[2017-01-05 20:43:05.561] [DEBUG] 新蓝网 - 新蓝网 145799 加入缓存队列
