[2016-11-30 13:45:11.231] [TRACE] yy - DealWith instantiation ...
[2016-11-30 13:45:11.238] [TRACE] yy - spiderCore instantiation ...
[2016-11-30 13:45:11.239] [TRACE] yy - 启动函数
[2016-11-30 13:45:11.266] [DEBUG] yy - 任务信息数据库连接建立...成功
[2016-11-30 13:45:11.268] [DEBUG] yy - 缓存队列数据库连接建立...成功
[2016-11-30 13:45:11.270] [DEBUG] yy - 创建数据库连接完毕
[2016-11-30 13:45:11.271] [INFO] yy - { id: '1439583259', name: '幻化成蝶', p: '20' }
[2016-11-30 13:45:11.296] [DEBUG] yy - 开始获取视频总数
[2016-11-30 13:45:12.215] [ERROR] yy - occur error :  { Error: getaddrinfo ENOTFOUND staging.caihongip.com staging.caihongip.com:80
    at errnoException (dns.js:28:10)
    at GetAddrInfoReqWrap.onlookup [as oncomplete] (dns.js:79:26)
  code: 'ENOTFOUND',
  errno: 'ENOTFOUND',
  syscall: 'getaddrinfo',
  hostname: 'staging.caihongip.com',
  host: 'staging.caihongip.com',
  port: 80 }
[2016-11-30 13:45:33.318] [ERROR] yy - occur error :  { Error: connect ETIMEDOUT 100.98.39.12:80
    at Object.exports._errnoException (util.js:1007:11)
    at exports._exceptionWithHostPort (util.js:1030:20)
    at TCPConnectWrap.afterConnect [as oncomplete] (net.js:1080:14)
  code: 'ETIMEDOUT',
  errno: 'ETIMEDOUT',
  syscall: 'connect',
  address: '100.98.39.12',
  port: 80 }
[2016-11-30 13:45:33.324] [INFO] yy - 返回YY用户 1439583259 连接服务器失败
[2016-11-30 13:45:33.329] [DEBUG] yy - 开始获取第1页短拍视频列表
[2016-11-30 13:45:33.602] [DEBUG] yy - 短拍+++++++++++
[2016-11-30 13:45:33.609] [DEBUG] yy - 短拍+++++++++++
[2016-11-30 13:45:33.613] [DEBUG] yy - 短拍+++++++++++
[2016-11-30 13:45:33.616] [DEBUG] yy - 短拍+++++++++++
[2016-11-30 13:45:33.621] [DEBUG] yy - 短拍+++++++++++
[2016-11-30 13:45:33.625] [DEBUG] yy - 短拍+++++++++++
[2016-11-30 13:45:33.628] [DEBUG] yy - 短拍+++++++++++
[2016-11-30 13:45:33.631] [DEBUG] yy - 短拍+++++++++++
[2016-11-30 13:45:33.633] [DEBUG] yy - 短拍+++++++++++
[2016-11-30 13:45:33.636] [DEBUG] yy - 短拍+++++++++++
[2016-11-30 13:45:33.687] [DEBUG] yy - 短拍+++++++++++
[2016-11-30 13:45:33.689] [DEBUG] yy - 短拍+++++++++++
[2016-11-30 13:45:33.692] [DEBUG] yy - 短拍+++++++++++
[2016-11-30 13:45:33.694] [DEBUG] yy - 短拍+++++++++++
[2016-11-30 13:45:33.696] [DEBUG] yy - 短拍+++++++++++
[2016-11-30 13:45:33.698] [DEBUG] yy - 短拍+++++++++++
[2016-11-30 13:45:33.702] [DEBUG] yy - 短拍+++++++++++
[2016-11-30 13:45:33.704] [DEBUG] yy - 短拍+++++++++++
[2016-11-30 13:45:33.706] [DEBUG] yy - 短拍+++++++++++
[2016-11-30 13:45:33.708] [DEBUG] yy - 短拍+++++++++++
[2016-11-30 13:45:33.710] [DEBUG] yy - 开始获取第2页短拍视频列表
[2016-11-30 13:45:33.715] [DEBUG] yy - yy 9174144221802629750 加入缓存队列
[2016-11-30 13:45:33.717] [DEBUG] yy - yy 9173049291521238893 加入缓存队列
[2016-11-30 13:45:33.718] [DEBUG] yy - yy 9196973301115347273 加入缓存队列
[2016-11-30 13:45:33.720] [DEBUG] yy - yy 9206723100011551440 加入缓存队列
[2016-11-30 13:45:33.721] [DEBUG] yy - yy 9197920267678164577 加入缓存队列
[2016-11-30 13:45:33.722] [DEBUG] yy - yy 9158659582225419040 加入缓存队列
[2016-11-30 13:45:33.724] [DEBUG] yy - yy 9209563569141504563 加入缓存队列
[2016-11-30 13:45:33.725] [DEBUG] yy - yy 9158667131926039377 加入缓存队列
[2016-11-30 13:45:33.726] [DEBUG] yy - yy 9171421780708585708 加入缓存队列
[2016-11-30 13:45:33.728] [DEBUG] yy - yy 9175986953625394018 加入缓存队列
[2016-11-30 13:45:33.729] [DEBUG] yy - yy 9216841125816659539 加入缓存队列
[2016-11-30 13:45:33.730] [DEBUG] yy - yy 9163186474071340850 加入缓存队列
[2016-11-30 13:45:33.731] [DEBUG] yy - yy 9198705126610558746 加入缓存队列
[2016-11-30 13:45:33.733] [DEBUG] yy - yy 9192665220749632962 加入缓存队列
[2016-11-30 13:45:33.735] [DEBUG] yy - yy 9179673068648645819 加入缓存队列
[2016-11-30 13:45:33.736] [DEBUG] yy - yy 9180338292025718920 加入缓存队列
[2016-11-30 13:45:33.738] [DEBUG] yy - yy 9193978321008449508 加入缓存队列
[2016-11-30 13:45:33.739] [DEBUG] yy - yy 9205909045668069581 加入缓存队列
[2016-11-30 13:45:33.740] [DEBUG] yy - yy 9215583839706844359 加入缓存队列
[2016-11-30 13:45:33.742] [DEBUG] yy - yy 9195088610545284937 加入缓存队列
[2016-11-30 13:45:33.921] [DEBUG] yy - 短拍+++++++++++
[2016-11-30 13:45:33.923] [DEBUG] yy - 短拍+++++++++++
[2016-11-30 13:45:33.925] [DEBUG] yy - 短拍+++++++++++
[2016-11-30 13:45:33.927] [DEBUG] yy - 短拍+++++++++++
[2016-11-30 13:45:33.928] [DEBUG] yy - 短拍+++++++++++
[2016-11-30 13:45:33.930] [DEBUG] yy - 短拍+++++++++++
[2016-11-30 13:45:33.932] [DEBUG] yy - 短拍+++++++++++
[2016-11-30 13:45:33.934] [DEBUG] yy - 短拍+++++++++++
[2016-11-30 13:45:33.935] [DEBUG] yy - 短拍+++++++++++
[2016-11-30 13:45:33.936] [DEBUG] yy - 短拍+++++++++++
[2016-11-30 13:45:33.938] [DEBUG] yy - 短拍+++++++++++
[2016-11-30 13:45:33.939] [DEBUG] yy - 短拍+++++++++++
[2016-11-30 13:45:33.940] [DEBUG] yy - 短拍+++++++++++
[2016-11-30 13:45:33.945] [DEBUG] yy - 短拍+++++++++++
[2016-11-30 13:45:33.947] [DEBUG] yy - 短拍+++++++++++
[2016-11-30 13:45:33.949] [DEBUG] yy - 短拍+++++++++++
[2016-11-30 13:45:33.950] [DEBUG] yy - 短拍+++++++++++
[2016-11-30 13:45:33.952] [DEBUG] yy - 短拍+++++++++++
[2016-11-30 13:45:33.953] [DEBUG] yy - 短拍+++++++++++
[2016-11-30 13:45:33.954] [DEBUG] yy - 短拍+++++++++++
[2016-11-30 13:45:33.955] [DEBUG] yy - 开始获取第3页短拍视频列表
[2016-11-30 13:45:33.958] [DEBUG] yy - yy 9162592534765666456 加入缓存队列
[2016-11-30 13:45:33.960] [DEBUG] yy - yy 9208666378200630376 加入缓存队列
[2016-11-30 13:45:33.961] [DEBUG] yy - yy 9175100801302929446 加入缓存队列
[2016-11-30 13:45:33.962] [DEBUG] yy - yy 9168294375518451498 加入缓存队列
[2016-11-30 13:45:33.963] [DEBUG] yy - yy 9183128841219138483 加入缓存队列
[2016-11-30 13:45:33.965] [DEBUG] yy - yy 9153448477495338167 加入缓存队列
[2016-11-30 13:45:33.966] [DEBUG] yy - yy 9204539597115693591 加入缓存队列
[2016-11-30 13:45:33.967] [DEBUG] yy - yy 9216854234718470624 加入缓存队列
[2016-11-30 13:45:33.969] [DEBUG] yy - yy 9193072569089379032 加入缓存队列
[2016-11-30 13:45:33.970] [DEBUG] yy - yy 9191912031580749169 加入缓存队列
[2016-11-30 13:45:33.971] [DEBUG] yy - yy 9166658690051012356 加入缓存队列
[2016-11-30 13:45:33.972] [DEBUG] yy - yy 9202495294249922034 加入缓存队列
[2016-11-30 13:45:33.975] [DEBUG] yy - yy 9161145995450577393 加入缓存队列
[2016-11-30 13:45:33.976] [DEBUG] yy - yy 9178711519497355836 加入缓存队列
[2016-11-30 13:45:33.977] [DEBUG] yy - yy 9185632734025074921 加入缓存队列
[2016-11-30 13:45:33.978] [DEBUG] yy - yy 9178985792075254636 加入缓存队列
[2016-11-30 13:45:33.979] [DEBUG] yy - yy 9219943655471185908 加入缓存队列
[2016-11-30 13:45:33.981] [DEBUG] yy - yy 9158173536266542595 加入缓存队列
[2016-11-30 13:45:33.982] [DEBUG] yy - yy 9152355718745345261 加入缓存队列
[2016-11-30 13:45:33.983] [DEBUG] yy - yy 9176535688035443500 加入缓存队列
[2016-11-30 13:45:34.169] [DEBUG] yy - 短拍+++++++++++
[2016-11-30 13:45:34.172] [DEBUG] yy - 短拍+++++++++++
[2016-11-30 13:45:34.176] [DEBUG] yy - 短拍+++++++++++
[2016-11-30 13:45:34.179] [DEBUG] yy - 短拍+++++++++++
[2016-11-30 13:45:34.182] [DEBUG] yy - 短拍+++++++++++
[2016-11-30 13:45:34.187] [DEBUG] yy - 短拍+++++++++++
[2016-11-30 13:45:34.191] [DEBUG] yy - 短拍+++++++++++
[2016-11-30 13:45:34.195] [DEBUG] yy - 短拍+++++++++++
[2016-11-30 13:45:34.198] [DEBUG] yy - 短拍+++++++++++
[2016-11-30 13:45:34.200] [DEBUG] yy - 短拍+++++++++++
[2016-11-30 13:45:34.202] [DEBUG] yy - 短拍+++++++++++
[2016-11-30 13:45:34.205] [DEBUG] yy - 短拍+++++++++++
[2016-11-30 13:45:34.206] [DEBUG] yy - 短拍+++++++++++
[2016-11-30 13:45:34.208] [DEBUG] yy - 短拍+++++++++++
[2016-11-30 13:45:34.210] [DEBUG] yy - 短拍+++++++++++
[2016-11-30 13:45:34.211] [DEBUG] yy - 短拍+++++++++++
[2016-11-30 13:45:34.213] [DEBUG] yy - 短拍+++++++++++
[2016-11-30 13:45:34.215] [DEBUG] yy - 短拍+++++++++++
[2016-11-30 13:45:34.216] [DEBUG] yy - 短拍+++++++++++
[2016-11-30 13:45:34.219] [DEBUG] yy - 短拍+++++++++++
[2016-11-30 13:45:34.220] [DEBUG] yy - 开始获取第4页短拍视频列表
[2016-11-30 13:45:34.225] [DEBUG] yy - yy 9212838075506021144 加入缓存队列
[2016-11-30 13:45:34.227] [DEBUG] yy - yy 9216139918014840283 加入缓存队列
[2016-11-30 13:45:34.229] [DEBUG] yy - yy 9197917679023930095 加入缓存队列
[2016-11-30 13:45:34.230] [DEBUG] yy - yy 9196037377062885360 加入缓存队列
[2016-11-30 13:45:34.232] [DEBUG] yy - yy 9220921800188305674 加入缓存队列
[2016-11-30 13:45:34.233] [DEBUG] yy - yy 9189761977400739448 加入缓存队列
[2016-11-30 13:45:34.235] [DEBUG] yy - yy 9219367571877901939 加入缓存队列
[2016-11-30 13:45:34.236] [DEBUG] yy - yy 9182556589652294343 加入缓存队列
[2016-11-30 13:45:34.238] [DEBUG] yy - yy 9203830944403708333 加入缓存队列
[2016-11-30 13:45:34.239] [DEBUG] yy - yy 9220478427016344017 加入缓存队列
[2016-11-30 13:45:34.240] [DEBUG] yy - yy 9179426437053364377 加入缓存队列
[2016-11-30 13:45:34.241] [DEBUG] yy - yy 9180008264783266206 加入缓存队列
[2016-11-30 13:45:34.243] [DEBUG] yy - yy 9215123148487315497 加入缓存队列
[2016-11-30 13:45:34.244] [DEBUG] yy - yy 9162279724646708500 加入缓存队列
[2016-11-30 13:45:34.246] [DEBUG] yy - yy 9197694342493444386 加入缓存队列
[2016-11-30 13:45:34.247] [DEBUG] yy - yy 9190546348489143386 加入缓存队列
[2016-11-30 13:45:34.249] [DEBUG] yy - yy 9155914577155353116 加入缓存队列
[2016-11-30 13:45:34.262] [DEBUG] yy - yy 9189604906460896580 加入缓存队列
[2016-11-30 13:45:34.264] [DEBUG] yy - yy 9169113643584556517 加入缓存队列
[2016-11-30 13:45:34.265] [DEBUG] yy - yy 9156012591047972676 加入缓存队列
[2016-11-30 13:45:34.390] [DEBUG] yy - 短拍+++++++++++
[2016-11-30 13:45:34.394] [DEBUG] yy - 短拍+++++++++++
[2016-11-30 13:45:34.398] [DEBUG] yy - 短拍+++++++++++
[2016-11-30 13:45:34.402] [DEBUG] yy - 短拍+++++++++++
[2016-11-30 13:45:34.405] [DEBUG] yy - 短拍+++++++++++
[2016-11-30 13:45:34.411] [DEBUG] yy - 短拍+++++++++++
[2016-11-30 13:45:34.415] [DEBUG] yy - 短拍+++++++++++
[2016-11-30 13:45:34.419] [DEBUG] yy - 短拍+++++++++++
[2016-11-30 13:45:34.422] [DEBUG] yy - 短拍+++++++++++
[2016-11-30 13:45:34.426] [DEBUG] yy - 短拍+++++++++++
[2016-11-30 13:45:34.430] [DEBUG] yy - 短拍+++++++++++
[2016-11-30 13:45:34.433] [DEBUG] yy - 短拍+++++++++++
[2016-11-30 13:45:34.437] [DEBUG] yy - 短拍+++++++++++
[2016-11-30 13:45:34.439] [DEBUG] yy - 短拍+++++++++++
[2016-11-30 13:45:34.442] [DEBUG] yy - 短拍+++++++++++
[2016-11-30 13:45:34.444] [DEBUG] yy - result :  { user: '用户信息已返回',
  live: '直播回放信息已返回',
  shenqu: '神曲视频信息已返回',
  duanpai: '短拍视频信息已返回' }
[2016-11-30 13:45:34.454] [DEBUG] yy - yy 9158549448249887774 加入缓存队列
[2016-11-30 13:45:34.456] [DEBUG] yy - yy 9180381563511229232 加入缓存队列
[2016-11-30 13:45:34.460] [DEBUG] yy - yy 9158167325923354486 加入缓存队列
[2016-11-30 13:45:34.462] [DEBUG] yy - yy 9216657642032249813 加入缓存队列
[2016-11-30 13:45:34.464] [DEBUG] yy - yy 9211101361469882839 加入缓存队列
[2016-11-30 13:45:34.465] [DEBUG] yy - yy 9187660391732015016 加入缓存队列
[2016-11-30 13:45:34.467] [DEBUG] yy - yy 9171896069852089138 加入缓存队列
[2016-11-30 13:45:34.469] [DEBUG] yy - yy 9201781258145140913 加入缓存队列
[2016-11-30 13:45:34.470] [DEBUG] yy - yy 9183215717925603158 加入缓存队列
[2016-11-30 13:45:34.472] [DEBUG] yy - yy 9211118653566678250 加入缓存队列
[2016-11-30 13:45:34.474] [DEBUG] yy - yy 9152313613809274715 加入缓存队列
[2016-11-30 13:45:34.477] [DEBUG] yy - yy 9213704024330240929 加入缓存队列
[2016-11-30 13:45:34.479] [DEBUG] yy - yy 9223153724411220216 加入缓存队列
[2016-11-30 13:45:34.481] [DEBUG] yy - yy 9169284913394383659 加入缓存队列
[2016-11-30 13:45:34.484] [DEBUG] yy - yy 9212587600706061605 加入缓存队列
