[2016-11-30 11:57:48.203] [TRACE] yy - DealWith instantiation ...
[2016-11-30 11:57:48.204] [TRACE] yy - spiderCore instantiation ...
[2016-11-30 11:57:48.204] [TRACE] yy - 启动函数
[2016-11-30 11:57:48.235] [DEBUG] yy - 任务信息数据库连接建立...成功
[2016-11-30 11:57:48.235] [DEBUG] yy - 缓存队列数据库连接建立...成功
[2016-11-30 11:57:48.235] [DEBUG] yy - 创建数据库连接完毕
[2016-11-30 11:57:48.235] [INFO] yy - { id: '1439551148', p: '20', name: '寂寞好了　', type: '0' }
[2016-11-30 11:57:48.267] [DEBUG] yy - 开始获取视频总数
[2016-11-30 11:57:49.053] [ERROR] yy - occur error :  { Error: getaddrinfo ENOTFOUND staging.caihongip.com staging.caihongip.com:80
    at errnoException (dns.js:28:10)
    at GetAddrInfoReqWrap.onlookup [as oncomplete] (dns.js:79:26)
  code: 'ENOTFOUND',
  errno: 'ENOTFOUND',
  syscall: 'getaddrinfo',
  hostname: 'staging.caihongip.com',
  host: 'staging.caihongip.com',
  port: 80 }
[2016-11-30 11:58:10.067] [ERROR] yy - occur error :  { Error: connect ETIMEDOUT 100.98.39.12:80
    at Object.exports._errnoException (util.js:1007:11)
    at exports._exceptionWithHostPort (util.js:1030:20)
    at TCPConnectWrap.afterConnect [as oncomplete] (net.js:1080:14)
  code: 'ETIMEDOUT',
  errno: 'ETIMEDOUT',
  syscall: 'connect',
  address: '100.98.39.12',
  port: 80 }
[2016-11-30 11:58:10.067] [INFO] yy - 返回YY用户 1439551148 连接服务器失败
[2016-11-30 11:58:10.067] [DEBUG] yy - 开始获取第1页短拍视频列表
[2016-11-30 11:58:10.313] [DEBUG] yy - http://www.yy.com/u/works/d?yyno=1439551148&p=1-----
[2016-11-30 11:58:10.344] [DEBUG] yy - 开始获取第2页短拍视频列表
[2016-11-30 11:58:10.344] [DEBUG] yy - yy 9194725434372885486 加入缓存队列
[2016-11-30 11:58:10.344] [DEBUG] yy - yy 9212961107567111664 加入缓存队列
[2016-11-30 11:58:10.344] [DEBUG] yy - yy 9212759657222385839 加入缓存队列
[2016-11-30 11:58:10.360] [DEBUG] yy - yy 9161175459544097067 加入缓存队列
[2016-11-30 11:58:10.360] [DEBUG] yy - yy 9190257698151314028 加入缓存队列
[2016-11-30 11:58:10.360] [DEBUG] yy - yy 9182696091056149679 加入缓存队列
[2016-11-30 11:58:10.360] [DEBUG] yy - yy 9206160992314447216 加入缓存队列
[2016-11-30 11:58:10.360] [DEBUG] yy - yy 9151908773061151894 加入缓存队列
[2016-11-30 11:58:10.360] [DEBUG] yy - yy 9218761923959060420 加入缓存队列
[2016-11-30 11:58:10.360] [DEBUG] yy - yy 9178839834701649160 加入缓存队列
[2016-11-30 11:58:10.360] [DEBUG] yy - yy 9171639067621502409 加入缓存队列
[2016-11-30 11:58:10.360] [DEBUG] yy - yy 9206501911143534132 加入缓存队列
[2016-11-30 11:58:10.360] [DEBUG] yy - yy 9206544933908848937 加入缓存队列
[2016-11-30 11:58:10.375] [DEBUG] yy - yy 9216603685877492235 加入缓存队列
[2016-11-30 11:58:10.375] [DEBUG] yy - yy 9183153774349729179 加入缓存队列
[2016-11-30 11:58:10.375] [DEBUG] yy - yy 9164055758276886380 加入缓存队列
[2016-11-30 11:58:10.375] [DEBUG] yy - yy 9188040524882858019 加入缓存队列
[2016-11-30 11:58:10.375] [DEBUG] yy - yy 9186270035694078156 加入缓存队列
[2016-11-30 11:58:10.375] [DEBUG] yy - yy 9202698839037561809 加入缓存队列
[2016-11-30 11:58:10.375] [DEBUG] yy - yy 9190787749856356788 加入缓存队列
[2016-11-30 11:58:10.520] [DEBUG] yy - http://www.yy.com/u/works/d?yyno=1439551148&p=2-----
[2016-11-30 11:58:10.535] [DEBUG] yy - 开始获取第3页短拍视频列表
[2016-11-30 11:58:10.535] [DEBUG] yy - yy 9161010364933229350 加入缓存队列
[2016-11-30 11:58:10.535] [DEBUG] yy - yy 9211398495471693499 加入缓存队列
[2016-11-30 11:58:10.535] [DEBUG] yy - yy 9188254520378031480 加入缓存队列
[2016-11-30 11:58:10.535] [DEBUG] yy - yy 9196712803419563653 加入缓存队列
[2016-11-30 11:58:10.535] [DEBUG] yy - yy 9175656627681499336 加入缓存队列
[2016-11-30 11:58:10.535] [DEBUG] yy - yy 9178878768718673702 加入缓存队列
[2016-11-30 11:58:10.535] [DEBUG] yy - yy 9151495692709169410 加入缓存队列
[2016-11-30 11:58:10.535] [DEBUG] yy - yy 9182445458723599737 加入缓存队列
[2016-11-30 11:58:10.551] [DEBUG] yy - yy 9205062184842404973 加入缓存队列
[2016-11-30 11:58:10.551] [DEBUG] yy - yy 9155557292854902215 加入缓存队列
[2016-11-30 11:58:10.551] [DEBUG] yy - yy 9201457544722442922 加入缓存队列
[2016-11-30 11:58:10.551] [DEBUG] yy - yy 9161901262472794774 加入缓存队列
[2016-11-30 11:58:10.551] [DEBUG] yy - yy 9152640328625908107 加入缓存队列
[2016-11-30 11:58:10.551] [DEBUG] yy - yy 9211707878684558238 加入缓存队列
[2016-11-30 11:58:10.551] [DEBUG] yy - yy 9180201348252948716 加入缓存队列
[2016-11-30 11:58:10.566] [DEBUG] yy - yy 9194046007520673792 加入缓存队列
[2016-11-30 11:58:10.566] [DEBUG] yy - yy 9162123918742933380 加入缓存队列
[2016-11-30 11:58:10.566] [DEBUG] yy - yy 9222248415784894787 加入缓存队列
[2016-11-30 11:58:10.566] [DEBUG] yy - yy 9168564810310922325 加入缓存队列
[2016-11-30 11:58:10.566] [DEBUG] yy - yy 9188139582170568437 加入缓存队列
[2016-11-30 11:58:10.685] [DEBUG] yy - http://www.yy.com/u/works/d?yyno=1439551148&p=3-----
[2016-11-30 11:58:10.700] [DEBUG] yy - result :  { user: '用户信息已返回',
  live: '直播回放信息已返回',
  shenqu: '神曲视频信息已返回',
  duanpai: '短拍视频信息已返回' }
[2016-11-30 11:58:10.700] [DEBUG] yy - yy 9158956662843000649 加入缓存队列
[2016-11-30 11:58:10.700] [DEBUG] yy - yy 9169610650699287078 加入缓存队列
[2016-11-30 11:58:10.700] [DEBUG] yy - yy 9159328165887387429 加入缓存队列
[2016-11-30 11:58:10.700] [DEBUG] yy - yy 9213018503492593660 加入缓存队列
[2016-11-30 11:58:10.716] [DEBUG] yy - yy 9190799351820972404 加入缓存队列
[2016-11-30 11:58:10.716] [DEBUG] yy - yy 9208263293295877803 加入缓存队列
[2016-11-30 11:58:10.747] [DEBUG] yy - yy 9179966708292173923 加入缓存队列
[2016-11-30 11:58:10.763] [DEBUG] yy - yy 9157527892232990708 加入缓存队列
[2016-11-30 11:58:10.763] [DEBUG] yy - yy 9188968718627752100 加入缓存队列
[2016-11-30 11:58:10.763] [DEBUG] yy - yy 9170026035288350029 加入缓存队列
[2016-11-30 11:58:10.763] [DEBUG] yy - yy 9183805705515659930 加入缓存队列
[2016-11-30 11:58:10.781] [DEBUG] yy - yy 9180646924243138197 加入缓存队列
[2016-11-30 11:58:10.781] [DEBUG] yy - yy 9169023354450723993 加入缓存队列
[2016-11-30 11:58:10.781] [DEBUG] yy - yy 9162115857476152172 加入缓存队列
[2016-11-30 11:58:10.781] [DEBUG] yy - yy 9189710584878724698 加入缓存队列
[2016-11-30 11:58:10.781] [DEBUG] yy - yy 9156043635947661698 加入缓存队列
[2016-11-30 11:58:10.781] [DEBUG] yy - yy 9199299434679511706 加入缓存队列
[2016-11-30 11:58:10.781] [DEBUG] yy - yy 9188203096984156711 加入缓存队列
[2016-11-30 11:58:10.797] [DEBUG] yy - yy 9160874116087992526 加入缓存队列
