[2016-11-30 13:46:44.318] [TRACE] yy - DealWith instantiation ...
[2016-11-30 13:46:44.324] [TRACE] yy - spiderCore instantiation ...
[2016-11-30 13:46:44.326] [TRACE] yy - 启动函数
[2016-11-30 13:46:44.354] [DEBUG] yy - 任务信息数据库连接建立...成功
[2016-11-30 13:46:44.356] [DEBUG] yy - 缓存队列数据库连接建立...成功
[2016-11-30 13:46:44.358] [DEBUG] yy - 创建数据库连接完毕
[2016-11-30 13:46:44.359] [INFO] yy - { id: '1735499024', name: '【65旅游综艺】妍衣', p: '20' }
[2016-11-30 13:46:44.385] [DEBUG] yy - 开始获取视频总数
[2016-11-30 13:46:45.180] [ERROR] yy - occur error :  { Error: getaddrinfo ENOTFOUND staging.caihongip.com staging.caihongip.com:80
    at errnoException (dns.js:28:10)
    at GetAddrInfoReqWrap.onlookup [as oncomplete] (dns.js:79:26)
  code: 'ENOTFOUND',
  errno: 'ENOTFOUND',
  syscall: 'getaddrinfo',
  hostname: 'staging.caihongip.com',
  host: 'staging.caihongip.com',
  port: 80 }
[2016-11-30 13:47:06.204] [ERROR] yy - occur error :  { Error: connect ETIMEDOUT 100.98.39.12:80
    at Object.exports._errnoException (util.js:1007:11)
    at exports._exceptionWithHostPort (util.js:1030:20)
    at TCPConnectWrap.afterConnect [as oncomplete] (net.js:1080:14)
  code: 'ETIMEDOUT',
  errno: 'ETIMEDOUT',
  syscall: 'connect',
  address: '100.98.39.12',
  port: 80 }
[2016-11-30 13:47:06.208] [INFO] yy - 返回YY用户 1735499024 连接服务器失败
[2016-11-30 13:47:06.211] [DEBUG] yy - 开始获取第1页直播回放列表
[2016-11-30 13:47:06.415] [DEBUG] yy - http://www.yy.com/u/live/queryPlayback.json?pageSize=20&yy=1735499024&pageNum=1+++++++
[2016-11-30 13:47:06.420] [DEBUG] yy - 直播回放--------
[2016-11-30 13:47:06.425] [DEBUG] yy - 直播回放--------
[2016-11-30 13:47:06.428] [DEBUG] yy - 直播回放--------
[2016-11-30 13:47:06.432] [DEBUG] yy - 直播回放--------
[2016-11-30 13:47:06.436] [DEBUG] yy - 直播回放--------
[2016-11-30 13:47:06.439] [DEBUG] yy - 直播回放--------
[2016-11-30 13:47:06.443] [DEBUG] yy - 直播回放--------
[2016-11-30 13:47:06.446] [DEBUG] yy - 直播回放--------
[2016-11-30 13:47:06.449] [DEBUG] yy - 直播回放--------
[2016-11-30 13:47:06.452] [DEBUG] yy - 直播回放--------
[2016-11-30 13:47:06.454] [DEBUG] yy - 直播回放--------
[2016-11-30 13:47:06.456] [DEBUG] yy - 直播回放--------
[2016-11-30 13:47:06.457] [DEBUG] yy - 直播回放--------
[2016-11-30 13:47:06.459] [DEBUG] yy - 直播回放--------
[2016-11-30 13:47:06.461] [DEBUG] yy - 直播回放--------
[2016-11-30 13:47:06.463] [DEBUG] yy - 直播回放--------
[2016-11-30 13:47:06.464] [DEBUG] yy - 直播回放--------
[2016-11-30 13:47:06.466] [DEBUG] yy - 直播回放--------
[2016-11-30 13:47:06.468] [DEBUG] yy - 直播回放--------
[2016-11-30 13:47:06.471] [DEBUG] yy - 直播回放--------
[2016-11-30 13:47:06.473] [DEBUG] yy - 直播回放--------
[2016-11-30 13:47:06.475] [DEBUG] yy - 直播回放--------
[2016-11-30 13:47:06.476] [DEBUG] yy - 直播回放--------
[2016-11-30 13:47:06.478] [DEBUG] yy - 直播回放--------
[2016-11-30 13:47:06.480] [DEBUG] yy - 开始获取第2页直播回放列表
[2016-11-30 13:47:06.484] [DEBUG] yy - yy 15013x03_96580524_1541454867_1480424827_1480424676 加入缓存队列
[2016-11-30 13:47:06.487] [DEBUG] yy - yy 15013x03_17559200_1541454867_1480413652_1480413652 加入缓存队列
[2016-11-30 13:47:06.490] [DEBUG] yy - yy 15013x03_96580524_1541454867_1480338591_1480338591 加入缓存队列
[2016-11-30 13:47:06.492] [DEBUG] yy - yy 15013x03_17559200_1541454867_1480327233_1480327233 加入缓存队列
[2016-11-30 13:47:06.495] [DEBUG] yy - yy 15013x03_96580524_1541454867_1480323908_1480323908 加入缓存队列
[2016-11-30 13:47:06.497] [DEBUG] yy - yy 15013x03_96580524_1541454867_1480322518_1480322518 加入缓存队列
[2016-11-30 13:47:06.501] [DEBUG] yy - yy 15013x03_96580524_1541454867_1480079422_1480079422 加入缓存队列
[2016-11-30 13:47:06.502] [DEBUG] yy - yy 15013x03_96580524_1541454867_1479993794_1479993776 加入缓存队列
[2016-11-30 13:47:06.504] [DEBUG] yy - yy 15013x03_71966237_1541454867_1479985272_1479985272 加入缓存队列
[2016-11-30 13:47:06.505] [DEBUG] yy - yy 15013x03_96580524_1541454867_1479906621_1479906621 加入缓存队列
[2016-11-30 13:47:06.507] [DEBUG] yy - yy 15013x03_17559200_1541454867_1479102648_1479099625 加入缓存队列
[2016-11-30 13:47:06.509] [DEBUG] yy - yy 15013x03_17559200_1541454867_1477799868_1477799868 加入缓存队列
[2016-11-30 13:47:06.510] [DEBUG] yy - yy 15013x03_17559200_1541454867_1477713583_1477713583 加入缓存队列
[2016-11-30 13:47:06.512] [DEBUG] yy - yy 15013_1541454867_17559200_1474780495211 加入缓存队列
[2016-11-30 13:47:06.513] [DEBUG] yy - yy 15013_1541454867_17559200_1474779645471 加入缓存队列
[2016-11-30 13:47:06.515] [DEBUG] yy - yy 15013x03_71966237_1541454867_1473397643_1473397643 加入缓存队列
[2016-11-30 13:47:06.516] [DEBUG] yy - yy 15013x03_96580524_1541454867_1472568662_1472568662 加入缓存队列
[2016-11-30 13:47:06.519] [DEBUG] yy - yy 15013x03_96580524_1541454867_1472211634_1472211634 加入缓存队列
[2016-11-30 13:47:06.520] [DEBUG] yy - yy 15013x03_96580524_1541454867_1472122961_1472122954 加入缓存队列
[2016-11-30 13:47:06.521] [DEBUG] yy - yy 15013x03_17559200_1541454867_1472029310_1472029310 加入缓存队列
[2016-11-30 13:47:06.523] [DEBUG] yy - yy 15013x03_17559200_1541454867_1471248140_1471248140 加入缓存队列
[2016-11-30 13:47:06.525] [DEBUG] yy - yy 15013x03_17559200_1541454867_1470817188_1470817188 加入缓存队列
[2016-11-30 13:47:06.526] [DEBUG] yy - yy 15013x03_1330967317_1541454867_1470544849_1470544812 加入缓存队列
[2016-11-30 13:47:06.528] [DEBUG] yy - yy 15013x03_1330967317_1541454867_1470449745_1470449708 加入缓存队列
[2016-11-30 13:47:06.655] [DEBUG] yy - http://www.yy.com/u/live/queryPlayback.json?pageSize=20&yy=1735499024&pageNum=2+++++++
[2016-11-30 13:47:06.660] [DEBUG] yy - 直播回放--------
[2016-11-30 13:47:06.663] [DEBUG] yy - 直播回放--------
[2016-11-30 13:47:06.669] [DEBUG] yy - result :  { user: '用户信息已返回',
  live: '直播回放信息已返回',
  shenqu: '神曲视频信息已返回',
  duanpai: '短拍视频信息已返回' }
[2016-11-30 13:47:06.687] [DEBUG] yy - yy 15013x03_1330967317_1541454867_1470284806_1470284768 加入缓存队列
[2016-11-30 13:47:06.689] [DEBUG] yy - yy 15013x03_17559200_1541454867_1470223976_1470223976 加入缓存队列
