[2017-01-22 11:32:51.552] [TRACE] 芒果TV - DealWith instantiation ...
[2017-01-22 11:32:51.562] [TRACE] 芒果TV - spiderCore instantiation ...
[2017-01-22 11:32:51.564] [TRACE] 芒果TV - 启动函数
[2017-01-22 11:32:51.599] [DEBUG] 芒果TV - 任务信息数据库连接建立...成功
[2017-01-22 11:32:51.605] [DEBUG] 芒果TV - 缓存队列数据库连接建立...成功
[2017-01-22 11:32:51.608] [DEBUG] 芒果TV - 创建数据库连接完毕
[2017-01-22 11:32:51.954] [DEBUG] 芒果TV - { author: 'BIG笑工坊',
  platform: 27,
  bid: 308904,
  aid: '3791710',
  title: '唐唐神吐槽：2017年最好笑的猛片',
  long_t: '964',
  v_img: 'http://1img.mgtv.com/preview/sp_images/2017/shenghuo/308904/3791710/20170120163312099.jpg_220x125.jpg',
  v_url: 'http://www.mgtv.com/b/308904/3791710.html',
  play_num: 120,
  class: '生活',
  support: 1,
  step: 0,
  desc: '我们是制造快乐的一群人，旗下有唐唐神吐槽，唐唐脱口秀，唐唐嘻游路等娱乐节目！任真天微信号：rzt317！',
  comment_num: '' }
[2017-01-22 11:32:51.999] [DEBUG] 芒果TV - 芒果TV 3791710 加入缓存队列
[2017-01-22 11:32:52.108] [DEBUG] 芒果TV - { author: 'BIG笑工坊',
  platform: 27,
  bid: 308904,
  aid: '3788371',
  title: '唐唐嘻游路：这叫泡妞后遗症',
  long_t: '30',
  v_img: 'http://0img.mgtv.com/preview/sp_images/2017/shenghuo/308904/3788371/20170118160630748.jpg_220x125.jpg',
  v_url: 'http://www.mgtv.com/b/308904/3788371.html',
  play_num: 13442,
  class: '生活',
  support: 27,
  step: 2,
  desc: '我们是制造快乐的一群人，旗下有唐唐神吐槽，唐唐脱口秀，唐唐嘻游路等娱乐节目！任真天微信号：rzt317！',
  comment_num: '' }
[2017-01-22 11:32:52.129] [DEBUG] 芒果TV - 芒果TV 3788371 加入缓存队列
[2017-01-22 11:32:52.474] [DEBUG] 芒果TV - { author: 'BIG笑工坊',
  platform: 27,
  bid: 308904,
  aid: '3784386',
  title: '唐唐嘻游路：要求真高',
  long_t: '33',
  v_img: 'http://0img.mgtv.com/preview/sp_images/2017/shenghuo/308904/3784386/20170116152602154.jpg_220x125.jpg',
  v_url: 'http://www.mgtv.com/b/308904/3784386.html',
  play_num: 21605,
  class: '生活',
  support: 38,
  step: 1,
  desc: '我们是制造快乐的一群人，旗下有唐唐神吐槽，唐唐脱口秀，唐唐嘻游路等娱乐节目！任真天微信号：rzt317！',
  comment_num: '' }
[2017-01-22 11:32:52.489] [DEBUG] 芒果TV - 芒果TV 3784386 加入缓存队列
[2017-01-22 11:32:52.608] [DEBUG] 芒果TV - { author: 'BIG笑工坊',
  platform: 27,
  bid: 308904,
  aid: '3784385',
  title: '唐唐嘻游路：药到病除',
  long_t: '43',
  v_img: 'http://0img.mgtv.com/preview/sp_images/2017/shenghuo/308904/3784385/20170116152347793.jpg_220x125.jpg',
  v_url: 'http://www.mgtv.com/b/308904/3784385.html',
  play_num: 32886,
  class: '生活',
  support: 45,
  step: 1,
  desc: '我们是制造快乐的一群人，旗下有唐唐神吐槽，唐唐脱口秀，唐唐嘻游路等娱乐节目！任真天微信号：rzt317！',
  comment_num: '' }
[2017-01-22 11:32:52.630] [DEBUG] 芒果TV - 芒果TV 3784385 加入缓存队列
[2017-01-22 11:32:52.831] [DEBUG] 芒果TV - { author: 'BIG笑工坊',
  platform: 27,
  bid: 308904,
  aid: '3781414',
  title: '唐唐神吐槽：最脑残的大片',
  long_t: '548',
  v_img: 'http://0img.mgtv.com/preview/sp_images/2017/shenghuo/308904/3781414/20170113173753134.jpg_220x125.jpg',
  v_url: 'http://www.mgtv.com/b/308904/3781414.html',
  play_num: 38651,
  class: '生活',
  support: 105,
  step: 9,
  desc: '我们是制造快乐的一群人，旗下有唐唐神吐槽，唐唐脱口秀，唐唐嘻游路等娱乐节目！任真天微信号：rzt317！',
  comment_num: 3 }
[2017-01-22 11:32:52.847] [DEBUG] 芒果TV - 芒果TV 3781414 加入缓存队列
[2017-01-22 11:32:53.010] [DEBUG] 芒果TV - { author: 'BIG笑工坊',
  platform: 27,
  bid: 308904,
  aid: '3778778',
  title: '说到“坑人”他绝对妥妥的第一',
  long_t: '44',
  v_img: 'http://3img.mgtv.com/preview/sp_images/2017/shenghuo/308904/3778778/20170112151630879.jpg_220x125.jpg',
  v_url: 'http://www.mgtv.com/b/308904/3778778.html',
  play_num: 25551,
  class: '生活',
  support: 33,
  step: 1,
  desc: '我们是制造快乐的一群人，旗下有唐唐神吐槽，唐唐脱口秀，唐唐嘻游路等娱乐节目！任真天微信号：rzt317！',
  comment_num: 1 }
[2017-01-22 11:32:53.027] [DEBUG] 芒果TV - 芒果TV 3778778 加入缓存队列
[2017-01-22 11:32:53.114] [DEBUG] 芒果TV - { author: 'BIG笑工坊',
  platform: 27,
  bid: 308904,
  aid: '3776228',
  title: '男子娶妻后 发现对方已是外婆',
  long_t: '361',
  v_img: 'http://1img.mgtv.com/preview/sp_images/2017/shenghuo/308904/3776228/20170111093706146.jpg_220x125.jpg',
  v_url: 'http://www.mgtv.com/b/308904/3776228.html',
  play_num: 42880,
  class: '生活',
  support: 90,
  step: 11,
  desc: '我们是制造快乐的一群人，旗下有唐唐神吐槽，唐唐脱口秀，唐唐嘻游路等娱乐节目！任真天微信号：rzt317！',
  comment_num: 2 }
[2017-01-22 11:32:53.130] [DEBUG] 芒果TV - 芒果TV 3776228 加入缓存队列
[2017-01-22 11:32:53.428] [DEBUG] 芒果TV - { author: 'BIG笑工坊',
  platform: 27,
  bid: 308904,
  aid: '3772887',
  title: '老婆洗澡时竟暴出轨真相',
  long_t: '32',
  v_img: 'http://1img.mgtv.com/preview/sp_images/2017/shenghuo/308904/3772887/20170109105123378.jpg_220x125.jpg',
  v_url: 'http://www.mgtv.com/b/308904/3772887.html',
  play_num: 28513,
  class: '生活',
  support: 37,
  step: 1,
  desc: '我们是制造快乐的一群人，旗下有唐唐神吐槽，唐唐脱口秀，唐唐嘻游路等娱乐节目！任真天微信号：rzt317！',
  comment_num: '' }
[2017-01-22 11:32:53.439] [DEBUG] 芒果TV - 芒果TV 3772887 加入缓存队列
[2017-01-22 11:32:53.570] [DEBUG] 芒果TV - { author: 'BIG笑工坊',
  platform: 27,
  bid: 308904,
  aid: '3770766',
  title: '这个神父很好色！',
  long_t: '674',
  v_img: 'http://2img.mgtv.com/preview/sp_images/2017/shenghuo/308904/3770766/20170106174514048.jpg_220x125.jpg',
  v_url: 'http://www.mgtv.com/b/308904/3770766.html',
  play_num: 24122,
  class: '生活',
  support: 62,
  step: 6,
  desc: '我们是制造快乐的一群人，旗下有唐唐神吐槽，唐唐脱口秀，唐唐嘻游路等娱乐节目！任真天微信号：rzt317！',
  comment_num: 2 }
[2017-01-22 11:32:53.580] [DEBUG] 芒果TV - 芒果TV 3770766 加入缓存队列
[2017-01-22 11:32:53.718] [DEBUG] 芒果TV - { author: 'BIG笑工坊',
  platform: 27,
  bid: 308904,
  aid: '3770145',
  title: '它是最搞笑的外星人！',
  long_t: '580',
  v_img: 'http://2img.mgtv.com/preview/sp_images/2017/shenghuo/308904/3770145/20170106142232419.jpg_220x125.jpg',
  v_url: 'http://www.mgtv.com/b/308904/3770145.html',
  play_num: 9699,
  class: '生活',
  support: 21,
  step: 1,
  desc: '我们是制造快乐的一群人，旗下有唐唐神吐槽，唐唐脱口秀，唐唐嘻游路等娱乐节目！任真天微信号：rzt317！',
  comment_num: '' }
[2017-01-22 11:32:53.731] [DEBUG] 芒果TV - 芒果TV 3770145 加入缓存队列
[2017-01-22 11:32:53.835] [DEBUG] 芒果TV - { author: 'BIG笑工坊',
  platform: 27,
  bid: 308904,
  aid: '3769897',
  title: '老实人戴绿帽往老婆内裤里投毒',
  long_t: '351',
  v_img: 'http://3img.mgtv.com/preview/sp_images/2017/shenghuo/308904/3769897/20170106103713150.jpg_220x125.jpg',
  v_url: 'http://www.mgtv.com/b/308904/3769897.html',
  play_num: 13979,
  class: '生活',
  support: 15,
  step: 2,
  desc: '我们是制造快乐的一群人，旗下有唐唐神吐槽，唐唐脱口秀，唐唐嘻游路等娱乐节目！任真天微信号：rzt317！',
  comment_num: '' }
[2017-01-22 11:32:53.843] [DEBUG] 芒果TV - 芒果TV 3769897 加入缓存队列
[2017-01-22 11:32:54.024] [DEBUG] 芒果TV - { author: 'BIG笑工坊',
  platform: 27,
  bid: 308904,
  aid: '3769787',
  title: '唐僧不留在女儿国的真正原因',
  long_t: '62',
  v_img: 'http://2img.mgtv.com/preview/sp_images/2017/shenghuo/308904/3769787/20170106102736595.jpg_220x125.jpg',
  v_url: 'http://www.mgtv.com/b/308904/3769787.html',
  play_num: 8227,
  class: '生活',
  support: 9,
  step: 1,
  desc: '我们是制造快乐的一群人，旗下有唐唐神吐槽，唐唐脱口秀，唐唐嘻游路等娱乐节目！任真天微信号：rzt317！',
  comment_num: '' }
[2017-01-22 11:32:54.038] [DEBUG] 芒果TV - 芒果TV 3769787 加入缓存队列
[2017-01-22 11:32:54.223] [DEBUG] 芒果TV - { author: 'BIG笑工坊',
  platform: 27,
  bid: 308904,
  aid: '3769785',
  title: '老公回家 一细节被认定出轨了',
  long_t: '44',
  v_img: 'http://1img.mgtv.com/preview/sp_images/2017/shenghuo/308904/3769785/20170106102353200.jpg_220x125.jpg',
  v_url: 'http://www.mgtv.com/b/308904/3769785.html',
  play_num: 7539,
  class: '生活',
  support: 5,
  step: 0,
  desc: '我们是制造快乐的一群人，旗下有唐唐神吐槽，唐唐脱口秀，唐唐嘻游路等娱乐节目！任真天微信号：rzt317！',
  comment_num: '' }
[2017-01-22 11:32:54.238] [DEBUG] 芒果TV - 芒果TV 3769785 加入缓存队列
[2017-01-22 11:32:54.376] [DEBUG] 芒果TV - { author: 'BIG笑工坊',
  platform: 27,
  bid: 308904,
  aid: '3769783',
  title: '为何男人都去买这位老板娘的包子',
  long_t: '35',
  v_img: 'http://1img.mgtv.com/preview/sp_images/2017/shenghuo/308904/3769783/20170106102013729.jpg_220x125.jpg',
  v_url: 'http://www.mgtv.com/b/308904/3769783.html',
  play_num: 5615,
  class: '生活',
  support: 1,
  step: 0,
  desc: '我们是制造快乐的一群人，旗下有唐唐神吐槽，唐唐脱口秀，唐唐嘻游路等娱乐节目！任真天微信号：rzt317！',
  comment_num: '' }
[2017-01-22 11:32:54.385] [DEBUG] 芒果TV - 芒果TV 3769783 加入缓存队列
[2017-01-22 11:32:54.505] [DEBUG] 芒果TV - { author: 'BIG笑工坊',
  platform: 27,
  bid: 308904,
  aid: '3769780',
  title: '我都还没死 你就开始买这些了',
  long_t: '30',
  v_img: 'http://3img.mgtv.com/preview/sp_images/2017/shenghuo/308904/3769780/20170106101808702.jpg_220x125.jpg',
  v_url: 'http://www.mgtv.com/b/308904/3769780.html',
  play_num: 7273,
  class: '生活',
  support: 5,
  step: 0,
  desc: '我们是制造快乐的一群人，旗下有唐唐神吐槽，唐唐脱口秀，唐唐嘻游路等娱乐节目！任真天微信号：rzt317！',
  comment_num: '' }
[2017-01-22 11:32:54.516] [DEBUG] 芒果TV - 芒果TV 3769780 加入缓存队列
[2017-01-22 11:32:54.792] [DEBUG] 芒果TV - { author: 'BIG笑工坊',
  platform: 27,
  bid: 308904,
  aid: '3766583',
  title: '笑尿！盘点2016那些爆笑新闻',
  long_t: '412',
  v_img: 'http://2img.mgtv.com/preview/sp_images/2017/shenghuo/308904/3766583/20170104112552991.jpg_220x125.jpg',
  v_url: 'http://www.mgtv.com/b/308904/3766583.html',
  play_num: 12345,
  class: '生活',
  support: 29,
  step: 2,
  desc: '我们是制造快乐的一群人，旗下有唐唐神吐槽，唐唐脱口秀，唐唐嘻游路等娱乐节目！任真天微信号：rzt317！',
  comment_num: '' }
[2017-01-22 11:32:54.802] [DEBUG] 芒果TV - 芒果TV 3766583 加入缓存队列
[2017-01-22 11:32:54.914] [DEBUG] 芒果TV - { author: 'BIG笑工坊',
  platform: 27,
  bid: 308904,
  aid: '3766582',
  title: '学霸小偷竟用自创公式记账',
  long_t: '377',
  v_img: 'http://3img.mgtv.com/preview/sp_images/2017/shenghuo/308904/3766582/20170104112300437.jpg_220x125.jpg',
  v_url: 'http://www.mgtv.com/b/308904/3766582.html',
  play_num: 7620,
  class: '生活',
  support: 19,
  step: 1,
  desc: '我们是制造快乐的一群人，旗下有唐唐神吐槽，唐唐脱口秀，唐唐嘻游路等娱乐节目！任真天微信号：rzt317！',
  comment_num: '' }
[2017-01-22 11:32:54.923] [DEBUG] 芒果TV - 芒果TV 3766582 加入缓存队列
[2017-01-22 11:32:55.031] [DEBUG] 芒果TV - { author: 'BIG笑工坊',
  platform: 27,
  bid: 308904,
  aid: '3766581',
  title: '她绝对是史上最倒霉的女护士了 ',
  long_t: '733',
  v_img: 'http://2img.mgtv.com/preview/sp_images/2017/shenghuo/308904/3766581/20170104113657060.jpg_220x125.jpg',
  v_url: 'http://www.mgtv.com/b/308904/3766581.html',
  play_num: 15211,
  class: '生活',
  support: 21,
  step: 3,
  desc: '我们是制造快乐的一群人，旗下有唐唐神吐槽，唐唐脱口秀，唐唐嘻游路等娱乐节目！任真天微信号：rzt317！',
  comment_num: 1 }
[2017-01-22 11:32:55.046] [DEBUG] 芒果TV - 芒果TV 3766581 加入缓存队列
[2017-01-22 11:32:55.275] [DEBUG] 芒果TV - { author: 'BIG笑工坊',
  platform: 27,
  bid: 308904,
  aid: '3766501',
  title: '熊孩子随口一句爆出老娘和老王',
  long_t: '44',
  v_img: 'http://3img.mgtv.com/preview/sp_images/2017/shenghuo/308904/3766501/20170104114646719.jpg_220x125.jpg',
  v_url: 'http://www.mgtv.com/b/308904/3766501.html',
  play_num: 7480,
  class: '生活',
  support: 4,
  step: 0,
  desc: '我们是制造快乐的一群人，旗下有唐唐神吐槽，唐唐脱口秀，唐唐嘻游路等娱乐节目！任真天微信号：rzt317！',
  comment_num: '' }
[2017-01-22 11:32:55.292] [DEBUG] 芒果TV - 芒果TV 3766501 加入缓存队列
[2017-01-22 11:32:55.408] [DEBUG] 芒果TV - { author: 'BIG笑工坊',
  platform: 27,
  bid: 308904,
  aid: '3766499',
  title: '如何机智化解女友的要求',
  long_t: '43',
  v_img: 'http://2img.mgtv.com/preview/sp_images/2017/shenghuo/308904/3766499/20170104104813309.jpg_220x125.jpg',
  v_url: 'http://www.mgtv.com/b/308904/3766499.html',
  play_num: 7752,
  class: '生活',
  support: 5,
  step: 1,
  desc: '我们是制造快乐的一群人，旗下有唐唐神吐槽，唐唐脱口秀，唐唐嘻游路等娱乐节目！任真天微信号：rzt317！',
  comment_num: '' }
[2017-01-22 11:32:55.432] [DEBUG] 芒果TV - 芒果TV 3766499 加入缓存队列
[2017-01-22 11:32:55.568] [DEBUG] 芒果TV - { author: 'BIG笑工坊',
  platform: 27,
  bid: 308904,
  aid: '3766497',
  title: '这就是和女人讲道理的下场',
  long_t: '31',
  v_img: 'http://1img.mgtv.com/preview/sp_images/2017/shenghuo/308904/3766497/20170104114301541.jpg_220x125.jpg',
  v_url: 'http://www.mgtv.com/b/308904/3766497.html',
  play_num: 8948,
  class: '生活',
  support: 1,
  step: 0,
  desc: '我们是制造快乐的一群人，旗下有唐唐神吐槽，唐唐脱口秀，唐唐嘻游路等娱乐节目！任真天微信号：rzt317！',
  comment_num: '' }
[2017-01-22 11:32:55.611] [DEBUG] 芒果TV - 芒果TV 3766497 加入缓存队列
[2017-01-22 11:32:55.767] [DEBUG] 芒果TV - { author: 'BIG笑工坊',
  platform: 27,
  bid: 308904,
  aid: '3766495',
  title: '哈！这个孩子666666666……',
  long_t: '32',
  v_img: 'http://1img.mgtv.com/preview/sp_images/2017/shenghuo/308904/3766495/20170104114050181.jpg_220x125.jpg',
  v_url: 'http://www.mgtv.com/b/308904/3766495.html',
  play_num: 24488,
  class: '生活',
  support: 10,
  step: 0,
  desc: '我们是制造快乐的一群人，旗下有唐唐神吐槽，唐唐脱口秀，唐唐嘻游路等娱乐节目！任真天微信号：rzt317！',
  comment_num: '' }
[2017-01-22 11:32:55.789] [DEBUG] 芒果TV - 芒果TV 3766495 加入缓存队列
[2017-01-22 11:32:55.810] [DEBUG] 芒果TV - 已经没有数据
[2017-01-22 11:32:55.813] [DEBUG] 芒果TV - 44
[2017-01-22 11:32:55.815] [DEBUG] 芒果TV - end
