[2016-11-29 18:23:47.152] [TRACE] 乐视 - DealWith instantiation ...
[2016-11-29 18:23:47.152] [TRACE] 乐视 - spiderCore instantiation ...
[2016-11-29 18:23:47.152] [TRACE] 乐视 - 启动函数
[2016-11-29 18:23:47.183] [DEBUG] 乐视 - 任务信息数据库连接建立...成功
[2016-11-29 18:23:47.183] [DEBUG] 乐视 - 缓存队列数据库连接建立...成功
[2016-11-29 18:23:47.183] [DEBUG] 乐视 - 创建数据库连接完毕
[2016-11-29 18:23:47.183] [INFO] 乐视 - { id: '31073813', p: '3', name: '起小点', type: '1', total: 0 }
[2016-11-29 18:23:47.220] [DEBUG] 乐视 - 开始获取视频总页数
[2016-11-29 18:23:47.329] [DEBUG] 乐视 - 开始获取第1页视频列表
[2016-11-29 18:23:47.728] [DEBUG] 乐视 - 490
[2016-11-29 18:23:47.728] [DEBUG] 乐视 - 乐视视频 27151587 加入缓存队列
[2016-11-29 18:23:47.869] [DEBUG] 乐视 - 559
[2016-11-29 18:23:47.869] [DEBUG] 乐视 - 乐视视频 27137372 加入缓存队列
[2016-11-29 18:23:48.040] [DEBUG] 乐视 - 969
[2016-11-29 18:23:48.040] [DEBUG] 乐视 - 乐视视频 27123160 加入缓存队列
[2016-11-29 18:23:48.150] [DEBUG] 乐视 - 520
[2016-11-29 18:23:48.150] [DEBUG] 乐视 - 乐视视频 27091966 加入缓存队列
[2016-11-29 18:23:48.260] [DEBUG] 乐视 - 380
[2016-11-29 18:23:48.276] [DEBUG] 乐视 - 乐视视频 27077165 加入缓存队列
[2016-11-29 18:23:48.385] [DEBUG] 乐视 - 747
[2016-11-29 18:23:48.401] [DEBUG] 乐视 - 乐视视频 27071270 加入缓存队列
