[2016-11-24 15:12:26.508] [TRACE] 乐视 - DealWith instantiation ...
[2016-11-24 15:12:26.523] [TRACE] 乐视 - spiderCore instantiation ...
[2016-11-24 15:12:26.523] [TRACE] 乐视 - 启动函数
[2016-11-24 15:12:26.556] [DEBUG] 乐视 - 任务信息数据库连接建立...成功
[2016-11-24 15:12:26.558] [DEBUG] 乐视 - 缓存队列数据库连接建立...成功
[2016-11-24 15:12:26.560] [DEBUG] 乐视 - 创建数据库连接完毕
[2016-11-24 15:12:26.566] [TRACE] 乐视 - Queue get ready
[2016-11-24 15:12:26.607] [TRACE] 乐视 - Get le task!
[2016-11-24 15:12:26.609] [INFO] 乐视 - { id: '18253918', p: '3', name: '王尼玛的暴走漫画', type: '1' }
[2016-11-24 15:12:26.638] [DEBUG] 乐视 - 开始获取视频总页数
[2016-11-24 15:12:26.650] [TRACE] 乐视 - Get le task!
[2016-11-24 15:12:26.653] [INFO] 乐视 - { id: '540645', p: '3', name: '草菅男爵', type: '1' }
[2016-11-24 15:12:26.655] [DEBUG] 乐视 - 开始获取视频总页数
[2016-11-24 15:12:26.659] [TRACE] 乐视 - Get le task!
[2016-11-24 15:12:26.661] [INFO] 乐视 - { id: '73307605', p: '3', name: '袁超工作室', type: '1' }
[2016-11-24 15:12:26.665] [DEBUG] 乐视 - 开始获取视频总页数
[2016-11-24 15:12:26.669] [TRACE] 乐视 - Get le task!
[2016-11-24 15:12:26.670] [INFO] 乐视 - { id: '167345687', p: '3', name: '微在不懂爱', type: '1' }
[2016-11-24 15:12:26.674] [DEBUG] 乐视 - 开始获取视频总页数
[2016-11-24 15:12:26.677] [TRACE] 乐视 - Get le task!
[2016-11-24 15:12:26.678] [INFO] 乐视 - { id: '124741674', p: '3', name: '牛男TV', type: '1' }
[2016-11-24 15:12:26.681] [DEBUG] 乐视 - 开始获取视频总页数
[2016-11-24 15:12:26.689] [TRACE] 乐视 - Get le task!
[2016-11-24 15:12:26.693] [INFO] 乐视 - { id: '175273456', p: '3', name: 'big笑工坊官方', type: '1' }
[2016-11-24 15:12:26.697] [DEBUG] 乐视 - 开始获取视频总页数
[2016-11-24 15:12:26.708] [TRACE] 乐视 - Get le task!
[2016-11-24 15:12:26.712] [INFO] 乐视 - { id: '73884270', p: '3', name: '淘梦网', type: '1' }
[2016-11-24 15:12:26.716] [DEBUG] 乐视 - 开始获取视频总页数
[2016-11-24 15:12:26.719] [TRACE] 乐视 - Get le task!
[2016-11-24 15:12:26.720] [INFO] 乐视 - { id: '93374897', p: '3', name: '一风之音', type: '1' }
[2016-11-24 15:12:26.723] [DEBUG] 乐视 - 开始获取视频总页数
[2016-11-24 15:12:26.726] [TRACE] 乐视 - Get le task!
[2016-11-24 15:12:26.728] [INFO] 乐视 - { id: '132845712', p: '3', name: '微在涨姿势', type: '1' }
[2016-11-24 15:12:26.734] [DEBUG] 乐视 - 开始获取视频总页数
[2016-11-24 15:12:26.806] [DEBUG] 乐视 - 开始获取第1页视频列表
[2016-11-24 15:12:26.821] [DEBUG] 乐视 - 开始获取第1页视频列表
[2016-11-24 15:12:26.837] [DEBUG] 乐视 - 开始获取第1页视频列表
[2016-11-24 15:12:26.837] [DEBUG] 乐视 - 开始获取第1页视频列表
[2016-11-24 15:12:26.852] [DEBUG] 乐视 - 开始获取第1页视频列表
[2016-11-24 15:12:26.852] [DEBUG] 乐视 - 开始获取第1页视频列表
[2016-11-24 15:12:26.868] [DEBUG] 乐视 - 开始获取第1页视频列表
[2016-11-24 15:12:26.868] [DEBUG] 乐视 - 开始获取第1页视频列表
[2016-11-24 15:12:27.137] [DEBUG] 乐视 - 开始获取第1页视频列表
[2016-11-24 15:12:28.023] [ERROR] 乐视 - occur error :  { Error: read ECONNRESET
    at exports._errnoException (util.js:1007:11)
    at TCP.onread (net.js:563:26) code: 'ECONNRESET', errno: 'ECONNRESET', syscall: 'read' }
[2016-11-24 15:12:28.023] [ERROR] 乐视 - error url: http://www.le.com/ptv/vplay/27111684.html
[2016-11-24 15:12:28.096] [DEBUG] 乐视 - 乐视视频 27114603 加入缓存队列
[2016-11-24 15:12:28.097] [DEBUG] 乐视 - 乐视视频 27109830 加入缓存队列
[2016-11-24 15:12:28.152] [DEBUG] 乐视 - 乐视视频 27109598 加入缓存队列
[2016-11-24 15:12:28.154] [DEBUG] 乐视 - 乐视视频 27117550 加入缓存队列
