[2016-11-29 15:04:02.761] [TRACE] 乐视 - DealWith instantiation ...
[2016-11-29 15:04:02.769] [TRACE] 乐视 - spiderCore instantiation ...
[2016-11-29 15:04:02.771] [TRACE] 乐视 - 启动函数
[2016-11-29 15:04:02.799] [DEBUG] 乐视 - 任务信息数据库连接建立...成功
[2016-11-29 15:04:02.799] [DEBUG] 乐视 - 缓存队列数据库连接建立...成功
[2016-11-29 15:04:02.799] [DEBUG] 乐视 - 创建数据库连接完毕
[2016-11-29 15:04:02.799] [INFO] 乐视 - { id: '31073813', p: '3', name: '起小点', type: '1', total: 0 }
[2016-11-29 15:04:02.832] [DEBUG] 乐视 - 开始获取视频总页数
[2016-11-29 15:04:03.075] [DEBUG] 乐视 - 开始获取第1页视频列表
[2016-11-29 15:04:03.236] [DEBUG] 乐视 - -----
[2016-11-29 15:04:03.776] [DEBUG] 乐视 - -----
[2016-11-29 15:04:03.779] [DEBUG] 乐视 - -----
[2016-11-29 15:04:03.959] [DEBUG] 乐视 - -----
[2016-11-29 15:04:04.150] [DEBUG] 乐视 - -----
[2016-11-29 15:04:04.335] [DEBUG] 乐视 - -----
[2016-11-29 15:04:05.106] [DEBUG] 乐视 - -----
[2016-11-29 15:04:05.705] [DEBUG] 乐视 - -----
[2016-11-29 15:04:05.979] [DEBUG] 乐视 - -----
[2016-11-29 15:04:10.680] [DEBUG] 乐视 - -----
[2016-11-29 15:04:10.928] [DEBUG] 乐视 - -----
[2016-11-29 15:04:11.126] [DEBUG] 乐视 - -----
[2016-11-29 15:04:11.319] [DEBUG] 乐视 - -----
[2016-11-29 15:04:11.512] [DEBUG] 乐视 - -----
[2016-11-29 15:04:41.642] [DEBUG] 乐视 - -----
[2016-11-29 15:04:41.866] [DEBUG] 乐视 - -----
[2016-11-29 15:04:42.045] [DEBUG] 乐视 - -----
[2016-11-29 15:04:42.287] [DEBUG] 乐视 - -----
[2016-11-29 15:04:42.492] [DEBUG] 乐视 - -----
[2016-11-29 15:04:42.678] [DEBUG] 乐视 - -----
[2016-11-29 15:04:43.093] [DEBUG] 乐视 - -----
[2016-11-29 15:04:43.729] [DEBUG] 乐视 - -----
[2016-11-29 15:05:03.882] [DEBUG] 乐视 - -----
[2016-11-29 15:05:04.198] [DEBUG] 乐视 - -----
[2016-11-29 15:05:04.382] [DEBUG] 乐视 - -----
[2016-11-29 15:05:04.547] [DEBUG] 乐视 - -----
[2016-11-29 15:05:10.061] [DEBUG] 乐视 - -----
[2016-11-29 15:05:10.283] [DEBUG] 乐视 - -----
[2016-11-29 15:05:10.475] [DEBUG] 乐视 - -----
[2016-11-29 15:05:10.945] [DEBUG] 乐视 - -----
[2016-11-29 15:05:11.138] [DEBUG] 乐视 - -----
[2016-11-29 15:05:11.460] [DEBUG] 乐视 - -----
[2016-11-29 15:05:11.685] [DEBUG] 乐视 - -----
[2016-11-29 15:05:11.929] [DEBUG] 乐视 - -----
[2016-11-29 15:05:12.167] [DEBUG] 乐视 - -----
[2016-11-29 15:05:12.592] [DEBUG] 乐视 - -----
[2016-11-29 15:05:12.607] [DEBUG] 乐视 - -----
[2016-11-29 15:05:13.030] [DEBUG] 乐视 - -----
[2016-11-29 15:05:13.475] [DEBUG] 乐视 - -----
[2016-11-29 15:05:13.714] [DEBUG] 乐视 - -----
[2016-11-29 15:05:13.727] [DEBUG] 乐视 - -----
[2016-11-29 15:05:14.107] [DEBUG] 乐视 - -----
[2016-11-29 15:05:14.549] [DEBUG] 乐视 - -----
[2016-11-29 15:05:14.763] [DEBUG] 乐视 - -----
[2016-11-29 15:05:14.929] [DEBUG] 乐视 - -----
[2016-11-29 15:05:15.061] [DEBUG] 乐视 - 开始获取第2页视频列表
[2016-11-29 15:05:15.182] [DEBUG] 乐视 - -----
[2016-11-29 15:05:15.342] [DEBUG] 乐视 - -----
[2016-11-29 15:05:15.357] [DEBUG] 乐视 - -----
[2016-11-29 15:05:15.659] [DEBUG] 乐视 - -----
[2016-11-29 15:05:15.788] [DEBUG] 乐视 - -----
[2016-11-29 15:05:16.188] [DEBUG] 乐视 - -----
[2016-11-29 15:05:16.220] [DEBUG] 乐视 - -----
[2016-11-29 15:05:16.367] [DEBUG] 乐视 - -----
[2016-11-29 15:05:16.607] [DEBUG] 乐视 - -----
[2016-11-29 15:05:16.688] [DEBUG] 乐视 - -----
[2016-11-29 15:05:16.866] [DEBUG] 乐视 - -----
[2016-11-29 15:05:17.045] [DEBUG] 乐视 - -----
[2016-11-29 15:05:17.174] [DEBUG] 乐视 - -----
[2016-11-29 15:05:17.428] [DEBUG] 乐视 - -----
[2016-11-29 15:05:18.153] [DEBUG] 乐视 - -----
[2016-11-29 15:05:18.158] [DEBUG] 乐视 - -----
[2016-11-29 15:05:18.531] [DEBUG] 乐视 - -----
[2016-11-29 15:05:18.714] [DEBUG] 乐视 - -----
[2016-11-29 15:05:18.897] [DEBUG] 乐视 - -----
[2016-11-29 15:05:19.198] [DEBUG] 乐视 - -----
[2016-11-29 15:05:19.382] [DEBUG] 乐视 - -----
[2016-11-29 15:05:19.626] [DEBUG] 乐视 - -----
[2016-11-29 15:05:19.866] [DEBUG] 乐视 - -----
[2016-11-29 15:05:19.882] [DEBUG] 乐视 - -----
[2016-11-29 15:05:20.138] [DEBUG] 乐视 - -----
[2016-11-29 15:05:20.428] [DEBUG] 乐视 - -----
[2016-11-29 15:05:20.626] [DEBUG] 乐视 - -----
[2016-11-29 15:05:20.851] [DEBUG] 乐视 - -----
[2016-11-29 15:05:21.382] [DEBUG] 乐视 - -----
[2016-11-29 15:05:21.732] [DEBUG] 乐视 - -----
[2016-11-29 15:05:22.076] [DEBUG] 乐视 - -----
[2016-11-29 15:05:22.351] [DEBUG] 乐视 - -----
[2016-11-29 15:05:22.592] [DEBUG] 乐视 - -----
[2016-11-29 15:05:22.836] [DEBUG] 乐视 - -----
[2016-11-29 15:05:23.209] [DEBUG] 乐视 - -----
[2016-11-29 15:05:23.335] [DEBUG] 乐视 - -----
[2016-11-29 15:05:23.804] [DEBUG] 乐视 - -----
[2016-11-29 15:05:23.835] [DEBUG] 乐视 - -----
[2016-11-29 15:05:24.060] [DEBUG] 乐视 - -----
[2016-11-29 15:05:24.285] [DEBUG] 乐视 - -----
[2016-11-29 15:05:24.445] [DEBUG] 乐视 - -----
[2016-11-29 15:05:24.530] [DEBUG] 乐视 - -----
[2016-11-29 15:05:24.819] [DEBUG] 乐视 - -----
[2016-11-29 15:05:25.315] [DEBUG] 乐视 - -----
[2016-11-29 15:05:25.644] [DEBUG] 乐视 - -----
[2016-11-29 15:05:25.819] [DEBUG] 乐视 - -----
[2016-11-29 15:05:26.060] [DEBUG] 乐视 - -----
[2016-11-29 15:05:26.304] [DEBUG] 乐视 - -----
[2016-11-29 15:05:26.382] [DEBUG] 乐视 - -----
[2016-11-29 15:05:26.530] [DEBUG] 乐视 - -----
[2016-11-29 15:05:26.765] [DEBUG] 乐视 - 开始获取第3页视频列表
[2016-11-29 15:05:27.092] [DEBUG] 乐视 - -----
[2016-11-29 15:05:27.414] [DEBUG] 乐视 - -----
[2016-11-29 15:05:27.788] [DEBUG] 乐视 - -----
[2016-11-29 15:05:28.161] [DEBUG] 乐视 - -----
[2016-11-29 15:05:28.199] [DEBUG] 乐视 - -----
[2016-11-29 15:05:28.491] [DEBUG] 乐视 - -----
[2016-11-29 15:05:28.667] [DEBUG] 乐视 - -----
[2016-11-29 15:05:28.851] [DEBUG] 乐视 - -----
[2016-11-29 15:05:28.882] [DEBUG] 乐视 - -----
[2016-11-29 15:05:29.146] [DEBUG] 乐视 - -----
[2016-11-29 15:05:29.397] [DEBUG] 乐视 - -----
[2016-11-29 15:05:29.820] [DEBUG] 乐视 - -----
[2016-11-29 15:05:30.007] [DEBUG] 乐视 - -----
[2016-11-29 15:05:30.200] [DEBUG] 乐视 - -----
[2016-11-29 15:05:30.608] [DEBUG] 乐视 - -----
[2016-11-29 15:05:30.835] [DEBUG] 乐视 - -----
[2016-11-29 15:05:31.029] [DEBUG] 乐视 - -----
[2016-11-29 15:05:31.476] [DEBUG] 乐视 - -----
[2016-11-29 15:05:31.476] [DEBUG] 乐视 - -----
[2016-11-29 15:05:31.760] [DEBUG] 乐视 - -----
[2016-11-29 15:05:31.991] [DEBUG] 乐视 - -----
[2016-11-29 15:05:32.203] [DEBUG] 乐视 - -----
[2016-11-29 15:05:32.414] [DEBUG] 乐视 - -----
[2016-11-29 15:05:34.529] [DEBUG] 乐视 - -----
[2016-11-29 15:05:34.741] [DEBUG] 乐视 - -----
[2016-11-29 15:05:35.592] [DEBUG] 乐视 - -----
[2016-11-29 15:05:36.666] [DEBUG] 乐视 - -----
[2016-11-29 15:05:36.851] [DEBUG] 乐视 - -----
[2016-11-29 15:05:37.197] [DEBUG] 乐视 - -----
[2016-11-29 15:05:37.367] [DEBUG] 乐视 - -----
[2016-11-29 15:05:37.445] [DEBUG] 乐视 - -----
[2016-11-29 15:05:37.591] [DEBUG] 乐视 - -----
[2016-11-29 15:05:38.189] [DEBUG] 乐视 - -----
[2016-11-29 15:05:38.460] [DEBUG] 乐视 - -----
[2016-11-29 15:05:38.654] [DEBUG] 乐视 - -----
[2016-11-29 15:05:39.186] [DEBUG] 乐视 - -----
[2016-11-29 15:05:39.673] [DEBUG] 乐视 - -----
[2016-11-29 15:05:39.906] [DEBUG] 乐视 - -----
[2016-11-29 15:05:40.108] [DEBUG] 乐视 - -----
[2016-11-29 15:05:40.212] [DEBUG] 乐视 - -----
[2016-11-29 15:05:40.228] [DEBUG] 乐视 - -----
[2016-11-29 15:05:40.304] [DEBUG] 乐视 - -----
[2016-11-29 15:05:40.715] [DEBUG] 乐视 - -----
[2016-11-29 15:05:41.045] [DEBUG] 乐视 - -----
[2016-11-29 15:05:41.061] [DEBUG] 乐视 - -----
[2016-11-29 15:06:16.805] [DEBUG] 乐视 - -----
[2016-11-29 15:06:17.008] [DEBUG] 乐视 - -----
[2016-11-29 15:06:17.351] [DEBUG] 乐视 - -----
[2016-11-29 15:06:17.545] [DEBUG] 乐视 - 开始获取第4页视频列表
[2016-11-29 15:06:17.804] [DEBUG] 乐视 - -----
[2016-11-29 15:06:17.913] [DEBUG] 乐视 - -----
[2016-11-29 15:06:18.092] [DEBUG] 乐视 - -----
[2016-11-29 15:06:18.351] [DEBUG] 乐视 - -----
[2016-11-29 15:06:18.820] [DEBUG] 乐视 - -----
[2016-11-29 15:06:18.898] [DEBUG] 乐视 - -----
[2016-11-29 15:06:19.155] [DEBUG] 乐视 - -----
[2016-11-29 15:06:19.367] [DEBUG] 乐视 - -----
[2016-11-29 15:06:19.577] [DEBUG] 乐视 - -----
[2016-11-29 15:06:19.789] [DEBUG] 乐视 - -----
[2016-11-29 15:06:20.240] [DEBUG] 乐视 - -----
[2016-11-29 15:06:20.445] [DEBUG] 乐视 - -----
[2016-11-29 15:06:20.835] [DEBUG] 乐视 - -----
[2016-11-29 15:06:21.024] [DEBUG] 乐视 - -----
[2016-11-29 15:06:21.159] [DEBUG] 乐视 - -----
[2016-11-29 15:06:21.219] [DEBUG] 乐视 - -----
[2016-11-29 15:06:21.413] [DEBUG] 乐视 - -----
[2016-11-29 15:06:21.592] [DEBUG] 乐视 - -----
[2016-11-29 15:06:21.777] [DEBUG] 乐视 - -----
[2016-11-29 15:06:21.945] [DEBUG] 乐视 - -----
[2016-11-29 15:06:21.946] [DEBUG] 乐视 - -----
[2016-11-29 15:06:22.336] [DEBUG] 乐视 - -----
[2016-11-29 15:06:22.592] [DEBUG] 乐视 - -----
[2016-11-29 15:06:22.608] [DEBUG] 乐视 - -----
[2016-11-29 15:06:22.804] [DEBUG] 乐视 - -----
[2016-11-29 15:06:23.029] [DEBUG] 乐视 - -----
[2016-11-29 15:06:23.225] [DEBUG] 乐视 - -----
[2016-11-29 15:06:23.461] [DEBUG] 乐视 - -----
[2016-11-29 15:06:23.730] [DEBUG] 乐视 - -----
[2016-11-29 15:06:24.445] [DEBUG] 乐视 - -----
[2016-11-29 15:06:24.763] [DEBUG] 乐视 - -----
[2016-11-29 15:06:24.954] [DEBUG] 乐视 - -----
[2016-11-29 15:06:25.193] [DEBUG] 乐视 - -----
[2016-11-29 15:06:25.201] [DEBUG] 乐视 - -----
[2016-11-29 15:06:25.576] [DEBUG] 乐视 - -----
[2016-11-29 15:06:25.770] [DEBUG] 乐视 - -----
[2016-11-29 15:06:25.907] [DEBUG] 乐视 - -----
[2016-11-29 15:06:26.085] [DEBUG] 乐视 - -----
[2016-11-29 15:06:26.266] [DEBUG] 乐视 - -----
[2016-11-29 15:06:26.755] [DEBUG] 乐视 - -----
[2016-11-29 15:06:27.149] [DEBUG] 乐视 - -----
[2016-11-29 15:06:27.221] [DEBUG] 乐视 - -----
[2016-11-29 15:06:27.410] [DEBUG] 乐视 - -----
[2016-11-29 15:06:27.535] [DEBUG] 乐视 - -----
[2016-11-29 15:06:27.804] [DEBUG] 乐视 - -----
[2016-11-29 15:06:28.007] [DEBUG] 乐视 - -----
[2016-11-29 15:06:28.233] [DEBUG] 乐视 - -----
[2016-11-29 15:06:28.452] [DEBUG] 乐视 - -----
[2016-11-29 15:06:28.683] [DEBUG] 乐视 - -----
[2016-11-29 15:06:28.945] [DEBUG] 乐视 - 开始获取第5页视频列表
[2016-11-29 15:06:29.092] [DEBUG] 乐视 - -----
[2016-11-29 15:06:29.304] [DEBUG] 乐视 - -----
[2016-11-29 15:06:29.576] [DEBUG] 乐视 - -----
[2016-11-29 15:06:29.781] [DEBUG] 乐视 - -----
[2016-11-29 15:06:30.008] [DEBUG] 乐视 - -----
[2016-11-29 15:06:30.237] [DEBUG] 乐视 - -----
[2016-11-29 15:06:30.728] [DEBUG] 乐视 - -----
[2016-11-29 15:06:30.929] [DEBUG] 乐视 - -----
[2016-11-29 15:06:31.046] [DEBUG] 乐视 - -----
[2016-11-29 15:06:31.492] [DEBUG] 乐视 - -----
[2016-11-29 15:06:31.714] [DEBUG] 乐视 - -----
[2016-11-29 15:06:31.851] [DEBUG] 乐视 - -----
[2016-11-29 15:06:32.107] [DEBUG] 乐视 - -----
[2016-11-29 15:06:32.336] [DEBUG] 乐视 - -----
[2016-11-29 15:06:32.608] [DEBUG] 乐视 - -----
[2016-11-29 15:06:32.929] [DEBUG] 乐视 - -----
[2016-11-29 15:06:33.108] [DEBUG] 乐视 - -----
[2016-11-29 15:06:33.383] [DEBUG] 乐视 - -----
[2016-11-29 15:06:33.707] [DEBUG] 乐视 - -----
[2016-11-29 15:06:33.948] [DEBUG] 乐视 - -----
[2016-11-29 15:06:34.134] [DEBUG] 乐视 - -----
[2016-11-29 15:06:34.561] [DEBUG] 乐视 - -----
[2016-11-29 15:06:34.883] [DEBUG] 乐视 - -----
[2016-11-29 15:06:35.077] [DEBUG] 乐视 - -----
[2016-11-29 15:06:35.283] [DEBUG] 乐视 - -----
[2016-11-29 15:06:35.562] [DEBUG] 乐视 - -----
[2016-11-29 15:06:35.789] [DEBUG] 乐视 - -----
[2016-11-29 15:06:35.805] [DEBUG] 乐视 - -----
[2016-11-29 15:06:36.146] [DEBUG] 乐视 - -----
[2016-11-29 15:06:36.382] [DEBUG] 乐视 - -----
[2016-11-29 15:06:36.708] [DEBUG] 乐视 - -----
[2016-11-29 15:06:36.898] [DEBUG] 乐视 - -----
[2016-11-29 15:06:37.153] [DEBUG] 乐视 - -----
[2016-11-29 15:06:37.382] [DEBUG] 乐视 - -----
[2016-11-29 15:06:37.682] [DEBUG] 乐视 - -----
[2016-11-29 15:06:37.897] [DEBUG] 乐视 - -----
[2016-11-29 15:06:38.336] [DEBUG] 乐视 - -----
[2016-11-29 15:06:38.351] [DEBUG] 乐视 - -----
[2016-11-29 15:06:39.076] [DEBUG] 乐视 - -----
[2016-11-29 15:06:39.287] [DEBUG] 乐视 - -----
[2016-11-29 15:06:39.508] [DEBUG] 乐视 - -----
[2016-11-29 15:06:39.701] [DEBUG] 乐视 - -----
[2016-11-29 15:06:40.163] [DEBUG] 乐视 - -----
[2016-11-29 15:06:40.175] [DEBUG] 乐视 - -----
[2016-11-29 15:06:40.507] [DEBUG] 乐视 - -----
[2016-11-29 15:06:40.820] [DEBUG] 乐视 - -----
[2016-11-29 15:06:41.007] [DEBUG] 乐视 - -----
[2016-11-29 15:06:41.197] [DEBUG] 乐视 - 开始获取第6页视频列表
[2016-11-29 15:06:41.320] [DEBUG] 乐视 - -----
[2016-11-29 15:06:41.545] [DEBUG] 乐视 - -----
[2016-11-29 15:06:41.735] [DEBUG] 乐视 - -----
[2016-11-29 15:06:41.898] [DEBUG] 乐视 - -----
[2016-11-29 15:06:41.961] [DEBUG] 乐视 - -----
[2016-11-29 15:06:42.127] [DEBUG] 乐视 - -----
[2016-11-29 15:06:42.460] [DEBUG] 乐视 - -----
[2016-11-29 15:06:42.682] [DEBUG] 乐视 - -----
[2016-11-29 15:06:42.950] [DEBUG] 乐视 - -----
[2016-11-29 15:06:43.177] [DEBUG] 乐视 - -----
