[2016-11-24 16:19:37.140] [TRACE] 乐视 - DealWith instantiation ...
[2016-11-24 16:19:37.147] [TRACE] 乐视 - spiderCore instantiation ...
[2016-11-24 16:19:37.149] [TRACE] 乐视 - 启动函数
[2016-11-24 16:19:37.179] [DEBUG] 乐视 - 任务信息数据库连接建立...成功
[2016-11-24 16:19:37.181] [DEBUG] 乐视 - 缓存队列数据库连接建立...成功
[2016-11-24 16:19:37.183] [DEBUG] 乐视 - 创建数据库连接完毕
[2016-11-24 16:19:37.190] [TRACE] 乐视 - Queue get ready
[2016-11-24 16:19:37.233] [TRACE] 乐视 - Get le task!
[2016-11-24 16:19:37.234] [INFO] 乐视 - { id: '184344915', p: '3', name: '一色安全屋', type: '1' }
[2016-11-24 16:19:37.262] [DEBUG] 乐视 - 开始获取视频总页数
[2016-11-24 16:19:37.275] [TRACE] 乐视 - Get le task!
[2016-11-24 16:19:37.277] [INFO] 乐视 - { id: '181855463', p: '3', name: '萝卜报告', type: '1' }
[2016-11-24 16:19:37.280] [DEBUG] 乐视 - 开始获取视频总页数
[2016-11-24 16:19:37.284] [TRACE] 乐视 - Get le task!
[2016-11-24 16:19:37.285] [INFO] 乐视 - { id: '44292944', p: '3', name: '一条视频', type: '1' }
[2016-11-24 16:19:37.294] [DEBUG] 乐视 - 开始获取视频总页数
[2016-11-24 16:19:37.297] [TRACE] 乐视 - Get le task!
[2016-11-24 16:19:37.299] [INFO] 乐视 - { id: '231611567', p: '3', name: '美食台FoodTV', type: '1' }
[2016-11-24 16:19:37.301] [DEBUG] 乐视 - 开始获取视频总页数
[2016-11-24 16:19:37.304] [TRACE] 乐视 - Get le task!
[2016-11-24 16:19:37.305] [INFO] 乐视 - { id: '73066285', p: '3', name: '陈翔六点半\n\t\n\t', type: '2' }
[2016-11-24 16:19:37.308] [DEBUG] 乐视 - 开始获取视频总页数
[2016-11-24 16:19:37.314] [TRACE] 乐视 - Get le task!
[2016-11-24 16:19:37.318] [INFO] 乐视 - { id: '184642281', p: '3', name: '糗事百科v', type: '1' }
[2016-11-24 16:19:37.322] [DEBUG] 乐视 - 开始获取视频总页数
[2016-11-24 16:19:37.326] [TRACE] 乐视 - Get le task!
[2016-11-24 16:19:37.329] [INFO] 乐视 - { id: '203748231', p: '3', name: '看鉴官方频道', type: '1' }
[2016-11-24 16:19:37.332] [DEBUG] 乐视 - 开始获取视频总页数
[2016-11-24 16:19:37.335] [TRACE] 乐视 - Get le task!
[2016-11-24 16:19:37.337] [INFO] 乐视 - { id: '44952430', p: '3', name: 'mozhhua', type: '1' }
[2016-11-24 16:19:37.339] [DEBUG] 乐视 - 开始获取视频总页数
[2016-11-24 16:19:37.342] [TRACE] 乐视 - Get le task!
[2016-11-24 16:19:37.345] [INFO] 乐视 - { id: '93528398', p: '3', name: '无节操学院', type: '1' }
[2016-11-24 16:19:37.350] [DEBUG] 乐视 - 开始获取视频总页数
[2016-11-24 16:19:37.444] [DEBUG] 乐视 - 开始获取第1页视频列表
[2016-11-24 16:19:37.449] [DEBUG] 乐视 - 开始获取第1页视频列表
[2016-11-24 16:19:37.459] [DEBUG] 乐视 - 开始获取第1页视频列表
[2016-11-24 16:19:37.470] [ERROR] 乐视 - occur error :  { Error: read ECONNRESET
    at exports._errnoException (util.js:1007:11)
    at TCP.onread (net.js:563:26) code: 'ECONNRESET', errno: 'ECONNRESET', syscall: 'read' }
[2016-11-24 16:19:37.483] [ERROR] 乐视 - error url: http://chuang.le.com/u/44952430/queryvideolist?callback=jsonp&orderType=0&pageSize=48&searchTitleString=&currentPage=1&_=1479975577340
[2016-11-24 16:19:37.492] [DEBUG] 乐视 - 开始获取第1页视频列表
[2016-11-24 16:19:37.496] [DEBUG] 乐视 - 开始获取第1页视频列表
[2016-11-24 16:19:37.505] [DEBUG] 乐视 - 开始获取第1页视频列表
[2016-11-24 16:19:37.509] [DEBUG] 乐视 - 开始获取第1页视频列表
[2016-11-24 16:19:37.515] [DEBUG] 乐视 - 开始获取第1页视频列表
[2016-11-24 16:19:37.530] [TRACE] 乐视 - Get le task!
[2016-11-24 16:19:37.534] [INFO] 乐视 - { id: '90207194', p: '3', name: '莱可传媒', type: '1' }
[2016-11-24 16:19:37.538] [DEBUG] 乐视 - 开始获取视频总页数
[2016-11-24 16:19:37.614] [DEBUG] 乐视 - 开始获取第1页视频列表
[2016-11-24 16:19:38.332] [DEBUG] 乐视 - 乐视视频 27104025 加入缓存队列
[2016-11-24 16:19:38.387] [DEBUG] 乐视 - 乐视视频 27098189 加入缓存队列
[2016-11-24 16:19:38.447] [DEBUG] 乐视 - 乐视视频 27102401 加入缓存队列
[2016-11-24 16:19:38.449] [DEBUG] 乐视 - 乐视视频 27115717 加入缓存队列
[2016-11-24 16:19:38.482] [DEBUG] 乐视 - 乐视视频 27104487 加入缓存队列
[2016-11-24 16:19:38.526] [DEBUG] 乐视 - 乐视视频 27100898 加入缓存队列
[2016-11-24 16:19:38.946] [DEBUG] 乐视 - 乐视视频 27092866 加入缓存队列
[2016-11-24 16:19:39.073] [DEBUG] 乐视 - 乐视视频 27082863 加入缓存队列
[2016-11-24 16:19:39.094] [DEBUG] 乐视 - 乐视视频 27096401 加入缓存队列
[2016-11-24 16:19:39.184] [DEBUG] 乐视 - 乐视视频 27087772 加入缓存队列
[2016-11-24 16:19:39.326] [DEBUG] 乐视 - 乐视视频 27044505 加入缓存队列
[2016-11-24 16:19:39.343] [DEBUG] 乐视 - 乐视视频 27040831 加入缓存队列
