[2016-11-29 15:02:25.198] [TRACE] 乐视 - DealWith instantiation ...
[2016-11-29 15:02:25.206] [TRACE] 乐视 - spiderCore instantiation ...
[2016-11-29 15:02:25.208] [TRACE] 乐视 - 启动函数
[2016-11-29 15:02:25.236] [DEBUG] 乐视 - 任务信息数据库连接建立...成功
[2016-11-29 15:02:25.238] [DEBUG] 乐视 - 缓存队列数据库连接建立...成功
[2016-11-29 15:02:25.240] [DEBUG] 乐视 - 创建数据库连接完毕
[2016-11-29 15:02:25.243] [INFO] 乐视 - { id: '31073813', p: '3', name: '起小点', type: '1', total: 0 }
[2016-11-29 15:02:25.268] [DEBUG] 乐视 - 开始获取视频总页数
[2016-11-29 15:02:25.664] [DEBUG] 乐视 - 开始获取第1页视频列表
[2016-11-29 15:02:26.116] [DEBUG] 乐视 - -----
[2016-11-29 15:02:26.134] [DEBUG] 乐视 - -----
[2016-11-29 15:02:26.211] [DEBUG] 乐视 - -----
[2016-11-29 15:02:26.304] [DEBUG] 乐视 - .......
[2016-11-29 15:02:26.320] [DEBUG] 乐视 - -----
[2016-11-29 15:02:26.398] [DEBUG] 乐视 - .......
[2016-11-29 15:02:26.563] [DEBUG] 乐视 - -----
[2016-11-29 15:02:26.645] [DEBUG] 乐视 - .......
[2016-11-29 15:02:26.648] [DEBUG] 乐视 - .......
[2016-11-29 15:02:26.651] [DEBUG] 乐视 - -----
[2016-11-29 15:02:26.761] [DEBUG] 乐视 - -----
[2016-11-29 15:02:26.768] [DEBUG] 乐视 - .......
[2016-11-29 15:02:26.820] [DEBUG] 乐视 - .......
[2016-11-29 15:02:26.835] [DEBUG] 乐视 - .......
[2016-11-29 15:02:26.851] [DEBUG] 乐视 - -----
[2016-11-29 15:02:27.076] [DEBUG] 乐视 - -----
[2016-11-29 15:02:27.213] [DEBUG] 乐视 - .......
[2016-11-29 15:02:27.246] [DEBUG] 乐视 - -----
[2016-11-29 15:02:27.351] [DEBUG] 乐视 - .......
[2016-11-29 15:02:27.367] [DEBUG] 乐视 - -----
[2016-11-29 15:02:27.644] [DEBUG] 乐视 - .......
[2016-11-29 15:02:27.763] [DEBUG] 乐视 - .......
[2016-11-29 15:02:27.784] [DEBUG] 乐视 - -----
[2016-11-29 15:02:27.867] [DEBUG] 乐视 - .......
[2016-11-29 15:02:27.882] [DEBUG] 乐视 - -----
[2016-11-29 15:02:27.898] [DEBUG] 乐视 - .......
[2016-11-29 15:02:27.967] [DEBUG] 乐视 - .......
[2016-11-29 15:02:27.998] [DEBUG] 乐视 - -----
[2016-11-29 15:02:28.076] [DEBUG] 乐视 - .......
[2016-11-29 15:02:28.143] [DEBUG] 乐视 - -----
[2016-11-29 15:02:28.253] [DEBUG] 乐视 - -----
[2016-11-29 15:02:28.350] [DEBUG] 乐视 - -----
[2016-11-29 15:02:28.350] [DEBUG] 乐视 - -----
[2016-11-29 15:02:28.506] [DEBUG] 乐视 - .......
[2016-11-29 15:02:28.576] [DEBUG] 乐视 - -----
[2016-11-29 15:02:28.684] [DEBUG] 乐视 - .......
[2016-11-29 15:02:28.744] [DEBUG] 乐视 - -----
[2016-11-29 15:02:28.789] [DEBUG] 乐视 - -----
[2016-11-29 15:02:28.835] [DEBUG] 乐视 - .......
[2016-11-29 15:02:28.882] [DEBUG] 乐视 - -----
[2016-11-29 15:02:28.991] [DEBUG] 乐视 - .......
[2016-11-29 15:02:29.030] [DEBUG] 乐视 - -----
[2016-11-29 15:02:29.151] [DEBUG] 乐视 - .......
[2016-11-29 15:02:29.201] [DEBUG] 乐视 - -----
[2016-11-29 15:02:29.289] [DEBUG] 乐视 - -----
[2016-11-29 15:02:29.335] [DEBUG] 乐视 - .......
[2016-11-29 15:02:29.429] [DEBUG] 乐视 - .......
[2016-11-29 15:02:29.491] [DEBUG] 乐视 - -----
[2016-11-29 15:02:29.591] [DEBUG] 乐视 - .......
[2016-11-29 15:02:29.607] [DEBUG] 乐视 - -----
[2016-11-29 15:02:29.742] [DEBUG] 乐视 - .......
[2016-11-29 15:02:29.820] [DEBUG] 乐视 - -----
[2016-11-29 15:02:29.898] [DEBUG] 乐视 - .......
[2016-11-29 15:02:29.913] [DEBUG] 乐视 - -----
[2016-11-29 15:02:29.976] [DEBUG] 乐视 - .......
[2016-11-29 15:02:30.030] [DEBUG] 乐视 - .......
[2016-11-29 15:02:30.076] [DEBUG] 乐视 - -----
[2016-11-29 15:02:30.197] [DEBUG] 乐视 - .......
[2016-11-29 15:02:30.206] [DEBUG] 乐视 - .......
[2016-11-29 15:02:30.223] [DEBUG] 乐视 - -----
[2016-11-29 15:02:30.398] [DEBUG] 乐视 - .......
[2016-11-29 15:02:30.413] [DEBUG] 乐视 - -----
[2016-11-29 15:02:30.625] [DEBUG] 乐视 - .......
[2016-11-29 15:02:30.706] [DEBUG] 乐视 - -----
[2016-11-29 15:02:30.901] [DEBUG] 乐视 - .......
[2016-11-29 15:02:30.914] [DEBUG] 乐视 - -----
[2016-11-29 15:02:31.150] [DEBUG] 乐视 - .......
[2016-11-29 15:02:31.233] [DEBUG] 乐视 - -----
[2016-11-29 15:02:31.397] [DEBUG] 乐视 - -----
[2016-11-29 15:02:31.475] [DEBUG] 乐视 - .......
[2016-11-29 15:02:31.693] [DEBUG] 乐视 - .......
[2016-11-29 15:02:31.788] [DEBUG] 乐视 - .......
[2016-11-29 15:02:32.060] [DEBUG] 乐视 - .......
[2016-11-29 15:02:32.076] [DEBUG] 乐视 - -----
[2016-11-29 15:02:32.201] [DEBUG] 乐视 - .......
[2016-11-29 15:02:32.206] [DEBUG] 乐视 - -----
[2016-11-29 15:02:32.304] [DEBUG] 乐视 - -----
[2016-11-29 15:02:32.522] [DEBUG] 乐视 - .......
[2016-11-29 15:02:32.555] [DEBUG] 乐视 - -----
[2016-11-29 15:02:32.944] [DEBUG] 乐视 - .......
[2016-11-29 15:02:32.944] [DEBUG] 乐视 - -----
[2016-11-29 15:02:33.199] [DEBUG] 乐视 - .......
[2016-11-29 15:02:33.202] [DEBUG] 乐视 - -----
[2016-11-29 15:02:33.429] [DEBUG] 乐视 - .......
[2016-11-29 15:02:33.716] [DEBUG] 乐视 - -----
[2016-11-29 15:02:33.780] [DEBUG] 乐视 - .......
[2016-11-29 15:02:33.913] [DEBUG] 乐视 - -----
[2016-11-29 15:02:33.999] [DEBUG] 乐视 - .......
[2016-11-29 15:02:34.092] [DEBUG] 乐视 - -----
[2016-11-29 15:02:34.160] [DEBUG] 乐视 - .......
[2016-11-29 15:02:34.274] [DEBUG] 乐视 - .......
[2016-11-29 15:02:34.289] [DEBUG] 乐视 - -----
[2016-11-29 15:02:34.507] [DEBUG] 乐视 - .......
[2016-11-29 15:02:34.545] [DEBUG] 乐视 - -----
[2016-11-29 15:02:34.714] [DEBUG] 乐视 - 开始获取第2页视频列表
[2016-11-29 15:02:35.045] [DEBUG] 乐视 - -----
[2016-11-29 15:02:35.193] [DEBUG] 乐视 - -----
[2016-11-29 15:02:35.266] [DEBUG] 乐视 - -----
[2016-11-29 15:02:35.445] [DEBUG] 乐视 - -----
