[2016-11-29 11:03:53.548] [TRACE] 乐视 - DealWith instantiation ...
[2016-11-29 11:03:53.564] [TRACE] 乐视 - spiderCore instantiation ...
[2016-11-29 11:03:53.564] [TRACE] 乐视 - 启动函数
[2016-11-29 11:03:53.595] [DEBUG] 乐视 - 任务信息数据库连接建立...成功
[2016-11-29 11:03:53.595] [DEBUG] 乐视 - 缓存队列数据库连接建立...成功
[2016-11-29 11:03:53.595] [DEBUG] 乐视 - 创建数据库连接完毕
[2016-11-29 11:03:53.595] [TRACE] 乐视 - Queue get ready
[2016-11-29 11:03:53.720] [TRACE] 乐视 - Get le task!
[2016-11-29 11:03:53.720] [INFO] 乐视 - { id: '31073813', p: '3', name: '起小点', type: '1', total: 0 }
[2016-11-29 11:03:53.751] [DEBUG] 乐视 - 开始获取视频总页数
[2016-11-29 11:03:53.751] [TRACE] 乐视 - Get le task!
[2016-11-29 11:03:53.767] [INFO] 乐视 - { id: '179033637', p: '3', name: '月采亲子游戏', type: '1', total: 0 }
[2016-11-29 11:03:53.767] [DEBUG] 乐视 - 开始获取视频总页数
[2016-11-29 11:03:53.767] [TRACE] 乐视 - Get le task!
[2016-11-29 11:03:53.782] [INFO] 乐视 - { id: '44952430', p: '3', name: 'mozhhua', type: '1', total: 0 }
[2016-11-29 11:03:53.782] [DEBUG] 乐视 - 开始获取视频总页数
[2016-11-29 11:03:53.782] [TRACE] 乐视 - Get le task!
[2016-11-29 11:03:53.782] [INFO] 乐视 - { id: '192468707', p: '3', name: '罐头视频', type: '1' }
[2016-11-29 11:03:53.782] [DEBUG] 乐视 - 开始获取视频总页数
[2016-11-29 11:03:53.798] [TRACE] 乐视 - Get le task!
[2016-11-29 11:03:53.798] [INFO] 乐视 - { id: '125100612', p: '3', name: '小题影视', type: '1' }
[2016-11-29 11:03:53.798] [DEBUG] 乐视 - 开始获取视频总页数
[2016-11-29 11:03:53.798] [TRACE] 乐视 - Get le task!
[2016-11-29 11:03:53.798] [INFO] 乐视 - { id: '180321517', p: '3', name: '一色神技能', type: '1' }
[2016-11-29 11:03:53.798] [DEBUG] 乐视 - 开始获取视频总页数
[2016-11-29 11:03:53.813] [TRACE] 乐视 - Get le task!
[2016-11-29 11:03:53.813] [INFO] 乐视 - { id: '173246236',
  p: '3',
  name: '迷迭香Rosemary_\n\t\n\t',
  type: '2' }
[2016-11-29 11:03:53.813] [DEBUG] 乐视 - 开始获取视频总页数
[2016-11-29 11:03:53.813] [TRACE] 乐视 - Get le task!
[2016-11-29 11:03:53.813] [INFO] 乐视 - { id: '115666268', p: '3', name: '女神TV', type: '1' }
[2016-11-29 11:03:53.829] [DEBUG] 乐视 - 开始获取视频总页数
[2016-11-29 11:03:53.829] [TRACE] 乐视 - Get le task!
[2016-11-29 11:03:53.829] [INFO] 乐视 - { id: '540641', p: '3', name: '印度传奇', type: '1' }
[2016-11-29 11:03:53.829] [DEBUG] 乐视 - 开始获取视频总页数
[2016-11-29 11:03:53.938] [DEBUG] 乐视 - 开始获取第1页视频列表
[2016-11-29 11:03:53.954] [DEBUG] 乐视 - 开始获取第1页视频列表
[2016-11-29 11:03:53.969] [DEBUG] 乐视 - 开始获取第1页视频列表
[2016-11-29 11:03:53.969] [DEBUG] 乐视 - 开始获取第1页视频列表
[2016-11-29 11:03:54.016] [DEBUG] 乐视 - 开始获取第1页视频列表
[2016-11-29 11:03:54.047] [DEBUG] 乐视 - 开始获取第1页视频列表
[2016-11-29 11:03:54.063] [DEBUG] 乐视 - 开始获取第1页视频列表
[2016-11-29 11:03:54.437] [DEBUG] 乐视 - 开始获取第1页视频列表
[2016-11-29 11:03:54.453] [DEBUG] 乐视 - 乐视视频 25174200 加入缓存队列
[2016-11-29 11:03:54.609] [DEBUG] 乐视 - 开始获取第1页视频列表
[2016-11-29 11:03:54.609] [DEBUG] 乐视 - 乐视视频 27147302 加入缓存队列
[2016-11-29 11:03:55.046] [DEBUG] 乐视 - 乐视视频 27147717 加入缓存队列
[2016-11-29 11:03:55.436] [DEBUG] 乐视 - 乐视视频 25174234 加入缓存队列
[2016-11-29 11:03:55.561] [DEBUG] 乐视 - 乐视视频 27154022 加入缓存队列
[2016-11-29 11:03:55.607] [DEBUG] 乐视 - 乐视视频 27147836 加入缓存队列
[2016-11-29 11:03:55.748] [DEBUG] 乐视 - 乐视视频 25174059 加入缓存队列
[2016-11-29 11:03:55.748] [DEBUG] 乐视 - 乐视视频 27086755 加入缓存队列
