[2016-11-29 18:21:41.400] [TRACE] 乐视 - DealWith instantiation ...
[2016-11-29 18:21:41.415] [TRACE] 乐视 - spiderCore instantiation ...
[2016-11-29 18:21:41.415] [TRACE] 乐视 - 启动函数
[2016-11-29 18:21:41.446] [DEBUG] 乐视 - 任务信息数据库连接建立...成功
[2016-11-29 18:21:41.446] [DEBUG] 乐视 - 缓存队列数据库连接建立...成功
[2016-11-29 18:21:41.446] [DEBUG] 乐视 - 创建数据库连接完毕
[2016-11-29 18:21:41.446] [INFO] 乐视 - { id: '31073813', p: '3', name: '起小点', type: '1', total: 0 }
[2016-11-29 18:21:41.478] [DEBUG] 乐视 - 开始获取视频总页数
[2016-11-29 18:21:41.602] [DEBUG] 乐视 - 开始获取第1页视频列表
[2016-11-29 18:21:41.900] [DEBUG] 乐视 - 游戏
[2016-11-29 18:21:41.915] [DEBUG] 乐视 - 乐视视频 27151587 加入缓存队列
[2016-11-29 18:21:41.993] [DEBUG] 乐视 - 游戏
[2016-11-29 18:21:42.009] [DEBUG] 乐视 - 乐视视频 27137372 加入缓存队列
[2016-11-29 18:21:42.246] [DEBUG] 乐视 - 游戏
[2016-11-29 18:21:42.246] [DEBUG] 乐视 - 乐视视频 27123160 加入缓存队列
[2016-11-29 18:21:42.371] [DEBUG] 乐视 - 游戏
[2016-11-29 18:21:42.386] [DEBUG] 乐视 - 乐视视频 27091966 加入缓存队列
[2016-11-29 18:21:42.529] [DEBUG] 乐视 - 游戏
[2016-11-29 18:21:42.544] [DEBUG] 乐视 - 乐视视频 27077165 加入缓存队列
[2016-11-29 18:21:42.685] [DEBUG] 乐视 - 生活
[2016-11-29 18:21:42.703] [DEBUG] 乐视 - 乐视视频 27071270 加入缓存队列
[2016-11-29 18:21:42.934] [DEBUG] 乐视 - 游戏
[2016-11-29 18:21:42.949] [DEBUG] 乐视 - 乐视视频 27061940 加入缓存队列
[2016-11-29 18:21:43.169] [DEBUG] 乐视 - 游戏
[2016-11-29 18:21:43.169] [DEBUG] 乐视 - 乐视视频 27035450 加入缓存队列
