[2016-11-29 18:20:59.166] [TRACE] 乐视 - DealWith instantiation ...
[2016-11-29 18:20:59.181] [TRACE] 乐视 - spiderCore instantiation ...
[2016-11-29 18:20:59.181] [TRACE] 乐视 - 启动函数
[2016-11-29 18:20:59.212] [DEBUG] 乐视 - 任务信息数据库连接建立...成功
[2016-11-29 18:20:59.214] [DEBUG] 乐视 - 缓存队列数据库连接建立...成功
[2016-11-29 18:20:59.214] [DEBUG] 乐视 - 创建数据库连接完毕
[2016-11-29 18:20:59.214] [INFO] 乐视 - { id: '31073813', p: '3', name: '起小点', type: '1', total: 0 }
[2016-11-29 18:20:59.230] [DEBUG] 乐视 - 开始获取视频总页数
[2016-11-29 18:20:59.355] [DEBUG] 乐视 - 开始获取第1页视频列表
[2016-11-29 18:20:59.682] [DEBUG] 乐视 - { video_type: '',
  cast: '',
  pid: 0,
  vid: 27151587,
  compere: '',
  area: '',
  total_episode: 0,
  title: '主播真会玩守望篇18：谁的猪蹄热得发烫！',
  guest: '',
  musicAuthors: '',
  singer: '',
  supervise: '',
  is_column: false,
  originator: '',
  dub: '',
  style: '游戏',
  playStatus: '',
  musicCompose: '',
  episode: 0,
  score: 0,
  sports_type: '',
  cid: 30,
  duration: '',
  subCategory: '',
  status: '',
  nowEpisodes: '',
  isEnd: 0,
  releaseDate: '2016-11-28',
  alise: '',
  playTv: '',
  album_description: '',
  starring: '',
  video_description: '观众老爷们好，守望先锋版的主播真会玩每周二更新~大家不论是有什么意见或建议欢迎微博@起小D是大腿 留言！PS：微信搜索 起小D是大腿，日常推送OW攻略和有趣内容，活的公众号欢迎调戏哦~',
  count: 
   { vdm_count: 0,
     is_comm: 1,
     plist_count: 2,
     plist_score: 1,
     vcomm_count: 0,
     is_dm: 1,
     pcomm_count: 0,
     preply: 0,
     pnpcomm: 0,
     up: 0,
     pdm_count: 0,
     media_play_count: 2,
     down: 0,
     vnpcomm: 0,
     vreply: 0,
     plist_play_count: 0 },
  fit_age: '',
  directory: '' }
[2016-11-29 18:20:59.716] [DEBUG] 乐视 - 乐视视频 27151587 加入缓存队列
[2016-11-29 18:20:59.856] [DEBUG] 乐视 - { subCategory: '',
  is_column: false,
  style: '游戏',
  video_type: '',
  releaseDate: '2016-11-26',
  nowEpisodes: 0,
  musicAuthors: '',
  musicCompose: '',
  playStatus: '',
  cast: '',
  supervise: '',
  originator: '',
  dub: '',
  total_episode: 0,
  status: '',
  title: '主播真会玩八卦篇26：PDD直播悲喜交加，五五开收获女神粉丝',
  starring: '',
  album_description: '',
  video_description: '深度挖掘主播们的日常绯闻与萌点，为你带来最原创的主播趣事，关注主播圈的PY交易，微信关注起小点见~',
  playTv: '',
  alise: '',
  fit_age: '',
  sports_type: '',
  guest: '',
  score: 0,
  area: '',
  compere: '',
  vid: 27137372,
  pid: 0,
  cid: 30,
  count: 
   { vdm_count: 0,
     is_comm: 1,
     plist_count: 2,
     plist_score: 1,
     vcomm_count: 0,
     is_dm: 1,
     pcomm_count: 0,
     preply: 0,
     vreply: 0,
     vnpcomm: 0,
     pdm_count: 0,
     media_play_count: 20,
     down: 0,
     up: 0,
     pnpcomm: 0,
     plist_play_count: 0 } }
[2016-11-29 18:20:59.887] [DEBUG] 乐视 - 乐视视频 27137372 加入缓存队列
[2016-11-29 18:20:59.996] [DEBUG] 乐视 - { subCategory: '',
  is_column: true,
  style: '游戏',
  video_type: '',
  releaseDate: '2016-11-25',
  nowEpisodes: 0,
  musicAuthors: '',
  musicCompose: '',
  playStatus: '',
  cast: '',
  supervise: '',
  originator: '',
  dub: '',
  total_episode: 0,
  status: '',
  title: '【主播真会玩】66：当头劈下！被脑瓜崩支配的嫖老师！',
  starring: '',
  album_description: '主播真会玩',
  video_description: '被弹成猪头皮的嫖老师到底是什么样子的；论“傻“我只服洞主； 是大腿全体员工感恩大家一年以来对《主播真会玩》的支持~ 新浪微博:@起小点',
  playTv: '',
  alise: '',
  fit_age: '',
  sports_type: '',
  guest: '',
  score: 0,
  area: '',
  compere: '',
  vid: 27123160,
  pid: 10025292,
  cid: 30,
  count: 
   { vdm_count: 0,
     is_comm: 1,
     plist_count: 0,
     plist_score: 0,
     vcomm_count: 2,
     is_dm: 1,
     pcomm_count: 95,
     preply: 3,
     vreply: 1,
     vnpcomm: 2,
     pdm_count: 1,
     media_play_count: 88749,
     down: 1,
     up: 5,
     pnpcomm: 93,
     plist_play_count: 3113328 } }
[2016-11-29 18:21:00.012] [DEBUG] 乐视 - 乐视视频 27123160 加入缓存队列
[2016-11-29 18:21:00.168] [DEBUG] 乐视 - { subCategory: '',
  is_column: true,
  style: '游戏',
  video_type: '',
  releaseDate: '2016-11-21',
  nowEpisodes: 0,
  musicAuthors: '',
  musicCompose: '',
  playStatus: '',
  cast: '',
  supervise: '',
  originator: '',
  dub: '',
  total_episode: 0,
  status: '',
  title: '主播真会玩守望篇17：北方要你三更死，那敢独活到五更',
  starring: '',
  album_description: '主播真会玩',
  video_description: '观众老爷们好，守望先锋版的主播真会玩每周二更新~大家不论是有什么意见或建议欢迎微博@起小D是大腿 留言！PS：微信搜索 起小D是大腿，日常推送OW攻略和有趣内容，活的公众号欢迎调戏哦~',
  playTv: '',
  alise: '',
  fit_age: '',
  sports_type: '',
  guest: '',
  score: 0,
  area: '',
  compere: '',
  vid: 27091966,
  pid: 10025292,
  cid: 30,
  count: 
   { vdm_count: 0,
     is_comm: 1,
     plist_count: 0,
     plist_score: 0,
     vcomm_count: 0,
     is_dm: 1,
     pcomm_count: 95,
     preply: 3,
     vreply: 0,
     vnpcomm: 0,
     pdm_count: 1,
     media_play_count: 192,
     down: 0,
     up: 0,
     pnpcomm: 93,
     plist_play_count: 3113374 } }
[2016-11-29 18:21:00.205] [DEBUG] 乐视 - 乐视视频 27091966 加入缓存队列
[2016-11-29 18:21:00.352] [DEBUG] 乐视 - { subCategory: '',
  is_column: true,
  style: '游戏',
  video_type: '',
  releaseDate: '2016-11-19',
  nowEpisodes: 0,
  musicAuthors: '',
  musicCompose: '',
  playStatus: '',
  cast: '',
  supervise: '',
  originator: '',
  dub: '',
  total_episode: 0,
  status: '',
  title: '主播真会玩八卦篇25：8000块的血与泪，任性主播手撕龙瞎！',
  starring: '',
  album_description: '主播真会玩',
  video_description: '深度挖掘主播们的日常绯闻与萌点，为你带来最原创的主播趣事，关注主播圈的PY交易，微信关注起小点见~',
  playTv: '',
  alise: '',
  fit_age: '',
  sports_type: '',
  guest: '',
  score: 0,
  area: '',
  compere: '',
  vid: 27077165,
  pid: 10025292,
  cid: 30,
  count: 
   { vdm_count: 0,
     is_comm: 1,
     plist_count: 0,
     plist_score: 0,
     vcomm_count: 0,
     is_dm: 1,
     pcomm_count: 95,
     preply: 3,
     vreply: 0,
     vnpcomm: 0,
     pdm_count: 1,
     media_play_count: 598,
     down: 0,
     up: 0,
     pnpcomm: 93,
     plist_play_count: 3113374 } }
[2016-11-29 18:21:00.383] [DEBUG] 乐视 - 乐视视频 27077165 加入缓存队列
[2016-11-29 18:21:00.492] [DEBUG] 乐视 - { subCategory: '',
  is_column: true,
  style: '生活',
  video_type: '',
  releaseDate: '2016-11-19',
  nowEpisodes: 0,
  musicAuthors: '',
  musicCompose: '',
  playStatus: '',
  cast: '',
  supervise: '',
  originator: '',
  dub: '',
  total_episode: 0,
  status: '',
  title: '主播真会玩女神篇11：女流姐弟献唱十八禁歌曲',
  starring: '',
  album_description: '主播真会玩',
  video_description: '由是大腿出品的《主播真会玩女神篇》周六随缘更新！新浪微博@起小点 获取更多精彩内容',
  playTv: '',
  alise: '',
  fit_age: '',
  sports_type: '',
  guest: '',
  score: 0,
  area: '',
  compere: '',
  vid: 27071270,
  pid: 10025292,
  cid: 30,
  count: 
   { vdm_count: 0,
     is_comm: 1,
     plist_count: 0,
     plist_score: 0,
     vcomm_count: 0,
     is_dm: 1,
     pcomm_count: 95,
     preply: 3,
     vreply: 0,
     vnpcomm: 0,
     pdm_count: 1,
     media_play_count: 1422,
     down: 0,
     up: 1,
     pnpcomm: 93,
     plist_play_count: 3113374 } }
