[2016-11-29 14:47:39.942] [TRACE] 乐视 - DealWith instantiation ...
[2016-11-29 14:47:39.950] [TRACE] 乐视 - spiderCore instantiation ...
[2016-11-29 14:47:39.952] [TRACE] 乐视 - 启动函数
[2016-11-29 14:47:39.974] [DEBUG] 乐视 - 任务信息数据库连接建立...成功
[2016-11-29 14:47:39.974] [DEBUG] 乐视 - 缓存队列数据库连接建立...成功
[2016-11-29 14:47:39.974] [DEBUG] 乐视 - 创建数据库连接完毕
[2016-11-29 14:47:39.974] [INFO] 乐视 - { id: '31073813', p: '3', name: '起小点', type: '1', total: 0 }
[2016-11-29 14:47:40.013] [DEBUG] 乐视 - 开始获取视频总页数
[2016-11-29 14:47:40.120] [DEBUG] 乐视 - 开始获取第1页视频列表
[2016-11-29 15:10:24.356] [TRACE] 乐视 - DealWith instantiation ...
[2016-11-29 15:10:24.356] [TRACE] 乐视 - spiderCore instantiation ...
[2016-11-29 15:10:24.356] [TRACE] 乐视 - 启动函数
[2016-11-29 15:10:24.387] [DEBUG] 乐视 - 任务信息数据库连接建立...成功
[2016-11-29 15:10:24.387] [DEBUG] 乐视 - 缓存队列数据库连接建立...成功
[2016-11-29 15:10:24.387] [DEBUG] 乐视 - 创建数据库连接完毕
[2016-11-29 15:10:24.387] [INFO] 乐视 - { id: '31073813', p: '3', name: '起小点', type: '1', total: 0 }
[2016-11-29 15:10:24.418] [DEBUG] 乐视 - 开始获取视频总页数
[2016-11-29 15:10:24.546] [DEBUG] 乐视 - 开始获取第1页视频列表
[2016-11-29 15:10:24.853] [DEBUG] 乐视 - 0
[2016-11-29 15:10:24.853] [DEBUG] 乐视 - true
[2016-11-29 15:10:24.994] [DEBUG] 乐视 - 0
[2016-11-29 15:10:24.994] [DEBUG] 乐视 - true
[2016-11-29 15:10:25.093] [DEBUG] 乐视 - 0
[2016-11-29 15:10:25.093] [DEBUG] 乐视 - true
[2016-11-29 15:10:25.262] [DEBUG] 乐视 - 0
[2016-11-29 15:10:25.266] [DEBUG] 乐视 - true
[2016-11-29 15:10:25.563] [DEBUG] 乐视 - 0
[2016-11-29 15:10:25.563] [DEBUG] 乐视 - true
[2016-11-29 15:10:25.720] [DEBUG] 乐视 - 0
[2016-11-29 15:10:25.723] [DEBUG] 乐视 - true
[2016-11-29 15:10:25.791] [DEBUG] 乐视 - 0
[2016-11-29 15:10:25.807] [DEBUG] 乐视 - true
[2016-11-29 15:10:25.916] [DEBUG] 乐视 - 0
[2016-11-29 15:10:25.916] [DEBUG] 乐视 - true
[2016-11-29 15:10:26.213] [DEBUG] 乐视 - 0
[2016-11-29 15:10:26.217] [DEBUG] 乐视 - true
[2016-11-29 15:10:26.306] [DEBUG] 乐视 - 0
[2016-11-29 15:10:26.322] [DEBUG] 乐视 - true
[2016-11-29 15:10:26.433] [DEBUG] 乐视 - 0
[2016-11-29 15:10:26.434] [DEBUG] 乐视 - true
[2016-11-29 15:10:26.479] [DEBUG] 乐视 - 0
[2016-11-29 15:10:26.479] [DEBUG] 乐视 - true
[2016-11-29 15:10:26.593] [DEBUG] 乐视 - 0
[2016-11-29 15:10:26.593] [DEBUG] 乐视 - true
[2016-11-29 15:10:26.947] [DEBUG] 乐视 - 0
[2016-11-29 15:10:26.947] [DEBUG] 乐视 - true
[2016-11-29 15:10:27.031] [DEBUG] 乐视 - 0
[2016-11-29 15:10:27.031] [DEBUG] 乐视 - true
[2016-11-29 15:10:27.147] [DEBUG] 乐视 - 0
[2016-11-29 15:10:27.149] [DEBUG] 乐视 - true
[2016-11-29 15:10:27.214] [DEBUG] 乐视 - 0
[2016-11-29 15:10:27.217] [DEBUG] 乐视 - true
