[2016-11-29 18:35:33.885] [TRACE] 内涵段子 - DealWith instantiation ...
[2016-11-29 18:35:33.892] [TRACE] 内涵段子 - spiderCore instantiation ...
[2016-11-29 18:35:33.894] [TRACE] 内涵段子 - 启动函数
[2016-11-29 18:35:33.920] [DEBUG] 内涵段子 - 任务信息数据库连接建立...成功
[2016-11-29 18:35:33.922] [DEBUG] 内涵段子 - 缓存队列数据库连接建立...成功
[2016-11-29 18:35:33.925] [DEBUG] 内涵段子 - 创建数据库连接完毕
[2016-11-29 18:35:33.930] [TRACE] 内涵段子 - Queue get ready
[2016-11-29 18:35:33.975] [TRACE] 内涵段子 - Get neihan task!
[2016-11-29 18:35:33.978] [INFO] 内涵段子 - { id: '3243978216', p: '19', name: '主播真会玩', type: '0' }
[2016-11-29 18:35:34.014] [TRACE] 内涵段子 - Get neihan task!
[2016-11-29 18:35:34.016] [INFO] 内涵段子 - { id: '4057334962', p: '19', name: 'DS女老诗', type: '0' }
[2016-11-29 18:35:34.020] [TRACE] 内涵段子 - Get neihan task!
[2016-11-29 18:35:34.022] [INFO] 内涵段子 - { id: '5959006601', p: '19', name: '郑云影视工作室', type: '0' }
[2016-11-29 18:35:34.024] [TRACE] 内涵段子 - Get neihan task!
[2016-11-29 18:35:34.025] [INFO] 内涵段子 - { id: '3996064779', p: '19', name: '一风之音', type: '0' }
[2016-11-29 18:35:34.029] [TRACE] 内涵段子 - Get neihan task!
[2016-11-29 18:35:34.031] [INFO] 内涵段子 - { id: '5789058422', p: '19', name: '潮人小罗', type: '0' }
[2016-11-29 18:35:34.034] [TRACE] 内涵段子 - Get neihan task!
[2016-11-29 18:35:34.035] [INFO] 内涵段子 - { id: '5808660682', p: '19', name: '袁超工作室', type: '0' }
[2016-11-29 18:35:34.039] [TRACE] 内涵段子 - Get neihan task!
[2016-11-29 18:35:34.040] [INFO] 内涵段子 - { id: '3819489229', p: '19', name: '陈翔六点半', type: '0' }
[2016-11-29 18:35:34.043] [TRACE] 内涵段子 - Get neihan task!
[2016-11-29 18:35:34.044] [INFO] 内涵段子 - { id: '3351494331', p: '19', name: ' 阿斯顿1232 ', type: '0' }
[2016-11-29 18:35:34.194] [ERROR] 内涵段子 - occur error :  { Error: getaddrinfo ENOTFOUND staging.caihongip.com staging.caihongip.com:80
    at errnoException (dns.js:28:10)
    at GetAddrInfoReqWrap.onlookup [as oncomplete] (dns.js:79:26)
  code: 'ENOTFOUND',
  errno: 'ENOTFOUND',
  syscall: 'getaddrinfo',
  hostname: 'staging.caihongip.com',
  host: 'staging.caihongip.com',
  port: 80 }
[2016-11-29 18:35:34.216] [ERROR] 内涵段子 - occur error :  { Error: getaddrinfo ENOTFOUND staging.caihongip.com staging.caihongip.com:80
    at errnoException (dns.js:28:10)
    at GetAddrInfoReqWrap.onlookup [as oncomplete] (dns.js:79:26)
  code: 'ENOTFOUND',
  errno: 'ENOTFOUND',
  syscall: 'getaddrinfo',
  hostname: 'staging.caihongip.com',
  host: 'staging.caihongip.com',
  port: 80 }
[2016-11-29 18:35:34.219] [ERROR] 内涵段子 - occur error :  { Error: getaddrinfo ENOTFOUND staging.caihongip.com staging.caihongip.com:80
    at errnoException (dns.js:28:10)
    at GetAddrInfoReqWrap.onlookup [as oncomplete] (dns.js:79:26)
  code: 'ENOTFOUND',
  errno: 'ENOTFOUND',
  syscall: 'getaddrinfo',
  hostname: 'staging.caihongip.com',
  host: 'staging.caihongip.com',
  port: 80 }
[2016-11-29 18:35:34.223] [ERROR] 内涵段子 - occur error :  { Error: getaddrinfo ENOTFOUND staging.caihongip.com staging.caihongip.com:80
    at errnoException (dns.js:28:10)
    at GetAddrInfoReqWrap.onlookup [as oncomplete] (dns.js:79:26)
  code: 'ENOTFOUND',
  errno: 'ENOTFOUND',
  syscall: 'getaddrinfo',
  hostname: 'staging.caihongip.com',
  host: 'staging.caihongip.com',
  port: 80 }
[2016-11-29 18:35:34.228] [ERROR] 内涵段子 - occur error :  { Error: getaddrinfo ENOTFOUND staging.caihongip.com staging.caihongip.com:80
    at errnoException (dns.js:28:10)
    at GetAddrInfoReqWrap.onlookup [as oncomplete] (dns.js:79:26)
  code: 'ENOTFOUND',
  errno: 'ENOTFOUND',
  syscall: 'getaddrinfo',
  hostname: 'staging.caihongip.com',
  host: 'staging.caihongip.com',
  port: 80 }
[2016-11-29 18:35:34.240] [ERROR] 内涵段子 - occur error :  { Error: getaddrinfo ENOTFOUND staging.caihongip.com staging.caihongip.com:80
    at errnoException (dns.js:28:10)
    at GetAddrInfoReqWrap.onlookup [as oncomplete] (dns.js:79:26)
  code: 'ENOTFOUND',
  errno: 'ENOTFOUND',
  syscall: 'getaddrinfo',
  hostname: 'staging.caihongip.com',
  host: 'staging.caihongip.com',
  port: 80 }
[2016-11-29 18:35:34.249] [ERROR] 内涵段子 - occur error :  { Error: getaddrinfo ENOTFOUND staging.caihongip.com staging.caihongip.com:80
    at errnoException (dns.js:28:10)
    at GetAddrInfoReqWrap.onlookup [as oncomplete] (dns.js:79:26)
  code: 'ENOTFOUND',
  errno: 'ENOTFOUND',
  syscall: 'getaddrinfo',
  hostname: 'staging.caihongip.com',
  host: 'staging.caihongip.com',
  port: 80 }
[2016-11-29 18:35:34.252] [ERROR] 内涵段子 - occur error :  { Error: getaddrinfo ENOTFOUND staging.caihongip.com staging.caihongip.com:80
    at errnoException (dns.js:28:10)
    at GetAddrInfoReqWrap.onlookup [as oncomplete] (dns.js:79:26)
  code: 'ENOTFOUND',
  errno: 'ENOTFOUND',
  syscall: 'getaddrinfo',
  hostname: 'staging.caihongip.com',
  host: 'staging.caihongip.com',
  port: 80 }
[2016-11-29 18:35:55.191] [ERROR] 内涵段子 - occur error :  { Error: connect ETIMEDOUT 100.98.39.12:80
    at Object.exports._errnoException (util.js:1007:11)
    at exports._exceptionWithHostPort (util.js:1030:20)
    at TCPConnectWrap.afterConnect [as oncomplete] (net.js:1080:14)
  code: 'ETIMEDOUT',
  errno: 'ETIMEDOUT',
  syscall: 'connect',
  address: '100.98.39.12',
  port: 80 }
[2016-11-29 18:35:55.197] [INFO] 内涵段子 - 返回内涵段子用户 3996064779 连接服务器失败
[2016-11-29 18:35:55.204] [DEBUG] 内涵段子 - 开始获取第1页视频列表
[2016-11-29 18:35:55.214] [ERROR] 内涵段子 - occur error :  { Error: connect ETIMEDOUT 100.98.39.12:80
    at Object.exports._errnoException (util.js:1007:11)
    at exports._exceptionWithHostPort (util.js:1030:20)
    at TCPConnectWrap.afterConnect [as oncomplete] (net.js:1080:14)
  code: 'ETIMEDOUT',
  errno: 'ETIMEDOUT',
  syscall: 'connect',
  address: '100.98.39.12',
  port: 80 }
[2016-11-29 18:35:55.221] [INFO] 内涵段子 - 返回内涵段子用户 3819489229 连接服务器失败
[2016-11-29 18:35:55.225] [DEBUG] 内涵段子 - 开始获取第1页视频列表
[2016-11-29 18:35:55.230] [ERROR] 内涵段子 - occur error :  { Error: connect ETIMEDOUT 100.98.39.12:80
    at Object.exports._errnoException (util.js:1007:11)
    at exports._exceptionWithHostPort (util.js:1030:20)
    at TCPConnectWrap.afterConnect [as oncomplete] (net.js:1080:14)
  code: 'ETIMEDOUT',
  errno: 'ETIMEDOUT',
  syscall: 'connect',
  address: '100.98.39.12',
  port: 80 }
[2016-11-29 18:35:55.234] [INFO] 内涵段子 - 返回内涵段子用户 3243978216 连接服务器失败
[2016-11-29 18:35:55.236] [DEBUG] 内涵段子 - 开始获取第1页视频列表
[2016-11-29 18:35:55.240] [ERROR] 内涵段子 - occur error :  { Error: connect ETIMEDOUT 100.98.39.12:80
    at Object.exports._errnoException (util.js:1007:11)
    at exports._exceptionWithHostPort (util.js:1030:20)
    at TCPConnectWrap.afterConnect [as oncomplete] (net.js:1080:14)
  code: 'ETIMEDOUT',
  errno: 'ETIMEDOUT',
  syscall: 'connect',
  address: '100.98.39.12',
  port: 80 }
[2016-11-29 18:35:55.243] [INFO] 内涵段子 - 返回内涵段子用户 4057334962 连接服务器失败
[2016-11-29 18:35:55.246] [DEBUG] 内涵段子 - 开始获取第1页视频列表
[2016-11-29 18:35:55.250] [ERROR] 内涵段子 - occur error :  { Error: connect ETIMEDOUT 100.98.39.12:80
    at Object.exports._errnoException (util.js:1007:11)
    at exports._exceptionWithHostPort (util.js:1030:20)
    at TCPConnectWrap.afterConnect [as oncomplete] (net.js:1080:14)
  code: 'ETIMEDOUT',
  errno: 'ETIMEDOUT',
  syscall: 'connect',
  address: '100.98.39.12',
  port: 80 }
[2016-11-29 18:35:55.254] [INFO] 内涵段子 - 返回内涵段子用户 5789058422 连接服务器失败
[2016-11-29 18:35:55.257] [DEBUG] 内涵段子 - 开始获取第1页视频列表
[2016-11-29 18:35:55.262] [ERROR] 内涵段子 - occur error :  { Error: connect ETIMEDOUT 100.98.39.12:80
    at Object.exports._errnoException (util.js:1007:11)
    at exports._exceptionWithHostPort (util.js:1030:20)
    at TCPConnectWrap.afterConnect [as oncomplete] (net.js:1080:14)
  code: 'ETIMEDOUT',
  errno: 'ETIMEDOUT',
  syscall: 'connect',
  address: '100.98.39.12',
  port: 80 }
[2016-11-29 18:35:55.267] [INFO] 内涵段子 - 返回内涵段子用户 5959006601 连接服务器失败
[2016-11-29 18:35:55.270] [DEBUG] 内涵段子 - 开始获取第1页视频列表
[2016-11-29 18:35:55.289] [ERROR] 内涵段子 - occur error :  { Error: connect ETIMEDOUT 100.98.39.12:80
    at Object.exports._errnoException (util.js:1007:11)
    at exports._exceptionWithHostPort (util.js:1030:20)
    at TCPConnectWrap.afterConnect [as oncomplete] (net.js:1080:14)
  code: 'ETIMEDOUT',
  errno: 'ETIMEDOUT',
  syscall: 'connect',
  address: '100.98.39.12',
  port: 80 }
[2016-11-29 18:35:55.293] [INFO] 内涵段子 - 返回内涵段子用户 3351494331 连接服务器失败
[2016-11-29 18:35:55.295] [DEBUG] 内涵段子 - 开始获取第1页视频列表
[2016-11-29 18:35:55.302] [ERROR] 内涵段子 - occur error :  { Error: connect ETIMEDOUT 100.98.39.12:80
    at Object.exports._errnoException (util.js:1007:11)
    at exports._exceptionWithHostPort (util.js:1030:20)
    at TCPConnectWrap.afterConnect [as oncomplete] (net.js:1080:14)
  code: 'ETIMEDOUT',
  errno: 'ETIMEDOUT',
  syscall: 'connect',
  address: '100.98.39.12',
  port: 80 }
[2016-11-29 18:35:55.305] [INFO] 内涵段子 - 返回内涵段子用户 5808660682 连接服务器失败
[2016-11-29 18:35:55.308] [DEBUG] 内涵段子 - 开始获取第1页视频列表
[2016-11-29 18:35:55.579] [DEBUG] 内涵段子 - http://is.snssdk.com/2/essay/zone/user/posts/?user_id=5789058422&min_time=0+++++++
[2016-11-29 18:35:55.592] [DEBUG] 内涵段子 - 开始获取第2页视频列表
[2016-11-29 18:35:55.600] [DEBUG] 内涵段子 - 内涵段子 52512123028 加入缓存队列
[2016-11-29 18:35:55.606] [DEBUG] 内涵段子 - 内涵段子 52467424741 加入缓存队列
[2016-11-29 18:35:55.609] [DEBUG] 内涵段子 - 内涵段子 52451096819 加入缓存队列
[2016-11-29 18:35:55.613] [DEBUG] 内涵段子 - 内涵段子 52413322893 加入缓存队列
[2016-11-29 18:35:55.617] [DEBUG] 内涵段子 - 内涵段子 52392641220 加入缓存队列
[2016-11-29 18:35:55.619] [DEBUG] 内涵段子 - 内涵段子 52325409909 加入缓存队列
[2016-11-29 18:35:55.621] [DEBUG] 内涵段子 - 内涵段子 52305459414 加入缓存队列
[2016-11-29 18:35:55.624] [DEBUG] 内涵段子 - 内涵段子 52250550243 加入缓存队列
[2016-11-29 18:35:55.626] [DEBUG] 内涵段子 - 内涵段子 52238240511 加入缓存队列
[2016-11-29 18:35:55.629] [DEBUG] 内涵段子 - 内涵段子 52180503927 加入缓存队列
[2016-11-29 18:35:55.631] [DEBUG] 内涵段子 - 内涵段子 52161720067 加入缓存队列
[2016-11-29 18:35:55.633] [DEBUG] 内涵段子 - 内涵段子 52139841629 加入缓存队列
[2016-11-29 18:35:55.636] [DEBUG] 内涵段子 - 内涵段子 52123102271 加入缓存队列
[2016-11-29 18:35:55.638] [DEBUG] 内涵段子 - 内涵段子 52006723286 加入缓存队列
[2016-11-29 18:35:55.642] [DEBUG] 内涵段子 - 内涵段子 51992617093 加入缓存队列
[2016-11-29 18:35:55.644] [DEBUG] 内涵段子 - 内涵段子 51975277332 加入缓存队列
[2016-11-29 18:35:55.646] [DEBUG] 内涵段子 - 内涵段子 51955619695 加入缓存队列
[2016-11-29 18:35:55.648] [DEBUG] 内涵段子 - 内涵段子 51913317364 加入缓存队列
[2016-11-29 18:35:55.652] [DEBUG] 内涵段子 - 内涵段子 51846232481 加入缓存队列
[2016-11-29 18:35:55.655] [DEBUG] 内涵段子 - 内涵段子 51820451724 加入缓存队列
[2016-11-29 18:35:55.658] [DEBUG] 内涵段子 - http://is.snssdk.com/2/essay/zone/user/posts/?user_id=5959006601&min_time=0+++++++
[2016-11-29 18:35:55.664] [DEBUG] 内涵段子 - 开始获取第2页视频列表
[2016-11-29 18:35:55.669] [DEBUG] 内涵段子 - 内涵段子 52510081708 加入缓存队列
[2016-11-29 18:35:55.671] [DEBUG] 内涵段子 - 内涵段子 52443883768 加入缓存队列
[2016-11-29 18:35:55.673] [DEBUG] 内涵段子 - 内涵段子 52443888421 加入缓存队列
[2016-11-29 18:35:55.675] [DEBUG] 内涵段子 - 内涵段子 52386655494 加入缓存队列
[2016-11-29 18:35:55.677] [DEBUG] 内涵段子 - 内涵段子 52289726629 加入缓存队列
[2016-11-29 18:35:55.679] [DEBUG] 内涵段子 - 内涵段子 52267981568 加入缓存队列
[2016-11-29 18:35:55.680] [DEBUG] 内涵段子 - 内涵段子 52215363163 加入缓存队列
[2016-11-29 18:35:55.683] [DEBUG] 内涵段子 - 内涵段子 52189442289 加入缓存队列
[2016-11-29 18:35:55.684] [DEBUG] 内涵段子 - 内涵段子 52170542338 加入缓存队列
[2016-11-29 18:35:55.686] [DEBUG] 内涵段子 - 内涵段子 52101212840 加入缓存队列
[2016-11-29 18:35:55.688] [DEBUG] 内涵段子 - 内涵段子 52024573662 加入缓存队列
[2016-11-29 18:35:55.689] [DEBUG] 内涵段子 - 内涵段子 51992617092 加入缓存队列
[2016-11-29 18:35:55.691] [DEBUG] 内涵段子 - 内涵段子 51968534921 加入缓存队列
[2016-11-29 18:35:55.693] [DEBUG] 内涵段子 - 内涵段子 51887653182 加入缓存队列
[2016-11-29 18:35:55.694] [DEBUG] 内涵段子 - 内涵段子 51864676989 加入缓存队列
[2016-11-29 18:35:55.696] [DEBUG] 内涵段子 - 内涵段子 51718444944 加入缓存队列
[2016-11-29 18:35:55.699] [DEBUG] 内涵段子 - 内涵段子 51669552653 加入缓存队列
[2016-11-29 18:35:55.701] [DEBUG] 内涵段子 - 内涵段子 51645649698 加入缓存队列
[2016-11-29 18:35:55.702] [DEBUG] 内涵段子 - 内涵段子 51528878345 加入缓存队列
[2016-11-29 18:35:55.704] [DEBUG] 内涵段子 - 内涵段子 51500805922 加入缓存队列
[2016-11-29 18:35:55.707] [DEBUG] 内涵段子 - http://is.snssdk.com/2/essay/zone/user/posts/?user_id=3819489229&min_time=0+++++++
[2016-11-29 18:35:55.713] [DEBUG] 内涵段子 - 开始获取第2页视频列表
[2016-11-29 18:35:55.715] [DEBUG] 内涵段子 - 内涵段子 52512916647 加入缓存队列
[2016-11-29 18:35:55.717] [DEBUG] 内涵段子 - 内涵段子 52492146092 加入缓存队列
[2016-11-29 18:35:55.719] [DEBUG] 内涵段子 - 内涵段子 52470930075 加入缓存队列
[2016-11-29 18:35:55.721] [DEBUG] 内涵段子 - 内涵段子 52451237791 加入缓存队列
[2016-11-29 18:35:55.722] [DEBUG] 内涵段子 - 内涵段子 52432659860 加入缓存队列
[2016-11-29 18:35:55.724] [DEBUG] 内涵段子 - 内涵段子 52413419096 加入缓存队列
[2016-11-29 18:35:55.725] [DEBUG] 内涵段子 - 内涵段子 52395356319 加入缓存队列
[2016-11-29 18:35:55.727] [DEBUG] 内涵段子 - 内涵段子 52375865697 加入缓存队列
[2016-11-29 18:35:55.731] [DEBUG] 内涵段子 - 内涵段子 52355292644 加入缓存队列
[2016-11-29 18:35:55.733] [DEBUG] 内涵段子 - 内涵段子 52333368873 加入缓存队列
[2016-11-29 18:35:55.734] [DEBUG] 内涵段子 - 内涵段子 52312580837 加入缓存队列
[2016-11-29 18:35:55.736] [DEBUG] 内涵段子 - 内涵段子 52276323231 加入缓存队列
[2016-11-29 18:35:55.744] [DEBUG] 内涵段子 - 内涵段子 52257684887 加入缓存队列
[2016-11-29 18:35:55.745] [DEBUG] 内涵段子 - 内涵段子 52238453298 加入缓存队列
[2016-11-29 18:35:55.748] [DEBUG] 内涵段子 - 内涵段子 52217147043 加入缓存队列
[2016-11-29 18:35:55.750] [DEBUG] 内涵段子 - 内涵段子 52198271801 加入缓存队列
[2016-11-29 18:35:55.751] [DEBUG] 内涵段子 - 内涵段子 52178153891 加入缓存队列
[2016-11-29 18:35:55.753] [DEBUG] 内涵段子 - 内涵段子 52171108965 加入缓存队列
[2016-11-29 18:35:55.754] [DEBUG] 内涵段子 - 内涵段子 52160497287 加入缓存队列
[2016-11-29 18:35:55.756] [DEBUG] 内涵段子 - 内涵段子 52143589927 加入缓存队列
[2016-11-29 18:35:55.887] [DEBUG] 内涵段子 - http://is.snssdk.com/2/essay/zone/user/posts/?user_id=4057334962&min_time=0+++++++
[2016-11-29 18:35:55.900] [DEBUG] 内涵段子 - 开始获取第2页视频列表
[2016-11-29 18:35:55.909] [DEBUG] 内涵段子 - 内涵段子 52413255444 加入缓存队列
[2016-11-29 18:35:55.913] [DEBUG] 内涵段子 - 内涵段子 52217753897 加入缓存队列
[2016-11-29 18:35:55.917] [DEBUG] 内涵段子 - 内涵段子 52123556836 加入缓存队列
[2016-11-29 18:35:55.921] [DEBUG] 内涵段子 - 内涵段子 52123114454 加入缓存队列
[2016-11-29 18:35:55.925] [DEBUG] 内涵段子 - 内涵段子 52089936980 加入缓存队列
[2016-11-29 18:35:55.928] [DEBUG] 内涵段子 - 内涵段子 52068833648 加入缓存队列
[2016-11-29 18:35:55.931] [DEBUG] 内涵段子 - 内涵段子 52068568110 加入缓存队列
[2016-11-29 18:35:55.935] [DEBUG] 内涵段子 - 内涵段子 52068527386 加入缓存队列
[2016-11-29 18:35:55.939] [DEBUG] 内涵段子 - 内涵段子 51820904807 加入缓存队列
[2016-11-29 18:35:55.955] [DEBUG] 内涵段子 - 内涵段子 50351978684 加入缓存队列
[2016-11-29 18:35:55.958] [DEBUG] 内涵段子 - 内涵段子 50351477504 加入缓存队列
[2016-11-29 18:35:55.959] [DEBUG] 内涵段子 - 内涵段子 50064136215 加入缓存队列
[2016-11-29 18:35:55.961] [DEBUG] 内涵段子 - 内涵段子 50033282337 加入缓存队列
[2016-11-29 18:35:55.963] [DEBUG] 内涵段子 - 内涵段子 50033254800 加入缓存队列
[2016-11-29 18:35:55.965] [DEBUG] 内涵段子 - 内涵段子 6794038910 加入缓存队列
[2016-11-29 18:35:55.967] [DEBUG] 内涵段子 - 内涵段子 6793698689 加入缓存队列
[2016-11-29 18:35:55.969] [DEBUG] 内涵段子 - 内涵段子 6709917250 加入缓存队列
[2016-11-29 18:35:55.970] [DEBUG] 内涵段子 - 内涵段子 6680882948 加入缓存队列
[2016-11-29 18:35:55.971] [DEBUG] 内涵段子 - 内涵段子 6680831811 加入缓存队列
[2016-11-29 18:35:55.973] [DEBUG] 内涵段子 - 内涵段子 6646418055 加入缓存队列
[2016-11-29 18:35:56.027] [DEBUG] 内涵段子 - http://is.snssdk.com/2/essay/zone/user/posts/?user_id=3351494331&min_time=0+++++++
[2016-11-29 18:35:56.035] [DEBUG] 内涵段子 - 开始获取第2页视频列表
[2016-11-29 18:35:56.039] [DEBUG] 内涵段子 - 内涵段子 6358314345906471169 加入缓存队列
[2016-11-29 18:35:56.042] [DEBUG] 内涵段子 - 内涵段子 6358313062000673025 加入缓存队列
[2016-11-29 18:35:56.046] [DEBUG] 内涵段子 - 内涵段子 6358313062000918785 加入缓存队列
[2016-11-29 18:35:56.050] [DEBUG] 内涵段子 - 内涵段子 6358308428796330241 加入缓存队列
[2016-11-29 18:35:56.053] [DEBUG] 内涵段子 - 内涵段子 6358274750116987137 加入缓存队列
[2016-11-29 18:35:56.057] [DEBUG] 内涵段子 - 内涵段子 6358302380115214594 加入缓存队列
[2016-11-29 18:35:56.061] [DEBUG] 内涵段子 - 内涵段子 6358295504846618882 加入缓存队列
[2016-11-29 18:35:56.064] [DEBUG] 内涵段子 - 内涵段子 6358297146206372098 加入缓存队列
[2016-11-29 18:35:56.068] [DEBUG] 内涵段子 - 内涵段子 6358283518510514433 加入缓存队列
[2016-11-29 18:35:56.072] [DEBUG] 内涵段子 - 内涵段子 6358253575089225986 加入缓存队列
[2016-11-29 18:35:56.076] [DEBUG] 内涵段子 - 内涵段子 6358246899451035905 加入缓存队列
[2016-11-29 18:35:56.079] [DEBUG] 内涵段子 - 内涵段子 6358242197717057794 加入缓存队列
[2016-11-29 18:35:56.083] [DEBUG] 内涵段子 - 内涵段子 6358227075136504065 加入缓存队列
[2016-11-29 18:35:56.087] [DEBUG] 内涵段子 - 内涵段子 6358233927665090818 加入缓存队列
[2016-11-29 18:35:56.090] [DEBUG] 内涵段子 - 内涵段子 6358224715210932482 加入缓存队列
[2016-11-29 18:35:56.094] [DEBUG] 内涵段子 - 内涵段子 6358221589499166978 加入缓存队列
[2016-11-29 18:35:56.097] [DEBUG] 内涵段子 - 内涵段子 6358220611294560514 加入缓存队列
[2016-11-29 18:35:56.101] [DEBUG] 内涵段子 - 内涵段子 6358215770992722177 加入缓存队列
[2016-11-29 18:35:56.106] [DEBUG] 内涵段子 - http://is.snssdk.com/2/essay/zone/user/posts/?user_id=3243978216&min_time=0+++++++
[2016-11-29 18:35:56.112] [DEBUG] 内涵段子 - 开始获取第2页视频列表
[2016-11-29 18:35:56.116] [DEBUG] 内涵段子 - 内涵段子 52523940999 加入缓存队列
[2016-11-29 18:35:56.118] [DEBUG] 内涵段子 - 内涵段子 52484976853 加入缓存队列
[2016-11-29 18:35:56.121] [DEBUG] 内涵段子 - 内涵段子 52417309017 加入缓存队列
[2016-11-29 18:35:56.123] [DEBUG] 内涵段子 - 内涵段子 52348703642 加入缓存队列
[2016-11-29 18:35:56.125] [DEBUG] 内涵段子 - 内涵段子 52289220071 加入缓存队列
[2016-11-29 18:35:56.128] [DEBUG] 内涵段子 - 内涵段子 52270036656 加入缓存队列
[2016-11-29 18:35:56.129] [DEBUG] 内涵段子 - 内涵段子 52248193866 加入缓存队列
[2016-11-29 18:35:56.131] [DEBUG] 内涵段子 - 内涵段子 52205087259 加入缓存队列
[2016-11-29 18:35:56.132] [DEBUG] 内涵段子 - 内涵段子 52180267211 加入缓存队列
[2016-11-29 18:35:56.134] [DEBUG] 内涵段子 - 内涵段子 52175453688 加入缓存队列
[2016-11-29 18:35:56.137] [DEBUG] 内涵段子 - 内涵段子 52116851537 加入缓存队列
[2016-11-29 18:35:56.139] [DEBUG] 内涵段子 - 内涵段子 52078997536 加入缓存队列
[2016-11-29 18:35:56.141] [DEBUG] 内涵段子 - 内涵段子 52054102307 加入缓存队列
[2016-11-29 18:35:56.142] [DEBUG] 内涵段子 - 内涵段子 52045567860 加入缓存队列
[2016-11-29 18:35:56.144] [DEBUG] 内涵段子 - 内涵段子 51976825311 加入缓存队列
[2016-11-29 18:35:56.146] [DEBUG] 内涵段子 - 内涵段子 51970905876 加入缓存队列
[2016-11-29 18:35:56.147] [DEBUG] 内涵段子 - 内涵段子 51940874110 加入缓存队列
[2016-11-29 18:35:56.149] [DEBUG] 内涵段子 - 内涵段子 51920428311 加入缓存队列
[2016-11-29 18:35:56.151] [DEBUG] 内涵段子 - 内涵段子 51908945111 加入缓存队列
[2016-11-29 18:35:56.408] [DEBUG] 内涵段子 - http://is.snssdk.com/2/essay/zone/user/posts/?user_id=5959006601&max_time=1476241283+++++++
[2016-11-29 18:35:56.426] [DEBUG] 内涵段子 - 开始获取第3页视频列表
